
1.00:hum1:-0.2750#-0.5250#0.8025#-0.0000#0.0000#-0.0000
2.00:hum1:-0.2750#-0.5250#0.8025#-0.0000#0.0000#-0.0000
3.00:hum1:-0.2750#-0.5250#0.8025#-0.0000#0.0000#-0.0000
4.00:hum1:-0.2750#-0.5250#0.8025#-0.0000#0.0000#-0.0000
5.00:hum1:-0.2750#-0.5250#0.8025#-0.0000#0.0000#-0.0000
6.00:hum1:-0.2750#-0.5250#0.8025#-0.0000#0.0000#-0.0000
7.00:hum1:0.5054#-0.6696#0.8102#-0.0112#-0.1098#-0.1018
8.00:hum1:2.6426#-0.9362#0.8102#-0.0101#-0.1099#-0.0916
9.00:hum1:5.4937#-1.1530#0.8374#-0.0275#-0.4251#-0.0662
10.00:hum1:7.8319#-0.8130#0.8120#0.0262#-0.2688#-3.0428
11.00:hum1:11.2336#-1.3713#0.9484#0.0033#-1.0370#0.0042
12.00:hum1:12.5610#-1.2818#0.8281#0.0147#0.3707#-0.0403
13.00:hum1:16.2994#-1.3337#0.8908#-0.0071#-0.7620#-0.0099
14.00:hum1:18.6161#0.3642#0.8466#0.4903#-0.0681#1.4443
15.00:hum1:18.8021#3.1585#0.8069#0.0821#-0.0026#1.5392
16.00:hum1:18.8379#4.2846#0.8115#0.1619#-0.0052#1.5395
17.00:hum1:18.3750#4.6735#0.4025#0.0000#0.0000#-1.5700
18.00:hum1:18.3750#4.6735#0.4025#0.0000#0.0000#-1.5700
19.00:hum1:18.3750#4.6735#0.4025#0.0000#0.0000#-1.5700
20.00:hum1:18.3750#4.6735#0.4025#0.0000#0.0000#-1.5700
21.00:hum1:18.3750#4.6735#0.4025#0.0000#0.0000#-1.5700
22.00:hum1:18.3750#4.6735#0.4025#0.0000#0.0000#-1.5700
23.00:hum1:18.3750#4.6735#0.4025#0.0000#0.0000#-1.5700
24.00:hum1:18.3750#4.6735#0.4025#0.0000#0.0000#-1.5700
25.00:hum1:18.3750#4.6735#0.4025#0.0000#0.0000#-1.5700
26.00:hum1:18.3750#4.6735#0.4025#0.0000#0.0000#-1.5700
27.00:hum1:18.3750#4.6735#0.4025#0.0000#0.0000#-1.5700
28.00:hum1:18.3750#4.6735#0.4025#0.0000#0.0000#-1.5700
29.00:hum1:18.3750#4.6735#0.4025#0.0000#0.0000#-1.5700
30.00:hum1:18.3750#4.6735#0.4025#0.0000#0.0000#-1.5700
31.00:hum1:18.3750#4.6735#0.4025#0.0000#0.0000#-1.5700
32.00:hum1:18.3750#4.6735#0.4025#0.0000#0.0000#-1.5700
33.00:hum1:18.3750#4.6735#0.4025#0.0000#0.0000#-1.5700
34.00:hum1:18.3750#4.6735#0.4025#0.0000#0.0000#-1.5700
35.00:hum1:18.3750#4.6735#0.4025#0.0000#0.0000#-1.5700
36.00:hum1:18.3750#4.6735#0.4025#0.0000#0.0000#-1.5700
37.00:hum1:18.3750#4.6735#0.4025#0.0000#0.0000#-1.5700
38.00:hum1:18.3753#3.7944#0.9141#-0.8784#-0.0004#-1.5701
39.00:hum1:18.1506#1.2508#0.8267#0.3728#-0.0054#-1.5843
40.00:hum1:16.9569#-0.9680#0.8171#0.2211#-0.1580#-2.1812
41.00:hum1:15.7227#-2.6566#0.9377#-0.8867#0.5159#-1.9529
42.00:hum1:14.6329#-4.6047#0.8763#-0.5498#0.4267#-2.1645
43.00:hum1:14.4834#-4.7768#0.8025#0.0000#-0.0000#-2.2863
44.00:hum1:14.3839#-4.8916#0.8204#0.2550#-0.2156#-2.2576
45.00:hum1:14.2772#-5.0145#0.8025#0.0000#-0.0000#-2.2854
46.00:hum1:14.2772#-5.0145#0.8025#0.0000#-0.0000#-2.2854
47.00:hum1:14.2772#-5.0145#0.8025#0.0000#-0.0000#-2.2854
48.00:hum1:14.2772#-5.0145#0.8025#0.0000#-0.0000#-2.2854
49.00:hum1:14.2772#-5.0145#0.8025#0.0000#-0.0000#-2.2854
50.00:hum1:14.2772#-5.0145#0.8025#0.0000#-0.0000#-2.2854
51.00:hum1:14.2772#-5.0145#0.8025#0.0000#-0.0000#-2.2854
52.00:hum1:14.2772#-5.0145#0.8025#0.0000#-0.0000#-2.2854
53.00:hum1:14.2772#-5.0145#0.8025#0.0000#-0.0000#-2.2854
54.00:hum1:14.2772#-5.0145#0.8025#0.0000#-0.0000#-2.2854
55.00:hum1:14.2772#-5.0145#0.8025#0.0000#-0.0000#-2.2854
56.00:hum1:14.2772#-5.0145#0.8025#0.0000#-0.0000#-2.2854
57.00:hum1:14.2772#-5.0145#0.8025#0.0000#-0.0000#-2.2854
58.00:hum1:14.2772#-5.0145#0.8025#0.0000#-0.0000#-2.2854
59.00:hum1:14.2772#-5.0145#0.8025#0.0000#-0.0000#-2.2854
60.00:hum1:14.2772#-5.0145#0.8025#0.0000#-0.0000#-2.2854