
1.00:hum1:-5.5750#-1.5000#0.8025#-0.0000#0.0000#-0.0000
2.00:hum1:-5.5750#-1.5000#0.8025#-0.0000#0.0000#-0.0000
3.00:hum1:-5.5750#-1.5000#0.8025#-0.0000#0.0000#-0.0000
4.00:hum1:-5.5750#-1.5000#0.8025#-0.0000#0.0000#-0.0000
5.00:hum1:-5.5750#-1.5000#0.8025#-0.0000#0.0000#-0.0000
6.00:hum1:-5.5750#-1.5000#0.8025#-0.0000#0.0000#-0.0000
7.00:hum1:-5.5750#-1.5000#0.8025#-0.0000#0.0000#-0.0000
8.00:hum1:-5.5750#-1.5000#0.8025#-0.0000#0.0000#-0.0000
9.00:hum1:-5.5750#-1.5000#0.8025#-0.0000#0.0000#-0.0000
10.00:hum1:-4.7102#-1.4330#0.8496#0.0441#-0.5143#0.0899
11.00:hum1:-3.7262#-1.3558#0.9597#0.1471#-1.0810#0.1667
12.00:hum1:-3.6622#-1.3508#0.9413#0.1219#-0.9998#0.1450
13.00:hum1:-3.6627#-1.3508#0.8374#0.0353#-0.4246#0.0859
14.00:hum1:-3.4663#-1.3353#0.8161#-0.0242#0.3003#0.0819
15.00:hum1:-2.4820#-1.2581#0.8204#-0.0269#0.3314#0.0827
16.00:hum1:-1.1369#-1.1527#0.8044#0.0006#-0.0072#0.0783
17.00:hum1:0.1539#-1.0515#0.8618#0.0527#-0.5933#0.0944
18.00:hum1:1.4722#-0.9481#0.9598#0.1472#-1.0814#0.1668
19.00:hum1:2.4606#-0.8706#0.9377#0.1178#-0.9842#0.1415
20.00:hum1:3.4488#-0.7931#0.9141#0.0936#-0.8747#0.1221
21.00:hum1:4.5574#-0.7062#0.9377#0.1178#-0.9842#0.1415
22.00:hum1:5.4412#-0.6369#0.8763#0.0632#-0.6797#0.1006
23.00:hum1:6.3503#-0.5655#0.8273#0.0277#-0.3403#0.0830
24.00:hum1:7.4494#-0.4794#0.8466#0.0420#-0.4929#0.0889
25.00:hum1:8.7509#-0.3773#0.9377#0.1178#-0.9842#0.1415
26.00:hum1:9.9834#-0.2806#0.9191#0.0982#-0.8977#0.1256
27.00:hum1:8.7985#-0.2369#0.8168#-0.0784#0.2117#-2.7836
28.00:hum1:8.4848#-0.3513#0.8067#0.0538#-0.1465#-2.7880
29.00:hum1:7.7459#-0.6208#0.8267#0.1331#-0.3493#-2.7685
30.00:hum1:7.7513#-1.2889#0.8281#-0.0090#0.3709#0.0252
31.00:hum1:9.0128#-1.3054#0.8120#0.0218#0.2692#-0.0815
32.00:hum1:10.3337#-1.4010#0.8115#-0.0012#-0.1620#-0.0073
33.00:hum1:11.6501#-1.4114#0.8908#0.0156#-0.7619#0.0229
34.00:hum1:12.9045#-1.4414#0.9484#-0.2222#-1.0220#-0.2585
35.00:hum1:13.3197#-1.4971#0.8048#0.0078#0.0577#-0.1338
36.00:hum1:13.4106#-1.5094#0.8069#-0.0110#-0.0814#-0.1341
37.00:hum1:13.5546#-1.5089#0.8273#0.0111#-0.3412#0.0334
38.00:hum1:13.6488#-1.5060#0.8618#0.0211#-0.5951#0.0380
39.00:hum1:13.7489#-1.5028#0.8908#0.0297#-0.7615#0.0434
40.00:hum1:14.5404#-1.4779#0.8115#0.0051#-0.1619#0.0319
41.00:hum1:15.5539#-1.4460#0.8069#0.0026#-0.0821#0.0316
42.00:hum1:16.8476#-1.4053#0.8763#0.0253#-0.6818#0.0405
43.00:hum1:18.1699#-0.9017#0.9597#0.9692#-0.6054#1.1987
44.00:hum1:18.4759#0.2888#0.8496#0.5057#-0.1074#1.3799
45.00:hum1:18.6935#1.2685#0.8071#-0.0078#0.0017#1.3522
46.00:hum1:18.9312#2.3382#0.8215#-0.3088#0.0675#1.3626
47.00:hum1:19.2027#3.5601#0.8161#-0.2944#0.0645#1.3617
48.00:hum1:19.2301#3.6833#0.8067#-0.1523#0.0338#1.3547
49.00:hum1:18.7673#3.9029#0.8044#-0.0067#0.0026#-1.9461
50.00:hum1:18.6844#3.4646#0.9141#-0.8720#0.1240#-1.6740
51.00:hum1:18.5636#2.1725#0.9413#-1.0032#0.0659#-1.6124
52.00:hum1:18.4173#1.3042#0.8262#-0.2643#0.1978#-2.1985
53.00:hum1:18.3750#4.6735#0.4025#0.0000#0.0000#-1.5700
54.00:hum1:18.3750#4.6735#0.4025#0.0000#0.0000#-1.5700
55.00:hum1:18.3750#4.6735#0.4025#0.0000#0.0000#-1.5700
56.00:hum1:18.3750#4.6735#0.4025#0.0000#0.0000#-1.5700
57.00:hum1:18.3750#4.6735#0.4025#0.0000#0.0000#-1.5700
58.00:hum1:18.3750#4.6735#0.4025#0.0000#0.0000#-1.5700
59.00:hum1:18.3750#4.6735#0.4025#0.0000#0.0000#-1.5700
60.00:hum1:18.3750#4.6735#0.4025#0.0000#0.0000#-1.5700
61.00:hum1:18.3750#4.6735#0.4025#0.0000#0.0000#-1.5700
62.00:hum1:18.3750#4.6735#0.4025#0.0000#0.0000#-1.5700
63.00:hum1:18.3750#4.6735#0.4025#0.0000#0.0000#-1.5700
64.00:hum1:18.3750#4.6735#0.4025#0.0000#0.0000#-1.5700
65.00:hum1:18.3750#4.6735#0.4025#0.0000#0.0000#-1.5700
66.00:hum1:18.3750#4.6735#0.4025#0.0000#0.0000#-1.5700
67.00:hum1:18.3750#4.6735#0.4025#0.0000#0.0000#-1.5700
68.00:hum1:18.3750#4.6735#0.4025#0.0000#0.0000#-1.5700
69.00:hum1:18.3750#4.6735#0.4025#0.0000#0.0000#-1.5700
70.00:hum1:18.3750#4.6735#0.4025#0.0000#0.0000#-1.5700
71.00:hum1:18.3748#4.1462#0.8102#-0.1104#0.0007#-1.5771
72.00:hum1:18.3658#4.1018#0.8267#0.3680#-0.0610#-1.7273
73.00:hum1:18.1971#2.7734#0.8067#0.1558#-0.0079#-1.6205
74.00:hum1:18.1493#1.4591#0.8273#-0.3413#0.0067#-1.5894
75.00:hum1:17.7166#0.4368#0.9141#-0.7703#0.4746#-2.0106
76.00:hum1:16.9815#-0.6322#0.9413#-0.9263#0.4670#-1.8967
77.00:hum1:16.4028#-1.4990#0.8262#-0.2765#0.1803#-2.1340
78.00:hum1:15.8703#-2.3286#0.8116#0.1650#-0.1037#-2.1268
79.00:hum1:15.5362#-3.5621#0.8267#0.3724#0.0172#-1.5266
80.00:hum1:15.4165#-4.7214#0.8067#0.1419#-0.0650#-1.9970
81.00:hum1:14.8703#-5.9095#0.8273#-0.3122#0.1404#-1.9795
82.00:hum1:14.3291#-7.0871#0.9141#-0.8309#0.3275#-1.8561