
1.00:hum1:-0.2750#-0.5250#0.8025#-0.0000#0.0000#-0.0000
2.00:hum1:-0.2750#-0.5250#0.8025#-0.0000#0.0000#-0.0000
3.00:hum1:-0.2750#-0.5250#0.8025#-0.0000#0.0000#-0.0000
4.00:hum1:-0.2750#-0.5250#0.8025#-0.0000#0.0000#-0.0000
5.00:hum1:-0.2750#-0.5250#0.8025#-0.0000#0.0000#-0.0000
6.00:hum1:-0.2750#-0.5250#0.8025#-0.0000#0.0000#-0.0000
7.00:hum1:-0.2750#-0.5250#0.8025#-0.0000#0.0000#-0.0000
8.00:hum1:-0.2750#-0.5250#0.8025#-0.0000#0.0000#-0.0000
9.00:hum1:-0.2750#-0.5250#0.8025#-0.0000#0.0000#-0.0000
10.00:hum1:-0.2750#-0.5250#0.8025#-0.0000#0.0000#-0.0000
11.00:hum1:-0.2750#-0.5250#0.8025#-0.0000#0.0000#-0.0000
12.00:hum1:2.2291#-0.8371#0.8763#-0.0475#-0.6808#-0.0750
13.00:hum1:4.8756#-1.1216#0.8273#-0.0127#-0.3412#-0.0375
14.00:hum1:7.8276#-1.3178#0.8044#-0.0002#-0.0072#-0.0313
15.00:hum1:10.9188#-1.4336#0.8721#0.0027#-0.6574#0.0048
16.00:hum1:12.3578#-2.4945#0.8204#0.2978#0.1499#-1.1177
17.00:hum1:14.8517#-3.2987#0.8281#-0.1753#0.3287#0.5021
18.00:hum1:16.6112#-2.3985#0.8025#-0.0000#0.0000#0.4730
19.00:hum1:16.7181#-2.3438#0.8025#-0.0000#0.0000#0.4730
20.00:hum1:16.9146#-2.2432#0.8025#-0.0000#0.0000#0.4730
21.00:hum1:18.5272#-0.6198#0.8115#0.1608#-0.0199#1.4491
22.00:hum1:18.7876#2.5982#0.8048#-0.0582#0.0018#1.5407
23.00:hum1:18.8341#4.1411#0.8025#-0.0000#0.0000#1.5406
24.00:hum1:18.3750#4.6735#0.4025#0.0000#0.0000#-1.5700
25.00:hum1:18.3750#4.6735#0.4025#0.0000#0.0000#-1.5700
26.00:hum1:18.3750#4.6735#0.4025#0.0000#0.0000#-1.5700
27.00:hum1:18.3750#4.6735#0.4025#0.0000#0.0000#-1.5700
28.00:hum1:18.3750#4.6735#0.4025#0.0000#0.0000#-1.5700
29.00:hum1:18.3750#4.6735#0.4025#0.0000#0.0000#-1.5700
30.00:hum1:18.3750#4.6735#0.4025#0.0000#0.0000#-1.5700
31.00:hum1:18.3750#4.6735#0.4025#0.0000#0.0000#-1.5700
32.00:hum1:18.3750#4.6735#0.4025#0.0000#0.0000#-1.5700
33.00:hum1:18.3750#4.6735#0.4025#0.0000#0.0000#-1.5700
34.00:hum1:18.3750#4.6735#0.4025#0.0000#0.0000#-1.5700
35.00:hum1:18.3750#4.6735#0.4025#0.0000#0.0000#-1.5700
36.00:hum1:18.3750#4.6735#0.4025#0.0000#0.0000#-1.5700
37.00:hum1:18.3750#4.6735#0.4025#0.0000#0.0000#-1.5700
38.00:hum1:18.3750#4.6735#0.4025#0.0000#0.0000#-1.5700
39.00:hum1:18.3750#4.6735#0.4025#0.0000#0.0000#-1.5700
40.00:hum1:18.3751#4.1730#0.8204#0.3324#0.0002#-1.5700
41.00:hum1:18.2516#3.3774#0.8168#-0.2218#0.0413#-1.7517
42.00:hum1:17.7637#0.6617#0.8496#-0.4422#0.2752#-2.0915
43.00:hum1:16.2472#-1.5699#0.9413#-0.9393#0.4306#-1.8667
44.00:hum1:15.3361#-4.1549#0.8267#0.2495#-0.2800#-2.3963
45.00:hum1:14.3556#-4.9990#0.8044#-0.0047#0.0054#-2.4299
46.00:hum1:13.8993#-5.3939#0.9484#-0.8362#0.7089#-2.1020
47.00:hum1:14.0408#-5.2715#0.8025#0.0000#-0.0000#-2.4280
48.00:hum1:14.0408#-5.2715#0.8025#0.0000#-0.0000#-2.4280
49.00:hum1:14.0408#-5.2715#0.8025#0.0000#-0.0000#-2.4280
50.00:hum1:14.0408#-5.2715#0.8025#0.0000#-0.0000#-2.4280
51.00:hum1:14.0408#-5.2715#0.8025#0.0000#-0.0000#-2.4280
52.00:hum1:14.0408#-5.2715#0.8025#0.0000#-0.0000#-2.4280
53.00:hum1:14.0408#-5.2715#0.8025#0.0000#-0.0000#-2.4280
54.00:hum1:14.0408#-5.2715#0.8025#0.0000#-0.0000#-2.4280
55.00:hum1:14.0408#-5.2715#0.8025#0.0000#-0.0000#-2.4280