
1.00:hum1:-6.4000#-1.4250#0.8025#-0.0000#0.0000#-0.0000
2.00:hum1:-6.4000#-1.4250#0.8025#-0.0000#0.0000#-0.0000
3.00:hum1:-6.4000#-1.4250#0.8025#-0.0000#0.0000#-0.0000
4.00:hum1:-6.4000#-1.4250#0.8025#-0.0000#0.0000#-0.0000
5.00:hum1:-6.4000#-1.4250#0.8025#-0.0000#0.0000#-0.0000
6.00:hum1:-6.4000#-1.4250#0.8025#-0.0000#0.0000#-0.0000
7.00:hum1:-6.4000#-1.4250#0.8025#-0.0000#0.0000#-0.0000
8.00:hum1:-6.4000#-1.4250#0.8025#-0.0000#0.0000#-0.0000
9.00:hum1:-6.4000#-1.4250#0.8025#-0.0000#0.0000#-0.0000
10.00:hum1:-6.4000#-1.4250#0.8025#-0.0000#0.0000#-0.0000
11.00:hum1:-6.4000#-1.4250#0.8025#-0.0000#0.0000#-0.0000
12.00:hum1:-6.4000#-1.4250#0.8025#-0.0000#0.0000#-0.0000
13.00:hum1:-6.4000#-1.4250#0.8025#-0.0000#0.0000#-0.0000
14.00:hum1:-6.3833#-1.4245#0.8161#-0.0301#0.2998#0.1018
15.00:hum1:-5.0617#-1.3000#0.8069#0.0068#-0.0819#0.0836
16.00:hum1:-4.7170#-1.2736#0.8067#-0.0105#0.1557#0.0682
17.00:hum1:-4.6102#-1.2664#0.8044#0.0005#-0.0072#0.0674
18.00:hum1:-3.9895#-1.2245#0.8496#0.0380#-0.5147#0.0774
19.00:hum1:-2.9882#-1.1569#0.8071#-0.0005#0.0080#0.0674
20.00:hum1:-1.8949#-1.0831#0.8215#-0.0219#0.3151#0.0709
21.00:hum1:-0.6461#-0.9988#0.8161#-0.0208#0.3005#0.0705
22.00:hum1:0.5903#-0.9153#0.8048#-0.0039#0.0581#0.0675
23.00:hum1:1.5783#-0.8486#0.8067#-0.0105#0.1557#0.0682
24.00:hum1:2.6887#-0.7737#0.8048#-0.0039#0.0581#0.0675
25.00:hum1:3.6767#-0.7070#0.8067#-0.0105#0.1557#0.0682
26.00:hum1:4.9813#-0.6189#0.8273#0.0238#-0.3406#0.0715
27.00:hum1:6.2744#-0.5317#0.9141#0.0807#-0.8757#0.1052
28.00:hum1:7.5516#-0.4455#0.9413#0.1051#-1.0010#0.1250
29.00:hum1:8.5979#-0.3748#0.8262#0.0229#-0.3280#0.0712
30.00:hum1:9.5755#-0.3088#0.8116#-0.0132#0.1942#0.0687
31.00:hum1:10.7566#-0.2290#0.8267#-0.0262#0.3719#0.0723
32.00:hum1:12.0704#-0.1403#0.8067#-0.0105#0.1557#0.0682
33.00:hum1:12.2649#0.2638#0.8120#0.0952#-0.2531#-2.7768
34.00:hum1:11.0377#-0.1822#0.8115#-0.0551#0.1524#-2.7926
35.00:hum1:11.7093#-0.4798#0.8908#0.3061#-0.7094#0.4520
36.00:hum1:12.9313#-0.0504#0.9484#0.5107#-0.9481#0.6042
37.00:hum1:13.9558#0.3095#0.8374#0.1492#-0.4005#0.3682
38.00:hum1:14.8846#0.6359#0.8081#-0.0426#0.1208#0.3404
39.00:hum1:15.9575#1.0129#0.8281#-0.1281#0.3492#0.3605
40.00:hum1:16.4250#1.1770#0.8115#0.0541#-0.1528#0.3420
41.00:hum1:16.4250#1.1770#0.8115#0.0541#-0.1528#0.3420
42.00:hum1:16.4250#1.1770#0.8115#0.0541#-0.1528#0.3420
43.00:hum1:16.4250#1.1770#0.8115#0.0541#-0.1528#0.3420
44.00:hum1:16.0844#1.2607#0.8466#-0.4939#-0.0268#-1.5207
45.00:hum1:15.9020#0.2310#0.8618#-0.5901#0.0846#-1.6959
46.00:hum1:16.2342#-0.7118#0.9598#-0.8834#-0.7483#-1.0611
47.00:hum1:17.0251#-0.7180#0.8721#0.4618#0.4859#2.3247
48.00:hum1:16.8000#-1.1819#0.8102#-0.0759#-0.0802#-0.7591
49.00:hum1:16.7220#-1.0862#0.8171#0.2161#0.1649#-0.9286
50.00:hum1:17.2423#-0.9470#0.8204#-0.2720#-0.1935#2.1745
51.00:hum1:17.2016#-0.8949#0.8044#0.0060#0.0039#2.1500
52.00:hum1:17.1572#-0.7807#0.8618#0.5663#0.1947#1.8666
53.00:hum1:16.8118#-1.3222#0.9598#-1.0670#-0.2720#-1.4234
54.00:hum1:16.6802#-0.9104#0.8267#0.3565#0.1116#-1.2799
55.00:hum1:17.4719#-1.3218#0.8908#-0.1173#-0.7547#-0.1701
56.00:hum1:18.7044#-1.5810#0.9484#-0.4054#-0.9840#-0.4755
57.00:hum1:18.8659#-1.6231#0.8204#0.0874#0.3211#-0.2703
58.00:hum1:18.9871#-1.6549#0.8120#0.0701#0.2610#-0.2654