
1.00:-4.8097#-1.1623#0.2401#-0.0001#-0.0023#-0.0000
2.00:-4.8099#-1.1623#0.2401#-0.0001#-0.0025#-0.0001
3.00:-4.8100#-1.1623#0.2401#-0.0001#-0.0024#-0.0001
4.00:-4.8100#-1.1623#0.2401#-0.0001#-0.0022#-0.0001
5.00:-4.8102#-1.1623#0.2401#-0.0001#-0.0025#-0.0002
6.00:-4.8103#-1.1623#0.2401#-0.0001#-0.0023#-0.0002
7.00:-4.8104#-1.1623#0.2401#-0.0001#-0.0025#-0.0002
8.00:-4.8105#-1.1623#0.2401#-0.0001#-0.0025#-0.0001
9.00:-4.8106#-1.1623#0.2401#-0.0001#-0.0023#-0.0002
10.00:-4.8106#-1.1624#0.2401#-0.0001#-0.0021#-0.0002
11.00:-4.8108#-1.1624#0.2401#-0.0001#-0.0022#-0.0003
12.00:-4.2499#-1.0729#0.2401#0.0012#-0.0027#0.4115
13.00:-3.8987#-0.7641#0.2401#0.0016#-0.0015#0.8703
14.00:-3.8886#-0.7755#0.2401#0.0011#-0.0019#0.5607
15.00:-3.8813#-0.7889#0.2401#0.0004#-0.0021#0.2548
16.00:-3.8783#-0.8034#0.2401#-0.0002#-0.0022#-0.0481
17.00:-3.5856#-0.8792#0.2401#-0.0006#-0.0021#-0.2194
18.00:-2.4591#-1.1239#0.2401#-0.0003#-0.0014#-0.2135
19.00:-1.3160#-1.3718#0.2401#-0.0004#-0.0016#-0.2138
20.00:-0.7459#-1.4920#0.2401#-0.0003#-0.0015#-0.1669
21.00:-0.6047#-1.4778#0.2401#0.0002#-0.0021#0.0940
22.00:0.3862#-1.3718#0.2400#0.0000#-0.0012#0.1041
23.00:1.5478#-1.2497#0.2401#0.0001#-0.0018#0.1047
24.00:2.2879#-1.1727#0.2400#0.0001#-0.0015#0.1081
25.00:2.3465#-1.1922#0.2401#-0.0004#-0.0023#-0.1574
26.00:3.3234#-1.3635#0.2400#-0.0002#-0.0011#-0.1743
27.00:4.4736#-1.5659#0.2401#-0.0004#-0.0019#-0.1736
28.00:5.2630#-1.7027#0.2400#-0.0003#-0.0011#-0.1632
29.00:5.3560#-1.6930#0.2401#0.0001#-0.0018#0.1000
30.00:6.0625#-1.5998#0.2400#0.0001#-0.0015#0.1095
31.00:7.2213#-1.4717#0.2401#0.0001#-0.0018#0.1102
32.00:8.3800#-1.3435#0.2401#0.0001#-0.0015#0.1103
33.00:9.5251#-1.2163#0.2400#0.0001#-0.0012#0.1113
34.00:9.8217#-1.1874#0.2401#-0.0001#-0.0019#0.0183
35.00:10.0240#-1.2369#0.2401#-0.0005#-0.0018#-0.2056
36.00:11.0505#-1.4792#0.2400#-0.0003#-0.0011#-0.2272
37.00:11.2750#-1.5122#0.2401#-0.0001#-0.0021#-0.0280
38.00:11.9397#-1.4952#0.2401#-0.0001#-0.0017#0.0065
39.00:13.1055#-1.4876#0.2401#-0.0001#-0.0014#0.0066
40.00:14.2713#-1.4797#0.2401#-0.0001#-0.0014#0.0070
41.00:15.4372#-1.4714#0.2401#-0.0001#-0.0019#0.0075
42.00:16.6070#-1.4625#0.2401#-0.0001#-0.0014#0.0073
43.00:17.7727#-1.4540#0.2401#-0.0001#-0.0015#0.0075
44.00:18.9383#-1.4453#0.2401#-0.0001#-0.0015#0.0074
45.00:19.8329#-1.4352#0.2400#-0.0000#-0.0013#0.0283
46.00:19.8567#-1.4343#0.2401#-0.0000#-0.0014#0.0359
47.00:19.8566#-1.4343#0.2401#-0.0000#-0.0014#0.0359
48.00:19.8565#-1.4343#0.2401#-0.0000#-0.0014#0.0359
49.00:19.8564#-1.4343#0.2401#-0.0000#-0.0015#0.0360
50.00:19.8563#-1.4343#0.2401#-0.0000#-0.0015#0.0360
51.00:19.8562#-1.4342#0.2401#-0.0000#-0.0016#0.0360
52.00:19.8561#-1.4342#0.2401#-0.0000#-0.0016#0.0360
53.00:19.8561#-1.4342#0.2401#-0.0000#-0.0015#0.0360
54.00:19.8559#-1.4342#0.2401#-0.0000#-0.0016#0.0361
55.00:19.8558#-1.4342#0.2401#-0.0000#-0.0017#0.0361
56.00:19.8558#-1.4342#0.2401#-0.0000#-0.0015#0.0360
57.00:19.8566#-1.4422#0.2401#-0.0004#-0.0021#-0.1204
58.00:19.8561#-1.4481#0.2401#-0.0004#-0.0015#-0.2411