
1.00:hum1:-0.2750#-0.5250#0.8025#-0.0000#0.0000#-0.0000
2.00:hum1:-0.2750#-0.5250#0.8025#-0.0000#0.0000#-0.0000
3.00:hum1:-0.2750#-0.5250#0.8025#-0.0000#0.0000#-0.0000
4.00:hum1:-0.2750#-0.5250#0.8025#-0.0000#0.0000#-0.0000
5.00:hum1:-0.2750#-0.5250#0.8025#-0.0000#0.0000#-0.0000
6.00:hum1:-0.2750#-0.5250#0.8025#-0.0000#0.0000#-0.0000
7.00:hum1:-0.2750#-0.5250#0.8025#-0.0000#0.0000#-0.0000
8.00:hum1:-0.2750#-0.5250#0.8025#-0.0000#0.0000#-0.0000
9.00:hum1:-0.3329#-0.5183#0.8161#0.0628#0.2948#-0.2127
10.00:hum1:0.6645#-0.6908#0.8204#0.0341#0.3307#-0.1044
11.00:hum1:1.6741#-0.8096#0.8244#0.0426#0.3612#-0.1196
12.00:hum1:2.6918#-0.9468#0.8025#0.0000#0.0000#-0.0926
13.00:hum1:3.6162#-1.0409#0.8071#0.0008#0.0080#-0.0953
14.00:hum1:4.7087#-1.1504#0.8215#0.0275#0.3147#-0.0882
15.00:hum1:5.9574#-1.2611#0.8161#0.0227#0.3004#-0.0762
16.00:hum1:7.2870#-1.3585#0.8069#-0.0050#-0.0820#-0.0600
17.00:hum1:8.5828#-1.4327#0.8763#-0.0350#-0.6814#-0.0552
18.00:hum1:9.4803#-1.5009#0.8025#0.0000#0.0000#-0.0089
19.00:hum1:10.6032#-1.5212#0.8466#0.0007#-0.4946#0.0018
20.00:hum1:11.6114#-1.5274#0.8273#0.0125#-0.3412#0.0378
21.00:hum1:11.9579#-2.0688#0.8115#-0.1434#-0.0757#-1.0882
22.00:hum1:12.2898#-2.6582#0.8204#0.2923#0.1606#-1.0822
23.00:hum1:13.2253#-3.1631#0.8244#-0.3218#0.1722#1.0963
24.00:hum1:12.9687#-3.2346#0.8267#0.3728#0.0016#-1.5664
25.00:hum1:13.4428#-4.2910#0.8071#-0.0039#0.0070#0.5129
26.00:hum1:14.3763#-3.7654#0.8102#0.0543#-0.0961#0.5155
27.00:hum1:15.3072#-3.2411#0.8168#0.1121#-0.1962#0.5239
28.00:hum1:16.2030#-2.7368#0.9484#0.6926#-0.8484#0.8360
29.00:hum1:16.6164#-2.5039#0.8025#-0.0000#0.0000#0.5129
30.00:hum1:16.6861#-2.4647#0.8025#-0.0000#0.0000#0.5129
31.00:hum1:16.9245#-2.3304#0.8025#-0.0000#0.0000#0.5129
32.00:hum1:17.1303#-2.2145#0.8171#-0.1354#0.2355#0.5289
33.00:hum1:18.0745#-1.5810#0.8153#-0.2210#0.1114#1.1117
34.00:hum1:18.4975#-0.4749#0.8374#0.4221#-0.0588#1.4409
35.00:hum1:18.6470#0.5669#0.8496#0.5116#-0.0703#1.4467
36.00:hum1:18.7861#2.8161#0.8025#-0.0000#0.0000#1.5363
37.00:hum1:18.3750#4.6735#0.4025#0.0000#0.0000#-1.5700
38.00:hum1:18.3750#4.6735#0.4025#0.0000#0.0000#-1.5700
39.00:hum1:18.3750#4.6735#0.4025#0.0000#0.0000#-1.5700
40.00:hum1:18.3750#4.6735#0.4025#0.0000#0.0000#-1.5700
41.00:hum1:18.3750#4.6735#0.4025#0.0000#0.0000#-1.5700
42.00:hum1:18.3750#4.6735#0.4025#0.0000#0.0000#-1.5700
43.00:hum1:18.3750#4.6735#0.4025#0.0000#0.0000#-1.5700
44.00:hum1:18.3750#4.6735#0.4025#0.0000#0.0000#-1.5700
45.00:hum1:18.3750#4.6735#0.4025#0.0000#0.0000#-1.5700
46.00:hum1:18.3750#4.6735#0.4025#0.0000#0.0000#-1.5700
47.00:hum1:18.3750#4.6735#0.4025#0.0000#0.0000#-1.5700
48.00:hum1:18.2956#3.5125#0.8262#-0.3274#0.0307#-1.6606
49.00:hum1:18.0552#0.2867#0.8721#-0.6573#0.0060#-1.5782
50.00:hum1:16.7397#-1.1837#0.8244#0.3025#-0.2049#-2.1482
51.00:hum1:15.0443#-3.6798#0.8215#0.2708#-0.1646#-2.1036
52.00:hum1:14.3176#-4.9489#0.8025#0.0000#-0.0000#-2.2530
53.00:hum1:13.9090#-5.4549#0.8496#-0.4157#0.3150#-2.1824
54.00:hum1:13.9702#-5.3790#0.8025#0.0000#-0.0000#-2.2494
55.00:hum1:13.9702#-5.3790#0.8025#0.0000#-0.0000#-2.2494
56.00:hum1:13.9702#-5.3790#0.8025#0.0000#-0.0000#-2.2494
57.00:hum1:13.9702#-5.3790#0.8025#0.0000#-0.0000#-2.2494
58.00:hum1:13.9702#-5.3790#0.8025#0.0000#-0.0000#-2.2494
59.00:hum1:13.9702#-5.3790#0.8025#0.0000#-0.0000#-2.2494
60.00:hum1:13.9702#-5.3790#0.8025#0.0000#-0.0000#-2.2494
61.00:hum1:13.9702#-5.3790#0.8025#0.0000#-0.0000#-2.2494
62.00:hum1:13.9702#-5.3790#0.8025#0.0000#-0.0000#-2.2494
63.00:hum1:13.9702#-5.3790#0.8025#0.0000#-0.0000#-2.2494