
1.00:hum1:-0.2750#-0.5250#0.8025#-0.0000#0.0000#-0.0000
2.00:hum1:-0.2750#-0.5250#0.8025#-0.0000#0.0000#-0.0000
3.00:hum1:-0.2750#-0.5250#0.8025#-0.0000#0.0000#-0.0000
4.00:hum1:-0.2750#-0.5250#0.8025#-0.0000#0.0000#-0.0000
5.00:hum1:-0.2750#-0.5250#0.8025#-0.0000#0.0000#-0.0000
6.00:hum1:-0.2750#-0.5250#0.8025#-0.0000#0.0000#-0.0000
7.00:hum1:-0.2750#-0.5250#0.8025#-0.0000#0.0000#-0.0000
8.00:hum1:-0.2750#-0.5250#0.8025#-0.0000#0.0000#-0.0000
9.00:hum1:-0.2750#-0.5250#0.8025#-0.0000#0.0000#-0.0000
10.00:hum1:-0.2750#-0.5250#0.8025#-0.0000#0.0000#-0.0000
11.00:hum1:0.4660#-0.6656#0.8081#0.0130#0.1274#-0.1020
12.00:hum1:1.5259#-0.7912#0.8071#0.0009#0.0080#-0.1134
13.00:hum1:2.6166#-0.9243#0.8262#-0.0342#-0.3271#-0.1057
14.00:hum1:5.9139#-1.2008#0.9597#-0.0699#-1.0855#-0.0786
15.00:hum1:8.9888#-1.3831#0.8215#0.0047#0.3158#-0.0149
16.00:hum1:12.8850#-1.4260#0.8763#0.0198#-0.6819#0.0318
17.00:hum1:12.9870#-3.0240#0.8071#0.0078#-0.0020#-1.8239
18.00:hum1:13.7086#-5.1041#0.8025#0.0000#0.0000#-0.8833
19.00:hum1:13.9309#-5.3749#0.8025#0.0000#0.0000#-0.8833
20.00:hum1:13.9309#-5.3749#0.8025#0.0000#0.0000#-0.8833
21.00:hum1:13.9309#-5.3749#0.8025#0.0000#0.0000#-0.8833
22.00:hum1:13.9309#-5.3749#0.8025#0.0000#0.0000#-0.8833
23.00:hum1:13.9309#-5.3749#0.8025#0.0000#0.0000#-0.8833
24.00:hum1:13.9309#-5.3749#0.8025#0.0000#0.0000#-0.8833
25.00:hum1:13.9309#-5.3749#0.8025#0.0000#0.0000#-0.8833
26.00:hum1:13.9309#-5.3749#0.8025#0.0000#0.0000#-0.8833