
2.00:hum1:3.8000#2.2500#0.8025#-0.0000#-0.0000#-1.5708
3.00:hum1:3.8000#2.2500#0.8025#-0.0000#-0.0000#-1.5708
4.00:hum1:3.8000#2.2500#0.8025#-0.0000#-0.0000#-1.5708
5.00:hum1:3.8000#2.2500#0.8025#-0.0000#-0.0000#-1.5708
6.00:hum1:3.8000#2.2500#0.8025#-0.0000#-0.0000#-1.5708
7.00:hum1:3.8000#2.2500#0.8025#-0.0000#-0.0000#-1.5708
8.00:hum1:3.8000#2.2500#0.8025#-0.0000#-0.0000#-1.5708
9.00:hum1:5.2923#1.5439#0.8025#0.0000#0.0000#-0.3187
10.00:hum1:5.6160#1.3896#0.8025#0.0000#0.0000#-0.4397
11.00:hum1:5.7259#1.3385#0.8025#0.0000#0.0000#-0.4348
12.00:hum1:6.3974#1.0283#0.8025#0.0000#0.0000#-0.4328
13.00:hum1:6.5101#0.9780#0.8025#0.0000#0.0000#-0.4193
14.00:hum1:9.4626#-0.0860#0.8281#0.0894#0.3606#-0.2485
15.00:hum1:13.0638#-1.0457#0.8908#-0.2122#-0.7376#-0.3097
16.00:hum1:13.5125#1.3926#0.8081#-0.1275#-0.0119#1.6639
17.00:hum1:13.9499#3.6633#0.8069#0.0800#-0.0188#1.3413
18.00:hum1:14.6868#6.8078#0.8067#-0.1520#0.0355#1.3433
19.00:hum1:14.9519#7.9385#0.8025#-0.0000#0.0000#1.3406
20.00:hum1:14.9519#7.9385#0.8025#-0.0000#0.0000#1.3406
21.00:hum1:14.9519#7.9385#0.8025#-0.0000#0.0000#1.3406
22.00:hum1:14.9519#7.9385#0.8025#-0.0000#0.0000#1.3406
23.00:hum1:14.9519#7.9385#0.8025#-0.0000#0.0000#1.3406
24.00:hum1:14.9519#7.9385#0.8025#-0.0000#0.0000#1.3406
25.00:hum1:14.9519#7.9385#0.8025#-0.0000#0.0000#1.3406
26.00:hum1:14.9519#7.9385#0.8025#-0.0000#0.0000#1.3406
27.00:hum1:14.9519#7.9385#0.8025#-0.0000#0.0000#1.3406
28.00:hum1:14.9519#7.9385#0.8025#-0.0000#0.0000#1.3406
29.00:hum1:14.9519#7.9385#0.8025#-0.0000#0.0000#1.3406
30.00:hum1:14.9519#7.9385#0.8025#-0.0000#0.0000#1.3406
31.00:hum1:14.5625#7.3104#0.8025#0.0000#0.0000#-1.4157
32.00:hum1:14.4313#6.3989#0.9484#-1.0362#0.0509#-1.6006
33.00:hum1:14.3495#5.4914#0.9377#-0.9872#0.0691#-1.6160
34.00:hum1:14.2410#4.6093#0.8763#-0.6810#0.0435#-1.6241
35.00:hum1:14.1199#3.7053#0.8273#-0.3407#0.0213#-1.6304
36.00:hum1:14.0127#2.4205#0.9141#-0.8766#0.0660#-1.6253
37.00:hum1:13.8762#1.1450#0.9413#-1.0035#0.0576#-1.6071
38.00:hum1:13.9562#0.0330#0.8262#-0.3184#-0.0833#-1.3234
39.00:hum1:13.7340#-0.0044#0.8025#-0.0000#-0.0000#3.0150
40.00:hum1:12.7582#0.0342#0.9598#-0.0363#1.0868#-3.1002
41.00:hum1:11.8786#0.0533#0.8908#-0.0191#0.7618#-3.1135
42.00:hum1:10.5820#0.0640#0.9484#-0.0550#1.0361#-3.0774
43.00:hum1:9.4985#0.0373#0.8374#-0.0117#0.4258#-3.1130
44.00:hum1:8.5096#0.0360#0.8081#0.0062#-0.1279#-3.0925
45.00:hum1:7.3750#-0.0051#0.8281#0.0185#-0.3706#-3.0903
46.00:hum1:6.0832#-0.0654#0.8120#0.0162#-0.2695#-3.0804
47.00:hum1:4.7721#-0.1235#0.8115#-0.0137#0.1614#-3.0562
48.00:hum1:3.7968#-0.2010#0.8025#0.0000#-0.0000#-3.0534
49.00:hum1:3.1642#-0.2438#0.8281#0.0413#-0.3688#-3.0272
50.00:hum1:2.1588#-0.3270#0.8102#-0.0138#0.1095#-3.0159
51.00:hum1:1.0942#-0.4520#0.8168#-0.0326#0.2233#-2.9951
52.00:hum1:0.0655#-0.5777#0.9484#-0.2954#1.0100#-2.7963
53.00:hum1:-0.9294#-0.7107#0.9597#-0.2057#1.0754#-2.9084
54.00:hum1:-1.6470#-0.7902#0.8025#0.0000#-0.0000#-3.0314
55.00:hum1:-2.6138#-0.8971#0.8273#-0.0389#0.3392#-3.0247
56.00:hum1:-3.5941#-1.0056#0.8115#-0.0179#0.1610#-3.0299
57.00:hum1:-3.8289#-1.0316#0.8025#0.0000#-0.0000#-3.0314
58.00:hum1:-3.8289#-1.0316#0.8025#0.0000#-0.0000#-3.0314
59.00:hum1:-3.8289#-1.0316#0.8025#0.0000#-0.0000#-3.0314
60.00:hum1:-3.8289#-1.0316#0.8025#0.0000#-0.0000#-3.0314
61.00:hum1:-3.8289#-1.0316#0.8025#0.0000#-0.0000#-3.0314
62.00:hum1:-3.8289#-1.0316#0.8025#0.0000#-0.0000#-3.0314