
2.00:0.2653#-1.1874#0.2401#-0.0001#-0.0023#-0.0001
3.00:0.2652#-1.1874#0.2401#-0.0001#-0.0021#-0.0001
4.00:0.2651#-1.1874#0.2401#-0.0001#-0.0022#-0.0001
5.00:0.2650#-1.1874#0.2401#-0.0001#-0.0022#-0.0001
6.00:0.2650#-1.1874#0.2401#-0.0001#-0.0020#-0.0002
7.00:0.3595#-1.1870#0.2401#-0.0001#-0.0030#0.0066
8.00:0.9499#-0.8753#0.2400#0.0009#-0.0009#0.8553
9.00:1.0130#-0.7875#0.2401#0.0015#-0.0015#0.8599
10.00:1.0531#-0.7698#0.2401#0.0010#-0.0019#0.5505
11.00:1.0971#-0.7645#0.2401#0.0004#-0.0022#0.2488
12.00:1.1407#-0.7722#0.2401#-0.0002#-0.0022#-0.0500
13.00:1.6713#-0.8618#0.2401#-0.0003#-0.0016#-0.1555
14.00:2.8230#-1.0426#0.2400#-0.0003#-0.0015#-0.1556
15.00:3.7022#-1.4001#0.2400#-0.0013#-0.0006#-1.0807
16.00:3.4785#-1.6403#0.2401#0.0002#0.0024#3.1126
17.00:3.3911#-1.6335#0.2401#-0.0000#0.0021#-3.1236
18.00:3.3408#-1.6533#0.2401#-0.0006#0.0020#-2.8336
19.00:3.2976#-1.6872#0.2401#-0.0012#0.0018#-2.5447
20.00:3.2670#-1.7311#0.2401#-0.0017#0.0014#-2.2525
21.00:3.2500#-1.7835#0.2401#-0.0020#0.0008#-1.9551
22.00:3.2490#-1.8387#0.2401#-0.0021#0.0002#-1.6578
23.00:3.2638#-1.8912#0.2401#-0.0020#-0.0004#-1.3669
24.00:3.2925#-1.9365#0.2401#-0.0020#-0.0010#-1.0787
25.00:3.3327#-1.9713#0.2401#-0.0016#-0.0015#-0.7876
26.00:3.3815#-1.9932#0.2401#-0.0011#-0.0019#-0.4903
27.00:3.4340#-1.9997#0.2401#-0.0005#-0.0021#-0.1987
28.00:3.4899#-1.9912#0.2401#0.0002#-0.0023#0.0803
29.00:4.2958#-1.9095#0.2400#0.0001#-0.0016#0.0791
30.00:5.4618#-1.8172#0.2400#0.0000#-0.0015#0.0787
31.00:6.3524#-1.7442#0.2400#0.0000#-0.0011#0.1011
32.00:7.1557#-1.6442#0.2400#0.0001#-0.0017#0.1210
33.00:8.3130#-1.5039#0.2401#0.0001#-0.0017#0.1204
34.00:9.4706#-1.3639#0.2400#0.0001#-0.0014#0.1203
35.00:10.6280#-1.2240#0.2400#0.0001#-0.0014#0.1200
36.00:11.7855#-1.0845#0.2400#0.0001#-0.0015#0.1198
37.00:12.9469#-0.9446#0.2400#0.0001#-0.0014#0.1197
38.00:13.5756#-0.8679#0.2400#0.0002#-0.0016#0.1418
39.00:13.5978#-0.8581#0.2401#0.0005#-0.0020#0.2693
40.00:13.6070#-0.8528#0.2401#0.0007#-0.0021#0.3281
41.00:13.6067#-0.8529#0.2401#0.0006#-0.0021#0.3282
42.00:13.6066#-0.8529#0.2401#0.0007#-0.0021#0.3281
43.00:13.6369#-0.8304#0.2401#0.0011#-0.0019#0.5248
44.00:13.6708#-0.7886#0.2401#0.0015#-0.0015#0.8160
45.00:13.6914#-0.7384#0.2401#0.0019#-0.0010#1.1089
46.00:13.6964#-0.6846#0.2401#0.0021#-0.0004#1.4018
47.00:13.6861#-0.6304#0.2401#0.0022#0.0002#1.6931
48.00:13.6606#-0.5813#0.2401#0.0020#0.0008#1.9832
49.00:13.6225#-0.5428#0.2401#0.0017#0.0014#2.2765
50.00:13.5749#-0.5167#0.2401#0.0012#0.0018#2.5694
51.00:13.5216#-0.5053#0.2401#0.0006#0.0021#2.8595
52.00:13.4342#-0.5068#0.2401#0.0001#0.0022#3.1213
53.00:12.4834#-0.4566#0.2400#0.0002#0.0013#3.0763
54.00:11.3163#-0.3802#0.2400#0.0002#0.0015#3.0762
55.00:10.1529#-0.3047#0.2400#0.0002#0.0015#3.0767
56.00:8.9895#-0.2291#0.2400#0.0002#0.0015#3.0767
57.00:7.8261#-0.1536#0.2400#0.0002#0.0013#3.0770
58.00:6.6767#-0.0798#0.2400#0.0002#0.0012#3.0781
59.00:6.3621#-0.0691#0.2401#-0.0001#0.0020#-3.0761
60.00:6.1196#-0.1357#0.2401#-0.0004#0.0021#-2.8972
61.00:5.0201#-0.3729#0.2400#-0.0002#0.0014#-2.9324
62.00:3.8764#-0.6164#0.2400#-0.0003#0.0016#-2.9318