
1.00:hum1:-0.2750#-0.5250#0.8025#-0.0000#0.0000#-0.0000
2.00:hum1:-0.2750#-0.5250#0.8025#-0.0000#0.0000#-0.0000
3.00:hum1:-0.2750#-0.5250#0.8025#-0.0000#0.0000#-0.0000
4.00:hum1:-0.2750#-0.5250#0.8025#-0.0000#0.0000#-0.0000
5.00:hum1:-0.2750#-0.5250#0.8025#-0.0000#0.0000#-0.0000
6.00:hum1:-0.2750#-0.5250#0.8025#-0.0000#0.0000#-0.0000
7.00:hum1:-0.2750#-0.5250#0.8025#-0.0000#0.0000#-0.0000
8.00:hum1:-0.2750#-0.5250#0.8025#-0.0000#0.0000#-0.0000
9.00:hum1:-0.2750#-0.5250#0.8025#-0.0000#0.0000#-0.0000
10.00:hum1:-0.2750#-0.5250#0.8025#-0.0000#0.0000#-0.0000
11.00:hum1:0.4508#-0.8014#0.8496#-0.1615#-0.4922#-0.3316
12.00:hum1:1.4442#-1.0553#0.8071#0.0016#0.0079#-0.1998
13.00:hum1:2.5304#-1.2583#0.8215#0.0527#0.3115#-0.1700
14.00:hum1:3.0862#-1.3490#0.8025#0.0000#0.0000#-0.1617
15.00:hum1:3.0862#-1.3490#0.8025#0.0000#0.0000#-0.1617
16.00:hum1:3.0862#-1.3490#0.8025#0.0000#0.0000#-0.1617
17.00:hum1:3.0862#-1.3490#0.8025#0.0000#0.0000#-0.1617
18.00:hum1:3.0862#-1.3490#0.8025#0.0000#0.0000#-0.1617
19.00:hum1:3.0862#-1.3490#0.8025#0.0000#0.0000#-0.1617
20.00:hum1:3.0862#-1.3490#0.8025#0.0000#0.0000#-0.1617
21.00:hum1:3.0862#-1.3490#0.8025#0.0000#0.0000#-0.1617
22.00:hum1:3.0862#-1.3490#0.8025#0.0000#0.0000#-0.1617
23.00:hum1:3.0862#-1.3490#0.8025#0.0000#0.0000#-0.1617
24.00:hum1:3.4180#-1.3893#0.9377#-0.1804#-0.9779#-0.2161
25.00:hum1:4.6108#-1.4823#0.9191#-0.3129#-0.8605#-0.4030
26.00:hum1:5.7116#-1.4548#0.8168#0.0071#-0.2255#0.0319
27.00:hum1:6.7139#-1.4652#0.8153#-0.0137#0.2466#0.0564
28.00:hum1:7.9340#-1.4163#0.8244#-0.0283#0.3626#0.0800
29.00:hum1:8.7328#-1.3565#0.8025#-0.0000#0.0000#0.0748
30.00:hum1:8.7328#-1.3565#0.8025#-0.0000#0.0000#0.0748
31.00:hum1:8.7328#-1.3565#0.8025#-0.0000#0.0000#0.0748
32.00:hum1:8.7328#-1.3565#0.8025#-0.0000#0.0000#0.0748
33.00:hum1:8.7328#-1.3565#0.8025#-0.0000#0.0000#0.0748
34.00:hum1:8.7328#-1.3565#0.8025#-0.0000#0.0000#0.0748
35.00:hum1:8.7328#-1.3565#0.8025#-0.0000#0.0000#0.0748
36.00:hum1:8.7328#-1.3565#0.8025#-0.0000#0.0000#0.0748
37.00:hum1:8.7328#-1.3565#0.8025#-0.0000#0.0000#0.0748
38.00:hum1:8.7328#-1.3565#0.8025#-0.0000#0.0000#0.0748
39.00:hum1:8.7328#-1.3565#0.8025#-0.0000#0.0000#0.0748
40.00:hum1:8.7912#-1.3741#0.8102#-0.0188#-0.1088#-0.1711
41.00:hum1:9.8641#-1.5110#0.8171#0.0182#0.2704#-0.0677
42.00:hum1:11.0772#-1.5814#0.8204#0.0096#0.3323#-0.0293
43.00:hum1:12.4056#-1.6552#0.8044#0.0001#-0.0072#0.0092
44.00:hum1:12.8055#-1.6515#0.8025#-0.0000#0.0000#0.0092
45.00:hum1:12.8055#-1.6515#0.8025#-0.0000#0.0000#0.0092
46.00:hum1:12.8055#-1.6515#0.8025#-0.0000#0.0000#0.0092
47.00:hum1:12.8055#-1.6515#0.8025#-0.0000#0.0000#0.0092
48.00:hum1:12.8055#-1.6515#0.8025#-0.0000#0.0000#0.0092
49.00:hum1:12.8055#-1.6515#0.8025#-0.0000#0.0000#0.0092
50.00:hum1:12.8055#-1.6515#0.8025#-0.0000#0.0000#0.0092
51.00:hum1:12.8055#-1.6515#0.8025#-0.0000#0.0000#0.0092
52.00:hum1:13.7099#-1.6047#0.8618#0.0350#-0.5945#0.0627
53.00:hum1:15.0305#-1.5360#0.9598#0.0980#-1.0846#0.1111
54.00:hum1:16.1969#-1.4754#0.8721#0.0398#-0.6563#0.0656
55.00:hum1:17.2106#-1.4226#0.8102#0.0057#-0.1102#0.0523
56.00:hum1:18.2581#-0.7336#0.8171#-0.2650#0.0573#1.3631
57.00:hum1:18.5157#0.4445#0.8204#-0.3253#0.0699#1.3670
58.00:hum1:18.6989#1.8176#0.8044#0.0072#-0.0004#1.5177
59.00:hum1:18.7676#3.1106#0.8618#0.5947#-0.0299#1.5269
60.00:hum1:18.8104#3.9179#0.8044#0.0072#-0.0004#1.5177
61.00:hum1:18.3750#4.6735#0.4025#0.0000#0.0000#-1.5700
62.00:hum1:18.3750#4.6735#0.4025#0.0000#0.0000#-1.5700
63.00:hum1:18.3750#4.6735#0.4025#0.0000#0.0000#-1.5700
64.00:hum1:18.3750#4.6735#0.4025#0.0000#0.0000#-1.5700
65.00:hum1:18.3750#4.6735#0.4025#0.0000#0.0000#-1.5700
66.00:hum1:18.3750#4.6735#0.4025#0.0000#0.0000#-1.5700
67.00:hum1:18.3750#4.6735#0.4025#0.0000#0.0000#-1.5700
68.00:hum1:18.3750#4.6735#0.4025#0.0000#0.0000#-1.5700
69.00:hum1:18.3750#4.6735#0.4025#0.0000#0.0000#-1.5700
70.00:hum1:18.3750#4.6735#0.4025#0.0000#0.0000#-1.5700
71.00:hum1:18.3750#4.6735#0.4025#0.0000#0.0000#-1.5700
72.00:hum1:18.3750#4.6735#0.4025#0.0000#0.0000#-1.5700
73.00:hum1:18.3750#4.6735#0.4025#0.0000#0.0000#-1.5700
74.00:hum1:18.3750#4.6735#0.4025#0.0000#0.0000#-1.5700
75.00:hum1:18.3750#4.6735#0.4025#0.0000#0.0000#-1.5700
76.00:hum1:18.3750#4.6735#0.4025#0.0000#0.0000#-1.5700
77.00:hum1:18.3750#4.6735#0.4025#0.0000#0.0000#-1.5700
78.00:hum1:18.3750#4.6735#0.4025#0.0000#0.0000#-1.5700
79.00:hum1:18.3750#4.6735#0.4025#0.0000#0.0000#-1.5700
80.00:hum1:18.3391#3.9394#0.8763#-0.6799#0.0609#-1.6456
81.00:hum1:18.2038#2.6210#0.9597#-1.0857#0.0625#-1.6034
82.00:hum1:18.1065#1.5845#0.8496#-0.4893#0.1708#-1.8794
83.00:hum1:18.0722#0.6635#0.8071#0.0061#-0.0052#-2.2826
84.00:hum1:17.3936#-0.2158#0.8215#0.2541#-0.1896#-2.1981
85.00:hum1:16.6461#-1.2329#0.8161#0.2516#-0.1674#-2.1455
86.00:hum1:15.8915#-2.3257#0.8069#-0.0675#0.0469#-2.1766
87.00:hum1:15.1987#-3.4214#0.8763#-0.6004#0.3460#-2.0303
88.00:hum1:14.4896#-4.5356#0.9597#-1.0136#0.4950#-1.8582
89.00:hum1:14.5521#-4.4374#0.8025#0.0000#-0.0000#-2.1370