
1.00:hum1:-0.2750#-0.5250#0.8025#-0.0000#0.0000#-0.0000
2.00:hum1:-0.2750#-0.5250#0.8025#-0.0000#0.0000#-0.0000
3.00:hum1:-0.2750#-0.5250#0.8025#-0.0000#0.0000#-0.0000
4.00:hum1:-0.2750#-0.5250#0.8025#-0.0000#0.0000#-0.0000
5.00:hum1:-0.2750#-0.5250#0.8025#-0.0000#0.0000#-0.0000
6.00:hum1:-0.2750#-0.5250#0.8025#-0.0000#0.0000#-0.0000
7.00:hum1:-0.2750#-0.5250#0.8025#-0.0000#0.0000#-0.0000
8.00:hum1:-0.2750#-0.5250#0.8025#-0.0000#0.0000#-0.0000
9.00:hum1:-0.2750#-0.5250#0.8025#-0.0000#0.0000#-0.0000
10.00:hum1:-0.2750#-0.5250#0.8025#-0.0000#0.0000#-0.0000
11.00:hum1:-0.2750#-0.5250#0.8025#-0.0000#0.0000#-0.0000
12.00:hum1:-0.1481#-0.5870#0.8044#-0.0025#-0.0067#-0.3480
13.00:hum1:1.0611#-0.9772#0.8618#-0.2786#-0.5333#-0.5121
14.00:hum1:2.4220#-1.2393#0.9598#-0.3488#-1.0532#-0.3959
15.00:hum1:3.5798#-1.4639#0.8721#-0.1075#-0.6498#-0.1761
16.00:hum1:4.5906#-1.6112#0.8102#-0.0124#-0.1097#-0.1125
17.00:hum1:5.0001#-1.6571#0.8048#0.0065#0.0579#-0.1120
18.00:hum1:5.6887#-1.6803#0.9413#-0.0401#-1.0041#-0.0472
19.00:hum1:6.7630#-1.6161#0.8262#0.0294#-0.3275#0.0915
20.00:hum1:7.8131#-1.5249#0.8374#0.0391#-0.4243#0.0951
21.00:hum1:8.8352#-1.4305#0.8102#0.0110#-0.1098#0.1003
22.00:hum1:9.9246#-1.3580#0.8721#0.0920#-0.6519#0.1512
23.00:hum1:10.9309#-1.2425#0.8102#0.0123#-0.1097#0.1121
24.00:hum1:10.8948#-1.2465#0.8153#-0.0280#0.2455#0.1149
25.00:hum1:11.3537#-1.3023#0.8069#-0.0151#-0.0808#-0.1848
26.00:hum1:12.6667#-1.4199#0.8763#-0.0655#-0.6795#-0.1036
27.00:hum1:13.2927#-1.4704#0.8025#0.0000#0.0000#-0.0805
28.00:hum1:13.2927#-1.4704#0.8025#0.0000#0.0000#-0.0805
29.00:hum1:13.2927#-1.4704#0.8025#0.0000#0.0000#-0.0805
30.00:hum1:13.2927#-1.4704#0.8025#0.0000#0.0000#-0.0805
31.00:hum1:13.2927#-1.4704#0.8025#0.0000#0.0000#-0.0805
32.00:hum1:13.2927#-1.4704#0.8025#0.0000#0.0000#-0.0805
33.00:hum1:13.2927#-1.4704#0.8025#0.0000#0.0000#-0.0805
34.00:hum1:14.0108#-1.4553#0.9597#0.0430#-1.0863#0.0489
35.00:hum1:15.1267#-1.4297#0.8496#0.0128#-0.5158#0.0263
36.00:hum1:16.1300#-1.4067#0.8071#-0.0002#0.0080#0.0229
37.00:hum1:17.2255#-1.3815#0.8215#-0.0074#0.3157#0.0241
38.00:hum1:18.3084#-0.4973#0.8161#-0.2946#0.0637#1.3644
39.00:hum1:18.5934#0.8028#0.8069#0.0803#-0.0176#1.3557
40.00:hum1:18.7178#2.1289#0.8763#0.6815#-0.0330#1.5304
41.00:hum1:18.7866#3.4475#0.9597#1.0862#-0.0464#1.5467
42.00:hum1:18.8067#3.8340#0.8067#-0.1558#0.0081#1.5193
43.00:hum1:18.3750#4.6735#0.4025#0.0000#0.0000#-1.5700
44.00:hum1:18.3750#4.6735#0.4025#0.0000#0.0000#-1.5700
45.00:hum1:18.3750#4.6735#0.4025#0.0000#0.0000#-1.5700
46.00:hum1:18.3750#4.6735#0.4025#0.0000#0.0000#-1.5700
47.00:hum1:18.3750#4.6735#0.4025#0.0000#0.0000#-1.5700
48.00:hum1:18.3750#4.6735#0.4025#0.0000#0.0000#-1.5700
49.00:hum1:18.3750#4.6735#0.4025#0.0000#0.0000#-1.5700
50.00:hum1:18.3750#4.6735#0.4025#0.0000#0.0000#-1.5700
51.00:hum1:18.3750#4.6735#0.4025#0.0000#0.0000#-1.5700
52.00:hum1:18.3750#4.6735#0.4025#0.0000#0.0000#-1.5700
53.00:hum1:18.3750#4.6735#0.4025#0.0000#0.0000#-1.5700
54.00:hum1:18.3750#4.6735#0.4025#0.0000#0.0000#-1.5700
55.00:hum1:18.3750#4.6735#0.4025#0.0000#0.0000#-1.5700
56.00:hum1:18.3750#4.6735#0.4025#0.0000#0.0000#-1.5700
57.00:hum1:18.3750#4.6735#0.4025#0.0000#0.0000#-1.5700
58.00:hum1:18.3750#4.6735#0.4025#0.0000#0.0000#-1.5700
59.00:hum1:18.3750#4.6735#0.4025#0.0000#0.0000#-1.5700
60.00:hum1:18.3750#4.6735#0.4025#0.0000#0.0000#-1.5700
61.00:hum1:18.3750#4.6735#0.4025#0.0000#0.0000#-1.5700
62.00:hum1:18.3029#3.5677#0.8262#-0.3274#0.0310#-1.6616
63.00:hum1:18.1878#2.5889#0.8116#0.1942#-0.0133#-1.6379
64.00:hum1:18.0909#1.4139#0.8267#0.3716#-0.0313#-1.6506
65.00:hum1:17.7789#0.3464#0.8067#0.1195#-0.1005#-2.2665
66.00:hum1:16.9806#-0.7238#0.8273#-0.2886#0.1850#-2.1252
67.00:hum1:16.2735#-1.8140#0.9141#-0.7935#0.4269#-1.9573
68.00:hum1:15.8692#-3.1232#0.9413#-1.0027#-0.0760#-1.5220
69.00:hum1:15.8703#-3.8477#0.8262#-0.1931#0.2678#-2.5048
70.00:hum1:15.2350#-4.3077#0.8025#0.0000#-0.0000#-2.5451
71.00:hum1:15.2350#-4.3077#0.8025#0.0000#-0.0000#-2.5451