
1.00:0.2653#-1.1873#0.2401#-0.0001#-0.0023#-0.0001
2.00:0.2653#-1.1874#0.2401#-0.0001#-0.0023#-0.0001
3.00:0.2652#-1.1874#0.2401#-0.0001#-0.0021#-0.0001
4.00:0.2651#-1.1874#0.2401#-0.0001#-0.0022#-0.0001
5.00:0.3344#-1.1877#0.2401#-0.0001#-0.0033#-0.0050
6.00:0.9759#-0.9331#0.2399#-0.0006#0.0000#0.8194
7.00:1.0311#-0.8760#0.2401#0.0013#-0.0018#0.7005
8.00:1.0735#-0.8643#0.2401#0.0007#-0.0020#0.3968
9.00:1.1176#-0.8661#0.2401#0.0001#-0.0022#0.0926
10.00:1.2843#-0.8962#0.2401#-0.0004#-0.0021#-0.1458
11.00:2.3591#-1.0416#0.2401#-0.0003#-0.0017#-0.1340
12.00:3.5145#-1.1968#0.2400#-0.0002#-0.0016#-0.1333
13.00:4.6700#-1.3521#0.2400#-0.0003#-0.0016#-0.1336
14.00:5.7371#-1.4951#0.2400#-0.0002#-0.0010#-0.1313
15.00:5.9070#-1.5074#0.2401#0.0000#-0.0020#0.0419
16.00:6.2375#-1.4480#0.2400#0.0002#-0.0021#0.1384
17.00:7.3828#-1.3292#0.2401#0.0001#-0.0016#0.1021
18.00:8.5428#-1.2106#0.2400#0.0001#-0.0015#0.1017
19.00:9.7065#-1.0921#0.2401#0.0001#-0.0016#0.1016
20.00:10.8663#-0.9741#0.2400#0.0001#-0.0015#0.1013
21.00:11.8004#-0.8799#0.2400#0.0000#-0.0010#0.0986
22.00:11.8773#-0.8850#0.2401#-0.0004#-0.0025#-0.1149
23.00:12.6830#-1.0319#0.2401#-0.0003#-0.0016#-0.1808
24.00:13.8125#-1.2376#0.2400#-0.0002#-0.0011#-0.1794
25.00:14.1236#-1.2866#0.2401#-0.0002#-0.0020#-0.0571
26.00:14.1669#-1.2809#0.2401#-0.0000#-0.0018#0.0375
27.00:14.2064#-1.2972#0.2401#-0.0007#-0.0021#-0.2597
28.00:14.2394#-1.3245#0.2401#-0.0013#-0.0018#-0.5560
29.00:14.2630#-1.3602#0.2401#-0.0017#-0.0014#-0.8500
30.00:14.2752#-1.4011#0.2401#-0.0021#-0.0008#-1.1432
31.00:14.3374#-1.6757#0.2401#-0.0019#-0.0004#-1.3329
32.00:14.5991#-2.7643#0.2400#-0.0015#-0.0003#-1.3355
33.00:14.8102#-3.6348#0.2400#-0.0010#-0.0002#-1.3177
34.00:14.8125#-3.6961#0.2401#-0.0022#0.0001#-1.5491
35.00:14.7607#-4.3442#0.2400#-0.0014#0.0002#-1.6552
36.00:14.7113#-4.9689#0.2400#-0.0017#0.0002#-1.6340
37.00:14.7113#-4.9689#0.2400#-0.0014#0.0002#-1.6341
38.00:14.7114#-4.9689#0.2400#-0.0014#0.0002#-1.6341
39.00:14.7114#-4.9688#0.2400#-0.0015#0.0002#-1.6341
40.00:14.7114#-4.9688#0.2400#-0.0014#0.0002#-1.6342
41.00:14.7114#-4.9687#0.2400#-0.0014#0.0002#-1.6342
42.00:14.7113#-4.9686#0.2400#-0.0015#0.0002#-1.6342
43.00:14.7114#-4.9686#0.2400#-0.0015#0.0002#-1.6341
44.00:14.7114#-4.9685#0.2400#-0.0015#0.0002#-1.6342
45.00:14.7114#-4.9685#0.2400#-0.0014#0.0002#-1.6342
46.00:14.7114#-4.9684#0.2400#-0.0014#0.0002#-1.6342
47.00:14.7114#-4.9684#0.2400#-0.0014#0.0002#-1.6342
48.00:14.7114#-4.9683#0.2400#-0.0014#0.0002#-1.6342
49.00:14.7114#-4.9683#0.2400#-0.0014#0.0002#-1.6342
50.00:14.7114#-4.9683#0.2400#-0.0014#0.0002#-1.6342
51.00:14.7114#-4.9682#0.2400#-0.0014#0.0002#-1.6342
52.00:14.7114#-4.9681#0.2400#-0.0014#0.0002#-1.6342
53.00:14.7114#-4.9681#0.2400#-0.0014#0.0002#-1.6343
54.00:14.7114#-4.9680#0.2400#-0.0014#0.0002#-1.6343
55.00:14.7114#-4.9680#0.2400#-0.0014#0.0002#-1.6343
56.00:14.7114#-4.9679#0.2400#-0.0015#0.0002#-1.6343
57.00:14.7114#-4.9679#0.2400#-0.0014#0.0002#-1.6343
58.00:14.7114#-4.9678#0.2400#-0.0014#0.0002#-1.6343
59.00:14.7114#-4.9678#0.2400#-0.0014#0.0002#-1.6343
60.00:14.7114#-4.9677#0.2400#-0.0014#0.0002#-1.6343
61.00:14.7114#-4.9677#0.2400#-0.0013#0.0002#-1.6343
62.00:14.7114#-4.9676#0.2400#-0.0015#0.0002#-1.6344
63.00:14.7114#-4.9676#0.2400#-0.0014#0.0002#-1.6343
64.00:14.7114#-4.9675#0.2400#-0.0014#0.0002#-1.6343
65.00:14.7114#-4.9674#0.2400#-0.0015#0.0002#-1.6343
66.00:14.7114#-4.9674#0.2400#-0.0014#0.0002#-1.6343
67.00:14.7114#-4.9674#0.2400#-0.0014#0.0002#-1.6343
68.00:14.7114#-4.9673#0.2400#-0.0015#0.0002#-1.6343
69.00:14.7114#-4.9673#0.2400#-0.0014#0.0002#-1.6343
70.00:14.7114#-4.9672#0.2400#-0.0014#0.0002#-1.6343
71.00:14.7114#-4.9671#0.2400#-0.0014#0.0002#-1.6343