
2.00:0.2653#-1.1874#0.2401#-0.0001#-0.0023#-0.0001
3.00:0.2652#-1.1874#0.2401#-0.0001#-0.0021#-0.0001
4.00:0.2651#-1.1874#0.2401#-0.0001#-0.0022#-0.0001
5.00:0.2650#-1.1874#0.2401#-0.0001#-0.0022#-0.0001
6.00:0.2650#-1.1874#0.2401#-0.0001#-0.0020#-0.0002
7.00:0.2649#-1.1874#0.2401#-0.0001#-0.0021#-0.0002
8.00:0.3872#-1.1877#0.2401#-0.0001#-0.0033#-0.0031
9.00:1.0033#-0.9084#0.2400#0.0012#-0.0011#0.9013
10.00:1.0470#-0.8679#0.2401#0.0013#-0.0018#0.7018
11.00:1.0896#-0.8564#0.2401#0.0007#-0.0021#0.3977
12.00:1.1337#-0.8581#0.2401#0.0001#-0.0022#0.0932
13.00:1.3021#-0.8864#0.2401#-0.0004#-0.0020#-0.1363
14.00:2.3797#-1.0157#0.2401#-0.0003#-0.0018#-0.1171
15.00:3.5373#-1.1521#0.2400#-0.0003#-0.0014#-0.1172
16.00:4.3283#-1.2443#0.2400#-0.0002#-0.0011#-0.1148
17.00:4.3888#-1.2333#0.2401#0.0003#-0.0026#0.1381
18.00:5.1954#-1.1195#0.2400#0.0001#-0.0016#0.1189
19.00:6.3568#-0.9808#0.2400#0.0002#-0.0015#0.1189
20.00:6.9896#-0.9017#0.2400#0.0001#-0.0014#0.1490
21.00:7.5437#-0.9833#0.2401#-0.0004#-0.0016#-0.2226
22.00:8.0516#-1.0914#0.2400#-0.0003#-0.0017#-0.1475
23.00:8.4056#-1.0551#0.2401#0.0001#-0.0019#0.1275
24.00:9.1291#-0.9427#0.2400#0.0001#-0.0015#0.1502
25.00:9.2072#-0.9559#0.2401#-0.0004#-0.0022#-0.1185
26.00:10.1535#-1.0846#0.2400#-0.0003#-0.0014#-0.1326
27.00:11.3091#-1.2384#0.2400#-0.0002#-0.0015#-0.1322
28.00:12.0985#-1.3419#0.2400#-0.0002#-0.0011#-0.1196
29.00:12.1747#-1.3297#0.2401#0.0002#-0.0023#0.1322
30.00:13.0827#-1.2068#0.2400#0.0001#-0.0015#0.1280
31.00:14.2234#-1.0598#0.2400#0.0002#-0.0016#0.1279
32.00:15.3797#-0.9109#0.2400#0.0001#-0.0014#0.1283
33.00:16.4181#-0.7760#0.2400#0.0001#-0.0011#0.1313
34.00:16.5519#-0.7685#0.2401#-0.0002#-0.0021#-0.0481
35.00:16.5901#-0.7786#0.2400#-0.0003#-0.0015#-0.1539
36.00:16.6161#-0.7798#0.2400#-0.0003#-0.0016#-0.0996
37.00:16.6241#-0.7832#0.2400#-0.0003#-0.0016#-0.1637
38.00:16.6241#-0.7832#0.2400#-0.0003#-0.0014#-0.1637
39.00:16.6545#-0.8029#0.2401#-0.0010#-0.0020#-0.4121
40.00:16.6793#-0.8297#0.2401#-0.0014#-0.0017#-0.6635
41.00:16.6992#-0.8679#0.2401#-0.0019#-0.0012#-0.9574
42.00:16.7075#-0.9107#0.2401#-0.0021#-0.0006#-1.2504
43.00:16.7030#-0.9540#0.2401#-0.0022#0.0000#-1.5447
44.00:16.6860#-0.9930#0.2401#-0.0021#0.0007#-1.8397
45.00:16.6583#-1.0255#0.2401#-0.0018#0.0013#-2.1365
46.00:16.6221#-1.0490#0.2401#-0.0013#0.0017#-2.4340
47.00:16.5808#-1.0608#0.2401#-0.0008#0.0021#-2.7324
48.00:16.4120#-1.0862#0.2400#-0.0002#0.0017#-2.9667
49.00:15.3895#-1.2738#0.2400#-0.0002#0.0015#-2.9597
50.00:14.9463#-1.3581#0.2400#-0.0002#0.0015#-2.9396
51.00:14.9155#-1.3523#0.2401#0.0001#0.0022#3.1301
52.00:14.8767#-1.3337#0.2401#0.0008#0.0021#2.8292
53.00:14.8450#-1.3046#0.2401#0.0014#0.0017#2.5297
54.00:14.8232#-1.2674#0.2401#0.0018#0.0013#2.2324
55.00:14.8136#-1.2257#0.2401#0.0021#0.0007#1.9340
56.00:14.8163#-1.1827#0.2401#0.0022#0.0000#1.6397
57.00:14.8507#-0.7032#0.2401#0.0018#-0.0002#1.4965
58.00:14.8867#-0.2439#0.2400#0.0017#-0.0003#1.4486
59.00:14.9089#-0.2079#0.2401#0.0020#-0.0010#1.1512
60.00:14.9271#-0.1644#0.2400#0.0017#-0.0007#1.2109
61.00:14.9269#-0.1099#0.2401#0.0022#-0.0002#1.5055
62.00:14.9110#-0.0566#0.2401#0.0021#0.0004#1.7923
63.00:14.8807#-0.0102#0.2401#0.0019#0.0010#2.0835
64.00:14.8387#0.0256#0.2401#0.0015#0.0015#2.3716
65.00:14.7880#0.0474#0.2401#0.0010#0.0019#2.6623
66.00:14.7334#0.0543#0.2401#0.0004#0.0021#2.9491
67.00:14.6787#0.0456#0.2401#-0.0002#0.0022#-3.0483
68.00:14.6294#0.0218#0.2401#-0.0008#0.0020#-2.7607
69.00:14.5894#-0.0149#0.2401#-0.0013#0.0017#-2.4733
70.00:14.5609#-0.0618#0.2401#-0.0017#0.0013#-2.1869
71.00:14.5428#-0.1235#0.2401#-0.0022#0.0009#-1.9143
72.00:14.4891#-0.3037#0.2401#-0.0018#0.0005#-1.7904
73.00:14.4956#-0.3530#0.2401#-0.0021#-0.0001#-1.5222
74.00:14.5171#-0.4025#0.2401#-0.0021#-0.0007#-1.2321
75.00:14.5526#-0.4434#0.2401#-0.0017#-0.0013#-0.9317
76.00:14.5984#-0.4728#0.2401#-0.0013#-0.0017#-0.6406
77.00:14.7385#-0.5288#0.2401#-0.0008#-0.0018#-0.4095
78.00:15.2692#-0.4435#0.2400#0.0016#-0.0005#1.2497
79.00:14.9611#-0.2897#0.2400#-0.0009#0.0014#-2.5461
80.00:14.9261#-0.3424#0.2401#-0.0017#0.0013#-2.2021
81.00:14.9263#-0.3422#0.2401#-0.0018#0.0014#-2.2021
82.00:14.9264#-0.3420#0.2401#-0.0017#0.0014#-2.2020
83.00:14.9265#-0.3418#0.2401#-0.0018#0.0014#-2.2021
84.00:14.9057#-0.3550#0.2400#-0.0011#0.0013#-2.3715
85.00:14.8650#-0.3695#0.2401#-0.0009#0.0020#-2.6690
86.00:14.8217#-0.3719#0.2401#-0.0004#0.0026#-2.9567
87.00:14.0695#-0.4715#0.2400#-0.0001#0.0015#-3.0035
88.00:12.9109#-0.6326#0.2400#-0.0001#0.0015#-3.0033
89.00:12.2284#-0.7272#0.2400#-0.0002#0.0017#-3.0068
90.00:11.6764#-0.6370#0.2400#0.0005#0.0015#2.9040
91.00:11.1675#-0.5208#0.2401#0.0003#0.0018#2.9796
92.00:11.0624#-0.5338#0.2401#-0.0001#0.0019#-3.0482
93.00:10.0733#-0.5851#0.2400#0.0000#0.0015#-3.1001
94.00:8.9067#-0.6334#0.2400#0.0000#0.0011#-3.1001
95.00:7.7398#-0.6824#0.2400#-0.0000#0.0015#-3.0995
96.00:6.5752#-0.7317#0.2400#0.0000#0.0016#-3.0989
97.00:5.4105#-0.7815#0.2400#-0.0000#0.0016#-3.0988
98.00:4.2459#-0.8316#0.2400#0.0000#0.0016#-3.0982
99.00:3.0810#-0.8821#0.2400#0.0000#0.0014#-3.0982
100.00:1.9126#-0.9328#0.2400#0.0000#0.0016#-3.0983
101.00:0.7478#-0.9835#0.2400#0.0001#0.0013#-3.0979
102.00:-0.4168#-1.0343#0.2400#-0.0000#0.0014#-3.0978
103.00:-1.1621#-1.0741#0.2400#-0.0001#0.0012#-3.0306
104.00:-1.1631#-1.0744#0.2401#-0.0001#0.0018#-3.0233
105.00:-1.1630#-1.0744#0.2400#-0.0001#0.0016#-3.0233
106.00:-1.1629#-1.0744#0.2400#-0.0001#0.0016#-3.0233
107.00:-1.1628#-1.0743#0.2400#-0.0001#0.0016#-3.0233
108.00:-1.1627#-1.0743#0.2400#-0.0001#0.0017#-3.0233
109.00:-1.1626#-1.0743#0.2400#-0.0001#0.0016#-3.0234