
2.00:-4.1099#-1.2873#0.2401#-0.0001#-0.0024#-0.0002
3.00:-4.1101#-1.2873#0.2401#-0.0001#-0.0025#-0.0002
4.00:-4.1102#-1.2874#0.2401#-0.0001#-0.0025#-0.0002
5.00:-4.1103#-1.2874#0.2401#-0.0001#-0.0025#-0.0003
6.00:-4.1104#-1.2874#0.2401#-0.0001#-0.0026#-0.0003
7.00:-4.1105#-1.2874#0.2401#-0.0001#-0.0026#-0.0003
8.00:-4.1106#-1.2874#0.2401#-0.0001#-0.0024#-0.0004
9.00:-4.1108#-1.2874#0.2401#-0.0001#-0.0024#-0.0006
10.00:-4.1108#-1.2874#0.2401#-0.0001#-0.0021#-0.0007
11.00:-4.0937#-1.2876#0.2402#-0.0001#-0.0033#-0.0027
12.00:-3.2872#-1.1720#0.2401#0.0005#-0.0013#0.4289
13.00:-3.1662#-1.0903#0.2401#0.0010#-0.0016#0.5920
14.00:-3.1600#-1.1038#0.2401#0.0005#-0.0021#0.2820
15.00:-3.1569#-1.1185#0.2401#-0.0002#-0.0022#-0.0228
16.00:-2.6984#-1.1934#0.2401#-0.0003#-0.0020#-0.1437
17.00:-1.5448#-1.3606#0.2401#-0.0003#-0.0018#-0.1443
18.00:-0.3952#-1.5279#0.2400#-0.0002#-0.0011#-0.1445
19.00:-0.0240#-1.5757#0.2401#-0.0001#-0.0017#-0.0397
20.00:0.2885#-1.5289#0.2401#0.0002#-0.0016#0.1434
21.00:1.4182#-1.3683#0.2401#0.0002#-0.0016#0.1413
22.00:2.5742#-1.2039#0.2401#0.0001#-0.0012#0.1412
23.00:2.9710#-1.1506#0.2401#0.0000#-0.0018#0.0737
24.00:3.1414#-1.1879#0.2401#-0.0004#-0.0023#-0.1601
25.00:4.2334#-1.3650#0.2401#-0.0003#-0.0016#-0.1600
26.00:5.3883#-1.5511#0.2400#-0.0003#-0.0014#-0.1598
27.00:5.9678#-1.6381#0.2401#-0.0002#-0.0015#-0.1094
28.00:6.0780#-1.6195#0.2401#0.0003#-0.0022#0.1597
29.00:6.9773#-1.5107#0.2400#-0.0000#-0.0013#0.1006
30.00:8.1372#-1.3929#0.2401#0.0001#-0.0015#0.1015
31.00:9.2971#-1.2748#0.2401#0.0001#-0.0016#0.1015
32.00:10.4570#-1.1568#0.2401#0.0001#-0.0016#0.1016
33.00:11.6188#-1.0384#0.2400#0.0001#-0.0011#0.1015
34.00:12.0184#-0.9984#0.2401#-0.0000#-0.0018#0.0494
35.00:12.1508#-1.0349#0.2401#-0.0004#-0.0019#-0.1989
36.00:13.1706#-1.2796#0.2400#-0.0003#-0.0011#-0.2376
37.00:13.4610#-1.3342#0.2401#-0.0002#-0.0021#-0.0739
38.00:13.7760#-1.3127#0.2400#-0.0000#-0.0011#0.0506
39.00:13.7948#-1.3244#0.2401#-0.0005#-0.0021#-0.1962
40.00:13.7911#-1.3381#0.2401#-0.0011#-0.0019#-0.4870
41.00:13.7840#-1.3505#0.2401#-0.0016#-0.0015#-0.7737
42.00:13.7803#-1.3699#0.2401#-0.0022#-0.0012#-1.0490
43.00:14.1473#-2.0943#0.2400#-0.0009#-0.0003#-1.0997
44.00:14.2419#-2.2894#0.2401#-0.0019#-0.0006#-1.2108
45.00:14.2327#-2.3284#0.2401#-0.0021#-0.0001#-1.4879
46.00:14.2868#-3.2769#0.2400#-0.0009#0.0000#-1.5133
47.00:14.3541#-4.4429#0.2400#-0.0011#-0.0000#-1.5132
48.00:14.3991#-5.1347#0.2401#-0.0014#-0.0001#-1.4781
49.00:14.3991#-5.1347#0.2401#-0.0016#-0.0001#-1.4779
50.00:14.3991#-5.1346#0.2401#-0.0016#-0.0001#-1.4779
51.00:14.3991#-5.1345#0.2401#-0.0016#-0.0001#-1.4779
52.00:14.3991#-5.1344#0.2401#-0.0015#-0.0001#-1.4779
53.00:14.3991#-5.1343#0.2401#-0.0015#-0.0001#-1.4779
54.00:14.3990#-5.1343#0.2401#-0.0014#-0.0001#-1.4780
55.00:14.3990#-5.1342#0.2401#-0.0016#-0.0001#-1.4780
56.00:14.3990#-5.1341#0.2401#-0.0015#-0.0001#-1.4780
57.00:14.3990#-5.1340#0.2401#-0.0016#-0.0001#-1.4780
58.00:14.3990#-5.1339#0.2401#-0.0015#-0.0001#-1.4780
59.00:14.3990#-5.1339#0.2401#-0.0015#-0.0001#-1.4780
60.00:14.3990#-5.1338#0.2401#-0.0015#-0.0001#-1.4780
61.00:14.3989#-5.1337#0.2401#-0.0016#-0.0001#-1.4780
62.00:14.3989#-5.1336#0.2401#-0.0016#-0.0001#-1.4780
63.00:14.3989#-5.1336#0.2401#-0.0016#-0.0001#-1.4780
64.00:14.3989#-5.1335#0.2401#-0.0015#-0.0001#-1.4780
65.00:14.3989#-5.1334#0.2401#-0.0016#-0.0001#-1.4780
66.00:14.3989#-5.1334#0.2401#-0.0015#-0.0001#-1.4780
67.00:14.3989#-5.1333#0.2401#-0.0015#-0.0001#-1.4781
68.00:14.3989#-5.1332#0.2401#-0.0015#-0.0001#-1.4781
69.00:14.3988#-5.1331#0.2401#-0.0016#-0.0001#-1.4781
70.00:14.3988#-5.1330#0.2401#-0.0015#-0.0001#-1.4781
71.00:14.3988#-5.1329#0.2401#-0.0016#-0.0001#-1.4781
72.00:14.3988#-5.1329#0.2401#-0.0017#-0.0001#-1.4781
73.00:14.3988#-5.1328#0.2401#-0.0016#-0.0001#-1.4781
74.00:14.3988#-5.1327#0.2401#-0.0016#-0.0001#-1.4781
75.00:14.3988#-5.1327#0.2401#-0.0015#-0.0001#-1.4781
76.00:14.3988#-5.1326#0.2401#-0.0015#-0.0001#-1.4781
77.00:14.3987#-5.1326#0.2401#-0.0014#-0.0001#-1.4782
78.00:14.3987#-5.1324#0.2401#-0.0017#-0.0001#-1.4781
79.00:14.3858#-5.1457#0.2401#-0.0023#0.0004#-1.7070
80.00:14.2380#-5.9486#0.2400#-0.0011#0.0003#-1.7487
81.00:14.2026#-6.1557#0.2401#-0.0014#0.0003#-1.7345