
2.00:-4.1099#-1.2873#0.2401#-0.0001#-0.0024#-0.0002
3.00:-4.1101#-1.2873#0.2401#-0.0001#-0.0025#-0.0002
4.00:-4.1102#-1.2874#0.2401#-0.0001#-0.0025#-0.0002
5.00:-4.1103#-1.2874#0.2401#-0.0001#-0.0025#-0.0003
6.00:-4.1104#-1.2874#0.2401#-0.0001#-0.0026#-0.0003
7.00:-4.1105#-1.2874#0.2401#-0.0001#-0.0026#-0.0003
8.00:-4.1106#-1.2874#0.2401#-0.0001#-0.0024#-0.0004
9.00:-4.1108#-1.2874#0.2401#-0.0001#-0.0024#-0.0006
10.00:-4.1108#-1.2874#0.2401#-0.0001#-0.0021#-0.0007
11.00:-4.1109#-1.2874#0.2401#-0.0001#-0.0022#-0.0007
12.00:-4.1111#-1.2874#0.2401#-0.0001#-0.0025#-0.0008
13.00:-3.5533#-1.1970#0.2401#0.0012#-0.0027#0.4157
14.00:-3.2072#-0.8921#0.2401#0.0016#-0.0015#0.8740
15.00:-3.1970#-0.9034#0.2401#0.0011#-0.0019#0.5644
16.00:-3.1908#-0.9171#0.2401#0.0004#-0.0022#0.2554
17.00:-3.1886#-0.9320#0.2401#-0.0002#-0.0022#-0.0528
18.00:-2.7919#-1.0156#0.2401#-0.0005#-0.0022#-0.1835
19.00:-1.6461#-1.2257#0.2401#-0.0004#-0.0016#-0.1815
20.00:-0.4956#-1.4365#0.2401#-0.0004#-0.0016#-0.1812
21.00:-0.0272#-1.5149#0.2401#-0.0002#-0.0018#-0.1066
22.00:0.2153#-1.4887#0.2401#0.0001#-0.0019#0.0965
23.00:1.3173#-1.3912#0.2401#0.0001#-0.0018#0.0875
24.00:2.4824#-1.2889#0.2401#0.0001#-0.0018#0.0874
25.00:3.6439#-1.1868#0.2401#0.0000#-0.0014#0.0877
26.00:4.4390#-1.1145#0.2400#0.0000#-0.0011#0.1015
27.00:4.4433#-1.1139#0.2401#0.0001#-0.0015#0.1038
28.00:4.4433#-1.1139#0.2401#0.0001#-0.0015#0.1037
29.00:4.4432#-1.1139#0.2401#0.0001#-0.0014#0.1037
30.00:4.4449#-1.1244#0.2401#-0.0003#-0.0017#-0.1061
31.00:5.1126#-1.2760#0.2400#-0.0002#-0.0008#-0.2277
32.00:5.4841#-1.3518#0.2401#-0.0003#-0.0017#-0.1199
33.00:5.5485#-1.3453#0.2401#0.0000#-0.0021#0.0509
34.00:5.5482#-1.3453#0.2401#0.0000#-0.0021#0.0507
35.00:5.5481#-1.3453#0.2401#0.0000#-0.0021#0.0507
36.00:5.8054#-1.3347#0.2401#-0.0001#-0.0020#0.0182
37.00:6.9380#-1.3567#0.2400#-0.0001#-0.0016#-0.0213
38.00:8.1038#-1.3809#0.2401#-0.0001#-0.0015#-0.0202
39.00:9.2694#-1.4046#0.2401#-0.0001#-0.0021#-0.0197
40.00:10.4390#-1.4278#0.2401#-0.0001#-0.0015#-0.0200
41.00:11.6048#-1.4507#0.2401#-0.0001#-0.0014#-0.0197
42.00:12.7706#-1.4736#0.2401#-0.0001#-0.0015#-0.0193
43.00:13.7131#-1.4878#0.2400#-0.0001#-0.0010#0.0043
44.00:13.7523#-1.4868#0.2401#-0.0000#-0.0016#0.0188
45.00:13.7521#-1.4868#0.2401#-0.0000#-0.0017#0.0187
46.00:13.7520#-1.4869#0.2401#-0.0000#-0.0016#0.0186
47.00:13.7519#-1.4869#0.2401#-0.0000#-0.0017#0.0186
48.00:13.7518#-1.4869#0.2401#-0.0000#-0.0016#0.0186
49.00:13.7517#-1.4869#0.2401#-0.0000#-0.0017#0.0186
50.00:13.7516#-1.4869#0.2401#-0.0000#-0.0017#0.0186
51.00:13.7515#-1.4869#0.2401#-0.0000#-0.0017#0.0186
52.00:13.7514#-1.4869#0.2401#-0.0000#-0.0017#0.0185
53.00:13.7513#-1.4869#0.2401#-0.0000#-0.0016#0.0185
54.00:13.7513#-1.4869#0.2401#-0.0000#-0.0016#0.0184
55.00:13.7511#-1.4869#0.2401#-0.0000#-0.0017#0.0184
56.00:13.7511#-1.4869#0.2401#-0.0000#-0.0016#0.0185
57.00:13.7510#-1.4869#0.2401#-0.0000#-0.0015#0.0184
58.00:13.7508#-1.4869#0.2401#-0.0000#-0.0017#0.0184
59.00:13.7507#-1.4869#0.2401#-0.0000#-0.0016#0.0184
60.00:13.7507#-1.4869#0.2401#-0.0000#-0.0015#0.0184
61.00:13.7513#-1.4937#0.2401#-0.0003#-0.0020#-0.1181
62.00:13.7488#-1.5079#0.2401#-0.0010#-0.0020#-0.4079
63.00:13.7419#-1.5204#0.2401#-0.0015#-0.0016#-0.6965
64.00:13.7315#-1.5304#0.2401#-0.0019#-0.0011#-0.9890
65.00:13.7191#-1.5374#0.2401#-0.0021#-0.0005#-1.2807
66.00:13.7062#-1.5528#0.2401#-0.0025#0.0001#-1.5589
67.00:13.6858#-1.7217#0.2392#0.0115#-0.0088#-2.2270
68.00:14.3867#-1.5969#0.2377#0.0251#-0.0528#-2.3414
69.00:13.8171#-2.2103#0.2400#-0.0010#0.0009#-2.2120
70.00:13.7765#-2.3079#0.2401#-0.0020#0.0008#-1.9360
71.00:13.7683#-2.4069#0.2401#-0.0023#0.0003#-1.6653
72.00:13.6899#-3.2699#0.2400#-0.0015#0.0002#-1.6740
73.00:13.5698#-4.4296#0.2400#-0.0012#0.0002#-1.6740
74.00:13.4875#-5.2258#0.2400#-0.0011#0.0002#-1.6690
75.00:13.4871#-5.2304#0.2401#-0.0016#0.0002#-1.6679
76.00:13.4871#-5.2304#0.2401#-0.0016#0.0002#-1.6679
77.00:13.4871#-5.2303#0.2401#-0.0015#0.0002#-1.6679
78.00:13.4871#-5.2303#0.2401#-0.0014#0.0002#-1.6679
79.00:13.4871#-5.2302#0.2401#-0.0015#0.0002#-1.6679
80.00:13.4871#-5.2301#0.2401#-0.0015#0.0002#-1.6680
81.00:13.4871#-5.2301#0.2401#-0.0014#0.0002#-1.6680
82.00:13.4871#-5.2300#0.2401#-0.0015#0.0002#-1.6680
83.00:13.4871#-5.2300#0.2401#-0.0015#0.0002#-1.6680
84.00:13.4871#-5.2299#0.2401#-0.0015#0.0002#-1.6680
85.00:13.4871#-5.2298#0.2401#-0.0014#0.0002#-1.6680
86.00:13.4871#-5.2298#0.2401#-0.0014#0.0002#-1.6680
87.00:13.4871#-5.2297#0.2401#-0.0014#0.0002#-1.6680
88.00:13.4871#-5.2297#0.2401#-0.0015#0.0002#-1.6680
89.00:13.4871#-5.2296#0.2401#-0.0015#0.0002#-1.6680
90.00:13.4871#-5.2295#0.2401#-0.0015#0.0002#-1.6681
91.00:13.4871#-5.2295#0.2401#-0.0015#0.0002#-1.6681
92.00:13.4871#-5.2294#0.2401#-0.0014#0.0002#-1.6680
93.00:13.4871#-5.2294#0.2401#-0.0014#0.0002#-1.6680
94.00:13.4871#-5.2293#0.2401#-0.0014#0.0002#-1.6680
95.00:13.4871#-5.2293#0.2401#-0.0014#0.0002#-1.6681
96.00:13.4871#-5.2292#0.2401#-0.0014#0.0002#-1.6681
97.00:13.4871#-5.2291#0.2401#-0.0014#0.0002#-1.6681
98.00:13.4871#-5.2291#0.2401#-0.0014#0.0002#-1.6681
99.00:13.4871#-5.2290#0.2401#-0.0014#0.0002#-1.6681
100.00:13.4871#-5.2290#0.2401#-0.0015#0.0002#-1.6681
101.00:13.4871#-5.2289#0.2401#-0.0015#0.0002#-1.6681
102.00:13.4871#-5.2289#0.2401#-0.0014#0.0002#-1.6681
103.00:13.4871#-5.2288#0.2401#-0.0014#0.0002#-1.6681
104.00:13.4871#-5.2287#0.2401#-0.0014#0.0002#-1.6681
105.00:13.4871#-5.2287#0.2401#-0.0014#0.0002#-1.6681
106.00:13.4871#-5.2287#0.2401#-0.0014#0.0002#-1.6681
107.00:13.4871#-5.2286#0.2401#-0.0014#0.0002#-1.6681
108.00:13.4871#-5.2285#0.2401#-0.0014#0.0002#-1.6681
109.00:13.4671#-5.4169#0.2400#-0.0017#0.0002#-1.6780
110.00:13.3757#-6.2056#0.2400#-0.0010#0.0002#-1.6776