
1.00:0.2653#-1.1873#0.2401#-0.0001#-0.0023#-0.0001
2.00:0.2653#-1.1874#0.2401#-0.0001#-0.0023#-0.0001
3.00:0.2652#-1.1874#0.2401#-0.0001#-0.0021#-0.0001
4.00:0.2651#-1.1874#0.2401#-0.0001#-0.0022#-0.0001
5.00:0.2650#-1.1874#0.2401#-0.0001#-0.0022#-0.0001
6.00:0.2650#-1.1874#0.2401#-0.0001#-0.0020#-0.0002
7.00:0.2649#-1.1874#0.2401#-0.0001#-0.0021#-0.0002
8.00:0.2649#-1.1874#0.2401#-0.0001#-0.0021#-0.0002
9.00:0.2648#-1.1874#0.2401#-0.0001#-0.0021#-0.0002
10.00:0.2647#-1.1874#0.2401#-0.0001#-0.0022#-0.0003
11.00:0.2646#-1.1874#0.2401#-0.0001#-0.0022#-0.0003
12.00:0.2646#-1.1874#0.2401#-0.0001#-0.0021#-0.0003
13.00:0.2644#-1.1874#0.2401#-0.0001#-0.0024#-0.0004
14.00:0.2644#-1.1874#0.2401#-0.0001#-0.0021#-0.0004
15.00:0.6052#-1.2144#0.2401#-0.0006#-0.0021#-0.2142
16.00:1.0387#-1.5281#0.2400#-0.0014#-0.0011#-0.9082
17.00:1.0860#-1.5574#0.2401#-0.0013#-0.0017#-0.6174
18.00:1.1390#-1.5715#0.2401#-0.0007#-0.0020#-0.3293
19.00:1.1944#-1.5701#0.2401#-0.0001#-0.0021#-0.0425
20.00:1.5752#-1.5325#0.2401#0.0001#-0.0020#0.0763
21.00:2.7331#-1.4556#0.2400#0.0001#-0.0016#0.0661
22.00:3.8961#-1.3786#0.2400#0.0000#-0.0016#0.0664
23.00:5.0631#-1.3011#0.2400#0.0000#-0.0015#0.0664
24.00:6.2264#-1.2239#0.2400#-0.0000#-0.0017#0.0662
25.00:7.0605#-0.8751#0.2400#0.0015#-0.0005#1.2481
26.00:6.6715#-0.8257#0.2400#-0.0017#0.0004#-1.8495
27.00:6.9984#-0.9408#0.2401#0.0012#-0.0019#0.6036
28.00:7.2929#0.0090#0.2400#0.0015#-0.0002#1.4306
29.00:7.4564#1.1673#0.2400#0.0012#-0.0002#1.4305
30.00:7.4736#1.2430#0.2401#0.0029#-0.0001#1.5707
31.00:7.4735#1.2430#0.2401#0.0029#-0.0001#1.5708
32.00:7.4730#1.2430#0.2401#0.0029#-0.0001#1.5708