
2.00:hum1:-0.2750#-0.5250#0.8025#-0.0000#0.0000#-0.0000
3.00:hum1:-0.2750#-0.5250#0.8025#-0.0000#0.0000#-0.0000
4.00:hum1:-0.2750#-0.5250#0.8025#-0.0000#0.0000#-0.0000
5.00:hum1:-0.2750#-0.5250#0.8025#-0.0000#0.0000#-0.0000
6.00:hum1:-0.2750#-0.5250#0.8025#-0.0000#0.0000#-0.0000
7.00:hum1:-0.2750#-0.5250#0.8025#-0.0000#0.0000#-0.0000
8.00:hum1:-0.2750#-0.5250#0.8025#-0.0000#0.0000#-0.0000
9.00:hum1:-0.2750#-0.5250#0.8025#-0.0000#0.0000#-0.0000
10.00:hum1:-0.2750#-0.5250#0.8025#-0.0000#0.0000#-0.0000
11.00:hum1:-0.2750#-0.5250#0.8025#-0.0000#0.0000#-0.0000
12.00:hum1:-0.2750#-0.5250#0.8025#-0.0000#0.0000#-0.0000
13.00:hum1:-0.2750#-0.5250#0.8025#-0.0000#0.0000#-0.0000
14.00:hum1:-0.2750#-0.5250#0.8025#-0.0000#0.0000#-0.0000
15.00:hum1:0.5336#-0.6725#0.8496#-0.0574#-0.5131#-0.1162
16.00:hum1:1.5816#-0.8217#0.8721#-0.0772#-0.6535#-0.1262
17.00:hum1:2.5817#-0.9527#0.9484#-0.1567#-1.0296#-0.1819
18.00:hum1:3.4938#-1.0751#0.9377#-0.1217#-0.9839#-0.1455
19.00:hum1:4.7237#-1.2152#0.9191#-0.0857#-0.8987#-0.1090
20.00:hum1:7.4622#-1.3675#0.8171#0.0079#0.2709#-0.0291
21.00:hum1:11.2100#-1.4575#0.8618#0.0035#-0.5954#0.0066
22.00:hum1:12.7702#-3.5629#0.8025#0.0000#0.0000#-0.9937
23.00:hum1:15.6561#-2.5892#0.8048#-0.0223#0.0538#0.3931
24.00:hum1:16.7497#-2.1365#0.8025#-0.0000#0.0000#0.3925
25.00:hum1:16.9715#-2.0447#0.8025#-0.0000#0.0000#0.3925
26.00:hum1:17.0949#-1.9935#0.8153#-0.0961#0.2279#0.4035
27.00:hum1:18.7213#0.7371#0.8071#-0.0080#0.0008#1.4682
28.00:hum1:18.8322#3.8678#0.8262#0.3287#-0.0073#1.5497
29.00:hum1:18.8343#3.9653#0.8204#-0.3323#0.0074#1.5497
30.00:hum1:18.3750#4.6735#0.4025#0.0000#0.0000#-1.5700
31.00:hum1:18.3750#4.6735#0.4025#0.0000#0.0000#-1.5700
32.00:hum1:18.3750#4.6735#0.4025#0.0000#0.0000#-1.5700
33.00:hum1:18.3750#4.6735#0.4025#0.0000#0.0000#-1.5700
34.00:hum1:18.3750#4.6735#0.4025#0.0000#0.0000#-1.5700
35.00:hum1:18.3750#4.6735#0.4025#0.0000#0.0000#-1.5700
36.00:hum1:18.3750#4.6735#0.4025#0.0000#0.0000#-1.5700
37.00:hum1:18.3750#4.6735#0.4025#0.0000#0.0000#-1.5700
38.00:hum1:18.3750#4.6735#0.4025#0.0000#0.0000#-1.5700
39.00:hum1:18.3750#4.6735#0.4025#0.0000#0.0000#-1.5700
40.00:hum1:18.3750#4.6735#0.4025#0.0000#0.0000#-1.5700
41.00:hum1:18.3750#4.6735#0.4025#0.0000#0.0000#-1.5700
42.00:hum1:18.3750#4.6735#0.4025#0.0000#0.0000#-1.5700
43.00:hum1:18.3750#4.6735#0.4025#0.0000#0.0000#-1.5700
44.00:hum1:18.3750#4.6735#0.4025#0.0000#0.0000#-1.5700
45.00:hum1:18.3750#4.6735#0.4025#0.0000#0.0000#-1.5700
46.00:hum1:18.3750#4.6735#0.4025#0.0000#0.0000#-1.5700
47.00:hum1:18.3751#4.0573#0.8069#-0.0822#-0.0000#-1.5700
48.00:hum1:18.2061#2.5939#0.9141#-0.8776#0.0425#-1.6057
49.00:hum1:17.5966#0.0451#0.8618#-0.4609#0.3914#-2.2256
50.00:hum1:16.2383#-1.7370#0.8115#-0.1378#0.0854#-2.1218
51.00:hum1:15.3278#-4.3021#0.8374#-0.2643#0.3380#-2.4567
52.00:hum1:14.4823#-4.9321#0.8204#0.2036#-0.2646#-2.4730
53.00:hum1:13.9823#-5.3064#0.8908#-0.5196#0.5854#-2.3385
54.00:hum1:14.1019#-5.2168#0.8025#0.0000#-0.0000#-2.4984
55.00:hum1:14.1019#-5.2168#0.8025#0.0000#-0.0000#-2.4984
56.00:hum1:14.1019#-5.2168#0.8025#0.0000#-0.0000#-2.4984
57.00:hum1:14.1019#-5.2168#0.8025#0.0000#-0.0000#-2.4984
58.00:hum1:14.1019#-5.2168#0.8025#0.0000#-0.0000#-2.4984
59.00:hum1:14.1019#-5.2168#0.8025#0.0000#-0.0000#-2.4984
60.00:hum1:14.1019#-5.2168#0.8025#0.0000#-0.0000#-2.4984
61.00:hum1:14.1019#-5.2168#0.8025#0.0000#-0.0000#-2.4984
62.00:hum1:14.1019#-5.2168#0.8025#0.0000#-0.0000#-2.4984
63.00:hum1:14.1019#-5.2168#0.8025#0.0000#-0.0000#-2.4984
64.00:hum1:14.1019#-5.2168#0.8025#0.0000#-0.0000#-2.4984