
2.00:0.2653#-1.1874#0.2401#-0.0001#-0.0023#-0.0001
3.00:0.2652#-1.1874#0.2401#-0.0001#-0.0021#-0.0001
4.00:0.2651#-1.1874#0.2401#-0.0001#-0.0022#-0.0001
5.00:0.2650#-1.1874#0.2401#-0.0001#-0.0022#-0.0001
6.00:0.2650#-1.1874#0.2401#-0.0001#-0.0020#-0.0002
7.00:0.2649#-1.1874#0.2401#-0.0001#-0.0021#-0.0002
8.00:0.2649#-1.1874#0.2401#-0.0001#-0.0021#-0.0002
9.00:0.2648#-1.1874#0.2401#-0.0001#-0.0021#-0.0002
10.00:0.2647#-1.1874#0.2401#-0.0001#-0.0022#-0.0003
11.00:0.2646#-1.1874#0.2401#-0.0001#-0.0022#-0.0003
12.00:0.2646#-1.1874#0.2401#-0.0001#-0.0021#-0.0003
13.00:0.2644#-1.1874#0.2401#-0.0001#-0.0024#-0.0004
14.00:0.2644#-1.1874#0.2401#-0.0001#-0.0021#-0.0004
15.00:0.2644#-1.1874#0.2401#-0.0001#-0.0020#-0.0003
16.00:0.2643#-1.1874#0.2401#-0.0001#-0.0022#-0.0003
17.00:0.2642#-1.1875#0.2401#-0.0001#-0.0023#-0.0003
18.00:0.7249#-1.2536#0.2401#-0.0011#-0.0024#-0.3721
19.00:1.0212#-1.5080#0.2401#-0.0015#-0.0011#-0.9090
20.00:1.0683#-1.5367#0.2401#-0.0013#-0.0018#-0.6172
21.00:1.1216#-1.5508#0.2401#-0.0007#-0.0020#-0.3293
22.00:1.1771#-1.5495#0.2401#-0.0001#-0.0021#-0.0416
23.00:1.7192#-1.5260#0.2400#-0.0001#-0.0016#0.0132
24.00:2.8810#-1.5076#0.2400#-0.0000#-0.0016#0.0157
25.00:4.0326#-1.4896#0.2399#0.0002#-0.0001#0.0158
26.00:4.3432#-1.4874#0.2400#-0.0002#-0.0016#-0.0715
27.00:4.6185#-1.5638#0.2400#-0.0005#-0.0016#-0.2540
28.00:5.4333#-1.9924#0.2400#-0.0015#-0.0003#-1.1835
29.00:5.1457#-2.1804#0.2400#0.0007#0.0014#2.7193
30.00:5.0555#-2.1150#0.2401#0.0011#0.0018#2.6051
31.00:5.0008#-2.1057#0.2401#0.0005#0.0021#2.9026
32.00:4.9461#-2.1125#0.2401#-0.0001#0.0022#-3.0873
33.00:4.8988#-2.1335#0.2401#-0.0007#0.0020#-2.8002
34.00:4.8586#-2.1676#0.2401#-0.0013#0.0018#-2.5169
35.00:4.8297#-2.2117#0.2401#-0.0017#0.0014#-2.2295
36.00:4.8147#-2.2620#0.2401#-0.0020#0.0008#-1.9426
37.00:4.8141#-2.3148#0.2401#-0.0021#0.0002#-1.6607
38.00:4.8287#-2.3677#0.2401#-0.0021#-0.0004#-1.3746
39.00:4.8573#-2.4146#0.2401#-0.0019#-0.0010#-1.0890
40.00:4.8972#-2.4505#0.2401#-0.0016#-0.0015#-0.8042
41.00:4.9458#-2.4729#0.2401#-0.0011#-0.0019#-0.5098
42.00:4.9978#-2.4805#0.2401#-0.0005#-0.0021#-0.2248
43.00:5.0502#-2.4728#0.2401#0.0001#-0.0022#0.0669
44.00:5.4216#-2.4003#0.2400#0.0002#-0.0020#0.1480
45.00:6.5716#-2.2606#0.2400#0.0001#-0.0014#0.1203
46.00:7.7308#-2.1207#0.2400#0.0000#-0.0011#0.1200
47.00:8.8903#-1.9807#0.2400#0.0001#-0.0013#0.1202
48.00:10.0478#-1.8411#0.2400#0.0001#-0.0015#0.1198
49.00:11.2053#-1.7014#0.2401#0.0001#-0.0016#0.1204
50.00:12.3627#-1.5614#0.2400#0.0001#-0.0013#0.1203
51.00:13.5201#-1.4213#0.2400#0.0001#-0.0014#0.1207
52.00:14.1482#-1.3433#0.2400#0.0002#-0.0016#0.1458
53.00:14.1955#-1.3175#0.2401#0.0009#-0.0020#0.4360
54.00:14.2329#-1.2788#0.2401#0.0015#-0.0017#0.7280
55.00:14.2580#-1.2304#0.2401#0.0018#-0.0012#1.0165
56.00:14.2688#-1.1760#0.2401#0.0021#-0.0006#1.3089
57.00:14.2631#-1.1207#0.2401#0.0022#0.0000#1.6024
58.00:14.2420#-1.0702#0.2401#0.0021#0.0007#1.8964
59.00:14.2071#-1.0281#0.2401#0.0018#0.0012#2.1901
60.00:14.1618#-0.9980#0.2401#0.0013#0.0017#2.4807
61.00:14.1093#-0.9814#0.2401#0.0008#0.0020#2.7651
62.00:14.0546#-0.9802#0.2401#0.0002#0.0022#3.0503
63.00:14.0017#-0.9947#0.2401#-0.0004#0.0022#-2.9462
64.00:13.9559#-1.0229#0.2401#-0.0010#0.0020#-2.6621