
1.00:hum1:-6.4000#-1.4250#0.8025#-0.0000#0.0000#-0.0000
2.00:hum1:-6.4000#-1.4250#0.8025#-0.0000#0.0000#-0.0000
3.00:hum1:-6.4000#-1.4250#0.8025#-0.0000#0.0000#-0.0000
4.00:hum1:-6.4000#-1.4250#0.8025#-0.0000#0.0000#-0.0000
5.00:hum1:-6.4000#-1.4250#0.8025#-0.0000#0.0000#-0.0000
6.00:hum1:-6.4000#-1.4250#0.8025#-0.0000#0.0000#-0.0000
7.00:hum1:-6.4000#-1.4250#0.8025#-0.0000#0.0000#-0.0000
8.00:hum1:-6.4000#-1.4250#0.8025#-0.0000#0.0000#-0.0000
9.00:hum1:-6.4000#-1.4250#0.8025#-0.0000#0.0000#-0.0000
10.00:hum1:-6.4000#-1.4250#0.8025#-0.0000#0.0000#-0.0000
11.00:hum1:-6.4000#-1.4250#0.8025#-0.0000#0.0000#-0.0000
12.00:hum1:-6.4000#-1.4250#0.8025#-0.0000#0.0000#-0.0000
13.00:hum1:-6.4000#-1.4250#0.8025#-0.0000#0.0000#-0.0000
14.00:hum1:-6.4000#-1.4250#0.8025#-0.0000#0.0000#-0.0000
15.00:hum1:-5.5975#-1.5815#0.9191#-0.2314#-0.8797#-0.2964
16.00:hum1:-4.5806#-1.7741#0.9413#-0.2852#-0.9776#-0.3396
17.00:hum1:-4.5722#-1.7757#0.8721#-0.1429#-0.6439#-0.2349
18.00:hum1:-3.9620#-1.8913#0.8466#-0.1002#-0.4852#-0.2120
19.00:hum1:-2.6793#-2.1342#0.9377#-0.2760#-0.9627#-0.3320
20.00:hum1:-1.4646#-2.3643#0.9191#-0.2314#-0.8797#-0.2964
21.00:hum1:-0.4587#-2.5548#0.8168#-0.0428#-0.2216#-0.1919
22.00:hum1:0.5224#-2.7405#0.8153#0.0470#0.2426#-0.1929
23.00:hum1:1.9637#-2.7175#0.8244#-0.3525#0.0912#1.3284
24.00:hum1:2.2400#-1.3084#0.8048#-0.0569#-0.0125#1.7877
25.00:hum1:2.1906#-1.0740#0.8466#0.4869#0.0905#1.7402
26.00:hum1:1.7492#-1.4811#0.9377#-0.9840#-0.1196#-1.4913
27.00:hum1:2.1870#-0.9730#0.9191#0.8983#0.0906#1.6430
28.00:hum1:2.2081#-1.1399#0.8168#0.2248#0.0187#1.6529
29.00:hum1:2.2206#-1.3244#0.8153#-0.2466#-0.0147#1.6294
30.00:hum1:2.2155#-1.3411#0.8244#-0.3636#-0.0052#1.5847
31.00:hum1:2.2049#-1.2968#0.8048#-0.0576#0.0083#1.4288
32.00:hum1:1.7002#-1.2713#0.8466#-0.4881#0.0832#-1.7258
33.00:hum1:1.7055#-1.2325#0.8273#-0.3350#0.0668#-1.7599
34.00:hum1:3.3397#-1.5095#0.9141#0.1239#-0.8720#0.1616
35.00:hum1:3.6912#-1.5782#0.9413#-0.1907#-0.9928#-0.2262
36.00:hum1:4.7334#-1.7045#0.8262#-0.0402#-0.3264#-0.1246
37.00:hum1:5.4116#-1.7681#0.8116#0.0061#0.1945#-0.0314
38.00:hum1:6.4526#-1.7848#0.8267#-0.0157#0.3725#0.0434
39.00:hum1:6.8706#-1.7680#0.8069#0.0033#-0.0821#0.0406
40.00:hum1:7.3982#-1.7466#0.8071#-0.0003#0.0080#0.0405
41.00:hum1:8.4931#-1.7022#0.8215#-0.0131#0.3156#0.0425
42.00:hum1:9.7437#-1.6516#0.8161#-0.0125#0.3010#0.0424
43.00:hum1:11.0735#-1.5978#0.8069#0.0033#-0.0821#0.0406
44.00:hum1:12.3667#-1.5454#0.8763#0.0326#-0.6815#0.0521
45.00:hum1:13.6860#-1.4920#0.9597#0.0763#-1.0852#0.0865
46.00:hum1:14.8013#-1.4468#0.8496#0.0228#-0.5155#0.0465
47.00:hum1:15.8041#-1.4062#0.8071#-0.0003#0.0080#0.0405
48.00:hum1:16.8990#-1.3618#0.8215#-0.0131#0.3156#0.0425
49.00:hum1:18.1496#-1.3111#0.8161#-0.0125#0.3010#0.0424
50.00:hum1:18.9760#-1.2777#0.8102#0.0044#-0.1103#0.0407
51.00:hum1:18.9364#-1.2793#0.8081#-0.0052#0.1279#0.0408