
2.00:-4.8099#-1.1623#0.2401#-0.0001#-0.0025#-0.0001
3.00:-4.8100#-1.1623#0.2401#-0.0001#-0.0024#-0.0001
4.00:-4.8100#-1.1623#0.2401#-0.0001#-0.0022#-0.0001
5.00:-4.8102#-1.1623#0.2401#-0.0001#-0.0025#-0.0002
6.00:-4.8103#-1.1623#0.2401#-0.0001#-0.0023#-0.0002
7.00:-4.8104#-1.1623#0.2401#-0.0001#-0.0025#-0.0002
8.00:-4.8105#-1.1623#0.2401#-0.0001#-0.0025#-0.0001
9.00:-4.8106#-1.1623#0.2401#-0.0001#-0.0023#-0.0002
10.00:-4.8106#-1.1624#0.2401#-0.0001#-0.0021#-0.0002
11.00:-4.8108#-1.1624#0.2401#-0.0001#-0.0022#-0.0003
12.00:-4.4648#-1.1956#0.2401#-0.0006#-0.0021#-0.2535
13.00:-4.1710#-1.4234#0.2401#-0.0016#-0.0012#-0.8903
14.00:-4.0913#-1.4775#0.2401#-0.0012#-0.0018#-0.5980
15.00:-4.0015#-1.5058#0.2401#-0.0007#-0.0020#-0.3123
16.00:-3.9075#-1.5078#0.2401#-0.0001#-0.0022#-0.0278
17.00:-3.2960#-1.4660#0.2401#0.0000#-0.0015#0.0608
18.00:-2.1321#-1.3952#0.2401#0.0000#-0.0015#0.0609
19.00:-0.9684#-1.3238#0.2401#0.0000#-0.0016#0.0614
20.00:0.1990#-1.2519#0.2401#0.0000#-0.0014#0.0614
21.00:1.3627#-1.1803#0.2401#0.0000#-0.0016#0.0616
22.00:2.5262#-1.1084#0.2401#0.0000#-0.0016#0.0618
23.00:3.6455#-1.0391#0.2400#0.0000#-0.0010#0.0631
24.00:3.8571#-1.0300#0.2401#-0.0002#-0.0021#-0.0590
25.00:4.1008#-1.1022#0.2401#-0.0005#-0.0017#-0.2586
26.00:5.0889#-1.3657#0.2400#-0.0003#-0.0010#-0.2604
27.00:5.2551#-1.3933#0.2401#-0.0002#-0.0020#-0.0749
28.00:5.8704#-1.3877#0.2400#-0.0000#-0.0015#-0.0040
29.00:7.0361#-1.3926#0.2400#-0.0000#-0.0015#-0.0043
30.00:7.6648#-1.3896#0.2401#-0.0000#-0.0014#0.0329
31.00:7.6647#-1.3896#0.2401#-0.0000#-0.0014#0.0329
32.00:7.6646#-1.3896#0.2401#-0.0000#-0.0014#0.0329
33.00:7.6645#-1.3897#0.2401#-0.0000#-0.0015#0.0328
34.00:7.6643#-1.3897#0.2401#-0.0000#-0.0017#0.0328
35.00:7.6642#-1.3897#0.2401#-0.0000#-0.0015#0.0328
36.00:7.6641#-1.3897#0.2401#-0.0000#-0.0016#0.0329
37.00:7.6640#-1.3897#0.2401#-0.0000#-0.0017#0.0328
38.00:7.6639#-1.3897#0.2401#-0.0000#-0.0017#0.0329
39.00:7.8901#-1.3840#0.2401#-0.0000#-0.0018#0.0175
40.00:9.0133#-1.3873#0.2401#-0.0000#-0.0015#-0.0042
41.00:10.1791#-1.3922#0.2401#-0.0000#-0.0013#-0.0037
42.00:11.3464#-1.3969#0.2400#-0.0000#-0.0011#-0.0041
43.00:12.5144#-1.4016#0.2401#-0.0001#-0.0015#-0.0041
44.00:13.6803#-1.4060#0.2401#-0.0001#-0.0016#-0.0037
45.00:14.8463#-1.4099#0.2401#-0.0001#-0.0016#-0.0030
46.00:16.0121#-1.4134#0.2401#-0.0001#-0.0014#-0.0030
47.00:17.1817#-1.4169#0.2401#-0.0000#-0.0015#-0.0030
48.00:18.3475#-1.4202#0.2401#-0.0001#-0.0018#-0.0030
49.00:19.5055#-1.4236#0.2400#-0.0001#-0.0011#-0.0024
50.00:19.8517#-1.4196#0.2401#-0.0000#-0.0015#0.0298
51.00:19.8516#-1.4195#0.2401#-0.0000#-0.0015#0.0298