
2.00:-4.1099#-1.2873#0.2401#-0.0001#-0.0024#-0.0002
3.00:-4.1101#-1.2873#0.2401#-0.0001#-0.0025#-0.0002
4.00:-4.1102#-1.2874#0.2401#-0.0001#-0.0025#-0.0002
5.00:-4.1103#-1.2874#0.2401#-0.0001#-0.0025#-0.0003
6.00:-4.1104#-1.2874#0.2401#-0.0001#-0.0026#-0.0003
7.00:-4.1105#-1.2874#0.2401#-0.0001#-0.0026#-0.0003
8.00:-4.1106#-1.2874#0.2401#-0.0001#-0.0024#-0.0004
9.00:-4.1108#-1.2874#0.2401#-0.0001#-0.0024#-0.0006
10.00:-4.1108#-1.2874#0.2401#-0.0001#-0.0021#-0.0007
11.00:-4.1034#-1.2874#0.2402#-0.0001#-0.0037#-0.0010
12.00:-3.4158#-1.0603#0.2402#0.0020#-0.0025#0.6834
13.00:-3.1981#-0.8071#0.2401#0.0017#-0.0013#0.9552
14.00:-3.1872#-0.8179#0.2401#0.0012#-0.0018#0.6420
15.00:-3.1789#-0.8308#0.2401#0.0006#-0.0021#0.3355
16.00:-3.1749#-0.8452#0.2401#-0.0000#-0.0022#0.0296
17.00:-3.0724#-0.8801#0.2401#-0.0005#-0.0019#-0.2228
18.00:-2.0350#-1.0993#0.2401#-0.0004#-0.0016#-0.2056
19.00:-0.8937#-1.3371#0.2401#-0.0004#-0.0017#-0.2055
20.00:-0.0627#-1.5080#0.2400#-0.0003#-0.0011#-0.1977
21.00:0.0350#-1.5046#0.2401#0.0000#-0.0025#0.0434
22.00:0.8588#-1.4182#0.2401#0.0001#-0.0016#0.1035
23.00:2.0185#-1.2977#0.2400#0.0001#-0.0013#0.1038
24.00:3.1782#-1.1766#0.2401#0.0001#-0.0014#0.1041
25.00:4.2944#-1.0593#0.2400#0.0000#-0.0011#0.1061
26.00:4.5078#-1.0429#0.2401#-0.0001#-0.0019#-0.0183
27.00:4.7986#-1.1109#0.2401#-0.0005#-0.0018#-0.2071
28.00:5.8109#-1.3270#0.2400#-0.0003#-0.0009#-0.2074
29.00:5.9788#-1.3447#0.2401#-0.0001#-0.0019#-0.0178
30.00:6.7023#-1.3152#0.2400#-0.0000#-0.0016#0.0289
31.00:7.8677#-1.2811#0.2401#-0.0000#-0.0017#0.0292
32.00:8.6280#-1.6464#0.2400#-0.0006#-0.0008#-0.6056
33.00:8.8056#-1.7563#0.2401#-0.0010#-0.0019#-0.4506
34.00:8.9021#-1.7714#0.2401#-0.0004#-0.0021#-0.1572
35.00:8.9988#-1.7592#0.2401#0.0002#-0.0025#0.1188
36.00:9.8085#-1.6596#0.2401#0.0000#-0.0015#0.1042
37.00:10.9680#-1.5382#0.2401#0.0001#-0.0015#0.1046
38.00:12.1274#-1.4164#0.2401#0.0001#-0.0014#0.1048
39.00:13.2868#-1.2944#0.2401#0.0001#-0.0015#0.1050
40.00:14.0818#-1.2081#0.2400#0.0001#-0.0011#0.1269
41.00:14.0919#-1.2200#0.2401#-0.0004#-0.0022#-0.1354
42.00:14.0886#-1.2340#0.2401#-0.0010#-0.0020#-0.4265
43.00:14.0812#-1.2465#0.2401#-0.0015#-0.0016#-0.7168
44.00:14.0705#-1.2562#0.2401#-0.0019#-0.0011#-1.0088
45.00:14.2876#-1.7281#0.2400#-0.0012#-0.0005#-1.1358
46.00:14.5093#-2.2000#0.2401#-0.0018#-0.0007#-1.1493
47.00:14.4957#-2.2050#0.2401#-0.0021#-0.0002#-1.4410
48.00:14.4734#-2.4587#0.2400#-0.0017#0.0001#-1.6248
49.00:14.4165#-3.5982#0.2400#-0.0014#0.0002#-1.6206
50.00:14.3583#-4.7646#0.2400#-0.0009#0.0001#-1.6205
51.00:14.3337#-5.2711#0.2401#-0.0015#0.0001#-1.6160
52.00:14.3337#-5.2711#0.2401#-0.0014#0.0001#-1.6160
53.00:14.3337#-5.2710#0.2401#-0.0014#0.0001#-1.6160
54.00:14.3337#-5.2710#0.2401#-0.0014#0.0001#-1.6160
55.00:14.3337#-5.2709#0.2401#-0.0015#0.0001#-1.6160
56.00:14.3337#-5.2709#0.2401#-0.0015#0.0001#-1.6160
57.00:14.3337#-5.2708#0.2401#-0.0014#0.0001#-1.6160
58.00:14.3337#-5.2707#0.2401#-0.0014#0.0001#-1.6160
59.00:14.3337#-5.2707#0.2401#-0.0014#0.0001#-1.6160
60.00:14.3337#-5.2706#0.2401#-0.0014#0.0001#-1.6160
61.00:14.3337#-5.2706#0.2401#-0.0015#0.0001#-1.6160
62.00:14.3337#-5.2705#0.2401#-0.0014#0.0001#-1.6160
63.00:14.3337#-5.2705#0.2401#-0.0014#0.0001#-1.6160
64.00:14.3337#-5.2704#0.2401#-0.0015#0.0001#-1.6160
65.00:14.3337#-5.2704#0.2401#-0.0014#0.0001#-1.6160
66.00:14.3337#-5.2703#0.2401#-0.0014#0.0001#-1.6160
67.00:14.3337#-5.2703#0.2401#-0.0014#0.0001#-1.6160
68.00:14.3337#-5.2702#0.2401#-0.0014#0.0001#-1.6160
69.00:14.3337#-5.2702#0.2401#-0.0014#0.0001#-1.6160
70.00:14.3337#-5.2701#0.2401#-0.0014#0.0001#-1.6160
71.00:14.3337#-5.2701#0.2401#-0.0015#0.0001#-1.6160
72.00:14.3337#-5.2700#0.2401#-0.0014#0.0001#-1.6160
73.00:14.3337#-5.2700#0.2401#-0.0014#0.0001#-1.6160
74.00:14.3337#-5.2699#0.2401#-0.0014#0.0001#-1.6160
75.00:14.3337#-5.2699#0.2401#-0.0015#0.0001#-1.6160
76.00:14.3337#-5.2698#0.2401#-0.0014#0.0001#-1.6160
77.00:14.3337#-5.2698#0.2401#-0.0014#0.0001#-1.6160
78.00:14.3226#-5.4991#0.2401#-0.0016#0.0002#-1.6248
79.00:14.2703#-6.3103#0.2400#-0.0010#0.0001#-1.6315
80.00:14.2707#-6.3372#0.2401#-0.0015#0.0001#-1.5951