
1.00:-4.8097#-1.1623#0.2401#-0.0001#-0.0023#-0.0000
2.00:-4.8099#-1.1623#0.2401#-0.0001#-0.0025#-0.0001
3.00:-4.8100#-1.1623#0.2401#-0.0001#-0.0024#-0.0001
4.00:-4.8100#-1.1623#0.2401#-0.0001#-0.0022#-0.0001
5.00:-4.8102#-1.1623#0.2401#-0.0001#-0.0025#-0.0002
6.00:-4.8103#-1.1623#0.2401#-0.0001#-0.0023#-0.0002
7.00:-4.8104#-1.1623#0.2401#-0.0001#-0.0025#-0.0002
8.00:-4.8105#-1.1623#0.2401#-0.0001#-0.0025#-0.0001
9.00:-4.8106#-1.1623#0.2401#-0.0001#-0.0023#-0.0002
10.00:-4.8106#-1.1624#0.2401#-0.0001#-0.0021#-0.0002
11.00:-4.6566#-1.1631#0.2402#-0.0001#-0.0030#-0.0018
12.00:-3.9087#-0.8032#0.2401#0.0016#-0.0012#0.9706
13.00:-3.8790#-0.7709#0.2401#0.0014#-0.0016#0.8015
14.00:-3.8692#-0.7823#0.2401#0.0010#-0.0020#0.4945
15.00:-3.8630#-0.7962#0.2401#0.0003#-0.0022#0.1896
16.00:-3.8607#-0.8112#0.2401#-0.0004#-0.0022#-0.1137
17.00:-3.2931#-0.9394#0.2401#-0.0004#-0.0016#-0.2081
18.00:-2.1525#-1.1802#0.2401#-0.0004#-0.0015#-0.2082
19.00:-1.0382#-1.4152#0.2400#-0.0003#-0.0012#-0.2072
20.00:-0.7519#-1.4638#0.2401#-0.0002#-0.0021#-0.0688
21.00:-0.3474#-1.4223#0.2401#0.0001#-0.0020#0.0977
22.00:0.8081#-1.3035#0.2401#0.0001#-0.0014#0.1023
23.00:1.9638#-1.1851#0.2400#0.0000#-0.0012#0.1018
24.00:2.3083#-1.1545#0.2401#-0.0001#-0.0019#0.0079
25.00:2.6011#-1.2180#0.2401#-0.0004#-0.0015#-0.1890
26.00:3.7321#-1.4384#0.2401#-0.0004#-0.0015#-0.1918
27.00:4.8782#-1.6614#0.2400#-0.0003#-0.0009#-0.1919
28.00:5.2988#-1.7332#0.2401#-0.0002#-0.0017#-0.0937
29.00:5.4385#-1.7090#0.2401#0.0003#-0.0020#0.1638
30.00:6.4175#-1.5889#0.2400#0.0000#-0.0010#0.1123
31.00:7.5779#-1.4580#0.2401#0.0001#-0.0016#0.1124
32.00:8.7365#-1.3273#0.2401#0.0001#-0.0016#0.1124
33.00:9.7098#-1.2158#0.2400#0.0000#-0.0010#0.1203
34.00:9.7713#-1.2180#0.2401#-0.0003#-0.0021#-0.0793
35.00:10.3282#-1.3448#0.2401#-0.0004#-0.0015#-0.2363
36.00:11.2049#-1.5501#0.2400#-0.0003#-0.0010#-0.2011
37.00:11.3285#-1.5481#0.2401#-0.0000#-0.0021#0.0425
38.00:12.2401#-1.5155#0.2401#-0.0000#-0.0015#0.0247
39.00:13.4055#-1.4866#0.2401#0.0000#-0.0016#0.0248
40.00:14.5712#-1.4573#0.2401#-0.0001#-0.0014#0.0254
41.00:15.7366#-1.4273#0.2401#-0.0000#-0.0016#0.0260
42.00:16.9040#-1.3968#0.2400#-0.0000#-0.0012#0.0262
43.00:18.0715#-1.3661#0.2401#-0.0001#-0.0016#0.0264
44.00:19.2369#-1.3352#0.2401#-0.0001#-0.0015#0.0265
45.00:19.8032#-1.3179#0.2401#-0.0000#-0.0016#0.0326
46.00:19.8031#-1.3179#0.2401#-0.0000#-0.0017#0.0326
47.00:19.8031#-1.3179#0.2401#-0.0000#-0.0016#0.0326
48.00:19.8030#-1.3179#0.2401#-0.0000#-0.0015#0.0326
49.00:19.8029#-1.3179#0.2401#-0.0000#-0.0016#0.0325
50.00:19.8029#-1.3179#0.2401#-0.0000#-0.0016#0.0325
51.00:19.8028#-1.3179#0.2401#-0.0000#-0.0016#0.0325
52.00:19.8028#-1.3179#0.2401#-0.0000#-0.0014#0.0325
53.00:19.8027#-1.3179#0.2401#-0.0000#-0.0016#0.0324
54.00:19.8057#-1.3276#0.2401#-0.0004#-0.0021#-0.1601
55.00:19.8060#-1.3317#0.2401#-0.0006#-0.0021#-0.2472