
2.00:hum1:3.8000#2.2500#0.8025#-0.0000#-0.0000#-1.5708
3.00:hum1:3.8000#2.2500#0.8025#-0.0000#-0.0000#-1.5708
4.00:hum1:3.8000#2.2500#0.8025#-0.0000#-0.0000#-1.5708
5.00:hum1:3.8000#2.2500#0.8025#-0.0000#-0.0000#-1.5708
6.00:hum1:3.8000#2.2500#0.8025#-0.0000#-0.0000#-1.5708
7.00:hum1:3.8000#2.2500#0.8025#-0.0000#-0.0000#-1.5708
8.00:hum1:3.8000#2.2500#0.8025#-0.0000#-0.0000#-1.5708
9.00:hum1:3.8000#2.2500#0.8025#-0.0000#-0.0000#-1.5708
10.00:hum1:4.7075#1.7485#0.8153#0.0802#0.2339#-0.3333
11.00:hum1:5.3097#1.5381#0.8025#0.0000#0.0000#-0.5206
12.00:hum1:5.4810#1.4566#0.8025#0.0000#0.0000#-0.4403
13.00:hum1:5.5518#1.4234#0.8025#0.0000#0.0000#-0.4377
14.00:hum1:5.6456#1.3796#0.8025#0.0000#0.0000#-0.4364
15.00:hum1:5.6731#1.3668#0.8071#0.0034#0.0073#-0.4347
16.00:hum1:6.1309#1.1543#0.8025#0.0000#0.0000#-0.4340
17.00:hum1:6.1693#1.1369#0.8025#0.0000#0.0000#-0.4252
18.00:hum1:6.2511#1.0999#0.8025#0.0000#0.0000#-0.4245
19.00:hum1:6.3164#1.0705#0.8025#0.0000#0.0000#-0.4229
20.00:hum1:6.4736#0.9999#0.8025#0.0000#0.0000#-0.4215
21.00:hum1:6.9123#0.8049#0.8120#0.1121#0.2462#-0.4323
22.00:hum1:8.1636#0.3445#0.8115#-0.0496#-0.1543#-0.3122
23.00:hum1:8.0918#0.5350#0.8908#-0.1475#0.7504#-2.9268
24.00:hum1:6.8081#0.3907#0.9484#-0.2474#1.0183#-2.8528
25.00:hum1:5.7314#0.2358#0.8374#-0.0724#0.4202#-2.9654
26.00:hum1:4.7487#0.1063#0.8081#0.0246#-0.1257#-2.9475
27.00:hum1:3.6288#-0.1068#0.8281#0.0795#-0.3628#-2.9205
28.00:hum1:2.3561#-0.3716#0.8120#0.0678#-0.2616#-2.8845
29.00:hum1:1.0947#-0.6543#0.8115#-0.0309#0.1590#-2.9487
30.00:hum1:0.7841#-0.7142#0.8025#0.0000#-0.0000#-2.9512
31.00:hum1:0.7841#-0.7142#0.8025#0.0000#-0.0000#-2.9512
32.00:hum1:0.7841#-0.7142#0.8025#0.0000#-0.0000#-2.9512
33.00:hum1:0.7841#-0.7142#0.8025#0.0000#-0.0000#-2.9512
34.00:hum1:0.7841#-0.7142#0.8025#0.0000#-0.0000#-2.9512
35.00:hum1:-0.1909#-0.5392#0.8025#0.0000#-0.0000#-2.9512
36.00:hum1:-0.1909#-0.5392#0.8025#0.0000#-0.0000#-2.9512
37.00:hum1:-0.1909#-0.5392#0.8025#0.0000#-0.0000#-2.9512
38.00:hum1:-0.1909#-0.5392#0.8025#0.0000#-0.0000#-2.9512
39.00:hum1:-0.1909#-0.5392#0.8025#0.0000#-0.0000#-2.9512
40.00:hum1:-0.1909#-0.5392#0.8025#0.0000#-0.0000#-2.9512
41.00:hum1:0.5221#-1.1107#0.8069#-0.0092#-0.0817#-0.1119
42.00:hum1:1.7431#-1.3393#0.8763#-0.2346#-0.6467#-0.3773
43.00:hum1:3.0886#-1.5514#0.9597#-0.2184#-1.0739#-0.2469
44.00:hum1:4.2030#-1.6707#0.8496#-0.0556#-0.5132#-0.1125
45.00:hum1:5.0694#-1.7557#0.8025#0.0000#0.0000#-0.0979
46.00:hum1:5.0694#-1.7557#0.8025#0.0000#0.0000#-0.0979
47.00:hum1:5.6113#-1.7265#0.8067#-0.0093#0.1557#0.0603
48.00:hum1:6.9122#-1.6746#0.8273#0.0130#-0.3411#0.0391
49.00:hum1:8.2179#-1.5763#0.9141#0.1102#-0.8733#0.1437
50.00:hum1:9.4955#-1.4484#0.9413#0.1677#-0.9955#0.1995
51.00:hum1:10.5393#-1.3270#0.8262#0.0396#-0.3265#0.1232
52.00:hum1:11.0981#-1.2615#0.8025#-0.0000#0.0000#0.1167
53.00:hum1:11.0981#-1.2615#0.8025#-0.0000#0.0000#0.1167
54.00:hum1:12.2427#-1.4005#0.8763#-0.0932#-0.6768#-0.1478
55.00:hum1:13.2726#-1.5194#0.8025#0.0000#0.0000#-0.1150
56.00:hum1:13.2726#-1.5194#0.8025#0.0000#0.0000#-0.1150
57.00:hum1:13.2726#-1.5194#0.8025#0.0000#0.0000#-0.1150
58.00:hum1:13.2726#-1.5194#0.8025#0.0000#0.0000#-0.1150
59.00:hum1:13.2726#-1.5194#0.8025#0.0000#0.0000#-0.1150
60.00:hum1:13.2726#-1.5194#0.8025#0.0000#0.0000#-0.1150
61.00:hum1:13.2726#-1.5194#0.8025#0.0000#0.0000#-0.1150
62.00:hum1:13.2726#-1.5194#0.8025#0.0000#0.0000#-0.1150
63.00:hum1:13.2726#-1.5194#0.8025#0.0000#0.0000#-0.1150
64.00:hum1:13.2726#-1.5194#0.8025#0.0000#0.0000#-0.1150
65.00:hum1:13.9797#-1.4992#0.8067#-0.0050#0.1559#0.0326
66.00:hum1:15.2866#-1.4571#0.8273#0.0113#-0.3412#0.0342
67.00:hum1:16.5820#-1.4153#0.9141#0.0385#-0.8778#0.0504
68.00:hum1:17.8613#-1.3740#0.9413#0.0502#-1.0038#0.0599
69.00:hum1:18.4286#-0.1325#0.8262#0.3228#-0.0634#1.3838
70.00:hum1:18.6206#0.8283#0.8116#-0.1909#0.0380#1.3771
71.00:hum1:18.8527#1.9891#0.8267#-0.3662#0.0716#1.3867
72.00:hum1:19.1109#3.2803#0.8067#-0.1530#0.0305#1.3758
73.00:hum1:19.3674#4.5626#0.8273#0.3352#-0.0658#1.3846
74.00:hum1:18.3750#4.6735#0.4025#0.0000#0.0000#-1.5700
75.00:hum1:18.3750#4.6735#0.4025#0.0000#0.0000#-1.5700
76.00:hum1:18.3750#4.6735#0.4025#0.0000#0.0000#-1.5700
77.00:hum1:18.3750#4.6735#0.4025#0.0000#0.0000#-1.5700
78.00:hum1:18.3750#4.6735#0.4025#0.0000#0.0000#-1.5700
79.00:hum1:18.3750#4.6735#0.4025#0.0000#0.0000#-1.5700
80.00:hum1:18.3750#4.6735#0.4025#0.0000#0.0000#-1.5700
81.00:hum1:18.3750#4.6735#0.4025#0.0000#0.0000#-1.5700
82.00:hum1:18.3750#4.6735#0.4025#0.0000#0.0000#-1.5700
83.00:hum1:18.3750#4.6735#0.4025#0.0000#0.0000#-1.5700
84.00:hum1:18.3750#4.6735#0.4025#0.0000#0.0000#-1.5700
85.00:hum1:18.3750#4.6735#0.4025#0.0000#0.0000#-1.5700
86.00:hum1:18.2798#3.3491#0.8067#0.1553#-0.0147#-1.6640
87.00:hum1:18.1608#2.0435#0.8273#-0.3404#0.0266#-1.6455
88.00:hum1:18.0179#0.7535#0.9141#-0.8773#0.0500#-1.6120
89.00:hum1:17.5300#-0.1395#0.9413#-0.8185#0.6681#-2.0959
90.00:hum1:16.9581#-1.1102#0.8262#-0.2934#0.1505#-2.0312
91.00:hum1:17.3126#-1.2120#0.8025#-0.0000#-0.0000#1.9115
92.00:hum1:17.2421#-1.3191#0.8025#-0.0000#-0.0000#1.6321
93.00:hum1:16.7002#-1.2787#0.8025#0.0000#-0.0000#-2.0096
94.00:hum1:16.6294#-1.4283#0.8025#0.0000#-0.0000#-2.0165
95.00:hum1:16.5518#-1.5915#0.8374#-0.3889#0.1784#-1.9791
96.00:hum1:16.1303#-2.4821#0.8081#0.1159#-0.0545#-2.0081
97.00:hum1:15.9370#-3.6871#0.8281#0.3708#-0.0121#-1.6017
98.00:hum1:15.8417#-4.9577#0.8120#0.2689#-0.0244#-1.6588
99.00:hum1:15.6281#-6.2251#0.8115#-0.1594#0.0287#-1.7470
100.00:hum1:15.3952#-7.5156#0.8908#-0.7540#0.1231#-1.7004
101.00:hum1:15.1653#-8.7903#0.9484#-1.0299#0.1537#-1.6621
102.00:hum1:15.4922#-7.7581#0.8374#0.4216#0.0631#1.7109
103.00:hum1:15.3416#-6.7852#0.8081#-0.1265#-0.0195#1.7231
104.00:hum1:15.1761#-5.7163#0.8025#-0.0000#-0.0000#1.7244
105.00:hum1:15.1761#-5.7163#0.8025#-0.0000#-0.0000#1.7244
106.00:hum1:15.1761#-5.7163#0.8025#-0.0000#-0.0000#1.7244
107.00:hum1:15.1761#-5.7163#0.8025#-0.0000#-0.0000#1.7244
108.00:hum1:15.1761#-5.7163#0.8025#-0.0000#-0.0000#1.7244