
2.00:0.2653#-1.1874#0.2401#-0.0001#-0.0023#-0.0001
3.00:0.2652#-1.1874#0.2401#-0.0001#-0.0021#-0.0001
4.00:0.2651#-1.1874#0.2401#-0.0001#-0.0022#-0.0001
5.00:0.2650#-1.1874#0.2401#-0.0001#-0.0022#-0.0001
6.00:0.2650#-1.1874#0.2401#-0.0001#-0.0020#-0.0002
7.00:0.2649#-1.1874#0.2401#-0.0001#-0.0021#-0.0002
8.00:0.2649#-1.1874#0.2401#-0.0001#-0.0021#-0.0002
9.00:0.2648#-1.1874#0.2401#-0.0001#-0.0021#-0.0002
10.00:0.2647#-1.1874#0.2401#-0.0001#-0.0022#-0.0003
11.00:0.2646#-1.1874#0.2401#-0.0001#-0.0022#-0.0003
12.00:0.2646#-1.1874#0.2401#-0.0001#-0.0021#-0.0003
13.00:0.2644#-1.1874#0.2401#-0.0001#-0.0024#-0.0004
14.00:0.2644#-1.1874#0.2401#-0.0001#-0.0021#-0.0004
15.00:0.2644#-1.1874#0.2401#-0.0001#-0.0020#-0.0003
16.00:0.2643#-1.1874#0.2401#-0.0001#-0.0022#-0.0003
17.00:0.2642#-1.1875#0.2401#-0.0001#-0.0023#-0.0003
18.00:0.2641#-1.1875#0.2401#-0.0001#-0.0023#-0.0004
19.00:0.2640#-1.1875#0.2401#-0.0001#-0.0022#-0.0004
20.00:0.2640#-1.1875#0.2401#-0.0001#-0.0022#-0.0004
21.00:0.2639#-1.1875#0.2401#-0.0001#-0.0022#-0.0004
22.00:0.2639#-1.1875#0.2401#-0.0001#-0.0021#-0.0005
23.00:0.2638#-1.1875#0.2401#-0.0001#-0.0021#-0.0004
24.00:0.2637#-1.1875#0.2401#-0.0001#-0.0023#-0.0004
25.00:0.2636#-1.1875#0.2401#-0.0001#-0.0023#-0.0005
26.00:0.2635#-1.1875#0.2401#-0.0001#-0.0022#-0.0004
27.00:0.2634#-1.1875#0.2401#-0.0001#-0.0023#-0.0005
28.00:0.2633#-1.1875#0.2401#-0.0001#-0.0023#-0.0005
29.00:0.2633#-1.1875#0.2401#-0.0001#-0.0022#-0.0005
30.00:0.5695#-1.2204#0.2472#0.0197#-0.0118#-0.2518
31.00:0.7534#-1.3015#0.2808#0.3324#-0.2051#0.3410
32.00:0.7968#-1.0585#0.2464#0.0292#-0.0043#1.1874
33.00:0.8136#-1.0566#0.2509#0.0692#0.0278#1.1508
34.00:0.7982#-1.0565#0.2400#0.0017#-0.0007#1.2126
35.00:0.8062#-1.0469#0.2401#0.0018#-0.0010#1.1296
36.00:0.8405#-1.0186#0.2401#0.0016#-0.0016#0.8271
37.00:0.8807#-1.0021#0.2401#0.0010#-0.0020#0.5221
38.00:0.9245#-0.9983#0.2401#0.0004#-0.0022#0.2180
39.00:0.9772#-1.0073#0.2401#-0.0003#-0.0026#-0.0663
40.00:1.8377#-1.0911#0.2400#-0.0002#-0.0015#-0.0918
41.00:2.9984#-1.1979#0.2400#-0.0002#-0.0016#-0.0918
42.00:4.1591#-1.3045#0.2400#0.0000#-0.0010#-0.0916
43.00:5.3236#-1.4112#0.2400#-0.0002#-0.0015#-0.0914
44.00:5.8462#-1.4545#0.2401#-0.0001#-0.0018#-0.0293
45.00:6.0255#-1.4189#0.2400#0.0002#-0.0017#0.1709
46.00:7.1014#-1.2994#0.2401#0.0001#-0.0015#0.1030
47.00:8.2648#-1.1792#0.2401#0.0001#-0.0017#0.1030
48.00:9.4245#-1.0593#0.2400#0.0001#-0.0016#0.1031
49.00:10.5842#-0.9396#0.2400#0.0001#-0.0015#0.1027
50.00:11.6791#-0.8274#0.2400#-0.0000#-0.0010#0.1020
51.00:11.8723#-0.8166#0.2401#-0.0002#-0.0021#-0.0511
52.00:12.2895#-0.9065#0.2400#-0.0004#-0.0015#-0.2092
53.00:13.4287#-1.1501#0.2400#-0.0004#-0.0015#-0.2105
54.00:14.1015#-1.2929#0.2400#-0.0004#-0.0015#-0.1932
55.00:14.1560#-1.2843#0.2401#0.0002#-0.0021#0.0898
56.00:14.1920#-1.2939#0.2401#-0.0004#-0.0021#-0.1381
57.00:14.2282#-1.3172#0.2401#-0.0010#-0.0020#-0.4358
58.00:14.2558#-1.3498#0.2401#-0.0015#-0.0016#-0.7323
59.00:14.2725#-1.3887#0.2401#-0.0020#-0.0011#-1.0266
60.00:14.2834#-1.4499#0.2401#-0.0021#-0.0005#-1.3054
61.00:14.4236#-2.0134#0.2400#-0.0011#-0.0002#-1.3093
62.00:14.4216#-2.0724#0.2401#-0.0023#0.0000#-1.5582
63.00:14.3683#-2.9384#0.2400#-0.0016#0.0002#-1.6401
64.00:14.2872#-4.1013#0.2400#-0.0014#0.0002#-1.6405
65.00:14.2182#-5.1140#0.2400#-0.0010#0.0001#-1.6285
66.00:14.2241#-5.2354#0.2401#-0.0026#-0.0003#-1.4310
67.00:14.3520#-6.0475#0.2400#-0.0014#-0.0000#-1.4303
68.00:14.4674#-6.8355#0.2400#-0.0011#-0.0001#-1.4041
69.00:14.4683#-6.8401#0.2400#-0.0016#-0.0002#-1.4000
70.00:14.4683#-6.8400#0.2400#-0.0015#-0.0002#-1.4000
71.00:14.4683#-6.8399#0.2400#-0.0016#-0.0002#-1.4000
72.00:14.4683#-6.8399#0.2400#-0.0015#-0.0002#-1.4000
73.00:14.4683#-6.8398#0.2400#-0.0016#-0.0002#-1.4000
74.00:14.4683#-6.8397#0.2400#-0.0015#-0.0002#-1.4001
75.00:14.4682#-6.8396#0.2400#-0.0016#-0.0002#-1.4001
76.00:14.4682#-6.8396#0.2400#-0.0016#-0.0002#-1.4001
77.00:14.4682#-6.8395#0.2400#-0.0016#-0.0002#-1.4002
78.00:14.4682#-6.8394#0.2400#-0.0015#-0.0002#-1.4002
79.00:14.4682#-6.8392#0.2400#-0.0017#-0.0002#-1.4003
80.00:14.4681#-6.8392#0.2400#-0.0015#-0.0002#-1.4003
81.00:14.4681#-6.8391#0.2400#-0.0016#-0.0002#-1.4003
82.00:14.4681#-6.8390#0.2400#-0.0016#-0.0002#-1.4003
83.00:14.4681#-6.8389#0.2400#-0.0016#-0.0002#-1.4004
84.00:14.4681#-6.8389#0.2400#-0.0017#-0.0002#-1.4004
85.00:14.4681#-6.8388#0.2401#-0.0017#-0.0002#-1.4004
86.00:14.4681#-6.8388#0.2400#-0.0016#-0.0002#-1.4004
87.00:14.4680#-6.8387#0.2400#-0.0016#-0.0002#-1.4004
88.00:14.4680#-6.8386#0.2400#-0.0017#-0.0002#-1.4004
89.00:14.4680#-6.8386#0.2400#-0.0016#-0.0002#-1.4005
90.00:14.4680#-6.8385#0.2400#-0.0016#-0.0002#-1.4004
91.00:14.4680#-6.8385#0.2400#-0.0016#-0.0002#-1.4004
92.00:14.4679#-6.8384#0.2400#-0.0016#-0.0002#-1.4005
93.00:14.4679#-6.8383#0.2400#-0.0016#-0.0002#-1.4005
94.00:14.4679#-6.8382#0.2400#-0.0015#-0.0002#-1.4005
95.00:14.4679#-6.8381#0.2400#-0.0015#-0.0002#-1.4006
96.00:14.4679#-6.8381#0.2400#-0.0015#-0.0002#-1.4006
97.00:14.4678#-6.8380#0.2400#-0.0015#-0.0002#-1.4006
98.00:14.4678#-6.8379#0.2400#-0.0015#-0.0002#-1.4006
99.00:14.4678#-6.8378#0.2400#-0.0016#-0.0002#-1.4006
100.00:14.4792#-6.8618#0.2401#-0.0018#-0.0005#-1.2668
101.00:14.4968#-6.8875#0.2401#-0.0019#-0.0009#-1.1064
102.00:14.5375#-6.9256#0.2401#-0.0016#-0.0015#-0.8168
103.00:14.5878#-6.9504#0.2401#-0.0011#-0.0019#-0.5249
104.00:14.6438#-6.9600#0.2401#-0.0005#-0.0021#-0.2319
105.00:14.7002#-6.9529#0.2401#0.0001#-0.0022#0.0613
106.00:14.7524#-6.9293#0.2401#0.0007#-0.0021#0.3587
107.00:14.7958#-6.8915#0.2401#0.0013#-0.0017#0.6570
108.00:14.8262#-6.8426#0.2401#0.0017#-0.0013#0.9536