
1.00:hum1:-0.2750#-0.5250#0.8025#-0.0000#0.0000#-0.0000
2.00:hum1:-0.2750#-0.5250#0.8025#-0.0000#0.0000#-0.0000
3.00:hum1:-0.2750#-0.5250#0.8025#-0.0000#0.0000#-0.0000
4.00:hum1:-0.2750#-0.5250#0.8025#-0.0000#0.0000#-0.0000
5.00:hum1:-0.2750#-0.5250#0.8025#-0.0000#0.0000#-0.0000
6.00:hum1:-0.2750#-0.5250#0.8025#-0.0000#0.0000#-0.0000
7.00:hum1:-0.2750#-0.5250#0.8025#-0.0000#0.0000#-0.0000
8.00:hum1:-0.2750#-0.5250#0.8025#-0.0000#0.0000#-0.0000
9.00:hum1:-0.2750#-0.5250#0.8025#-0.0000#0.0000#-0.0000
10.00:hum1:-0.2750#-0.5250#0.8025#-0.0000#0.0000#-0.0000
11.00:hum1:0.4386#-0.7711#0.8102#-0.0289#-0.1065#-0.2651
12.00:hum1:1.4841#-1.0180#0.8171#0.0534#0.2658#-0.2004
13.00:hum1:1.9118#-1.1017#0.8025#0.0000#0.0000#-0.1932
14.00:hum1:1.9118#-1.1017#0.8025#0.0000#0.0000#-0.1932
15.00:hum1:1.9118#-1.1017#0.8025#0.0000#0.0000#-0.1932
16.00:hum1:1.9118#-1.1017#0.8025#0.0000#0.0000#-0.1932
17.00:hum1:1.9118#-1.1017#0.8025#0.0000#0.0000#-0.1932
18.00:hum1:1.9118#-1.1017#0.8025#0.0000#0.0000#-0.1932
19.00:hum1:1.9118#-1.1017#0.8025#0.0000#0.0000#-0.1932
20.00:hum1:1.9118#-1.1017#0.8025#0.0000#0.0000#-0.1932
21.00:hum1:1.9118#-1.1017#0.8025#0.0000#0.0000#-0.1932
22.00:hum1:1.9118#-1.1017#0.8025#0.0000#0.0000#-0.1932
23.00:hum1:1.9118#-1.1017#0.8025#0.0000#0.0000#-0.1932
24.00:hum1:1.9118#-1.1017#0.8025#0.0000#0.0000#-0.1932
25.00:hum1:2.2064#-1.1640#0.8763#-0.1664#-0.6647#-0.2656
26.00:hum1:3.4631#-1.3859#0.9597#-0.5891#-0.9768#-0.6783
27.00:hum1:4.6613#-1.4436#0.8496#-0.0303#-0.5152#-0.0612
28.00:hum1:5.6670#-1.5240#0.8071#0.0002#0.0080#-0.0283
29.00:hum1:5.9187#-1.5311#0.8025#0.0000#0.0000#-0.0283
30.00:hum1:5.9187#-1.5311#0.8025#0.0000#0.0000#-0.0283
31.00:hum1:5.9187#-1.5311#0.8025#0.0000#0.0000#-0.0283
32.00:hum1:5.9187#-1.5311#0.8025#0.0000#0.0000#-0.0283
33.00:hum1:5.9187#-1.5311#0.8025#0.0000#0.0000#-0.0283
34.00:hum1:5.9187#-1.5311#0.8025#0.0000#0.0000#-0.0283
35.00:hum1:5.9187#-1.5311#0.8025#0.0000#0.0000#-0.0283
36.00:hum1:5.9187#-1.5311#0.8025#0.0000#0.0000#-0.0283
37.00:hum1:5.9187#-1.5311#0.8025#0.0000#0.0000#-0.0283
38.00:hum1:5.9187#-1.5311#0.8025#0.0000#0.0000#-0.0283
39.00:hum1:5.9187#-1.5311#0.8025#0.0000#0.0000#-0.0283
40.00:hum1:5.9187#-1.5311#0.8025#0.0000#0.0000#-0.0283
41.00:hum1:5.9187#-1.5311#0.8025#0.0000#0.0000#-0.0283
42.00:hum1:5.9187#-1.5311#0.8025#0.0000#0.0000#-0.0283
43.00:hum1:5.9187#-1.5311#0.8025#0.0000#0.0000#-0.0283
44.00:hum1:5.9187#-1.5311#0.8025#0.0000#0.0000#-0.0283
45.00:hum1:5.9187#-1.5311#0.8025#0.0000#0.0000#-0.0283
46.00:hum1:5.8836#-1.5277#0.8161#0.0431#0.2982#-0.1453
47.00:hum1:7.2342#-1.6413#0.8069#-0.0028#-0.0821#-0.0341
48.00:hum1:8.5319#-1.6746#0.8763#0.0075#-0.6821#0.0123
49.00:hum1:9.8537#-1.7015#0.9597#0.0441#-1.0863#0.0502
50.00:hum1:10.9773#-1.6758#0.8496#0.0321#-0.5151#0.0654
51.00:hum1:11.2713#-1.6590#0.8025#-0.0000#0.0000#0.0569
52.00:hum1:11.2713#-1.6590#0.8025#-0.0000#0.0000#0.0569
53.00:hum1:11.2713#-1.6590#0.8025#-0.0000#0.0000#0.0569
54.00:hum1:11.2713#-1.6590#0.8025#-0.0000#0.0000#0.0569
55.00:hum1:11.2713#-1.6590#0.8025#-0.0000#0.0000#0.0569
56.00:hum1:11.2713#-1.6590#0.8025#-0.0000#0.0000#0.0569
57.00:hum1:11.4036#-1.9288#0.8908#-0.6068#-0.4935#-0.9716
58.00:hum1:12.1984#-2.8878#0.9484#-0.9566#-0.4888#-1.2507
59.00:hum1:12.8718#-3.7298#0.8374#-0.3693#-0.2174#-1.0619
60.00:hum1:13.4459#-4.5539#0.8081#0.1035#0.0755#-0.9428
61.00:hum1:13.5291#-4.6676#0.8025#0.0000#0.0000#-0.9389