
2.00:hum1:-6.4000#-1.4250#0.8025#-0.0000#0.0000#-0.0000
3.00:hum1:-6.4000#-1.4250#0.8025#-0.0000#0.0000#-0.0000
4.00:hum1:-6.4000#-1.4250#0.8025#-0.0000#0.0000#-0.0000
5.00:hum1:-6.4000#-1.4250#0.8025#-0.0000#0.0000#-0.0000
6.00:hum1:-6.4000#-1.4250#0.8025#-0.0000#0.0000#-0.0000
7.00:hum1:-6.4000#-1.4250#0.8025#-0.0000#0.0000#-0.0000
8.00:hum1:-6.4000#-1.4250#0.8025#-0.0000#0.0000#-0.0000
9.00:hum1:-6.4000#-1.4250#0.8025#-0.0000#0.0000#-0.0000
10.00:hum1:-6.4000#-1.4250#0.8025#-0.0000#0.0000#-0.0000
11.00:hum1:-6.4000#-1.4250#0.8025#-0.0000#0.0000#-0.0000
12.00:hum1:-6.4000#-1.4250#0.8025#-0.0000#0.0000#-0.0000
13.00:hum1:-6.2578#-1.4123#0.8067#-0.0152#0.1553#0.0980
14.00:hum1:-4.9545#-1.2823#0.8273#0.0372#-0.3394#0.1116
15.00:hum1:-4.4758#-1.2317#0.8721#0.0806#-0.6531#0.1325
16.00:hum1:-4.4848#-1.2327#0.8374#0.0475#-0.4235#0.1154
17.00:hum1:-4.1634#-1.1987#0.8067#-0.0165#0.1552#0.1065
18.00:hum1:-2.8630#-1.0615#0.8273#0.0372#-0.3394#0.1116
19.00:hum1:-1.5741#-0.9254#0.9141#0.1256#-0.8718#0.1638
20.00:hum1:-0.3011#-0.7910#0.9413#0.1632#-0.9960#0.1941
21.00:hum1:0.7101#-0.6843#0.9484#0.1753#-1.0278#0.2044
22.00:hum1:1.7265#-0.5770#0.9597#0.1966#-1.0764#0.2228
23.00:hum1:2.7290#-0.4711#0.9598#0.1968#-1.0768#0.2230
24.00:hum1:3.6051#-0.3786#0.8908#0.0996#-0.7568#0.1448
25.00:hum1:4.7006#-0.2630#0.9141#0.1256#-0.8718#0.1638
26.00:hum1:5.9736#-0.1286#0.9413#0.1632#-0.9960#0.1941
27.00:hum1:7.0165#-0.0184#0.8262#0.0357#-0.3269#0.1111
28.00:hum1:7.5877#0.3299#0.8116#0.1772#-0.0809#-1.9945
29.00:hum1:7.1396#-0.4789#0.8267#0.1071#-0.3578#-2.8435
30.00:hum1:6.1947#-0.7496#0.8168#-0.0631#0.2167#-2.8555
31.00:hum1:5.2349#-1.0248#0.8153#0.0693#-0.2373#-2.8541
32.00:hum1:5.4809#-1.5755#0.8244#-0.0492#0.3604#0.1391
33.00:hum1:6.7358#-1.6538#0.8048#0.0081#0.0577#-0.1390
34.00:hum1:8.0674#-1.6656#0.8466#0.0016#-0.4946#0.0036
35.00:hum1:8.8907#-1.6689#0.9377#-0.0094#-0.9888#-0.0109
36.00:hum1:9.0767#-1.6699#0.8281#0.0024#0.3710#-0.0064
37.00:hum1:10.1106#-1.6761#0.8496#-0.0035#-0.5160#-0.0068
38.00:hum1:10.1106#-1.6761#0.8496#-0.0035#-0.5160#-0.0068
39.00:hum1:10.1106#-1.6761#0.8496#-0.0035#-0.5160#-0.0068
40.00:hum1:10.1106#-1.6761#0.8496#-0.0035#-0.5160#-0.0068
41.00:hum1:10.1106#-1.6761#0.8496#-0.0035#-0.5160#-0.0068
42.00:hum1:10.1106#-1.6761#0.8496#-0.0035#-0.5160#-0.0068
43.00:hum1:10.1106#-1.6761#0.8496#-0.0035#-0.5160#-0.0068
44.00:hum1:10.1106#-1.6761#0.8496#-0.0035#-0.5160#-0.0068
45.00:hum1:10.0201#-1.6771#0.8081#0.0124#0.1274#-0.0966
46.00:hum1:11.1460#-1.7884#0.8281#0.0462#0.3683#-0.1274
47.00:hum1:11.8589#-1.8445#0.8120#0.0110#0.2698#-0.0411
48.00:hum1:13.1766#-1.8729#0.8115#0.0005#-0.1620#0.0032
49.00:hum1:14.1651#-1.7934#0.8908#0.0992#-0.7568#0.1443
50.00:hum1:14.3679#-1.7720#0.8116#-0.0206#0.1935#0.1068
51.00:hum1:15.4882#-1.6543#0.8496#0.0591#-0.5129#0.1203
52.00:hum1:16.4863#-1.5492#0.8071#-0.0008#0.0080#0.1048
53.00:hum1:17.5761#-1.4346#0.8215#-0.0341#0.3140#0.1102
54.00:hum1:18.8208#-1.3037#0.8161#-0.0324#0.2995#0.1097
55.00:hum1:18.9463#-1.2905#0.8067#-0.0164#0.1552#0.1061