
2.00:-4.8099#-1.1623#0.2401#-0.0001#-0.0025#-0.0001
3.00:-4.8100#-1.1623#0.2401#-0.0001#-0.0024#-0.0001
4.00:-4.8100#-1.1623#0.2401#-0.0001#-0.0022#-0.0001
5.00:-4.8102#-1.1623#0.2401#-0.0001#-0.0025#-0.0002
6.00:-4.8103#-1.1623#0.2401#-0.0001#-0.0023#-0.0002
7.00:-4.8104#-1.1623#0.2401#-0.0001#-0.0025#-0.0002
8.00:-4.8105#-1.1623#0.2401#-0.0001#-0.0025#-0.0001
9.00:-4.8106#-1.1623#0.2401#-0.0001#-0.0023#-0.0002
10.00:-4.8106#-1.1624#0.2401#-0.0001#-0.0021#-0.0002
11.00:-4.1705#-1.0135#0.2402#0.0017#-0.0028#0.5530
12.00:-3.9174#-0.7701#0.2401#0.0016#-0.0016#0.8315
13.00:-3.9079#-0.7822#0.2401#0.0010#-0.0020#0.5178
14.00:-3.9018#-0.7960#0.2401#0.0004#-0.0022#0.2078
15.00:-3.8995#-0.8109#0.2401#-0.0003#-0.0022#-0.0952
16.00:-3.4477#-0.9175#0.2401#-0.0004#-0.0015#-0.2135
17.00:-2.3079#-1.1642#0.2401#-0.0004#-0.0015#-0.2131
18.00:-1.1670#-1.4111#0.2401#-0.0003#-0.0011#-0.2131
19.00:-0.7518#-1.4925#0.2401#-0.0003#-0.0017#-0.1233
20.00:-0.5395#-1.4695#0.2401#0.0002#-0.0022#0.1030
21.00:0.5395#-1.3566#0.2401#0.0001#-0.0015#0.1059
22.00:1.7025#-1.2328#0.2401#0.0001#-0.0016#0.1060
23.00:2.2726#-1.1746#0.2401#0.0000#-0.0017#0.0725
24.00:2.4069#-1.2094#0.2401#-0.0004#-0.0018#-0.1745
25.00:3.4712#-1.4034#0.2401#-0.0004#-0.0016#-0.1811
26.00:4.6218#-1.6140#0.2400#-0.0003#-0.0015#-0.1811
27.00:5.2517#-1.7269#0.2401#-0.0003#-0.0018#-0.1427
28.00:5.3533#-1.7132#0.2401#0.0002#-0.0024#0.1303
29.00:6.2164#-1.5982#0.2400#0.0001#-0.0013#0.1186
30.00:7.3740#-1.4594#0.2401#0.0002#-0.0019#0.1194
31.00:8.5317#-1.3205#0.2401#0.0001#-0.0014#0.1194
32.00:9.6251#-1.1890#0.2400#0.0001#-0.0011#0.1229
33.00:9.7963#-1.1666#0.2401#0.0001#-0.0015#0.1339
34.00:9.7963#-1.1666#0.2401#0.0001#-0.0014#0.1339
35.00:9.7972#-1.1781#0.2401#-0.0003#-0.0021#-0.0955
36.00:10.3499#-1.3167#0.2401#-0.0004#-0.0013#-0.2587
37.00:10.8694#-1.4427#0.2401#-0.0003#-0.0016#-0.1592
38.00:11.0820#-1.4276#0.2401#0.0000#-0.0019#0.0565
39.00:12.1594#-1.4038#0.2401#-0.0001#-0.0015#0.0180
40.00:13.3289#-1.3826#0.2401#-0.0000#-0.0016#0.0182
41.00:14.4946#-1.3609#0.2401#-0.0000#-0.0015#0.0187
42.00:15.2397#-1.3438#0.2400#-0.0000#-0.0012#0.0390
43.00:15.2402#-1.3438#0.2401#-0.0000#-0.0015#0.0400
44.00:15.2401#-1.3438#0.2401#-0.0000#-0.0014#0.0399
45.00:15.2400#-1.3438#0.2401#-0.0000#-0.0015#0.0400
46.00:15.2399#-1.3438#0.2401#-0.0000#-0.0015#0.0399
47.00:15.2398#-1.3438#0.2401#-0.0000#-0.0015#0.0398
48.00:15.2397#-1.3438#0.2401#-0.0000#-0.0016#0.0398
49.00:15.2396#-1.3439#0.2401#-0.0000#-0.0016#0.0398
50.00:15.7735#-1.3366#0.2401#-0.0001#-0.0013#-0.0058
51.00:16.9392#-1.3432#0.2401#-0.0001#-0.0015#-0.0057
52.00:18.1049#-1.3498#0.2401#-0.0001#-0.0016#-0.0054
53.00:19.2707#-1.3560#0.2401#-0.0001#-0.0017#-0.0052
54.00:19.8368#-1.3549#0.2401#-0.0000#-0.0017#0.0257
55.00:19.8367#-1.3549#0.2401#-0.0000#-0.0016#0.0257