
2.00:hum1:-5.5750#-1.5000#0.8025#-0.0000#0.0000#-0.0000
3.00:hum1:-5.5750#-1.5000#0.8025#-0.0000#0.0000#-0.0000
4.00:hum1:-5.5750#-1.5000#0.8025#-0.0000#0.0000#-0.0000
5.00:hum1:-5.5750#-1.5000#0.8025#-0.0000#0.0000#-0.0000
6.00:hum1:-5.5750#-1.5000#0.8025#-0.0000#0.0000#-0.0000
7.00:hum1:-5.5750#-1.5000#0.8025#-0.0000#0.0000#-0.0000
8.00:hum1:-5.5750#-1.5000#0.8025#-0.0000#0.0000#-0.0000
9.00:hum1:-5.5750#-1.5000#0.8025#-0.0000#0.0000#-0.0000
10.00:hum1:-5.5750#-1.5000#0.8025#-0.0000#0.0000#-0.0000
11.00:hum1:-5.5750#-1.5000#0.8025#-0.0000#0.0000#-0.0000
12.00:hum1:-5.5750#-1.5000#0.8025#-0.0000#0.0000#-0.0000
13.00:hum1:-5.5750#-1.5000#0.8025#-0.0000#0.0000#-0.0000
14.00:hum1:-5.5750#-1.5000#0.8025#-0.0000#0.0000#-0.0000
15.00:hum1:-5.5750#-1.5000#0.8025#-0.0000#0.0000#-0.0000
16.00:hum1:-5.6546#-1.5082#0.8244#-0.0344#0.3621#0.0971
17.00:hum1:-4.3258#-1.3873#0.8048#-0.0053#0.0580#0.0910
18.00:hum1:-3.7251#-1.3326#0.9597#0.1703#-1.0790#0.1930
19.00:hum1:-3.6610#-1.3268#0.9413#0.1413#-0.9982#0.1680
20.00:hum1:-3.2330#-1.2878#0.8044#0.0006#-0.0071#0.0908
21.00:hum1:-1.9436#-1.1704#0.8618#0.0611#-0.5926#0.1095
22.00:hum1:-0.6266#-1.0505#0.9598#0.1704#-1.0794#0.1931
23.00:hum1:0.5365#-0.9445#0.8721#0.0697#-0.6542#0.1145
24.00:hum1:1.5919#-0.8484#0.9191#0.1138#-0.8964#0.1456
25.00:hum1:2.6226#-0.7546#0.9413#0.1413#-0.9982#0.1680
26.00:hum1:3.6352#-0.6624#0.9484#0.1518#-1.0301#0.1769
27.00:hum1:4.6531#-0.5697#0.9597#0.1703#-1.0790#0.1930
28.00:hum1:5.6569#-0.4783#0.9598#0.1704#-1.0794#0.1931
29.00:hum1:6.8201#-0.3723#0.8721#0.0697#-0.6542#0.1145
30.00:hum1:7.8310#-0.2802#0.8102#0.0100#-0.1099#0.0914
31.00:hum1:8.8841#-0.1843#0.8171#-0.0251#0.2699#0.0942
32.00:hum1:9.5216#0.2854#0.8204#0.1423#-0.3014#-2.6916
33.00:hum1:8.2987#-0.3475#0.8044#-0.0037#0.0061#-2.5926
34.00:hum1:7.6555#-0.7410#0.8204#0.1781#-0.2822#-2.5673
35.00:hum1:6.5045#-1.4450#0.8044#-0.0037#0.0061#-2.5926
36.00:hum1:6.0367#-2.3622#0.8618#0.2375#-0.5513#0.4332
37.00:hum1:7.2313#-2.0376#0.9598#0.1666#-1.0798#0.1887
38.00:hum1:8.4109#-1.8971#0.8721#0.1318#-0.6459#0.2172
39.00:hum1:9.3887#-1.7534#0.8102#0.0077#-0.1101#0.0706
40.00:hum1:10.3913#-1.6829#0.8116#-0.0137#0.1941#0.0715
41.00:hum1:10.4436#-1.6792#0.8171#-0.0194#0.2703#0.0727
42.00:hum1:10.4836#-1.6764#0.8281#-0.0271#0.3701#0.0752
43.00:hum1:10.5668#-1.6706#0.8244#-0.0265#0.3627#0.0750
44.00:hum1:10.6617#-1.6639#0.8161#-0.0217#0.3005#0.0734
45.00:hum1:10.9778#-1.6418#0.8115#0.0114#-0.1616#0.0711
46.00:hum1:11.9894#-1.5707#0.8069#0.0057#-0.0820#0.0704
47.00:hum1:12.9535#-1.5024#0.8044#-0.0006#-0.0072#-0.0858
48.00:hum1:13.1067#-1.6711#0.8618#-0.5467#0.2488#-1.9549
49.00:hum1:12.7003#-2.9675#0.9598#-1.0663#0.2768#-1.7202
50.00:hum1:14.1766#-2.8558#0.8721#0.2417#-0.6176#0.4028
51.00:hum1:15.1385#-2.5314#0.8102#0.0354#-0.1046#0.3272
52.00:hum1:16.1404#-2.1934#0.8171#-0.0885#0.2565#0.3367
53.00:hum1:16.4672#-2.0832#0.8067#-0.0502#0.1478#0.3290
54.00:hum1:16.6479#-2.0223#0.8115#0.0521#-0.1534#0.3293
55.00:hum1:16.6479#-2.0223#0.8115#0.0521#-0.1534#0.3293
56.00:hum1:16.7581#-1.9851#0.8466#0.1705#-0.4666#0.3659
57.00:hum1:16.8423#-1.9567#0.8763#0.2538#-0.6404#0.4099
58.00:hum1:17.7063#-1.6653#0.8273#0.1130#-0.3228#0.3437
59.00:hum1:18.4580#-0.3771#0.9141#0.8716#-0.1269#1.4651
60.00:hum1:18.6681#0.8856#0.9413#0.9984#-0.1392#1.4820
61.00:hum1:18.8402#1.9201#0.8262#0.3246#-0.0531#1.4147
62.00:hum1:19.0009#2.8867#0.8116#-0.1920#0.0318#1.4090
63.00:hum1:19.1801#3.9633#0.9484#1.0310#-0.1420#1.4866
64.00:hum1:18.3750#4.6735#0.4025#0.0000#0.0000#-1.5700
65.00:hum1:18.3750#4.6735#0.4025#0.0000#0.0000#-1.5700
66.00:hum1:18.3750#4.6735#0.4025#0.0000#0.0000#-1.5700
67.00:hum1:18.3750#4.6735#0.4025#0.0000#0.0000#-1.5700
68.00:hum1:18.3750#4.6735#0.4025#0.0000#0.0000#-1.5700
69.00:hum1:18.3750#4.6735#0.4025#0.0000#0.0000#-1.5700
70.00:hum1:18.3750#4.6735#0.4025#0.0000#0.0000#-1.5700
71.00:hum1:18.3750#4.6735#0.4025#0.0000#0.0000#-1.5700
72.00:hum1:18.3750#4.6735#0.4025#0.0000#0.0000#-1.5700
73.00:hum1:18.3750#4.6735#0.4025#0.0000#0.0000#-1.5700
74.00:hum1:18.3750#4.6735#0.4025#0.0000#0.0000#-1.5700
75.00:hum1:18.3750#4.6735#0.4025#0.0000#0.0000#-1.5700
76.00:hum1:18.3750#4.6735#0.4025#0.0000#0.0000#-1.5700
77.00:hum1:18.3750#4.6735#0.4025#0.0000#0.0000#-1.5700
78.00:hum1:18.3750#4.6735#0.4025#0.0000#0.0000#-1.5700
79.00:hum1:18.3750#4.6735#0.4025#0.0000#0.0000#-1.5700
80.00:hum1:18.3750#4.6735#0.4025#0.0000#0.0000#-1.5700
81.00:hum1:18.3751#3.9349#0.9191#-0.9016#-0.0004#-1.5701
82.00:hum1:18.2981#3.6110#0.8048#0.0576#-0.0087#-1.7204
83.00:hum1:18.1556#2.3022#0.8466#-0.4937#0.0312#-1.6284
84.00:hum1:18.0154#1.0065#0.9377#-0.9878#0.0558#-1.6072
85.00:hum1:17.5668#0.0811#0.9191#-0.7645#0.5363#-2.0600
86.00:hum1:16.9834#-0.8252#0.8168#-0.2027#0.0997#-2.0213
87.00:hum1:17.2443#-1.2802#0.8115#0.1615#0.0123#1.6462
88.00:hum1:16.6106#-1.4425#0.9598#-1.0444#0.3885#-1.7871
89.00:hum1:16.5783#-1.5059#0.9484#-0.9900#0.3837#-1.8114
90.00:hum1:16.5783#-1.5059#0.9484#-0.9900#0.3837#-1.8114
91.00:hum1:16.5560#-1.5524#0.9191#-0.8502#0.3475#-1.8610
92.00:hum1:16.5631#-1.5377#0.8496#-0.4724#0.2159#-1.9675
93.00:hum1:16.1075#-2.4854#0.9413#-0.9565#0.3745#-1.8230
94.00:hum1:15.9661#-3.6173#0.8262#-0.3282#0.0195#-1.6275
95.00:hum1:15.8747#-4.5866#0.8116#0.1940#-0.0155#-1.6491
96.00:hum1:15.6923#-5.7234#0.8267#0.3659#-0.0731#-1.7589
97.00:hum1:15.4285#-7.0135#0.8067#0.1529#-0.0312#-1.7701
98.00:hum1:15.1666#-8.2946#0.8273#-0.3350#0.0672#-1.7611