
2.00:-4.1099#-1.2873#0.2401#-0.0001#-0.0024#-0.0002
3.00:-4.1101#-1.2873#0.2401#-0.0001#-0.0025#-0.0002
4.00:-4.1102#-1.2874#0.2401#-0.0001#-0.0025#-0.0002
5.00:-4.1103#-1.2874#0.2401#-0.0001#-0.0025#-0.0003
6.00:-4.1104#-1.2874#0.2401#-0.0001#-0.0026#-0.0003
7.00:-4.1105#-1.2874#0.2401#-0.0001#-0.0026#-0.0003
8.00:-4.1106#-1.2874#0.2401#-0.0001#-0.0024#-0.0004
9.00:-4.1108#-1.2874#0.2401#-0.0001#-0.0024#-0.0006
10.00:-4.1108#-1.2874#0.2401#-0.0001#-0.0021#-0.0007
11.00:-4.1109#-1.2874#0.2401#-0.0001#-0.0022#-0.0007
12.00:-4.1111#-1.2874#0.2401#-0.0001#-0.0025#-0.0008
13.00:-4.0942#-1.2877#0.2402#-0.0001#-0.0033#-0.0025
14.00:-3.3507#-1.0440#0.2401#0.0009#-0.0012#0.6926
15.00:-3.2117#-0.8909#0.2401#0.0015#-0.0016#0.8008
16.00:-3.2020#-0.9027#0.2401#0.0009#-0.0020#0.4928
17.00:-3.1955#-0.9164#0.2401#0.0003#-0.0022#0.1854
18.00:-3.1938#-0.9314#0.2401#-0.0004#-0.0022#-0.1166
19.00:-2.5687#-1.0584#0.2401#-0.0004#-0.0018#-0.1873
20.00:-1.4234#-1.2756#0.2401#-0.0004#-0.0017#-0.1872
21.00:-0.3045#-1.4875#0.2401#-0.0003#-0.0011#-0.1871
22.00:-0.0184#-1.5303#0.2401#-0.0002#-0.0020#-0.0565
23.00:0.3393#-1.4856#0.2401#0.0001#-0.0019#0.1191
24.00:1.4844#-1.3450#0.2401#0.0001#-0.0017#0.1223
25.00:2.6374#-1.2032#0.2400#0.0001#-0.0012#0.1227
26.00:2.9836#-1.1640#0.2401#-0.0000#-0.0020#0.0471
27.00:3.2334#-1.2120#0.2401#-0.0004#-0.0022#-0.1595
28.00:4.3582#-1.3991#0.2401#-0.0004#-0.0015#-0.1650
29.00:5.5120#-1.5912#0.2400#-0.0004#-0.0014#-0.1649
30.00:5.9864#-1.6605#0.2401#-0.0002#-0.0018#-0.0795
31.00:6.1093#-1.6369#0.2401#0.0004#-0.0022#0.1820
32.00:7.0486#-1.5237#0.2400#0.0001#-0.0015#0.1021
33.00:8.2084#-1.4047#0.2401#0.0001#-0.0015#0.1026
34.00:9.3682#-1.2853#0.2401#0.0001#-0.0015#0.1025
35.00:10.5276#-1.1660#0.2401#0.0002#-0.0016#0.1027
36.00:11.2105#-1.0926#0.2401#0.0001#-0.0015#0.1232
37.00:11.2104#-1.0927#0.2401#0.0001#-0.0016#0.1232
38.00:11.2104#-1.0927#0.2401#0.0001#-0.0015#0.1232
39.00:11.2103#-1.0927#0.2401#0.0001#-0.0015#0.1232
40.00:11.2109#-1.0990#0.2401#-0.0001#-0.0019#-0.0030
41.00:11.2094#-1.1131#0.2401#-0.0007#-0.0021#-0.2936
42.00:11.2037#-1.1263#0.2401#-0.0013#-0.0018#-0.5863
43.00:11.1946#-1.1372#0.2401#-0.0018#-0.0013#-0.8761
44.00:11.2173#-1.2146#0.2401#-0.0016#-0.0006#-1.1362
45.00:11.6384#-2.1501#0.2400#-0.0013#-0.0005#-1.1505
46.00:12.1143#-3.2145#0.2400#-0.0016#-0.0006#-1.1501
47.00:12.5921#-4.2822#0.2400#-0.0012#-0.0005#-1.1500
48.00:13.0700#-5.3496#0.2400#-0.0012#-0.0005#-1.1501
49.00:13.4888#-6.2788#0.2400#-0.0008#-0.0003#-1.1326
50.00:13.5697#-6.4055#0.2401#-0.0017#-0.0013#-0.9122
51.00:13.8967#-6.7686#0.2400#-0.0013#-0.0010#-0.8895
52.00:14.2708#-7.2145#0.2401#-0.0011#-0.0010#-0.8079
53.00:14.2708#-7.2144#0.2401#-0.0011#-0.0010#-0.8079
54.00:14.2708#-7.2144#0.2401#-0.0011#-0.0009#-0.8079
55.00:14.2707#-7.2143#0.2401#-0.0011#-0.0010#-0.8079
56.00:14.2706#-7.2142#0.2401#-0.0011#-0.0010#-0.8079
57.00:14.2706#-7.2142#0.2401#-0.0011#-0.0010#-0.8079
58.00:14.2705#-7.2141#0.2401#-0.0011#-0.0010#-0.8080
59.00:14.2704#-7.2141#0.2401#-0.0011#-0.0010#-0.8080
60.00:14.2704#-7.2140#0.2401#-0.0011#-0.0009#-0.8080
61.00:14.2703#-7.2139#0.2401#-0.0012#-0.0010#-0.8080
62.00:14.2702#-7.2139#0.2401#-0.0011#-0.0010#-0.8081
63.00:14.2702#-7.2138#0.2401#-0.0011#-0.0010#-0.8082
64.00:14.2701#-7.2138#0.2401#-0.0011#-0.0009#-0.8082
65.00:14.2700#-7.2137#0.2401#-0.0011#-0.0010#-0.8082
66.00:14.2700#-7.2136#0.2401#-0.0011#-0.0009#-0.8082
67.00:14.2699#-7.2136#0.2401#-0.0011#-0.0010#-0.8083
68.00:14.2698#-7.2135#0.2401#-0.0012#-0.0010#-0.8082
69.00:14.2698#-7.2135#0.2401#-0.0011#-0.0010#-0.8082
70.00:14.2698#-7.2134#0.2401#-0.0011#-0.0010#-0.8083
71.00:14.2697#-7.2133#0.2401#-0.0011#-0.0010#-0.8083
72.00:14.2696#-7.2133#0.2401#-0.0012#-0.0010#-0.8083
73.00:14.2696#-7.2132#0.2401#-0.0011#-0.0010#-0.8084
74.00:14.2695#-7.2132#0.2401#-0.0011#-0.0010#-0.8084
75.00:14.2694#-7.2131#0.2401#-0.0011#-0.0010#-0.8084
76.00:14.2694#-7.2130#0.2401#-0.0011#-0.0010#-0.8085
77.00:14.2693#-7.2130#0.2401#-0.0011#-0.0009#-0.8084
78.00:14.2692#-7.2129#0.2401#-0.0012#-0.0010#-0.8084
79.00:14.2692#-7.2129#0.2401#-0.0011#-0.0010#-0.8084
80.00:14.2692#-7.2128#0.2401#-0.0011#-0.0009#-0.8084
81.00:14.2691#-7.2128#0.2401#-0.0011#-0.0010#-0.8084
82.00:14.2690#-7.2127#0.2401#-0.0011#-0.0009#-0.8084
83.00:14.2690#-7.2126#0.2401#-0.0011#-0.0010#-0.8085
84.00:14.2689#-7.2126#0.2401#-0.0011#-0.0009#-0.8085
85.00:14.2689#-7.2125#0.2401#-0.0011#-0.0010#-0.8085
86.00:14.2688#-7.2125#0.2401#-0.0011#-0.0009#-0.8085
87.00:14.2688#-7.2125#0.2401#-0.0011#-0.0009#-0.8086
88.00:14.2687#-7.2124#0.2401#-0.0011#-0.0010#-0.8086
89.00:14.2687#-7.2124#0.2401#-0.0011#-0.0009#-0.8086
90.00:14.2686#-7.2123#0.2401#-0.0011#-0.0010#-0.8086
91.00:14.2686#-7.2123#0.2401#-0.0011#-0.0009#-0.8086
92.00:14.2685#-7.2122#0.2401#-0.0012#-0.0010#-0.8087
93.00:14.2684#-7.2121#0.2401#-0.0011#-0.0010#-0.8088
94.00:14.2683#-7.2119#0.2401#-0.0012#-0.0010#-0.8088
95.00:14.2682#-7.2118#0.2401#-0.0012#-0.0010#-0.8088
96.00:14.2681#-7.2118#0.2401#-0.0012#-0.0010#-0.8088
97.00:14.2680#-7.2116#0.2401#-0.0013#-0.0012#-0.8088
98.00:14.2679#-7.2116#0.2401#-0.0013#-0.0011#-0.8088