
1.00:hum1:3.8000#2.2500#0.8025#-0.0000#-0.0000#-1.5708
2.00:hum1:3.8000#2.2500#0.8025#-0.0000#-0.0000#-1.5708
3.00:hum1:3.8000#2.2500#0.8025#-0.0000#-0.0000#-1.5708
4.00:hum1:3.8000#2.2500#0.8025#-0.0000#-0.0000#-1.5708
5.00:hum1:3.8000#2.2500#0.8025#-0.0000#-0.0000#-1.5708
6.00:hum1:3.8000#2.2500#0.8025#-0.0000#-0.0000#-1.5708
7.00:hum1:3.8000#2.2500#0.8025#-0.0000#-0.0000#-1.5708
8.00:hum1:3.8000#2.2500#0.8025#-0.0000#-0.0000#-1.5708
9.00:hum1:3.8000#2.2500#0.8025#-0.0000#-0.0000#-1.5708
10.00:hum1:3.8000#2.2500#0.8025#-0.0000#-0.0000#-1.5708
11.00:hum1:4.7140#1.7347#0.8081#0.0403#0.1215#-0.3211
12.00:hum1:5.4800#1.4309#0.8025#0.0000#0.0000#-0.5190
13.00:hum1:5.7182#1.3289#0.8025#0.0000#0.0000#-0.4413
14.00:hum1:6.3918#1.0186#0.8025#0.0000#0.0000#-0.4316
15.00:hum1:6.5046#0.9685#0.8025#0.0000#0.0000#-0.4181
16.00:hum1:8.5883#0.2147#0.8215#0.0972#0.3010#-0.3173
17.00:hum1:12.3381#-0.8620#0.8763#-0.1932#-0.6585#-0.3090
18.00:hum1:15.8328#-1.2348#0.8071#0.0003#0.0080#-0.0417
19.00:hum1:18.5090#-0.1576#0.8262#0.3249#-0.0510#1.4210
20.00:hum1:18.7458#1.3267#0.8115#0.1600#-0.0255#1.4147
21.00:hum1:18.7768#1.5214#0.8025#-0.0000#0.0000#1.4126
22.00:hum1:18.8284#1.8448#0.8102#0.1090#-0.0174#1.4136
23.00:hum1:18.8454#1.9519#0.8215#-0.3121#0.0490#1.4203
24.00:hum1:18.9148#2.3864#0.8025#-0.0000#0.0000#1.4126
25.00:hum1:18.9999#2.9196#0.9377#0.9830#-0.1322#1.4835
26.00:hum1:19.0213#3.0537#0.8721#0.6513#-0.0966#1.4453
27.00:hum1:18.3750#4.6735#0.4025#0.0000#0.0000#-1.5700
28.00:hum1:18.3750#4.6735#0.4025#0.0000#0.0000#-1.5700
29.00:hum1:18.3750#4.6735#0.4025#0.0000#0.0000#-1.5700
30.00:hum1:18.3750#4.6735#0.4025#0.0000#0.0000#-1.5700
31.00:hum1:18.3750#4.6735#0.4025#0.0000#0.0000#-1.5700
32.00:hum1:18.3750#4.6735#0.4025#0.0000#0.0000#-1.5700
33.00:hum1:18.3750#4.6735#0.4025#0.0000#0.0000#-1.5700
34.00:hum1:18.3750#4.6735#0.4025#0.0000#0.0000#-1.5700
35.00:hum1:18.3750#4.6735#0.4025#0.0000#0.0000#-1.5700
36.00:hum1:18.3750#4.6735#0.4025#0.0000#0.0000#-1.5700
37.00:hum1:18.3751#4.1037#0.8071#0.0080#0.0000#-1.5700
38.00:hum1:18.1583#1.5988#0.8044#-0.0072#0.0001#-1.5891
39.00:hum1:17.2671#-0.2490#0.8025#-0.0000#-0.0000#2.2528
40.00:hum1:17.2671#-0.2490#0.8025#-0.0000#-0.0000#2.2528
41.00:hum1:17.2671#-0.2490#0.8025#-0.0000#-0.0000#2.2528
42.00:hum1:17.2671#-0.2490#0.8025#-0.0000#-0.0000#2.2528
43.00:hum1:17.2671#-0.2490#0.8025#-0.0000#-0.0000#2.2528
44.00:hum1:17.2671#-0.2490#0.8025#-0.0000#-0.0000#2.2528
45.00:hum1:17.2671#-0.2490#0.8025#-0.0000#-0.0000#2.2528
46.00:hum1:17.2671#-0.2490#0.8025#-0.0000#-0.0000#2.2528
47.00:hum1:17.2671#-0.2490#0.8025#-0.0000#-0.0000#2.2528
48.00:hum1:17.2671#-0.2490#0.8025#-0.0000#-0.0000#2.2528
49.00:hum1:17.2671#-0.2490#0.8025#-0.0000#-0.0000#2.2528
50.00:hum1:17.2671#-0.2490#0.8025#-0.0000#-0.0000#2.2528
51.00:hum1:17.2671#-0.2490#0.8025#-0.0000#-0.0000#2.2528
52.00:hum1:17.2671#-0.2490#0.8025#-0.0000#-0.0000#2.2528
53.00:hum1:17.2671#-0.2490#0.8025#-0.0000#-0.0000#2.2528
54.00:hum1:17.2671#-0.2490#0.8025#-0.0000#-0.0000#2.2528
55.00:hum1:17.2671#-0.2490#0.8025#-0.0000#-0.0000#2.2528
56.00:hum1:17.2671#-0.2490#0.8025#-0.0000#-0.0000#2.2528
57.00:hum1:17.2671#-0.2490#0.8025#-0.0000#-0.0000#2.2528
58.00:hum1:17.2671#-0.2490#0.8025#-0.0000#-0.0000#2.2528
59.00:hum1:17.2671#-0.2490#0.8025#-0.0000#-0.0000#2.2528
60.00:hum1:17.2671#-0.2490#0.8025#-0.0000#-0.0000#2.2528
61.00:hum1:17.2671#-0.2490#0.8025#-0.0000#-0.0000#2.2528