
1.00:hum1:0.9000#-0.2500#0.8025#-0.0000#0.0000#-0.0000
2.00:hum1:0.9000#-0.2500#0.8025#-0.0000#0.0000#-0.0000
3.00:hum1:0.9000#-0.2500#0.8025#-0.0000#0.0000#-0.0000
4.00:hum1:0.9000#-0.2500#0.8025#-0.0000#0.0000#-0.0000
5.00:hum1:0.9000#-0.2500#0.8025#-0.0000#0.0000#-0.0000
6.00:hum1:0.9000#-0.2500#0.8025#-0.0000#0.0000#-0.0000
7.00:hum1:0.9000#-0.2500#0.8025#-0.0000#0.0000#-0.0000
8.00:hum1:0.9000#-0.2500#0.8025#-0.0000#0.0000#-0.0000
9.00:hum1:0.9000#-0.2500#0.8025#-0.0000#0.0000#-0.0000
10.00:hum1:1.4474#-0.3824#0.9141#-0.2641#-0.8482#-0.3456
11.00:hum1:2.3587#-0.5493#0.8618#-0.0811#-0.5905#-0.1447
12.00:hum1:3.7264#-0.7690#0.8102#-0.0115#-0.1098#-0.1044
13.00:hum1:7.2489#-1.1402#0.8044#-0.0002#-0.0072#-0.0215
14.00:hum1:10.8514#-1.3393#0.8721#-0.0281#-0.6569#-0.0456
15.00:hum1:12.4656#-3.4863#0.9484#-0.9324#-0.5474#-1.2019
16.00:hum1:14.0354#-2.3382#0.8025#-0.0000#0.0000#1.0044
17.00:hum1:14.5572#-4.1823#0.8116#-0.1111#0.1601#0.6111
18.00:hum1:16.6315#-2.7565#0.8025#-0.0000#0.0000#0.6022
19.00:hum1:16.9875#-2.5118#0.8025#-0.0000#0.0000#0.6022
20.00:hum1:18.3106#-1.3201#0.8067#-0.1437#0.0609#1.1733
21.00:hum1:18.7909#1.4069#0.9484#1.0347#-0.0876#1.5192
22.00:hum1:18.8388#4.1692#0.8273#0.3413#-0.0076#1.5497
23.00:hum1:18.8470#4.5299#0.9377#0.9887#-0.0190#1.5587
24.00:hum1:18.3750#4.6735#0.4025#0.0000#0.0000#-1.5700
25.00:hum1:18.3750#4.6735#0.4025#0.0000#0.0000#-1.5700
26.00:hum1:18.3750#4.6735#0.4025#0.0000#0.0000#-1.5700
27.00:hum1:18.3750#4.6735#0.4025#0.0000#0.0000#-1.5700
28.00:hum1:18.3750#4.6735#0.4025#0.0000#0.0000#-1.5700
29.00:hum1:18.3750#4.6735#0.4025#0.0000#0.0000#-1.5700
30.00:hum1:18.3750#4.6735#0.4025#0.0000#0.0000#-1.5700
31.00:hum1:18.3750#4.6735#0.4025#0.0000#0.0000#-1.5700
32.00:hum1:18.3750#4.6735#0.4025#0.0000#0.0000#-1.5700
33.00:hum1:18.3750#4.6735#0.4025#0.0000#0.0000#-1.5700
34.00:hum1:18.3750#4.6735#0.4025#0.0000#0.0000#-1.5700
35.00:hum1:18.2324#2.7987#0.8496#-0.5139#0.0485#-1.6562
36.00:hum1:17.4805#-0.0076#0.8161#0.2329#-0.1928#-2.2498
37.00:hum1:16.1249#-1.9174#0.9597#-1.0163#0.4867#-1.8524
38.00:hum1:15.3206#-4.4751#0.8215#0.1670#-0.2693#-2.5764
39.00:hum1:14.4134#-5.0230#0.8071#0.0042#-0.0069#-2.5973
40.00:hum1:13.9845#-5.2836#0.8025#0.0000#-0.0000#-2.5954
41.00:hum1:13.9845#-5.2836#0.8025#0.0000#-0.0000#-2.5954
42.00:hum1:13.9845#-5.2836#0.8025#0.0000#-0.0000#-2.5954
43.00:hum1:13.9845#-5.2836#0.8025#0.0000#-0.0000#-2.5954
44.00:hum1:13.9845#-5.2836#0.8025#0.0000#-0.0000#-2.5954
45.00:hum1:13.9845#-5.2836#0.8025#0.0000#-0.0000#-2.5954
46.00:hum1:13.9845#-5.2836#0.8025#0.0000#-0.0000#-2.5954
47.00:hum1:13.9845#-5.2836#0.8025#0.0000#-0.0000#-2.5954
48.00:hum1:13.9845#-5.2836#0.8025#0.0000#-0.0000#-2.5954
49.00:hum1:13.9845#-5.2836#0.8025#0.0000#-0.0000#-2.5954
50.00:hum1:13.9845#-5.2836#0.8025#0.0000#-0.0000#-2.5954
51.00:hum1:13.9845#-5.2836#0.8025#0.0000#-0.0000#-2.5954
52.00:hum1:13.9845#-5.2836#0.8025#0.0000#-0.0000#-2.5954
53.00:hum1:13.9845#-5.2836#0.8025#0.0000#-0.0000#-2.5954
54.00:hum1:13.9845#-5.2836#0.8025#0.0000#-0.0000#-2.5954
55.00:hum1:14.2876#-4.3743#0.8069#0.0821#0.0039#1.6180
56.00:hum1:14.2874#-4.3705#0.8025#-0.0000#-0.0000#1.6182
57.00:hum1:14.2874#-4.3705#0.8025#-0.0000#-0.0000#1.6182
58.00:hum1:14.2874#-4.3705#0.8025#-0.0000#-0.0000#1.6182
59.00:hum1:14.2874#-4.3705#0.8025#-0.0000#-0.0000#1.6182
60.00:hum1:14.2874#-4.3705#0.8025#-0.0000#-0.0000#1.6182
61.00:hum1:14.2874#-4.3705#0.8025#-0.0000#-0.0000#1.6182
62.00:hum1:14.3697#-3.9058#0.8071#-0.0079#0.0013#1.4071
63.00:hum1:14.2858#-2.9716#0.9141#0.8751#0.0881#1.6445
64.00:hum1:14.2858#-2.9716#0.9141#0.8751#0.0881#1.6445
65.00:hum1:14.2858#-2.9716#0.9141#0.8751#0.0881#1.6445
66.00:hum1:14.2858#-2.9716#0.9141#0.8751#0.0881#1.6445
67.00:hum1:14.3048#-3.1360#0.8025#-0.0000#-0.0000#1.6857
68.00:hum1:14.3048#-3.1360#0.8025#-0.0000#-0.0000#1.6857
69.00:hum1:14.3048#-3.1360#0.8025#-0.0000#-0.0000#1.6857
70.00:hum1:14.3048#-3.1360#0.8025#-0.0000#-0.0000#1.6857
71.00:hum1:14.3048#-3.1360#0.8025#-0.0000#-0.0000#1.6857
72.00:hum1:14.3048#-3.1360#0.8025#-0.0000#-0.0000#1.6857
73.00:hum1:14.3048#-3.1360#0.8025#-0.0000#-0.0000#1.6857
74.00:hum1:14.3160#-2.3439#0.8120#-0.1864#-0.1965#2.3740
75.00:hum1:13.1997#-1.5426#0.8115#0.0651#0.1484#2.7269
76.00:hum1:13.5836#-1.7725#0.8908#0.0795#-0.7587#0.1156
77.00:hum1:12.1596#-1.1929#0.9484#0.1770#1.0276#2.9360
78.00:hum1:11.0905#-1.0295#0.8374#0.0529#0.4229#3.0136
79.00:hum1:10.1053#-0.9112#0.8081#-0.0107#-0.1276#3.0578
80.00:hum1:9.2471#-0.8401#0.8025#-0.0000#-0.0000#3.0594
81.00:hum1:9.2471#-0.8401#0.8025#-0.0000#-0.0000#3.0594
82.00:hum1:8.7989#-0.7950#0.8161#-0.0310#-0.2997#3.0372
83.00:hum1:7.4484#-0.7294#0.8069#0.0007#0.0822#3.1334
84.00:hum1:6.1557#-0.7058#0.8763#0.0078#0.6821#3.1296
85.00:hum1:4.8358#-0.6682#0.9597#0.0076#1.0868#3.1334
86.00:hum1:3.7189#-0.6246#0.8496#-0.0038#0.5160#-3.1336
87.00:hum1:2.7188#-0.6197#0.8071#-0.0000#-0.0080#3.1364
88.00:hum1:2.2412#-0.6174#0.8044#0.0000#0.0072#3.1369
89.00:hum1:2.2412#-0.6174#0.8044#0.0000#0.0072#3.1369
90.00:hum1:1.4507#-0.6800#0.8204#0.0529#-0.3283#-2.9784
91.00:hum1:0.1133#-0.8775#0.8044#-0.0012#0.0071#-2.9702
92.00:hum1:-1.1653#-1.1098#0.8618#-0.1279#0.5831#-2.9119