
1.00:0.2653#-1.1873#0.2401#-0.0001#-0.0023#-0.0001
2.00:0.2653#-1.1874#0.2401#-0.0001#-0.0023#-0.0001
3.00:0.2652#-1.1874#0.2401#-0.0001#-0.0021#-0.0001
4.00:0.2651#-1.1874#0.2401#-0.0001#-0.0022#-0.0001
5.00:0.2650#-1.1874#0.2401#-0.0001#-0.0022#-0.0001
6.00:0.2650#-1.1874#0.2401#-0.0001#-0.0020#-0.0002
7.00:0.2649#-1.1874#0.2401#-0.0001#-0.0021#-0.0002
8.00:0.2649#-1.1874#0.2401#-0.0001#-0.0021#-0.0002
9.00:0.2648#-1.1874#0.2401#-0.0001#-0.0021#-0.0002
10.00:0.2647#-1.1874#0.2401#-0.0001#-0.0022#-0.0003
11.00:0.2646#-1.1874#0.2401#-0.0001#-0.0022#-0.0003
12.00:0.3048#-1.1738#0.2401#0.0005#-0.0023#0.2163
13.00:0.7079#-1.0328#0.2401#0.0005#-0.0019#0.3086
14.00:1.4236#-0.4991#0.2400#0.0013#0.0001#1.5109
15.00:1.0325#-0.4534#0.2400#-0.0013#0.0010#-2.2094
16.00:0.9834#-0.5801#0.2401#-0.0018#0.0009#-1.9948
17.00:0.9651#-0.6236#0.2400#-0.0016#0.0006#-1.9324
18.00:0.9648#-0.6809#0.2401#-0.0021#0.0002#-1.6374
19.00:0.9808#-0.7337#0.2401#-0.0021#-0.0005#-1.3461
20.00:1.0109#-0.7786#0.2401#-0.0019#-0.0011#-1.0519
21.00:1.0546#-0.8144#0.2401#-0.0015#-0.0016#-0.7564
22.00:1.1043#-0.8348#0.2401#-0.0010#-0.0019#-0.4659
23.00:1.1585#-0.8408#0.2401#-0.0004#-0.0021#-0.1775
24.00:1.3378#-0.8302#0.2401#0.0000#-0.0021#0.0360
25.00:2.4183#-0.8246#0.2401#-0.0001#-0.0016#0.0017
26.00:3.5841#-0.8226#0.2400#-0.0001#-0.0015#0.0017
27.00:4.7536#-0.8206#0.2400#0.0000#-0.0016#0.0011
28.00:5.9191#-0.8186#0.2400#-0.0001#-0.0013#0.0016
29.00:7.0847#-0.8163#0.2400#-0.0001#-0.0018#0.0017
30.00:8.2505#-0.8145#0.2400#-0.0001#-0.0014#0.0015
31.00:9.4163#-0.8127#0.2400#-0.0001#-0.0015#0.0018
32.00:10.5860#-0.8106#0.2400#-0.0001#-0.0014#0.0017
33.00:11.7518#-0.8087#0.2400#-0.0001#-0.0014#0.0018
34.00:12.9177#-0.8063#0.2400#-0.0001#-0.0014#0.0019
35.00:13.9940#-0.8044#0.2400#-0.0001#-0.0011#0.0040
36.00:14.1562#-0.8113#0.2401#-0.0004#-0.0021#-0.1500
37.00:14.1920#-0.8350#0.2401#-0.0010#-0.0020#-0.4487
38.00:14.2181#-0.8600#0.2401#-0.0013#-0.0017#-0.6253
39.00:14.2474#-0.8945#0.2401#-0.0017#-0.0014#-0.8216
40.00:14.2614#-0.9354#0.2401#-0.0020#-0.0009#-1.1110
41.00:14.2632#-0.9789#0.2401#-0.0022#-0.0003#-1.4034
42.00:14.2497#-1.1803#0.2401#-0.0021#0.0002#-1.6117
43.00:14.1962#-2.2823#0.2400#-0.0014#0.0002#-1.6213
44.00:14.1446#-3.3287#0.2400#-0.0011#0.0001#-1.6119
45.00:14.1414#-3.4335#0.2400#-0.0016#0.0001#-1.5968
46.00:14.1414#-3.4335#0.2400#-0.0016#0.0001#-1.5968
47.00:14.1414#-3.4334#0.2400#-0.0014#0.0001#-1.5968
48.00:14.1412#-3.4338#0.2400#-0.0016#0.0001#-1.5997
49.00:14.1350#-3.4495#0.2401#-0.0019#0.0004#-1.7140
50.00:14.1120#-3.4855#0.2401#-0.0019#0.0010#-2.0077
51.00:14.0792#-3.5134#0.2401#-0.0016#0.0016#-2.3032
52.00:14.0393#-3.5305#0.2401#-0.0010#0.0019#-2.6024
53.00:13.9960#-3.5352#0.2401#-0.0004#0.0022#-2.8982
54.00:13.9534#-3.5272#0.2401#0.0002#0.0022#3.0880
55.00:13.9147#-3.5066#0.2401#0.0009#0.0021#2.7838
56.00:13.8841#-3.4754#0.2401#0.0014#0.0017#2.4797
57.00:13.8642#-3.4368#0.2401#0.0019#0.0012#2.1781
58.00:13.8568#-3.3945#0.2401#0.0022#0.0006#1.8814
59.00:13.8617#-3.3516#0.2401#0.0022#-0.0001#1.5851
60.00:13.9145#-2.7629#0.2400#0.0015#-0.0002#1.4818
61.00:13.9553#-2.3021#0.2401#0.0018#-0.0003#1.4431
62.00:13.9808#-2.2577#0.2401#0.0024#-0.0011#1.1579
63.00:14.2984#-1.6108#0.2400#0.0009#-0.0005#1.1197
64.00:14.3407#-1.4945#0.2401#0.0021#-0.0006#1.3251
65.00:14.3340#-1.4405#0.2401#0.0022#0.0001#1.6205
66.00:14.3116#-1.3906#0.2401#0.0021#0.0007#1.9150
67.00:14.2759#-1.3488#0.2401#0.0018#0.0013#2.2079
68.00:14.2299#-1.3186#0.2401#0.0013#0.0017#2.4954
69.00:13.9009#-1.1339#0.2400#0.0006#0.0009#2.6002
70.00:13.6554#-0.9831#0.2400#0.0009#0.0016#2.6618
71.00:13.6012#-0.9762#0.2401#0.0004#0.0021#2.9471
72.00:13.4954#-0.9857#0.2401#-0.0001#0.0019#-3.0814
73.00:12.5013#-1.0025#0.2400#0.0000#0.0015#-3.1362
74.00:11.3356#-1.0088#0.2400#0.0000#0.0015#-3.1362
75.00:10.1698#-1.0151#0.2400#0.0001#0.0016#-3.1364
76.00:9.0040#-1.0210#0.2400#0.0001#0.0015#-3.1367
77.00:8.4358#-1.0257#0.2400#0.0000#0.0015#-3.1172
78.00:8.4358#-1.0256#0.2400#0.0000#0.0015#-3.1172
79.00:8.4359#-1.0256#0.2400#0.0000#0.0014#-3.1173
80.00:8.0654#-1.0274#0.2400#0.0001#0.0016#3.1287
81.00:6.9046#-1.0000#0.2400#0.0001#0.0016#3.1177
82.00:5.7390#-0.9721#0.2400#0.0001#0.0016#3.1177
83.00:4.5733#-0.9439#0.2399#-0.0004#0.0004#3.1173
84.00:3.4044#-0.9157#0.2400#0.0001#0.0016#3.1174
85.00:2.2390#-0.8876#0.2400#0.0001#0.0015#3.1175
86.00:1.3403#-0.8647#0.2400#0.0001#0.0010#3.1236
87.00:1.2701#-0.8784#0.2401#-0.0005#0.0025#-2.9251
88.00:0.5205#-1.0426#0.2400#-0.0002#0.0014#-2.9549
89.00:-0.6249#-1.2593#0.2400#-0.0002#0.0016#-2.9546
90.00:-1.7703#-1.4765#0.2400#-0.0002#0.0014#-2.9538
91.00:-2.2734#-1.5812#0.2400#-0.0003#0.0015#-2.8780
92.00:-2.2733#-1.5812#0.2400#-0.0003#0.0015#-2.8780