
1.00:hum1:-0.2750#-0.5250#0.8025#-0.0000#0.0000#-0.0000
2.00:hum1:-0.2750#-0.5250#0.8025#-0.0000#0.0000#-0.0000
3.00:hum1:-0.2750#-0.5250#0.8025#-0.0000#0.0000#-0.0000
4.00:hum1:-0.2750#-0.5250#0.8025#-0.0000#0.0000#-0.0000
5.00:hum1:-0.2750#-0.5250#0.8025#-0.0000#0.0000#-0.0000
6.00:hum1:-0.2750#-0.5250#0.8025#-0.0000#0.0000#-0.0000
7.00:hum1:-0.2750#-0.5250#0.8025#-0.0000#0.0000#-0.0000
8.00:hum1:-0.2750#-0.5250#0.8025#-0.0000#0.0000#-0.0000
9.00:hum1:-0.2750#-0.5250#0.8025#-0.0000#0.0000#-0.0000
10.00:hum1:-0.2750#-0.5250#0.8025#-0.0000#0.0000#-0.0000
11.00:hum1:-0.2750#-0.5250#0.8025#-0.0000#0.0000#-0.0000
12.00:hum1:-0.2750#-0.5250#0.8025#-0.0000#0.0000#-0.0000
13.00:hum1:-0.2750#-0.5250#0.8025#-0.0000#0.0000#-0.0000
14.00:hum1:-0.2750#-0.5250#0.8025#-0.0000#0.0000#-0.0000
15.00:hum1:-0.2750#-0.5250#0.8025#-0.0000#0.0000#-0.0000
16.00:hum1:-0.1338#-0.5808#0.8044#-0.0021#-0.0069#-0.3017
17.00:hum1:0.8520#-0.8787#0.8048#0.0118#0.0570#-0.2042
18.00:hum1:1.9339#-1.1143#0.8044#-0.0011#-0.0071#-0.1599
19.00:hum1:2.9523#-1.2793#0.8069#-0.0337#-0.0749#-0.4232
20.00:hum1:4.0964#-1.4579#0.8115#-0.0233#-0.1603#-0.1447
21.00:hum1:5.0110#-1.5956#0.8025#0.0000#0.0000#-0.1362
22.00:hum1:5.0110#-1.5956#0.8025#0.0000#0.0000#-0.1362
23.00:hum1:5.0110#-1.5956#0.8025#0.0000#0.0000#-0.1362
24.00:hum1:5.0110#-1.5956#0.8025#0.0000#0.0000#-0.1362
25.00:hum1:5.0110#-1.5956#0.8025#0.0000#0.0000#-0.1362
26.00:hum1:5.0110#-1.5956#0.8025#0.0000#0.0000#-0.1362
27.00:hum1:5.0110#-1.5956#0.8025#0.0000#0.0000#-0.1362
28.00:hum1:5.6311#-1.6299#0.9597#-0.1023#-1.0840#-0.1153
29.00:hum1:6.7715#-1.5750#0.8496#0.0275#-0.5153#0.0561
30.00:hum1:7.7808#-1.5200#0.8071#-0.0006#0.0080#0.0795
31.00:hum1:8.8816#-1.4340#0.8215#-0.0378#0.3136#0.1222
32.00:hum1:10.2088#-1.2778#0.8025#-0.0000#0.0000#0.1314
33.00:hum1:10.2088#-1.2778#0.8025#-0.0000#0.0000#0.1314
34.00:hum1:10.2088#-1.2778#0.8025#-0.0000#0.0000#0.1314
35.00:hum1:10.2088#-1.2778#0.8025#-0.0000#0.0000#0.1314
36.00:hum1:10.2088#-1.2778#0.8025#-0.0000#0.0000#0.1314
37.00:hum1:10.2088#-1.2778#0.8025#-0.0000#0.0000#0.1314
38.00:hum1:10.2088#-1.2778#0.8025#-0.0000#0.0000#0.1314
39.00:hum1:10.5770#-1.7337#0.8215#0.2168#0.2315#-0.7645
40.00:hum1:11.4279#-2.6387#0.8161#0.2130#0.2146#-0.7928
41.00:hum1:12.8442#-2.2827#0.8069#0.0387#-0.0725#0.4910
42.00:hum1:13.4100#-1.6182#0.8763#-0.6482#0.2298#-1.8626
43.00:hum1:13.7162#-2.7424#0.9597#0.4776#-1.0193#0.5464
44.00:hum1:14.7902#-2.4383#0.8496#0.1531#-0.4947#0.3146
45.00:hum1:15.7558#-2.1649#0.8071#-0.0022#0.0077#0.2759
46.00:hum1:16.7485#-1.8839#0.8081#-0.0350#0.1232#0.2780
47.00:hum1:17.9433#-1.4203#0.8281#-0.3119#0.2043#1.0095
48.00:hum1:18.3011#-0.8900#0.8025#-0.0000#0.0000#0.9773
49.00:hum1:18.3011#-0.8900#0.8025#-0.0000#0.0000#0.9773
50.00:hum1:18.3011#-0.8900#0.8025#-0.0000#0.0000#0.9773
51.00:hum1:18.3011#-0.8900#0.8025#-0.0000#0.0000#0.9773
52.00:hum1:18.3011#-0.8900#0.8025#-0.0000#0.0000#0.9773
53.00:hum1:18.3011#-0.8900#0.8025#-0.0000#0.0000#0.9773
54.00:hum1:18.3011#-0.8900#0.8025#-0.0000#0.0000#0.9773
55.00:hum1:18.3011#-0.8900#0.8025#-0.0000#0.0000#0.9773
56.00:hum1:18.3011#-0.8900#0.8025#-0.0000#0.0000#0.9773
57.00:hum1:18.3011#-0.8900#0.8025#-0.0000#0.0000#0.9773
58.00:hum1:18.4349#-0.2781#0.8204#-0.3273#0.0592#1.3986
59.00:hum1:18.6792#1.0489#0.8044#0.0071#-0.0013#1.3888
60.00:hum1:18.7457#2.3758#0.8618#0.5949#-0.0257#1.5332
61.00:hum1:18.8059#3.6968#0.9598#1.0867#-0.0406#1.5498
62.00:hum1:18.8078#3.7403#0.8153#-0.2468#0.0112#1.5266
63.00:hum1:18.3750#4.6735#0.4025#0.0000#0.0000#-1.5700
64.00:hum1:18.3750#4.6735#0.4025#0.0000#0.0000#-1.5700
65.00:hum1:18.3750#4.6735#0.4025#0.0000#0.0000#-1.5700
66.00:hum1:18.3750#4.6735#0.4025#0.0000#0.0000#-1.5700
67.00:hum1:18.3750#4.6735#0.4025#0.0000#0.0000#-1.5700
68.00:hum1:18.3750#4.6735#0.4025#0.0000#0.0000#-1.5700
69.00:hum1:18.3750#4.6735#0.4025#0.0000#0.0000#-1.5700
70.00:hum1:18.3750#4.6735#0.4025#0.0000#0.0000#-1.5700
71.00:hum1:18.3750#4.6735#0.4025#0.0000#0.0000#-1.5700
72.00:hum1:18.3750#4.6735#0.4025#0.0000#0.0000#-1.5700
73.00:hum1:18.3750#4.6735#0.4025#0.0000#0.0000#-1.5700
74.00:hum1:18.3750#4.6735#0.4025#0.0000#0.0000#-1.5700
75.00:hum1:18.3750#4.6735#0.4025#0.0000#0.0000#-1.5700
76.00:hum1:18.3750#4.6735#0.4025#0.0000#0.0000#-1.5700
77.00:hum1:18.3750#4.6735#0.4025#0.0000#0.0000#-1.5700
78.00:hum1:18.3451#4.1421#0.8204#0.3311#-0.0297#-1.6567
79.00:hum1:18.2078#2.7971#0.8044#-0.0072#0.0005#-1.6407
80.00:hum1:18.1054#1.5126#0.8618#-0.5936#0.0496#-1.6437
81.00:hum1:17.7534#0.4348#0.9598#-0.9859#0.5694#-1.9133
82.00:hum1:17.0585#-0.5261#0.8721#-0.5732#0.3416#-2.0492
83.00:hum1:16.4903#-1.2735#0.8102#-0.0941#0.0578#-2.1194
84.00:hum1:15.9274#-2.1597#0.8171#0.2281#-0.1476#-2.1353
85.00:hum1:15.3214#-3.1894#0.8204#0.2846#-0.1741#-2.1049
86.00:hum1:14.7067#-4.2369#0.8067#0.1296#-0.0872#-2.1596
87.00:hum1:14.7067#-4.2369#0.8067#0.1296#-0.0872#-2.1596