
1.00:-4.1098#-1.2873#0.2401#-0.0001#-0.0023#-0.0001
2.00:-4.1099#-1.2873#0.2401#-0.0001#-0.0024#-0.0002
3.00:-4.1101#-1.2873#0.2401#-0.0001#-0.0025#-0.0002
4.00:-4.1102#-1.2874#0.2401#-0.0001#-0.0025#-0.0002
5.00:-4.1103#-1.2874#0.2401#-0.0001#-0.0025#-0.0003
6.00:-4.1104#-1.2874#0.2401#-0.0001#-0.0026#-0.0003
7.00:-4.1105#-1.2874#0.2401#-0.0001#-0.0026#-0.0003
8.00:-4.1106#-1.2874#0.2401#-0.0001#-0.0024#-0.0004
9.00:-4.1108#-1.2874#0.2401#-0.0001#-0.0024#-0.0006
10.00:-4.1108#-1.2874#0.2401#-0.0001#-0.0021#-0.0007
11.00:-4.1109#-1.2874#0.2401#-0.0001#-0.0022#-0.0007
12.00:-3.9249#-1.2900#0.2401#-0.0001#-0.0029#-0.0277
13.00:-3.4792#-1.5033#0.2401#-0.0017#-0.0010#-1.0121
14.00:-3.4246#-1.5779#0.2401#-0.0017#-0.0013#-0.8957
15.00:-3.3451#-1.6324#0.2401#-0.0013#-0.0018#-0.6035
16.00:-3.2553#-1.6611#0.2401#-0.0007#-0.0020#-0.3121
17.00:-3.1612#-1.6626#0.2401#-0.0001#-0.0022#-0.0240
18.00:-2.5491#-1.6181#0.2401#0.0000#-0.0016#0.0665
19.00:-1.3860#-1.5408#0.2401#0.0001#-0.0015#0.0664
20.00:-0.2229#-1.4634#0.2401#0.0000#-0.0015#0.0664
21.00:0.9441#-1.3859#0.2401#0.0001#-0.0017#0.0662
22.00:2.1073#-1.3085#0.2401#0.0000#-0.0017#0.0666
23.00:3.2706#-1.2308#0.2401#0.0001#-0.0016#0.0668
24.00:4.4339#-1.1528#0.2401#-0.0000#-0.0015#0.0668
25.00:5.1754#-1.1009#0.2400#0.0000#-0.0012#0.0901
26.00:5.1758#-1.1009#0.2401#0.0001#-0.0020#0.0913
27.00:5.1756#-1.1010#0.2401#0.0001#-0.0020#0.0913
28.00:5.1775#-1.1116#0.2401#-0.0003#-0.0019#-0.1173
29.00:5.8990#-1.2648#0.2400#-0.0003#-0.0010#-0.2083
30.00:6.2282#-1.3250#0.2401#-0.0002#-0.0020#-0.0897
31.00:6.5842#-1.2952#0.2401#0.0001#-0.0020#0.0657
32.00:7.7339#-1.2310#0.2401#0.0000#-0.0017#0.0555
33.00:8.8980#-1.1665#0.2401#0.0000#-0.0019#0.0555
34.00:10.0660#-1.1014#0.2401#0.0000#-0.0014#0.0557
35.00:11.2298#-1.0365#0.2401#-0.0000#-0.0016#0.0559
36.00:12.3940#-0.9712#0.2401#-0.0000#-0.0015#0.0563
37.00:13.5442#-0.9064#0.2400#-0.0000#-0.0010#0.0566
38.00:13.8415#-0.8932#0.2401#-0.0002#-0.0020#-0.0381
39.00:13.8402#-0.9063#0.2401#-0.0008#-0.0022#-0.3048
40.00:13.8357#-0.9184#0.2401#-0.0013#-0.0018#-0.5640
41.00:13.8275#-0.9301#0.2401#-0.0017#-0.0014#-0.8519
42.00:13.8163#-0.9394#0.2401#-0.0020#-0.0008#-1.1421
43.00:13.8148#-0.9397#0.2401#-0.0021#-0.0008#-1.1720
44.00:13.8147#-0.9395#0.2401#-0.0021#-0.0008#-1.1720
45.00:13.8147#-0.9394#0.2401#-0.0021#-0.0008#-1.1721
46.00:13.8146#-0.9392#0.2401#-0.0021#-0.0008#-1.1722
47.00:13.8145#-0.9390#0.2401#-0.0021#-0.0008#-1.1722
48.00:13.8144#-0.9388#0.2401#-0.0021#-0.0008#-1.1724
49.00:13.8143#-0.9386#0.2401#-0.0021#-0.0008#-1.1724
50.00:13.8142#-0.9384#0.2401#-0.0021#-0.0008#-1.1725
51.00:13.8141#-0.9382#0.2401#-0.0021#-0.0008#-1.1727
52.00:13.8140#-0.9380#0.2401#-0.0021#-0.0008#-1.1729
53.00:13.8139#-0.9378#0.2401#-0.0021#-0.0008#-1.1730
54.00:13.8138#-0.9376#0.2401#-0.0021#-0.0008#-1.1730
55.00:13.8137#-0.9375#0.2401#-0.0021#-0.0008#-1.1731
56.00:13.8136#-0.9373#0.2401#-0.0021#-0.0008#-1.1733
57.00:13.8135#-0.9371#0.2401#-0.0021#-0.0008#-1.1734
58.00:13.8134#-0.9369#0.2401#-0.0021#-0.0008#-1.1735
59.00:13.8134#-0.9367#0.2401#-0.0021#-0.0008#-1.1736
60.00:13.8133#-0.9365#0.2401#-0.0021#-0.0008#-1.1737
61.00:13.8132#-0.9363#0.2401#-0.0021#-0.0008#-1.1737
62.00:13.8131#-0.9361#0.2401#-0.0021#-0.0008#-1.1738
63.00:13.8130#-0.9359#0.2401#-0.0021#-0.0008#-1.1739
64.00:13.8129#-0.9357#0.2401#-0.0021#-0.0008#-1.1740
65.00:13.8128#-0.9356#0.2401#-0.0021#-0.0008#-1.1741
66.00:13.8127#-0.9354#0.2401#-0.0021#-0.0008#-1.1742
67.00:13.8126#-0.9352#0.2401#-0.0021#-0.0008#-1.1742
68.00:13.8125#-0.9350#0.2401#-0.0021#-0.0008#-1.1743
69.00:13.8124#-0.9348#0.2401#-0.0021#-0.0008#-1.1744
70.00:13.8123#-0.9346#0.2401#-0.0021#-0.0008#-1.1744
71.00:13.8053#-0.9382#0.2401#-0.0022#-0.0004#-1.3314
72.00:13.7909#-0.9411#0.2401#-0.0022#0.0002#-1.6230
73.00:13.7113#-1.5214#0.2400#-0.0014#0.0002#-1.6906
74.00:13.5733#-2.6793#0.2400#-0.0014#0.0002#-1.6897
75.00:13.4350#-3.8371#0.2400#-0.0011#0.0002#-1.6896
76.00:13.3082#-4.9072#0.2400#-0.0010#0.0002#-1.6844
77.00:13.2993#-5.1003#0.2401#-0.0021#-0.0001#-1.5134
78.00:13.3688#-5.4833#0.2400#-0.0015#-0.0001#-1.4342
79.00:13.4843#-6.4851#0.2400#-0.0010#-0.0001#-1.4430
80.00:13.4966#-6.5687#0.2401#-0.0014#-0.0001#-1.4206
81.00:13.4966#-6.5686#0.2401#-0.0015#-0.0002#-1.4206
82.00:13.4966#-6.5686#0.2401#-0.0014#-0.0001#-1.4206
83.00:13.5156#-6.6162#0.2401#-0.0020#-0.0006#-1.2661
84.00:13.5703#-6.6954#0.2401#-0.0018#-0.0012#-0.9702
85.00:13.6460#-6.7553#0.2401#-0.0012#-0.0015#-0.6717
86.00:14.1441#-7.1517#0.2400#-0.0008#-0.0007#-0.7448
87.00:14.2618#-7.2716#0.2401#-0.0011#-0.0010#-0.8174
88.00:14.2617#-7.2715#0.2401#-0.0012#-0.0010#-0.8173
89.00:14.2616#-7.2714#0.2401#-0.0012#-0.0011#-0.8173
90.00:14.2615#-7.2714#0.2401#-0.0012#-0.0010#-0.8173
91.00:14.2615#-7.2713#0.2401#-0.0012#-0.0010#-0.8174
92.00:14.2614#-7.2712#0.2401#-0.0012#-0.0010#-0.8174
93.00:14.2613#-7.2712#0.2401#-0.0011#-0.0010#-0.8175
94.00:14.2612#-7.2710#0.2401#-0.0013#-0.0011#-0.8175
95.00:14.2611#-7.2710#0.2401#-0.0012#-0.0010#-0.8175
96.00:14.2611#-7.2709#0.2401#-0.0011#-0.0009#-0.8175
97.00:14.2610#-7.2709#0.2401#-0.0011#-0.0009#-0.8176
98.00:14.2609#-7.2708#0.2401#-0.0012#-0.0010#-0.8176
99.00:14.2608#-7.2707#0.2401#-0.0013#-0.0011#-0.8177
100.00:14.2608#-7.2707#0.2401#-0.0011#-0.0009#-0.8177
101.00:14.2607#-7.2706#0.2401#-0.0012#-0.0010#-0.8178
102.00:14.2606#-7.2705#0.2401#-0.0012#-0.0010#-0.8179
103.00:14.2605#-7.2704#0.2401#-0.0012#-0.0010#-0.8179
104.00:14.2604#-7.2703#0.2401#-0.0011#-0.0010#-0.8179
105.00:14.2603#-7.2703#0.2401#-0.0011#-0.0010#-0.8179
106.00:14.2602#-7.2702#0.2401#-0.0012#-0.0010#-0.8180
107.00:14.2602#-7.2701#0.2401#-0.0011#-0.0010#-0.8180
108.00:14.2601#-7.2700#0.2401#-0.0011#-0.0010#-0.8181
109.00:14.2600#-7.2700#0.2401#-0.0011#-0.0010#-0.8181
110.00:14.2599#-7.2699#0.2401#-0.0013#-0.0012#-0.8182
111.00:14.2598#-7.2698#0.2401#-0.0012#-0.0010#-0.8183
112.00:14.2598#-7.2697#0.2401#-0.0012#-0.0010#-0.8183
113.00:14.2597#-7.2697#0.2401#-0.0012#-0.0010#-0.8184
114.00:14.2596#-7.2695#0.2401#-0.0012#-0.0010#-0.8184
115.00:14.2595#-7.2694#0.2401#-0.0013#-0.0011#-0.8185
116.00:14.2594#-7.2694#0.2401#-0.0012#-0.0010#-0.8185
117.00:14.2593#-7.2693#0.2401#-0.0012#-0.0010#-0.8185
118.00:14.2593#-7.2693#0.2401#-0.0011#-0.0010#-0.8186
119.00:14.2592#-7.2692#0.2401#-0.0012#-0.0010#-0.8186
120.00:14.2591#-7.2691#0.2401#-0.0011#-0.0010#-0.8186
121.00:14.2590#-7.2690#0.2401#-0.0013#-0.0012#-0.8186
122.00:14.2589#-7.2690#0.2401#-0.0012#-0.0010#-0.8186
123.00:14.2588#-7.2689#0.2401#-0.0013#-0.0011#-0.8186
124.00:14.2588#-7.2688#0.2401#-0.0012#-0.0010#-0.8187
125.00:14.2587#-7.2687#0.2401#-0.0013#-0.0011#-0.8187
126.00:14.2586#-7.2686#0.2401#-0.0012#-0.0011#-0.8187
127.00:14.2585#-7.2686#0.2401#-0.0012#-0.0010#-0.8187