
2.00:hum1:-6.4000#-1.4250#0.8025#-0.0000#0.0000#-0.0000
3.00:hum1:-6.4000#-1.4250#0.8025#-0.0000#0.0000#-0.0000
4.00:hum1:-6.4000#-1.4250#0.8025#-0.0000#0.0000#-0.0000
5.00:hum1:-6.4000#-1.4250#0.8025#-0.0000#0.0000#-0.0000
6.00:hum1:-6.4000#-1.4250#0.8025#-0.0000#0.0000#-0.0000
7.00:hum1:-6.4000#-1.4250#0.8025#-0.0000#0.0000#-0.0000
8.00:hum1:-6.4000#-1.4250#0.8025#-0.0000#0.0000#-0.0000
9.00:hum1:-6.4000#-1.4250#0.8025#-0.0000#0.0000#-0.0000
10.00:hum1:-6.4000#-1.4250#0.8025#-0.0000#0.0000#-0.0000
11.00:hum1:-6.4000#-1.4250#0.8025#-0.0000#0.0000#-0.0000
12.00:hum1:-6.4000#-1.4250#0.8025#-0.0000#0.0000#-0.0000
13.00:hum1:-6.4000#-1.4250#0.8025#-0.0000#0.0000#-0.0000
14.00:hum1:-6.4000#-1.4250#0.8025#-0.0000#0.0000#-0.0000
15.00:hum1:-6.4000#-1.4250#0.8025#-0.0000#0.0000#-0.0000
16.00:hum1:-5.6811#-1.5672#0.8081#0.0242#0.1257#-0.1907
17.00:hum1:-4.6450#-1.7657#0.9597#-0.3441#-1.0538#-0.3906
18.00:hum1:-4.5734#-1.7794#0.8721#-0.1444#-0.6436#-0.2374
19.00:hum1:-3.9634#-1.8962#0.8466#-0.1012#-0.4849#-0.2142
20.00:hum1:-2.6812#-2.1417#0.9377#-0.2788#-0.9621#-0.3354
21.00:hum1:-1.4670#-2.3743#0.9191#-0.2338#-0.8793#-0.2995
22.00:hum1:-0.4615#-2.5668#0.8168#-0.0432#-0.2215#-0.1940
23.00:hum1:0.5192#-2.7545#0.8153#0.0475#0.2425#-0.1950
24.00:hum1:1.7148#-2.9835#0.8244#0.0716#0.3568#-0.2021
25.00:hum1:2.5816#-3.1495#0.8081#0.0242#0.1257#-0.1907
26.00:hum1:2.5816#-3.1495#0.8081#0.0242#0.1257#-0.1907
27.00:hum1:2.5816#-3.1495#0.8081#0.0242#0.1257#-0.1907
28.00:hum1:2.5816#-3.1495#0.8081#0.0242#0.1257#-0.1907
29.00:hum1:2.5816#-3.1495#0.8081#0.0242#0.1257#-0.1907
30.00:hum1:2.6354#-3.1727#0.8153#-0.0050#0.2470#0.0210
31.00:hum1:3.7476#-3.1646#0.9413#0.0083#-1.0046#0.0102
32.00:hum1:4.8016#-3.1412#0.8262#0.0095#-0.3286#0.0298
33.00:hum1:5.7057#-3.1065#0.8116#-0.0094#0.1944#0.0488
34.00:hum1:6.4641#-3.0660#0.8267#-0.0256#0.3720#0.0705
35.00:hum1:7.6560#-2.9789#0.8067#-0.0133#0.1555#0.0861
36.00:hum1:8.7798#-2.8634#0.8273#0.0387#-0.3393#0.1162
37.00:hum1:10.0681#-2.7217#0.9141#0.1307#-0.8712#0.1705
38.00:hum1:11.3404#-2.5817#0.9413#0.1699#-0.9953#0.2021
39.00:hum1:10.3299#-1.9015#0.8262#0.0601#0.3234#2.9547
40.00:hum1:9.3646#-1.7303#0.8116#-0.0344#-0.1916#2.9629
41.00:hum1:8.3223#-1.5455#0.8081#-0.0225#-0.1260#2.9648
42.00:hum1:7.2025#-1.3471#0.8281#-0.0679#-0.3650#2.9536
43.00:hum1:5.9314#-1.1218#0.8120#-0.0483#-0.2658#2.9597
44.00:hum1:4.6438#-0.8936#0.8115#0.0286#0.1595#2.9639
45.00:hum1:3.3526#-0.6647#0.8908#0.1653#0.7474#2.9013
46.00:hum1:2.0772#-0.4387#0.9484#0.2875#1.0115#2.8063
47.00:hum1:1.0080#-0.2493#0.8374#0.0792#0.4190#2.9494
48.00:hum1:0.0386#-0.0775#0.8081#-0.0225#-0.1260#2.9648
49.00:hum1:-1.0812#0.1209#0.8281#-0.0679#-0.3650#2.9536
50.00:hum1:-2.3524#0.3462#0.8120#-0.0483#-0.2658#2.9597
51.00:hum1:-3.3313#0.0113#0.8244#0.0129#0.3634#-0.0361
52.00:hum1:-2.1507#-0.2454#0.8048#0.0246#0.0528#-0.4354
53.00:hum1:-1.7673#-0.3846#0.8466#-0.0999#-0.4852#-0.2114
54.00:hum1:-1.6674#-0.4174#0.9377#-0.3565#-0.9439#-0.4307
55.00:hum1:-1.9691#0.1815#0.9191#0.3353#0.8540#2.7090
56.00:hum1:-1.8060#0.1366#0.8168#0.0709#0.2143#2.8196
57.00:hum1:-1.6284#0.0737#0.8153#-0.0868#-0.2316#2.7797
58.00:hum1:-1.6137#0.0604#0.8244#-0.1493#-0.3328#2.7104
59.00:hum1:-1.6899#0.0933#0.8048#-0.0230#-0.0535#2.7348
60.00:hum1:-1.9745#-0.3267#0.8067#0.0677#0.1407#-0.4501
61.00:hum1:-0.8976#-0.3150#0.8069#-0.0635#-0.0522#-0.8828
62.00:hum1:-0.3897#-0.1420#0.8763#0.5638#0.4070#2.1305
63.00:hum1:-0.5386#-0.7724#0.9597#-0.9947#-0.5467#-1.2448
64.00:hum1:-0.3202#-0.2160#0.8496#0.4405#0.2780#2.0983
65.00:hum1:-0.7002#-0.5498#0.8071#0.0065#0.0047#-0.9413
66.00:hum1:-0.7325#-0.5006#0.8215#0.2635#0.1762#-0.9943
67.00:hum1:-0.7552#-0.4569#0.8161#0.2581#0.1570#-1.0357
68.00:hum1:-0.6678#-0.5957#0.8069#-0.0682#-0.0458#-0.9800
69.00:hum1:-0.0029#-0.7951#0.8067#0.0269#0.1537#-0.1736
70.00:hum1:1.2605#-1.0698#0.8273#-0.0804#-0.3321#-0.2420
71.00:hum1:2.5384#-1.3278#0.9141#-0.2333#-0.8551#-0.3047
72.00:hum1:3.2626#-1.4620#0.9413#-0.2701#-0.9805#-0.3213
73.00:hum1:4.2994#-1.6397#0.8262#-0.0556#-0.3242#-0.1728
74.00:hum1:5.2729#-1.7893#0.8116#0.0282#0.1926#-0.1459
75.00:hum1:6.4515#-1.9449#0.8267#0.0481#0.3698#-0.1321
76.00:hum1:6.6891#-1.9729#0.8067#0.0238#0.1542#-0.1533
77.00:hum1:6.8030#-1.9884#0.8273#-0.0433#-0.3387#-0.1293
78.00:hum1:6.6091#-1.4556#0.9141#0.1757#0.8653#2.9128
79.00:hum1:6.6156#-1.4413#0.9413#0.3313#0.9676#2.7463
80.00:hum1:6.7267#-1.4701#0.8262#0.0619#0.3231#2.9490
81.00:hum1:6.9112#-1.5071#0.8116#-0.0420#-0.1901#2.9230
82.00:hum1:6.8311#-1.9576#0.8081#-0.0167#0.1269#0.1313
83.00:hum1:7.8369#-1.9583#0.8281#0.1169#0.3529#-0.3271
84.00:hum1:8.9646#-2.0877#0.8120#-0.0018#0.2700#0.0070
85.00:hum1:10.2573#-2.1361#0.8115#-0.0079#-0.1618#-0.0489
86.00:hum1:10.7986#-2.1308#0.8908#0.0263#-0.7616#0.0385
87.00:hum1:12.1020#-2.0645#0.9484#0.1141#-1.0331#0.1330
88.00:hum1:13.1853#-1.9906#0.8374#0.0307#-0.4249#0.0747
89.00:hum1:14.1676#-1.9236#0.8081#-0.0087#0.1277#0.0686
90.00:hum1:15.3021#-1.8462#0.8281#-0.0263#0.3701#0.0730
91.00:hum1:16.5901#-1.7584#0.8120#-0.0187#0.2694#0.0706
92.00:hum1:17.8947#-1.6695#0.8115#0.0111#-0.1616#0.0690
93.00:hum1:18.4483#-1.6318#0.9191#0.0854#-0.8987#0.1093
94.00:hum1:18.4483#-1.6318#0.9191#0.0854#-0.8987#0.1093
95.00:hum1:18.4483#-1.6318#0.9191#0.0854#-0.8987#0.1093
96.00:hum1:18.4483#-1.6318#0.9191#0.0854#-0.8987#0.1093
97.00:hum1:18.4483#-1.6318#0.9191#0.0854#-0.8987#0.1093
98.00:hum1:18.4483#-1.6318#0.9191#0.0854#-0.8987#0.1093
99.00:hum1:18.9064#-1.6005#0.8069#0.0056#-0.0820#0.0683
100.00:hum1:19.2030#-1.5803#0.8908#0.0645#-0.7598#0.0939