
1.00:hum1:-0.2750#-0.5250#0.8025#-0.0000#0.0000#-0.0000
2.00:hum1:-0.2750#-0.5250#0.8025#-0.0000#0.0000#-0.0000
3.00:hum1:-0.2750#-0.5250#0.8025#-0.0000#0.0000#-0.0000
4.00:hum1:-0.2750#-0.5250#0.8025#-0.0000#0.0000#-0.0000
5.00:hum1:-0.2750#-0.5250#0.8025#-0.0000#0.0000#-0.0000
6.00:hum1:-0.2750#-0.5250#0.8025#-0.0000#0.0000#-0.0000
7.00:hum1:-0.2750#-0.5250#0.8025#-0.0000#0.0000#-0.0000
8.00:hum1:-0.2750#-0.5250#0.8025#-0.0000#0.0000#-0.0000
9.00:hum1:-0.2750#-0.5250#0.8025#-0.0000#0.0000#-0.0000
10.00:hum1:-0.2750#-0.5250#0.8025#-0.0000#0.0000#-0.0000
11.00:hum1:0.2808#-0.6449#0.9141#-0.2392#-0.8538#-0.3125
12.00:hum1:1.1966#-0.7636#0.8618#-0.0747#-0.5912#-0.1330
13.00:hum1:2.1985#-0.8826#0.8466#-0.0566#-0.4916#-0.1191
14.00:hum1:3.1944#-0.9932#0.8273#-0.0347#-0.3397#-0.1034
15.00:hum1:4.1768#-1.0976#0.8115#-0.0144#-0.1613#-0.0889
16.00:hum1:5.4840#-1.2176#0.8908#-0.0757#-0.7590#-0.1094
17.00:hum1:6.7780#-1.3210#0.9484#-0.1104#-1.0334#-0.1279
18.00:hum1:7.8647#-1.3896#0.8374#-0.0238#-0.4254#-0.0574
19.00:hum1:8.8515#-1.4483#0.8081#0.0042#0.1280#-0.0327
20.00:hum1:9.9914#-1.4923#0.8281#0.0058#0.3710#-0.0155
21.00:hum1:11.2878#-1.5097#0.8120#-0.0033#0.2700#0.0125
22.00:hum1:11.9022#-1.5091#0.8161#0.2878#0.0902#-1.2752
23.00:hum1:12.2375#-2.4958#0.8204#0.2887#0.1672#-1.0596
24.00:hum1:13.0546#-3.5066#0.8244#-0.1360#0.3383#0.3913
25.00:hum1:14.2995#-3.0265#0.8048#-0.0210#0.0543#0.3687
26.00:hum1:15.5098#-2.5598#0.8466#0.1915#-0.4589#0.4130
27.00:hum1:16.4257#-2.2065#0.8025#-0.0000#0.0000#0.3681
28.00:hum1:16.5600#-2.1547#0.8025#-0.0000#0.0000#0.3681
29.00:hum1:16.7160#-2.0945#0.8025#-0.0000#0.0000#0.3681
30.00:hum1:16.8640#-2.0374#0.8171#-0.0996#0.2525#0.3807
31.00:hum1:17.9322#-1.5747#0.8153#-0.2120#0.1278#1.0366
32.00:hum1:18.4413#-0.5706#0.8116#-0.1922#0.0307#1.4149
33.00:hum1:18.6088#0.4747#0.8081#-0.1264#0.0202#1.4132
34.00:hum1:18.7202#1.5679#0.8071#-0.0080#0.0003#1.5289
35.00:hum1:18.7651#2.6383#0.8102#0.1103#-0.0046#1.5292
36.00:hum1:18.8098#3.7057#0.8168#0.2254#-0.0094#1.5300
37.00:hum1:18.8110#3.7349#0.8281#-0.3707#0.0153#1.5318
38.00:hum1:18.3750#4.6735#0.4025#0.0000#0.0000#-1.5700
39.00:hum1:18.3750#4.6735#0.4025#0.0000#0.0000#-1.5700
40.00:hum1:18.3750#4.6735#0.4025#0.0000#0.0000#-1.5700
41.00:hum1:18.3750#4.6735#0.4025#0.0000#0.0000#-1.5700
42.00:hum1:18.3750#4.6735#0.4025#0.0000#0.0000#-1.5700
43.00:hum1:18.3750#4.6735#0.4025#0.0000#0.0000#-1.5700
44.00:hum1:18.3750#4.6735#0.4025#0.0000#0.0000#-1.5700
45.00:hum1:18.3750#4.6735#0.4025#0.0000#0.0000#-1.5700
46.00:hum1:18.3750#4.6735#0.4025#0.0000#0.0000#-1.5700
47.00:hum1:18.3750#4.6735#0.4025#0.0000#0.0000#-1.5700
48.00:hum1:18.3750#4.6735#0.4025#0.0000#0.0000#-1.5700
49.00:hum1:18.3750#4.6735#0.4025#0.0000#0.0000#-1.5700
50.00:hum1:18.3750#4.6735#0.4025#0.0000#0.0000#-1.5700
51.00:hum1:18.3750#4.6735#0.4025#0.0000#0.0000#-1.5700
52.00:hum1:18.3750#4.1811#0.8161#0.3012#0.0001#-1.5700
53.00:hum1:18.2760#3.4197#0.8081#0.1277#-0.0089#-1.6394
54.00:hum1:18.1768#2.2909#0.8281#0.3699#-0.0299#-1.6476
55.00:hum1:18.0609#1.0052#0.8120#0.2692#-0.0214#-1.6480
56.00:hum1:17.7283#0.0248#0.8115#-0.1092#0.1199#-2.3995
57.00:hum1:17.0357#-0.7785#0.8069#-0.0667#0.0480#-2.1936
58.00:hum1:16.4481#-1.5941#0.8044#-0.0058#0.0042#-2.1963
59.00:hum1:15.8606#-2.4200#0.8048#0.0482#-0.0326#-2.1647
60.00:hum1:15.2077#-3.5110#0.8466#-0.4239#0.2630#-2.0931
61.00:hum1:14.5240#-4.5976#0.9377#-0.8959#0.4955#-1.9340
62.00:hum1:14.4069#-4.7672#0.8171#0.2247#-0.1529#-2.1583
63.00:hum1:14.3238#-4.8874#0.8025#0.0000#-0.0000#-2.1755
64.00:hum1:14.3238#-4.8874#0.8025#0.0000#-0.0000#-2.1755
65.00:hum1:14.3238#-4.8874#0.8025#0.0000#-0.0000#-2.1755
66.00:hum1:14.3238#-4.8874#0.8025#0.0000#-0.0000#-2.1755
67.00:hum1:14.3238#-4.8874#0.8025#0.0000#-0.0000#-2.1755
68.00:hum1:14.3238#-4.8874#0.8025#0.0000#-0.0000#-2.1755
69.00:hum1:14.3238#-4.8874#0.8025#0.0000#-0.0000#-2.1755
70.00:hum1:14.3238#-4.8874#0.8025#0.0000#-0.0000#-2.1755