
1.00:0.2653#-1.1873#0.2401#-0.0001#-0.0023#-0.0001
2.00:0.2653#-1.1874#0.2401#-0.0001#-0.0023#-0.0001
3.00:0.2652#-1.1874#0.2401#-0.0001#-0.0021#-0.0001
4.00:0.2651#-1.1874#0.2401#-0.0001#-0.0022#-0.0001
5.00:0.2650#-1.1874#0.2401#-0.0001#-0.0022#-0.0001
6.00:0.2650#-1.1874#0.2401#-0.0001#-0.0020#-0.0002
7.00:0.2649#-1.1874#0.2401#-0.0001#-0.0021#-0.0002
8.00:0.2649#-1.1874#0.2401#-0.0001#-0.0021#-0.0002
9.00:0.2648#-1.1874#0.2401#-0.0001#-0.0021#-0.0002
10.00:0.2647#-1.1874#0.2401#-0.0001#-0.0022#-0.0003
11.00:0.2646#-1.1874#0.2401#-0.0001#-0.0022#-0.0003
12.00:0.2646#-1.1874#0.2401#-0.0001#-0.0021#-0.0003
13.00:0.2644#-1.1874#0.2401#-0.0001#-0.0024#-0.0004
14.00:0.2644#-1.1874#0.2401#-0.0001#-0.0021#-0.0004
15.00:0.6052#-1.2144#0.2401#-0.0006#-0.0021#-0.2142
16.00:1.0032#-1.5009#0.2401#-0.0016#-0.0011#-0.9310
17.00:1.0500#-1.5311#0.2401#-0.0013#-0.0017#-0.6369
18.00:1.1023#-1.5457#0.2401#-0.0008#-0.0020#-0.3441
19.00:1.1577#-1.5454#0.2401#-0.0002#-0.0022#-0.0593
20.00:1.4907#-1.5121#0.2400#0.0000#-0.0016#0.0779
21.00:2.6317#-1.4531#0.2400#-0.0000#-0.0014#0.0486
22.00:3.7961#-1.3963#0.2400#0.0000#-0.0016#0.0487
23.00:4.9603#-1.3396#0.2400#0.0000#-0.0016#0.0486
24.00:6.1284#-1.2828#0.2400#-0.0001#-0.0017#0.0486
25.00:7.1824#-1.3381#0.2401#-0.0008#-0.0015#-0.4556
26.00:7.0783#-1.6930#0.2400#0.0006#0.0018#2.9001
27.00:7.2384#-1.3824#0.2401#-0.0007#-0.0018#-0.2911
28.00:7.1598#-1.7084#0.2400#-0.0004#0.0014#-2.7815
29.00:7.0484#-1.7246#0.2401#-0.0004#0.0020#-2.9108
30.00:7.0043#-1.7542#0.2401#-0.0011#0.0019#-2.6219
31.00:6.9710#-1.7948#0.2401#-0.0015#0.0015#-2.3357
32.00:6.9497#-1.8434#0.2401#-0.0019#0.0010#-2.0574
33.00:6.9434#-1.8947#0.2401#-0.0021#0.0005#-1.7733
34.00:6.9523#-1.9458#0.2401#-0.0022#-0.0002#-1.4832
35.00:6.9760#-1.9955#0.2401#-0.0020#-0.0008#-1.1935
36.00:7.0126#-2.0350#0.2401#-0.0017#-0.0014#-0.8981
37.00:7.0599#-2.0631#0.2401#-0.0013#-0.0018#-0.6074
38.00:7.1140#-2.0771#0.2401#-0.0007#-0.0020#-0.3183
39.00:7.1697#-2.0753#0.2401#-0.0001#-0.0022#-0.0318
40.00:7.3775#-2.0393#0.2401#0.0001#-0.0019#0.1426
41.00:8.4677#-1.9096#0.2400#0.0001#-0.0015#0.1160
42.00:9.6259#-1.7747#0.2400#0.0001#-0.0014#0.1157
43.00:10.7839#-1.6401#0.2400#0.0001#-0.0016#0.1156
44.00:11.9457#-1.5052#0.2400#0.0001#-0.0015#0.1159
45.00:13.1037#-1.3705#0.2400#0.0001#-0.0015#0.1159
46.00:14.2313#-1.2397#0.2400#0.0001#-0.0017#0.1148
47.00:15.3893#-1.1062#0.2400#0.0001#-0.0016#0.1149
48.00:16.4291#-0.9852#0.2400#0.0001#-0.0011#0.1209
49.00:16.5668#-0.9578#0.2401#0.0006#-0.0020#0.3033
50.00:16.6090#-0.9245#0.2401#0.0012#-0.0018#0.5961
51.00:16.6400#-0.8801#0.2401#0.0017#-0.0014#0.8897
52.00:16.7018#-0.7443#0.2401#0.0016#-0.0009#1.1161
53.00:17.0122#-0.1284#0.2398#-0.0035#0.0007#1.3573
54.00:17.0037#-0.0412#0.2401#0.0020#0.0001#1.5980
55.00:16.8551#0.6734#0.2407#-0.0074#-0.0021#2.3422
56.00:16.8420#0.6294#0.2401#0.0013#0.0019#2.5696
57.00:16.8208#0.6357#0.2401#0.0013#0.0025#2.6899
58.00:16.8210#0.6356#0.2401#0.0013#0.0025#2.6899
59.00:16.7865#0.6387#0.2401#0.0006#0.0022#2.9058
60.00:16.7307#0.6324#0.2401#-0.0001#0.0021#-3.0889
61.00:16.6776#0.6065#0.2400#-0.0004#0.0016#-2.8436
62.00:16.6288#0.5705#0.2401#-0.0010#0.0019#-2.6167
63.00:16.5938#0.5284#0.2401#-0.0015#0.0015#-2.3333
64.00:16.5719#0.4780#0.2401#-0.0019#0.0010#-2.0482
65.00:16.5656#0.4234#0.2401#-0.0022#0.0005#-1.7591
66.00:16.5760#0.3193#0.2401#-0.0018#-0.0001#-1.5049
67.00:16.5842#-0.3234#0.2400#-0.0011#0.0001#-1.6155
68.00:16.5979#-0.3802#0.2401#-0.0021#-0.0004#-1.3581
69.00:16.6111#-0.4183#0.2400#-0.0017#-0.0004#-1.3067
70.00:16.6042#-0.4613#0.2401#-0.0022#0.0002#-1.6020