
2.00:hum1:-0.2750#-0.5250#0.8025#-0.0000#0.0000#-0.0000
3.00:hum1:-0.2750#-0.5250#0.8025#-0.0000#0.0000#-0.0000
4.00:hum1:-0.2750#-0.5250#0.8025#-0.0000#0.0000#-0.0000
5.00:hum1:-0.2750#-0.5250#0.8025#-0.0000#0.0000#-0.0000
6.00:hum1:0.5054#-0.6696#0.8102#-0.0112#-0.1098#-0.1018
7.00:hum1:1.4561#-0.8167#0.8025#0.0000#0.0000#-0.0965
8.00:hum1:2.5202#-0.9717#0.9484#-0.4819#-0.9592#-0.5681
9.00:hum1:3.5946#-1.0590#0.9597#-0.1933#-1.0768#-0.2184
10.00:hum1:4.7102#-1.1680#0.8496#-0.0469#-0.5140#-0.0949
11.00:hum1:6.8075#-1.3452#0.8081#0.0079#0.1278#-0.0619
12.00:hum1:10.3372#-1.4710#0.8115#0.0021#-0.1620#0.0136
13.00:hum1:13.5535#-1.4232#0.8048#-0.0038#0.0581#0.0649
14.00:hum1:13.7503#-3.1511#0.8161#0.2839#-0.1022#-1.9068
15.00:hum1:15.3750#-4.1616#0.8496#0.3514#-0.3860#0.7725
16.00:hum1:16.5565#-3.1600#0.8025#-0.0000#0.0000#0.7031
17.00:hum1:16.7396#-3.0048#0.8025#-0.0000#0.0000#0.7031
18.00:hum1:16.8311#-2.9272#0.8025#-0.0000#0.0000#0.7031
19.00:hum1:16.9465#-2.8294#0.8025#-0.0000#0.0000#0.7032
20.00:hum1:17.0710#-2.7239#0.8025#-0.0000#0.0000#0.7031
21.00:hum1:17.6244#-2.2548#0.9413#0.7938#-0.6996#1.0067
22.00:hum1:18.7487#0.8932#0.9598#1.0854#-0.0819#1.5280
23.00:hum1:18.8327#3.6538#0.8908#0.7619#-0.0120#1.5585
24.00:hum1:18.8403#4.1019#0.8025#-0.0000#0.0000#1.5537
25.00:hum1:18.3750#4.6735#0.4025#0.0000#0.0000#-1.5700
26.00:hum1:18.3750#4.6735#0.4025#0.0000#0.0000#-1.5700
27.00:hum1:18.3750#4.6735#0.4025#0.0000#0.0000#-1.5700
28.00:hum1:18.3750#4.6735#0.4025#0.0000#0.0000#-1.5700
29.00:hum1:18.3750#4.6735#0.4025#0.0000#0.0000#-1.5700
30.00:hum1:18.3750#4.6735#0.4025#0.0000#0.0000#-1.5700
31.00:hum1:18.3750#4.6735#0.4025#0.0000#0.0000#-1.5700
32.00:hum1:18.3750#4.6735#0.4025#0.0000#0.0000#-1.5700
33.00:hum1:18.3750#4.6735#0.4025#0.0000#0.0000#-1.5700
34.00:hum1:18.3750#4.6735#0.4025#0.0000#0.0000#-1.5700
35.00:hum1:18.3750#4.6735#0.4025#0.0000#0.0000#-1.5700
36.00:hum1:18.3750#4.6735#0.4025#0.0000#0.0000#-1.5700
37.00:hum1:18.3750#4.6735#0.4025#0.0000#0.0000#-1.5700
38.00:hum1:18.3750#4.6735#0.4025#0.0000#0.0000#-1.5700
39.00:hum1:18.3750#4.6735#0.4025#0.0000#0.0000#-1.5700
40.00:hum1:18.3750#4.6735#0.4025#0.0000#0.0000#-1.5700
41.00:hum1:18.3750#4.6735#0.4025#0.0000#0.0000#-1.5700
42.00:hum1:18.3750#4.6735#0.4025#0.0000#0.0000#-1.5700
43.00:hum1:18.3751#4.0370#0.8115#-0.1620#-0.0001#-1.5700
44.00:hum1:18.2897#3.5608#0.8102#-0.1089#0.0181#-1.7342
45.00:hum1:18.5962#1.3903#0.8374#0.4248#0.0332#1.6444
46.00:hum1:16.8436#-1.0831#0.9191#-0.8040#0.4644#-1.9778
47.00:hum1:14.9952#-3.7851#0.9597#-1.0144#0.4926#-1.8565
48.00:hum1:14.2360#-5.0870#0.8908#-0.5881#0.5164#-2.2078
49.00:hum1:14.0719#-5.2482#0.8168#-0.1593#0.1604#-2.3532
50.00:hum1:14.0907#-5.2298#0.8025#0.0000#-0.0000#-2.3660
51.00:hum1:14.0907#-5.2298#0.8025#0.0000#-0.0000#-2.3660
52.00:hum1:14.0907#-5.2298#0.8025#0.0000#-0.0000#-2.3660
53.00:hum1:14.0907#-5.2298#0.8025#0.0000#-0.0000#-2.3660
54.00:hum1:14.0907#-5.2298#0.8025#0.0000#-0.0000#-2.3660
55.00:hum1:14.0907#-5.2298#0.8025#0.0000#-0.0000#-2.3660
56.00:hum1:14.0907#-5.2298#0.8025#0.0000#-0.0000#-2.3660
57.00:hum1:14.0907#-5.2298#0.8025#0.0000#-0.0000#-2.3660
58.00:hum1:14.0907#-5.2298#0.8025#0.0000#-0.0000#-2.3660
59.00:hum1:14.0907#-5.2298#0.8025#0.0000#-0.0000#-2.3660
60.00:hum1:14.0907#-5.2298#0.8025#0.0000#-0.0000#-2.3660
61.00:hum1:14.0907#-5.2298#0.8025#0.0000#-0.0000#-2.3660
62.00:hum1:14.0907#-5.2298#0.8025#0.0000#-0.0000#-2.3660