
1.00:hum1:-0.2750#-0.5250#0.8025#-0.0000#0.0000#-0.0000
2.00:hum1:-0.2750#-0.5250#0.8025#-0.0000#0.0000#-0.0000
3.00:hum1:-0.2750#-0.5250#0.8025#-0.0000#0.0000#-0.0000
4.00:hum1:-0.2750#-0.5250#0.8025#-0.0000#0.0000#-0.0000
5.00:hum1:-0.2750#-0.5250#0.8025#-0.0000#0.0000#-0.0000
6.00:hum1:-0.2750#-0.5250#0.8025#-0.0000#0.0000#-0.0000
7.00:hum1:0.0913#-0.6058#0.8466#-0.1086#-0.4835#-0.2301
8.00:hum1:1.1046#-0.7419#0.8273#-0.0392#-0.3392#-0.1171
9.00:hum1:2.1082#-0.8531#0.8025#0.0000#0.0000#-0.1104
10.00:hum1:3.4002#-0.9893#0.8908#-0.0549#-0.7604#-0.0792
11.00:hum1:4.3829#-1.1298#0.8763#-0.0575#-0.6801#-0.0909
12.00:hum1:7.0874#-1.3445#0.8267#0.0059#0.3728#-0.0159
13.00:hum1:10.7965#-1.4636#0.9141#0.0165#-0.8783#0.0218
14.00:hum1:12.3883#-3.0191#0.8116#0.1670#0.1004#-1.0340
15.00:hum1:13.9588#-3.2606#0.8102#0.1097#-0.0125#1.4577
16.00:hum1:14.0108#-3.0336#0.8374#-0.4201#0.0730#-1.7323
17.00:hum1:13.9700#-4.9682#0.8025#0.0000#0.0000#-1.4484
18.00:hum1:13.9441#-5.1033#0.8115#-0.1573#-0.0387#-1.3313
19.00:hum1:14.0836#-5.6676#0.9191#-0.8871#-0.1892#-1.4184
20.00:hum1:14.0438#-5.5066#0.8025#0.0000#0.0000#-1.3283
21.00:hum1:14.0438#-5.5066#0.8025#0.0000#0.0000#-1.3283
22.00:hum1:14.0438#-5.5066#0.8025#0.0000#0.0000#-1.3283
23.00:hum1:14.0438#-5.5066#0.8025#0.0000#0.0000#-1.3283
24.00:hum1:14.0438#-5.5066#0.8025#0.0000#0.0000#-1.3283
25.00:hum1:14.0438#-5.5066#0.8025#0.0000#0.0000#-1.3283
26.00:hum1:14.0438#-5.5066#0.8025#0.0000#0.0000#-1.3283
27.00:hum1:14.0438#-5.5066#0.8025#0.0000#0.0000#-1.3283
28.00:hum1:14.0438#-5.5066#0.8025#0.0000#0.0000#-1.3283
29.00:hum1:14.0438#-5.5066#0.8025#0.0000#0.0000#-1.3283
30.00:hum1:14.0438#-5.5066#0.8025#0.0000#0.0000#-1.3283
31.00:hum1:14.0438#-5.5066#0.8025#0.0000#0.0000#-1.3283