
2.00:hum1:-0.2750#-0.5250#0.8025#-0.0000#0.0000#-0.0000
3.00:hum1:-0.2750#-0.5250#0.8025#-0.0000#0.0000#-0.0000
4.00:hum1:-0.2750#-0.5250#0.8025#-0.0000#0.0000#-0.0000
5.00:hum1:-0.2750#-0.5250#0.8025#-0.0000#0.0000#-0.0000
6.00:hum1:-0.2750#-0.5250#0.8025#-0.0000#0.0000#-0.0000
7.00:hum1:-0.2750#-0.5250#0.8025#-0.0000#0.0000#-0.0000
8.00:hum1:-0.2750#-0.5250#0.8025#-0.0000#0.0000#-0.0000
9.00:hum1:-0.2750#-0.5250#0.8025#-0.0000#0.0000#-0.0000
10.00:hum1:-0.2750#-0.5250#0.8025#-0.0000#0.0000#-0.0000
11.00:hum1:-0.2750#-0.5250#0.8025#-0.0000#0.0000#-0.0000
12.00:hum1:-0.2750#-0.5250#0.8025#-0.0000#0.0000#-0.0000
13.00:hum1:-0.2750#-0.5250#0.8025#-0.0000#0.0000#-0.0000
14.00:hum1:-0.2750#-0.5250#0.8025#-0.0000#0.0000#-0.0000
15.00:hum1:0.4029#-0.7883#0.9484#-0.5256#-0.9420#-0.6218
16.00:hum1:1.4949#-1.0526#0.8374#-0.0882#-0.4173#-0.2144
17.00:hum1:2.4674#-1.2531#0.8081#0.0202#0.1264#-0.1589
18.00:hum1:3.5921#-1.4356#0.8281#0.0569#0.3668#-0.1571
19.00:hum1:4.8752#-1.6176#0.8120#0.0345#0.2679#-0.1293
20.00:hum1:5.0010#-1.6333#0.8048#0.0073#0.0578#-0.1249
21.00:hum1:5.5249#-1.6529#0.9377#-0.0370#-0.9883#-0.0440
22.00:hum1:6.7851#-1.5764#0.9191#0.1043#-0.8973#0.1334
23.00:hum1:7.8104#-1.4992#0.8168#0.0239#-0.2243#0.1072
24.00:hum1:8.8060#-1.4061#0.8153#-0.0284#0.2454#0.1168
25.00:hum1:10.0165#-1.2763#0.8244#-0.0440#0.3611#0.1242
26.00:hum1:10.9325#-1.1695#0.8102#0.0128#-0.1096#0.1169
27.00:hum1:10.9325#-1.1695#0.8102#0.0128#-0.1096#0.1169
28.00:hum1:11.9599#-1.3156#0.8721#-0.0635#-0.6548#-0.1037
29.00:hum1:12.9628#-1.4530#0.8102#-0.0102#-0.1099#-0.0922
30.00:hum1:13.2843#-1.4825#0.8025#0.0000#0.0000#-0.0917
31.00:hum1:13.2843#-1.4825#0.8025#0.0000#0.0000#-0.0917
32.00:hum1:13.2843#-1.4825#0.8025#0.0000#0.0000#-0.0917
33.00:hum1:13.2843#-1.4825#0.8025#0.0000#0.0000#-0.0917
34.00:hum1:13.2843#-1.4825#0.8025#0.0000#0.0000#-0.0917
35.00:hum1:13.4027#-1.4812#0.8048#-0.0015#0.0582#0.0253
36.00:hum1:14.6994#-1.4486#0.8466#0.0134#-0.4944#0.0287
37.00:hum1:16.0045#-1.4156#0.9377#0.0379#-0.9883#0.0457
38.00:hum1:16.9954#-1.3906#0.9141#0.0301#-0.8780#0.0394
39.00:hum1:18.2419#-0.8158#0.9413#0.8780#-0.5736#1.1480
40.00:hum1:18.4875#0.3314#0.8262#0.3215#-0.0698#1.3648
41.00:hum1:18.6744#1.3330#0.8116#-0.1944#0.0102#1.5191
42.00:hum1:18.7367#2.5152#0.8267#-0.3723#0.0193#1.5217
43.00:hum1:18.7994#3.7040#0.8161#-0.3008#0.0157#1.5205
44.00:hum1:18.8117#3.9370#0.8044#0.0072#-0.0004#1.5181
45.00:hum1:18.3750#4.6735#0.4025#0.0000#0.0000#-1.5700
46.00:hum1:18.3750#4.6735#0.4025#0.0000#0.0000#-1.5700
47.00:hum1:18.3750#4.6735#0.4025#0.0000#0.0000#-1.5700
48.00:hum1:18.3750#4.6735#0.4025#0.0000#0.0000#-1.5700
49.00:hum1:18.3750#4.6735#0.4025#0.0000#0.0000#-1.5700
50.00:hum1:18.3750#4.6735#0.4025#0.0000#0.0000#-1.5700
51.00:hum1:18.3750#4.6735#0.4025#0.0000#0.0000#-1.5700
52.00:hum1:18.3750#4.6735#0.4025#0.0000#0.0000#-1.5700
53.00:hum1:18.3750#4.6735#0.4025#0.0000#0.0000#-1.5700
54.00:hum1:18.3750#4.6735#0.4025#0.0000#0.0000#-1.5700
55.00:hum1:18.3750#4.6735#0.4025#0.0000#0.0000#-1.5700
56.00:hum1:18.3750#4.6735#0.4025#0.0000#0.0000#-1.5700
57.00:hum1:18.3055#3.5912#0.9191#-0.8993#0.0757#-1.6305
58.00:hum1:18.1949#2.5686#0.8168#-0.2250#0.0162#-1.6413
59.00:hum1:18.0809#1.5773#0.8153#0.2464#-0.0170#-1.6381
60.00:hum1:17.9409#0.5499#0.8244#0.2837#-0.2306#-2.2353
61.00:hum1:17.1478#-0.4762#0.8048#0.0443#-0.0378#-2.2769
62.00:hum1:16.2920#-1.4521#0.8466#-0.3926#0.3090#-2.2040
63.00:hum1:15.5094#-2.4557#0.9377#-0.8560#0.5760#-2.0120
64.00:hum1:14.7042#-3.3942#0.9191#-0.7648#0.5358#-2.0593
65.00:hum1:14.7148#-3.3818#0.8496#-0.4066#0.3270#-2.2113
66.00:hum1:14.7148#-3.3818#0.8496#-0.4066#0.3270#-2.2113
67.00:hum1:14.7148#-3.3818#0.8496#-0.4066#0.3270#-2.2113
68.00:hum1:14.7148#-3.3818#0.8496#-0.4066#0.3270#-2.2113
69.00:hum1:14.7148#-3.3818#0.8496#-0.4066#0.3270#-2.2113
70.00:hum1:14.7148#-3.3818#0.8496#-0.4066#0.3270#-2.2113
71.00:hum1:14.7148#-3.3818#0.8496#-0.4066#0.3270#-2.2113
72.00:hum1:14.7148#-3.3818#0.8496#-0.4066#0.3270#-2.2113
73.00:hum1:14.7148#-3.3818#0.8496#-0.4066#0.3270#-2.2113
74.00:hum1:14.7148#-3.3818#0.8496#-0.4066#0.3270#-2.2113
75.00:hum1:14.7148#-3.3818#0.8496#-0.4066#0.3270#-2.2113
76.00:hum1:14.7148#-3.3818#0.8496#-0.4066#0.3270#-2.2113
77.00:hum1:14.7148#-3.3818#0.8496#-0.4066#0.3270#-2.2113
78.00:hum1:14.7148#-3.3818#0.8496#-0.4066#0.3270#-2.2113
79.00:hum1:14.7148#-3.3818#0.8496#-0.4066#0.3270#-2.2113
80.00:hum1:14.7148#-3.3818#0.8496#-0.4066#0.3270#-2.2113
81.00:hum1:14.7148#-3.3818#0.8496#-0.4066#0.3270#-2.2113
82.00:hum1:14.7148#-3.3818#0.8496#-0.4066#0.3270#-2.2113
83.00:hum1:14.7148#-3.3818#0.8496#-0.4066#0.3270#-2.2113
84.00:hum1:14.7148#-3.3818#0.8496#-0.4066#0.3270#-2.2113
85.00:hum1:14.7148#-3.3818#0.8496#-0.4066#0.3270#-2.2113
86.00:hum1:14.7148#-3.3818#0.8496#-0.4066#0.3270#-2.2113
87.00:hum1:14.7148#-3.3818#0.8496#-0.4066#0.3270#-2.2113
88.00:hum1:14.7148#-3.3818#0.8496#-0.4066#0.3270#-2.2113
89.00:hum1:14.7148#-3.3818#0.8496#-0.4066#0.3270#-2.2113
90.00:hum1:14.7148#-3.3818#0.8496#-0.4066#0.3270#-2.2113
91.00:hum1:14.7148#-3.3818#0.8496#-0.4066#0.3270#-2.2113
92.00:hum1:14.7148#-3.3818#0.8496#-0.4066#0.3270#-2.2113
93.00:hum1:14.7148#-3.3818#0.8496#-0.4066#0.3270#-2.2113
94.00:hum1:14.7148#-3.3818#0.8496#-0.4066#0.3270#-2.2113
95.00:hum1:14.7148#-3.3818#0.8496#-0.4066#0.3270#-2.2113
96.00:hum1:14.7148#-3.3818#0.8496#-0.4066#0.3270#-2.2113
97.00:hum1:14.7148#-3.3818#0.8496#-0.4066#0.3270#-2.2113
98.00:hum1:14.7148#-3.3818#0.8496#-0.4066#0.3270#-2.2113
99.00:hum1:14.7148#-3.3818#0.8496#-0.4066#0.3270#-2.2113
100.00:hum1:14.7148#-3.3818#0.8496#-0.4066#0.3270#-2.2113