
1.00:hum1:-0.2750#-0.5250#0.8025#-0.0000#0.0000#-0.0000
2.00:hum1:-0.2750#-0.5250#0.8025#-0.0000#0.0000#-0.0000
3.00:hum1:-0.2750#-0.5250#0.8025#-0.0000#0.0000#-0.0000
4.00:hum1:-0.2750#-0.5250#0.8025#-0.0000#0.0000#-0.0000
5.00:hum1:-0.2750#-0.5250#0.8025#-0.0000#0.0000#-0.0000
6.00:hum1:-0.2750#-0.5250#0.8025#-0.0000#0.0000#-0.0000
7.00:hum1:0.5905#-0.6782#0.8267#0.0396#0.3708#-0.1086
8.00:hum1:1.5909#-0.8255#0.8281#0.0382#0.3691#-0.1053
9.00:hum1:2.6126#-0.9475#0.8215#0.0322#0.3142#-0.1035
10.00:hum1:3.6408#-1.0523#0.8171#0.0264#0.2698#-0.0983
11.00:hum1:4.8431#-1.1734#0.8204#0.0280#0.3313#-0.0855
12.00:hum1:6.1893#-1.2849#0.8044#-0.0005#-0.0072#-0.0722
13.00:hum1:8.2895#-1.4213#0.8115#-0.0093#-0.1617#-0.0574
14.00:hum1:11.9192#-1.4590#0.8374#0.0063#-0.4259#0.0157
15.00:hum1:13.1786#-2.6628#0.9191#-0.9016#0.0075#-1.5764
16.00:hum1:13.8469#-5.2098#0.9597#-1.0069#-0.5143#-1.2688
17.00:hum1:13.7390#-5.0485#0.8025#0.0000#0.0000#-0.9812
18.00:hum1:13.8074#-5.1506#0.8116#0.1624#0.1077#-0.9899
19.00:hum1:13.8725#-5.2479#0.8025#0.0000#0.0000#-0.9812
20.00:hum1:13.8725#-5.2479#0.8025#0.0000#0.0000#-0.9812
21.00:hum1:13.8725#-5.2479#0.8025#0.0000#0.0000#-0.9812
22.00:hum1:13.8725#-5.2479#0.8025#0.0000#0.0000#-0.9812
23.00:hum1:13.8725#-5.2479#0.8025#0.0000#0.0000#-0.9812
24.00:hum1:13.8725#-5.2479#0.8025#0.0000#0.0000#-0.9812
25.00:hum1:13.8725#-5.2479#0.8025#0.0000#0.0000#-0.9812
26.00:hum1:13.8725#-5.2479#0.8025#0.0000#0.0000#-0.9812
27.00:hum1:13.8725#-5.2479#0.8025#0.0000#0.0000#-0.9812
28.00:hum1:13.8725#-5.2479#0.8025#0.0000#0.0000#-0.9812
29.00:hum1:13.8725#-5.2479#0.8025#0.0000#0.0000#-0.9812
30.00:hum1:13.8725#-5.2479#0.8025#0.0000#0.0000#-0.9812
31.00:hum1:13.8725#-5.2479#0.8025#0.0000#0.0000#-0.9812
32.00:hum1:13.8725#-5.2479#0.8025#0.0000#0.0000#-0.9812
33.00:hum1:13.8725#-5.2479#0.8025#0.0000#0.0000#-0.9812
34.00:hum1:13.8725#-5.2479#0.8025#0.0000#0.0000#-0.9812
35.00:hum1:13.8725#-5.2479#0.8025#0.0000#0.0000#-0.9812
36.00:hum1:13.8725#-5.2479#0.8025#0.0000#0.0000#-0.9812
37.00:hum1:13.8725#-5.2479#0.8025#0.0000#0.0000#-0.9812
38.00:hum1:13.8725#-5.2479#0.8025#0.0000#0.0000#-0.9812