
1.00:hum1:-0.2750#-0.5250#0.8025#-0.0000#0.0000#-0.0000
2.00:hum1:-0.2750#-0.5250#0.8025#-0.0000#0.0000#-0.0000
3.00:hum1:-0.2750#-0.5250#0.8025#-0.0000#0.0000#-0.0000
4.00:hum1:-0.2750#-0.5250#0.8025#-0.0000#0.0000#-0.0000
5.00:hum1:-0.2750#-0.5250#0.8025#-0.0000#0.0000#-0.0000
6.00:hum1:-0.0226#-0.5823#0.8115#-0.0330#-0.1586#-0.2060
7.00:hum1:1.0028#-0.7372#0.8069#-0.0085#-0.0817#-0.1039
8.00:hum1:1.9384#-0.8301#0.8044#-0.0026#-0.0067#-0.3658
9.00:hum1:3.2996#-0.9823#0.8618#-0.0399#-0.5942#-0.0709
10.00:hum1:4.2937#-1.1293#0.8466#-0.0371#-0.4933#-0.0779
11.00:hum1:5.5914#-1.2664#0.9377#-0.0962#-0.9857#-0.1149
12.00:hum1:6.8245#-1.3757#0.9191#-0.0635#-0.9000#-0.0807
13.00:hum1:7.8477#-1.4510#0.8168#-0.0083#-0.2254#-0.0370
14.00:hum1:8.8470#-1.4924#0.8153#0.0071#0.2469#-0.0285
15.00:hum1:10.0681#-1.5274#0.8244#0.0028#0.3636#-0.0077
16.00:hum1:11.0823#-1.5374#0.8267#-0.0080#0.3727#0.0223
17.00:hum1:11.9298#-1.2019#0.8281#0.3654#0.0660#-1.3998
18.00:hum1:12.1850#-2.5617#0.8120#0.2315#0.1402#-1.0353
19.00:hum1:12.6902#-3.4089#0.8161#0.2613#0.1516#-1.0563
20.00:hum1:13.5266#-5.0841#0.8281#0.2491#0.2779#-0.7472
21.00:hum1:13.9883#-5.4828#0.8466#-0.3389#-0.3674#-0.7757
22.00:hum1:13.9181#-5.4221#0.8025#0.0000#0.0000#-0.7122
23.00:hum1:13.9181#-5.4221#0.8025#0.0000#0.0000#-0.7122
24.00:hum1:13.9181#-5.4221#0.8025#0.0000#0.0000#-0.7122
25.00:hum1:13.9181#-5.4221#0.8025#0.0000#0.0000#-0.7122
26.00:hum1:13.9181#-5.4221#0.8025#0.0000#0.0000#-0.7122
27.00:hum1:13.9181#-5.4221#0.8025#0.0000#0.0000#-0.7122
28.00:hum1:13.9181#-5.4221#0.8025#0.0000#0.0000#-0.7122
29.00:hum1:13.9181#-5.4221#0.8025#0.0000#0.0000#-0.7122
30.00:hum1:13.9181#-5.4221#0.8025#0.0000#0.0000#-0.7122
31.00:hum1:13.9181#-5.4221#0.8025#0.0000#0.0000#-0.7122
32.00:hum1:13.9181#-5.4221#0.8025#0.0000#0.0000#-0.7122
33.00:hum1:13.9181#-5.4221#0.8025#0.0000#0.0000#-0.7122
34.00:hum1:13.9181#-5.4221#0.8025#0.0000#0.0000#-0.7122
35.00:hum1:13.9181#-5.4221#0.8025#0.0000#0.0000#-0.7122
36.00:hum1:13.9181#-5.4221#0.8025#0.0000#0.0000#-0.7122
37.00:hum1:13.9181#-5.4221#0.8025#0.0000#0.0000#-0.7122
38.00:hum1:13.9181#-5.4221#0.8025#0.0000#0.0000#-0.7122