
1.00:hum1:-0.2750#-0.5250#0.8025#-0.0000#0.0000#-0.0000
2.00:hum1:-0.2750#-0.5250#0.8025#-0.0000#0.0000#-0.0000
3.00:hum1:-0.2750#-0.5250#0.8025#-0.0000#0.0000#-0.0000
4.00:hum1:-0.2750#-0.5250#0.8025#-0.0000#0.0000#-0.0000
5.00:hum1:-0.2750#-0.5250#0.8025#-0.0000#0.0000#-0.0000
6.00:hum1:-0.2750#-0.5250#0.8025#-0.0000#0.0000#-0.0000
7.00:hum1:-0.2750#-0.5250#0.8025#-0.0000#0.0000#-0.0000
8.00:hum1:-0.2750#-0.5250#0.8025#-0.0000#0.0000#-0.0000
9.00:hum1:-0.2750#-0.5250#0.8025#-0.0000#0.0000#-0.0000
10.00:hum1:-0.2750#-0.5250#0.8025#-0.0000#0.0000#-0.0000
11.00:hum1:-0.2750#-0.5250#0.8025#-0.0000#0.0000#-0.0000
12.00:hum1:-0.2750#-0.5250#0.8025#-0.0000#0.0000#-0.0000
13.00:hum1:-0.2750#-0.5250#0.8025#-0.0000#0.0000#-0.0000
14.00:hum1:-0.2750#-0.5250#0.8025#-0.0000#0.0000#-0.0000
15.00:hum1:0.2210#-0.7220#0.9141#-0.3919#-0.8082#-0.5189
16.00:hum1:1.4941#-1.0506#0.9413#-0.3071#-0.9731#-0.3659
17.00:hum1:2.1436#-1.2160#0.8025#0.0000#0.0000#-0.1516
18.00:hum1:2.1436#-1.2160#0.8025#0.0000#0.0000#-0.1516
19.00:hum1:2.1436#-1.2160#0.8025#0.0000#0.0000#-0.1516
20.00:hum1:2.1436#-1.2160#0.8025#0.0000#0.0000#-0.1516
21.00:hum1:2.1436#-1.2160#0.8025#0.0000#0.0000#-0.1516
22.00:hum1:2.5359#-1.2935#0.9191#-0.2398#-0.8780#-0.3074
23.00:hum1:3.5788#-1.4171#0.8168#-0.0191#-0.2248#-0.0852
24.00:hum1:4.5810#-1.5051#0.8153#0.0124#0.2467#-0.0505
25.00:hum1:5.8022#-1.5687#0.8244#0.0093#0.3635#-0.0259
26.00:hum1:6.0439#-1.5746#0.8025#0.0000#0.0000#-0.0242
27.00:hum1:6.0439#-1.5746#0.8025#0.0000#0.0000#-0.0242
28.00:hum1:6.9161#-1.5340#0.8204#-0.0373#0.3304#0.1149
29.00:hum1:7.9356#-1.4238#0.8244#-0.0485#0.3605#0.1370
30.00:hum1:8.8945#-1.3003#0.9191#0.1599#-0.8913#0.2048
31.00:hum1:8.8945#-1.3003#0.9191#0.1599#-0.8913#0.2048
32.00:hum1:9.8849#-1.4536#0.8721#-0.0458#-0.6560#-0.0746
33.00:hum1:10.8807#-1.5505#0.8102#-0.0125#-0.1097#-0.1135
34.00:hum1:11.4836#-1.6188#0.8273#-0.0401#-0.3391#-0.1197
35.00:hum1:11.4836#-1.6188#0.8273#-0.0401#-0.3391#-0.1197
36.00:hum1:11.9339#-1.6201#0.8071#0.0001#0.0080#-0.0132
37.00:hum1:13.0772#-1.5549#0.8025#-0.0000#0.0000#0.0810
38.00:hum1:13.0772#-1.5549#0.8025#-0.0000#0.0000#0.0810
39.00:hum1:13.0772#-1.5549#0.8025#-0.0000#0.0000#0.0810
40.00:hum1:13.0772#-1.5549#0.8025#-0.0000#0.0000#0.0810
41.00:hum1:13.0772#-1.5549#0.8025#-0.0000#0.0000#0.0810
42.00:hum1:13.0772#-1.5549#0.8025#-0.0000#0.0000#0.0810
43.00:hum1:13.0772#-1.5549#0.8025#-0.0000#0.0000#0.0810
44.00:hum1:13.0772#-1.5549#0.8025#-0.0000#0.0000#0.0810
45.00:hum1:13.0003#-2.4289#0.8071#0.0053#0.0060#-0.7258
46.00:hum1:13.2122#-3.1922#0.8215#0.2644#0.1747#-0.9997
47.00:hum1:13.5332#-4.2777#0.8161#0.2351#0.1900#-0.9028
48.00:hum1:13.7245#-4.5093#0.8025#0.0000#0.0000#-0.8803