
1.00:hum1:-6.4000#-1.4250#0.8025#-0.0000#0.0000#-0.0000
2.00:hum1:-6.4000#-1.4250#0.8025#-0.0000#0.0000#-0.0000
3.00:hum1:-6.4000#-1.4250#0.8025#-0.0000#0.0000#-0.0000
4.00:hum1:-6.4000#-1.4250#0.8025#-0.0000#0.0000#-0.0000
5.00:hum1:-6.4000#-1.4250#0.8025#-0.0000#0.0000#-0.0000
6.00:hum1:-6.4000#-1.4250#0.8025#-0.0000#0.0000#-0.0000
7.00:hum1:-6.4000#-1.4250#0.8025#-0.0000#0.0000#-0.0000
8.00:hum1:-6.4000#-1.4250#0.8025#-0.0000#0.0000#-0.0000
9.00:hum1:-6.4000#-1.4250#0.8025#-0.0000#0.0000#-0.0000
10.00:hum1:-6.4000#-1.4250#0.8025#-0.0000#0.0000#-0.0000
11.00:hum1:-6.4000#-1.4250#0.8025#-0.0000#0.0000#-0.0000
12.00:hum1:-6.4000#-1.4250#0.8025#-0.0000#0.0000#-0.0000
13.00:hum1:-6.4000#-1.4250#0.8025#-0.0000#0.0000#-0.0000
14.00:hum1:-5.5949#-1.3248#0.8081#-0.0162#0.1270#0.1273
15.00:hum1:-4.8510#-1.2305#0.8281#-0.0460#0.3683#0.1274
16.00:hum1:-4.7682#-1.2206#0.8244#-0.0450#0.3610#0.1270
17.00:hum1:-4.6738#-1.2094#0.8161#-0.0367#0.2990#0.1244
18.00:hum1:-3.8276#-1.1084#0.8262#0.0403#-0.3264#0.1255
19.00:hum1:-2.8546#-0.9921#0.8116#-0.0233#0.1932#0.1211
20.00:hum1:-1.6792#-0.8518#0.8267#-0.0462#0.3701#0.1275
21.00:hum1:-0.3717#-0.6957#0.8067#-0.0186#0.1549#0.1203
22.00:hum1:0.9267#-0.5407#0.8273#0.0420#-0.3389#0.1260
23.00:hum1:2.2136#-0.3870#0.9141#0.1416#-0.8700#0.1848
24.00:hum1:3.4846#-0.2353#0.9413#0.1840#-0.9936#0.2188
25.00:hum1:4.5259#-0.1109#0.8262#0.0403#-0.3264#0.1255
26.00:hum1:5.4988#0.0053#0.8116#-0.0233#0.1932#0.1211
27.00:hum1:6.5500#0.1308#0.8081#-0.0152#0.1271#0.1198
28.00:hum1:7.6791#0.2657#0.8281#-0.0460#0.3683#0.1274
29.00:hum1:8.9610#0.4187#0.8120#-0.0327#0.2681#0.1232
30.00:hum1:10.2594#0.5737#0.8115#0.0193#-0.1608#0.1204
31.00:hum1:11.3685#0.7062#0.8273#0.0420#-0.3389#0.1260
32.00:hum1:11.3685#0.7062#0.8273#0.0420#-0.3389#0.1260
33.00:hum1:11.3685#0.7062#0.8273#0.0420#-0.3389#0.1260
34.00:hum1:11.3685#0.7062#0.8273#0.0420#-0.3389#0.1260
35.00:hum1:10.8387#0.9522#0.9377#-0.7026#0.7666#-2.2568
36.00:hum1:11.0998#0.0654#0.9191#-0.2058#-0.8844#-0.2632
37.00:hum1:10.6303#0.2211#0.8168#-0.0851#0.2092#-2.7514
38.00:hum1:9.7068#-0.0394#0.8153#0.0584#-0.2402#-2.9003
39.00:hum1:8.5231#-0.4016#0.8244#0.1190#-0.3444#-2.8009
40.00:hum1:7.8186#-0.6278#0.8048#0.0171#-0.0557#-2.8433
41.00:hum1:7.7309#-0.6547#0.8069#-0.0241#0.0786#-2.8428
42.00:hum1:7.7309#-0.6547#0.8069#-0.0241#0.0786#-2.8428
43.00:hum1:7.7309#-0.6547#0.8069#-0.0241#0.0786#-2.8428
44.00:hum1:7.7309#-0.6547#0.8069#-0.0241#0.0786#-2.8428
45.00:hum1:7.7309#-0.6547#0.8069#-0.0241#0.0786#-2.8428
46.00:hum1:7.7309#-0.6547#0.8069#-0.0241#0.0786#-2.8428
47.00:hum1:7.7309#-0.6547#0.8069#-0.0241#0.0786#-2.8428
48.00:hum1:8.3380#-1.1916#0.8168#-0.0196#-0.2247#-0.0873
49.00:hum1:9.2210#-1.4402#0.8153#0.0918#0.2297#-0.3838
50.00:hum1:10.4174#-1.7881#0.8244#0.0947#0.3516#-0.2688
51.00:hum1:11.0066#-1.9094#0.8048#0.0093#0.0575#-0.1598
52.00:hum1:11.6834#-2.0182#0.8281#0.0619#0.3661#-0.1710
53.00:hum1:12.7041#-2.1826#0.8496#-0.0900#-0.5088#-0.1829
54.00:hum1:13.6950#-2.3420#0.8071#0.0013#0.0079#-0.1595
55.00:hum1:14.3637#-2.4496#0.8466#-0.0856#-0.4877#-0.1808
56.00:hum1:14.7775#-2.5162#0.8262#-0.0543#-0.3244#-0.1684
57.00:hum1:15.8181#-2.6836#0.8374#-0.0721#-0.4202#-0.1749
58.00:hum1:16.2597#-1.8063#0.8081#-0.1230#-0.0355#1.8503
59.00:hum1:15.5334#-1.0944#0.8281#0.3584#0.0981#-1.3147
60.00:hum1:16.0701#-1.2657#0.8120#-0.2699#-0.0061#1.5933
61.00:hum1:15.5678#-1.2324#0.8115#-0.1620#0.0009#-1.5759
62.00:hum1:16.0773#-1.0164#0.8908#0.7613#-0.0366#1.5328
63.00:hum1:15.5511#-1.3685#0.9484#-1.0353#0.0743#-1.6145
64.00:hum1:16.0751#-1.1208#0.8374#0.4243#-0.0388#1.4855
65.00:hum1:16.0599#-1.2678#0.8081#-0.1271#0.0150#1.4543
66.00:hum1:16.7427#-1.5701#0.8071#0.0014#0.0079#-0.1798
67.00:hum1:17.5340#-1.7182#0.8215#0.0920#0.3026#-0.2999
68.00:hum1:18.4938#-1.9411#0.8161#0.0361#0.2991#-0.1215
69.00:hum1:19.3086#-2.0362#0.9484#-0.1940#-1.0256#-0.2255
70.00:hum1:19.3597#-2.0421#0.9191#-0.1458#-0.8931#-0.1859