
2.00:-4.8099#-1.1623#0.2401#-0.0001#-0.0025#-0.0001
3.00:-4.8100#-1.1623#0.2401#-0.0001#-0.0024#-0.0001
4.00:-4.8100#-1.1623#0.2401#-0.0001#-0.0022#-0.0001
5.00:-4.8102#-1.1623#0.2401#-0.0001#-0.0025#-0.0002
6.00:-4.8103#-1.1623#0.2401#-0.0001#-0.0023#-0.0002
7.00:-4.8104#-1.1623#0.2401#-0.0001#-0.0025#-0.0002
8.00:-4.8105#-1.1623#0.2401#-0.0001#-0.0025#-0.0001
9.00:-4.8106#-1.1623#0.2401#-0.0001#-0.0023#-0.0002
10.00:-4.8106#-1.1624#0.2401#-0.0001#-0.0021#-0.0002
11.00:-4.7933#-1.1624#0.2402#-0.0001#-0.0033#-0.0005
12.00:-4.0789#-0.9062#0.2401#0.0018#-0.0021#0.7127
13.00:-3.8967#-0.6901#0.2401#0.0016#-0.0013#0.9307
14.00:-3.8854#-0.7005#0.2401#0.0012#-0.0019#0.6205
15.00:-3.8776#-0.7136#0.2401#0.0006#-0.0021#0.3125
16.00:-3.8737#-0.7285#0.2401#-0.0001#-0.0022#0.0061
17.00:-3.7717#-0.7659#0.2401#-0.0006#-0.0019#-0.2405
18.00:-2.7343#-0.9908#0.2401#-0.0005#-0.0017#-0.2093
19.00:-1.5938#-1.2326#0.2401#-0.0005#-0.0018#-0.2089
20.00:-0.7624#-1.4074#0.2400#-0.0003#-0.0011#-0.2048
21.00:-0.6480#-1.4051#0.2401#0.0000#-0.0024#0.0311
22.00:0.2705#-1.3528#0.2401#-0.0000#-0.0014#0.0514
23.00:1.4347#-1.2932#0.2401#0.0000#-0.0016#0.0513
24.00:2.5988#-1.2336#0.2401#-0.0000#-0.0016#0.0511
25.00:3.7631#-1.1741#0.2401#-0.0000#-0.0015#0.0511
26.00:4.9295#-1.1145#0.2399#-0.0001#0.0007#0.0517
27.00:5.3376#-1.0935#0.2401#-0.0001#-0.0020#0.0033
28.00:5.5054#-1.1430#0.2400#-0.0004#-0.0016#-0.2335
29.00:6.5387#-1.3941#0.2400#-0.0003#-0.0010#-0.2373
30.00:6.7917#-1.4418#0.2401#-0.0002#-0.0021#-0.0920
31.00:6.8369#-1.4382#0.2401#-0.0000#-0.0021#0.0178
32.00:6.8367#-1.4382#0.2401#-0.0000#-0.0021#0.0177
33.00:6.8364#-1.4383#0.2401#-0.0000#-0.0021#0.0176
34.00:6.8363#-1.4383#0.2401#-0.0000#-0.0021#0.0177
35.00:6.8361#-1.4383#0.2401#-0.0000#-0.0021#0.0177
36.00:6.8359#-1.4383#0.2401#-0.0000#-0.0021#0.0178
37.00:6.8357#-1.4383#0.2401#-0.0000#-0.0021#0.0179
38.00:6.8356#-1.4383#0.2401#-0.0000#-0.0021#0.0180
39.00:6.8354#-1.4383#0.2401#-0.0000#-0.0021#0.0181
40.00:7.2352#-1.4441#0.2401#-0.0002#-0.0022#-0.0538
41.00:8.3923#-1.5263#0.2401#-0.0001#-0.0016#-0.0707
42.00:9.5554#-1.6084#0.2401#-0.0002#-0.0015#-0.0702
43.00:10.7184#-1.6901#0.2401#-0.0002#-0.0014#-0.0697
44.00:11.8850#-1.7718#0.2401#-0.0002#-0.0015#-0.0699
45.00:12.5097#-1.8085#0.2401#-0.0001#-0.0015#-0.0222
46.00:12.5097#-1.8085#0.2401#-0.0001#-0.0014#-0.0221
47.00:12.5096#-1.8085#0.2401#-0.0001#-0.0014#-0.0221
48.00:12.5095#-1.8084#0.2401#-0.0001#-0.0014#-0.0221
49.00:12.5094#-1.8085#0.2401#-0.0001#-0.0015#-0.0222
50.00:12.5094#-1.8085#0.2401#-0.0001#-0.0015#-0.0222
51.00:12.5093#-1.8085#0.2401#-0.0001#-0.0015#-0.0222
52.00:12.9177#-1.8373#0.2401#-0.0003#-0.0020#-0.1093
53.00:14.0705#-1.9788#0.2401#-0.0003#-0.0016#-0.1214
54.00:15.0456#-2.0943#0.2400#-0.0002#-0.0011#-0.0992
55.00:15.1752#-2.0862#0.2401#0.0002#-0.0021#0.1352
56.00:15.8208#-1.9688#0.2401#0.0002#-0.0015#0.1546
57.00:16.9111#-1.7934#0.2399#-0.0002#0.0028#0.0617
58.00:17.8356#-2.0798#0.2400#-0.0004#-0.0010#-0.3499
59.00:18.0868#-2.1518#0.2401#-0.0004#-0.0021#-0.1543
60.00:18.1816#-2.1385#0.2401#0.0002#-0.0017#0.1344
61.00:18.6627#-2.0250#0.2401#0.0003#-0.0018#0.2000
62.00:19.7379#-1.8078#0.2400#0.0001#-0.0011#0.2026
63.00:19.9057#-1.7723#0.2401#0.0002#-0.0014#0.2169
64.00:19.9056#-1.7723#0.2401#0.0002#-0.0015#0.2170
65.00:19.9056#-1.7723#0.2401#0.0002#-0.0014#0.2170
66.00:19.9055#-1.7723#0.2401#0.0003#-0.0015#0.2171
67.00:19.9054#-1.7723#0.2401#0.0002#-0.0014#0.2171
68.00:19.9053#-1.7723#0.2401#0.0002#-0.0014#0.2172
69.00:19.9662#-1.7417#0.2401#0.0008#-0.0020#0.4207
70.00:19.9813#-1.7313#0.2401#0.0010#-0.0020#0.4772