
1.00:hum1:-6.4000#-1.4250#0.8025#-0.0000#0.0000#-0.0000
2.00:hum1:-6.4000#-1.4250#0.8025#-0.0000#0.0000#-0.0000
3.00:hum1:-6.4000#-1.4250#0.8025#-0.0000#0.0000#-0.0000
4.00:hum1:-6.4000#-1.4250#0.8025#-0.0000#0.0000#-0.0000
5.00:hum1:-6.4000#-1.4250#0.8025#-0.0000#0.0000#-0.0000
6.00:hum1:-6.4000#-1.4250#0.8025#-0.0000#0.0000#-0.0000
7.00:hum1:-6.4000#-1.4250#0.8025#-0.0000#0.0000#-0.0000
8.00:hum1:-6.4000#-1.4250#0.8025#-0.0000#0.0000#-0.0000
9.00:hum1:-6.4000#-1.4250#0.8025#-0.0000#0.0000#-0.0000
10.00:hum1:-6.4000#-1.4250#0.8025#-0.0000#0.0000#-0.0000
11.00:hum1:-6.4000#-1.4250#0.8025#-0.0000#0.0000#-0.0000
12.00:hum1:-6.4000#-1.4250#0.8025#-0.0000#0.0000#-0.0000
13.00:hum1:-6.4000#-1.4250#0.8025#-0.0000#0.0000#-0.0000
14.00:hum1:-6.4000#-1.4250#0.8025#-0.0000#0.0000#-0.0000
15.00:hum1:-5.9563#-1.3911#0.8466#0.0418#-0.4930#0.0885
16.00:hum1:-4.6371#-1.1752#0.9377#0.3123#-0.9549#0.3770
17.00:hum1:-4.4645#-1.1376#0.8721#0.1626#-0.6399#0.2684
18.00:hum1:-4.4645#-1.1376#0.8721#0.1626#-0.6399#0.2684
19.00:hum1:-4.4645#-1.1376#0.8721#0.1626#-0.6399#0.2684
20.00:hum1:-4.4645#-1.1376#0.8721#0.1626#-0.6399#0.2684
21.00:hum1:-4.4645#-1.1376#0.8721#0.1626#-0.6399#0.2684
22.00:hum1:-4.4645#-1.1376#0.8721#0.1626#-0.6399#0.2684
23.00:hum1:-4.4645#-1.1376#0.8721#0.1626#-0.6399#0.2684
24.00:hum1:-4.4645#-1.1376#0.8721#0.1626#-0.6399#0.2684
25.00:hum1:-4.4645#-1.1376#0.8721#0.1626#-0.6399#0.2684
26.00:hum1:-3.5593#-1.3437#0.9484#-0.2579#-1.0166#-0.3004
27.00:hum1:-2.4881#-1.5163#0.8374#-0.0721#-0.4202#-0.1748
28.00:hum1:-2.1438#-1.5743#0.8081#0.0116#0.1275#-0.0910
29.00:hum1:-1.0043#-1.6769#0.8281#0.0245#0.3702#-0.0674
30.00:hum1:-0.4656#-1.6912#0.8120#-0.0097#0.2699#0.0366
31.00:hum1:0.3060#-1.6640#0.8171#-0.0097#0.2709#0.0366
32.00:hum1:0.7576#-1.6481#0.8044#0.0003#-0.0072#0.0353
33.00:hum1:0.7576#-1.6481#0.8044#0.0003#-0.0072#0.0353
34.00:hum1:0.7576#-1.6481#0.8044#0.0003#-0.0072#0.0353
35.00:hum1:0.7576#-1.6481#0.8044#0.0003#-0.0072#0.0353
36.00:hum1:0.7576#-1.6481#0.8044#0.0003#-0.0072#0.0353
37.00:hum1:0.7576#-1.6481#0.8044#0.0003#-0.0072#0.0353
38.00:hum1:0.7576#-1.6481#0.8044#0.0003#-0.0072#0.0353
39.00:hum1:0.7576#-1.6481#0.8044#0.0003#-0.0072#0.0353
40.00:hum1:2.0009#-1.8084#0.8618#-0.0872#-0.5897#-0.1555
41.00:hum1:2.7295#-1.8590#0.9598#-0.0972#-1.0847#-0.1095
42.00:hum1:3.3659#-1.3899#0.8721#0.0437#0.6561#3.0704
43.00:hum1:3.4713#-1.8964#0.8102#-0.0093#-0.1100#-0.0846
44.00:hum1:3.3784#-1.8851#0.8171#0.0330#0.2691#-0.1233
45.00:hum1:3.3447#-1.8744#0.8204#0.0595#0.3272#-0.1830
46.00:hum1:3.4149#-1.8855#0.8044#-0.0015#-0.0070#-0.2043
47.00:hum1:3.5897#-1.9223#0.8618#-0.1393#-0.5808#-0.2498
48.00:hum1:3.3079#-1.3461#0.9598#0.4087#1.0394#2.6764
49.00:hum1:3.9909#-1.8163#0.9377#0.2670#-0.9644#0.3218
50.00:hum1:5.0871#-1.9032#0.9191#-0.3094#-0.8615#-0.3984
51.00:hum1:6.1527#-2.0154#0.8168#-0.0106#-0.2253#-0.0469
52.00:hum1:7.1594#-2.0372#0.8153#0.0031#0.2470#-0.0123
53.00:hum1:8.2747#-2.0506#0.8374#-0.0055#-0.4259#-0.0131
54.00:hum1:9.2591#-2.0623#0.8081#0.0016#0.1280#-0.0120
55.00:hum1:10.3962#-2.0758#0.8281#0.0048#0.3710#-0.0128
56.00:hum1:11.6871#-2.0912#0.8120#0.0034#0.2700#-0.0124
57.00:hum1:12.9946#-2.1068#0.8115#-0.0020#-0.1620#-0.0121
58.00:hum1:14.3059#-2.1225#0.8908#-0.0117#-0.7619#-0.0165
59.00:hum1:15.6011#-2.1379#0.9484#-0.0206#-1.0369#-0.0236
60.00:hum1:16.6231#-2.1501#0.9597#-0.0232#-1.0866#-0.0259
61.00:hum1:16.6231#-2.1501#0.9597#-0.0232#-1.0866#-0.0259
62.00:hum1:16.6231#-2.1501#0.9597#-0.0232#-1.0866#-0.0259
63.00:hum1:16.6231#-2.1501#0.9597#-0.0232#-1.0866#-0.0259
64.00:hum1:16.6231#-2.1501#0.9597#-0.0232#-1.0866#-0.0259
65.00:hum1:16.6231#-2.1501#0.9597#-0.0232#-1.0866#-0.0259
66.00:hum1:16.7794#-1.8051#0.9413#0.9326#-0.4499#1.2591
67.00:hum1:17.3032#-0.9335#0.9484#0.9670#-0.4597#1.2742
68.00:hum1:16.7117#-0.9440#0.8374#-0.3675#0.2205#-2.0872
69.00:hum1:16.7835#-0.8273#0.8081#0.1101#-0.0655#-2.1052
70.00:hum1:16.8466#-0.7319#0.8281#0.3162#-0.1974#-2.1105
71.00:hum1:16.8167#-0.7862#0.8120#0.2218#-0.1552#-2.1715
72.00:hum1:17.1992#-1.1133#0.8115#0.1297#-0.0973#0.9306
73.00:hum1:16.6610#-1.0015#0.8908#-0.6570#0.4186#-2.0555
74.00:hum1:17.2939#-0.9883#0.9484#0.9329#-0.5463#1.2035
75.00:hum1:16.7225#-0.9070#0.8374#-0.3333#0.2704#-2.2277
76.00:hum1:17.1214#-1.2284#0.8496#-0.0772#-0.5107#-0.1567
77.00:hum1:18.1156#-1.3649#0.8071#0.0011#0.0080#-0.1366
78.00:hum1:18.0847#-1.3570#0.8215#0.0563#0.3109#-0.1818
79.00:hum1:18.0399#-1.3444#0.8161#0.0638#0.2946#-0.2161
80.00:hum1:18.2687#-0.8800#0.8069#0.0239#0.0786#2.8463
81.00:hum1:18.3055#-1.4196#0.8763#-0.2559#-0.6396#-0.4128
82.00:hum1:18.0780#-0.8142#0.9597#0.5487#0.9939#2.5118
83.00:hum1:18.2262#-1.3944#0.8496#-0.1902#-0.4826#-0.3928
84.00:hum1:18.3570#-0.9131#0.8071#-0.0032#-0.0074#2.7315
85.00:hum1:18.4032#-0.9328#0.8215#-0.1283#-0.2894#2.7175
86.00:hum1:18.4447#-0.9560#0.8161#-0.1324#-0.2713#2.6807
87.00:hum1:18.3170#-0.8942#0.8069#0.0391#0.0723#2.6453
88.00:hum1:17.5263#-0.4675#0.8067#-0.0746#-0.1371#2.6416
89.00:hum1:17.2860#-0.8913#0.8044#-0.0016#-0.0070#-0.2308
90.00:hum1:17.7796#-1.0691#0.8081#0.0440#0.1203#-0.3511
91.00:hum1:18.7874#-1.4062#0.8116#0.0532#0.1873#-0.2785
92.00:hum1:18.8379#-1.4204#0.8171#0.0750#0.2607#-0.2833