
1.00:hum1:0.9000#-0.2500#0.8025#-0.0000#0.0000#-0.0000
2.00:hum1:0.9000#-0.2500#0.8025#-0.0000#0.0000#-0.0000
3.00:hum1:0.9000#-0.2500#0.8025#-0.0000#0.0000#-0.0000
4.00:hum1:0.9000#-0.2500#0.8025#-0.0000#0.0000#-0.0000
5.00:hum1:0.9000#-0.2500#0.8025#-0.0000#0.0000#-0.0000
6.00:hum1:0.9000#-0.2500#0.8025#-0.0000#0.0000#-0.0000
7.00:hum1:0.9000#-0.2500#0.8025#-0.0000#0.0000#-0.0000
8.00:hum1:0.9000#-0.2500#0.8025#-0.0000#0.0000#-0.0000
9.00:hum1:0.9000#-0.2500#0.8025#-0.0000#0.0000#-0.0000
10.00:hum1:0.9000#-0.2500#0.8025#-0.0000#0.0000#-0.0000
11.00:hum1:0.9000#-0.2500#0.8025#-0.0000#0.0000#-0.0000
12.00:hum1:0.9000#-0.2500#0.8025#-0.0000#0.0000#-0.0000
13.00:hum1:0.9000#-0.2500#0.8025#-0.0000#0.0000#-0.0000
14.00:hum1:0.9000#-0.2500#0.8025#0.0000#0.0000#-0.0000
15.00:hum1:0.9000#-0.2500#0.8025#0.0000#0.0000#-0.0000
16.00:hum1:0.9000#-0.2500#0.8025#0.0000#0.0000#-0.0000
17.00:hum1:0.9000#-0.2500#0.8025#0.0000#0.0000#-0.0000
18.00:hum1:1.2338#-0.4645#0.8763#-0.3686#-0.5879#-0.6079
19.00:hum1:2.4967#-0.9734#0.9597#-0.5307#-1.0009#-0.6083
20.00:hum1:3.5975#-1.2676#0.8496#-0.1209#-0.5029#-0.2466
21.00:hum1:4.5893#-1.4806#0.8071#0.0014#0.0079#-0.1698
22.00:hum1:4.8300#-1.5218#0.8161#0.0525#0.2967#-0.1777
23.00:hum1:4.8300#-1.5218#0.8161#0.0525#0.2967#-0.1777
24.00:hum1:5.6053#-1.5774#0.9598#-0.0871#-1.0852#-0.0981
25.00:hum1:6.8015#-1.5221#0.8721#0.0588#-0.6551#0.0967
26.00:hum1:7.8216#-1.4744#0.8102#0.0118#-0.1098#0.1073
27.00:hum1:8.8728#-1.3721#0.8171#-0.0287#0.2695#0.1077
28.00:hum1:10.0774#-1.2487#0.8204#-0.0438#0.3296#0.1350
29.00:hum1:10.9681#-1.1344#0.8171#-0.0360#0.2687#0.1352
30.00:hum1:11.1131#-1.1154#0.8025#-0.0000#0.0000#0.1303
31.00:hum1:11.1131#-1.1154#0.8025#-0.0000#0.0000#0.1303
32.00:hum1:11.1131#-1.1154#0.8025#-0.0000#0.0000#0.1303
33.00:hum1:11.1131#-1.1154#0.8025#-0.0000#0.0000#0.1303
34.00:hum1:11.1131#-1.1154#0.8025#-0.0000#0.0000#0.1303
35.00:hum1:11.1131#-1.1154#0.8025#-0.0000#0.0000#0.1303
36.00:hum1:11.1131#-1.1154#0.8025#-0.0000#0.0000#0.1303
37.00:hum1:11.1131#-1.1154#0.8025#-0.0000#0.0000#0.1303
38.00:hum1:11.4263#-1.3131#0.8466#-0.2313#-0.4412#-0.5037
39.00:hum1:12.4425#-2.0452#0.9377#-0.7228#-0.7481#-0.9135
40.00:hum1:13.3556#-2.8628#0.9191#-0.6605#-0.6671#-0.8979
41.00:hum1:14.1723#-3.4986#0.9413#-0.7685#-0.7285#-0.9674
42.00:hum1:14.1723#-3.4986#0.9413#-0.7685#-0.7285#-0.9674
43.00:hum1:14.0297#-3.3876#0.8025#0.0000#0.0000#-0.6615
44.00:hum1:14.0297#-3.3876#0.8025#0.0000#0.0000#-0.6615
45.00:hum1:14.0297#-3.3876#0.8025#0.0000#0.0000#-0.6615
46.00:hum1:14.0297#-3.3876#0.8025#0.0000#0.0000#-0.6615
47.00:hum1:14.0297#-3.3876#0.8025#0.0000#0.0000#-0.6615
48.00:hum1:14.0297#-3.3876#0.8025#0.0000#0.0000#-0.6615
49.00:hum1:14.0297#-3.3876#0.8025#0.0000#0.0000#-0.6615
50.00:hum1:14.0297#-3.3876#0.8025#0.0000#0.0000#-0.6615
51.00:hum1:14.0297#-3.3876#0.8025#0.0000#0.0000#-0.6615
52.00:hum1:14.2316#-3.4954#0.8116#-0.0857#0.1749#0.4589
53.00:hum1:15.2968#-2.9790#0.8267#-0.1689#0.3340#0.4799
54.00:hum1:15.1658#-3.4870#0.8067#0.1409#-0.0671#-2.0121
55.00:hum1:14.8762#-4.0933#0.8025#0.0000#-0.0000#-2.0161
56.00:hum1:14.8762#-4.0933#0.8025#0.0000#-0.0000#-2.0161
57.00:hum1:14.8417#-4.1655#0.8025#0.0000#-0.0000#-2.0157
58.00:hum1:14.8417#-4.1655#0.8025#0.0000#-0.0000#-2.0157
59.00:hum1:14.8417#-4.1655#0.8025#0.0000#-0.0000#-2.0157
60.00:hum1:14.8417#-4.1655#0.8025#0.0000#-0.0000#-2.0157
61.00:hum1:14.8417#-4.1655#0.8025#0.0000#-0.0000#-2.0157
62.00:hum1:14.8417#-4.1655#0.8025#0.0000#-0.0000#-2.0157
63.00:hum1:14.8417#-4.1655#0.8025#0.0000#-0.0000#-2.0157
64.00:hum1:14.8417#-4.1655#0.8025#0.0000#-0.0000#-2.0157
65.00:hum1:14.8417#-4.1655#0.8025#0.0000#-0.0000#-2.0157
66.00:hum1:14.8417#-4.1655#0.8025#0.0000#-0.0000#-2.0157
67.00:hum1:14.8417#-4.1655#0.8025#0.0000#-0.0000#-2.0157
68.00:hum1:14.8417#-4.1655#0.8025#0.0000#-0.0000#-2.0157
69.00:hum1:14.8417#-4.1655#0.8025#0.0000#-0.0000#-2.0157
70.00:hum1:15.2526#-3.7900#0.8069#0.0814#0.0113#1.7087
71.00:hum1:15.1580#-2.5087#0.8763#0.6733#0.1191#1.7191
72.00:hum1:15.1133#-2.2769#0.8025#-0.0000#-0.0000#1.7612
73.00:hum1:15.1133#-2.2769#0.8025#-0.0000#-0.0000#1.7612
74.00:hum1:15.1133#-2.2769#0.8025#-0.0000#-0.0000#1.7612
75.00:hum1:15.0861#-2.1840#0.8102#0.1054#0.0327#1.8705
76.00:hum1:15.0861#-2.1840#0.8102#0.1054#0.0327#1.8705
77.00:hum1:15.0861#-2.1840#0.8102#0.1054#0.0327#1.8705
78.00:hum1:15.0861#-2.1840#0.8102#0.1054#0.0327#1.8705
79.00:hum1:14.1934#-1.5676#0.9377#0.6388#0.8166#2.3471
80.00:hum1:13.2046#-1.1937#0.9141#0.2350#0.8547#2.8346
81.00:hum1:11.9080#-1.0233#0.9413#0.1283#0.9993#2.9897
82.00:hum1:10.8795#-0.9636#0.9484#0.0451#1.0364#3.0896
83.00:hum1:9.7876#-0.9280#0.8374#-0.0018#0.4260#-3.1370
84.00:hum1:8.8021#-0.9259#0.8081#0.0013#-0.1280#-3.1315
85.00:hum1:7.6643#-0.9251#0.8281#0.0060#-0.3710#-3.1248
86.00:hum1:6.5741#-0.9338#0.8267#0.0059#-0.3728#-3.1252
87.00:hum1:5.2578#-0.9438#0.8067#0.0026#-0.1560#-3.1248
88.00:hum1:3.9479#-0.9317#0.8273#-0.0114#0.3412#-3.1071
89.00:hum1:3.5527#-0.9447#0.8025#0.0000#-0.0000#-3.1086
90.00:hum1:3.5527#-0.9447#0.8025#0.0000#-0.0000#-3.1086
91.00:hum1:3.5527#-0.9447#0.8025#0.0000#-0.0000#-3.1086
92.00:hum1:3.5527#-0.9447#0.8025#0.0000#-0.0000#-3.1086
93.00:hum1:3.5527#-0.9447#0.8025#0.0000#-0.0000#-3.1086
94.00:hum1:3.5527#-0.9447#0.8025#0.0000#-0.0000#-3.1086
95.00:hum1:3.5527#-0.9447#0.8025#0.0000#-0.0000#-3.1086
96.00:hum1:3.5527#-0.9447#0.8025#0.0000#-0.0000#-3.1086
97.00:hum1:3.5527#-0.9447#0.8025#0.0000#-0.0000#-3.1086
98.00:hum1:3.5527#-0.9447#0.8025#0.0000#-0.0000#-3.1086
99.00:hum1:2.4706#-0.8824#0.9484#0.0061#1.0370#3.1349
100.00:hum1:1.3811#-0.8822#0.8374#-0.0054#0.4259#-3.1281
101.00:hum1:0.3873#-0.8936#0.8081#0.0069#-0.1278#-3.0873
102.00:hum1:-0.9390#-0.9584#0.8025#0.0000#-0.0000#-3.0667
103.00:hum1:-0.9390#-0.9584#0.8025#0.0000#-0.0000#-3.0667