
2.00:0.2653#-1.1874#0.2401#-0.0001#-0.0023#-0.0001
3.00:0.2652#-1.1874#0.2401#-0.0001#-0.0021#-0.0001
4.00:0.2651#-1.1874#0.2401#-0.0001#-0.0022#-0.0001
5.00:0.2650#-1.1874#0.2401#-0.0001#-0.0022#-0.0001
6.00:0.2650#-1.1874#0.2401#-0.0001#-0.0020#-0.0002
7.00:0.2649#-1.1874#0.2401#-0.0001#-0.0021#-0.0002
8.00:0.2649#-1.1874#0.2401#-0.0001#-0.0021#-0.0002
9.00:0.2648#-1.1874#0.2401#-0.0001#-0.0021#-0.0002
10.00:0.3131#-1.1874#0.2401#-0.0001#-0.0036#-0.0013
11.00:0.9201#-0.9161#0.2400#0.0005#-0.0007#0.7888
12.00:1.0160#-0.7911#0.2400#0.0013#-0.0012#0.8822
13.00:1.0550#-0.7727#0.2401#0.0011#-0.0019#0.5771
14.00:1.0986#-0.7666#0.2401#0.0005#-0.0022#0.2720
15.00:1.1418#-0.7736#0.2401#-0.0002#-0.0022#-0.0303
16.00:1.6171#-0.8478#0.2401#-0.0003#-0.0018#-0.1404
17.00:2.7715#-1.0108#0.2400#-0.0003#-0.0015#-0.1403
18.00:3.9276#-1.1741#0.2400#-0.0003#-0.0011#-0.1403
19.00:5.0840#-1.3371#0.2400#-0.0003#-0.0014#-0.1398
20.00:5.8226#-1.4384#0.2400#-0.0003#-0.0016#-0.1253
21.00:5.8878#-1.4264#0.2401#0.0003#-0.0023#0.1383
22.00:6.7499#-1.3160#0.2400#0.0001#-0.0015#0.1077
23.00:7.9090#-1.1901#0.2400#0.0001#-0.0016#0.1083
24.00:9.0678#-1.0642#0.2401#0.0001#-0.0015#0.1080
25.00:10.2270#-0.9385#0.2400#0.0001#-0.0013#0.1081
26.00:11.3898#-0.8122#0.2400#0.0001#-0.0016#0.1082
27.00:11.9071#-0.7592#0.2400#0.0000#-0.0018#0.0577
28.00:11.9976#-0.7837#0.2401#-0.0005#-0.0019#-0.2145
29.00:12.9646#-0.9995#0.2400#-0.0003#-0.0011#-0.2182
30.00:13.9849#-1.2253#0.2400#-0.0003#-0.0011#-0.2162
31.00:14.1240#-1.2444#0.2401#-0.0001#-0.0021#-0.0285
32.00:14.1631#-1.2499#0.2401#-0.0003#-0.0019#-0.1355
33.00:14.1996#-1.2729#0.2401#-0.0010#-0.0019#-0.4325
34.00:14.2279#-1.3058#0.2401#-0.0015#-0.0016#-0.7266
35.00:14.2455#-1.3451#0.2401#-0.0019#-0.0011#-1.0174
36.00:14.2545#-1.3969#0.2401#-0.0025#-0.0006#-1.2963
37.00:14.4590#-2.2206#0.2400#-0.0014#-0.0003#-1.3222
38.00:14.7450#-3.3466#0.2400#-0.0011#-0.0002#-1.3213
39.00:14.8318#-3.6952#0.2401#-0.0018#-0.0002#-1.3872
40.00:14.8180#-3.8355#0.2400#-0.0018#0.0002#-1.6393
41.00:14.7385#-4.8222#0.2400#-0.0011#0.0001#-1.6477
42.00:14.7264#-4.9917#0.2400#-0.0015#0.0002#-1.6353
43.00:14.7264#-4.9916#0.2400#-0.0015#0.0002#-1.6353
44.00:14.7264#-4.9916#0.2400#-0.0015#0.0002#-1.6353
45.00:14.7264#-4.9915#0.2400#-0.0014#0.0002#-1.6354
46.00:14.7264#-4.9915#0.2400#-0.0015#0.0002#-1.6354
47.00:14.7264#-4.9914#0.2400#-0.0014#0.0002#-1.6354
48.00:14.7264#-4.9914#0.2400#-0.0014#0.0001#-1.6354
49.00:14.7264#-4.9913#0.2400#-0.0014#0.0002#-1.6354
50.00:14.7264#-4.9912#0.2400#-0.0014#0.0002#-1.6354
51.00:14.7264#-4.9912#0.2400#-0.0015#0.0002#-1.6354
52.00:14.7264#-4.9911#0.2400#-0.0014#0.0002#-1.6354
53.00:14.7264#-4.9911#0.2400#-0.0014#0.0001#-1.6354
54.00:14.7264#-4.9910#0.2400#-0.0014#0.0002#-1.6354
55.00:14.7264#-4.9909#0.2400#-0.0015#0.0002#-1.6354
56.00:14.7250#-4.9944#0.2400#-0.0018#0.0002#-1.6585
57.00:14.7038#-5.0312#0.2401#-0.0020#0.0009#-1.9552
58.00:14.6723#-5.0609#0.2401#-0.0016#0.0015#-2.2503
59.00:14.6329#-5.0802#0.2401#-0.0011#0.0019#-2.5498
60.00:14.5892#-5.0873#0.2401#-0.0005#0.0021#-2.8509
61.00:14.5451#-5.0812#0.2401#0.0001#0.0022#3.1318
62.00:14.5056#-5.0622#0.2401#0.0008#0.0021#2.8273
63.00:14.4733#-5.0321#0.2401#0.0014#0.0017#2.5235
64.00:14.4516#-4.9944#0.2401#0.0018#0.0013#2.2227
65.00:14.4420#-4.9519#0.2401#0.0021#0.0007#1.9252
66.00:14.4452#-4.9083#0.2401#0.0022#0.0000#1.6279
67.00:14.4848#-4.4304#0.2400#0.0016#-0.0002#1.4887
68.00:14.5787#-3.2683#0.2401#0.0016#-0.0002#1.4904
69.00:14.6722#-2.1063#0.2401#0.0016#-0.0002#1.4904
70.00:14.7132#-1.5298#0.2400#0.0017#-0.0001#1.5503
71.00:14.6972#-1.4817#0.2401#0.0021#0.0005#1.8144
72.00:14.6656#-1.4360#0.2401#0.0019#0.0011#2.1049
73.00:14.6234#-1.4021#0.2401#0.0015#0.0015#2.3932
74.00:14.5732#-1.3817#0.2401#0.0010#0.0019#2.6842
75.00:14.4866#-1.3684#0.2401#0.0004#0.0020#2.9456
76.00:13.6222#-1.1736#0.2400#0.0003#0.0010#2.9087
77.00:13.4262#-1.1366#0.2401#0.0002#0.0020#3.0653
78.00:12.9346#-1.1524#0.2400#0.0000#0.0015#-3.1339
79.00:11.7689#-1.1611#0.2400#0.0001#0.0014#-3.1342
80.00:10.6031#-1.1697#0.2400#0.0001#0.0014#-3.1344
81.00:9.4336#-1.1783#0.2401#0.0001#0.0017#-3.1343
82.00:8.2679#-1.1870#0.2400#0.0000#0.0015#-3.1342
83.00:7.1021#-1.1956#0.2401#0.0001#0.0015#-3.1341
84.00:5.9363#-1.2047#0.2400#0.0000#0.0016#-3.1335
85.00:4.7707#-1.2142#0.2401#-0.0000#0.0023#-3.1333
86.00:3.6010#-1.2239#0.2400#0.0001#0.0014#-3.1332
87.00:2.4353#-1.2336#0.2400#0.0001#0.0017#-3.1332
88.00:1.2695#-1.2434#0.2400#0.0001#0.0014#-3.1335
89.00:0.1038#-1.2528#0.2400#0.0001#0.0014#-3.1338
90.00:-1.0656#-1.2620#0.2400#0.0001#0.0015#-3.1338
91.00:-1.7514#-1.2717#0.2400#-0.0000#0.0014#-3.0910
92.00:-1.7514#-1.2717#0.2400#0.0000#0.0014#-3.0901
93.00:-1.7514#-1.2717#0.2400#0.0000#0.0014#-3.0901
94.00:-1.7513#-1.2717#0.2400#-0.0000#0.0015#-3.0902
95.00:-1.7512#-1.2716#0.2400#0.0000#0.0014#-3.0902
96.00:-1.7511#-1.2716#0.2400#0.0000#0.0015#-3.0902
97.00:-1.7510#-1.2716#0.2400#-0.0000#0.0016#-3.0903
98.00:-1.7508#-1.2716#0.2400#-0.0000#0.0017#-3.0902
99.00:-1.7507#-1.2716#0.2401#-0.0000#0.0018#-3.0902
100.00:-1.7506#-1.2716#0.2400#-0.0000#0.0017#-3.0902
101.00:-1.7506#-1.2716#0.2400#-0.0000#0.0016#-3.0902
102.00:-1.7505#-1.2716#0.2400#-0.0000#0.0016#-3.0902
103.00:-1.8851#-1.2771#0.2400#0.0000#0.0016#-3.1143