
2.00:hum1:3.8000#2.2500#0.8025#-0.0000#-0.0000#-1.5708
3.00:hum1:3.8000#2.2500#0.8025#-0.0000#-0.0000#-1.5708
4.00:hum1:3.8000#2.2500#0.8025#-0.0000#-0.0000#-1.5708
5.00:hum1:3.8000#2.2500#0.8025#-0.0000#-0.0000#-1.5708
6.00:hum1:3.8000#2.2500#0.8025#-0.0000#-0.0000#-1.5708
7.00:hum1:3.8000#2.2500#0.8025#-0.0000#-0.0000#-1.5708
8.00:hum1:3.8000#2.2500#0.8025#-0.0000#-0.0000#-1.5708
9.00:hum1:3.8000#2.2500#0.8025#-0.0000#-0.0000#-1.5708
10.00:hum1:3.8000#2.2500#0.8025#-0.0000#-0.0000#-1.5708
11.00:hum1:5.5475#1.4597#0.8025#0.0000#0.0000#-0.3187
12.00:hum1:5.6283#1.4198#0.8025#0.0000#0.0000#-0.4387
13.00:hum1:6.1891#1.1570#0.8025#0.0000#0.0000#-0.4382
14.00:hum1:6.4100#1.0564#0.8025#0.0000#0.0000#-0.4272
15.00:hum1:7.2280#0.6884#0.8908#-0.3734#-0.6809#-0.5564
16.00:hum1:10.6464#-0.3908#0.8081#0.0333#0.1236#-0.2635
17.00:hum1:13.8477#-1.2123#0.8115#-0.0366#-0.1578#-0.2283
18.00:hum1:14.1456#2.1832#0.8025#-0.0000#-0.0000#1.6121
19.00:hum1:14.0347#4.8230#0.8161#-0.3010#-0.0124#1.6109
20.00:hum1:13.9000#8.0265#0.8267#-0.3725#-0.0152#1.6099
21.00:hum1:13.6137#5.7779#0.8908#-0.7614#-0.0328#-1.5361
22.00:hum1:12.3881#3.8063#0.8025#0.0000#-0.0000#-2.5822
23.00:hum1:12.3369#3.3867#0.8025#0.0000#0.0000#-1.1722
24.00:hum1:13.4299#0.7296#0.8069#-0.0752#-0.0333#-1.1543
25.00:hum1:13.7434#2.0364#0.8025#-0.0000#-0.0000#1.8381
26.00:hum1:14.1811#4.7360#0.9484#1.0318#-0.1317#1.4928
27.00:hum1:14.6534#7.8030#0.9377#0.9834#-0.1277#1.4865
28.00:hum1:14.3513#5.6939#0.8116#0.1943#0.0111#-1.5139
29.00:hum1:13.0811#3.6172#0.8102#-0.0631#0.0906#-2.5319
30.00:hum1:12.1791#2.9910#0.8025#0.0000#-0.0000#-2.5347
31.00:hum1:12.1623#2.5587#0.8025#0.0000#0.0000#-1.0601
32.00:hum1:13.1907#0.6110#0.8244#0.3151#0.1846#-1.0577
33.00:hum1:13.8451#1.0605#0.8215#-0.2976#-0.1072#1.9068
34.00:hum1:14.5113#3.5435#0.8618#0.5608#-0.2116#1.2485
35.00:hum1:15.5635#6.1512#0.8115#0.1504#-0.0604#1.1919
36.00:hum1:15.7189#6.5365#0.8025#-0.0000#0.0000#1.1873
37.00:hum1:15.7189#6.5365#0.8025#-0.0000#0.0000#1.1873
38.00:hum1:15.7189#6.5365#0.8025#-0.0000#0.0000#1.1873
39.00:hum1:15.7189#6.5365#0.8025#-0.0000#0.0000#1.1873
40.00:hum1:15.7189#6.5365#0.8025#-0.0000#0.0000#1.1873
41.00:hum1:15.7189#6.5365#0.8025#-0.0000#0.0000#1.1873
42.00:hum1:15.7189#6.5365#0.8025#-0.0000#0.0000#1.1873
43.00:hum1:15.3423#5.8013#0.8618#-0.5947#-0.0310#-1.5246
44.00:hum1:15.2717#5.1426#0.8067#0.1555#-0.0122#-1.6482
45.00:hum1:15.1660#4.3613#0.8267#0.3721#-0.0244#-1.6329
46.00:hum1:15.0549#3.0549#0.8067#0.1555#-0.0131#-1.6537
47.00:hum1:14.9263#1.7524#0.8273#-0.3405#0.0247#-1.6400
48.00:hum1:14.6669#0.5273#0.9141#-0.8635#0.1873#-1.7283
49.00:hum1:13.9775#0.4820#0.9413#0.2520#0.9837#2.8420
50.00:hum1:12.8771#0.4810#0.8262#-0.0149#0.3285#-3.0952
51.00:hum1:11.8998#0.4514#0.8116#0.0076#-0.1945#-3.1019
52.00:hum1:10.7155#0.4082#0.8267#0.0179#-0.3724#-3.0922
53.00:hum1:9.3970#0.3616#0.8067#0.0096#-0.1557#-3.0792
54.00:hum1:8.0963#0.2786#0.8273#-0.0207#0.3408#-3.0795
55.00:hum1:6.7992#0.1978#0.9141#-0.0916#0.8749#-3.0221
56.00:hum1:5.5208#0.0989#0.9413#-0.1354#0.9987#-2.9806
57.00:hum1:4.4702#0.0239#0.8262#-0.0374#0.3267#-3.0253
58.00:hum1:3.4151#-0.0558#0.8374#-0.0595#0.4220#-2.9967
59.00:hum1:2.4701#-0.1376#0.9598#-0.2829#1.0653#-2.8205
60.00:hum1:1.7815#-0.2002#0.8273#-0.0616#0.3360#-2.9562
61.00:hum1:0.8562#-0.3274#0.8025#0.0000#-0.0000#-2.9451
62.00:hum1:0.3207#-0.3892#0.8153#0.0572#-0.2404#-2.9051
63.00:hum1:-0.7354#-0.6273#0.8025#0.0000#-0.0000#-2.8918
64.00:hum1:-1.4982#-0.8221#0.8025#0.0000#-0.0000#-2.8915
65.00:hum1:-2.6468#-1.1154#0.9377#-0.3593#0.9432#-2.7068
66.00:hum1:-3.3298#-1.2899#0.8025#0.0000#-0.0000#-2.8915
67.00:hum1:-3.3298#-1.2899#0.8025#0.0000#-0.0000#-2.8915
68.00:hum1:-3.3298#-1.2899#0.8025#0.0000#-0.0000#-2.8915
69.00:hum1:-3.3298#-1.2899#0.8025#0.0000#-0.0000#-2.8915
70.00:hum1:-3.3298#-1.2899#0.8025#0.0000#-0.0000#-2.8915
71.00:hum1:-3.3298#-1.2899#0.8025#0.0000#-0.0000#-2.8915
72.00:hum1:-3.3298#-1.2899#0.8025#0.0000#-0.0000#-2.8915
73.00:hum1:-3.3298#-1.2899#0.8025#0.0000#-0.0000#-2.8915
74.00:hum1:-3.3298#-1.2899#0.8025#0.0000#-0.0000#-2.8915