
2.00:0.2653#-1.1874#0.2401#-0.0001#-0.0023#-0.0001
3.00:0.2652#-1.1874#0.2401#-0.0001#-0.0021#-0.0001
4.00:0.2651#-1.1874#0.2401#-0.0001#-0.0022#-0.0001
5.00:0.2650#-1.1874#0.2401#-0.0001#-0.0022#-0.0001
6.00:0.2650#-1.1874#0.2401#-0.0001#-0.0020#-0.0002
7.00:0.2649#-1.1874#0.2401#-0.0001#-0.0021#-0.0002
8.00:0.2726#-1.1875#0.2401#-0.0001#-0.0033#-0.0008
9.00:0.8781#-1.0044#0.2401#0.0019#-0.0024#0.6667
10.00:1.0230#-0.8499#0.2401#0.0018#-0.0017#0.8593
11.00:1.0631#-0.8320#0.2401#0.0011#-0.0019#0.5543
12.00:1.1067#-0.8271#0.2401#0.0004#-0.0022#0.2493
13.00:1.1495#-0.8350#0.2401#-0.0002#-0.0023#-0.0536
14.00:1.7359#-0.9238#0.2401#-0.0003#-0.0017#-0.1409
15.00:2.8903#-1.0872#0.2400#-0.0003#-0.0016#-0.1404
16.00:3.6161#-1.5001#0.2400#-0.0014#-0.0000#-1.4686
17.00:3.2817#-1.5349#0.2400#0.0013#0.0008#2.2047
18.00:3.2594#-1.4269#0.2401#0.0021#0.0001#1.6829
19.00:3.2726#-1.3851#0.2401#0.0021#-0.0005#1.3898
20.00:3.2979#-1.3491#0.2401#0.0019#-0.0011#1.0913
21.00:3.3328#-1.3209#0.2401#0.0015#-0.0016#0.7969
22.00:3.3734#-1.3052#0.2401#0.0010#-0.0020#0.4986
23.00:3.4169#-1.3022#0.2401#0.0003#-0.0022#0.1989
24.00:3.5582#-1.3146#0.2401#-0.0002#-0.0019#-0.0549
25.00:4.2269#-1.5865#0.2400#-0.0014#-0.0002#-1.2744
26.00:3.8920#-1.5891#0.2400#0.0017#0.0002#1.7638
27.00:4.1759#-1.5264#0.2400#-0.0014#-0.0008#-0.9858
28.00:4.1930#-1.6303#0.2400#-0.0016#-0.0004#-1.3229
29.00:4.2241#-1.6763#0.2400#-0.0014#-0.0008#-1.0375
30.00:4.2666#-1.7109#0.2401#-0.0014#-0.0015#-0.7503
31.00:4.3154#-1.7305#0.2401#-0.0010#-0.0019#-0.4602
32.00:4.3686#-1.7363#0.2401#-0.0004#-0.0022#-0.1783
33.00:4.4206#-1.7262#0.2401#0.0003#-0.0022#0.1149
34.00:4.6574#-1.6509#0.2401#0.0005#-0.0019#0.2703
35.00:5.5669#-1.2782#0.2400#0.0010#-0.0008#0.9195
36.00:5.2467#-1.0300#0.2400#-0.0012#0.0011#-2.3378
37.00:5.3907#-1.2806#0.2400#-0.0004#-0.0018#-0.1961
38.00:5.6440#-1.2635#0.2401#-0.0000#-0.0020#0.0421
39.00:6.7674#-1.2472#0.2400#-0.0002#-0.0014#0.0110
40.00:7.9332#-1.2349#0.2400#-0.0001#-0.0014#0.0103
41.00:9.0988#-1.2229#0.2400#-0.0000#-0.0013#0.0104
42.00:10.2683#-1.2106#0.2401#-0.0000#-0.0015#0.0105
43.00:11.0298#-1.1964#0.2401#-0.0000#-0.0021#0.0269
44.00:12.1910#-1.1641#0.2401#-0.0000#-0.0015#0.0278
45.00:13.3564#-1.1313#0.2400#-0.0001#-0.0015#0.0281
46.00:14.0988#-1.1089#0.2400#0.0000#-0.0016#0.0446
47.00:14.1502#-1.0881#0.2401#0.0007#-0.0021#0.3221
48.00:14.1919#-1.0539#0.2401#0.0012#-0.0018#0.6143
49.00:14.2068#-1.0352#0.2401#0.0014#-0.0016#0.7423
50.00:14.2140#-1.0242#0.2401#0.0015#-0.0015#0.8141
51.00:14.2287#-0.9949#0.2401#0.0018#-0.0012#0.9848
52.00:14.2409#-0.9415#0.2401#0.0021#-0.0007#1.2735
53.00:14.2377#-0.8870#0.2401#0.0026#-0.0001#1.5574
54.00:14.3768#-0.6916#0.2400#0.0007#-0.0016#0.4803
55.00:14.4785#-1.0152#0.2400#-0.0007#0.0014#-2.5936
56.00:14.3877#-0.6861#0.2400#0.0006#-0.0016#0.4477
57.00:14.5367#-0.9109#0.2400#-0.0015#0.0007#-1.9621
58.00:14.4921#-0.9482#0.2401#-0.0015#0.0017#-2.3661
59.00:14.4518#-0.9627#0.2401#-0.0009#0.0020#-2.6632
60.00:14.4082#-0.9648#0.2401#-0.0003#0.0022#-2.9609
61.00:14.3561#-0.9544#0.2401#0.0003#0.0025#3.0432
62.00:13.5006#-0.8504#0.2400#0.0003#0.0015#3.0260
63.00:12.3386#-0.7154#0.2400#0.0002#0.0012#3.0259
64.00:11.1843#-0.5818#0.2400#0.0003#0.0015#3.0266
65.00:10.0397#-0.4501#0.2400#0.0002#0.0010#3.0276
66.00:9.7257#-0.4228#0.2401#0.0000#0.0019#-3.1310
67.00:9.3454#-0.4793#0.2401#-0.0002#0.0020#-3.0169
68.00:8.1923#-0.6139#0.2400#-0.0001#0.0014#-3.0253
69.00:7.0342#-0.7494#0.2400#-0.0001#0.0015#-3.0249
70.00:5.8726#-0.8853#0.2400#-0.0001#0.0016#-3.0252
71.00:5.2437#-0.9597#0.2401#-0.0001#0.0018#-3.0231
72.00:5.1924#-0.9457#0.2401#0.0005#0.0023#2.9755
73.00:4.3474#-0.7557#0.2400#0.0004#0.0016#2.9213
74.00:3.7813#-0.6326#0.2401#0.0004#0.0019#2.9682