
1.00:hum1:-6.4000#-1.4250#0.8025#-0.0000#0.0000#-0.0000
2.00:hum1:-6.4000#-1.4250#0.8025#-0.0000#0.0000#-0.0000
3.00:hum1:-6.4000#-1.4250#0.8025#-0.0000#0.0000#-0.0000
4.00:hum1:-6.4000#-1.4250#0.8025#-0.0000#0.0000#-0.0000
5.00:hum1:-6.4000#-1.4250#0.8025#-0.0000#0.0000#-0.0000
6.00:hum1:-6.4000#-1.4250#0.8025#-0.0000#0.0000#-0.0000
7.00:hum1:-6.4000#-1.4250#0.8025#-0.0000#0.0000#-0.0000
8.00:hum1:-6.4000#-1.4250#0.8025#-0.0000#0.0000#-0.0000
9.00:hum1:-6.4000#-1.4250#0.8025#-0.0000#0.0000#-0.0000
10.00:hum1:-6.4000#-1.4250#0.8025#-0.0000#0.0000#-0.0000
11.00:hum1:-6.4000#-1.4250#0.8025#-0.0000#0.0000#-0.0000
12.00:hum1:-6.4000#-1.4250#0.8025#-0.0000#0.0000#-0.0000
13.00:hum1:-6.4000#-1.4250#0.8025#-0.0000#0.0000#-0.0000
14.00:hum1:-6.3864#-1.4247#0.8161#-0.0263#0.3001#0.0889
15.00:hum1:-5.0504#-1.2961#0.8069#0.0107#-0.0815#0.1313
16.00:hum1:-4.7485#-1.2587#0.8044#0.0008#-0.0071#0.1094
17.00:hum1:-4.7485#-1.2587#0.8044#0.0008#-0.0071#0.1094
18.00:hum1:-4.7485#-1.2587#0.8044#0.0008#-0.0071#0.1094
19.00:hum1:-4.7485#-1.2587#0.8044#0.0008#-0.0071#0.1094
20.00:hum1:-4.7485#-1.2587#0.8044#0.0008#-0.0071#0.1094
21.00:hum1:-4.7485#-1.2587#0.8044#0.0008#-0.0071#0.1094
22.00:hum1:-4.7485#-1.2587#0.8044#0.0008#-0.0071#0.1094
23.00:hum1:-4.7485#-1.2587#0.8044#0.0008#-0.0071#0.1094
24.00:hum1:-4.7485#-1.2587#0.8044#0.0008#-0.0071#0.1094
25.00:hum1:-4.2899#-1.3674#0.8081#0.0284#0.1248#-0.2243
26.00:hum1:-3.0165#-1.1457#0.8281#-0.0914#-0.3601#2.8874
27.00:hum1:-3.3087#-1.0934#0.8120#0.1359#-0.2341#-2.6087
28.00:hum1:-3.4002#-1.1435#0.8115#-0.0741#0.1442#-2.6645
29.00:hum1:-3.5204#-1.1983#0.8908#-0.3855#0.6749#-2.5653
30.00:hum1:-2.9596#-1.4919#0.9484#0.6023#-0.9053#0.7187
31.00:hum1:-3.4186#-1.1431#0.8374#-0.1560#0.3980#-2.7558
32.00:hum1:-3.2842#-1.0937#0.8081#0.0440#-0.1203#-2.7897
33.00:hum1:-3.2015#-1.6045#0.8071#-0.0001#0.0080#0.0178
34.00:hum1:-2.1960#-1.6432#0.8215#0.0986#0.3005#-0.3220
35.00:hum1:-1.4892#-1.8694#0.8721#-0.2336#-0.6203#-0.3882
36.00:hum1:-0.8983#-2.0606#0.8466#-0.1647#-0.4685#-0.3524
37.00:hum1:0.3438#-2.4627#0.9377#-0.4381#-0.9185#-0.5323
38.00:hum1:1.5200#-2.8435#0.9191#-0.3716#-0.8422#-0.4810
39.00:hum1:2.5128#-3.1648#0.8721#-0.2336#-0.6203#-0.3882
40.00:hum1:2.5128#-3.1648#0.8721#-0.2336#-0.6203#-0.3882
41.00:hum1:2.5128#-3.1648#0.8721#-0.2336#-0.6203#-0.3882
42.00:hum1:2.5128#-3.1648#0.8721#-0.2336#-0.6203#-0.3882
43.00:hum1:2.5128#-3.1648#0.8721#-0.2336#-0.6203#-0.3882
44.00:hum1:2.5836#-3.1397#0.8374#-0.0060#-0.4259#-0.0142
45.00:hum1:3.5318#-3.1361#0.9598#0.0043#-1.0872#0.0052
46.00:hum1:4.7032#-3.1153#0.8721#0.0131#-0.6573#0.0218
47.00:hum1:5.0286#-2.6095#0.8102#0.0001#0.1104#3.1413
48.00:hum1:4.9299#-3.1034#0.8171#0.0180#0.2704#-0.0669
49.00:hum1:5.1701#-2.6213#0.8204#-0.0320#-0.3309#3.0438
50.00:hum1:5.1031#-2.6170#0.8044#0.0010#0.0071#3.0022
51.00:hum1:4.9492#-2.5837#0.8618#0.1519#0.5780#2.8688
52.00:hum1:5.2140#-3.1688#0.9598#-0.4669#-1.0231#-0.5330
53.00:hum1:4.9020#-2.5642#0.9484#0.4233#0.9787#2.6445
54.00:hum1:4.9020#-2.5642#0.9484#0.4233#0.9787#2.6445
55.00:hum1:6.2391#-2.3970#0.8721#0.3838#-0.5477#0.6600
56.00:hum1:6.6693#-2.1327#0.8115#0.0853#-0.1379#0.5568
57.00:hum1:7.0702#-1.8863#0.8081#-0.0672#0.1090#0.5546
58.00:hum1:7.9832#-1.3254#0.8071#-0.0042#0.0068#0.5509
59.00:hum1:8.8622#-0.7854#0.8081#-0.0672#0.1090#0.5546
60.00:hum1:9.8063#-0.2054#0.8168#0.1195#-0.1918#0.5624
61.00:hum1:10.6571#0.3173#0.8153#-0.1312#0.2099#0.5647
62.00:hum1:11.1173#0.6001#0.8069#0.0431#-0.0700#0.5524
63.00:hum1:11.1173#0.6001#0.8069#0.0431#-0.0700#0.5524
64.00:hum1:11.1173#0.6001#0.8069#0.0431#-0.0700#0.5524
65.00:hum1:11.1173#0.6001#0.8069#0.0431#-0.0700#0.5524
66.00:hum1:11.1173#0.6001#0.8069#0.0431#-0.0700#0.5524
67.00:hum1:11.1173#0.6001#0.8069#0.0431#-0.0700#0.5524
68.00:hum1:10.9613#0.5477#0.8273#-0.1637#-0.3009#-0.5081
69.00:hum1:11.3547#0.3104#0.8374#-0.2275#-0.3633#-0.5771
70.00:hum1:12.2098#-0.1860#0.8081#0.0637#0.1111#-0.5217
71.00:hum1:13.2235#-0.7276#0.8281#0.1740#0.3294#-0.4975
72.00:hum1:14.4152#-1.2622#0.8120#0.1089#0.2476#-0.4193
73.00:hum1:14.5262#-0.7546#0.8115#0.0690#0.1467#2.7001
74.00:hum1:13.3378#-0.2003#0.8908#0.3836#0.6758#2.5689
75.00:hum1:13.9398#-0.7148#0.9484#-0.2608#-1.0162#-0.3038
76.00:hum1:14.9392#-1.0388#0.8374#-0.1345#-0.4054#-0.3302
77.00:hum1:15.5510#-1.2185#0.8081#0.0301#0.1245#-0.2377
78.00:hum1:16.6749#-1.4710#0.8281#0.0681#0.3650#-0.1884
79.00:hum1:16.4900#-0.9293#0.8120#-0.0489#-0.2657#2.9575
80.00:hum1:15.2029#-0.6983#0.8115#0.0289#0.1594#2.9618
81.00:hum1:14.5144#-1.0410#0.8908#-0.0565#-0.7603#-0.0816
82.00:hum1:15.7066#-1.2820#0.9484#-0.5000#-0.9523#-0.5904
83.00:hum1:16.8178#-1.4903#0.8374#-0.0607#-0.4219#-0.1470
84.00:hum1:17.8095#-1.5832#0.8081#0.0113#0.1275#-0.0881
85.00:hum1:18.3369#-1.6317#0.8171#0.0377#0.2684#-0.1410
86.00:hum1:18.4594#-1.6484#0.8244#0.0516#0.3601#-0.1453
87.00:hum1:18.5536#-1.6613#0.8161#0.0422#0.2983#-0.1423
88.00:hum1:18.5536#-1.6613#0.8161#0.0422#0.2983#-0.1423
89.00:hum1:18.5536#-1.6613#0.8161#0.0422#0.2983#-0.1423
90.00:hum1:18.5536#-1.6613#0.8161#0.0422#0.2983#-0.1423
91.00:hum1:18.5536#-1.6613#0.8161#0.0422#0.2983#-0.1423
92.00:hum1:18.5536#-1.6613#0.8161#0.0422#0.2983#-0.1423
93.00:hum1:18.5536#-1.6613#0.8161#0.0422#0.2983#-0.1423
94.00:hum1:18.5536#-1.6613#0.8161#0.0422#0.2983#-0.1423
95.00:hum1:18.6786#-1.6785#0.8067#0.0214#0.1546#-0.1376
96.00:hum1:18.7847#-1.6930#0.8044#-0.0010#-0.0071#-0.1359
97.00:hum1:18.9827#-1.7201#0.8466#-0.0731#-0.4896#-0.1542
98.00:hum1:19.0708#-1.7322#0.8763#-0.1099#-0.6747#-0.1744