
2.00:-4.8099#-1.1623#0.2401#-0.0001#-0.0025#-0.0001
3.00:-4.8100#-1.1623#0.2401#-0.0001#-0.0024#-0.0001
4.00:-4.8100#-1.1623#0.2401#-0.0001#-0.0022#-0.0001
5.00:-4.8102#-1.1623#0.2401#-0.0001#-0.0025#-0.0002
6.00:-4.8103#-1.1623#0.2401#-0.0001#-0.0023#-0.0002
7.00:-4.8104#-1.1623#0.2401#-0.0001#-0.0025#-0.0002
8.00:-4.8105#-1.1623#0.2401#-0.0001#-0.0025#-0.0001
9.00:-4.8106#-1.1623#0.2401#-0.0001#-0.0023#-0.0002
10.00:-4.8106#-1.1624#0.2401#-0.0001#-0.0021#-0.0002
11.00:-4.8108#-1.1624#0.2401#-0.0001#-0.0022#-0.0003
12.00:-4.7173#-1.1629#0.2401#-0.0001#-0.0028#-0.0022
13.00:-3.9621#-0.8110#0.2400#0.0008#-0.0008#0.8506
14.00:-3.9185#-0.7628#0.2401#0.0014#-0.0017#0.7585
15.00:-3.9092#-0.7750#0.2401#0.0009#-0.0021#0.4513
16.00:-3.9031#-0.7895#0.2401#0.0002#-0.0022#0.1435
17.00:-3.9029#-0.8044#0.2401#-0.0004#-0.0020#-0.1573
18.00:-3.2223#-0.9619#0.2401#-0.0004#-0.0016#-0.2171
19.00:-2.0839#-1.2127#0.2401#-0.0004#-0.0015#-0.2168
20.00:-0.9883#-1.4533#0.2401#-0.0004#-0.0013#-0.2143
21.00:-0.7382#-1.4957#0.2401#-0.0002#-0.0019#-0.0658
22.00:-0.7288#-1.4947#0.2401#-0.0001#-0.0022#-0.0363
23.00:-0.7290#-1.4947#0.2401#-0.0001#-0.0022#-0.0362
24.00:-0.7292#-1.4947#0.2401#-0.0001#-0.0022#-0.0362
25.00:-0.7293#-1.4947#0.2401#-0.0001#-0.0022#-0.0361
26.00:-0.7295#-1.4947#0.2401#-0.0001#-0.0022#-0.0362
27.00:-0.7298#-1.4947#0.2401#-0.0001#-0.0022#-0.0363
28.00:-0.7299#-1.4947#0.2401#-0.0001#-0.0022#-0.0363
29.00:-0.7301#-1.4947#0.2401#-0.0001#-0.0022#-0.0363
30.00:-0.7304#-1.4947#0.2401#-0.0001#-0.0022#-0.0362
31.00:-0.7306#-1.4947#0.2401#-0.0001#-0.0022#-0.0362
32.00:-0.7308#-1.4947#0.2401#-0.0001#-0.0022#-0.0363
33.00:-0.7310#-1.4947#0.2401#-0.0001#-0.0022#-0.0363
34.00:-0.7312#-1.4946#0.2401#-0.0001#-0.0022#-0.0363
35.00:-0.4018#-1.5197#0.2401#-0.0003#-0.0021#-0.1186
36.00:0.7333#-1.6980#0.2401#-0.0003#-0.0015#-0.1565
37.00:1.7366#-1.8560#0.2400#-0.0002#-0.0010#-0.1527
38.00:1.8817#-1.8608#0.2401#0.0001#-0.0022#0.0513
39.00:2.4337#-1.7762#0.2401#0.0002#-0.0017#0.1362
40.00:3.5888#-1.6172#0.2401#0.0002#-0.0016#0.1371
41.00:4.6787#-1.4663#0.2400#0.0001#-0.0011#0.1449
42.00:4.8577#-1.4432#0.2401#-0.0000#-0.0019#0.0355
43.00:5.2093#-1.4970#0.2401#-0.0004#-0.0020#-0.1304
44.00:6.3607#-1.6477#0.2400#-0.0003#-0.0014#-0.1303
45.00:7.1019#-1.7417#0.2400#-0.0002#-0.0011#-0.1143
46.00:7.1026#-1.7417#0.2401#-0.0002#-0.0015#-0.1130
47.00:7.1025#-1.7417#0.2401#-0.0002#-0.0015#-0.1130
48.00:7.1025#-1.7417#0.2401#-0.0002#-0.0015#-0.1130
49.00:7.1024#-1.7417#0.2401#-0.0002#-0.0015#-0.1131
50.00:7.1024#-1.7417#0.2401#-0.0002#-0.0014#-0.1131
51.00:7.1023#-1.7417#0.2401#-0.0002#-0.0014#-0.1131
52.00:7.1023#-1.7417#0.2401#-0.0002#-0.0013#-0.1131
53.00:7.1022#-1.7417#0.2401#-0.0002#-0.0015#-0.1131
54.00:7.1021#-1.7417#0.2401#-0.0002#-0.0014#-0.1132
55.00:7.1021#-1.7417#0.2401#-0.0002#-0.0014#-0.1131
56.00:7.5105#-1.8057#0.2401#-0.0004#-0.0017#-0.1902
57.00:8.1411#-1.9194#0.2401#-0.0002#-0.0016#-0.0994
58.00:8.4166#-1.8915#0.2401#0.0001#-0.0022#0.0833
59.00:9.5364#-1.8210#0.2401#-0.0000#-0.0017#0.0615
60.00:10.7039#-1.7492#0.2401#0.0000#-0.0014#0.0615
61.00:11.8672#-1.6776#0.2401#0.0000#-0.0016#0.0616
62.00:13.0309#-1.6051#0.2401#0.0001#-0.0016#0.0624
63.00:14.1941#-1.5321#0.2401#0.0000#-0.0015#0.0628
64.00:15.3573#-1.4589#0.2401#0.0001#-0.0020#0.0630
65.00:15.8677#-1.4237#0.2401#0.0001#-0.0015#0.0834
66.00:15.8677#-1.4237#0.2401#0.0001#-0.0015#0.0834
67.00:15.8676#-1.4237#0.2401#0.0001#-0.0015#0.0833
68.00:15.8675#-1.4237#0.2401#0.0001#-0.0015#0.0833
69.00:15.8674#-1.4237#0.2401#0.0001#-0.0016#0.0833
70.00:15.8673#-1.4237#0.2401#0.0001#-0.0016#0.0833
71.00:15.8672#-1.4238#0.2401#0.0001#-0.0016#0.0832
72.00:15.8671#-1.4238#0.2401#0.0001#-0.0016#0.0832
73.00:16.4590#-1.3943#0.2401#-0.0000#-0.0016#0.0332
74.00:17.6241#-1.3559#0.2401#-0.0000#-0.0018#0.0332
75.00:18.1913#-1.3337#0.2401#-0.0000#-0.0017#0.0440
76.00:18.1912#-1.3337#0.2401#-0.0000#-0.0016#0.0439
77.00:18.1912#-1.3337#0.2401#-0.0000#-0.0015#0.0438
78.00:18.1911#-1.3337#0.2401#-0.0000#-0.0014#0.0438
79.00:18.4193#-1.3250#0.2401#0.0000#-0.0019#0.0336
80.00:19.2774#-1.3001#0.2400#-0.0000#-0.0011#0.0350
81.00:19.3057#-1.3022#0.2401#-0.0001#-0.0015#-0.0258
82.00:19.3055#-1.3022#0.2401#-0.0001#-0.0017#-0.0263
83.00:19.3053#-1.3021#0.2401#-0.0001#-0.0021#-0.0265
84.00:19.3051#-1.3022#0.2401#-0.0001#-0.0021#-0.0265
85.00:19.3048#-1.3105#0.2401#-0.0005#-0.0021#-0.1859
86.00:19.4118#-1.3526#0.2401#-0.0005#-0.0014#-0.3280
87.00:19.4118#-1.3526#0.2401#-0.0006#-0.0015#-0.3278
88.00:19.4118#-1.3526#0.2401#-0.0005#-0.0014#-0.3278
89.00:19.4117#-1.3525#0.2401#-0.0005#-0.0013#-0.3279
90.00:19.4116#-1.3525#0.2401#-0.0005#-0.0013#-0.3279
91.00:19.4115#-1.3525#0.2401#-0.0005#-0.0013#-0.3278
92.00:19.4112#-1.3524#0.2401#-0.0006#-0.0017#-0.3279
93.00:19.4110#-1.3523#0.2401#-0.0007#-0.0019#-0.3280
94.00:19.4110#-1.3523#0.2401#-0.0005#-0.0013#-0.3280
95.00:19.4109#-1.3523#0.2401#-0.0005#-0.0014#-0.3279
96.00:19.4108#-1.3523#0.2401#-0.0005#-0.0013#-0.3279
97.00:19.4107#-1.3523#0.2401#-0.0005#-0.0013#-0.3280
98.00:19.4106#-1.3523#0.2401#-0.0005#-0.0014#-0.3281