
1.00:hum1:-0.2750#-0.5250#0.8025#-0.0000#0.0000#-0.0000
2.00:hum1:-0.2750#-0.5250#0.8025#-0.0000#0.0000#-0.0000
3.00:hum1:-0.2750#-0.5250#0.8025#-0.0000#0.0000#-0.0000
4.00:hum1:-0.2750#-0.5250#0.8025#-0.0000#0.0000#-0.0000
5.00:hum1:-0.2750#-0.5250#0.8025#-0.0000#0.0000#-0.0000
6.00:hum1:-0.3329#-0.5183#0.8161#0.0628#0.2948#-0.2127
7.00:hum1:1.0066#-0.7205#0.8069#-0.0083#-0.0818#-0.1015
8.00:hum1:2.0016#-0.8722#0.8044#-0.0007#-0.0071#-0.0924
9.00:hum1:2.9985#-1.0049#0.8048#0.0051#0.0580#-0.0874
10.00:hum1:3.9825#-1.1120#0.8067#0.0134#0.1555#-0.0857
11.00:hum1:5.2858#-1.2259#0.8273#-0.0286#-0.3402#-0.0851
12.00:hum1:6.5811#-1.3297#0.9141#-0.0772#-0.8759#-0.1000
13.00:hum1:7.8615#-1.4096#0.9413#-0.0802#-1.0025#-0.0947
14.00:hum1:8.9132#-1.4681#0.8262#-0.0100#-0.3286#-0.0307
15.00:hum1:9.8962#-1.5056#0.8116#0.0021#0.1946#-0.0106
16.00:hum1:11.0913#-1.5125#0.8267#-0.0136#0.3726#0.0377
17.00:hum1:11.4988#-2.0901#0.8281#0.3174#0.1955#-1.0364
18.00:hum1:12.0698#-2.9567#0.8215#0.2640#0.1755#-0.9970
19.00:hum1:12.6800#-3.7956#0.8171#0.2230#0.1554#-0.9716
20.00:hum1:13.3957#-4.2701#0.8153#0.1717#-0.1784#-2.3674
21.00:hum1:13.5476#-5.1817#0.8908#-0.5106#-0.5931#-0.7862
22.00:hum1:13.7210#-5.3074#0.9597#-0.8404#-0.7989#-0.9999
23.00:hum1:13.5639#-5.1935#0.8025#0.0000#0.0000#-0.6271
24.00:hum1:13.5639#-5.1935#0.8025#0.0000#0.0000#-0.6271
25.00:hum1:13.5639#-5.1935#0.8025#0.0000#0.0000#-0.6271
26.00:hum1:13.5639#-5.1935#0.8025#0.0000#0.0000#-0.6271
27.00:hum1:13.5639#-5.1935#0.8025#0.0000#0.0000#-0.6271
28.00:hum1:13.5639#-5.1935#0.8025#0.0000#0.0000#-0.6271
29.00:hum1:13.5639#-5.1935#0.8025#0.0000#0.0000#-0.6271
30.00:hum1:13.5639#-5.1935#0.8025#0.0000#0.0000#-0.6271
31.00:hum1:13.5639#-5.1935#0.8025#0.0000#0.0000#-0.6271
32.00:hum1:13.5639#-5.1935#0.8025#0.0000#0.0000#-0.6271