
1.00:hum1:-0.2750#-0.5250#0.8025#-0.0000#0.0000#-0.0000
2.00:hum1:-0.2750#-0.5250#0.8025#-0.0000#0.0000#-0.0000
3.00:hum1:-0.2750#-0.5250#0.8025#-0.0000#0.0000#-0.0000
4.00:hum1:-0.2750#-0.5250#0.8025#-0.0000#0.0000#-0.0000
5.00:hum1:-0.2750#-0.5250#0.8025#-0.0000#0.0000#-0.0000
6.00:hum1:-0.2750#-0.5250#0.8025#-0.0000#0.0000#-0.0000
7.00:hum1:0.2808#-0.6449#0.9141#-0.2392#-0.8538#-0.3125
8.00:hum1:1.2966#-0.7615#0.8908#-0.1112#-0.7554#-0.1611
9.00:hum1:2.3177#-0.8814#0.8025#0.0000#0.0000#-0.1170
10.00:hum1:5.5224#-1.1645#0.9413#-0.0629#-1.0033#-0.0741
11.00:hum1:8.9559#-1.3714#0.8267#0.0059#0.3728#-0.0159
12.00:hum1:12.6971#-1.4280#0.9141#0.0281#-0.8781#0.0368
13.00:hum1:12.7758#-2.6317#0.8618#-0.5874#0.1036#-1.7245
14.00:hum1:14.2399#-4.0712#0.8115#0.0853#-0.1379#0.5567
15.00:hum1:16.6820#-2.5714#0.8025#-0.0000#0.0000#0.5508
16.00:hum1:16.6820#-2.5714#0.8025#-0.0000#0.0000#0.5508
17.00:hum1:16.8865#-2.4458#0.8025#-0.0000#0.0000#0.5508
18.00:hum1:17.0215#-2.3629#0.8025#-0.0000#0.0000#0.5508
19.00:hum1:18.3519#-1.3596#0.8262#0.3088#-0.1148#1.2263
20.00:hum1:18.7972#1.9278#0.8721#0.6573#-0.0120#1.5556
21.00:hum1:18.8393#4.1162#0.8244#-0.3636#0.0070#1.5528
22.00:hum1:18.8393#4.1162#0.8244#-0.3636#0.0070#1.5528
23.00:hum1:18.8447#4.3950#0.8044#0.0072#-0.0001#1.5515
24.00:hum1:18.3750#4.6735#0.4025#0.0000#0.0000#-1.5700
25.00:hum1:18.3750#4.6735#0.4025#0.0000#0.0000#-1.5700
26.00:hum1:18.3750#4.6735#0.4025#0.0000#0.0000#-1.5700
27.00:hum1:18.3750#4.6735#0.4025#0.0000#0.0000#-1.5700
28.00:hum1:18.3750#4.6735#0.4025#0.0000#0.0000#-1.5700
29.00:hum1:18.3750#4.6735#0.4025#0.0000#0.0000#-1.5700
30.00:hum1:18.3750#4.6735#0.4025#0.0000#0.0000#-1.5700
31.00:hum1:18.3750#4.6735#0.4025#0.0000#0.0000#-1.5700
32.00:hum1:18.3750#4.6735#0.4025#0.0000#0.0000#-1.5700
33.00:hum1:18.3750#4.6735#0.4025#0.0000#0.0000#-1.5700
34.00:hum1:18.3750#4.6735#0.4025#0.0000#0.0000#-1.5700
35.00:hum1:18.3750#4.6735#0.4025#0.0000#0.0000#-1.5700
36.00:hum1:18.3750#4.6735#0.4025#0.0000#0.0000#-1.5700
37.00:hum1:18.3750#4.6735#0.4025#0.0000#0.0000#-1.5700
38.00:hum1:18.3750#4.6735#0.4025#0.0000#0.0000#-1.5700
39.00:hum1:18.3750#4.6735#0.4025#0.0000#0.0000#-1.5700
40.00:hum1:18.3750#4.6735#0.4025#0.0000#0.0000#-1.5700
41.00:hum1:18.3750#4.6735#0.4025#0.0000#0.0000#-1.5700
42.00:hum1:18.3750#4.6735#0.4025#0.0000#0.0000#-1.5700
43.00:hum1:18.3750#4.6735#0.4025#0.0000#0.0000#-1.5700
44.00:hum1:18.3752#3.8927#0.8763#-0.6822#-0.0003#-1.5701
45.00:hum1:18.2202#2.6493#0.9413#-1.0039#0.0477#-1.6008
46.00:hum1:18.0202#0.0331#0.9598#-1.0831#0.1235#-1.6357
47.00:hum1:16.1702#-1.9764#0.8025#0.0000#-0.0000#-2.1701
48.00:hum1:14.9986#-3.7481#0.8081#0.1090#-0.0672#-2.1207
49.00:hum1:14.5886#-4.5927#0.8116#0.1538#-0.1197#-2.2267
50.00:hum1:14.3169#-4.9394#0.8044#-0.0057#0.0044#-2.2354
51.00:hum1:14.3001#-4.9607#0.8025#0.0000#-0.0000#-2.2354
52.00:hum1:14.3001#-4.9607#0.8025#0.0000#-0.0000#-2.2354
53.00:hum1:14.3001#-4.9607#0.8025#0.0000#-0.0000#-2.2354
54.00:hum1:14.3001#-4.9607#0.8025#0.0000#-0.0000#-2.2354
55.00:hum1:14.3001#-4.9607#0.8025#0.0000#-0.0000#-2.2354
56.00:hum1:14.3001#-4.9607#0.8025#0.0000#-0.0000#-2.2354
57.00:hum1:14.3001#-4.9607#0.8025#0.0000#-0.0000#-2.2354
58.00:hum1:14.3001#-4.9607#0.8025#0.0000#-0.0000#-2.2354
59.00:hum1:14.3001#-4.9607#0.8025#0.0000#-0.0000#-2.2354
60.00:hum1:14.3001#-4.9607#0.8025#0.0000#-0.0000#-2.2354