
1.00:hum1:-6.4000#-1.4250#0.8025#-0.0000#0.0000#-0.0000
2.00:hum1:-6.4000#-1.4250#0.8025#-0.0000#0.0000#-0.0000
3.00:hum1:-6.4000#-1.4250#0.8025#-0.0000#0.0000#-0.0000
4.00:hum1:-6.4000#-1.4250#0.8025#-0.0000#0.0000#-0.0000
5.00:hum1:-6.4000#-1.4250#0.8025#-0.0000#0.0000#-0.0000
6.00:hum1:-6.4000#-1.4250#0.8025#-0.0000#0.0000#-0.0000
7.00:hum1:-6.4000#-1.4250#0.8025#-0.0000#0.0000#-0.0000
8.00:hum1:-6.4000#-1.4250#0.8025#-0.0000#0.0000#-0.0000
9.00:hum1:-6.4000#-1.4250#0.8025#-0.0000#0.0000#-0.0000
10.00:hum1:-6.4000#-1.4250#0.8025#-0.0000#0.0000#-0.0000
11.00:hum1:-6.4000#-1.4250#0.8025#-0.0000#0.0000#-0.0000
12.00:hum1:-6.4000#-1.4250#0.8025#-0.0000#0.0000#-0.0000
13.00:hum1:-6.4000#-1.4250#0.8025#-0.0000#0.0000#-0.0000
14.00:hum1:-5.8647#-1.3764#0.8763#0.0747#-0.6787#0.1189
15.00:hum1:-4.5499#-1.2545#0.9597#0.1734#-1.0788#0.1966
16.00:hum1:-4.4864#-1.2485#0.8374#0.0418#-0.4241#0.1015
17.00:hum1:-4.4971#-1.2495#0.8168#0.0211#-0.2246#0.0949
18.00:hum1:-3.4222#-1.1498#0.9191#0.1159#-0.8962#0.1483
19.00:hum1:-2.4029#-1.0552#0.8168#0.0211#-0.2246#0.0949
20.00:hum1:-1.4086#-0.9629#0.8153#-0.0232#0.2460#0.0954
21.00:hum1:-0.1965#-0.8504#0.8244#-0.0350#0.3620#0.0989
22.00:hum1:0.8069#-0.7573#0.8267#-0.0360#0.3712#0.0993
23.00:hum1:1.8146#-0.6638#0.8281#-0.0358#0.3694#0.0992
24.00:hum1:2.8403#-0.5686#0.8215#-0.0301#0.3144#0.0973
25.00:hum1:3.8688#-0.4732#0.8171#-0.0256#0.2698#0.0960
26.00:hum1:4.8740#-0.3799#0.8153#-0.0232#0.2460#0.0954
27.00:hum1:6.0861#-0.2674#0.8244#-0.0350#0.3620#0.0989
28.00:hum1:7.4146#-0.1442#0.8048#-0.0054#0.0580#0.0927
29.00:hum1:7.2550#-0.0369#0.8466#-0.2973#0.4013#-2.4760
30.00:hum1:6.9849#-1.4169#0.9377#-0.9840#-0.1202#-1.4909
31.00:hum1:7.1627#-2.6404#0.9191#-0.8965#-0.1128#-1.4807
32.00:hum1:7.1687#-2.6809#0.8267#0.3693#0.0523#-1.4363
33.00:hum1:7.1794#-2.7547#0.8204#0.3292#0.0468#-1.4343
34.00:hum1:7.5827#-3.0950#0.8120#-0.1766#0.2054#0.7191
35.00:hum1:8.2245#-3.0019#0.8281#-0.0382#0.3691#0.1058
36.00:hum1:9.5147#-2.8333#0.8120#-0.0387#0.2673#0.1458
37.00:hum1:10.8095#-2.6500#0.8115#0.0229#-0.1604#0.1425
38.00:hum1:12.1079#-2.4662#0.8908#0.1327#-0.7526#0.1932
39.00:hum1:13.3903#-2.2847#0.9484#0.2324#-1.0206#0.2712
40.00:hum1:14.4023#-2.1414#0.9597#0.2601#-1.0684#0.2951
41.00:hum1:14.4838#-2.1298#0.8281#-0.0544#0.3672#0.1507
42.00:hum1:14.4838#-2.1298#0.8281#-0.0544#0.3672#0.1507
43.00:hum1:14.4838#-2.1298#0.8281#-0.0544#0.3672#0.1507
44.00:hum1:14.4838#-2.1298#0.8281#-0.0544#0.3672#0.1507
45.00:hum1:14.4838#-2.1298#0.8281#-0.0544#0.3672#0.1507
46.00:hum1:14.4838#-2.1298#0.8281#-0.0544#0.3672#0.1507
47.00:hum1:14.4838#-2.1298#0.8281#-0.0544#0.3672#0.1507
48.00:hum1:14.4838#-2.1298#0.8281#-0.0544#0.3672#0.1507
49.00:hum1:14.7858#-1.1826#0.8204#-0.3281#-0.0543#1.7293
50.00:hum1:14.7223#-1.3517#0.8044#-0.0006#-0.0072#-0.0779
51.00:hum1:15.9567#-1.5321#0.8618#-0.1658#-0.5745#-0.2983
52.00:hum1:17.2290#-1.6801#0.9598#-0.1608#-1.0803#-0.1814
53.00:hum1:18.4115#-1.7111#0.8721#-0.0197#-0.6571#-0.0320
54.00:hum1:18.8946#-1.7292#0.8102#-0.0065#-0.1102#-0.0591
55.00:hum1:18.9190#-1.7306#0.8215#0.0193#0.3153#-0.0618