
1.00:hum1:-0.2750#-0.5250#0.8025#-0.0000#0.0000#-0.0000
2.00:hum1:-0.2750#-0.5250#0.8025#-0.0000#0.0000#-0.0000
3.00:hum1:-0.2750#-0.5250#0.8025#-0.0000#0.0000#-0.0000
4.00:hum1:-0.2750#-0.5250#0.8025#-0.0000#0.0000#-0.0000
5.00:hum1:-0.2750#-0.5250#0.8025#-0.0000#0.0000#-0.0000
6.00:hum1:-0.2750#-0.5250#0.8025#-0.0000#0.0000#-0.0000
7.00:hum1:-0.2750#-0.5250#0.8025#-0.0000#0.0000#-0.0000
8.00:hum1:-0.2750#-0.5250#0.8025#-0.0000#0.0000#-0.0000
9.00:hum1:-0.2750#-0.5250#0.8025#-0.0000#0.0000#-0.0000
10.00:hum1:-0.2750#-0.5250#0.8025#-0.0000#0.0000#-0.0000
11.00:hum1:-0.0699#-0.6157#0.8115#-0.0559#-0.1521#-0.3534
12.00:hum1:1.2256#-0.9859#0.8908#-0.1844#-0.7437#-0.2685
13.00:hum1:2.5094#-1.2302#0.9484#-0.2423#-1.0191#-0.2821
14.00:hum1:3.5892#-1.3955#0.8374#-0.0528#-0.4229#-0.1276
15.00:hum1:4.5678#-1.5099#0.8081#0.0146#0.1272#-0.1142
16.00:hum1:4.8934#-1.5530#0.8120#0.0267#0.2687#-0.0999
17.00:hum1:5.7427#-1.5691#0.8281#-0.0220#0.3704#0.0611
18.00:hum1:7.0375#-1.4892#0.8120#-0.0233#0.2690#0.0878
19.00:hum1:8.0273#-1.4076#0.8161#-0.0296#0.2998#0.1001
20.00:hum1:8.9371#-1.3269#0.8267#-0.0393#0.3708#0.1083
21.00:hum1:9.9041#-1.2290#0.8171#-0.0279#0.2696#0.1047
22.00:hum1:10.9454#-1.1367#0.8102#0.0125#-0.1097#0.1138
23.00:hum1:10.9454#-1.1367#0.8102#0.0125#-0.1097#0.1138
24.00:hum1:11.9724#-1.2867#0.8721#-0.0655#-0.6546#-0.1070
25.00:hum1:12.9761#-1.4012#0.8102#-0.0113#-0.1098#-0.1022
26.00:hum1:13.2432#-1.4285#0.8025#0.0000#0.0000#-0.1016
27.00:hum1:13.2432#-1.4285#0.8025#0.0000#0.0000#-0.1016
28.00:hum1:13.2432#-1.4285#0.8025#0.0000#0.0000#-0.1016
29.00:hum1:13.2432#-1.4285#0.8025#0.0000#0.0000#-0.1016
30.00:hum1:13.2432#-1.4285#0.8025#0.0000#0.0000#-0.1016
31.00:hum1:13.2432#-1.4285#0.8025#0.0000#0.0000#-0.1016
32.00:hum1:13.2432#-1.4285#0.8025#0.0000#0.0000#-0.1016
33.00:hum1:13.2432#-1.4285#0.8025#0.0000#0.0000#-0.1016
34.00:hum1:14.2798#-1.4146#0.8161#-0.0045#0.3012#0.0156
35.00:hum1:15.6106#-1.3947#0.8069#0.0012#-0.0822#0.0150
36.00:hum1:16.9047#-1.3754#0.8763#0.0119#-0.6821#0.0192
37.00:hum1:18.2161#-0.8527#0.9597#0.9709#-0.6018#1.2017
38.00:hum1:18.4985#0.3481#0.8496#0.5062#-0.1046#1.3849
39.00:hum1:18.6822#1.3736#0.8071#-0.0080#0.0004#1.5198
40.00:hum1:18.7379#2.4679#0.8215#-0.3154#0.0159#1.5223
41.00:hum1:18.8017#3.7179#0.8161#-0.3008#0.0152#1.5221
42.00:hum1:18.8136#3.9509#0.8044#0.0072#-0.0004#1.5198
43.00:hum1:18.3750#4.6735#0.4025#0.0000#0.0000#-1.5700
44.00:hum1:18.3750#4.6735#0.4025#0.0000#0.0000#-1.5700
45.00:hum1:18.3750#4.6735#0.4025#0.0000#0.0000#-1.5700
46.00:hum1:18.3750#4.6735#0.4025#0.0000#0.0000#-1.5700
47.00:hum1:18.3750#4.6735#0.4025#0.0000#0.0000#-1.5700
48.00:hum1:18.3750#4.6735#0.4025#0.0000#0.0000#-1.5700
49.00:hum1:18.3750#4.6735#0.4025#0.0000#0.0000#-1.5700
50.00:hum1:18.3750#4.6735#0.4025#0.0000#0.0000#-1.5700
51.00:hum1:18.3750#4.6735#0.4025#0.0000#0.0000#-1.5700
52.00:hum1:18.3750#4.6735#0.4025#0.0000#0.0000#-1.5700
53.00:hum1:18.3750#4.6735#0.4025#0.0000#0.0000#-1.5700
54.00:hum1:18.3750#4.6735#0.4025#0.0000#0.0000#-1.5700
55.00:hum1:18.3750#4.6735#0.4025#0.0000#0.0000#-1.5700
56.00:hum1:18.3750#4.6735#0.4025#0.0000#0.0000#-1.5700
57.00:hum1:18.3750#4.6735#0.4025#0.0000#0.0000#-1.5700
58.00:hum1:18.3750#4.6735#0.4025#0.0000#0.0000#-1.5700
59.00:hum1:18.3750#4.6735#0.4025#0.0000#0.0000#-1.5700
60.00:hum1:18.3750#4.6735#0.4025#0.0000#0.0000#-1.5700
61.00:hum1:18.3750#4.6735#0.4025#0.0000#0.0000#-1.5700
62.00:hum1:18.3750#4.6735#0.4025#0.0000#0.0000#-1.5700
63.00:hum1:18.3017#3.5504#0.8267#0.3712#-0.0350#-1.6602
64.00:hum1:18.1757#2.2354#0.8067#0.1556#-0.0118#-1.6453
65.00:hum1:18.0656#0.9352#0.8273#-0.3403#0.0283#-1.6503
66.00:hum1:17.7527#-0.0332#0.9141#-0.6525#0.6377#-2.2324
67.00:hum1:16.8375#-0.9950#0.9413#-0.9217#0.4791#-1.9069
68.00:hum1:16.6860#-1.2278#0.8025#0.0000#-0.0000#-2.1481
69.00:hum1:16.1161#-2.0846#0.8120#0.2265#-0.1482#-2.1404
70.00:hum1:15.5244#-3.2140#0.8115#-0.1346#0.0904#-2.1587
71.00:hum1:14.9326#-4.0913#0.8025#0.0000#-0.0000#-2.1637
72.00:hum1:14.9326#-4.0913#0.8025#0.0000#-0.0000#-2.1637