
1.00:hum1:3.8000#2.2500#0.8025#-0.0000#-0.0000#-1.5708
2.00:hum1:3.8000#2.2500#0.8025#-0.0000#-0.0000#-1.5708
3.00:hum1:3.8000#2.2500#0.8025#-0.0000#-0.0000#-1.5708
4.00:hum1:3.8000#2.2500#0.8025#-0.0000#-0.0000#-1.5708
5.00:hum1:3.8000#2.2500#0.8025#-0.0000#-0.0000#-1.5708
6.00:hum1:3.8000#2.2500#0.8025#-0.0000#-0.0000#-1.5708
7.00:hum1:3.8000#2.2500#0.8025#-0.0000#-0.0000#-1.5708
8.00:hum1:3.8000#2.2500#0.8025#-0.0000#-0.0000#-1.5708
9.00:hum1:3.8000#2.2500#0.8025#-0.0000#-0.0000#-1.5708
10.00:hum1:3.8000#2.2500#0.8025#-0.0000#-0.0000#-1.5708
11.00:hum1:5.5475#1.4597#0.8025#0.0000#0.0000#-0.3187
12.00:hum1:5.6283#1.4198#0.8025#0.0000#0.0000#-0.4387
13.00:hum1:6.1891#1.1570#0.8025#0.0000#0.0000#-0.4382
14.00:hum1:6.4100#1.0564#0.8025#0.0000#0.0000#-0.4272
15.00:hum1:6.9131#0.8301#0.8069#-0.0338#-0.0749#-0.4240
16.00:hum1:10.2079#-0.2574#0.8496#-0.1442#-0.4972#-0.2952
17.00:hum1:13.2862#-1.0876#0.8161#0.0684#0.2936#-0.2323
18.00:hum1:13.8448#1.7429#0.9597#1.0802#0.1574#1.6547
19.00:hum1:14.6652#4.0862#0.9141#0.7968#-0.4196#1.1922
20.00:hum1:16.1163#6.4143#0.8025#-0.0000#0.0000#1.0134
21.00:hum1:16.1163#6.4143#0.8025#-0.0000#0.0000#1.0134
22.00:hum1:16.1163#6.4143#0.8025#-0.0000#0.0000#1.0134
23.00:hum1:16.1163#6.4143#0.8025#-0.0000#0.0000#1.0134
24.00:hum1:16.1163#6.4143#0.8025#-0.0000#0.0000#1.0134
25.00:hum1:16.1163#6.4143#0.8025#-0.0000#0.0000#1.0134
26.00:hum1:16.1163#6.4143#0.8025#-0.0000#0.0000#1.0134
27.00:hum1:16.1163#6.4143#0.8025#-0.0000#0.0000#1.0134
28.00:hum1:15.7522#5.7406#0.8168#-0.2253#-0.0109#-1.5232
29.00:hum1:15.7715#4.7942#0.8153#0.2449#-0.0325#-1.6997
30.00:hum1:15.6337#3.5685#0.8244#0.3629#-0.0232#-1.6315
31.00:hum1:15.7679#2.1376#0.8048#0.0460#0.0357#-0.9111
32.00:hum1:16.1544#1.6401#0.8025#0.0000#0.0000#-0.9103
33.00:hum1:16.1790#1.6085#0.8025#0.0000#0.0000#-0.9103
34.00:hum1:16.2536#1.5125#0.8025#0.0000#0.0000#-0.9103
35.00:hum1:16.3478#1.3912#0.8025#0.0000#0.0000#-0.9103
36.00:hum1:16.4313#1.2838#0.8025#0.0000#0.0000#-0.9103
37.00:hum1:16.4578#1.2497#0.8025#0.0000#0.0000#-0.9103
38.00:hum1:16.5069#1.1865#0.8025#0.0000#0.0000#-0.9103
39.00:hum1:16.5373#1.1473#0.8025#0.0000#0.0000#-0.9103
40.00:hum1:16.6374#1.0185#0.8025#0.0000#0.0000#-0.9103
41.00:hum1:16.6865#0.9553#0.8025#0.0000#0.0000#-0.9103
42.00:hum1:16.7312#0.8978#0.8025#0.0000#0.0000#-0.9103
43.00:hum1:16.8055#0.8022#0.8102#-0.0873#-0.0676#-0.9132
44.00:hum1:17.4543#-0.0328#0.8171#0.2160#0.1649#-0.9282
45.00:hum1:18.4433#0.1372#0.8204#-0.3251#0.0708#1.3643
46.00:hum1:18.7352#1.4545#0.8044#0.0070#-0.0016#1.3527
47.00:hum1:19.0153#2.7187#0.8618#0.5843#-0.1218#1.3894
48.00:hum1:19.3014#4.0097#0.9598#1.0772#-0.1930#1.4683
49.00:hum1:18.3750#4.6735#0.4025#0.0000#0.0000#-1.5700
50.00:hum1:18.3750#4.6735#0.4025#0.0000#0.0000#-1.5700
51.00:hum1:18.3750#4.6735#0.4025#0.0000#0.0000#-1.5700
52.00:hum1:18.3750#4.6735#0.4025#0.0000#0.0000#-1.5700
53.00:hum1:18.3750#4.6735#0.4025#0.0000#0.0000#-1.5700
54.00:hum1:18.3750#4.6735#0.4025#0.0000#0.0000#-1.5700
55.00:hum1:18.3750#4.6735#0.4025#0.0000#0.0000#-1.5700
56.00:hum1:18.3750#4.6735#0.4025#0.0000#0.0000#-1.5700
57.00:hum1:18.3750#4.6735#0.4025#0.0000#0.0000#-1.5700
58.00:hum1:18.3750#4.6735#0.4025#0.0000#0.0000#-1.5700
59.00:hum1:18.3750#4.6735#0.4025#0.0000#0.0000#-1.5700
60.00:hum1:18.3750#4.6735#0.4025#0.0000#0.0000#-1.5700
61.00:hum1:18.2816#3.4260#0.8069#-0.0818#0.0075#-1.6618
62.00:hum1:18.1411#2.1347#0.8763#-0.6811#0.0418#-1.6220
63.00:hum1:18.0283#0.8247#0.9597#-1.0853#0.0741#-1.6095
64.00:hum1:17.6229#0.0277#0.8496#-0.3854#0.3521#-2.2751
65.00:hum1:17.2275#-0.3179#0.8025#0.0000#-0.0000#-2.2818
66.00:hum1:16.9177#-0.4150#0.8071#0.0020#-0.0078#-2.8838
67.00:hum1:16.1208#-0.6701#0.8215#0.0287#-0.3146#-3.0487
68.00:hum1:14.9117#-0.7230#0.8161#-0.0170#-0.3008#3.0844
69.00:hum1:13.5679#-0.6806#0.8069#-0.0003#0.0822#-3.1375
70.00:hum1:12.2746#-0.6776#0.8763#-0.0059#0.6822#-3.1318
71.00:hum1:10.9498#-0.6815#0.9597#-0.0569#1.0859#-3.0769
72.00:hum1:9.8284#-0.6896#0.8496#-0.0321#0.5151#-3.0761
73.00:hum1:8.8236#-0.7372#0.8071#0.0006#-0.0080#-3.0714
74.00:hum1:7.7258#-0.8190#0.8215#0.0298#-0.3145#-3.0452
75.00:hum1:6.4718#-0.9435#0.8161#0.0401#-0.2986#-3.0057
76.00:hum1:5.1634#-1.0817#0.8025#0.0000#-0.0000#-3.0849
77.00:hum1:5.1634#-1.0817#0.8025#0.0000#-0.0000#-3.0849
78.00:hum1:5.1634#-1.0817#0.8025#0.0000#-0.0000#-3.0849
79.00:hum1:5.1634#-1.0817#0.8025#0.0000#-0.0000#-3.0849
80.00:hum1:5.1634#-1.0817#0.8025#0.0000#-0.0000#-3.0849
81.00:hum1:5.1634#-1.0817#0.8025#0.0000#-0.0000#-3.0849
82.00:hum1:5.1634#-1.0817#0.8025#0.0000#-0.0000#-3.0849
83.00:hum1:5.1634#-1.0817#0.8025#0.0000#-0.0000#-3.0849
84.00:hum1:5.1634#-1.0817#0.8025#0.0000#-0.0000#-3.0849
85.00:hum1:5.1634#-1.0817#0.8025#0.0000#-0.0000#-3.0849
86.00:hum1:5.1634#-1.0817#0.8025#0.0000#-0.0000#-3.0849
87.00:hum1:5.1634#-1.0817#0.8025#0.0000#-0.0000#-3.0849
88.00:hum1:4.9235#-1.0413#0.8908#0.1379#0.7519#2.9415
89.00:hum1:3.6111#-0.9214#0.9484#0.0834#1.0349#3.0450
90.00:hum1:2.5223#-0.8449#0.8374#0.0097#0.4259#3.1185
91.00:hum1:1.5374#-0.7766#0.8081#-0.0007#-0.1280#3.1364
92.00:hum1:0.4371#-0.7149#0.8281#-0.0530#-0.3674#2.9952
93.00:hum1:-0.8418#-0.5391#0.8120#-0.0377#-0.2674#3.0000
94.00:hum1:-2.1373#-0.3611#0.8115#0.0223#0.1605#3.0033