
2.00:-4.1099#-1.2873#0.2401#-0.0001#-0.0024#-0.0002
3.00:-4.1101#-1.2873#0.2401#-0.0001#-0.0025#-0.0002
4.00:-4.1102#-1.2874#0.2401#-0.0001#-0.0025#-0.0002
5.00:-4.1103#-1.2874#0.2401#-0.0001#-0.0025#-0.0003
6.00:-4.1104#-1.2874#0.2401#-0.0001#-0.0026#-0.0003
7.00:-4.1105#-1.2874#0.2401#-0.0001#-0.0026#-0.0003
8.00:-4.1106#-1.2874#0.2401#-0.0001#-0.0024#-0.0004
9.00:-4.1108#-1.2874#0.2401#-0.0001#-0.0024#-0.0006
10.00:-4.1108#-1.2874#0.2401#-0.0001#-0.0021#-0.0007
11.00:-4.1109#-1.2874#0.2401#-0.0001#-0.0022#-0.0007
12.00:-3.8772#-1.2867#0.2402#-0.0000#-0.0030#0.0344
13.00:-3.2213#-0.9230#0.2401#0.0014#-0.0010#0.9723
14.00:-3.2044#-0.9207#0.2401#0.0013#-0.0017#0.7023
15.00:-3.1960#-0.9337#0.2401#0.0008#-0.0022#0.3918
16.00:-3.1911#-0.9480#0.2401#0.0001#-0.0022#0.0878
17.00:-3.1146#-0.9744#0.2401#-0.0005#-0.0021#-0.1802
18.00:-2.0995#-1.1461#0.2401#-0.0003#-0.0016#-0.1653
19.00:-0.9495#-1.3379#0.2401#-0.0003#-0.0014#-0.1653
20.00:-0.0654#-1.4838#0.2400#-0.0002#-0.0011#-0.1572
21.00:0.0554#-1.4792#0.2401#0.0001#-0.0024#0.0663
22.00:0.9740#-1.3841#0.2401#0.0001#-0.0018#0.1029
23.00:2.1336#-1.2644#0.2401#0.0001#-0.0017#0.1028
24.00:3.2933#-1.1447#0.2401#0.0001#-0.0017#0.1029
25.00:4.3644#-1.0348#0.2400#0.0000#-0.0011#0.1066
26.00:4.5065#-1.0280#0.2401#-0.0002#-0.0018#-0.0475
27.00:4.8478#-1.1134#0.2401#-0.0005#-0.0019#-0.2287
28.00:5.8322#-1.3455#0.2400#-0.0003#-0.0011#-0.2261
29.00:5.9783#-1.3609#0.2401#-0.0001#-0.0020#-0.0227
30.00:6.6489#-1.3280#0.2400#-0.0000#-0.0014#0.0371
31.00:7.8140#-1.2849#0.2401#-0.0001#-0.0014#0.0370
32.00:8.9791#-1.2420#0.2401#-0.0000#-0.0015#0.0369
33.00:10.1440#-1.1992#0.2401#-0.0000#-0.0020#0.0366
34.00:11.3131#-1.1564#0.2401#-0.0000#-0.0015#0.0368
35.00:12.4782#-1.1131#0.2401#-0.0001#-0.0014#0.0373
36.00:13.6434#-1.0697#0.2401#-0.0000#-0.0014#0.0374
37.00:14.0996#-1.0541#0.2401#-0.0001#-0.0017#-0.0113
38.00:14.0986#-1.0669#0.2401#-0.0007#-0.0021#-0.2718
39.00:14.0935#-1.0804#0.2401#-0.0013#-0.0018#-0.5614
40.00:14.0843#-1.0914#0.2401#-0.0017#-0.0014#-0.8525
41.00:14.0732#-1.1005#0.2401#-0.0021#-0.0008#-1.1438
42.00:14.0820#-1.2085#0.2401#-0.0018#-0.0002#-1.3899
43.00:14.2743#-2.2469#0.2400#-0.0013#-0.0002#-1.3882
44.00:14.4854#-3.3892#0.2400#-0.0010#-0.0001#-1.3875
45.00:14.5491#-3.7378#0.2401#-0.0019#-0.0001#-1.4465
46.00:14.5434#-3.7383#0.2401#-0.0022#0.0001#-1.5642
47.00:14.5434#-3.7381#0.2401#-0.0022#0.0001#-1.5642
48.00:14.5434#-3.7380#0.2401#-0.0022#0.0001#-1.5642
49.00:14.5434#-3.7378#0.2401#-0.0022#0.0001#-1.5641
50.00:14.5434#-3.7376#0.2401#-0.0022#0.0001#-1.5643
51.00:14.5434#-3.7374#0.2401#-0.0022#0.0001#-1.5643
52.00:14.5434#-3.7373#0.2401#-0.0022#0.0001#-1.5643
53.00:14.5434#-3.7371#0.2401#-0.0022#0.0001#-1.5644
54.00:14.5434#-3.7369#0.2401#-0.0022#0.0001#-1.5644
55.00:14.5434#-3.7367#0.2401#-0.0022#0.0001#-1.5644
56.00:14.5434#-3.7365#0.2401#-0.0022#0.0001#-1.5645
57.00:14.5434#-3.7364#0.2401#-0.0022#0.0001#-1.5646
58.00:14.5434#-3.7362#0.2401#-0.0022#0.0001#-1.5647
59.00:14.5434#-3.7360#0.2401#-0.0022#0.0001#-1.5648
60.00:14.5434#-3.7358#0.2401#-0.0022#0.0001#-1.5649
61.00:14.5434#-3.7356#0.2401#-0.0022#0.0001#-1.5650
62.00:14.5434#-3.7354#0.2401#-0.0022#0.0001#-1.5650
63.00:14.5434#-3.7353#0.2401#-0.0022#0.0001#-1.5650
64.00:14.5434#-3.7351#0.2401#-0.0022#0.0001#-1.5651
65.00:14.5434#-3.7349#0.2401#-0.0022#0.0001#-1.5651
66.00:14.5434#-3.7347#0.2401#-0.0022#0.0001#-1.5652
67.00:14.5434#-3.7345#0.2401#-0.0022#0.0001#-1.5653
68.00:14.5434#-3.7343#0.2401#-0.0022#0.0001#-1.5652
69.00:14.5434#-3.7342#0.2401#-0.0022#0.0001#-1.5652
70.00:14.5434#-3.7340#0.2401#-0.0022#0.0001#-1.5653
71.00:14.5536#-4.1922#0.2400#-0.0017#-0.0000#-1.5134
72.00:14.6252#-5.3563#0.2400#-0.0012#-0.0000#-1.5092
73.00:14.6974#-6.5202#0.2400#-0.0012#-0.0000#-1.5086
74.00:14.7318#-6.9796#0.2401#-0.0015#-0.0001#-1.4690
75.00:14.7318#-6.9795#0.2401#-0.0015#-0.0001#-1.4690