
1.00:hum1:-0.2750#-0.5250#0.8025#-0.0000#0.0000#-0.0000
2.00:hum1:-0.2750#-0.5250#0.8025#-0.0000#0.0000#-0.0000
3.00:hum1:-0.2750#-0.5250#0.8025#-0.0000#0.0000#-0.0000
4.00:hum1:-0.2750#-0.5250#0.8025#-0.0000#0.0000#-0.0000
5.00:hum1:-0.2750#-0.5250#0.8025#-0.0000#0.0000#-0.0000
6.00:hum1:-0.2750#-0.5250#0.8025#-0.0000#0.0000#-0.0000
7.00:hum1:0.5304#-0.6722#0.8262#-0.0345#-0.3270#-0.1068
8.00:hum1:1.5732#-0.7994#0.8374#-0.0504#-0.4232#-0.1219
9.00:hum1:2.6200#-0.9220#0.8496#-0.0581#-0.5130#-0.1176
10.00:hum1:3.6748#-1.0411#0.8721#-0.0710#-0.6541#-0.1160
11.00:hum1:4.6268#-1.1288#0.8102#-0.0356#-0.1045#-0.3288
12.00:hum1:5.7513#-1.2323#0.8171#0.0101#0.2708#-0.0375
13.00:hum1:6.9454#-1.3352#0.8204#0.0203#0.3318#-0.0619
14.00:hum1:8.2945#-1.4325#0.8044#-0.0003#-0.0072#-0.0386
15.00:hum1:9.5917#-1.5005#0.8618#-0.0108#-0.5953#-0.0189
16.00:hum1:10.6046#-1.5332#0.8466#0.0054#-0.4946#0.0116
17.00:hum1:11.6109#-1.5311#0.8273#0.0127#-0.3412#0.0383
18.00:hum1:12.2699#-1.4073#0.8115#-0.1571#-0.0396#-1.3258
19.00:hum1:12.5919#-2.6785#0.8908#-0.7465#-0.1701#-1.3895
20.00:hum1:16.1030#-1.9474#0.8466#0.1233#-0.4802#0.2625
21.00:hum1:18.4625#-0.4780#0.8069#0.0812#-0.0128#1.4150
22.00:hum1:18.7809#2.7602#0.8067#-0.1559#0.0057#1.5350
23.00:hum1:18.8442#4.5033#0.9597#1.0865#-0.0323#1.5541
24.00:hum1:18.3750#4.6735#0.4025#0.0000#0.0000#-1.5700
25.00:hum1:18.3750#4.6735#0.4025#0.0000#0.0000#-1.5700
26.00:hum1:18.3750#4.6735#0.4025#0.0000#0.0000#-1.5700
27.00:hum1:18.3750#4.6735#0.4025#0.0000#0.0000#-1.5700
28.00:hum1:18.3750#4.6735#0.4025#0.0000#0.0000#-1.5700
29.00:hum1:18.3750#4.6735#0.4025#0.0000#0.0000#-1.5700
30.00:hum1:18.3750#4.6735#0.4025#0.0000#0.0000#-1.5700
31.00:hum1:18.3750#4.6735#0.4025#0.0000#0.0000#-1.5700
32.00:hum1:18.3750#4.6735#0.4025#0.0000#0.0000#-1.5700
33.00:hum1:18.3750#4.6735#0.4025#0.0000#0.0000#-1.5700
34.00:hum1:18.3750#4.6735#0.4025#0.0000#0.0000#-1.5700
35.00:hum1:18.3750#4.6735#0.4025#0.0000#0.0000#-1.5700
36.00:hum1:18.3750#4.6735#0.4025#0.0000#0.0000#-1.5700
37.00:hum1:18.3750#4.6735#0.4025#0.0000#0.0000#-1.5700
38.00:hum1:18.3750#4.6735#0.4025#0.0000#0.0000#-1.5700
39.00:hum1:18.3750#4.6735#0.4025#0.0000#0.0000#-1.5700
40.00:hum1:18.3750#4.6735#0.4025#0.0000#0.0000#-1.5700
41.00:hum1:18.3750#4.6735#0.4025#0.0000#0.0000#-1.5700
42.00:hum1:18.3750#4.6735#0.4025#0.0000#0.0000#-1.5700
43.00:hum1:18.3750#4.6735#0.4025#0.0000#0.0000#-1.5700
44.00:hum1:18.3750#4.6735#0.4025#0.0000#0.0000#-1.5700
45.00:hum1:18.3751#3.9765#0.8374#-0.4260#-0.0002#-1.5700
46.00:hum1:18.1506#1.1718#0.9141#-0.8783#0.0133#-1.5815
47.00:hum1:16.6944#-1.2323#0.8618#-0.5082#0.3248#-2.0908
48.00:hum1:15.1066#-3.5681#0.8115#-0.1382#0.0848#-2.1174
49.00:hum1:14.4547#-4.9007#0.8281#0.2545#-0.2730#-2.3737
50.00:hum1:14.3163#-5.0251#0.8025#0.0000#-0.0000#-2.4088
51.00:hum1:14.0013#-5.3097#0.8466#-0.3468#0.3600#-2.3430
52.00:hum1:14.0702#-5.2475#0.8025#0.0000#-0.0000#-2.4068
53.00:hum1:14.0702#-5.2475#0.8025#0.0000#-0.0000#-2.4068
54.00:hum1:14.0702#-5.2475#0.8025#0.0000#-0.0000#-2.4068
55.00:hum1:14.0702#-5.2475#0.8025#0.0000#-0.0000#-2.4068
56.00:hum1:14.0702#-5.2475#0.8025#0.0000#-0.0000#-2.4068
57.00:hum1:14.0702#-5.2475#0.8025#0.0000#-0.0000#-2.4068
58.00:hum1:14.0702#-5.2475#0.8025#0.0000#-0.0000#-2.4068
59.00:hum1:14.0702#-5.2475#0.8025#0.0000#-0.0000#-2.4068
60.00:hum1:14.0702#-5.2475#0.8025#0.0000#-0.0000#-2.4068
61.00:hum1:14.0702#-5.2475#0.8025#0.0000#-0.0000#-2.4068
62.00:hum1:14.0702#-5.2475#0.8025#0.0000#-0.0000#-2.4068
63.00:hum1:14.0702#-5.2475#0.8025#0.0000#-0.0000#-2.4068
64.00:hum1:14.0702#-5.2475#0.8025#0.0000#-0.0000#-2.4068