
1.00:0.2653#-1.1873#0.2401#-0.0001#-0.0023#-0.0001
2.00:0.2653#-1.1874#0.2401#-0.0001#-0.0023#-0.0001
3.00:0.2652#-1.1874#0.2401#-0.0001#-0.0021#-0.0001
4.00:0.2651#-1.1874#0.2401#-0.0001#-0.0022#-0.0001
5.00:0.2650#-1.1874#0.2401#-0.0001#-0.0022#-0.0001
6.00:0.2650#-1.1874#0.2401#-0.0001#-0.0020#-0.0002
7.00:0.2649#-1.1874#0.2401#-0.0001#-0.0021#-0.0002
8.00:0.2726#-1.1875#0.2401#-0.0001#-0.0033#-0.0008
9.00:0.8781#-1.0044#0.2401#0.0019#-0.0024#0.6667
10.00:1.0230#-0.8499#0.2401#0.0018#-0.0017#0.8593
11.00:1.0631#-0.8320#0.2401#0.0011#-0.0019#0.5543
12.00:1.1067#-0.8271#0.2401#0.0004#-0.0022#0.2493
13.00:1.1495#-0.8350#0.2401#-0.0002#-0.0023#-0.0536
14.00:1.7359#-0.9238#0.2401#-0.0003#-0.0017#-0.1409
15.00:2.8903#-1.0872#0.2400#-0.0003#-0.0016#-0.1404
16.00:4.0447#-1.2497#0.2400#-0.0003#-0.0017#-0.1395
17.00:4.8294#-1.6384#0.2400#-0.0016#-0.0001#-1.3213
18.00:4.5317#-1.7882#0.2400#0.0007#0.0015#2.7320
19.00:4.4491#-1.7428#0.2401#0.0008#0.0019#2.7393
20.00:4.4078#-1.7244#0.2400#0.0008#0.0015#2.6795
21.00:4.3805#-1.6910#0.2401#0.0016#0.0015#2.3870
22.00:4.3634#-1.6508#0.2401#0.0020#0.0010#2.0951
23.00:4.3597#-1.6074#0.2401#0.0021#0.0004#1.7954
24.00:4.3686#-1.5651#0.2401#0.0022#-0.0003#1.4957
25.00:4.3898#-1.5272#0.2401#0.0020#-0.0009#1.1972
26.00:4.4209#-1.4973#0.2401#0.0016#-0.0015#0.9006
27.00:4.4593#-1.4775#0.2401#0.0011#-0.0018#0.6078
28.00:4.4717#-1.4740#0.2401#0.0010#-0.0020#0.5185
29.00:4.4715#-1.4741#0.2401#0.0010#-0.0020#0.5184
30.00:4.4714#-1.4742#0.2401#0.0010#-0.0019#0.5183
31.00:4.4712#-1.4743#0.2401#0.0010#-0.0020#0.5181
32.00:4.4710#-1.4744#0.2401#0.0010#-0.0020#0.5181
33.00:4.4708#-1.4746#0.2401#0.0010#-0.0020#0.5180
34.00:4.4707#-1.4747#0.2401#0.0010#-0.0019#0.5180
35.00:4.4705#-1.4748#0.2401#0.0010#-0.0019#0.5179
36.00:4.4704#-1.4749#0.2401#0.0010#-0.0020#0.5177
37.00:4.4702#-1.4751#0.2401#0.0010#-0.0020#0.5176
38.00:4.4700#-1.4752#0.2401#0.0010#-0.0020#0.5175
39.00:4.4699#-1.4753#0.2401#0.0010#-0.0020#0.5175
40.00:4.4697#-1.4754#0.2401#0.0010#-0.0020#0.5174
41.00:4.4696#-1.4756#0.2401#0.0010#-0.0020#0.5173
42.00:4.4694#-1.4757#0.2401#0.0010#-0.0020#0.5172
43.00:4.4693#-1.4758#0.2401#0.0010#-0.0020#0.5173
44.00:4.4691#-1.4759#0.2401#0.0010#-0.0020#0.5173
45.00:4.4689#-1.4761#0.2401#0.0010#-0.0019#0.5171
46.00:4.4688#-1.4762#0.2401#0.0010#-0.0019#0.5170
47.00:4.4686#-1.4763#0.2401#0.0010#-0.0020#0.5169
48.00:4.4684#-1.4765#0.2401#0.0010#-0.0020#0.5169
49.00:4.4683#-1.4766#0.2401#0.0010#-0.0020#0.5169
50.00:4.4681#-1.4767#0.2401#0.0010#-0.0020#0.5168
51.00:4.4679#-1.4768#0.2401#0.0010#-0.0019#0.5167
52.00:4.4678#-1.4769#0.2401#0.0010#-0.0020#0.5167
53.00:4.4676#-1.4771#0.2401#0.0010#-0.0020#0.5166
54.00:4.4675#-1.4772#0.2401#0.0010#-0.0020#0.5165
55.00:4.4673#-1.4773#0.2401#0.0010#-0.0020#0.5164
56.00:4.4671#-1.4774#0.2401#0.0010#-0.0020#0.5164
57.00:4.4670#-1.4775#0.2401#0.0010#-0.0020#0.5163
58.00:4.4668#-1.4776#0.2401#0.0010#-0.0020#0.5162
59.00:4.4667#-1.4777#0.2401#0.0010#-0.0020#0.5162
60.00:4.4665#-1.4778#0.2401#0.0010#-0.0019#0.5161
61.00:4.4663#-1.4779#0.2401#0.0010#-0.0020#0.5160
62.00:4.4661#-1.4780#0.2401#0.0010#-0.0020#0.5160
63.00:4.4660#-1.4781#0.2401#0.0010#-0.0019#0.5159
64.00:4.4658#-1.4782#0.2401#0.0010#-0.0020#0.5158
65.00:4.4657#-1.4784#0.2401#0.0010#-0.0020#0.5158
66.00:4.4655#-1.4785#0.2401#0.0010#-0.0020#0.5158
67.00:4.4653#-1.4786#0.2401#0.0010#-0.0020#0.5158
68.00:4.4652#-1.4787#0.2401#0.0010#-0.0020#0.5157
69.00:4.4650#-1.4788#0.2401#0.0010#-0.0020#0.5156
70.00:4.4649#-1.4790#0.2401#0.0010#-0.0020#0.5154
71.00:4.4647#-1.4791#0.2401#0.0010#-0.0020#0.5153
72.00:4.4645#-1.4792#0.2401#0.0010#-0.0020#0.5152
73.00:4.4644#-1.4793#0.2401#0.0010#-0.0020#0.5151
74.00:4.4642#-1.4794#0.2401#0.0010#-0.0020#0.5150
75.00:4.4641#-1.4796#0.2401#0.0010#-0.0020#0.5150
76.00:4.4639#-1.4797#0.2401#0.0010#-0.0020#0.5149
77.00:4.4928#-1.4474#0.2401#0.0014#-0.0015#0.7410
78.00:4.5170#-1.3995#0.2401#0.0018#-0.0011#1.0333
79.00:4.5263#-1.3455#0.2401#0.0021#-0.0006#1.3241
80.00:4.5207#-1.2900#0.2401#0.0023#0.0001#1.6086
81.00:4.5000#-1.2389#0.2401#0.0020#0.0006#1.8882
82.00:4.4665#-1.1961#0.2401#0.0017#0.0012#2.1672
83.00:4.4230#-1.1652#0.2401#0.0014#0.0016#2.4551
84.00:4.3707#-1.1472#0.2401#0.0008#0.0019#2.7446
85.00:4.3180#-1.1460#0.2401#0.0003#0.0021#3.0388
86.00:3.9415#-1.1590#0.2401#0.0001#0.0020#3.1402
87.00:2.7840#-1.1290#0.2400#0.0001#0.0013#3.1141
88.00:1.6188#-1.0970#0.2400#0.0001#0.0015#3.1143
89.00:0.4535#-1.0652#0.2400#0.0001#0.0016#3.1142
90.00:-0.7157#-1.0332#0.2400#0.0001#0.0013#3.1143
91.00:-1.1837#-1.0250#0.2400#-0.0001#0.0018#-3.0933
92.00:-1.3930#-1.0820#0.2400#-0.0004#0.0020#-2.9034
93.00:-2.2594#-1.2462#0.2400#-0.0002#0.0010#-2.9319
94.00:-2.2984#-1.2568#0.2400#-0.0003#0.0016#-2.8929