
1.00:hum1:-0.2750#-0.5250#0.8025#-0.0000#0.0000#-0.0000
2.00:hum1:-0.2750#-0.5250#0.8025#-0.0000#0.0000#-0.0000
3.00:hum1:-0.2750#-0.5250#0.8025#-0.0000#0.0000#-0.0000
4.00:hum1:-0.2750#-0.5250#0.8025#-0.0000#0.0000#-0.0000
5.00:hum1:-0.2750#-0.5250#0.8025#-0.0000#0.0000#-0.0000
6.00:hum1:-0.2750#-0.5250#0.8025#-0.0000#0.0000#-0.0000
7.00:hum1:-0.2750#-0.5250#0.8025#-0.0000#0.0000#-0.0000
8.00:hum1:-0.2750#-0.5250#0.8025#-0.0000#0.0000#-0.0000
9.00:hum1:-0.2750#-0.5250#0.8025#-0.0000#0.0000#-0.0000
10.00:hum1:-0.2750#-0.5250#0.8025#-0.0000#0.0000#-0.0000
11.00:hum1:-0.2750#-0.5250#0.8025#-0.0000#0.0000#-0.0000
12.00:hum1:0.3497#-0.7433#0.9598#-0.5363#-0.9992#-0.6149
13.00:hum1:1.5188#-0.9964#0.8721#-0.1553#-0.6414#-0.2556
14.00:hum1:2.5194#-1.1977#0.8102#-0.0199#-0.1086#-0.1812
15.00:hum1:3.5636#-1.3956#0.8171#0.0429#0.2677#-0.1605
16.00:hum1:4.7645#-1.5867#0.8204#0.0386#0.3303#-0.1181
17.00:hum1:5.0148#-1.6149#0.8048#0.0065#0.0579#-0.1119
18.00:hum1:5.0148#-1.6149#0.8048#0.0065#0.0579#-0.1119
19.00:hum1:6.2368#-1.6029#0.8115#0.0098#-0.1617#0.0610
20.00:hum1:7.5496#-1.5487#0.8908#0.0729#-0.7592#0.1060
21.00:hum1:8.8496#-1.4461#0.9484#0.1953#-1.0255#0.2278
22.00:hum1:9.6720#-1.3489#0.8025#-0.0000#0.0000#0.1175
23.00:hum1:9.6720#-1.3489#0.8025#-0.0000#0.0000#0.1175
24.00:hum1:9.6720#-1.3489#0.8025#-0.0000#0.0000#0.1175
25.00:hum1:9.6720#-1.3489#0.8025#-0.0000#0.0000#0.1175
26.00:hum1:9.6720#-1.3489#0.8025#-0.0000#0.0000#0.1175
27.00:hum1:9.6720#-1.3489#0.8025#-0.0000#0.0000#0.1175
28.00:hum1:9.7083#-1.4604#0.8721#-0.4308#-0.5131#-0.7522
29.00:hum1:10.5402#-2.0610#0.8102#-0.0619#-0.0915#-0.5957
30.00:hum1:11.7536#-1.7855#0.8171#-0.0787#0.2596#0.2983
31.00:hum1:12.9098#-1.6155#0.8204#-0.0533#0.3283#0.1643
32.00:hum1:12.9087#-2.0655#0.8044#-0.0070#0.0017#-1.8118
33.00:hum1:12.7798#-3.3945#0.8618#-0.5941#0.0419#-1.6324
34.00:hum1:13.3196#-4.6766#0.9598#-0.8215#-0.8194#-0.9734
35.00:hum1:13.6072#-4.8732#0.8025#0.0000#0.0000#-0.5996