
2.00:hum1:-0.2750#-0.5250#0.8025#-0.0000#0.0000#-0.0000
3.00:hum1:-0.2750#-0.5250#0.8025#-0.0000#0.0000#-0.0000
4.00:hum1:-0.2750#-0.5250#0.8025#-0.0000#0.0000#-0.0000
5.00:hum1:-0.2750#-0.5250#0.8025#-0.0000#0.0000#-0.0000
6.00:hum1:-0.2750#-0.5250#0.8025#-0.0000#0.0000#-0.0000
7.00:hum1:-0.2750#-0.5250#0.8025#-0.0000#0.0000#-0.0000
8.00:hum1:-0.2750#-0.5250#0.8025#-0.0000#0.0000#-0.0000
9.00:hum1:-0.2750#-0.5250#0.8025#-0.0000#0.0000#-0.0000
10.00:hum1:-0.2750#-0.5250#0.8025#-0.0000#0.0000#-0.0000
11.00:hum1:-0.2750#-0.5250#0.8025#-0.0000#0.0000#-0.0000
12.00:hum1:0.5336#-0.6725#0.8496#-0.0574#-0.5131#-0.1162
13.00:hum1:1.3932#-0.8132#0.8025#0.0000#0.0000#-0.0951
14.00:hum1:2.2225#-0.9461#0.8025#0.0000#0.0000#-0.0854
15.00:hum1:3.2197#-1.0608#0.8618#-0.2129#-0.5604#-0.3859
16.00:hum1:4.2845#-1.1530#0.8466#-0.0478#-0.4925#-0.1006
17.00:hum1:5.5884#-1.2690#0.9377#-0.1092#-0.9848#-0.1304
18.00:hum1:6.8237#-1.3578#0.9191#-0.0777#-0.8992#-0.0987
19.00:hum1:7.8489#-1.4214#0.8168#-0.0105#-0.2253#-0.0467
20.00:hum1:8.8495#-1.4752#0.8153#0.0072#0.2469#-0.0290
21.00:hum1:10.0699#-1.5172#0.8244#0.0033#0.3636#-0.0089
22.00:hum1:11.4101#-1.5229#0.8048#-0.0010#0.0582#0.0182
23.00:hum1:12.3350#-2.8230#0.8048#0.0538#0.0224#-1.1764
24.00:hum1:14.0401#-2.1415#0.8161#-0.2412#0.1823#0.9360
25.00:hum1:16.6490#-1.7247#0.8267#-0.0727#0.3660#0.2010
26.00:hum1:18.6024#0.2237#0.8171#-0.2685#0.0374#1.4360
27.00:hum1:18.8087#3.3095#0.8025#-0.0000#0.0000#1.5404
28.00:hum1:18.8470#4.5661#0.9597#1.0866#-0.0272#1.5569
29.00:hum1:18.3750#4.6735#0.4025#0.0000#0.0000#-1.5700
30.00:hum1:18.3750#4.6735#0.4025#0.0000#0.0000#-1.5700
31.00:hum1:18.3750#4.6735#0.4025#0.0000#0.0000#-1.5700
32.00:hum1:18.3750#4.6735#0.4025#0.0000#0.0000#-1.5700
33.00:hum1:18.3750#4.6735#0.4025#0.0000#0.0000#-1.5700
34.00:hum1:18.3750#4.6735#0.4025#0.0000#0.0000#-1.5700
35.00:hum1:18.3750#4.6735#0.4025#0.0000#0.0000#-1.5700
36.00:hum1:18.3750#4.6735#0.4025#0.0000#0.0000#-1.5700
37.00:hum1:18.3750#4.6735#0.4025#0.0000#0.0000#-1.5700
38.00:hum1:18.3750#4.6735#0.4025#0.0000#0.0000#-1.5700
39.00:hum1:18.3750#4.6735#0.4025#0.0000#0.0000#-1.5700
40.00:hum1:18.3750#4.6735#0.4025#0.0000#0.0000#-1.5700
41.00:hum1:18.3750#4.6735#0.4025#0.0000#0.0000#-1.5700
42.00:hum1:18.3750#4.6735#0.4025#0.0000#0.0000#-1.5700
43.00:hum1:18.3751#3.9765#0.8374#-0.4260#-0.0002#-1.5700
44.00:hum1:18.2596#3.3513#0.8763#-0.6760#0.0997#-1.6939
45.00:hum1:17.7190#0.7250#0.8273#-0.2951#0.1743#-2.0889
46.00:hum1:16.3105#-1.6628#0.8044#-0.0061#0.0039#-2.1390
47.00:hum1:14.6676#-4.2278#0.8120#0.2346#-0.1350#-2.0834
48.00:hum1:14.2617#-4.9234#0.8721#-0.5880#0.3131#-2.0032
49.00:hum1:14.0837#-5.2302#0.8067#0.1352#-0.0781#-2.0913
50.00:hum1:14.0381#-5.3089#0.8025#0.0000#-0.0000#-2.0966
51.00:hum1:14.0381#-5.3089#0.8025#0.0000#-0.0000#-2.0966
52.00:hum1:14.0381#-5.3089#0.8025#0.0000#-0.0000#-2.0966
53.00:hum1:14.0381#-5.3089#0.8025#0.0000#-0.0000#-2.0966
54.00:hum1:14.0381#-5.3089#0.8025#0.0000#-0.0000#-2.0966
55.00:hum1:14.0381#-5.3089#0.8025#0.0000#-0.0000#-2.0966
56.00:hum1:14.0381#-5.3089#0.8025#0.0000#-0.0000#-2.0966