
1.00:hum1:-0.2750#-0.5250#0.8025#-0.0000#0.0000#-0.0000
2.00:hum1:-0.2750#-0.5250#0.8025#-0.0000#0.0000#-0.0000
3.00:hum1:-0.2750#-0.5250#0.8025#-0.0000#0.0000#-0.0000
4.00:hum1:-0.2750#-0.5250#0.8025#-0.0000#0.0000#-0.0000
5.00:hum1:-0.2750#-0.5250#0.8025#-0.0000#0.0000#-0.0000
6.00:hum1:-0.2750#-0.5250#0.8025#-0.0000#0.0000#-0.0000
7.00:hum1:-0.2750#-0.5250#0.8025#-0.0000#0.0000#-0.0000
8.00:hum1:-0.2750#-0.5250#0.8025#-0.0000#0.0000#-0.0000
9.00:hum1:-0.2750#-0.5250#0.8025#-0.0000#0.0000#-0.0000
10.00:hum1:-0.2750#-0.5250#0.8025#-0.0000#0.0000#-0.0000
11.00:hum1:-0.2750#-0.5250#0.8025#-0.0000#0.0000#-0.0000
12.00:hum1:-0.2750#-0.5250#0.8025#-0.0000#0.0000#-0.0000
13.00:hum1:-0.2750#-0.5250#0.8025#-0.0000#0.0000#-0.0000
14.00:hum1:-0.2750#-0.5250#0.8025#-0.0000#0.0000#-0.0000
15.00:hum1:0.5498#-0.6742#0.9191#-0.1273#-0.8951#-0.1623
16.00:hum1:1.5093#-0.8035#0.9597#-0.1979#-1.0763#-0.2236
17.00:hum1:2.3910#-0.9021#0.9141#-0.1262#-0.8717#-0.1639
18.00:hum1:3.2384#-0.9915#0.8025#0.0000#0.0000#-0.1051
19.00:hum1:7.0189#-1.2233#0.8496#-0.0133#-0.5158#-0.0266
20.00:hum1:10.1966#-1.4010#0.8161#0.0011#0.3012#-0.0034
21.00:hum1:13.8212#-1.6652#0.9597#-1.0480#-0.3711#-1.3644
22.00:hum1:13.7434#-4.4355#0.9141#-0.8596#-0.2101#-1.3926
23.00:hum1:16.3492#-3.2676#0.8618#0.4054#-0.4488#0.7803
24.00:hum1:16.6551#-3.0169#0.8025#-0.0000#0.0000#0.6865
25.00:hum1:16.8259#-2.8770#0.8025#-0.0000#0.0000#0.6865
26.00:hum1:16.9261#-2.7948#0.8025#-0.0000#0.0000#0.6865
27.00:hum1:17.0412#-2.7005#0.8025#-0.0000#0.0000#0.6865
28.00:hum1:17.4369#-2.3762#0.8204#-0.2153#0.2552#0.7142
29.00:hum1:18.7314#0.5587#0.8281#-0.3699#0.0301#1.4938
30.00:hum1:18.8321#3.5417#0.8153#-0.2470#0.0039#1.5555
31.00:hum1:18.8443#4.3038#0.8908#0.7619#-0.0111#1.5595
32.00:hum1:18.3750#4.6735#0.4025#0.0000#0.0000#-1.5700
33.00:hum1:18.3750#4.6735#0.4025#0.0000#0.0000#-1.5700
34.00:hum1:18.3750#4.6735#0.4025#0.0000#0.0000#-1.5700
35.00:hum1:18.3750#4.6735#0.4025#0.0000#0.0000#-1.5700
36.00:hum1:18.3750#4.6735#0.4025#0.0000#0.0000#-1.5700
37.00:hum1:18.3750#4.6735#0.4025#0.0000#0.0000#-1.5700
38.00:hum1:18.3750#4.6735#0.4025#0.0000#0.0000#-1.5700
39.00:hum1:18.3750#4.6735#0.4025#0.0000#0.0000#-1.5700
40.00:hum1:18.3750#4.6735#0.4025#0.0000#0.0000#-1.5700
41.00:hum1:18.3750#4.6735#0.4025#0.0000#0.0000#-1.5700
42.00:hum1:18.3750#4.6735#0.4025#0.0000#0.0000#-1.5700
43.00:hum1:18.3750#4.6735#0.4025#0.0000#0.0000#-1.5700
44.00:hum1:18.3750#4.6735#0.4025#0.0000#0.0000#-1.5700
45.00:hum1:18.3750#4.6735#0.4025#0.0000#0.0000#-1.5700
46.00:hum1:18.3750#4.6735#0.4025#0.0000#0.0000#-1.5700
47.00:hum1:18.3750#4.6735#0.4025#0.0000#0.0000#-1.5700
48.00:hum1:18.3750#4.6735#0.4025#0.0000#0.0000#-1.5700
49.00:hum1:18.3753#3.7600#0.9413#-1.0046#-0.0004#-1.5702
50.00:hum1:18.3562#3.8334#0.8168#-0.2231#0.0333#-1.7162
51.00:hum1:18.6335#0.7370#0.8048#-0.0582#-0.0009#1.5862
52.00:hum1:17.5152#-0.4223#0.9191#-0.5387#0.7631#-2.4283
53.00:hum1:16.4040#-1.4808#0.8496#-0.4480#0.2652#-2.0697
54.00:hum1:14.8289#-3.9792#0.9413#-0.9334#0.4478#-1.8808
55.00:hum1:14.0813#-5.2352#0.8120#0.2336#-0.1367#-2.0905
56.00:hum1:14.7235#-5.1417#0.9377#0.9151#-0.4474#1.2499
57.00:hum1:14.6304#-5.2956#0.8025#-0.0000#0.0000#1.0267
58.00:hum1:14.6304#-5.2956#0.8025#-0.0000#0.0000#1.0267
59.00:hum1:14.6304#-5.2956#0.8025#-0.0000#0.0000#1.0267
60.00:hum1:14.6304#-5.2956#0.8025#-0.0000#0.0000#1.0267
61.00:hum1:14.6304#-5.2956#0.8025#-0.0000#0.0000#1.0267
62.00:hum1:14.6304#-5.2956#0.8025#-0.0000#0.0000#1.0267
63.00:hum1:14.6304#-5.2956#0.8025#-0.0000#0.0000#1.0267
64.00:hum1:14.6304#-5.2956#0.8025#-0.0000#0.0000#1.0267
65.00:hum1:14.6304#-5.2956#0.8025#-0.0000#0.0000#1.0267
66.00:hum1:14.6304#-5.2956#0.8025#-0.0000#0.0000#1.0267
67.00:hum1:14.6304#-5.2956#0.8025#-0.0000#0.0000#1.0267