
1.00:hum1:-0.2750#-0.5250#0.8025#-0.0000#0.0000#-0.0000
2.00:hum1:-0.2750#-0.5250#0.8025#-0.0000#0.0000#-0.0000
3.00:hum1:-0.2750#-0.5250#0.8025#-0.0000#0.0000#-0.0000
4.00:hum1:-0.2750#-0.5250#0.8025#-0.0000#0.0000#-0.0000
5.00:hum1:-0.2750#-0.5250#0.8025#-0.0000#0.0000#-0.0000
6.00:hum1:-0.2750#-0.5250#0.8025#-0.0000#0.0000#-0.0000
7.00:hum1:0.5054#-0.6696#0.8102#-0.0112#-0.1098#-0.1018
8.00:hum1:1.5625#-0.7996#0.8168#-0.0254#-0.2242#-0.1134
9.00:hum1:2.6169#-0.9185#0.8262#-0.0357#-0.3269#-0.1105
10.00:hum1:4.1674#-1.0973#0.8115#-0.0136#-0.1614#-0.0839
11.00:hum1:6.9911#-1.3110#0.8374#-0.0115#-0.4258#-0.0275
12.00:hum1:9.9712#-1.4201#0.8120#0.0039#0.2700#-0.0142
13.00:hum1:12.6198#-1.4703#0.9484#0.0220#-1.0368#0.0259
14.00:hum1:13.4912#-2.1321#0.9377#-0.6754#0.7893#-2.2956
15.00:hum1:13.8649#-4.3300#0.8763#0.4043#-0.5656#0.6740
16.00:hum1:16.7613#-2.5341#0.8025#-0.0000#0.0000#0.5550
17.00:hum1:16.8633#-2.4709#0.8025#-0.0000#0.0000#0.5550
18.00:hum1:17.0673#-2.3444#0.8025#-0.0000#0.0000#0.5550
19.00:hum1:18.4452#-1.0725#0.8116#-0.1813#0.0712#1.2012
20.00:hum1:18.8013#2.0392#0.8102#0.1104#-0.0021#1.5524
21.00:hum1:18.8443#4.3575#0.8496#0.5159#-0.0093#1.5547
22.00:hum1:18.8430#4.2896#0.8081#-0.1280#0.0024#1.5524
23.00:hum1:18.8447#4.3801#0.8025#-0.0000#0.0000#1.5523
24.00:hum1:18.3750#4.6735#0.4025#0.0000#0.0000#-1.5700
25.00:hum1:18.3750#4.6735#0.4025#0.0000#0.0000#-1.5700
26.00:hum1:18.3750#4.6735#0.4025#0.0000#0.0000#-1.5700
27.00:hum1:18.3750#4.6735#0.4025#0.0000#0.0000#-1.5700
28.00:hum1:18.3750#4.6735#0.4025#0.0000#0.0000#-1.5700
29.00:hum1:18.3750#4.6735#0.4025#0.0000#0.0000#-1.5700
30.00:hum1:18.3750#4.6735#0.4025#0.0000#0.0000#-1.5700
31.00:hum1:18.3750#4.6735#0.4025#0.0000#0.0000#-1.5700
32.00:hum1:18.3750#4.6735#0.4025#0.0000#0.0000#-1.5700
33.00:hum1:18.3750#4.6735#0.4025#0.0000#0.0000#-1.5700
34.00:hum1:18.3750#4.6735#0.4025#0.0000#0.0000#-1.5700
35.00:hum1:18.3750#4.6735#0.4025#0.0000#0.0000#-1.5700
36.00:hum1:18.3750#4.6735#0.4025#0.0000#0.0000#-1.5700
37.00:hum1:18.3750#4.6735#0.4025#0.0000#0.0000#-1.5700
38.00:hum1:18.3750#4.6735#0.4025#0.0000#0.0000#-1.5700
39.00:hum1:18.3750#4.6735#0.4025#0.0000#0.0000#-1.5700
40.00:hum1:18.3750#4.6735#0.4025#0.0000#0.0000#-1.5700
41.00:hum1:18.3750#4.6735#0.4025#0.0000#0.0000#-1.5700
42.00:hum1:18.3750#4.6735#0.4025#0.0000#0.0000#-1.5700
43.00:hum1:18.3752#3.9335#0.8025#0.0000#0.0000#-1.5700
44.00:hum1:18.1547#1.0306#0.8161#0.3012#-0.0061#-1.5900
45.00:hum1:16.5259#-1.4403#0.8267#0.3130#-0.2059#-2.1339
46.00:hum1:14.9074#-3.8695#0.8171#0.2332#-0.1393#-2.0995
47.00:hum1:14.4222#-4.8000#0.8215#0.2527#-0.1915#-2.2057
48.00:hum1:14.0432#-5.2900#0.8273#-0.2740#0.2062#-2.2000
49.00:hum1:14.0793#-5.2433#0.8025#0.0000#-0.0000#-2.2286
50.00:hum1:14.0793#-5.2433#0.8025#0.0000#-0.0000#-2.2286
51.00:hum1:14.0793#-5.2433#0.8025#0.0000#-0.0000#-2.2286
52.00:hum1:14.0793#-5.2433#0.8025#0.0000#-0.0000#-2.2286
53.00:hum1:14.0793#-5.2433#0.8025#0.0000#-0.0000#-2.2286
54.00:hum1:14.0793#-5.2433#0.8025#0.0000#-0.0000#-2.2286
55.00:hum1:14.0793#-5.2433#0.8025#0.0000#-0.0000#-2.2286
56.00:hum1:14.0793#-5.2433#0.8025#0.0000#-0.0000#-2.2286
57.00:hum1:14.0793#-5.2433#0.8025#0.0000#-0.0000#-2.2286
58.00:hum1:14.0793#-5.2433#0.8025#0.0000#-0.0000#-2.2286
59.00:hum1:14.0793#-5.2433#0.8025#0.0000#-0.0000#-2.2286
60.00:hum1:14.0793#-5.2433#0.8025#0.0000#-0.0000#-2.2286
61.00:hum1:14.0793#-5.2433#0.8025#0.0000#-0.0000#-2.2286
62.00:hum1:14.0793#-5.2433#0.8025#0.0000#-0.0000#-2.2286