
1.00:hum1:-0.2750#-0.5250#0.8025#-0.0000#0.0000#-0.0000
2.00:hum1:-0.2750#-0.5250#0.8025#-0.0000#0.0000#-0.0000
3.00:hum1:-0.2750#-0.5250#0.8025#-0.0000#0.0000#-0.0000
4.00:hum1:-0.2750#-0.5250#0.8025#-0.0000#0.0000#-0.0000
5.00:hum1:-0.2750#-0.5250#0.8025#-0.0000#0.0000#-0.0000
6.00:hum1:-0.2750#-0.5250#0.8025#-0.0000#0.0000#-0.0000
7.00:hum1:-0.2750#-0.5250#0.8025#-0.0000#0.0000#-0.0000
8.00:hum1:-0.2750#-0.5250#0.8025#-0.0000#0.0000#-0.0000
9.00:hum1:-0.2750#-0.5250#0.8025#-0.0000#0.0000#-0.0000
10.00:hum1:-0.2750#-0.5250#0.8025#-0.0000#0.0000#-0.0000
11.00:hum1:-0.2750#-0.5250#0.8025#-0.0000#0.0000#-0.0000
12.00:hum1:-0.2750#-0.5250#0.8025#-0.0000#0.0000#-0.0000
13.00:hum1:-0.2750#-0.5250#0.8025#-0.0000#0.0000#-0.0000
14.00:hum1:-0.2750#-0.5250#0.8025#-0.0000#0.0000#-0.0000
15.00:hum1:0.4545#-0.7901#0.8262#-0.0939#-0.3156#-0.2942
16.00:hum1:1.3334#-1.0132#0.9377#-0.2866#-0.9605#-0.3448
17.00:hum1:2.5565#-1.2418#0.9191#-0.1992#-0.8855#-0.2546
18.00:hum1:3.5693#-1.4258#0.8168#-0.0305#-0.2235#-0.1363
19.00:hum1:4.5561#-1.5651#0.8081#0.0161#0.1270#-0.1263
20.00:hum1:4.8785#-1.6057#0.8120#0.0347#0.2678#-0.1300
21.00:hum1:5.7534#-1.6298#0.8025#-0.0000#0.0000#0.0328
22.00:hum1:5.7534#-1.6298#0.8025#-0.0000#0.0000#0.0328
23.00:hum1:5.7534#-1.6298#0.8025#-0.0000#0.0000#0.0328
24.00:hum1:5.7534#-1.6298#0.8025#-0.0000#0.0000#0.0328
25.00:hum1:5.7534#-1.6298#0.8025#-0.0000#0.0000#0.0328
26.00:hum1:5.7534#-1.6298#0.8025#-0.0000#0.0000#0.0328
27.00:hum1:6.7723#-1.6162#0.8496#0.0431#-0.5143#0.0877
28.00:hum1:7.7768#-1.5442#0.8071#-0.0007#0.0080#0.0928
29.00:hum1:8.8745#-1.4322#0.8215#-0.0407#0.3133#0.1317
30.00:hum1:10.1284#-1.2801#0.8025#-0.0000#0.0000#0.1432
31.00:hum1:10.1284#-1.2801#0.8025#-0.0000#0.0000#0.1432
32.00:hum1:10.1284#-1.2801#0.8025#-0.0000#0.0000#0.1432
33.00:hum1:10.1284#-1.2801#0.8025#-0.0000#0.0000#0.1432
34.00:hum1:10.1284#-1.2801#0.8025#-0.0000#0.0000#0.1432
35.00:hum1:10.1284#-1.2801#0.8025#-0.0000#0.0000#0.1432
36.00:hum1:10.1284#-1.2801#0.8025#-0.0000#0.0000#0.1432
37.00:hum1:10.5545#-1.7864#0.8496#-0.3634#-0.3748#-0.8041
38.00:hum1:11.7654#-1.7341#0.8071#-0.0009#0.0080#0.1156
39.00:hum1:12.8591#-1.5994#0.8215#-0.0460#0.3126#0.1489
40.00:hum1:13.1730#-2.3046#0.8161#-0.0535#0.2966#0.1814
41.00:hum1:13.4872#-2.3242#0.8069#-0.0764#0.0302#-1.9464
42.00:hum1:13.6041#-3.7199#0.8763#-0.6518#-0.2180#-1.2943