
1.00:hum1:-0.2750#-0.5250#0.8025#-0.0000#0.0000#-0.0000
2.00:hum1:-0.2750#-0.5250#0.8025#-0.0000#0.0000#-0.0000
3.00:hum1:-0.2750#-0.5250#0.8025#-0.0000#0.0000#-0.0000
4.00:hum1:-0.2750#-0.5250#0.8025#-0.0000#0.0000#-0.0000
5.00:hum1:-0.2750#-0.5250#0.8025#-0.0000#0.0000#-0.0000
6.00:hum1:-0.2750#-0.5250#0.8025#-0.0000#0.0000#-0.0000
7.00:hum1:-0.2750#-0.5250#0.8025#-0.0000#0.0000#-0.0000
8.00:hum1:0.2595#-0.7893#0.8025#0.0000#0.0000#-0.4224
9.00:hum1:0.2595#-0.7893#0.8025#0.0000#0.0000#-0.4224
10.00:hum1:0.2595#-0.7893#0.8025#0.0000#0.0000#-0.4224
11.00:hum1:0.2595#-0.7893#0.8025#0.0000#0.0000#-0.4224
12.00:hum1:1.3211#-1.0455#0.9377#-0.2651#-0.9648#-0.3187
13.00:hum1:2.5498#-1.2589#0.9191#-0.1640#-0.8908#-0.2093
14.00:hum1:3.5678#-1.4059#0.8168#-0.0248#-0.2242#-0.1106
15.00:hum1:4.5607#-1.5208#0.8153#0.0258#0.2457#-0.1055
16.00:hum1:4.8806#-1.5537#0.8120#0.0283#0.2686#-0.1061
17.00:hum1:5.7195#-1.5709#0.8721#0.0354#-0.6566#0.0583
18.00:hum1:6.7349#-1.5133#0.9484#0.1390#-1.0312#0.1620
19.00:hum1:7.5151#-1.4689#0.8908#-0.0191#-0.7618#-0.0273
20.00:hum1:8.8328#-1.3237#0.9484#0.1633#-1.0290#0.1903
21.00:hum1:9.8589#-1.2620#0.9597#0.2330#-1.0721#0.2643
22.00:hum1:10.9705#-1.1434#0.8496#0.0755#-0.5109#0.1539
23.00:hum1:10.9064#-1.1520#0.8153#-0.0336#0.2448#0.1383
24.00:hum1:11.6836#-1.2305#0.8908#-0.0708#-0.7593#-0.1023
25.00:hum1:12.9517#-1.3728#0.9484#-0.2403#-1.0194#-0.2797
26.00:hum1:13.2241#-1.4125#0.8025#0.0000#0.0000#-0.1450
27.00:hum1:13.2241#-1.4125#0.8025#0.0000#0.0000#-0.1450
28.00:hum1:13.2241#-1.4125#0.8025#0.0000#0.0000#-0.1450
29.00:hum1:13.2241#-1.4125#0.8025#0.0000#0.0000#-0.1450
30.00:hum1:13.2241#-1.4125#0.8025#0.0000#0.0000#-0.1450
31.00:hum1:13.2241#-1.4125#0.8025#0.0000#0.0000#-0.1450
32.00:hum1:13.2241#-1.4125#0.8025#0.0000#0.0000#-0.1450
33.00:hum1:13.2241#-1.4125#0.8025#0.0000#0.0000#-0.1450
34.00:hum1:13.2241#-1.4125#0.8025#0.0000#0.0000#-0.1450
35.00:hum1:14.0266#-1.4058#0.8071#-0.0001#0.0080#0.0122
36.00:hum1:15.1223#-1.3924#0.8215#-0.0039#0.3158#0.0128
37.00:hum1:16.3739#-1.3771#0.8161#-0.0037#0.3012#0.0127
38.00:hum1:17.8801#-1.2446#0.8069#0.0629#-0.0529#0.8733
39.00:hum1:18.4237#0.0219#0.8763#0.6708#-0.1352#1.4029
40.00:hum1:18.7056#1.3119#0.9597#1.0771#-0.1904#1.4697
41.00:hum1:18.7370#2.4713#0.8496#0.5154#-0.0256#1.5261
42.00:hum1:18.7886#3.4736#0.8071#-0.0080#0.0004#1.5193
43.00:hum1:18.8132#3.9504#0.8044#0.0072#-0.0004#1.5193
44.00:hum1:18.3750#4.6735#0.4025#0.0000#0.0000#-1.5700
45.00:hum1:18.3750#4.6735#0.4025#0.0000#0.0000#-1.5700
46.00:hum1:18.3750#4.6735#0.4025#0.0000#0.0000#-1.5700
47.00:hum1:18.3750#4.6735#0.4025#0.0000#0.0000#-1.5700
48.00:hum1:18.3750#4.6735#0.4025#0.0000#0.0000#-1.5700
49.00:hum1:18.3750#4.6735#0.4025#0.0000#0.0000#-1.5700
50.00:hum1:18.3750#4.6735#0.4025#0.0000#0.0000#-1.5700
51.00:hum1:18.3750#4.6735#0.4025#0.0000#0.0000#-1.5700
52.00:hum1:18.3750#4.6735#0.4025#0.0000#0.0000#-1.5700
53.00:hum1:18.3750#4.6735#0.4025#0.0000#0.0000#-1.5700
54.00:hum1:18.3750#4.6735#0.4025#0.0000#0.0000#-1.5700
55.00:hum1:18.3750#4.6735#0.4025#0.0000#0.0000#-1.5700
56.00:hum1:18.3750#4.6735#0.4025#0.0000#0.0000#-1.5700
57.00:hum1:18.3750#4.6735#0.4025#0.0000#0.0000#-1.5700
58.00:hum1:18.3750#4.6735#0.4025#0.0000#0.0000#-1.5700
59.00:hum1:18.3750#4.6735#0.4025#0.0000#0.0000#-1.5700
60.00:hum1:18.3750#4.6735#0.4025#0.0000#0.0000#-1.5700
61.00:hum1:18.3750#4.6735#0.4025#0.0000#0.0000#-1.5700
62.00:hum1:18.3750#4.6735#0.4025#0.0000#0.0000#-1.5700
63.00:hum1:18.3750#4.6735#0.4025#0.0000#0.0000#-1.5700
64.00:hum1:18.3750#4.6735#0.4025#0.0000#0.0000#-1.5700
65.00:hum1:18.2427#2.9377#0.8618#-0.5932#0.0537#-1.6499
66.00:hum1:18.1010#1.6174#0.9598#-1.0863#0.0592#-1.6016
67.00:hum1:17.7410#0.6670#0.8721#-0.5759#0.3366#-2.0410
68.00:hum1:17.2068#-0.1961#0.8102#-0.0947#0.0568#-2.1090
69.00:hum1:16.7262#-0.9592#0.8171#0.2348#-0.1367#-2.0884
70.00:hum1:16.1201#-1.9928#0.8204#0.2837#-0.1756#-2.1103
71.00:hum1:15.3987#-3.1483#0.8044#-0.0063#0.0035#-2.0828
72.00:hum1:14.8594#-4.1091#0.8025#0.0000#-0.0000#-2.0816
73.00:hum1:14.8594#-4.1091#0.8025#0.0000#-0.0000#-2.0816