
1.00:hum1:-5.5750#-1.5000#0.8025#-0.0000#0.0000#-0.0000
2.00:hum1:-5.5750#-1.5000#0.8025#-0.0000#0.0000#-0.0000
3.00:hum1:-5.5750#-1.5000#0.8025#-0.0000#0.0000#-0.0000
4.00:hum1:-5.5750#-1.5000#0.8025#-0.0000#0.0000#-0.0000
5.00:hum1:-5.5750#-1.5000#0.8025#-0.0000#0.0000#-0.0000
6.00:hum1:-5.5750#-1.5000#0.8025#-0.0000#0.0000#-0.0000
7.00:hum1:-5.5750#-1.5000#0.8025#-0.0000#0.0000#-0.0000
8.00:hum1:-5.5750#-1.5000#0.8025#-0.0000#0.0000#-0.0000
9.00:hum1:-5.5750#-1.5000#0.8025#-0.0000#0.0000#-0.0000
10.00:hum1:-5.5750#-1.5000#0.8025#-0.0000#0.0000#-0.0000
11.00:hum1:-5.5750#-1.5000#0.8025#-0.0000#0.0000#-0.0000
12.00:hum1:-5.5750#-1.5000#0.8025#-0.0000#0.0000#-0.0000
13.00:hum1:-5.3402#-1.4914#0.8044#0.0003#-0.0072#0.0372
14.00:hum1:-4.0365#-1.4126#0.8618#0.0562#-0.5930#0.1006
15.00:hum1:-3.7233#-1.3865#0.9597#0.1567#-1.0802#0.1776
16.00:hum1:-3.6592#-1.3811#0.9413#0.1299#-0.9992#0.1545
17.00:hum1:-3.4634#-1.3646#0.8161#-0.0258#0.3001#0.0873
18.00:hum1:-2.4796#-1.2823#0.8204#-0.0286#0.3312#0.0882
19.00:hum1:-1.1351#-1.1699#0.8044#0.0006#-0.0072#0.0834
20.00:hum1:0.1552#-1.0621#0.8618#0.0562#-0.5930#0.1006
21.00:hum1:1.4730#-0.9519#0.9598#0.1568#-1.0806#0.1777
22.00:hum1:2.6369#-0.8545#0.8721#0.0640#-0.6547#0.1052
23.00:hum1:3.6929#-0.7662#0.9191#0.1046#-0.8972#0.1339
24.00:hum1:4.7238#-0.6800#0.8374#0.0377#-0.4244#0.0916
25.00:hum1:5.7376#-0.5953#0.9484#0.1396#-1.0312#0.1627
26.00:hum1:6.7561#-0.5101#0.9597#0.1567#-1.0802#0.1776
27.00:hum1:6.7665#-0.1380#0.8496#-0.1788#0.4866#-2.7724
28.00:hum1:5.8153#-0.4587#0.8071#0.0026#-0.0076#-2.8163
29.00:hum1:4.7770#-0.8090#0.8215#0.1040#-0.2988#-2.8006
30.00:hum1:5.1606#-1.4704#0.8161#0.0083#0.3011#-0.0277
31.00:hum1:6.4040#-1.7325#0.8069#-0.0202#-0.0797#-0.2487
32.00:hum1:7.8017#-1.8475#0.8763#0.3007#-0.6221#0.4894
33.00:hum1:9.0220#-1.3430#0.9597#0.6281#-0.9581#0.7263
34.00:hum1:10.0535#-0.9166#0.8496#0.2133#-0.4735#0.4437
35.00:hum1:10.9809#-0.5331#0.8071#-0.0031#0.0074#0.3920
36.00:hum1:11.9936#-0.1144#0.8215#-0.1241#0.2912#0.4102
37.00:hum1:13.1503#0.3637#0.8161#-0.1180#0.2778#0.4085
38.00:hum1:13.6441#0.7826#0.8069#-0.0763#0.0305#-1.9496
39.00:hum1:14.1406#-0.3364#0.8763#-0.1794#-0.6618#-0.2866
40.00:hum1:15.4278#-0.6309#0.9597#-0.4016#-1.0408#-0.4571
41.00:hum1:16.5159#-0.8797#0.8496#-0.1260#-0.5017#-0.2572
42.00:hum1:17.4942#-1.1035#0.8071#0.0018#0.0078#-0.2249
43.00:hum1:18.3337#-0.1456#0.8215#-0.3074#0.0738#1.3429
44.00:hum1:18.6304#1.0703#0.8161#-0.2931#0.0705#1.3418
45.00:hum1:18.9460#2.3633#0.8069#0.0798#-0.0195#1.3322
46.00:hum1:19.2529#3.6206#0.8763#0.6680#-0.1502#1.3837
47.00:hum1:19.3358#3.9604#0.9191#0.8874#-0.1873#1.4207
48.00:hum1:18.7659#3.8132#0.8496#-0.4844#0.1851#-1.9069
49.00:hum1:18.6864#3.2909#0.8069#-0.0809#0.0146#-1.7484
50.00:hum1:18.5605#1.9783#0.8763#-0.6808#0.0478#-1.6294
51.00:hum1:18.3750#4.6735#0.4025#0.0000#0.0000#-1.5700
52.00:hum1:18.3750#4.6735#0.4025#0.0000#0.0000#-1.5700
53.00:hum1:18.3750#4.6735#0.4025#0.0000#0.0000#-1.5700
54.00:hum1:18.3750#4.6735#0.4025#0.0000#0.0000#-1.5700
55.00:hum1:18.3750#4.6735#0.4025#0.0000#0.0000#-1.5700
56.00:hum1:18.3750#4.6735#0.4025#0.0000#0.0000#-1.5700
57.00:hum1:18.3750#4.6735#0.4025#0.0000#0.0000#-1.5700
58.00:hum1:18.3750#4.6735#0.4025#0.0000#0.0000#-1.5700
59.00:hum1:18.3750#4.6735#0.4025#0.0000#0.0000#-1.5700
60.00:hum1:18.3750#4.6735#0.4025#0.0000#0.0000#-1.5700
61.00:hum1:18.3750#4.6735#0.4025#0.0000#0.0000#-1.5700
62.00:hum1:18.3750#4.6735#0.4025#0.0000#0.0000#-1.5700
63.00:hum1:18.3750#4.6735#0.4025#0.0000#0.0000#-1.5700
64.00:hum1:18.3750#4.6735#0.4025#0.0000#0.0000#-1.5700
65.00:hum1:18.3731#3.8892#0.9598#-1.0872#0.0059#-1.5735
66.00:hum1:18.2332#2.7441#0.8721#-0.6565#0.0376#-1.6193
67.00:hum1:18.1507#1.7395#0.8102#-0.1100#0.0095#-1.6561
68.00:hum1:17.9032#0.8694#0.8171#0.2278#-0.1482#-2.1377
69.00:hum1:17.3503#-0.0695#0.8204#0.1744#-0.2845#-2.5808
70.00:hum1:16.5926#-0.5766#0.8281#0.1850#-0.3235#-2.6091
71.00:hum1:15.5644#-1.1230#0.8120#0.0057#-0.2700#-3.1197
72.00:hum1:14.7816#-1.1395#0.8168#-0.0048#0.2255#-3.1200
73.00:hum1:14.8180#-1.1387#0.8071#0.0002#-0.0080#-3.1205
74.00:hum1:14.8449#-1.1382#0.8116#0.0041#-0.1946#-3.1201
75.00:hum1:13.7833#-1.1606#0.8153#0.0052#-0.2470#-3.1199
76.00:hum1:12.6136#-1.7023#0.8244#0.2791#0.2362#-0.8858
77.00:hum1:12.9081#-2.5121#0.8048#0.0564#-0.0143#-1.8190
78.00:hum1:12.7291#-3.8418#0.8466#-0.4942#0.0212#-1.6098
79.00:hum1:12.5222#-5.0905#0.9377#-0.9800#0.1621#-1.6783
80.00:hum1:12.8817#-3.7183#0.9191#0.9005#0.0507#1.6113
81.00:hum1:12.3847#-3.4162#0.8168#-0.2236#-0.0300#-1.4392
82.00:hum1:13.1430#-3.6526#0.8153#-0.2171#0.1187#1.0783
83.00:hum1:12.8929#-3.9030#0.8244#0.3636#-0.0001#-1.5707
84.00:hum1:12.8348#-5.1950#0.8048#0.0578#-0.0067#-1.6850
85.00:hum1:12.6318#-6.4485#0.8466#-0.4847#0.1025#-1.7624
86.00:hum1:12.3508#-7.7234#0.9377#-0.9778#0.1811#-1.6912
87.00:hum1:13.1355#-6.7474#0.9191#0.8842#-0.2068#1.4045
88.00:hum1:13.4031#-5.7593#0.8168#0.2180#-0.0586#1.3127
89.00:hum1:13.0967#-5.3853#0.8153#0.2469#0.0073#-1.5417
90.00:hum1:12.9633#-6.4891#0.8244#0.3466#-0.1123#-1.8714
91.00:hum1:12.5432#-7.7555#0.8048#0.0553#-0.0183#-1.8906
92.00:hum1:12.8784#-6.8744#0.8466#0.4943#0.0181#1.6046
93.00:hum1:12.8275#-5.5696#0.9377#0.9884#0.0326#1.5926
94.00:hum1:12.3837#-5.5935#0.9191#-0.8975#-0.1009#-1.4903
95.00:hum1:12.4148#-5.8322#0.8120#0.2679#0.0343#-1.4463
96.00:hum1:12.4148#-5.8322#0.8120#0.2679#0.0343#-1.4463
97.00:hum1:12.4148#-5.8322#0.8120#0.2679#0.0343#-1.4463
98.00:hum1:12.4148#-5.8322#0.8120#0.2679#0.0343#-1.4463
99.00:hum1:12.4148#-5.8322#0.8120#0.2679#0.0343#-1.4463
100.00:hum1:12.4148#-5.8322#0.8120#0.2679#0.0343#-1.4463
101.00:hum1:12.4148#-5.8322#0.8120#0.2679#0.0343#-1.4463
102.00:hum1:12.4148#-5.8322#0.8120#0.2679#0.0343#-1.4463
103.00:hum1:12.4148#-5.8322#0.8120#0.2679#0.0343#-1.4463
104.00:hum1:12.4148#-5.8322#0.8120#0.2679#0.0343#-1.4463
105.00:hum1:12.4148#-5.8322#0.8120#0.2679#0.0343#-1.4463
106.00:hum1:12.4148#-5.8322#0.8120#0.2679#0.0343#-1.4463
107.00:hum1:13.1222#-5.4314#0.8071#-0.0076#0.0027#1.2279
108.00:hum1:12.7980#-5.8262#0.8215#0.3152#0.0206#-1.5075
109.00:hum1:12.6120#-6.9878#0.8161#0.2951#-0.0611#-1.7686
110.00:hum1:12.4246#-7.8811#0.8267#0.3655#-0.0750#-1.7638
111.00:hum1:12.8471#-8.2781#0.8204#-0.3228#0.0807#1.3346
112.00:hum1:13.0740#-7.3876#0.8374#0.4142#-0.1023#1.3430
113.00:hum1:13.3168#-6.4335#0.8081#-0.1241#0.0316#1.3234
114.00:hum1:13.5974#-5.3315#0.8281#-0.3605#0.0897#1.3378
115.00:hum1:13.8519#-4.3326#0.8262#0.3193#-0.0799#1.3343
116.00:hum1:13.8519#-4.3326#0.8262#0.3193#-0.0799#1.3343
117.00:hum1:13.8519#-4.3326#0.8262#0.3193#-0.0799#1.3343
118.00:hum1:13.8519#-4.3326#0.8262#0.3193#-0.0799#1.3343
119.00:hum1:13.8519#-4.3326#0.8262#0.3193#-0.0799#1.3343
120.00:hum1:13.8519#-4.3326#0.8262#0.3193#-0.0799#1.3343
121.00:hum1:13.8519#-4.3326#0.8262#0.3193#-0.0799#1.3343
122.00:hum1:13.8519#-4.3326#0.8262#0.3193#-0.0799#1.3343
123.00:hum1:13.8519#-4.3326#0.8262#0.3193#-0.0799#1.3343
124.00:hum1:13.3587#-4.4181#0.8215#0.3117#0.0518#-1.4111
125.00:hum1:13.3179#-5.4588#0.8161#0.2678#-0.1395#-2.0395
126.00:hum1:13.0631#-6.8524#0.8069#-0.0821#-0.0035#-1.5282
127.00:hum1:13.1184#-8.1455#0.8763#-0.6817#-0.0268#-1.5375
128.00:hum1:13.1749#-9.4647#0.9597#-1.0864#-0.0376#-1.5507
129.00:hum1:13.6158#-9.3516#0.8496#0.5122#0.0655#1.6870
130.00:hum1:13.7138#-8.4676#0.8071#-0.0078#0.0020#1.3162
131.00:hum1:13.9820#-7.4374#0.9484#1.0225#-0.2188#1.4393
132.00:hum1:13.9908#-7.4035#0.8496#0.5020#-0.1247#1.3482