
1.00:-4.1098#-1.2873#0.2401#-0.0001#-0.0023#-0.0001
2.00:-4.1099#-1.2873#0.2401#-0.0001#-0.0024#-0.0002
3.00:-4.1101#-1.2873#0.2401#-0.0001#-0.0025#-0.0002
4.00:-4.1102#-1.2874#0.2401#-0.0001#-0.0025#-0.0002
5.00:-4.1103#-1.2874#0.2401#-0.0001#-0.0025#-0.0003
6.00:-4.1104#-1.2874#0.2401#-0.0001#-0.0026#-0.0003
7.00:-4.1105#-1.2874#0.2401#-0.0001#-0.0026#-0.0003
8.00:-4.1106#-1.2874#0.2401#-0.0001#-0.0024#-0.0004
9.00:-4.1108#-1.2874#0.2401#-0.0001#-0.0024#-0.0006
10.00:-4.1108#-1.2874#0.2401#-0.0001#-0.0021#-0.0007
11.00:-3.9215#-1.2886#0.2402#-0.0001#-0.0034#-0.0078
12.00:-3.1812#-1.0120#0.2401#0.0013#-0.0013#0.8589
13.00:-3.1519#-0.9865#0.2401#0.0014#-0.0017#0.7289
14.00:-3.1431#-0.9985#0.2401#0.0008#-0.0021#0.4222
15.00:-3.1373#-1.0127#0.2401#0.0002#-0.0022#0.1171
16.00:-3.0833#-1.0335#0.2401#-0.0004#-0.0021#-0.1593
17.00:-2.1006#-1.1794#0.2401#-0.0003#-0.0015#-0.1451
18.00:-0.9471#-1.3480#0.2401#-0.0003#-0.0017#-0.1452
19.00:0.2063#-1.5166#0.2401#-0.0003#-0.0018#-0.1450
20.00:1.2953#-1.6753#0.2400#-0.0003#-0.0011#-0.1431
21.00:1.5156#-1.6935#0.2401#0.0000#-0.0021#0.0209
22.00:1.8239#-1.6274#0.2401#0.0003#-0.0018#0.1994
23.00:2.9426#-1.4019#0.2401#0.0003#-0.0016#0.1990
24.00:4.0872#-1.1709#0.2400#0.0002#-0.0011#0.1991
25.00:4.4808#-1.0942#0.2401#0.0001#-0.0019#0.1360
26.00:4.5177#-1.1116#0.2401#-0.0004#-0.0024#-0.1397
27.00:5.4561#-1.2686#0.2400#-0.0003#-0.0015#-0.1657
28.00:6.6062#-1.4604#0.2400#-0.0003#-0.0014#-0.1652
29.00:7.4464#-1.5936#0.2400#-0.0002#-0.0011#-0.1243
30.00:7.5519#-1.5806#0.2401#0.0002#-0.0023#0.1297
31.00:8.4107#-1.4678#0.2401#0.0000#-0.0014#0.1165
32.00:9.5684#-1.3324#0.2401#0.0001#-0.0016#0.1166
33.00:10.7263#-1.1964#0.2401#0.0002#-0.0017#0.1172
34.00:11.8200#-1.0676#0.2400#0.0001#-0.0011#0.1217
35.00:11.9953#-1.0517#0.2401#-0.0001#-0.0021#-0.0075
36.00:12.3845#-1.1338#0.2401#-0.0005#-0.0018#-0.2154
37.00:13.3396#-1.3489#0.2400#-0.0003#-0.0010#-0.2028
38.00:13.4686#-1.3546#0.2401#-0.0000#-0.0026#0.0251
39.00:13.8393#-1.3309#0.2401#-0.0000#-0.0016#0.0253
40.00:13.8384#-1.3453#0.2401#-0.0007#-0.0021#-0.2652
41.00:13.8337#-1.3589#0.2401#-0.0012#-0.0018#-0.5546
42.00:13.8252#-1.3706#0.2401#-0.0017#-0.0014#-0.8431
43.00:13.8654#-1.4713#0.2401#-0.0017#-0.0008#-1.0900
44.00:14.0993#-1.9207#0.2401#-0.0015#-0.0007#-1.0834
45.00:14.0993#-1.9207#0.2401#-0.0013#-0.0006#-1.0834
46.00:14.0992#-1.9206#0.2401#-0.0013#-0.0006#-1.0834
47.00:14.0992#-1.9205#0.2401#-0.0014#-0.0006#-1.0835
48.00:14.0991#-1.9205#0.2401#-0.0013#-0.0006#-1.0835
49.00:14.0991#-1.9204#0.2401#-0.0013#-0.0006#-1.0835
50.00:14.0991#-1.9204#0.2401#-0.0013#-0.0006#-1.0835
51.00:14.0990#-1.9203#0.2401#-0.0013#-0.0006#-1.0836
52.00:14.0990#-1.9202#0.2401#-0.0013#-0.0006#-1.0836
53.00:14.0989#-1.9202#0.2401#-0.0013#-0.0006#-1.0836
54.00:14.0989#-1.9201#0.2401#-0.0014#-0.0007#-1.0836
55.00:14.0988#-1.9200#0.2401#-0.0013#-0.0006#-1.0837
56.00:14.0988#-1.9200#0.2401#-0.0014#-0.0007#-1.0837
57.00:14.0988#-1.9199#0.2401#-0.0014#-0.0006#-1.0838
58.00:14.0987#-1.9199#0.2401#-0.0014#-0.0006#-1.0838
59.00:14.0987#-1.9198#0.2401#-0.0013#-0.0006#-1.0838
60.00:14.0986#-1.9197#0.2401#-0.0013#-0.0006#-1.0838
61.00:14.0986#-1.9197#0.2401#-0.0013#-0.0006#-1.0838
62.00:14.0985#-1.9196#0.2401#-0.0013#-0.0006#-1.0839
63.00:14.0984#-1.9195#0.2401#-0.0014#-0.0006#-1.0838
64.00:14.0984#-1.9195#0.2401#-0.0013#-0.0006#-1.0839
65.00:14.0984#-1.9194#0.2401#-0.0013#-0.0006#-1.0839
66.00:14.0983#-1.9193#0.2401#-0.0014#-0.0007#-1.0839
67.00:14.0983#-1.9193#0.2401#-0.0013#-0.0006#-1.0839
68.00:14.0982#-1.9192#0.2401#-0.0013#-0.0006#-1.0839
69.00:14.0982#-1.9192#0.2401#-0.0013#-0.0006#-1.0839
70.00:14.0981#-1.9191#0.2401#-0.0013#-0.0006#-1.0839
71.00:14.0981#-1.9190#0.2401#-0.0013#-0.0006#-1.0839
72.00:14.0871#-1.9244#0.2401#-0.0021#-0.0004#-1.3274
73.00:14.0726#-1.9273#0.2401#-0.0022#0.0002#-1.6195
74.00:13.9952#-2.5089#0.2400#-0.0013#0.0002#-1.6883
75.00:13.8585#-3.6666#0.2400#-0.0014#0.0002#-1.6884
76.00:13.7219#-4.8246#0.2400#-0.0015#0.0002#-1.6882
77.00:13.5961#-5.8943#0.2400#-0.0010#0.0002#-1.6838
78.00:13.5879#-6.0875#0.2401#-0.0021#-0.0001#-1.5108
79.00:13.6216#-6.1770#0.2401#-0.0020#-0.0007#-1.2174
80.00:13.7350#-6.3537#0.2401#-0.0016#-0.0009#-1.0182
81.00:14.1645#-7.1703#0.2400#-0.0009#-0.0004#-1.0796
82.00:14.2067#-7.2440#0.2401#-0.0014#-0.0007#-1.0478
83.00:14.2067#-7.2440#0.2401#-0.0013#-0.0007#-1.0478
84.00:14.2067#-7.2440#0.2401#-0.0013#-0.0007#-1.0478
85.00:14.2066#-7.2439#0.2401#-0.0014#-0.0007#-1.0478
86.00:14.2602#-7.2973#0.2401#-0.0016#-0.0015#-0.8187
87.00:14.3367#-7.3426#0.2401#-0.0012#-0.0018#-0.5486
88.00:14.3365#-7.3425#0.2401#-0.0012#-0.0018#-0.5486
89.00:14.3363#-7.3424#0.2401#-0.0012#-0.0019#-0.5486
90.00:14.3362#-7.3423#0.2401#-0.0012#-0.0019#-0.5485
91.00:14.3360#-7.3422#0.2401#-0.0012#-0.0019#-0.5485
92.00:14.3359#-7.3420#0.2401#-0.0012#-0.0019#-0.5484
93.00:14.3358#-7.3420#0.2401#-0.0012#-0.0019#-0.5484
94.00:14.3356#-7.3418#0.2401#-0.0012#-0.0019#-0.5484
95.00:14.3355#-7.3417#0.2401#-0.0012#-0.0019#-0.5483
96.00:14.3353#-7.3416#0.2401#-0.0012#-0.0019#-0.5483
97.00:14.3352#-7.3415#0.2401#-0.0012#-0.0018#-0.5483
98.00:14.3350#-7.3414#0.2401#-0.0012#-0.0019#-0.5482
99.00:14.3349#-7.3413#0.2401#-0.0012#-0.0019#-0.5482
100.00:14.3347#-7.3412#0.2401#-0.0012#-0.0019#-0.5483
101.00:14.3345#-7.3410#0.2401#-0.0012#-0.0019#-0.5482
102.00:14.3344#-7.3409#0.2401#-0.0012#-0.0019#-0.5481
103.00:14.3342#-7.3408#0.2401#-0.0012#-0.0019#-0.5481
104.00:14.3341#-7.3407#0.2401#-0.0012#-0.0019#-0.5480
105.00:14.3339#-7.3406#0.2401#-0.0012#-0.0018#-0.5479
106.00:14.3337#-7.3405#0.2401#-0.0012#-0.0019#-0.5479
107.00:14.3336#-7.3404#0.2401#-0.0012#-0.0018#-0.5480
108.00:14.3334#-7.3403#0.2401#-0.0012#-0.0018#-0.5480
109.00:14.3332#-7.3402#0.2401#-0.0012#-0.0018#-0.5480
110.00:14.3330#-7.3401#0.2401#-0.0012#-0.0019#-0.5479
111.00:14.3329#-7.3399#0.2401#-0.0012#-0.0019#-0.5479
112.00:14.3327#-7.3398#0.2401#-0.0012#-0.0019#-0.5479
113.00:14.3325#-7.3397#0.2401#-0.0012#-0.0019#-0.5479
114.00:14.3324#-7.3396#0.2401#-0.0012#-0.0019#-0.5478
115.00:14.3322#-7.3395#0.2401#-0.0012#-0.0019#-0.5478
116.00:14.3320#-7.3394#0.2401#-0.0012#-0.0019#-0.5478
117.00:14.3319#-7.3393#0.2401#-0.0012#-0.0018#-0.5478
118.00:14.3317#-7.3391#0.2401#-0.0012#-0.0018#-0.5478
119.00:14.3315#-7.3390#0.2401#-0.0012#-0.0018#-0.5478
120.00:14.3314#-7.3389#0.2401#-0.0012#-0.0019#-0.5478
121.00:14.3312#-7.3388#0.2401#-0.0012#-0.0018#-0.5479
122.00:14.3310#-7.3387#0.2401#-0.0012#-0.0018#-0.5479
123.00:14.3308#-7.3386#0.2401#-0.0012#-0.0019#-0.5479
124.00:14.3307#-7.3385#0.2401#-0.0012#-0.0018#-0.5479
125.00:14.3305#-7.3384#0.2401#-0.0012#-0.0018#-0.5479
126.00:14.3304#-7.3383#0.2401#-0.0012#-0.0018#-0.5478
127.00:14.3302#-7.3382#0.2401#-0.0012#-0.0019#-0.5479
128.00:14.3300#-7.3381#0.2401#-0.0012#-0.0018#-0.5479
129.00:14.3299#-7.3380#0.2401#-0.0012#-0.0018#-0.5479
130.00:14.3297#-7.3378#0.2401#-0.0012#-0.0018#-0.5479
131.00:14.3295#-7.3377#0.2401#-0.0012#-0.0018#-0.5478
132.00:14.3294#-7.3376#0.2401#-0.0012#-0.0018#-0.5478