
1.00:hum1:-0.2750#-0.5250#0.8025#-0.0000#0.0000#-0.0000
2.00:hum1:-0.2750#-0.5250#0.8025#-0.0000#0.0000#-0.0000
3.00:hum1:-0.2750#-0.5250#0.8025#-0.0000#0.0000#-0.0000
4.00:hum1:-0.2750#-0.5250#0.8025#-0.0000#0.0000#-0.0000
5.00:hum1:-0.2750#-0.5250#0.8025#-0.0000#0.0000#-0.0000
6.00:hum1:-0.2750#-0.5250#0.8025#-0.0000#0.0000#-0.0000
7.00:hum1:-0.2750#-0.5250#0.8025#-0.0000#0.0000#-0.0000
8.00:hum1:-0.2750#-0.5250#0.8025#-0.0000#0.0000#-0.0000
9.00:hum1:-0.2750#-0.5250#0.8025#-0.0000#0.0000#-0.0000
10.00:hum1:-0.2750#-0.5250#0.8025#-0.0000#0.0000#-0.0000
11.00:hum1:-0.2750#-0.5250#0.8025#-0.0000#0.0000#-0.0000
12.00:hum1:-0.2750#-0.5250#0.8025#-0.0000#0.0000#-0.0000
13.00:hum1:-0.2750#-0.5250#0.8025#-0.0000#0.0000#-0.0000
14.00:hum1:-0.2750#-0.5250#0.8025#-0.0000#0.0000#-0.0000
15.00:hum1:-0.2750#-0.5250#0.8025#-0.0000#0.0000#-0.0000
16.00:hum1:-0.2750#-0.5250#0.8025#-0.0000#0.0000#-0.0000
17.00:hum1:-0.2750#-0.5250#0.8025#-0.0000#0.0000#-0.0000
18.00:hum1:0.4174#-0.7529#0.8153#0.0552#0.2409#-0.2273
19.00:hum1:1.6158#-1.0093#0.8244#0.0698#0.3571#-0.1971
20.00:hum1:2.9346#-1.2526#0.8048#0.0089#0.0575#-0.1526
21.00:hum1:4.2208#-1.4588#0.8466#-0.0674#-0.4903#-0.1420
22.00:hum1:4.7706#-1.5279#0.8204#0.0432#0.3297#-0.1324
23.00:hum1:4.7706#-1.5279#0.8204#0.0432#0.3297#-0.1324
24.00:hum1:4.9140#-1.5482#0.8120#0.0131#0.2697#-0.0488
25.00:hum1:6.2441#-1.5456#0.8115#0.0093#-0.1617#0.0583
26.00:hum1:7.5575#-1.4655#0.8908#0.0753#-0.7590#0.1095
27.00:hum1:8.8552#-1.3516#0.9484#0.1839#-1.0268#0.2144
28.00:hum1:8.9626#-1.3397#0.8025#-0.0000#0.0000#0.1105
29.00:hum1:8.9626#-1.3397#0.8025#-0.0000#0.0000#0.1105
30.00:hum1:8.9626#-1.3397#0.8025#-0.0000#0.0000#0.1105
31.00:hum1:8.9626#-1.3397#0.8025#-0.0000#0.0000#0.1105
32.00:hum1:8.9626#-1.3397#0.8025#-0.0000#0.0000#0.1105
33.00:hum1:8.9518#-1.4012#0.8120#0.1507#0.2249#-0.5977
34.00:hum1:10.2746#-1.8738#0.8115#0.0354#-0.1581#0.2219
35.00:hum1:11.5245#-1.6932#0.8908#0.0588#-0.7602#0.0855
36.00:hum1:12.1618#-2.0059#0.9484#-1.0185#-0.2461#-1.4214
37.00:hum1:13.0960#-2.3400#0.8374#0.3073#-0.2998#0.8217
38.00:hum1:13.2443#-1.9151#0.8081#0.1253#-0.0264#-1.7774
39.00:hum1:13.0271#-3.0774#0.8281#0.3710#-0.0071#-1.5888
40.00:hum1:13.2323#-4.4398#0.8120#0.2332#0.1374#-1.0473
41.00:hum1:13.3259#-4.5962#0.8025#0.0000#0.0000#-1.0311
42.00:hum1:13.3259#-4.5962#0.8025#0.0000#0.0000#-1.0311
43.00:hum1:13.3259#-4.5962#0.8025#0.0000#0.0000#-1.0311
44.00:hum1:13.3259#-4.5962#0.8025#0.0000#0.0000#-1.0311
45.00:hum1:13.3259#-4.5962#0.8025#0.0000#0.0000#-1.0311
46.00:hum1:13.3259#-4.5962#0.8025#0.0000#0.0000#-1.0311
47.00:hum1:13.3259#-4.5962#0.8025#0.0000#0.0000#-1.0311
48.00:hum1:13.3259#-4.5962#0.8025#0.0000#0.0000#-1.0311
49.00:hum1:13.3259#-4.5962#0.8025#0.0000#0.0000#-1.0311
50.00:hum1:14.5686#-4.0837#0.8025#-0.0000#0.0000#0.5873
51.00:hum1:14.5686#-4.0837#0.8025#-0.0000#0.0000#0.5873