
1.00:hum1:-0.2750#-0.5250#0.8025#-0.0000#0.0000#-0.0000
2.00:hum1:-0.2750#-0.5250#0.8025#-0.0000#0.0000#-0.0000
3.00:hum1:-0.2750#-0.5250#0.8025#-0.0000#0.0000#-0.0000
4.00:hum1:-0.2750#-0.5250#0.8025#-0.0000#0.0000#-0.0000
5.00:hum1:-0.2750#-0.5250#0.8025#-0.0000#0.0000#-0.0000
6.00:hum1:-0.2750#-0.5250#0.8025#-0.0000#0.0000#-0.0000
7.00:hum1:-0.2750#-0.5250#0.8025#-0.0000#0.0000#-0.0000
8.00:hum1:-0.2750#-0.5250#0.8025#-0.0000#0.0000#-0.0000
9.00:hum1:-0.2750#-0.5250#0.8025#-0.0000#0.0000#-0.0000
10.00:hum1:-0.2750#-0.5250#0.8025#-0.0000#0.0000#-0.0000
11.00:hum1:0.3826#-0.6959#0.9598#-0.4306#-1.0337#-0.4906
12.00:hum1:1.6262#-0.6759#0.8721#0.0478#-0.6559#0.0787
13.00:hum1:2.0737#-0.6479#0.8025#-0.0000#0.0000#0.0624
14.00:hum1:2.0737#-0.6479#0.8025#-0.0000#0.0000#0.0624
15.00:hum1:2.0737#-0.6479#0.8025#-0.0000#0.0000#0.0624
16.00:hum1:2.5797#-0.7316#0.8215#0.0785#0.3062#-0.2548
17.00:hum1:3.6122#-0.9873#0.8721#-0.1836#-0.6349#-0.3031
18.00:hum1:3.6122#-0.9873#0.8721#-0.1836#-0.6349#-0.3031
19.00:hum1:4.3438#-1.1178#0.8763#-0.0873#-0.6775#-0.1384
20.00:hum1:5.6562#-1.2977#0.9597#-0.1578#-1.0802#-0.1781
21.00:hum1:6.7689#-1.3973#0.8496#-0.0439#-0.5143#-0.0888
22.00:hum1:7.7677#-1.5087#0.8071#0.0005#0.0080#-0.0662
23.00:hum1:8.8629#-1.5885#0.8215#0.0176#0.3153#-0.0564
24.00:hum1:9.4892#-1.6222#0.8025#0.0000#0.0000#-0.0535
25.00:hum1:9.4892#-1.6222#0.8025#0.0000#0.0000#-0.0535
26.00:hum1:9.4892#-1.6222#0.8025#0.0000#0.0000#-0.0535
27.00:hum1:9.4892#-1.6222#0.8025#0.0000#0.0000#-0.0535
28.00:hum1:9.4892#-1.6222#0.8025#0.0000#0.0000#-0.0535
29.00:hum1:9.4892#-1.6222#0.8025#0.0000#0.0000#-0.0535
30.00:hum1:9.4892#-1.6222#0.8025#0.0000#0.0000#-0.0535
31.00:hum1:9.4892#-1.6222#0.8025#0.0000#0.0000#-0.0535
32.00:hum1:9.4892#-1.6222#0.8025#0.0000#0.0000#-0.0535
33.00:hum1:9.4892#-1.6222#0.8025#0.0000#0.0000#-0.0535
34.00:hum1:10.0527#-1.6449#0.8244#-0.0312#0.3623#0.0882
35.00:hum1:11.3872#-1.5541#0.8048#-0.0059#0.0579#0.1021
36.00:hum1:12.6833#-1.4061#0.8466#0.0711#-0.4899#0.1506
37.00:hum1:13.0053#-1.3630#0.8025#-0.0000#0.0000#0.1328
38.00:hum1:13.0053#-1.3630#0.8025#-0.0000#0.0000#0.1328
39.00:hum1:13.0053#-1.3630#0.8025#-0.0000#0.0000#0.1328
40.00:hum1:13.0053#-1.3630#0.8025#-0.0000#0.0000#0.1328
41.00:hum1:13.0053#-1.3630#0.8025#-0.0000#0.0000#0.1328
42.00:hum1:13.0053#-1.3630#0.8025#-0.0000#0.0000#0.1328
43.00:hum1:13.0053#-1.3630#0.8025#-0.0000#0.0000#0.1328
44.00:hum1:13.0053#-1.3630#0.8025#-0.0000#0.0000#0.1328
45.00:hum1:13.4039#-1.3307#0.9413#-0.9637#0.3474#-1.8027
46.00:hum1:13.2646#-2.4758#0.8262#-0.3225#-0.0653#-1.3776
47.00:hum1:13.3173#-2.7306#0.8120#0.2647#0.0539#-1.3741
48.00:hum1:14.3062#-2.8265#0.8721#0.2437#-0.6169#0.4063
49.00:hum1:14.4679#-3.6285#0.8102#0.0528#-0.0970#0.5001
50.00:hum1:15.3971#-3.1238#0.8171#-0.1318#0.2375#0.5132
51.00:hum1:16.5521#-2.4967#0.8025#-0.0000#0.0000#0.4975
52.00:hum1:16.5217#-2.9927#0.8025#-0.0000#0.0000#0.6496
53.00:hum1:16.6791#-2.3642#0.8025#-0.0000#0.0000#0.4731
54.00:hum1:16.3746#-1.8045#0.8069#-0.0657#0.0494#-2.2136
55.00:hum1:16.4236#-2.0829#0.8374#-0.4144#0.1017#-1.7972
56.00:hum1:16.2933#-3.1023#0.8081#0.1278#-0.0080#-1.6324
57.00:hum1:16.3784#-3.3444#0.8273#-0.3300#0.0892#-1.8248
58.00:hum1:16.6546#-3.8733#0.8025#-0.0000#0.0000#0.8852
59.00:hum1:16.7362#-3.5591#0.8025#-0.0000#0.0000#1.4276
60.00:hum1:16.8371#-3.2920#0.8025#-0.0000#0.0000#1.4490
61.00:hum1:16.8570#-3.3405#0.8025#-0.0000#0.0000#0.8215
62.00:hum1:16.9677#-2.8699#0.8025#-0.0000#0.0000#1.4340
63.00:hum1:17.0910#-2.0761#0.8168#0.2239#-0.0274#1.4515
64.00:hum1:16.6660#-2.4378#0.8025#-0.0000#0.0000#0.4986