
1.00:-4.1098#-1.2873#0.2401#-0.0001#-0.0023#-0.0001
2.00:-4.1099#-1.2873#0.2401#-0.0001#-0.0024#-0.0002
3.00:-4.1101#-1.2873#0.2401#-0.0001#-0.0025#-0.0002
4.00:-4.1102#-1.2874#0.2401#-0.0001#-0.0025#-0.0002
5.00:-4.1103#-1.2874#0.2401#-0.0001#-0.0025#-0.0003
6.00:-4.1104#-1.2874#0.2401#-0.0001#-0.0026#-0.0003
7.00:-4.1105#-1.2874#0.2401#-0.0001#-0.0026#-0.0003
8.00:-4.1106#-1.2874#0.2401#-0.0001#-0.0024#-0.0004
9.00:-4.1108#-1.2874#0.2401#-0.0001#-0.0024#-0.0006
10.00:-4.1108#-1.2874#0.2401#-0.0001#-0.0021#-0.0007
11.00:-3.9215#-1.2886#0.2402#-0.0001#-0.0034#-0.0078
12.00:-3.1812#-1.0120#0.2401#0.0013#-0.0013#0.8589
13.00:-3.1519#-0.9865#0.2401#0.0014#-0.0017#0.7289
14.00:-3.1431#-0.9985#0.2401#0.0008#-0.0021#0.4222
15.00:-3.1373#-1.0127#0.2401#0.0002#-0.0022#0.1171
16.00:-3.0833#-1.0335#0.2401#-0.0004#-0.0021#-0.1593
17.00:-2.1006#-1.1794#0.2401#-0.0003#-0.0015#-0.1451
18.00:-0.9471#-1.3480#0.2401#-0.0003#-0.0017#-0.1452
19.00:0.2063#-1.5166#0.2401#-0.0003#-0.0018#-0.1450
20.00:1.2953#-1.6753#0.2400#-0.0003#-0.0011#-0.1431
21.00:1.5156#-1.6935#0.2401#0.0000#-0.0021#0.0209
22.00:1.8239#-1.6274#0.2401#0.0003#-0.0018#0.1994
23.00:2.9426#-1.4019#0.2401#0.0003#-0.0016#0.1990
24.00:3.5438#-0.9203#0.2400#0.0014#-0.0004#1.3207
25.00:3.6322#0.2408#0.2400#0.0014#-0.0001#1.5098
26.00:3.7002#1.2108#0.2402#0.0037#-0.0001#1.5854
27.00:3.7030#1.2097#0.2402#0.0036#-0.0000#1.5747
28.00:3.6981#1.2077#0.2401#0.0014#-0.0001#1.5608
29.00:3.6981#1.2077#0.2401#0.0014#-0.0001#1.5608
30.00:3.6981#1.2076#0.2401#0.0015#-0.0001#1.5608
31.00:3.6981#1.2076#0.2401#0.0014#-0.0001#1.5607
32.00:3.6981#1.2076#0.2401#0.0014#-0.0001#1.5607
33.00:3.6981#1.2075#0.2401#0.0014#-0.0001#1.5607
34.00:3.6981#1.2075#0.2401#0.0014#-0.0001#1.5607
35.00:3.6981#1.2074#0.2401#0.0015#-0.0001#1.5607
36.00:3.6981#1.2074#0.2401#0.0015#-0.0001#1.5607
37.00:3.6981#1.2073#0.2401#0.0015#-0.0001#1.5607
38.00:3.6981#1.2073#0.2401#0.0014#-0.0001#1.5607
39.00:3.6981#1.2072#0.2401#0.0015#-0.0001#1.5607
40.00:3.6981#1.2071#0.2401#0.0015#-0.0001#1.5607
41.00:3.6981#1.2070#0.2401#0.0016#-0.0001#1.5607
42.00:3.6981#1.2070#0.2401#0.0016#-0.0001#1.5608
43.00:3.6981#1.2069#0.2401#0.0016#-0.0001#1.5607
44.00:3.6981#1.2068#0.2401#0.0016#-0.0001#1.5607
45.00:3.6981#1.2067#0.2401#0.0015#-0.0001#1.5607
46.00:3.6981#1.2066#0.2401#0.0015#-0.0001#1.5607
47.00:3.6981#1.2065#0.2401#0.0017#-0.0001#1.5607
48.00:3.6981#1.2064#0.2401#0.0017#-0.0001#1.5606
49.00:3.6981#1.2064#0.2401#0.0016#-0.0001#1.5606
50.00:3.6981#1.2063#0.2401#0.0017#-0.0001#1.5606
51.00:3.6981#1.2062#0.2401#0.0017#-0.0001#1.5606
52.00:3.6981#1.2061#0.2401#0.0017#-0.0001#1.5606
53.00:3.6981#1.2060#0.2401#0.0017#-0.0001#1.5606
54.00:3.6981#1.2059#0.2401#0.0017#-0.0001#1.5606
55.00:3.6981#1.2058#0.2401#0.0016#-0.0001#1.5605
56.00:3.6981#1.2057#0.2401#0.0018#-0.0001#1.5605
57.00:3.6981#1.2057#0.2401#0.0016#-0.0001#1.5605
58.00:3.6981#1.2056#0.2401#0.0016#-0.0001#1.5604
59.00:3.6981#1.2055#0.2401#0.0017#-0.0001#1.5605
60.00:3.6981#1.2054#0.2401#0.0017#-0.0001#1.5604
61.00:3.6981#1.2053#0.2401#0.0017#-0.0001#1.5604
62.00:3.6981#1.2052#0.2401#0.0016#-0.0001#1.5604
63.00:3.6981#1.2051#0.2401#0.0017#-0.0001#1.5604
64.00:3.6981#1.2051#0.2401#0.0015#-0.0001#1.5604
65.00:3.6981#1.2050#0.2401#0.0016#-0.0001#1.5604
66.00:3.6980#1.2049#0.2401#0.0017#-0.0001#1.5604
67.00:3.6981#1.2048#0.2401#0.0017#-0.0001#1.5604
68.00:3.6980#1.2047#0.2401#0.0017#-0.0001#1.5604
69.00:3.6980#1.2047#0.2401#0.0016#-0.0001#1.5604
70.00:3.6980#1.2045#0.2401#0.0018#-0.0001#1.5604
71.00:3.6980#1.2045#0.2401#0.0016#-0.0001#1.5603
72.00:3.6980#1.2044#0.2401#0.0016#-0.0001#1.5604
73.00:3.6980#1.2043#0.2401#0.0017#-0.0001#1.5603
74.00:3.6980#1.2043#0.2401#0.0016#-0.0001#1.5603
75.00:3.6980#1.2042#0.2401#0.0015#-0.0001#1.5603
76.00:3.6980#1.2041#0.2401#0.0017#-0.0001#1.5603
77.00:3.6980#1.2041#0.2401#0.0016#-0.0001#1.5603
78.00:3.6980#1.2039#0.2401#0.0017#-0.0001#1.5603
79.00:3.6980#1.2038#0.2401#0.0017#-0.0001#1.5602
80.00:3.6980#1.2038#0.2401#0.0016#-0.0001#1.5602
81.00:3.6980#1.2037#0.2401#0.0016#-0.0001#1.5602
82.00:3.6980#1.2036#0.2401#0.0017#-0.0001#1.5602
83.00:3.6980#1.2036#0.2401#0.0015#-0.0001#1.5602
84.00:3.6980#1.2035#0.2401#0.0017#-0.0001#1.5602
85.00:3.6980#1.2034#0.2401#0.0017#-0.0001#1.5602
86.00:3.6980#1.2033#0.2401#0.0017#-0.0001#1.5602
87.00:3.6980#1.2032#0.2401#0.0017#-0.0001#1.5601
88.00:3.6980#1.2032#0.2401#0.0016#-0.0001#1.5601
89.00:3.6980#1.2031#0.2401#0.0017#-0.0001#1.5601
90.00:3.6980#1.2030#0.2401#0.0018#-0.0001#1.5601
91.00:3.6980#1.2029#0.2401#0.0017#-0.0001#1.5600