
2.00:hum1:-6.4000#-1.4250#0.8025#-0.0000#0.0000#-0.0000
3.00:hum1:-6.4000#-1.4250#0.8025#-0.0000#0.0000#-0.0000
4.00:hum1:-6.4000#-1.4250#0.8025#-0.0000#0.0000#-0.0000
5.00:hum1:-6.4000#-1.4250#0.8025#-0.0000#0.0000#-0.0000
6.00:hum1:-6.4000#-1.4250#0.8025#-0.0000#0.0000#-0.0000
7.00:hum1:-6.4000#-1.4250#0.8025#-0.0000#0.0000#-0.0000
8.00:hum1:-6.4000#-1.4250#0.8025#-0.0000#0.0000#-0.0000
9.00:hum1:-6.4000#-1.4250#0.8025#-0.0000#0.0000#-0.0000
10.00:hum1:-6.4000#-1.4250#0.8025#-0.0000#0.0000#-0.0000
11.00:hum1:-6.4000#-1.4250#0.8025#-0.0000#0.0000#-0.0000
12.00:hum1:-6.4000#-1.4250#0.8025#-0.0000#0.0000#-0.0000
13.00:hum1:-6.4000#-1.4250#0.8025#-0.0000#0.0000#-0.0000
14.00:hum1:-6.4000#-1.4250#0.8025#-0.0000#0.0000#-0.0000
15.00:hum1:-6.4000#-1.4250#0.8025#-0.0000#0.0000#-0.0000
16.00:hum1:-6.4000#-1.4250#0.8025#-0.0000#0.0000#-0.0000
17.00:hum1:-5.5089#-1.2980#0.9191#0.1797#-0.8886#0.2302
18.00:hum1:-4.4762#-1.1478#0.8721#0.1104#-0.6494#0.1817
19.00:hum1:-4.4762#-1.1478#0.8721#0.1104#-0.6494#0.1817
20.00:hum1:-4.4762#-1.1478#0.8721#0.1104#-0.6494#0.1817
21.00:hum1:-4.4762#-1.1478#0.8721#0.1104#-0.6494#0.1817
22.00:hum1:-4.4762#-1.1478#0.8721#0.1104#-0.6494#0.1817
23.00:hum1:-4.4762#-1.1478#0.8721#0.1104#-0.6494#0.1817
24.00:hum1:-4.4762#-1.1478#0.8721#0.1104#-0.6494#0.1817
25.00:hum1:-4.4762#-1.1478#0.8721#0.1104#-0.6494#0.1817
26.00:hum1:-4.4762#-1.1478#0.8721#0.1104#-0.6494#0.1817
27.00:hum1:-4.4762#-1.1478#0.8721#0.1104#-0.6494#0.1817
28.00:hum1:-4.1445#-1.2642#0.8044#-0.0013#-0.0071#-0.1835
29.00:hum1:-2.8788#-1.5169#0.8618#-0.1339#-0.5819#-0.2400
30.00:hum1:-1.6733#-1.6754#0.9598#-0.2216#-1.0740#-0.2505
31.00:hum1:-1.2514#-1.7269#0.8721#-0.0976#-0.6512#-0.1597
32.00:hum1:-1.4282#-1.7036#0.8102#-0.0210#-0.1084#-0.1914
33.00:hum1:-1.5270#-1.6779#0.8171#0.0711#0.2618#-0.2681
34.00:hum1:-1.1986#-1.2509#0.8204#-0.0968#-0.3185#2.8413
35.00:hum1:-1.2643#-1.2334#0.8044#0.0023#0.0068#2.8134
36.00:hum1:-1.4173#-1.1727#0.8618#0.2510#0.5458#2.6831
37.00:hum1:-1.2483#-1.7920#0.9598#-0.6657#-0.9382#-0.7717
38.00:hum1:-1.4127#-1.1667#0.8721#0.3159#0.5867#2.6087
39.00:hum1:-1.2612#-1.2377#0.8102#0.0488#0.0990#2.6832
40.00:hum1:-1.1711#-1.2910#0.8171#-0.1408#-0.2324#2.5903
41.00:hum1:-0.6885#-1.6156#0.8153#-0.0240#0.2459#0.0988
42.00:hum1:0.4587#-1.6512#0.8244#0.0559#0.3595#-0.1575
43.00:hum1:1.3300#-1.6682#0.8048#-0.0030#0.0581#0.0517
44.00:hum1:1.4635#-1.1598#0.8115#-0.0081#0.1618#-3.0909
45.00:hum1:0.1538#-1.2253#0.8908#-0.0474#0.7608#-3.0726
46.00:hum1:-0.1467#-1.7195#0.9484#0.1578#-1.0295#0.1840
47.00:hum1:0.8117#-1.6826#0.8374#-0.1589#-0.3969#-0.3926
48.00:hum1:1.4856#-1.8763#0.8081#-0.0089#0.1277#0.0698
49.00:hum1:2.3530#-1.8263#0.8281#0.0237#0.3703#-0.0650
50.00:hum1:2.9727#-1.3625#0.8120#-0.0209#-0.2692#3.0636
51.00:hum1:1.6688#-1.2643#0.8115#0.0123#0.1615#3.0655
52.00:hum1:0.3611#-1.1658#0.8908#0.0718#0.7593#3.0378
53.00:hum1:1.7976#-1.4849#0.9484#0.2229#-1.0219#0.2601
54.00:hum1:1.9735#-1.4630#0.8374#0.0497#-0.4232#0.1208
55.00:hum1:2.8765#-1.6417#0.8081#0.0209#0.1263#-0.1641
56.00:hum1:3.6490#-1.2045#0.8281#-0.0321#-0.3697#3.0533
57.00:hum1:4.5675#-1.5892#0.8120#-0.0278#0.2686#0.1048
58.00:hum1:5.1394#-1.5488#0.8115#-0.0315#-0.1589#-0.1964
59.00:hum1:5.9237#-1.1916#0.8908#0.1890#0.7428#2.8663
60.00:hum1:6.3160#-1.7823#0.8116#0.0396#0.1906#-0.2059
61.00:hum1:6.3160#-1.7823#0.8116#0.0396#0.1906#-0.2059
62.00:hum1:6.3160#-1.7823#0.8116#0.0396#0.1906#-0.2059
63.00:hum1:6.3160#-1.7823#0.8116#0.0396#0.1906#-0.2059
64.00:hum1:6.3160#-1.7823#0.8116#0.0396#0.1906#-0.2059
65.00:hum1:6.3160#-1.7823#0.8116#0.0396#0.1906#-0.2059
66.00:hum1:6.3160#-1.7823#0.8116#0.0396#0.1906#-0.2059
67.00:hum1:6.3160#-1.7823#0.8116#0.0396#0.1906#-0.2059
68.00:hum1:7.1315#-1.8713#0.8763#-0.0738#-0.6788#-0.1169
69.00:hum1:8.4545#-1.9675#0.9597#-0.1249#-1.0826#-0.1409
70.00:hum1:9.5850#-1.9809#0.8496#-0.0048#-0.5160#-0.0094
71.00:hum1:10.6043#-1.9160#0.8071#-0.0005#0.0080#0.0630
72.00:hum1:11.1881#-1.8798#0.8215#-0.0178#0.3153#0.0576
73.00:hum1:12.4379#-1.8113#0.8161#-0.0169#0.3008#0.0574
74.00:hum1:13.7668#-1.7384#0.8069#0.0045#-0.0821#0.0550
75.00:hum1:14.7708#-1.6833#0.8044#0.0004#-0.0072#0.0548
76.00:hum1:15.9696#-1.6175#0.8273#0.0194#-0.3409#0.0582
77.00:hum1:17.2637#-1.5465#0.9141#0.0656#-0.8766#0.0856
78.00:hum1:18.5418#-1.4764#0.9413#0.0855#-1.0022#0.1017
79.00:hum1:19.1704#-1.4419#0.8466#0.0294#-0.4938#0.0622
80.00:hum1:19.2592#-1.4370#0.8763#0.0442#-0.6810#0.0705