
2.00:-4.8099#-1.1623#0.2401#-0.0001#-0.0025#-0.0001
3.00:-4.8100#-1.1623#0.2401#-0.0001#-0.0024#-0.0001
4.00:-4.8100#-1.1623#0.2401#-0.0001#-0.0022#-0.0001
5.00:-4.8102#-1.1623#0.2401#-0.0001#-0.0025#-0.0002
6.00:-4.8103#-1.1623#0.2401#-0.0001#-0.0023#-0.0002
7.00:-4.8104#-1.1623#0.2401#-0.0001#-0.0025#-0.0002
8.00:-4.8105#-1.1623#0.2401#-0.0001#-0.0025#-0.0001
9.00:-4.8106#-1.1623#0.2401#-0.0001#-0.0023#-0.0002
10.00:-4.8106#-1.1624#0.2401#-0.0001#-0.0021#-0.0002
11.00:-4.8108#-1.1624#0.2401#-0.0001#-0.0022#-0.0003
12.00:-4.8109#-1.1624#0.2401#-0.0001#-0.0024#-0.0002
13.00:-4.8110#-1.1624#0.2401#-0.0001#-0.0023#-0.0003
14.00:-4.4983#-1.1357#0.2401#0.0004#-0.0022#0.2061
15.00:-3.9134#-0.6548#0.2401#0.0017#-0.0013#0.9573
16.00:-3.8915#-0.6420#0.2401#0.0013#-0.0017#0.7234
17.00:-3.8825#-0.6545#0.2401#0.0008#-0.0021#0.4145
18.00:-3.8767#-0.6684#0.2401#0.0001#-0.0022#0.1090
19.00:-3.8768#-0.6832#0.2401#-0.0005#-0.0020#-0.1915
20.00:-3.2033#-0.8618#0.2401#-0.0005#-0.0014#-0.2498
21.00:-2.0733#-1.1494#0.2401#-0.0005#-0.0014#-0.2489
22.00:-0.9862#-1.4255#0.2400#-0.0003#-0.0011#-0.2468
23.00:-0.7380#-1.4763#0.2401#-0.0003#-0.0021#-0.0973
24.00:-0.4220#-1.4460#0.2401#0.0001#-0.0019#0.0809
25.00:0.2350#-1.3958#0.2401#0.0000#-0.0016#0.0681
26.00:0.2349#-1.3958#0.2401#0.0000#-0.0017#0.0679
27.00:0.2348#-1.3958#0.2401#0.0000#-0.0018#0.0679
28.00:0.2347#-1.3958#0.2401#0.0000#-0.0016#0.0679
29.00:0.2345#-1.3958#0.2401#0.0001#-0.0017#0.0679
30.00:0.2344#-1.3958#0.2401#0.0000#-0.0017#0.0678
31.00:0.4635#-1.3812#0.2401#0.0000#-0.0021#0.0661
32.00:1.5885#-1.3098#0.2401#0.0000#-0.0015#0.0634
33.00:2.6879#-1.2397#0.2400#0.0000#-0.0011#0.0670
34.00:2.8588#-1.2258#0.2401#0.0001#-0.0017#0.0833
35.00:2.8587#-1.2258#0.2401#0.0001#-0.0018#0.0833
36.00:2.8586#-1.2258#0.2401#0.0001#-0.0017#0.0833
37.00:2.8585#-1.2259#0.2401#0.0001#-0.0017#0.0833
38.00:2.8584#-1.2259#0.2401#0.0001#-0.0015#0.0832
39.00:2.8583#-1.2259#0.2401#0.0001#-0.0017#0.0833
40.00:2.8582#-1.2259#0.2401#0.0001#-0.0017#0.0833
41.00:2.8581#-1.2260#0.2401#0.0001#-0.0018#0.0833
42.00:2.8580#-1.2260#0.2401#0.0001#-0.0016#0.0832
43.00:2.8579#-1.2260#0.2401#0.0001#-0.0016#0.0831
44.00:2.8594#-1.2365#0.2401#-0.0003#-0.0018#-0.1260
45.00:3.5745#-1.3902#0.2400#-0.0003#-0.0011#-0.2101
46.00:3.9001#-1.4500#0.2401#-0.0002#-0.0019#-0.0869
47.00:3.9700#-1.4423#0.2401#0.0001#-0.0020#0.0616
48.00:3.9699#-1.4423#0.2401#0.0000#-0.0020#0.0616
49.00:3.9697#-1.4424#0.2401#0.0001#-0.0020#0.0615
50.00:4.1203#-1.4329#0.2401#0.0000#-0.0022#0.0524
51.00:5.1983#-1.4144#0.2400#-0.0001#-0.0014#0.0137
52.00:6.3637#-1.3984#0.2401#-0.0000#-0.0017#0.0139
53.00:7.2603#-1.3852#0.2400#-0.0001#-0.0011#0.0193
54.00:7.2828#-1.3848#0.2401#-0.0000#-0.0016#0.0214
55.00:7.2826#-1.3848#0.2401#-0.0000#-0.0017#0.0214
56.00:7.2826#-1.3848#0.2401#-0.0000#-0.0017#0.0214
57.00:7.2824#-1.3848#0.2401#-0.0000#-0.0017#0.0214
58.00:7.2824#-1.3848#0.2401#-0.0000#-0.0016#0.0213
59.00:7.2822#-1.3848#0.2401#-0.0000#-0.0017#0.0214
60.00:7.8192#-1.3816#0.2401#-0.0001#-0.0014#-0.0059
61.00:8.9852#-1.3870#0.2401#-0.0001#-0.0016#-0.0045
62.00:10.1509#-1.3922#0.2401#-0.0001#-0.0015#-0.0045
63.00:11.3167#-1.3973#0.2401#-0.0001#-0.0016#-0.0042
64.00:12.1163#-1.3968#0.2400#-0.0001#-0.0012#0.0209
65.00:12.1208#-1.3965#0.2401#-0.0000#-0.0015#0.0253
66.00:12.1208#-1.3965#0.2401#-0.0000#-0.0015#0.0253
67.00:12.1207#-1.3965#0.2401#-0.0000#-0.0015#0.0253
68.00:12.1206#-1.3965#0.2401#-0.0000#-0.0015#0.0253
69.00:12.1205#-1.3965#0.2401#-0.0000#-0.0015#0.0252
70.00:12.1204#-1.3965#0.2401#-0.0000#-0.0016#0.0252
71.00:12.1204#-1.3965#0.2401#-0.0000#-0.0015#0.0252
72.00:12.4335#-1.3965#0.2401#-0.0001#-0.0018#-0.0161
73.00:13.5811#-1.4451#0.2400#-0.0001#-0.0013#-0.0429
74.00:14.7459#-1.4949#0.2401#-0.0001#-0.0014#-0.0424
75.00:15.9105#-1.5442#0.2401#-0.0001#-0.0016#-0.0422
76.00:17.0792#-1.5933#0.2401#-0.0001#-0.0016#-0.0421
77.00:18.2440#-1.6421#0.2400#-0.0001#-0.0013#-0.0420
78.00:19.4087#-1.6910#0.2401#-0.0002#-0.0016#-0.0420
79.00:19.8685#-1.7027#0.2401#-0.0001#-0.0016#0.0106
80.00:19.8684#-1.7027#0.2401#-0.0001#-0.0015#0.0106