
2.00:-4.8099#-1.1623#0.2401#-0.0001#-0.0025#-0.0001
3.00:-4.8100#-1.1623#0.2401#-0.0001#-0.0024#-0.0001
4.00:-4.8100#-1.1623#0.2401#-0.0001#-0.0022#-0.0001
5.00:-4.8102#-1.1623#0.2401#-0.0001#-0.0025#-0.0002
6.00:-4.8103#-1.1623#0.2401#-0.0001#-0.0023#-0.0002
7.00:-4.8104#-1.1623#0.2401#-0.0001#-0.0025#-0.0002
8.00:-4.8105#-1.1623#0.2401#-0.0001#-0.0025#-0.0001
9.00:-4.8106#-1.1623#0.2401#-0.0001#-0.0023#-0.0002
10.00:-4.8106#-1.1624#0.2401#-0.0001#-0.0021#-0.0002
11.00:-4.7629#-1.1629#0.2402#-0.0001#-0.0036#-0.0032
12.00:-3.9890#-0.8621#0.2400#0.0008#-0.0009#0.7717
13.00:-3.9052#-0.7654#0.2401#0.0015#-0.0017#0.7689
14.00:-3.8963#-0.7772#0.2401#0.0009#-0.0020#0.4594
15.00:-3.8902#-0.7912#0.2401#0.0002#-0.0022#0.1562
16.00:-3.8899#-0.8060#0.2401#-0.0004#-0.0020#-0.1454
17.00:-3.2078#-0.9545#0.2401#-0.0004#-0.0016#-0.2055
18.00:-2.0664#-1.1923#0.2401#-0.0004#-0.0015#-0.2053
19.00:-0.9681#-1.4203#0.2400#-0.0003#-0.0011#-0.2038
20.00:-0.7174#-1.4597#0.2401#-0.0002#-0.0020#-0.0593
21.00:-0.2664#-1.4203#0.2401#0.0001#-0.0021#0.0787
22.00:0.4130#-1.3681#0.2401#0.0000#-0.0014#0.0652
23.00:0.4129#-1.3681#0.2401#0.0000#-0.0014#0.0652
24.00:0.4128#-1.3681#0.2401#0.0000#-0.0014#0.0652
25.00:0.4127#-1.3681#0.2401#0.0000#-0.0016#0.0653
26.00:0.4126#-1.3681#0.2401#0.0000#-0.0016#0.0653
27.00:0.4124#-1.3681#0.2401#0.0001#-0.0018#0.0653
28.00:0.4123#-1.3681#0.2401#0.0001#-0.0018#0.0653
29.00:0.4122#-1.3681#0.2401#0.0000#-0.0017#0.0652
30.00:0.4120#-1.3681#0.2401#0.0000#-0.0017#0.0652
31.00:0.4120#-1.3681#0.2401#0.0000#-0.0017#0.0652
32.00:0.4118#-1.3681#0.2401#0.0000#-0.0017#0.0652
33.00:0.4117#-1.3682#0.2401#0.0000#-0.0018#0.0651
34.00:0.4116#-1.3682#0.2401#0.0000#-0.0016#0.0651
35.00:0.4115#-1.3682#0.2401#0.0000#-0.0015#0.0651
36.00:0.6826#-1.3524#0.2401#0.0000#-0.0019#0.0570
37.00:1.8226#-1.2928#0.2401#0.0000#-0.0014#0.0521
38.00:2.9868#-1.2319#0.2401#0.0001#-0.0017#0.0524
39.00:4.1528#-1.1712#0.2400#-0.0000#-0.0011#0.0520
40.00:4.5443#-1.1485#0.2401#0.0001#-0.0020#0.0580
41.00:4.5441#-1.1486#0.2401#0.0000#-0.0020#0.0579
42.00:4.5440#-1.1486#0.2401#0.0001#-0.0020#0.0579
43.00:4.5437#-1.1486#0.2401#0.0000#-0.0020#0.0578
44.00:4.5435#-1.1487#0.2401#0.0000#-0.0020#0.0577
45.00:4.5433#-1.1487#0.2401#0.0000#-0.0020#0.0576
46.00:4.5431#-1.1487#0.2401#0.0000#-0.0020#0.0576
47.00:4.5430#-1.1488#0.2401#0.0001#-0.0020#0.0576
48.00:4.5428#-1.1488#0.2401#0.0001#-0.0020#0.0576
49.00:4.5426#-1.1488#0.2401#0.0001#-0.0020#0.0575
50.00:4.5424#-1.1488#0.2401#0.0000#-0.0020#0.0576
51.00:4.5422#-1.1489#0.2401#0.0000#-0.0020#0.0575
52.00:4.5420#-1.1489#0.2401#0.0000#-0.0020#0.0575
53.00:4.9599#-1.1353#0.2401#-0.0000#-0.0020#0.0135
54.00:6.1241#-1.1260#0.2400#-0.0001#-0.0015#0.0082
55.00:7.2898#-1.1161#0.2401#-0.0001#-0.0016#0.0086
56.00:7.7993#-1.1099#0.2401#-0.0000#-0.0015#0.0218
57.00:7.7993#-1.1099#0.2401#-0.0000#-0.0015#0.0218
58.00:7.7992#-1.1099#0.2401#-0.0000#-0.0015#0.0217
59.00:7.7991#-1.1100#0.2401#-0.0000#-0.0014#0.0217
60.00:7.7991#-1.1100#0.2401#-0.0000#-0.0014#0.0217
61.00:7.7990#-1.1100#0.2401#-0.0000#-0.0014#0.0217
62.00:7.7989#-1.1100#0.2401#-0.0000#-0.0015#0.0217
63.00:8.3349#-1.1083#0.2401#-0.0001#-0.0015#-0.0114
64.00:9.5006#-1.1208#0.2401#-0.0001#-0.0014#-0.0108
65.00:10.6664#-1.1331#0.2401#-0.0000#-0.0015#-0.0103
66.00:11.8322#-1.1449#0.2401#-0.0001#-0.0014#-0.0100
67.00:12.5206#-1.1472#0.2401#-0.0000#-0.0014#0.0247
68.00:12.5205#-1.1472#0.2401#-0.0000#-0.0014#0.0249
69.00:12.5205#-1.1472#0.2401#-0.0000#-0.0014#0.0249
70.00:12.5204#-1.1472#0.2401#-0.0000#-0.0015#0.0248
71.00:12.5203#-1.1472#0.2401#-0.0000#-0.0015#0.0248
72.00:12.5201#-1.1472#0.2401#-0.0000#-0.0016#0.0247
73.00:12.5200#-1.1473#0.2401#-0.0000#-0.0016#0.0247
74.00:12.5200#-1.1473#0.2401#-0.0000#-0.0015#0.0247
75.00:12.5198#-1.1473#0.2401#-0.0000#-0.0016#0.0247
76.00:12.5197#-1.1473#0.2401#-0.0000#-0.0017#0.0247
77.00:12.5197#-1.1473#0.2401#-0.0000#-0.0015#0.0246
78.00:12.5196#-1.1473#0.2401#-0.0000#-0.0016#0.0246
79.00:12.5195#-1.1473#0.2401#-0.0000#-0.0016#0.0246
80.00:12.5193#-1.1473#0.2401#-0.0000#-0.0018#0.0246
81.00:12.8829#-1.1461#0.2401#-0.0001#-0.0019#-0.0163
82.00:14.0399#-1.1843#0.2401#-0.0001#-0.0015#-0.0337
83.00:15.2053#-1.2232#0.2401#-0.0001#-0.0014#-0.0330
84.00:16.1865#-1.2532#0.2400#-0.0001#-0.0010#-0.0187
85.00:16.2444#-1.2533#0.2401#-0.0001#-0.0014#-0.0073
86.00:16.2443#-1.2533#0.2401#-0.0001#-0.0015#-0.0073
87.00:16.2443#-1.2533#0.2401#-0.0001#-0.0015#-0.0073
88.00:16.2442#-1.2533#0.2401#-0.0001#-0.0015#-0.0074
89.00:16.2441#-1.2533#0.2401#-0.0001#-0.0015#-0.0074
90.00:16.2440#-1.2533#0.2401#-0.0001#-0.0016#-0.0074
91.00:16.2440#-1.2533#0.2401#-0.0001#-0.0014#-0.0074
92.00:16.2439#-1.2533#0.2401#-0.0001#-0.0015#-0.0075
93.00:16.2438#-1.2533#0.2401#-0.0001#-0.0015#-0.0075
94.00:16.2437#-1.2533#0.2401#-0.0001#-0.0016#-0.0075
95.00:16.2437#-1.2533#0.2401#-0.0001#-0.0015#-0.0076
96.00:16.2436#-1.2533#0.2401#-0.0001#-0.0014#-0.0076
97.00:16.2435#-1.2533#0.2401#-0.0001#-0.0016#-0.0076
98.00:16.2435#-1.2533#0.2401#-0.0001#-0.0015#-0.0077
99.00:16.2434#-1.2533#0.2401#-0.0001#-0.0015#-0.0077
100.00:16.2433#-1.2533#0.2401#-0.0001#-0.0015#-0.0077
101.00:16.5583#-1.2621#0.2401#-0.0001#-0.0018#-0.0417
102.00:17.7063#-1.3316#0.2401#-0.0002#-0.0016#-0.0612
103.00:18.8699#-1.4030#0.2401#-0.0001#-0.0016#-0.0614
104.00:19.8108#-1.4569#0.2400#-0.0001#-0.0011#-0.0330
105.00:19.8520#-1.4567#0.2401#-0.0001#-0.0014#-0.0116
106.00:19.8519#-1.4567#0.2401#-0.0001#-0.0014#-0.0116
107.00:19.8519#-1.4567#0.2401#-0.0001#-0.0014#-0.0117
108.00:19.8518#-1.4567#0.2401#-0.0001#-0.0014#-0.0117
109.00:19.8517#-1.4567#0.2401#-0.0001#-0.0015#-0.0117
110.00:19.8515#-1.4567#0.2401#-0.0001#-0.0016#-0.0118
111.00:19.8514#-1.4567#0.2401#-0.0001#-0.0017#-0.0117
112.00:19.8513#-1.4567#0.2401#-0.0001#-0.0014#-0.0118
113.00:19.8512#-1.4568#0.2401#-0.0001#-0.0015#-0.0119
114.00:19.8512#-1.4568#0.2401#-0.0001#-0.0015#-0.0119
115.00:19.8511#-1.4568#0.2401#-0.0001#-0.0016#-0.0119
116.00:19.8510#-1.4568#0.2401#-0.0001#-0.0016#-0.0118
117.00:19.8509#-1.4568#0.2401#-0.0001#-0.0017#-0.0118
118.00:19.8509#-1.4568#0.2401#-0.0001#-0.0016#-0.0118
119.00:19.8509#-1.4568#0.2401#-0.0001#-0.0014#-0.0118
120.00:19.8508#-1.4568#0.2401#-0.0001#-0.0015#-0.0119
121.00:19.8507#-1.4568#0.2401#-0.0001#-0.0016#-0.0119