
2.00:hum1:-0.2750#-0.5250#0.8025#-0.0000#0.0000#-0.0000
3.00:hum1:-0.2750#-0.5250#0.8025#-0.0000#0.0000#-0.0000
4.00:hum1:-0.2750#-0.5250#0.8025#-0.0000#0.0000#-0.0000
5.00:hum1:-0.2750#-0.5250#0.8025#-0.0000#0.0000#-0.0000
6.00:hum1:-0.2750#-0.5250#0.8025#-0.0000#0.0000#-0.0000
7.00:hum1:0.4660#-0.6656#0.8081#0.0130#0.1274#-0.1020
8.00:hum1:1.5263#-0.7909#0.8071#0.0009#0.0080#-0.1135
9.00:hum1:2.5923#-0.9179#0.8102#-0.0113#-0.1098#-0.1026
10.00:hum1:3.6551#-1.0388#0.8168#-0.0211#-0.2246#-0.0943
11.00:hum1:4.6490#-1.1398#0.8153#0.0213#0.2461#-0.0870
12.00:hum1:5.7426#-1.1054#0.8244#0.2495#0.2673#-0.7673
13.00:hum1:9.8469#-1.3686#0.9377#-0.0064#-0.9888#-0.0073
14.00:hum1:9.6552#-1.3578#0.8153#0.0002#0.2470#-0.0003
15.00:hum1:13.6091#-1.3992#0.8466#0.0213#-0.4942#0.0452
16.00:hum1:16.3773#-1.3691#0.8069#0.0007#-0.0822#0.0086
17.00:hum1:18.6458#0.4418#0.8067#-0.1547#0.0205#1.4407
18.00:hum1:18.8083#3.2608#0.8204#-0.3323#0.0098#1.5428
19.00:hum1:18.8357#4.1865#0.8171#-0.2709#0.0080#1.5423
20.00:hum1:18.3750#4.6735#0.4025#0.0000#0.0000#-1.5700
21.00:hum1:18.3750#4.6735#0.4025#0.0000#0.0000#-1.5700
22.00:hum1:18.3750#4.6735#0.4025#0.0000#0.0000#-1.5700
23.00:hum1:18.3750#4.6735#0.4025#0.0000#0.0000#-1.5700
24.00:hum1:18.3750#4.6735#0.4025#0.0000#0.0000#-1.5700
25.00:hum1:18.3750#4.6735#0.4025#0.0000#0.0000#-1.5700
26.00:hum1:18.3750#4.6735#0.4025#0.0000#0.0000#-1.5700
27.00:hum1:18.3750#4.6735#0.4025#0.0000#0.0000#-1.5700
28.00:hum1:18.3750#4.6735#0.4025#0.0000#0.0000#-1.5700
29.00:hum1:18.3750#4.6735#0.4025#0.0000#0.0000#-1.5700
30.00:hum1:18.3750#4.6735#0.4025#0.0000#0.0000#-1.5700
31.00:hum1:18.3750#4.6735#0.4025#0.0000#0.0000#-1.5700
32.00:hum1:18.3750#4.6735#0.4025#0.0000#0.0000#-1.5700
33.00:hum1:18.3750#4.6735#0.4025#0.0000#0.0000#-1.5700
34.00:hum1:18.3750#4.6735#0.4025#0.0000#0.0000#-1.5700
35.00:hum1:18.3750#4.6735#0.4025#0.0000#0.0000#-1.5700
36.00:hum1:18.3750#4.6735#0.4025#0.0000#0.0000#-1.5700
37.00:hum1:18.3750#4.6735#0.4025#0.0000#0.0000#-1.5700
38.00:hum1:18.3750#4.6735#0.4025#0.0000#0.0000#-1.5700
39.00:hum1:18.3750#4.6735#0.4025#0.0000#0.0000#-1.5700
40.00:hum1:18.3750#4.6735#0.4025#0.0000#0.0000#-1.5700
41.00:hum1:18.3751#4.1235#0.8161#0.3012#0.0001#-1.5700
42.00:hum1:18.1513#1.0839#0.8081#0.1280#-0.0025#-1.5902
43.00:hum1:16.6980#-1.1827#0.8168#-0.1877#0.1258#-2.1542
44.00:hum1:14.8205#-4.0240#0.8496#-0.4506#0.2605#-2.0597
45.00:hum1:14.2501#-4.9585#0.8244#0.3142#-0.1861#-2.0880
46.00:hum1:14.1584#-5.1091#0.8025#0.0000#-0.0000#-2.1176
47.00:hum1:13.9456#-5.4609#0.8763#-0.6073#0.3325#-2.0096
48.00:hum1:14.0140#-5.3479#0.8025#0.0000#-0.0000#-2.1147
49.00:hum1:14.0140#-5.3479#0.8025#0.0000#-0.0000#-2.1147
50.00:hum1:14.0140#-5.3479#0.8025#0.0000#-0.0000#-2.1147
51.00:hum1:14.0140#-5.3479#0.8025#0.0000#-0.0000#-2.1147
52.00:hum1:14.0140#-5.3479#0.8025#0.0000#-0.0000#-2.1147
53.00:hum1:14.0140#-5.3479#0.8025#0.0000#-0.0000#-2.1147
54.00:hum1:14.0140#-5.3479#0.8025#0.0000#-0.0000#-2.1147
55.00:hum1:14.0140#-5.3479#0.8025#0.0000#-0.0000#-2.1147
56.00:hum1:14.0140#-5.3479#0.8025#0.0000#-0.0000#-2.1147
57.00:hum1:14.0140#-5.3479#0.8025#0.0000#-0.0000#-2.1147
58.00:hum1:14.0140#-5.3479#0.8025#0.0000#-0.0000#-2.1147
59.00:hum1:14.0140#-5.3479#0.8025#0.0000#-0.0000#-2.1147
60.00:hum1:14.0140#-5.3479#0.8025#0.0000#-0.0000#-2.1147
61.00:hum1:14.0140#-5.3479#0.8025#0.0000#-0.0000#-2.1147
62.00:hum1:14.0140#-5.3479#0.8025#0.0000#-0.0000#-2.1147
63.00:hum1:14.0140#-5.3479#0.8025#0.0000#-0.0000#-2.1147
64.00:hum1:14.0140#-5.3479#0.8025#0.0000#-0.0000#-2.1147
65.00:hum1:14.0140#-5.3479#0.8025#0.0000#-0.0000#-2.1147
66.00:hum1:14.0140#-5.3479#0.8025#0.0000#-0.0000#-2.1147