
1.00:hum1:-6.4000#-1.4250#0.8025#-0.0000#0.0000#-0.0000
2.00:hum1:-6.4000#-1.4250#0.8025#-0.0000#0.0000#-0.0000
3.00:hum1:-6.4000#-1.4250#0.8025#-0.0000#0.0000#-0.0000
4.00:hum1:-6.4000#-1.4250#0.8025#-0.0000#0.0000#-0.0000
5.00:hum1:-6.4000#-1.4250#0.8025#-0.0000#0.0000#-0.0000
6.00:hum1:-6.4000#-1.4250#0.8025#-0.0000#0.0000#-0.0000
7.00:hum1:-6.4000#-1.4250#0.8025#-0.0000#0.0000#-0.0000
8.00:hum1:-6.4000#-1.4250#0.8025#-0.0000#0.0000#-0.0000
9.00:hum1:-6.4000#-1.4250#0.8025#-0.0000#0.0000#-0.0000
10.00:hum1:-6.4000#-1.4250#0.8025#-0.0000#0.0000#-0.0000
11.00:hum1:-6.4000#-1.4250#0.8025#-0.0000#0.0000#-0.0000
12.00:hum1:-6.4000#-1.4250#0.8025#-0.0000#0.0000#-0.0000
13.00:hum1:-6.4000#-1.4250#0.8025#-0.0000#0.0000#-0.0000
14.00:hum1:-6.2230#-1.4616#0.8044#-0.0013#-0.0071#-0.1812
15.00:hum1:-4.9560#-1.7000#0.8618#-0.1360#-0.5815#-0.2438
16.00:hum1:-4.5852#-1.7764#0.9413#-0.3076#-0.9729#-0.3666
17.00:hum1:-4.5857#-1.7762#0.8374#-0.0914#-0.4166#-0.2224
18.00:hum1:-4.5857#-1.7762#0.8374#-0.0914#-0.4166#-0.2224
19.00:hum1:-4.5857#-1.7762#0.8374#-0.0914#-0.4166#-0.2224
20.00:hum1:-4.5857#-1.7762#0.8374#-0.0914#-0.4166#-0.2224
21.00:hum1:-4.5857#-1.7762#0.8374#-0.0914#-0.4166#-0.2224
22.00:hum1:-4.5857#-1.7762#0.8374#-0.0914#-0.4166#-0.2224
23.00:hum1:-4.5857#-1.7762#0.8374#-0.0914#-0.4166#-0.2224
24.00:hum1:-4.5857#-1.7762#0.8374#-0.0914#-0.4166#-0.2224
25.00:hum1:-4.5857#-1.7762#0.8374#-0.0914#-0.4166#-0.2224
26.00:hum1:-3.7307#-1.8310#0.9141#-0.0883#-0.8751#-0.1145
27.00:hum1:-2.4397#-1.8746#0.9413#-0.0409#-1.0040#-0.0481
28.00:hum1:-1.5182#-1.8373#0.8262#0.0201#-0.3282#0.0627
29.00:hum1:-1.0186#-1.8061#0.8116#-0.0085#0.1944#0.0440
30.00:hum1:-1.1019#-1.8129#0.8267#-0.0240#0.3721#0.0661
31.00:hum1:-0.9747#-1.8033#0.8067#-0.0034#0.1560#0.0219
32.00:hum1:-0.8782#-1.8040#0.8273#-0.0081#-0.3413#-0.0240
33.00:hum1:-1.1219#-1.2918#0.9141#0.0678#0.8765#3.0538
34.00:hum1:-0.7366#-1.8119#0.9413#-0.0705#-1.0030#-0.0832
35.00:hum1:-0.8648#-1.8075#0.8262#-0.0209#-0.3281#-0.0645
36.00:hum1:-1.0598#-1.7893#0.8116#0.0246#0.1931#-0.1271
37.00:hum1:-0.8144#-1.8056#0.8081#0.0052#0.1279#-0.0403
38.00:hum1:0.3266#-1.8509#0.8281#0.0084#0.3709#-0.0229
39.00:hum1:0.6117#-1.8532#0.8120#-0.0048#0.2700#0.0184
40.00:hum1:1.7976#-1.3321#0.8115#-0.0026#0.1620#-3.1253
41.00:hum1:2.0066#-1.8331#0.8908#-0.0074#-0.7620#-0.0104
42.00:hum1:1.6316#-1.3229#0.9484#0.0731#1.0354#3.0570
43.00:hum1:1.9049#-1.8349#0.8374#-0.0173#-0.4256#-0.0415
44.00:hum1:1.7554#-1.8274#0.8081#0.0089#0.1277#-0.0694
45.00:hum1:1.6379#-1.8108#0.8281#0.0464#0.3682#-0.1280
46.00:hum1:1.7138#-1.8210#0.8120#0.0295#0.2684#-0.1103
47.00:hum1:1.8124#-1.3273#0.8115#0.0225#0.1604#3.0022
48.00:hum1:1.9570#-1.8620#0.8908#-0.1817#-0.7443#-0.2645
49.00:hum1:1.6828#-1.2913#0.9484#0.3672#0.9942#2.7118
50.00:hum1:2.5118#-1.6353#0.9597#0.4550#-1.0262#0.5200
51.00:hum1:3.5904#-1.3478#0.8496#0.1449#-0.4970#0.2973
52.00:hum1:4.5601#-1.0893#0.8071#-0.0021#0.0078#0.2605
53.00:hum1:5.6189#-0.8071#0.8215#-0.0838#0.3048#0.2733
54.00:hum1:6.8283#-0.4848#0.8161#-0.0797#0.2908#0.2721
55.00:hum1:8.1144#-0.1421#0.8069#0.0212#-0.0794#0.2613
56.00:hum1:9.3650#0.1912#0.8763#0.2060#-0.6551#0.3307
57.00:hum1:10.6409#0.5312#0.9597#0.4550#-1.0262#0.5200
58.00:hum1:11.0148#0.6309#0.8067#-0.0404#0.1507#0.2635
59.00:hum1:11.0148#0.6309#0.8067#-0.0404#0.1507#0.2635
60.00:hum1:11.0148#0.6309#0.8067#-0.0404#0.1507#0.2635
61.00:hum1:11.0148#0.6309#0.8067#-0.0404#0.1507#0.2635
62.00:hum1:11.0148#0.6309#0.8067#-0.0404#0.1507#0.2635
63.00:hum1:10.8940#0.6911#0.8044#-0.0045#-0.0056#-0.6782
64.00:hum1:10.8940#0.6911#0.8044#-0.0045#-0.0056#-0.6782
65.00:hum1:10.8940#0.6911#0.8044#-0.0045#-0.0056#-0.6782
66.00:hum1:10.8940#0.6911#0.8044#-0.0045#-0.0056#-0.6782
67.00:hum1:10.8940#0.6911#0.8044#-0.0045#-0.0056#-0.6782
68.00:hum1:10.8940#0.6911#0.8044#-0.0045#-0.0056#-0.6782
69.00:hum1:10.8940#0.6911#0.8044#-0.0045#-0.0056#-0.6782
70.00:hum1:10.8940#0.6911#0.8044#-0.0045#-0.0056#-0.6782
71.00:hum1:11.2258#0.4528#0.9141#-0.6098#-0.6781#-0.8388
72.00:hum1:12.2692#-0.2886#0.9413#-0.7392#-0.7585#-0.9240
73.00:hum1:12.4871#0.1755#0.8262#0.2107#0.2543#2.4375
74.00:hum1:12.1769#-0.2280#0.8116#0.1064#0.1633#-0.5810
75.00:hum1:12.6811#0.0313#0.8267#-0.2242#-0.3004#2.4854
76.00:hum1:12.5765#0.1042#0.8067#-0.0965#-0.1228#2.4730
77.00:hum1:12.1389#-0.1204#0.8273#-0.3403#0.0278#-1.6489
78.00:hum1:12.6622#0.0961#0.9141#0.8758#-0.0780#1.5062
79.00:hum1:12.6756#0.1247#0.9597#1.0823#-0.1298#1.5025
80.00:hum1:13.4565#-0.7871#0.9484#-0.6121#-0.8999#-0.7304
81.00:hum1:14.1630#-1.1105#0.8374#-0.1913#-0.3830#-0.4777
82.00:hum1:14.3519#-0.6519#0.8081#-0.0623#-0.1119#2.6322
83.00:hum1:13.9271#-1.0100#0.8281#0.1431#0.3435#-0.4041
84.00:hum1:14.3572#-0.6492#0.8120#-0.1175#-0.2437#2.6868
85.00:hum1:14.1033#-1.0835#0.8115#-0.0735#-0.1445#-0.4722
86.00:hum1:14.0351#-1.1176#0.8908#-0.7063#-0.3145#-1.2226
87.00:hum1:14.3213#-0.5530#0.9484#0.9963#0.3586#1.7946
88.00:hum1:15.3288#-1.1695#0.9597#-0.0458#-1.0862#-0.0514
89.00:hum1:16.3353#-1.4950#0.8496#-0.1544#-0.4943#-0.3166
90.00:hum1:16.9526#-1.6586#0.8071#0.0015#0.0079#-0.1865
91.00:hum1:17.5973#-1.1871#0.9141#0.6522#0.6380#2.2335
92.00:hum1:17.5973#-1.1871#0.9141#0.6522#0.6380#2.2335
93.00:hum1:17.5973#-1.1871#0.9141#0.6522#0.6380#2.2335
94.00:hum1:17.5973#-1.1871#0.9141#0.6522#0.6380#2.2335
95.00:hum1:17.5973#-1.1871#0.9141#0.6522#0.6380#2.2335
96.00:hum1:17.5973#-1.1871#0.9141#0.6522#0.6380#2.2335
97.00:hum1:17.5973#-1.1871#0.9141#0.6522#0.6380#2.2335
98.00:hum1:17.5973#-1.1871#0.9141#0.6522#0.6380#2.2335
99.00:hum1:17.5973#-1.1871#0.9141#0.6522#0.6380#2.2335
100.00:hum1:18.4329#-1.7488#0.8069#-0.0013#-0.0822#-0.0154
101.00:hum1:19.0081#-1.7576#0.8374#-0.0071#-0.4259#-0.0169
102.00:hum1:19.0081#-1.7576#0.8374#-0.0071#-0.4259#-0.0169