
2.00:hum1:-0.2750#-0.5250#0.8025#-0.0000#0.0000#-0.0000
3.00:hum1:-0.2750#-0.5250#0.8025#-0.0000#0.0000#-0.0000
4.00:hum1:-0.2750#-0.5250#0.8025#-0.0000#0.0000#-0.0000
5.00:hum1:-0.2750#-0.5250#0.8025#-0.0000#0.0000#-0.0000
6.00:hum1:0.1783#-0.6238#0.8763#-0.1628#-0.6655#-0.2597
7.00:hum1:1.1979#-0.7555#0.8618#-0.0754#-0.5912#-0.1344
8.00:hum1:2.1994#-0.8831#0.8466#-0.0548#-0.4918#-0.1153
9.00:hum1:3.1940#-1.0024#0.8273#-0.0331#-0.3398#-0.0987
10.00:hum1:4.1756#-1.1026#0.8115#-0.0145#-0.1613#-0.0898
11.00:hum1:5.4833#-1.2237#0.8908#-0.0743#-0.7591#-0.1073
12.00:hum1:6.7771#-1.3350#0.9484#-0.1005#-1.0340#-0.1165
13.00:hum1:8.9832#-1.4779#0.8215#0.0083#0.3157#-0.0265
14.00:hum1:12.8214#-1.4728#0.8763#0.0527#-0.6805#0.0840
15.00:hum1:15.8464#-1.4036#0.8273#0.0068#-0.3413#0.0206
16.00:hum1:18.4581#-0.2974#0.8044#0.0071#-0.0012#1.4003
17.00:hum1:18.7767#2.7492#0.8120#-0.2698#0.0103#1.5340
18.00:hum1:18.8471#4.5882#0.9598#1.0869#-0.0341#1.5532
19.00:hum1:18.3750#4.6735#0.4025#0.0000#0.0000#-1.5700
20.00:hum1:18.3750#4.6735#0.4025#0.0000#0.0000#-1.5700
21.00:hum1:18.3750#4.6735#0.4025#0.0000#0.0000#-1.5700
22.00:hum1:18.3750#4.6735#0.4025#0.0000#0.0000#-1.5700
23.00:hum1:18.3750#4.6735#0.4025#0.0000#0.0000#-1.5700
24.00:hum1:18.3750#4.6735#0.4025#0.0000#0.0000#-1.5700
25.00:hum1:18.3750#4.6735#0.4025#0.0000#0.0000#-1.5700
26.00:hum1:18.3750#4.6735#0.4025#0.0000#0.0000#-1.5700
27.00:hum1:18.3750#4.6735#0.4025#0.0000#0.0000#-1.5700
28.00:hum1:18.3750#4.6735#0.4025#0.0000#0.0000#-1.5700
29.00:hum1:18.3750#4.6735#0.4025#0.0000#0.0000#-1.5700
30.00:hum1:18.3750#4.6735#0.4025#0.0000#0.0000#-1.5700
31.00:hum1:18.3750#4.6735#0.4025#0.0000#0.0000#-1.5700
32.00:hum1:18.3750#4.6735#0.4025#0.0000#0.0000#-1.5700
33.00:hum1:18.3750#4.6735#0.4025#0.0000#0.0000#-1.5700
34.00:hum1:18.3750#4.6735#0.4025#0.0000#0.0000#-1.5700
35.00:hum1:18.3750#4.6735#0.4025#0.0000#0.0000#-1.5700
36.00:hum1:18.3750#4.6735#0.4025#0.0000#0.0000#-1.5700
37.00:hum1:18.3750#4.6735#0.4025#0.0000#0.0000#-1.5700
38.00:hum1:18.3752#3.9201#0.8496#-0.5160#-0.0002#-1.5700
39.00:hum1:18.3736#4.0276#0.8081#0.1265#-0.0200#-1.7263
40.00:hum1:18.1467#0.8047#0.8025#0.0000#-0.0000#-1.5882
41.00:hum1:17.2854#-0.3937#0.8048#0.0382#-0.0439#-2.4244
42.00:hum1:15.6240#-2.7421#0.8161#0.2581#-0.1571#-2.1056
43.00:hum1:14.4242#-4.7436#0.8067#0.1285#-0.0887#-2.1716
44.00:hum1:14.0364#-5.3038#0.9598#-1.0024#0.5281#-1.8818
45.00:hum1:14.1469#-5.1443#0.8025#0.0000#-0.0000#-2.1760
46.00:hum1:14.1469#-5.1443#0.8025#0.0000#-0.0000#-2.1760
47.00:hum1:14.1469#-5.1443#0.8025#0.0000#-0.0000#-2.1760
48.00:hum1:14.1469#-5.1443#0.8025#0.0000#-0.0000#-2.1760
49.00:hum1:14.1469#-5.1443#0.8025#0.0000#-0.0000#-2.1760
50.00:hum1:14.1469#-5.1443#0.8025#0.0000#-0.0000#-2.1760
51.00:hum1:14.1469#-5.1443#0.8025#0.0000#-0.0000#-2.1760
52.00:hum1:14.1469#-5.1443#0.8025#0.0000#-0.0000#-2.1760
53.00:hum1:14.1469#-5.1443#0.8025#0.0000#-0.0000#-2.1760
54.00:hum1:14.1469#-5.1443#0.8025#0.0000#-0.0000#-2.1760
55.00:hum1:14.1469#-5.1443#0.8025#0.0000#-0.0000#-2.1760
56.00:hum1:14.1469#-5.1443#0.8025#0.0000#-0.0000#-2.1760
57.00:hum1:14.1469#-5.1443#0.8025#0.0000#-0.0000#-2.1760
58.00:hum1:14.1469#-5.1443#0.8025#0.0000#-0.0000#-2.1760
59.00:hum1:14.1469#-5.1443#0.8025#0.0000#-0.0000#-2.1760