
1.00:hum1:-0.2750#-0.5250#0.8025#-0.0000#0.0000#-0.0000
2.00:hum1:-0.2750#-0.5250#0.8025#-0.0000#0.0000#-0.0000
3.00:hum1:-0.2750#-0.5250#0.8025#-0.0000#0.0000#-0.0000
4.00:hum1:-0.2750#-0.5250#0.8025#-0.0000#0.0000#-0.0000
5.00:hum1:-0.2750#-0.5250#0.8025#-0.0000#0.0000#-0.0000
6.00:hum1:-0.2750#-0.5250#0.8025#-0.0000#0.0000#-0.0000
7.00:hum1:-0.2750#-0.5250#0.8025#-0.0000#0.0000#-0.0000
8.00:hum1:-0.2750#-0.5250#0.8025#-0.0000#0.0000#-0.0000
9.00:hum1:-0.2750#-0.5250#0.8025#-0.0000#0.0000#-0.0000
10.00:hum1:-0.2750#-0.5250#0.8025#-0.0000#0.0000#-0.0000
11.00:hum1:0.4764#-0.6667#0.8025#0.0000#0.0000#-0.1011
12.00:hum1:1.5089#-0.8249#0.9597#-0.1793#-1.0782#-0.2025
13.00:hum1:2.5082#-0.9352#0.9598#-0.1939#-1.0771#-0.2191
14.00:hum1:3.4951#-1.0674#0.9377#-0.1220#-0.9838#-0.1458
15.00:hum1:4.7247#-1.2083#0.9191#-0.0866#-0.8986#-0.1102
16.00:hum1:5.7441#-1.2921#0.8168#-0.0159#-0.2250#-0.0707
17.00:hum1:6.7422#-1.3683#0.8153#0.0142#0.2466#-0.0576
18.00:hum1:8.1825#-1.4545#0.8067#0.0065#0.1559#-0.0417
19.00:hum1:11.5932#-1.4873#0.9413#0.0389#-1.0041#0.0464
20.00:hum1:13.0257#-3.6447#0.8025#0.0000#0.0000#-1.0685
21.00:hum1:15.7732#-2.6542#0.8908#0.3747#-0.6803#0.5591
22.00:hum1:16.8636#-2.1605#0.8025#-0.0000#0.0000#0.4251
23.00:hum1:18.5856#-0.4857#0.8025#-0.0000#0.0000#1.4643
24.00:hum1:18.7906#2.3071#0.8908#0.7618#-0.0176#1.5527
25.00:hum1:18.8418#4.3401#0.8273#0.3413#-0.0085#1.5471
26.00:hum1:18.3750#4.6735#0.4025#0.0000#0.0000#-1.5700
27.00:hum1:18.3750#4.6735#0.4025#0.0000#0.0000#-1.5700
28.00:hum1:18.3750#4.6735#0.4025#0.0000#0.0000#-1.5700
29.00:hum1:18.3750#4.6735#0.4025#0.0000#0.0000#-1.5700
30.00:hum1:18.3750#4.6735#0.4025#0.0000#0.0000#-1.5700
31.00:hum1:18.3750#4.6735#0.4025#0.0000#0.0000#-1.5700
32.00:hum1:18.3750#4.6735#0.4025#0.0000#0.0000#-1.5700
33.00:hum1:18.3750#4.6735#0.4025#0.0000#0.0000#-1.5700
34.00:hum1:18.3750#4.6735#0.4025#0.0000#0.0000#-1.5700
35.00:hum1:18.3750#4.6735#0.4025#0.0000#0.0000#-1.5700
36.00:hum1:18.3750#4.6735#0.4025#0.0000#0.0000#-1.5700
37.00:hum1:18.3752#3.8578#0.8721#-0.6574#-0.0003#-1.5701
38.00:hum1:18.1670#1.7845#0.9597#-1.0863#0.0425#-1.5928
39.00:hum1:17.4109#0.1331#0.8171#0.2285#-0.1470#-2.1327
40.00:hum1:16.1270#-1.8978#0.8081#0.1092#-0.0669#-2.1180
41.00:hum1:15.7636#-4.0610#0.8069#-0.0468#0.0676#-2.5343
42.00:hum1:14.4065#-5.0028#0.8102#-0.0632#0.0906#-2.5310
43.00:hum1:13.9564#-5.3169#0.8025#0.0000#-0.0000#-2.5322
44.00:hum1:13.9564#-5.3169#0.8025#0.0000#-0.0000#-2.5322
45.00:hum1:13.9564#-5.3169#0.8025#0.0000#-0.0000#-2.5322
46.00:hum1:13.9564#-5.3169#0.8025#0.0000#-0.0000#-2.5322
47.00:hum1:13.9564#-5.3169#0.8025#0.0000#-0.0000#-2.5322
48.00:hum1:13.9564#-5.3169#0.8025#0.0000#-0.0000#-2.5322
49.00:hum1:13.9564#-5.3169#0.8025#0.0000#-0.0000#-2.5322
50.00:hum1:13.9564#-5.3169#0.8025#0.0000#-0.0000#-2.5322
51.00:hum1:13.9564#-5.3169#0.8025#0.0000#-0.0000#-2.5322
52.00:hum1:13.9564#-5.3169#0.8025#0.0000#-0.0000#-2.5322
53.00:hum1:13.9564#-5.3169#0.8025#0.0000#-0.0000#-2.5322