
1.00:0.2653#-1.1873#0.2401#-0.0001#-0.0023#-0.0001
2.00:0.2653#-1.1874#0.2401#-0.0001#-0.0023#-0.0001
3.00:0.2652#-1.1874#0.2401#-0.0001#-0.0021#-0.0001
4.00:0.2651#-1.1874#0.2401#-0.0001#-0.0022#-0.0001
5.00:0.2650#-1.1874#0.2401#-0.0001#-0.0022#-0.0001
6.00:0.2650#-1.1874#0.2401#-0.0001#-0.0020#-0.0002
7.00:0.2649#-1.1874#0.2401#-0.0001#-0.0021#-0.0002
8.00:0.2649#-1.1874#0.2401#-0.0001#-0.0021#-0.0002
9.00:0.2648#-1.1874#0.2401#-0.0001#-0.0021#-0.0002
10.00:0.2647#-1.1874#0.2401#-0.0001#-0.0022#-0.0003
11.00:0.2646#-1.1874#0.2401#-0.0001#-0.0022#-0.0003
12.00:0.2646#-1.1874#0.2401#-0.0001#-0.0021#-0.0003
13.00:0.2644#-1.1874#0.2401#-0.0001#-0.0024#-0.0004
14.00:0.5660#-1.2034#0.2401#-0.0004#-0.0023#-0.1587
15.00:1.0373#-1.5161#0.2401#-0.0015#-0.0012#-0.9085
16.00:1.0845#-1.5452#0.2401#-0.0012#-0.0017#-0.6177
17.00:1.1376#-1.5593#0.2401#-0.0007#-0.0020#-0.3297
18.00:1.1930#-1.5580#0.2401#-0.0001#-0.0022#-0.0426
19.00:1.5737#-1.5176#0.2401#0.0001#-0.0019#0.0875
20.00:2.7265#-1.4282#0.2401#0.0001#-0.0017#0.0770
21.00:3.8889#-1.3387#0.2400#0.0001#-0.0014#0.0770
22.00:4.8853#-1.0977#0.2398#0.0003#-0.0004#0.7757
23.00:4.6044#-0.8143#0.2401#-0.0012#0.0016#-2.4677
24.00:4.7916#-1.0913#0.2400#0.0004#-0.0016#0.2021
25.00:5.2075#-0.3941#0.2400#0.0014#-0.0005#1.2774
26.00:5.2659#0.5762#0.2400#0.0010#0.0008#2.1970
27.00:4.9850#0.3053#0.2400#-0.0013#-0.0010#-0.9220
28.00:5.2341#0.6049#0.2400#0.0013#0.0012#2.2855
29.00:5.0061#0.2761#0.2400#-0.0011#-0.0012#-0.7756
30.00:5.2153#0.6073#0.2400#0.0010#0.0012#2.4093
31.00:5.0379#0.2586#0.2400#-0.0010#-0.0013#-0.6372
32.00:5.2729#0.7281#0.2400#0.0016#0.0009#2.0614
33.00:4.6565#1.1431#0.2578#0.1128#-0.0348#1.9992
34.00:4.6824#1.2427#0.2403#0.0021#-0.0008#1.5734
35.00:4.6852#1.2431#0.2401#0.0019#-0.0001#1.5708
36.00:4.6855#1.2430#0.2401#0.0028#-0.0001#1.5708
37.00:4.6856#1.2430#0.2401#0.0028#-0.0001#1.5708
38.00:4.6852#1.2430#0.2401#0.0029#-0.0001#1.5708
39.00:4.6851#1.2430#0.2401#0.0030#-0.0001#1.5708
40.00:4.6851#1.2429#0.2401#0.0031#-0.0001#1.5708
41.00:4.6856#1.2430#0.2401#0.0029#-0.0001#1.5708
42.00:4.6862#1.2421#0.2401#0.0026#-0.0001#1.5659
43.00:4.6861#1.2414#0.2401#0.0025#-0.0001#1.5624
44.00:4.6861#1.2413#0.2401#0.0025#-0.0001#1.5620
45.00:4.6863#1.2408#0.2401#0.0025#-0.0001#1.5597
46.00:4.6863#1.2392#0.2401#0.0025#-0.0001#1.5514
47.00:4.6862#1.2381#0.2401#0.0025#-0.0001#1.5460
48.00:4.6854#1.2389#0.2401#0.0025#-0.0001#1.5502
49.00:4.6855#1.2396#0.2401#0.0026#-0.0001#1.5537
50.00:4.6850#1.2406#0.2401#0.0025#-0.0001#1.5588
51.00:4.6844#1.2417#0.2401#0.0025#-0.0001#1.5643
52.00:4.6837#1.2424#0.2401#0.0025#-0.0001#1.5674
53.00:4.6837#1.2413#0.2401#0.0025#-0.0001#1.5622