
1.00:hum1:-0.2750#-0.5250#0.8025#-0.0000#0.0000#-0.0000
2.00:hum1:-0.2750#-0.5250#0.8025#-0.0000#0.0000#-0.0000
3.00:hum1:-0.2750#-0.5250#0.8025#-0.0000#0.0000#-0.0000
4.00:hum1:-0.2750#-0.5250#0.8025#-0.0000#0.0000#-0.0000
5.00:hum1:-0.2750#-0.5250#0.8025#-0.0000#0.0000#-0.0000
6.00:hum1:-0.2750#-0.5250#0.8025#-0.0000#0.0000#-0.0000
7.00:hum1:-0.2750#-0.5250#0.8025#-0.0000#0.0000#-0.0000
8.00:hum1:-0.2750#-0.5250#0.8025#-0.0000#0.0000#-0.0000
9.00:hum1:-0.2750#-0.5250#0.8025#-0.0000#0.0000#-0.0000
10.00:hum1:-0.2750#-0.5250#0.8025#-0.0000#0.0000#-0.0000
11.00:hum1:-0.2750#-0.5250#0.8025#-0.0000#0.0000#-0.0000
12.00:hum1:-0.2750#-0.5250#0.8025#-0.0000#0.0000#-0.0000
13.00:hum1:0.4693#-0.6659#0.8153#0.0255#0.2457#-0.1043
14.00:hum1:1.4984#-0.7868#0.8116#0.0225#0.1933#-0.1161
15.00:hum1:2.5517#-0.9133#0.8081#0.0131#0.1273#-0.1028
16.00:hum1:3.6182#-1.0253#0.8071#0.0008#0.0080#-0.0972
17.00:hum1:4.7106#-1.1402#0.8215#0.0273#0.3147#-0.0876
18.00:hum1:5.9588#-1.2639#0.8161#0.0209#0.3005#-0.0702
19.00:hum1:7.2846#-1.3566#0.8069#-0.0051#-0.0820#-0.0621
20.00:hum1:8.5808#-1.4362#0.8763#-0.0328#-0.6815#-0.0517
21.00:hum1:9.9042#-1.4835#0.9597#-0.0437#-1.0863#-0.0490
22.00:hum1:11.0276#-1.5158#0.8496#0.0074#-0.5159#0.0153
23.00:hum1:11.4198#-2.2066#0.8071#0.0065#0.0047#-0.9440
24.00:hum1:12.0719#-3.0767#0.8215#0.2644#0.1748#-0.9995
25.00:hum1:13.1949#-3.3782#0.8161#-0.2779#0.1178#1.1804
26.00:hum1:12.9181#-3.7311#0.8069#-0.0822#-0.0019#-1.5476
27.00:hum1:13.5321#-4.7737#0.8044#0.0040#-0.0060#0.5873
28.00:hum1:14.6100#-4.0563#0.8618#0.3589#-0.4858#0.6772
29.00:hum1:16.0342#-3.1082#0.8069#0.0456#-0.0684#0.5889
30.00:hum1:16.8585#-2.5595#0.8025#-0.0000#0.0000#0.5873
31.00:hum1:17.1362#-2.3747#0.8025#-0.0000#0.0000#0.5873
32.00:hum1:18.3533#-1.3300#0.8071#-0.0075#0.0029#1.2016
33.00:hum1:18.7778#1.2366#0.8025#-0.0000#0.0000#1.4750
34.00:hum1:18.8351#3.9539#0.8215#-0.3158#0.0066#1.5510
35.00:hum1:18.8416#4.2643#0.8120#-0.2700#0.0056#1.5507
36.00:hum1:18.3750#4.6735#0.4025#0.0000#0.0000#-1.5700
37.00:hum1:18.3750#4.6735#0.4025#0.0000#0.0000#-1.5700
38.00:hum1:18.3750#4.6735#0.4025#0.0000#0.0000#-1.5700
39.00:hum1:18.3750#4.6735#0.4025#0.0000#0.0000#-1.5700
40.00:hum1:18.3750#4.6735#0.4025#0.0000#0.0000#-1.5700
41.00:hum1:18.3750#4.6735#0.4025#0.0000#0.0000#-1.5700
42.00:hum1:18.3750#4.6735#0.4025#0.0000#0.0000#-1.5700
43.00:hum1:18.3750#4.6735#0.4025#0.0000#0.0000#-1.5700
44.00:hum1:18.3750#4.6735#0.4025#0.0000#0.0000#-1.5700
45.00:hum1:18.3750#4.6735#0.4025#0.0000#0.0000#-1.5700
46.00:hum1:18.3750#4.6735#0.4025#0.0000#0.0000#-1.5700
47.00:hum1:18.3751#3.9944#0.8273#-0.3414#-0.0002#-1.5700
48.00:hum1:18.1866#2.4281#0.8496#-0.5155#0.0223#-1.6098
49.00:hum1:17.3825#-0.2682#0.8161#0.2097#-0.2179#-2.3636
50.00:hum1:16.9845#-0.7486#0.8025#0.0000#-0.0000#-3.0855
51.00:hum1:16.6461#-1.0805#0.8025#0.0000#-0.0000#-2.1495
52.00:hum1:14.9890#-3.6565#0.9597#-1.0251#0.4589#-1.8332
53.00:hum1:14.4408#-4.7743#0.8069#-0.0651#0.0502#-2.2271
54.00:hum1:14.1788#-5.1138#0.8025#0.0000#-0.0000#-2.2280
55.00:hum1:14.1788#-5.1138#0.8025#0.0000#-0.0000#-2.2280
56.00:hum1:14.1788#-5.1138#0.8025#0.0000#-0.0000#-2.2280
57.00:hum1:14.1788#-5.1138#0.8025#0.0000#-0.0000#-2.2280
58.00:hum1:14.1788#-5.1138#0.8025#0.0000#-0.0000#-2.2280
59.00:hum1:14.1788#-5.1138#0.8025#0.0000#-0.0000#-2.2280
60.00:hum1:14.1788#-5.1138#0.8025#0.0000#-0.0000#-2.2280
61.00:hum1:14.1788#-5.1138#0.8025#0.0000#-0.0000#-2.2280
62.00:hum1:14.1788#-5.1138#0.8025#0.0000#-0.0000#-2.2280
63.00:hum1:14.1788#-5.1138#0.8025#0.0000#-0.0000#-2.2280
64.00:hum1:14.1788#-5.1138#0.8025#0.0000#-0.0000#-2.2280
65.00:hum1:14.1788#-5.1138#0.8025#0.0000#-0.0000#-2.2280