
1.00:0.2653#-1.1873#0.2401#-0.0001#-0.0023#-0.0001
2.00:0.2653#-1.1874#0.2401#-0.0001#-0.0023#-0.0001
3.00:0.2652#-1.1874#0.2401#-0.0001#-0.0021#-0.0001
4.00:0.2651#-1.1874#0.2401#-0.0001#-0.0022#-0.0001
5.00:0.2650#-1.1874#0.2401#-0.0001#-0.0022#-0.0001
6.00:0.2650#-1.1874#0.2401#-0.0001#-0.0020#-0.0002
7.00:0.2649#-1.1874#0.2401#-0.0001#-0.0021#-0.0002
8.00:0.2649#-1.1874#0.2401#-0.0001#-0.0021#-0.0002
9.00:0.2648#-1.1874#0.2401#-0.0001#-0.0021#-0.0002
10.00:0.2647#-1.1874#0.2401#-0.0001#-0.0022#-0.0003
11.00:0.2646#-1.1874#0.2401#-0.0001#-0.0022#-0.0003
12.00:0.2646#-1.1874#0.2401#-0.0001#-0.0021#-0.0003
13.00:0.2644#-1.1874#0.2401#-0.0001#-0.0024#-0.0004
14.00:0.2644#-1.1874#0.2401#-0.0001#-0.0021#-0.0004
15.00:0.2644#-1.1874#0.2401#-0.0001#-0.0020#-0.0003
16.00:0.7812#-1.2214#0.2401#-0.0005#-0.0020#-0.2084
17.00:1.1003#-1.3828#0.2401#-0.0017#-0.0017#-0.7663
18.00:1.1505#-1.4052#0.2401#-0.0010#-0.0018#-0.4811
19.00:1.2053#-1.4124#0.2401#-0.0004#-0.0021#-0.1946
20.00:1.2931#-1.4024#0.2401#0.0001#-0.0024#0.0742
21.00:2.2436#-1.3301#0.2401#0.0000#-0.0018#0.0708
22.00:3.4064#-1.2478#0.2400#0.0000#-0.0015#0.0707
23.00:4.5556#-1.1664#0.2400#-0.0001#-0.0011#0.0720
24.00:4.8670#-1.1430#0.2400#-0.0001#-0.0018#0.0089
25.00:5.1030#-1.1959#0.2400#-0.0004#-0.0017#-0.2000
26.00:5.8011#-1.6161#0.2400#-0.0012#0.0001#-1.4354
27.00:5.4612#-1.5727#0.2400#0.0018#0.0000#1.6325
28.00:5.7786#-1.5962#0.2400#-0.0017#-0.0002#-1.3664
29.00:5.7079#-1.7715#0.2400#-0.0015#0.0008#-2.0488
30.00:5.7026#-1.8226#0.2401#-0.0022#0.0004#-1.7562
31.00:5.7121#-1.8737#0.2401#-0.0022#-0.0002#-1.4647
32.00:5.7370#-1.9215#0.2401#-0.0020#-0.0008#-1.1665
33.00:5.7747#-1.9601#0.2401#-0.0017#-0.0014#-0.8705
34.00:5.8227#-1.9862#0.2401#-0.0012#-0.0018#-0.5730
35.00:5.8760#-1.9978#0.2401#-0.0006#-0.0020#-0.2834
36.00:5.9314#-1.9940#0.2401#-0.0000#-0.0021#0.0010
37.00:6.2636#-1.9479#0.2400#0.0001#-0.0018#0.0982
38.00:7.4118#-1.8758#0.2401#-0.0000#-0.0015#0.0608
39.00:8.5754#-1.8050#0.2400#0.0000#-0.0014#0.0607
40.00:9.7388#-1.7345#0.2401#-0.0000#-0.0017#0.0603
41.00:10.9063#-1.6641#0.2401#0.0000#-0.0017#0.0602
42.00:12.0699#-1.5943#0.2401#0.0001#-0.0016#0.0599
43.00:13.2335#-1.5243#0.2400#-0.0000#-0.0014#0.0601
44.00:14.1273#-1.4708#0.2400#-0.0000#-0.0011#0.0636
45.00:14.1939#-1.4520#0.2401#0.0006#-0.0021#0.3000
46.00:14.2328#-1.4367#0.2401#0.0005#-0.0018#0.3090
47.00:14.5590#-1.4007#0.2401#0.0001#-0.0018#0.1184
48.00:15.7037#-1.2649#0.2400#0.0001#-0.0016#0.1184
49.00:16.5462#-1.1638#0.2400#0.0001#-0.0011#0.1292
50.00:16.5765#-1.1552#0.2401#0.0004#-0.0021#0.2207
51.00:15.9410#-1.5916#0.3179#-0.4590#0.2194#-1.9776
52.00:15.6364#-1.4615#0.0624#-1.5258#-0.4646#1.5909
53.00:15.6002#-1.4117#0.1310#2.2128#0.5537#1.1341
54.00:15.5606#-1.3527#-0.0505#-3.0219#-0.1849#0.5798
55.00:15.5400#-1.3159#0.0053#2.8923#0.5713#0.4368
56.00:15.4919#-1.2738#0.0321#3.0662#0.7863#0.1053
57.00:15.4349#-1.2521#0.0183#-2.9359#0.7031#-0.3123
58.00:15.3695#-1.2452#0.0175#-2.7126#0.5995#-0.6814
59.00:15.3072#-1.2471#0.0201#-2.5436#0.4689#-0.9852
60.00:15.2491#-1.2661#0.0188#-2.4587#0.2870#-1.2360
61.00:15.1988#-1.3027#0.0217#-2.3922#0.0960#-1.4683
62.00:15.1806#-1.5280#0.0122#-2.4647#-0.0481#-1.6307
63.00:15.2864#-2.6501#0.0220#-2.3871#-0.0680#-1.6430
64.00:15.3228#-2.8217#0.0214#-2.3974#0.1195#-1.4422
65.00:15.3228#-2.8217#0.0212#-2.3989#0.1181#-1.4432