
1.00:hum1:-0.2750#-0.5250#0.8025#-0.0000#0.0000#-0.0000
2.00:hum1:-0.2750#-0.5250#0.8025#-0.0000#0.0000#-0.0000
3.00:hum1:-0.2750#-0.5250#0.8025#-0.0000#0.0000#-0.0000
4.00:hum1:-0.2750#-0.5250#0.8025#-0.0000#0.0000#-0.0000
5.00:hum1:-0.2750#-0.5250#0.8025#-0.0000#0.0000#-0.0000
6.00:hum1:-0.2750#-0.5250#0.8025#-0.0000#0.0000#-0.0000
7.00:hum1:-0.2750#-0.5250#0.8025#-0.0000#0.0000#-0.0000
8.00:hum1:-0.2750#-0.5250#0.8025#-0.0000#0.0000#-0.0000
9.00:hum1:-0.2750#-0.5250#0.8025#-0.0000#0.0000#-0.0000
10.00:hum1:-0.2750#-0.5250#0.8025#-0.0000#0.0000#-0.0000
11.00:hum1:0.4693#-0.6659#0.8153#0.0255#0.2457#-0.1043
12.00:hum1:2.6503#-0.9289#0.9191#-0.1274#-0.8951#-0.1624
13.00:hum1:5.5654#-1.1800#0.8618#-0.0292#-0.5948#-0.0517
14.00:hum1:8.4628#-1.3746#0.8102#-0.0014#-0.1104#-0.0127
15.00:hum1:12.1513#-1.4420#0.8044#0.0001#-0.0072#0.0171
16.00:hum1:13.6051#-2.9426#0.8721#-0.6511#0.0980#-1.6982
17.00:hum1:13.9015#-5.0790#0.8374#-0.4057#-0.1335#-1.2699
18.00:hum1:13.9866#-5.3287#0.8025#0.0000#0.0000#-1.2424
19.00:hum1:13.9866#-5.3287#0.8025#0.0000#0.0000#-1.2424
20.00:hum1:13.9866#-5.3287#0.8025#0.0000#0.0000#-1.2424
21.00:hum1:13.9866#-5.3287#0.8025#0.0000#0.0000#-1.2424
22.00:hum1:13.9866#-5.3287#0.8025#0.0000#0.0000#-1.2424
23.00:hum1:13.9866#-5.3287#0.8025#0.0000#0.0000#-1.2424
24.00:hum1:13.9866#-5.3287#0.8025#0.0000#0.0000#-1.2424
25.00:hum1:13.9866#-5.3287#0.8025#0.0000#0.0000#-1.2424
26.00:hum1:13.9866#-5.3287#0.8025#0.0000#0.0000#-1.2424