
1.00:hum1:-0.2750#-0.5250#0.8025#-0.0000#0.0000#-0.0000
2.00:hum1:-0.2750#-0.5250#0.8025#-0.0000#0.0000#-0.0000
3.00:hum1:-0.2750#-0.5250#0.8025#-0.0000#0.0000#-0.0000
4.00:hum1:-0.2750#-0.5250#0.8025#-0.0000#0.0000#-0.0000
5.00:hum1:-0.2750#-0.5250#0.8025#-0.0000#0.0000#-0.0000
6.00:hum1:-0.2750#-0.5250#0.8025#-0.0000#0.0000#-0.0000
7.00:hum1:-0.2750#-0.5250#0.8025#-0.0000#0.0000#-0.0000
8.00:hum1:-0.2750#-0.5250#0.8025#-0.0000#0.0000#-0.0000
9.00:hum1:-0.2750#-0.5250#0.8025#-0.0000#0.0000#-0.0000
10.00:hum1:-0.2750#-0.5250#0.8025#-0.0000#0.0000#-0.0000
11.00:hum1:-0.2750#-0.5250#0.8025#-0.0000#0.0000#-0.0000
12.00:hum1:-0.2750#-0.5250#0.8025#-0.0000#0.0000#-0.0000
13.00:hum1:-0.2750#-0.5250#0.8025#-0.0000#0.0000#-0.0000
14.00:hum1:-0.2750#-0.5250#0.8025#-0.0000#0.0000#-0.0000
15.00:hum1:-0.2750#-0.5250#0.8025#-0.0000#0.0000#-0.0000
16.00:hum1:-0.2750#-0.5250#0.8025#-0.0000#0.0000#-0.0000
17.00:hum1:-0.2750#-0.5250#0.8025#-0.0000#0.0000#-0.0000
18.00:hum1:-0.2750#-0.5250#0.8025#-0.0000#0.0000#-0.0000
19.00:hum1:-0.2750#-0.5250#0.8025#-0.0000#0.0000#-0.0000
20.00:hum1:-0.2750#-0.5250#0.8025#-0.0000#0.0000#-0.0000
21.00:hum1:0.3873#-0.8604#0.8496#-0.2358#-0.4634#-0.4929
22.00:hum1:1.4218#-1.1313#0.8071#0.0013#0.0079#-0.1600
23.00:hum1:2.5382#-1.3012#0.8215#0.0080#0.3157#-0.0253
24.00:hum1:3.7012#-1.2750#0.8161#0.1252#0.2747#-0.4342
25.00:hum1:5.1370#-1.2715#0.8069#0.0063#-0.0819#0.0771
26.00:hum1:6.0430#-1.2068#0.8067#-0.0185#0.1549#0.1199
27.00:hum1:6.7833#-1.1187#0.9191#0.1479#-0.8928#0.1894
28.00:hum1:6.7833#-1.1187#0.9191#0.1479#-0.8928#0.1894
29.00:hum1:6.6187#-1.1383#0.8025#-0.0000#0.0000#0.1185
30.00:hum1:6.6187#-1.1383#0.8025#-0.0000#0.0000#0.1185
31.00:hum1:6.6187#-1.1383#0.8025#-0.0000#0.0000#0.1185
32.00:hum1:6.6187#-1.1383#0.8025#-0.0000#0.0000#0.1185
33.00:hum1:6.6187#-1.1383#0.8025#-0.0000#0.0000#0.1185
34.00:hum1:6.6187#-1.1383#0.8025#-0.0000#0.0000#0.1185
35.00:hum1:6.6187#-1.1383#0.8025#-0.0000#0.0000#0.1185
36.00:hum1:6.6187#-1.1383#0.8025#-0.0000#0.0000#0.1185
37.00:hum1:7.0706#-1.2292#0.8048#0.0102#0.0573#-0.1756
38.00:hum1:8.3861#-1.3529#0.8466#-0.0391#-0.4932#-0.0821
39.00:hum1:9.6973#-1.4363#0.9377#-0.0543#-0.9878#-0.0646
40.00:hum1:10.9408#-1.4654#0.9191#-0.0063#-0.9016#-0.0077
41.00:hum1:11.2190#-1.4667#0.8025#0.0000#0.0000#-0.0047
42.00:hum1:11.2190#-1.4667#0.8025#0.0000#0.0000#-0.0047
43.00:hum1:11.2190#-1.4667#0.8025#0.0000#0.0000#-0.0047
44.00:hum1:11.2190#-1.4667#0.8025#0.0000#0.0000#-0.0047
45.00:hum1:11.2190#-1.4667#0.8025#0.0000#0.0000#-0.0047
46.00:hum1:11.2190#-1.4667#0.8025#0.0000#0.0000#-0.0047
47.00:hum1:11.6254#-1.9124#0.8721#-0.4745#-0.4737#-0.8442
48.00:hum1:11.9901#-2.2372#0.8025#0.0000#0.0000#-0.7276
49.00:hum1:11.9901#-2.2372#0.8025#0.0000#0.0000#-0.7276
50.00:hum1:11.9901#-2.2372#0.8025#0.0000#0.0000#-0.7276
51.00:hum1:11.9901#-2.2372#0.8025#0.0000#0.0000#-0.7276
52.00:hum1:11.9901#-2.2372#0.8025#0.0000#0.0000#-0.7276
53.00:hum1:11.9901#-2.2372#0.8025#0.0000#0.0000#-0.7276
54.00:hum1:11.9901#-2.2372#0.8025#0.0000#0.0000#-0.7276
55.00:hum1:11.9901#-2.2372#0.8025#0.0000#0.0000#-0.7276
56.00:hum1:11.9901#-2.2372#0.8025#0.0000#0.0000#-0.7276
57.00:hum1:11.9901#-2.2372#0.8025#0.0000#0.0000#-0.7276
58.00:hum1:11.9901#-2.2372#0.8025#0.0000#0.0000#-0.7276
59.00:hum1:11.9901#-2.2372#0.8025#0.0000#0.0000#-0.7276
60.00:hum1:11.9901#-2.2372#0.8025#0.0000#0.0000#-0.7276
61.00:hum1:12.2508#-2.6670#0.9191#-0.8184#-0.4328#-1.1963
62.00:hum1:12.8037#-3.5340#0.8168#-0.1893#-0.1234#-0.9997
63.00:hum1:13.3833#-4.3616#0.8153#0.2008#0.1448#-0.9537
64.00:hum1:13.5954#-4.6515#0.8025#0.0000#0.0000#-0.9391