
1.00:hum1:-6.4000#-1.4250#0.8025#-0.0000#0.0000#-0.0000
2.00:hum1:-6.4000#-1.4250#0.8025#-0.0000#0.0000#-0.0000
3.00:hum1:-6.4000#-1.4250#0.8025#-0.0000#0.0000#-0.0000
4.00:hum1:-6.4000#-1.4250#0.8025#-0.0000#0.0000#-0.0000
5.00:hum1:-6.4000#-1.4250#0.8025#-0.0000#0.0000#-0.0000
6.00:hum1:-6.4000#-1.4250#0.8025#-0.0000#0.0000#-0.0000
7.00:hum1:-6.4000#-1.4250#0.8025#-0.0000#0.0000#-0.0000
8.00:hum1:-6.4000#-1.4250#0.8025#-0.0000#0.0000#-0.0000
9.00:hum1:-6.4000#-1.4250#0.8025#-0.0000#0.0000#-0.0000
10.00:hum1:-6.4000#-1.4250#0.8025#-0.0000#0.0000#-0.0000
11.00:hum1:-6.4000#-1.4250#0.8025#-0.0000#0.0000#-0.0000
12.00:hum1:-6.4000#-1.4250#0.8025#-0.0000#0.0000#-0.0000
13.00:hum1:-6.4000#-1.4250#0.8025#-0.0000#0.0000#-0.0000
14.00:hum1:-5.5374#-1.3504#0.8215#-0.0284#0.3146#0.0918
15.00:hum1:-4.4863#-1.2586#0.9413#0.1358#-0.9987#0.1615
16.00:hum1:-4.4778#-1.2578#0.8721#0.0669#-0.6545#0.1100
17.00:hum1:-4.0582#-1.2211#0.8044#0.0006#-0.0072#0.0873
18.00:hum1:-3.1824#-1.1444#0.8120#-0.0240#0.2690#0.0905
19.00:hum1:-1.8797#-1.0305#0.8115#0.0142#-0.1614#0.0884
20.00:hum1:-0.5733#-0.9162#0.8908#0.0827#-0.7584#0.1203
21.00:hum1:0.7170#-0.8033#0.9484#0.1459#-1.0306#0.1701
22.00:hum1:1.7993#-0.7086#0.9413#0.1358#-0.9987#0.1615
23.00:hum1:2.7394#-0.6264#0.9598#0.1639#-1.0800#0.1857
24.00:hum1:3.7270#-0.5400#0.9377#0.1312#-0.9831#0.1577
25.00:hum1:4.7145#-0.4536#0.9141#0.1043#-0.8738#0.1361
26.00:hum1:5.7122#-0.3663#0.8908#0.0827#-0.7584#0.1203
27.00:hum1:7.0026#-0.2534#0.9484#0.1459#-1.0306#0.1701
28.00:hum1:8.0843#-0.1587#0.8374#0.0394#-0.4243#0.0958
29.00:hum1:9.0651#-0.0729#0.8081#-0.0112#0.1275#0.0880
30.00:hum1:10.1980#0.0263#0.8281#-0.0338#0.3696#0.0936
31.00:hum1:11.4840#0.1388#0.8120#-0.0240#0.2690#0.0905
32.00:hum1:12.7867#0.2527#0.8115#0.0142#-0.1614#0.0884
33.00:hum1:14.0931#0.3670#0.8908#0.0827#-0.7584#0.1203
34.00:hum1:15.3834#0.4798#0.9484#0.1459#-1.0306#0.1701
35.00:hum1:16.4742#0.5753#0.8721#0.0669#-0.6545#0.1100
36.00:hum1:16.0810#0.9391#0.8374#-0.2714#0.3325#-2.4353
37.00:hum1:15.9062#-0.0613#0.9141#-0.8722#0.1215#-1.6719
38.00:hum1:15.8806#-0.2239#0.8153#0.2441#-0.0380#-1.7220
39.00:hum1:15.8806#-0.2239#0.8153#0.2441#-0.0380#-1.7220
40.00:hum1:15.8806#-0.2239#0.8153#0.2441#-0.0380#-1.7220
41.00:hum1:15.8806#-0.2239#0.8153#0.2441#-0.0380#-1.7220
42.00:hum1:15.8806#-0.2239#0.8153#0.2441#-0.0380#-1.7220
43.00:hum1:15.8806#-0.2239#0.8153#0.2441#-0.0380#-1.7220
44.00:hum1:15.8806#-0.2239#0.8153#0.2441#-0.0380#-1.7220
45.00:hum1:15.8806#-0.2239#0.8153#0.2441#-0.0380#-1.7220
46.00:hum1:16.9317#-1.0097#0.8281#0.1475#0.3417#-0.4170
47.00:hum1:17.4225#-1.2157#0.8120#0.1105#0.2469#-0.4257
48.00:hum1:18.1502#-1.5339#0.9413#-0.5625#-0.8839#-0.6837
49.00:hum1:18.1502#-1.5339#0.9413#-0.5625#-0.8839#-0.6837