
1.00:-4.8097#-1.1623#0.2401#-0.0001#-0.0023#-0.0000
2.00:-4.8099#-1.1623#0.2401#-0.0001#-0.0025#-0.0001
3.00:-4.8100#-1.1623#0.2401#-0.0001#-0.0024#-0.0001
4.00:-4.8100#-1.1623#0.2401#-0.0001#-0.0022#-0.0001
5.00:-4.8102#-1.1623#0.2401#-0.0001#-0.0025#-0.0002
6.00:-4.8103#-1.1623#0.2401#-0.0001#-0.0023#-0.0002
7.00:-4.8104#-1.1623#0.2401#-0.0001#-0.0025#-0.0002
8.00:-4.8105#-1.1623#0.2401#-0.0001#-0.0025#-0.0001
9.00:-4.8106#-1.1623#0.2401#-0.0001#-0.0023#-0.0002
10.00:-4.8106#-1.1624#0.2401#-0.0001#-0.0021#-0.0002
11.00:-4.3880#-1.1330#0.2401#0.0004#-0.0022#0.2100
12.00:-3.9056#-0.7779#0.2401#0.0016#-0.0012#0.9745
13.00:-3.8945#-0.7882#0.2401#0.0013#-0.0018#0.6627
14.00:-3.8858#-0.8007#0.2401#0.0007#-0.0021#0.3570
15.00:-3.8820#-0.8154#0.2401#0.0000#-0.0022#0.0489
16.00:-3.8065#-0.8439#0.2401#-0.0005#-0.0020#-0.2150
17.00:-2.7981#-1.0499#0.2401#-0.0004#-0.0016#-0.1971
18.00:-1.6549#-1.2782#0.2401#-0.0004#-0.0015#-0.1974
19.00:-0.7755#-1.4534#0.2400#-0.0003#-0.0010#-0.1880
20.00:-0.6643#-1.4522#0.2401#0.0000#-0.0023#0.0391
21.00:0.2112#-1.3810#0.2401#0.0001#-0.0014#0.0784
22.00:1.3734#-1.2897#0.2401#0.0000#-0.0017#0.0785
23.00:2.5357#-1.1979#0.2401#0.0001#-0.0016#0.0792
24.00:3.6331#-1.1115#0.2400#0.0000#-0.0011#0.0795
25.00:3.8076#-1.1056#0.2401#-0.0003#-0.0021#-0.0627
26.00:4.2000#-1.2021#0.2401#-0.0005#-0.0017#-0.2263
27.00:5.1562#-1.4208#0.2400#-0.0003#-0.0010#-0.2168
28.00:5.2866#-1.4311#0.2401#-0.0001#-0.0025#-0.0107
29.00:6.1154#-1.4073#0.2400#-0.0000#-0.0015#0.0213
30.00:7.2811#-1.3824#0.2401#-0.0001#-0.0010#0.0212
31.00:8.4464#-1.3572#0.2401#-0.0000#-0.0015#0.0218
32.00:9.6118#-1.3317#0.2401#-0.0000#-0.0014#0.0222
33.00:10.7812#-1.3059#0.2401#-0.0001#-0.0014#0.0221
34.00:11.9466#-1.2799#0.2401#-0.0000#-0.0015#0.0223
35.00:13.1121#-1.2537#0.2401#-0.0000#-0.0015#0.0225
36.00:14.2774#-1.2273#0.2401#-0.0001#-0.0015#0.0229
37.00:15.4448#-1.2005#0.2400#-0.0001#-0.0011#0.0229
38.00:16.6123#-1.1740#0.2401#-0.0001#-0.0016#0.0227
39.00:17.3575#-1.1525#0.2401#-0.0000#-0.0017#0.0408
40.00:17.3831#-1.1699#0.2401#-0.0006#-0.0023#-0.2233
41.00:18.2486#-1.4267#0.2401#-0.0006#-0.0016#-0.2933
42.00:18.7929#-1.5844#0.2401#-0.0005#-0.0016#-0.2485
43.00:18.7929#-1.5844#0.2401#-0.0005#-0.0016#-0.2485
44.00:18.7928#-1.5843#0.2401#-0.0005#-0.0015#-0.2485
45.00:18.7927#-1.5843#0.2401#-0.0005#-0.0015#-0.2485
46.00:18.7926#-1.5843#0.2401#-0.0004#-0.0015#-0.2486
47.00:18.7925#-1.5843#0.2401#-0.0005#-0.0016#-0.2486
48.00:18.7924#-1.5843#0.2401#-0.0005#-0.0016#-0.2486
49.00:18.7923#-1.5843#0.2401#-0.0004#-0.0015#-0.2486