
2.00:hum1:-5.5750#-1.5000#0.8025#-0.0000#0.0000#-0.0000
3.00:hum1:-5.5750#-1.5000#0.8025#-0.0000#0.0000#-0.0000
4.00:hum1:-5.5750#-1.5000#0.8025#-0.0000#0.0000#-0.0000
5.00:hum1:-5.5750#-1.5000#0.8025#-0.0000#0.0000#-0.0000
6.00:hum1:-5.5750#-1.5000#0.8025#-0.0000#0.0000#-0.0000
7.00:hum1:-5.5750#-1.5000#0.8025#-0.0000#0.0000#-0.0000
8.00:hum1:-5.5750#-1.5000#0.8025#-0.0000#0.0000#-0.0000
9.00:hum1:-5.5750#-1.5000#0.8025#-0.0000#0.0000#-0.0000
10.00:hum1:-5.5750#-1.5000#0.8025#-0.0000#0.0000#-0.0000
11.00:hum1:-5.5750#-1.5000#0.8025#-0.0000#0.0000#-0.0000
12.00:hum1:-5.5750#-1.5000#0.8025#-0.0000#0.0000#-0.0000
13.00:hum1:-5.5750#-1.5000#0.8025#-0.0000#0.0000#-0.0000
14.00:hum1:-5.3178#-1.5534#0.8115#-0.0305#-0.1591#-0.1902
15.00:hum1:-4.0295#-1.7982#0.8908#-0.1766#-0.7453#-0.2569
16.00:hum1:-3.9211#-1.8188#0.9377#-0.2768#-0.9625#-0.3330
17.00:hum1:-3.7476#-1.8518#0.8721#-0.1434#-0.6438#-0.2356
18.00:hum1:-3.6563#-1.8690#0.8244#0.0710#0.3569#-0.2006
19.00:hum1:-2.2398#-1.8885#0.8048#-0.0162#0.0559#0.2832
20.00:hum1:-0.9941#-1.5267#0.8466#0.1492#-0.4733#0.3188
21.00:hum1:0.2596#-1.1625#0.9377#0.4006#-0.9311#0.4861
22.00:hum1:1.4468#-0.8176#0.9191#0.3388#-0.8530#0.4379
23.00:hum1:2.4299#-0.5319#0.8168#0.0639#-0.2165#0.2897
24.00:hum1:3.3887#-0.2533#0.8153#-0.0702#0.2370#0.2911
25.00:hum1:4.5577#0.0863#0.8244#-0.1057#0.3486#0.3013
26.00:hum1:5.8390#0.4585#0.8048#-0.0162#0.0559#0.2832
27.00:hum1:6.1953#1.0311#0.8116#0.1866#-0.0556#-1.8565
28.00:hum1:7.2325#0.4346#0.9598#-0.3883#-1.0444#-0.4415
29.00:hum1:7.0359#-0.3934#0.8721#-0.6557#0.0508#-1.6364
30.00:hum1:6.9520#-1.4050#0.8102#-0.1100#0.0092#-1.6532
31.00:hum1:6.8645#-2.4588#0.8171#0.2701#-0.0223#-1.6507
32.00:hum1:7.1654#-3.0297#0.8161#-0.1761#0.2457#0.6318
33.00:hum1:7.8663#-2.9426#0.8496#0.0379#-0.5147#0.0773
34.00:hum1:8.8995#-2.6495#0.8071#-0.0027#0.0075#0.3499
35.00:hum1:9.9476#-2.3009#0.8215#-0.1234#0.2915#0.4076
36.00:hum1:11.0934#-1.8548#0.8161#-0.0928#0.2870#0.3179
37.00:hum1:11.3958#-1.7598#0.8115#0.0489#-0.1545#0.3083
38.00:hum1:11.5066#-1.7250#0.8466#0.1601#-0.4700#0.3429
39.00:hum1:11.5915#-1.6984#0.8763#0.2386#-0.6454#0.3846
40.00:hum1:11.8063#-1.6309#0.9598#0.5183#-1.0060#0.5942
41.00:hum1:11.8760#-1.6090#0.9484#0.4690#-0.9638#0.5531
42.00:hum1:11.9641#-1.5812#0.8267#-0.1166#0.3549#0.3254
43.00:hum1:12.9296#-1.2778#0.8281#-0.1160#0.3532#0.3252
44.00:hum1:12.8826#-1.5063#0.8215#0.3119#-0.0503#-1.7252
45.00:hum1:14.1207#-1.9108#0.8161#-0.0383#0.2988#0.1299
46.00:hum1:15.4414#-1.7460#0.8069#0.0102#-0.0816#0.1245
47.00:hum1:16.7257#-1.5858#0.8763#0.1000#-0.6760#0.1593
48.00:hum1:18.0925#-1.1264#0.9597#0.9948#-0.5464#1.2457
49.00:hum1:18.4797#0.0117#0.8496#0.5085#-0.0916#1.4084
50.00:hum1:18.6656#0.9980#0.8071#-0.0079#0.0015#1.3845
51.00:hum1:18.8684#2.0748#0.8215#-0.3107#0.0577#1.3936
52.00:hum1:19.1002#3.3048#0.8161#-0.2963#0.0551#1.3927
53.00:hum1:19.2164#3.9206#0.9141#0.8698#-0.1433#1.4512
54.00:hum1:18.3750#4.6735#0.4025#0.0000#0.0000#-1.5700
55.00:hum1:18.3750#4.6735#0.4025#0.0000#0.0000#-1.5700
56.00:hum1:18.3750#4.6735#0.4025#0.0000#0.0000#-1.5700
57.00:hum1:18.3750#4.6735#0.4025#0.0000#0.0000#-1.5700
58.00:hum1:18.3750#4.6735#0.4025#0.0000#0.0000#-1.5700
59.00:hum1:18.3750#4.6735#0.4025#0.0000#0.0000#-1.5700
60.00:hum1:18.3750#4.6735#0.4025#0.0000#0.0000#-1.5700
61.00:hum1:18.3750#4.6735#0.4025#0.0000#0.0000#-1.5700
62.00:hum1:18.3750#4.6735#0.4025#0.0000#0.0000#-1.5700
63.00:hum1:18.3750#4.6735#0.4025#0.0000#0.0000#-1.5700
64.00:hum1:18.3750#4.6735#0.4025#0.0000#0.0000#-1.5700
65.00:hum1:18.3750#4.6735#0.4025#0.0000#0.0000#-1.5700
66.00:hum1:18.3750#4.6735#0.4025#0.0000#0.0000#-1.5700
67.00:hum1:18.3752#3.8874#0.9598#-1.0872#-0.0004#-1.5702
68.00:hum1:18.3433#3.8868#0.8081#0.1266#-0.0188#-1.7173
69.00:hum1:18.2140#2.7377#0.8281#0.3703#-0.0244#-1.6331
70.00:hum1:18.1032#1.4563#0.8120#0.2691#-0.0222#-1.6506
71.00:hum1:17.6554#0.4069#0.8115#-0.1327#0.0932#-2.1792
72.00:hum1:16.9404#-0.7346#0.8908#-0.7081#0.3096#-1.9123
73.00:hum1:16.7756#-1.0715#0.8244#0.3261#-0.1638#-2.0199
74.00:hum1:16.7310#-1.1570#0.8161#0.2701#-0.1351#-2.0232
75.00:hum1:16.5873#-1.4397#0.8115#-0.1447#0.0731#-2.0352
76.00:hum1:15.9957#-2.6115#0.8908#-0.7062#0.3146#-1.9185
77.00:hum1:15.7699#-3.9718#0.9484#-1.0369#0.0146#-1.5791
78.00:hum1:15.6446#-5.0361#0.8374#-0.4251#0.0275#-1.6311
79.00:hum1:15.4819#-5.9823#0.8081#0.1263#-0.0210#-1.7345
80.00:hum1:15.2951#-7.1040#0.8281#0.3664#-0.0597#-1.7248
81.00:hum1:15.0829#-8.3775#0.8120#0.2665#-0.0439#-1.7300