
1.00:hum1:-0.2750#-0.5250#0.8025#-0.0000#0.0000#-0.0000
2.00:hum1:-0.2750#-0.5250#0.8025#-0.0000#0.0000#-0.0000
3.00:hum1:-0.2750#-0.5250#0.8025#-0.0000#0.0000#-0.0000
4.00:hum1:-0.2750#-0.5250#0.8025#-0.0000#0.0000#-0.0000
5.00:hum1:-0.2750#-0.5250#0.8025#-0.0000#0.0000#-0.0000
6.00:hum1:-0.2750#-0.5250#0.8025#-0.0000#0.0000#-0.0000
7.00:hum1:0.5336#-0.6725#0.8496#-0.0574#-0.5131#-0.1162
8.00:hum1:1.5824#-0.7963#0.8721#-0.0871#-0.6524#-0.1426
9.00:hum1:2.6366#-0.9253#0.9191#-0.1258#-0.8953#-0.1604
10.00:hum1:3.6553#-1.0273#0.8168#-0.0230#-0.2244#-0.1025
11.00:hum1:4.7124#-1.1611#0.8262#-0.0246#-0.3279#-0.0758
12.00:hum1:5.6872#-1.2590#0.8116#0.0134#0.1942#-0.0689
13.00:hum1:6.8683#-1.3507#0.8267#0.0233#0.3721#-0.0638
14.00:hum1:8.1848#-1.4289#0.8067#0.0073#0.1559#-0.0467
15.00:hum1:9.4929#-1.4817#0.8273#-0.0098#-0.3412#-0.0290
16.00:hum1:10.8008#-1.4936#0.9141#0.0259#-0.8781#0.0341
17.00:hum1:11.3839#-2.4520#0.9413#-0.8839#-0.5626#-1.1581
18.00:hum1:12.6179#-2.1576#0.9484#0.5678#-0.9229#0.6750
19.00:hum1:12.5013#-2.4611#0.9597#-1.0841#0.1015#-1.6240
20.00:hum1:13.1537#-2.9257#0.9598#0.9798#-0.5836#1.2170
21.00:hum1:13.7568#-2.1980#0.8025#-0.0000#0.0000#0.7698
22.00:hum1:13.4309#-3.2728#0.9191#-0.9012#-0.0306#-1.5463
23.00:hum1:13.5296#-4.3546#0.9413#-0.9620#-0.3539#-1.3334
24.00:hum1:14.5891#-4.3665#0.9484#0.7871#-0.7659#0.9666
25.00:hum1:15.4119#-3.7601#0.9597#0.8455#-0.7933#1.0077
26.00:hum1:16.1901#-3.1866#0.8025#-0.0000#0.0000#0.6351
27.00:hum1:16.5038#-2.9554#0.8025#-0.0000#0.0000#0.6351
28.00:hum1:16.6216#-2.8686#0.8025#-0.0000#0.0000#0.6351
29.00:hum1:16.6963#-2.8135#0.8025#-0.0000#0.0000#0.6351
30.00:hum1:16.7607#-2.7660#0.8025#-0.0000#0.0000#0.6351
31.00:hum1:16.7607#-2.7660#0.8025#-0.0000#0.0000#0.6351
32.00:hum1:16.8766#-2.6806#0.8025#-0.0000#0.0000#0.6351
33.00:hum1:17.0293#-2.5681#0.8025#-0.0000#0.0000#0.6351
34.00:hum1:18.3449#-1.4733#0.8048#-0.0549#0.0194#1.2319
35.00:hum1:18.7866#1.3742#0.8161#-0.3012#0.0058#1.5524
36.00:hum1:18.8468#4.5003#0.8496#0.5159#-0.0096#1.5541
37.00:hum1:18.8468#4.5003#0.8496#0.5159#-0.0096#1.5541
38.00:hum1:18.8454#4.4323#0.8081#-0.1280#0.0025#1.5517
39.00:hum1:18.3750#4.6735#0.4025#0.0000#0.0000#-1.5700
40.00:hum1:18.3750#4.6735#0.4025#0.0000#0.0000#-1.5700
41.00:hum1:18.3750#4.6735#0.4025#0.0000#0.0000#-1.5700
42.00:hum1:18.3750#4.6735#0.4025#0.0000#0.0000#-1.5700
43.00:hum1:18.3750#4.6735#0.4025#0.0000#0.0000#-1.5700
44.00:hum1:18.3750#4.6735#0.4025#0.0000#0.0000#-1.5700
45.00:hum1:18.3750#4.6735#0.4025#0.0000#0.0000#-1.5700
46.00:hum1:18.3750#4.6735#0.4025#0.0000#0.0000#-1.5700
47.00:hum1:18.3750#4.6735#0.4025#0.0000#0.0000#-1.5700
48.00:hum1:18.3750#4.6735#0.4025#0.0000#0.0000#-1.5700
49.00:hum1:18.3750#4.6735#0.4025#0.0000#0.0000#-1.5700
50.00:hum1:18.3750#4.6735#0.4025#0.0000#0.0000#-1.5700
51.00:hum1:18.3750#4.6735#0.4025#0.0000#0.0000#-1.5700
52.00:hum1:18.3750#4.6735#0.4025#0.0000#0.0000#-1.5700
53.00:hum1:18.3750#4.6735#0.4025#0.0000#0.0000#-1.5700
54.00:hum1:18.3750#4.6735#0.4025#0.0000#0.0000#-1.5700
55.00:hum1:18.3750#4.6735#0.4025#0.0000#0.0000#-1.5700
56.00:hum1:18.3750#4.6735#0.4025#0.0000#0.0000#-1.5700
57.00:hum1:18.3750#4.6735#0.4025#0.0000#0.0000#-1.5700
58.00:hum1:18.3750#4.6735#0.4025#0.0000#0.0000#-1.5700
59.00:hum1:18.3751#4.1164#0.8267#0.3728#0.0002#-1.5701
60.00:hum1:18.2242#2.8506#0.8044#-0.0072#0.0004#-1.6298
61.00:hum1:18.0616#0.5910#0.8120#0.2681#-0.0325#-1.6882
62.00:hum1:16.1535#-1.9321#0.8025#0.0000#-0.0000#-2.1463
63.00:hum1:14.3555#-4.8001#0.9377#-0.9097#0.4616#-1.9039
64.00:hum1:14.2577#-4.9559#0.8281#0.3182#-0.1942#-2.1004
65.00:hum1:14.1587#-5.1135#0.8025#0.0000#-0.0000#-2.1316
66.00:hum1:14.1587#-5.1135#0.8025#0.0000#-0.0000#-2.1316
67.00:hum1:14.1587#-5.1135#0.8025#0.0000#-0.0000#-2.1316
68.00:hum1:14.1587#-5.1135#0.8025#0.0000#-0.0000#-2.1316
69.00:hum1:14.1587#-5.1135#0.8025#0.0000#-0.0000#-2.1316
70.00:hum1:14.1587#-5.1135#0.8025#0.0000#-0.0000#-2.1316
71.00:hum1:14.1587#-5.1135#0.8025#0.0000#-0.0000#-2.1316
72.00:hum1:14.1587#-5.1135#0.8025#0.0000#-0.0000#-2.1316
73.00:hum1:14.1587#-5.1135#0.8025#0.0000#-0.0000#-2.1316
74.00:hum1:14.1587#-5.1135#0.8025#0.0000#-0.0000#-2.1316
75.00:hum1:14.1587#-5.1135#0.8025#0.0000#-0.0000#-2.1316
76.00:hum1:14.1587#-5.1135#0.8025#0.0000#-0.0000#-2.1316
77.00:hum1:14.1587#-5.1135#0.8025#0.0000#-0.0000#-2.1316