
1.00:hum1:-5.5750#-1.5000#0.8025#-0.0000#0.0000#-0.0000
2.00:hum1:-5.5750#-1.5000#0.8025#-0.0000#0.0000#-0.0000
3.00:hum1:-5.5750#-1.5000#0.8025#-0.0000#0.0000#-0.0000
4.00:hum1:-5.5750#-1.5000#0.8025#-0.0000#0.0000#-0.0000
5.00:hum1:-5.5750#-1.5000#0.8025#-0.0000#0.0000#-0.0000
6.00:hum1:-5.5750#-1.5000#0.8025#-0.0000#0.0000#-0.0000
7.00:hum1:-5.5750#-1.5000#0.8025#-0.0000#0.0000#-0.0000
8.00:hum1:-5.5750#-1.5000#0.8025#-0.0000#0.0000#-0.0000
9.00:hum1:-5.5750#-1.5000#0.8025#-0.0000#0.0000#-0.0000
10.00:hum1:-5.5750#-1.5000#0.8025#-0.0000#0.0000#-0.0000
11.00:hum1:-5.5750#-1.5000#0.8025#-0.0000#0.0000#-0.0000
12.00:hum1:-5.5750#-1.5000#0.8025#-0.0000#0.0000#-0.0000
13.00:hum1:-5.5750#-1.5000#0.8025#-0.0000#0.0000#-0.0000
14.00:hum1:-5.3115#-1.5479#0.8115#-0.0272#-0.1597#-0.1688
15.00:hum1:-4.0183#-1.7655#0.8908#-0.1573#-0.7488#-0.2286
16.00:hum1:-3.8071#-1.8010#0.9597#-0.3062#-1.0610#-0.3471
17.00:hum1:-3.7437#-1.8117#0.9413#-0.2557#-0.9831#-0.3041
18.00:hum1:-3.7353#-1.8131#0.8721#-0.1276#-0.6467#-0.2095
19.00:hum1:-2.7410#-1.9804#0.9484#-0.2741#-1.0139#-0.3195
20.00:hum1:-1.6696#-2.1606#0.9413#-0.2557#-0.9831#-0.3041
21.00:hum1:-0.6355#-2.3346#0.8262#-0.0566#-0.3240#-0.1759
22.00:hum1:0.3308#-2.4971#0.8116#0.0328#0.1919#-0.1698
23.00:hum1:1.4982#-2.6935#0.8267#0.0649#0.3674#-0.1788
24.00:hum1:1.9313#-1.6355#0.8067#-0.1464#-0.0542#1.9236
25.00:hum1:1.4747#-0.4102#0.8273#0.3214#0.1171#1.9086
26.00:hum1:1.0831#-0.0370#0.9141#-0.5876#-0.6966#-0.8037
27.00:hum1:2.2306#-0.6809#0.9413#-0.5769#-0.8763#-0.7024
28.00:hum1:3.1654#-1.1330#0.8262#-0.1523#-0.2925#-0.4888
29.00:hum1:4.1580#-1.4423#0.8116#0.0374#0.1910#-0.1945
30.00:hum1:5.3505#-1.6066#0.8267#0.0419#0.3706#-0.1150
31.00:hum1:6.6784#-1.6884#0.8067#0.0081#0.1558#-0.0518
32.00:hum1:8.0073#-1.7174#0.8273#0.0141#-0.3411#0.0423
33.00:hum1:9.2923#-1.6989#0.9141#-0.0031#-0.8784#-0.0037
34.00:hum1:10.5724#-1.7018#0.9413#-0.0040#-1.0046#-0.0044
35.00:hum1:11.6211#-1.7041#0.8262#-0.0009#-0.3288#-0.0024
36.00:hum1:12.6009#-1.7062#0.8116#0.0005#0.1946#-0.0023
37.00:hum1:13.4987#-1.7084#0.9141#-0.0031#-0.8784#-0.0037
38.00:hum1:13.6362#-1.6880#0.9598#0.1279#-1.0829#0.1449
39.00:hum1:13.7604#-1.6796#0.9191#0.0851#-0.8987#0.1090
40.00:hum1:13.7441#-1.6807#0.8496#0.0383#-0.5147#0.0780
41.00:hum1:13.8756#-1.6716#0.8204#-0.0233#0.3316#0.0717
42.00:hum1:14.8941#-1.6024#0.8244#-0.0257#0.3628#0.0726
43.00:hum1:15.8995#-1.5341#0.8267#-0.0264#0.3719#0.0728
44.00:hum1:16.9092#-1.4654#0.8281#-0.0262#0.3701#0.0728
45.00:hum1:18.1930#-0.9348#0.8120#-0.2155#0.1640#0.9303
46.00:hum1:18.5466#0.4285#0.8115#0.1590#-0.0311#1.3796
47.00:hum1:18.7990#1.7154#0.8908#0.7525#-0.1335#1.4300
48.00:hum1:19.0483#2.9864#0.9484#1.0287#-0.1667#1.4715
49.00:hum1:19.2250#3.8876#0.9377#0.9801#-0.1617#1.4636
50.00:hum1:18.3750#4.6735#0.4025#0.0000#0.0000#-1.5700
51.00:hum1:18.3750#4.6735#0.4025#0.0000#0.0000#-1.5700
52.00:hum1:18.3750#4.6735#0.4025#0.0000#0.0000#-1.5700
53.00:hum1:18.3750#4.6735#0.4025#0.0000#0.0000#-1.5700
54.00:hum1:18.3750#4.6735#0.4025#0.0000#0.0000#-1.5700
55.00:hum1:18.3750#4.6735#0.4025#0.0000#0.0000#-1.5700
56.00:hum1:18.3750#4.6735#0.4025#0.0000#0.0000#-1.5700
57.00:hum1:18.3750#4.6735#0.4025#0.0000#0.0000#-1.5700
58.00:hum1:18.3750#4.6735#0.4025#0.0000#0.0000#-1.5700
59.00:hum1:18.3750#4.6735#0.4025#0.0000#0.0000#-1.5700
60.00:hum1:18.3750#4.6735#0.4025#0.0000#0.0000#-1.5700
61.00:hum1:18.3750#4.6735#0.4025#0.0000#0.0000#-1.5700
62.00:hum1:18.3750#4.6735#0.4025#0.0000#0.0000#-1.5700
63.00:hum1:18.3750#4.6735#0.4025#0.0000#0.0000#-1.5700
64.00:hum1:18.3388#3.8655#0.8168#-0.2245#0.0223#-1.6677
65.00:hum1:18.2388#2.8668#0.8153#0.2463#-0.0188#-1.6451
66.00:hum1:18.1355#1.6561#0.8244#0.3624#-0.0299#-1.6491
67.00:hum1:17.7096#0.5618#0.8048#0.0484#-0.0323#-2.1583
68.00:hum1:17.0524#-0.5204#0.8466#-0.4251#0.2609#-2.0884
69.00:hum1:16.4464#-1.3813#0.9377#-0.9118#0.4563#-1.8993
70.00:hum1:15.7787#-2.4154#0.9191#-0.8143#0.4422#-1.9543
71.00:hum1:15.5879#-3.5262#0.8168#-0.2227#0.0364#-1.7300
72.00:hum1:15.4251#-4.5082#0.8153#0.2434#-0.0429#-1.7413
73.00:hum1:15.2123#-5.7067#0.8244#0.3585#-0.0623#-1.7353
74.00:hum1:15.0011#-6.8957#0.8120#0.2660#-0.0467#-1.7403