
2.00:-4.1099#-1.2873#0.2401#-0.0001#-0.0024#-0.0002
3.00:-4.1101#-1.2873#0.2401#-0.0001#-0.0025#-0.0002
4.00:-4.1102#-1.2874#0.2401#-0.0001#-0.0025#-0.0002
5.00:-4.1103#-1.2874#0.2401#-0.0001#-0.0025#-0.0003
6.00:-4.1104#-1.2874#0.2401#-0.0001#-0.0026#-0.0003
7.00:-4.1105#-1.2874#0.2401#-0.0001#-0.0026#-0.0003
8.00:-4.1106#-1.2874#0.2401#-0.0001#-0.0024#-0.0004
9.00:-4.1108#-1.2874#0.2401#-0.0001#-0.0024#-0.0006
10.00:-4.1108#-1.2874#0.2401#-0.0001#-0.0021#-0.0007
11.00:-4.1109#-1.2874#0.2401#-0.0001#-0.0022#-0.0007
12.00:-3.9249#-1.2900#0.2401#-0.0001#-0.0029#-0.0277
13.00:-3.4792#-1.5033#0.2401#-0.0017#-0.0010#-1.0121
14.00:-3.4246#-1.5779#0.2401#-0.0017#-0.0013#-0.8957
15.00:-3.3451#-1.6324#0.2401#-0.0013#-0.0018#-0.6035
16.00:-3.2367#-1.6579#0.2401#-0.0010#-0.0025#-0.3700
17.00:-3.1424#-1.6657#0.2401#-0.0002#-0.0019#-0.0853
18.00:-2.7833#-1.6309#0.2401#0.0001#-0.0020#0.0906
19.00:-1.6348#-1.5226#0.2401#0.0001#-0.0016#0.0939
20.00:-0.4702#-1.4127#0.2401#0.0000#-0.0016#0.0943
21.00:0.6905#-1.3033#0.2401#0.0000#-0.0013#0.0941
22.00:1.8510#-1.1938#0.2401#0.0001#-0.0015#0.0941
23.00:2.8948#-1.0941#0.2400#0.0000#-0.0011#0.0990
24.00:3.0059#-1.0913#0.2401#-0.0002#-0.0018#-0.0732
25.00:3.5140#-1.1982#0.2401#-0.0004#-0.0016#-0.1965
26.00:4.3930#-1.3723#0.2400#-0.0004#-0.0006#-0.1943
27.00:4.5021#-1.3725#0.2401#-0.0000#-0.0023#0.0253
28.00:5.3660#-1.3572#0.2400#-0.0000#-0.0017#0.0002
29.00:6.5317#-1.3569#0.2400#-0.0001#-0.0014#0.0002
30.00:7.6970#-1.3568#0.2401#-0.0000#-0.0015#0.0001
31.00:8.8629#-1.3563#0.2401#-0.0001#-0.0015#0.0008
32.00:10.0326#-1.3554#0.2401#-0.0001#-0.0015#0.0008
33.00:11.1983#-1.3542#0.2401#-0.0001#-0.0015#0.0010
34.00:12.3640#-1.3528#0.2401#-0.0001#-0.0015#0.0014
35.00:13.5296#-1.3512#0.2401#-0.0001#-0.0016#0.0014
36.00:14.1046#-1.3495#0.2401#-0.0001#-0.0017#-0.0136
37.00:14.1034#-1.3638#0.2401#-0.0007#-0.0021#-0.3022
38.00:14.0985#-1.3771#0.2401#-0.0013#-0.0017#-0.5909
39.00:14.0900#-1.3887#0.2401#-0.0017#-0.0013#-0.8789
40.00:14.1422#-1.5173#0.2401#-0.0018#-0.0008#-1.1107
41.00:14.4822#-2.2060#0.2400#-0.0009#-0.0004#-1.0932
42.00:14.4794#-2.2269#0.2401#-0.0021#-0.0004#-1.3383
43.00:14.4657#-2.2847#0.2401#-0.0019#0.0002#-1.6033
44.00:14.4374#-3.2774#0.2400#-0.0009#0.0001#-1.5961
45.00:14.4080#-4.4451#0.2400#-0.0013#0.0001#-1.5959
46.00:14.3900#-5.1908#0.2400#-0.0011#0.0001#-1.5913
47.00:14.3900#-5.1912#0.2401#-0.0017#0.0001#-1.5910
48.00:14.3900#-5.1912#0.2401#-0.0016#0.0001#-1.5910
49.00:14.3900#-5.1911#0.2401#-0.0016#0.0001#-1.5910
50.00:14.3900#-5.1910#0.2401#-0.0015#0.0001#-1.5910
51.00:14.3900#-5.1909#0.2401#-0.0015#0.0001#-1.5910
52.00:14.3900#-5.1908#0.2401#-0.0016#0.0001#-1.5910
53.00:14.3900#-5.1908#0.2401#-0.0015#0.0001#-1.5910
54.00:14.3900#-5.1907#0.2401#-0.0016#0.0001#-1.5910
55.00:14.3900#-5.1906#0.2401#-0.0016#0.0001#-1.5911
56.00:14.3899#-5.1906#0.2401#-0.0015#0.0001#-1.5911
57.00:14.3899#-5.1905#0.2401#-0.0016#0.0001#-1.5911
58.00:14.3899#-5.1904#0.2401#-0.0015#0.0001#-1.5911
59.00:14.3899#-5.1904#0.2401#-0.0015#0.0001#-1.5911
60.00:14.3899#-5.1903#0.2401#-0.0015#0.0001#-1.5911
61.00:14.3899#-5.1902#0.2401#-0.0016#0.0001#-1.5911
62.00:14.3899#-5.1901#0.2401#-0.0016#0.0001#-1.5912
63.00:14.3899#-5.1901#0.2401#-0.0015#0.0001#-1.5912
64.00:14.3899#-5.1900#0.2401#-0.0016#0.0001#-1.5912
65.00:14.3899#-5.1899#0.2401#-0.0015#0.0001#-1.5912
66.00:14.3899#-5.1899#0.2401#-0.0015#0.0001#-1.5912
67.00:14.3900#-5.1898#0.2401#-0.0016#0.0001#-1.5912
68.00:14.3900#-5.1897#0.2401#-0.0015#0.0001#-1.5912
69.00:14.3900#-5.1896#0.2401#-0.0016#0.0001#-1.5913
70.00:14.3900#-5.1895#0.2401#-0.0016#0.0001#-1.5912
71.00:14.3900#-5.1895#0.2401#-0.0015#0.0001#-1.5912
72.00:14.3900#-5.1894#0.2401#-0.0015#0.0001#-1.5912
73.00:14.3772#-5.6743#0.2400#-0.0015#0.0001#-1.6012
74.00:14.3611#-6.2585#0.2401#-0.0018#0.0000#-1.5657