
1.00:-4.8097#-1.1623#0.2401#-0.0001#-0.0023#-0.0000
2.00:-4.8099#-1.1623#0.2401#-0.0001#-0.0025#-0.0001
3.00:-4.8100#-1.1623#0.2401#-0.0001#-0.0024#-0.0001
4.00:-4.8100#-1.1623#0.2401#-0.0001#-0.0022#-0.0001
5.00:-4.8102#-1.1623#0.2401#-0.0001#-0.0025#-0.0002
6.00:-4.8103#-1.1623#0.2401#-0.0001#-0.0023#-0.0002
7.00:-4.8104#-1.1623#0.2401#-0.0001#-0.0025#-0.0002
8.00:-4.8105#-1.1623#0.2401#-0.0001#-0.0025#-0.0001
9.00:-4.8106#-1.1623#0.2401#-0.0001#-0.0023#-0.0002
10.00:-4.8106#-1.1624#0.2401#-0.0001#-0.0021#-0.0002
11.00:-4.4344#-1.1518#0.2401#0.0002#-0.0024#0.1135
12.00:-3.8914#-0.8141#0.2401#0.0014#-0.0008#1.0563
13.00:-3.8747#-0.8085#0.2401#0.0015#-0.0016#0.8112
14.00:-3.8650#-0.8204#0.2401#0.0010#-0.0020#0.5013
15.00:-3.8585#-0.8340#0.2401#0.0003#-0.0022#0.1956
16.00:-3.8559#-0.8488#0.2401#-0.0003#-0.0020#-0.1004
17.00:-3.1672#-0.9614#0.2401#-0.0003#-0.0015#-0.1511
18.00:-2.0146#-1.1368#0.2401#-0.0003#-0.0016#-0.1509
19.00:-0.8622#-1.3119#0.2401#-0.0003#-0.0013#-0.1507
20.00:0.2941#-1.4875#0.2401#-0.0003#-0.0017#-0.1506
21.00:0.7661#-1.5507#0.2401#-0.0002#-0.0017#-0.0661
22.00:0.9751#-1.5150#0.2401#0.0003#-0.0020#0.1567
23.00:1.4439#-1.4400#0.2401#0.0002#-0.0017#0.1562
24.00:1.4438#-1.4400#0.2401#0.0002#-0.0015#0.1561
25.00:1.4437#-1.4400#0.2401#0.0002#-0.0015#0.1561
26.00:1.4449#-1.4463#0.2401#-0.0001#-0.0021#0.0282
27.00:1.7410#-1.5018#0.2401#-0.0004#-0.0021#-0.1575
28.00:0.3844#-2.7079#0.3603#0.4347#-0.0078#3.1027
29.00:-0.3293#-2.4621#0.3111#0.1725#-0.1673#1.9365
30.00:-0.8117#-2.7231#0.2389#0.0201#0.0009#-1.5310
31.00:-0.0013#-3.3777#0.2401#-0.0007#-0.0015#-0.3814
32.00:1.0844#-3.8130#0.2401#-0.0007#-0.0015#-0.3813
33.00:2.1699#-4.2484#0.2400#-0.0007#-0.0015#-0.3815