
1.00:hum1:-5.5750#-1.5000#0.8025#-0.0000#0.0000#-0.0000
2.00:hum1:-5.5750#-1.5000#0.8025#-0.0000#0.0000#-0.0000
3.00:hum1:-5.5750#-1.5000#0.8025#-0.0000#0.0000#-0.0000
4.00:hum1:-5.5750#-1.5000#0.8025#-0.0000#0.0000#-0.0000
5.00:hum1:-5.5750#-1.5000#0.8025#-0.0000#0.0000#-0.0000
6.00:hum1:-5.5750#-1.5000#0.8025#-0.0000#0.0000#-0.0000
7.00:hum1:-5.5750#-1.5000#0.8025#-0.0000#0.0000#-0.0000
8.00:hum1:-5.5750#-1.5000#0.8025#-0.0000#0.0000#-0.0000
9.00:hum1:-5.5750#-1.5000#0.8025#-0.0000#0.0000#-0.0000
10.00:hum1:-5.5750#-1.5000#0.8025#-0.0000#0.0000#-0.0000
11.00:hum1:-5.5750#-1.5000#0.8025#-0.0000#0.0000#-0.0000
12.00:hum1:-5.5750#-1.5000#0.8025#-0.0000#0.0000#-0.0000
13.00:hum1:-5.5750#-1.5000#0.8025#-0.0000#0.0000#-0.0000
14.00:hum1:-4.7679#-1.4064#0.8153#-0.0295#0.2453#0.1211
15.00:hum1:-3.7235#-1.2833#0.9597#0.2188#-1.0739#0.2481
16.00:hum1:-3.6597#-1.2757#0.9413#0.1819#-0.9939#0.2164
17.00:hum1:-3.6597#-1.2757#0.9413#0.1819#-0.9939#0.2164
18.00:hum1:-3.6597#-1.2757#0.9413#0.1819#-0.9939#0.2164
19.00:hum1:-3.6597#-1.2757#0.9413#0.1819#-0.9939#0.2164
20.00:hum1:-3.6597#-1.2757#0.9413#0.1819#-0.9939#0.2164
21.00:hum1:-3.6597#-1.2757#0.9413#0.1819#-0.9939#0.2164
22.00:hum1:-3.6597#-1.2757#0.9413#0.1819#-0.9939#0.2164
23.00:hum1:-3.6597#-1.2757#0.9413#0.1819#-0.9939#0.2164
24.00:hum1:-3.6597#-1.2757#0.9413#0.1819#-0.9939#0.2164
25.00:hum1:-3.6597#-1.2757#0.9413#0.1819#-0.9939#0.2164
26.00:hum1:-3.6597#-1.2757#0.9413#0.1819#-0.9939#0.2164
27.00:hum1:-3.6597#-1.2757#0.9413#0.1819#-0.9939#0.2164
28.00:hum1:-3.7368#-1.3204#0.8168#-0.0332#-0.2232#-0.1485
29.00:hum1:-2.7287#-1.4525#0.8153#0.0174#0.2464#-0.0708
30.00:hum1:-1.5115#-1.5437#0.8244#0.0196#0.3631#-0.0547
31.00:hum1:-0.1691#-1.5932#0.8048#0.0007#0.0582#-0.0117
32.00:hum1:0.6949#-1.6033#0.8161#0.0037#0.3012#-0.0123
33.00:hum1:1.6820#-1.6149#0.8204#0.0042#0.3324#-0.0124
34.00:hum1:1.9339#-1.6179#0.8048#0.0007#0.0582#-0.0117
35.00:hum1:2.6009#-1.6258#0.8374#-0.0055#-0.4259#-0.0129
36.00:hum1:3.5451#-1.6369#0.9598#-0.0229#-1.0870#-0.0255
37.00:hum1:3.6182#-1.6377#0.9484#-0.0203#-1.0369#-0.0233
38.00:hum1:4.4260#-1.6472#0.8908#-0.0115#-0.7619#-0.0163
39.00:hum1:5.2178#-1.6564#0.8115#-0.0020#-0.1620#-0.0119
40.00:hum1:6.1400#-1.6672#0.8048#0.0007#0.0582#-0.0117
41.00:hum1:7.4371#-1.6825#0.8466#-0.0065#-0.4945#-0.0133
42.00:hum1:8.7425#-1.6978#0.9377#-0.0183#-0.9887#-0.0215
43.00:hum1:9.9787#-1.7123#0.9191#-0.0152#-0.9015#-0.0190
44.00:hum1:11.0024#-1.7243#0.8168#-0.0028#-0.2256#-0.0120
45.00:hum1:12.0009#-1.7359#0.8153#0.0030#0.2470#-0.0121
46.00:hum1:13.2181#-1.7502#0.8244#0.0046#0.3636#-0.0126
47.00:hum1:13.5464#-1.7541#0.8044#-0.0001#-0.0072#-0.0117
48.00:hum1:13.6529#-1.7491#0.8115#0.0131#-0.1615#0.0814
49.00:hum1:13.7687#-1.7398#0.8466#0.0431#-0.4929#0.0912
50.00:hum1:13.8573#-1.7327#0.8763#0.0648#-0.6796#0.1033
51.00:hum1:13.9617#-1.7243#0.9141#0.0961#-0.8745#0.1253
52.00:hum1:14.0818#-1.7146#0.9598#0.1511#-1.0811#0.1712
53.00:hum1:14.2059#-1.7046#0.9191#0.1007#-0.8975#0.1289
54.00:hum1:14.1896#-1.7059#0.8496#0.0453#-0.5142#0.0923
55.00:hum1:14.1865#-1.7062#0.8262#0.0273#-0.3277#0.0849
56.00:hum1:14.1614#-1.7081#0.8102#0.0089#-0.1100#0.0808
57.00:hum1:14.1219#-1.7113#0.8081#-0.0103#0.1276#0.0810
58.00:hum1:15.0700#-1.6351#0.9377#0.1209#-0.9839#0.1452
59.00:hum1:16.3023#-1.5358#0.9191#0.1007#-0.8975#0.1289
60.00:hum1:16.5423#-1.5164#0.8120#-0.0221#0.2691#0.0833
61.00:hum1:16.7601#-1.4989#0.8069#0.0066#-0.0819#0.0806
62.00:hum1:16.8626#-1.4907#0.8273#0.0284#-0.3402#0.0852
63.00:hum1:16.9566#-1.4832#0.8618#0.0541#-0.5932#0.0969
64.00:hum1:17.0564#-1.4751#0.8908#0.0761#-0.7589#0.1108
65.00:hum1:17.2699#-1.4579#0.9597#0.1509#-1.0807#0.1711
66.00:hum1:17.3340#-1.4528#0.9413#0.1251#-0.9996#0.1488
67.00:hum1:17.3425#-1.4521#0.8721#0.0616#-0.6549#0.1013
68.00:hum1:17.3335#-1.4528#0.8374#0.0363#-0.4245#0.0882
69.00:hum1:17.3228#-1.4536#0.8168#0.0183#-0.2248#0.0824
70.00:hum1:17.2596#-1.4587#0.8116#-0.0158#0.1940#0.0819
71.00:hum1:17.3119#-1.4545#0.8171#-0.0222#0.2701#0.0833
72.00:hum1:17.3519#-1.4512#0.8281#-0.0311#0.3698#0.0861
73.00:hum1:17.4350#-1.4445#0.8244#-0.0304#0.3624#0.0859
74.00:hum1:17.9862#-1.2400#0.8115#0.1302#-0.0967#0.9358
75.00:hum1:18.0558#-1.1469#0.8466#0.4078#-0.2881#0.9895
76.00:hum1:18.3897#-0.3145#0.8048#-0.0571#0.0115#1.3727
77.00:hum1:18.5600#0.5326#0.8161#-0.2956#0.0586#1.3811
78.00:hum1:18.5849#0.6563#0.8067#-0.1530#0.0307#1.3748
79.00:hum1:18.6060#0.7613#0.8044#0.0070#-0.0014#1.3724
80.00:hum1:18.6225#0.8432#0.8115#0.1589#-0.0318#1.3750
81.00:hum1:18.6454#0.9572#0.8466#0.4863#-0.0938#1.3957
82.00:hum1:18.6629#1.0443#0.8763#0.6725#-0.1248#1.4161
83.00:hum1:18.8426#1.9383#0.8273#0.3352#-0.0661#1.3836
84.00:hum1:18.9375#2.4102#0.8721#0.6478#-0.1209#1.4131
85.00:hum1:18.9357#2.4014#0.8374#0.4185#-0.0817#1.3898
86.00:hum1:18.9336#2.3909#0.8168#0.2213#-0.0442#1.3773
87.00:hum1:18.9264#2.3551#0.8071#-0.0079#0.0016#1.3724
88.00:hum1:18.9211#2.3287#0.8116#-0.1909#0.0382#1.3761
89.00:hum1:18.9314#2.3802#0.8171#-0.2659#0.0529#1.3795
90.00:hum1:18.9393#2.4195#0.8281#-0.3644#0.0716#1.3856
91.00:hum1:18.9557#2.5013#0.8244#-0.3571#0.0703#1.3851
92.00:hum1:18.9994#2.7183#0.8067#-0.1530#0.0307#1.3748
93.00:hum1:19.0205#2.8232#0.8044#0.0070#-0.0014#1.3724
94.00:hum1:18.3750#4.6735#0.4025#0.0000#0.0000#-1.5700
95.00:hum1:18.3750#4.6735#0.4025#0.0000#0.0000#-1.5700
96.00:hum1:18.3750#4.6735#0.4025#0.0000#0.0000#-1.5700
97.00:hum1:18.3750#4.6735#0.4025#0.0000#0.0000#-1.5700
98.00:hum1:18.3750#4.6735#0.4025#0.0000#0.0000#-1.5700
99.00:hum1:18.3750#4.6735#0.4025#0.0000#0.0000#-1.5700
100.00:hum1:18.3750#4.6735#0.4025#0.0000#0.0000#-1.5700
101.00:hum1:18.3750#4.6735#0.4025#0.0000#0.0000#-1.5700
102.00:hum1:18.3750#4.6735#0.4025#0.0000#0.0000#-1.5700
103.00:hum1:18.3750#4.6735#0.4025#0.0000#0.0000#-1.5700
104.00:hum1:18.3750#4.6735#0.4025#0.0000#0.0000#-1.5700
105.00:hum1:18.3750#4.6735#0.4025#0.0000#0.0000#-1.5700
106.00:hum1:18.3750#4.6735#0.4025#0.0000#0.0000#-1.5700
107.00:hum1:18.3750#4.6735#0.4025#0.0000#0.0000#-1.5700
108.00:hum1:18.3750#4.6735#0.4025#0.0000#0.0000#-1.5700
109.00:hum1:18.3750#4.1170#0.8115#-0.1620#-0.0001#-1.5700
110.00:hum1:18.3333#4.0263#0.9141#-0.8728#0.1159#-1.6672
111.00:hum1:18.2979#3.8332#0.8102#-0.1088#0.0183#-1.7367
112.00:hum1:18.1758#2.7594#0.8171#0.2704#-0.0183#-1.6364
113.00:hum1:18.5734#2.8526#0.8204#-0.3310#-0.0315#1.6625
114.00:hum1:18.4995#3.7160#0.8071#-0.0080#-0.0006#1.6469
115.00:hum1:17.9958#3.7305#0.8171#0.2676#0.0436#-1.4129
116.00:hum1:18.0863#2.6303#0.8204#0.3274#-0.0589#-1.7420
117.00:hum1:18.3822#2.2050#0.8044#0.0072#0.0006#1.6579
118.00:hum1:18.2795#3.4924#0.8618#0.5941#0.0413#1.6321
119.00:hum1:17.7707#3.6710#0.8168#-0.2231#-0.0336#-1.4233
120.00:hum1:17.6336#2.6689#0.8496#-0.5152#0.0289#-1.6215
121.00:hum1:17.5642#1.6776#0.8071#0.0080#-0.0007#-1.6625
122.00:hum1:17.4448#0.6755#0.8215#0.2898#-0.1273#-1.9731
123.00:hum1:17.1757#-0.2673#0.9377#-0.9885#-0.0281#-1.5520
124.00:hum1:17.1234#-0.0970#0.8168#-0.0888#0.2077#-2.7337
125.00:hum1:17.0165#-0.2145#0.8071#0.0074#-0.0030#-1.9530
126.00:hum1:16.2870#-0.5139#0.8102#-0.0208#0.1084#-2.9512
127.00:hum1:15.5986#-0.8874#0.8171#-0.2710#-0.0061#1.5929
128.00:hum1:15.5647#0.3244#0.8204#-0.3321#-0.0158#1.6169
129.00:hum1:15.4993#1.6719#0.8044#0.0072#0.0003#1.6189
130.00:hum1:15.4370#2.9652#0.8618#0.5948#0.0269#1.6108
131.00:hum1:15.3731#4.2861#0.9598#1.0867#0.0426#1.5935
132.00:hum1:15.3165#5.4527#0.8721#0.6568#0.0295#1.6093
133.00:hum1:14.8176#5.8774#0.8102#-0.1095#-0.0140#-1.4440
134.00:hum1:15.3872#5.5245#0.8171#-0.2705#-0.0171#1.6326
135.00:hum1:14.9172#5.6321#0.8204#0.3296#0.0437#-1.4434
136.00:hum1:15.4248#6.0507#0.8044#0.0072#0.0005#1.6356
137.00:hum1:15.3581#7.3400#0.8618#0.5948#0.0278#1.6122
138.00:hum1:15.2920#8.6608#0.9598#1.0867#0.0441#1.5943