
1.00:-4.1098#-1.2873#0.2401#-0.0001#-0.0023#-0.0001
2.00:-4.1099#-1.2873#0.2401#-0.0001#-0.0024#-0.0002
3.00:-4.1101#-1.2873#0.2401#-0.0001#-0.0025#-0.0002
4.00:-4.1102#-1.2874#0.2401#-0.0001#-0.0025#-0.0002
5.00:-4.1103#-1.2874#0.2401#-0.0001#-0.0025#-0.0003
6.00:-4.1104#-1.2874#0.2401#-0.0001#-0.0026#-0.0003
7.00:-4.1105#-1.2874#0.2401#-0.0001#-0.0026#-0.0003
8.00:-4.1106#-1.2874#0.2401#-0.0001#-0.0024#-0.0004
9.00:-4.1108#-1.2874#0.2401#-0.0001#-0.0024#-0.0006
10.00:-4.1108#-1.2874#0.2401#-0.0001#-0.0021#-0.0007
11.00:-4.0418#-1.2877#0.2402#-0.0001#-0.0032#-0.0022
12.00:-3.3007#-0.9476#0.2400#0.0004#-0.0007#0.8002
13.00:-3.2082#-0.8262#0.2401#0.0015#-0.0014#0.8734
14.00:-3.1976#-0.8371#0.2401#0.0011#-0.0019#0.5649
15.00:-3.1901#-0.8506#0.2401#0.0005#-0.0022#0.2592
16.00:-3.1873#-0.8655#0.2401#-0.0002#-0.0022#-0.0441
17.00:-2.8951#-0.9398#0.2401#-0.0005#-0.0018#-0.2160
18.00:-1.7675#-1.1792#0.2401#-0.0004#-0.0015#-0.2091
19.00:-0.6233#-1.4219#0.2401#-0.0004#-0.0016#-0.2090
20.00:-0.0531#-1.5394#0.2401#-0.0003#-0.0016#-0.1604
21.00:0.0883#-1.5254#0.2401#0.0001#-0.0020#0.0992
22.00:1.0780#-1.4144#0.2400#0.0000#-0.0011#0.1108
23.00:1.6396#-1.3536#0.2401#0.0001#-0.0016#0.1024
24.00:1.6395#-1.3536#0.2401#0.0001#-0.0015#0.1024
25.00:1.6394#-1.3536#0.2401#0.0001#-0.0016#0.1023
26.00:1.6393#-1.3536#0.2401#0.0001#-0.0016#0.1024
27.00:1.6393#-1.3536#0.2401#0.0001#-0.0015#0.1024
28.00:1.6392#-1.3536#0.2401#0.0001#-0.0015#0.1024
29.00:1.6391#-1.3536#0.2401#0.0001#-0.0016#0.1024
30.00:1.6391#-1.3536#0.2401#0.0001#-0.0015#0.1024
31.00:1.6390#-1.3536#0.2401#0.0001#-0.0016#0.1024
32.00:1.8287#-1.3334#0.2401#0.0001#-0.0019#0.1063
33.00:2.7074#-1.2316#0.2400#0.0000#-0.0010#0.1196
34.00:2.7506#-1.2373#0.2401#-0.0003#-0.0028#-0.0965
35.00:3.4921#-1.3722#0.2401#-0.0003#-0.0015#-0.1788
36.00:4.1722#-1.4929#0.2401#-0.0003#-0.0016#-0.1631
37.00:4.3340#-1.4796#0.2401#0.0001#-0.0022#0.0770
38.00:5.3519#-1.4412#0.2400#0.0001#-0.0018#0.0297
39.00:6.5211#-1.4064#0.2400#0.0000#-0.0015#0.0297
40.00:7.6863#-1.3716#0.2401#0.0000#-0.0015#0.0297
41.00:8.8516#-1.3370#0.2401#-0.0000#-0.0015#0.0299
42.00:10.0169#-1.3021#0.2401#0.0000#-0.0015#0.0302
43.00:11.1860#-1.2667#0.2401#-0.0000#-0.0017#0.0302
44.00:12.3513#-1.2310#0.2401#0.0000#-0.0017#0.0309
45.00:13.5165#-1.1951#0.2401#-0.0000#-0.0015#0.0308
46.00:14.0890#-1.1771#0.2401#-0.0001#-0.0017#0.0122
47.00:14.0879#-1.1914#0.2401#-0.0007#-0.0021#-0.2782
48.00:14.0827#-1.2048#0.2401#-0.0013#-0.0018#-0.5678
49.00:14.0741#-1.2159#0.2401#-0.0017#-0.0014#-0.8570
50.00:14.0798#-1.2565#0.2401#-0.0019#-0.0008#-1.1302
51.00:14.3099#-1.3655#0.2401#-0.0016#-0.0004#-1.2798
52.00:14.2696#-1.5081#0.0347#-2.2270#0.2938#3.0558
53.00:14.3447#-1.3768#0.0682#2.8088#0.0828#-2.2830
54.00:14.3365#-1.3665#0.0302#-2.8752#0.2094#-2.1466
55.00:14.3384#-1.3538#0.0273#2.9951#0.0021#-2.0482
56.00:14.3414#-1.3532#0.0038#-3.1088#0.0062#-2.0280
57.00:16.0505#-1.2524#0.1127#3.0304#-0.3521#2.8109
58.00:16.8707#-0.9400#0.0596#1.5993#0.5293#-0.1996
59.00:17.0257#-0.9052#0.0154#-2.8793#0.3178#-2.6864
60.00:17.1889#-1.0250#0.1252#2.8667#0.3795#2.8650
61.00:17.2744#-1.0558#0.0350#-2.9759#0.2202#2.4325
62.00:17.2973#-1.0392#0.0257#-3.1406#-0.1596#2.3004
63.00:17.3031#-1.0378#0.0111#3.1069#-0.0192#2.2650
64.00:17.7936#-0.8217#-0.0030#3.1416#0.0000#0.9703
65.00:17.7913#-0.8143#-0.0030#-3.1416#-0.0000#0.9116
66.00:17.7913#-0.8143#-0.0030#-3.1416#-0.0000#0.9116
67.00:17.7913#-0.8143#-0.0030#-3.1416#-0.0000#0.9116
68.00:17.7913#-0.8143#-0.0030#-3.1414#-0.0000#0.9116
69.00:17.7913#-0.8142#-0.0030#-3.1416#-0.0000#0.9116
70.00:17.7913#-0.8142#-0.0030#-3.1416#-0.0000#0.9116
71.00:17.7913#-0.8142#-0.0030#-3.1416#-0.0000#0.9116
72.00:17.7914#-0.8142#-0.0030#-3.1414#-0.0000#0.9116
73.00:17.7913#-0.8142#-0.0030#-3.1416#-0.0000#0.9116
74.00:17.7913#-0.8142#-0.0030#-3.1416#-0.0000#0.9117
75.00:18.1351#1.1139#0.0269#-3.1039#0.4536#-2.6810
76.00:18.5166#1.5786#0.0132#2.7900#-0.0102#0.0736
77.00:18.2786#1.5489#0.0210#3.1399#-0.0730#-1.4134
78.00:18.2600#1.4895#0.0040#-3.1140#0.0005#-1.9032
79.00:18.2593#1.4803#-0.0030#3.1416#-0.0000#-1.9500
80.00:18.2593#1.4803#-0.0030#3.1413#-0.0000#-1.9500
81.00:18.2593#1.4802#-0.0030#3.1416#-0.0000#-1.9500
82.00:18.5845#2.8924#0.0035#3.1256#-0.0104#-2.4628
83.00:18.5872#2.8783#-0.0030#3.1416#0.0000#-2.5326
84.00:18.5873#2.8784#-0.0030#3.1416#0.0000#-2.5326
85.00:18.5872#2.8783#-0.0030#3.1416#0.0000#-2.5326
86.00:18.5873#2.8784#-0.0030#3.1416#0.0000#-2.5326
87.00:18.5873#2.8784#-0.0030#3.1416#0.0000#-2.5326
88.00:18.6307#2.8722#-0.0017#-3.1101#0.0079#-3.0015
89.00:18.3995#2.9870#0.0027#-3.1171#0.0025#-2.0044
90.00:18.4064#3.0140#-0.0030#3.1416#0.0000#-1.8577
91.00:18.4064#3.0141#-0.0030#3.1414#-0.0000#-1.8577
92.00:18.4064#3.0141#-0.0030#3.1416#-0.0000#-1.8577
93.00:18.4083#3.1101#-0.0030#-3.1414#0.0001#-1.8975
94.00:18.0853#5.4633#5.5555#2.2883#-0.5018#2.9346
95.00:17.8883#11.2747#15.7952#2.6914#0.7946#0.7427
96.00:17.3393#16.6756#16.2887#2.8272#0.6563#1.8384
97.00:16.6538#22.2048#6.8615#2.6014#0.7744#-2.9266
98.00:16.1672#27.7905#-12.2507#2.8744#0.1171#2.5710
99.00:15.5606#33.6343#-41.3181#-2.9483#0.5971#-2.0710
100.00:15.1705#39.0194#-79.7459#1.7597#-0.2863#2.1541
101.00:14.7787#44.7511#-128.3016#1.4800#0.5999#1.8931
102.00:14.1540#50.2178#-186.6656#1.8013#0.3076#2.5215
103.00:13.4290#55.9457#-255.1170#2.4821#-0.0742#-1.7553
104.00:13.2989#61.5069#-332.9727#2.9160#0.5969#1.2264
105.00:12.5138#67.1459#-420.9866#2.1997#-0.0260#-0.9407
106.00:12.0486#72.5296#-518.4608#2.2688#0.8469#-2.6033
107.00:11.6700#78.1481#-625.8615#3.0190#0.5194#2.2101
108.00:11.1598#83.7435#-743.1013#2.8717#0.1161#1.9866
109.00:10.5915#89.3055#-870.1185#2.6951#-0.1063#2.1913
110.00:9.9326#94.7729#-1000.0222#-2.9992#0.3192#-2.5444
111.00:9.9326#94.7729#-1000.0222#-2.9992#0.3192#-2.5444
112.00:9.9326#94.7729#-1000.0222#-2.9992#0.3192#-2.5444
113.00:9.9326#94.7729#-1000.0222#-2.9992#0.3192#-2.5444
114.00:9.9326#94.7729#-1000.0222#-2.9992#0.3192#-2.5444
115.00:9.9326#94.7729#-1000.0222#-2.9992#0.3192#-2.5444
116.00:9.9326#94.7729#-1000.0222#-2.9992#0.3192#-2.5444
117.00:9.9326#94.7729#-1000.0222#-2.9992#0.3192#-2.5444
118.00:9.9326#94.7729#-1000.0222#-2.9992#0.3192#-2.5444
119.00:9.9326#94.7729#-1000.0222#-2.9992#0.3192#-2.5444
120.00:9.9326#94.7729#-1000.0222#-2.9992#0.3192#-2.5444
121.00:9.9326#94.7729#-1000.0222#-2.9992#0.3192#-2.5444
122.00:9.9326#94.7729#-1000.0222#-2.9992#0.3192#-2.5444
123.00:9.9326#94.7729#-1000.0222#-2.9992#0.3192#-2.5444
124.00:9.9326#94.7729#-1000.0222#-2.9992#0.3192#-2.5444
125.00:9.9326#94.7729#-1000.0222#-2.9992#0.3192#-2.5444
126.00:9.9326#94.7729#-1000.0222#-2.9992#0.3192#-2.5444
127.00:9.9326#94.7729#-1000.0222#-2.9992#0.3192#-2.5444
128.00:9.9326#94.7729#-1000.0222#-2.9992#0.3192#-2.5444
129.00:9.9326#94.7729#-1000.0222#-2.9992#0.3192#-2.5444
130.00:9.9326#94.7729#-1000.0222#-2.9992#0.3192#-2.5444
131.00:9.9326#94.7729#-1000.0222#-2.9992#0.3192#-2.5444
132.00:9.9326#94.7729#-1000.0222#-2.9992#0.3192#-2.5444
133.00:9.9326#94.7729#-1000.0222#-2.9992#0.3192#-2.5444
134.00:9.9326#94.7729#-1000.0222#-2.9992#0.3192#-2.5444
135.00:9.9326#94.7729#-1000.0222#-2.9992#0.3192#-2.5444
136.00:9.9326#94.7729#-1000.0222#-2.9992#0.3192#-2.5444
137.00:9.9326#94.7729#-1000.0222#-2.9992#0.3192#-2.5444
138.00:9.9326#94.7729#-1000.0222#-2.9992#0.3192#-2.5444