
1.00:hum1:-6.4000#-1.4250#0.8025#-0.0000#0.0000#-0.0000
2.00:hum1:-6.4000#-1.4250#0.8025#-0.0000#0.0000#-0.0000
3.00:hum1:-6.4000#-1.4250#0.8025#-0.0000#0.0000#-0.0000
4.00:hum1:-6.4000#-1.4250#0.8025#-0.0000#0.0000#-0.0000
5.00:hum1:-6.4000#-1.4250#0.8025#-0.0000#0.0000#-0.0000
6.00:hum1:-6.4000#-1.4250#0.8025#-0.0000#0.0000#-0.0000
7.00:hum1:-6.4000#-1.4250#0.8025#-0.0000#0.0000#-0.0000
8.00:hum1:-6.4000#-1.4250#0.8025#-0.0000#0.0000#-0.0000
9.00:hum1:-6.4000#-1.4250#0.8025#-0.0000#0.0000#-0.0000
10.00:hum1:-6.4000#-1.4250#0.8025#-0.0000#0.0000#-0.0000
11.00:hum1:-6.4000#-1.4250#0.8025#-0.0000#0.0000#-0.0000
12.00:hum1:-6.4000#-1.4250#0.8025#-0.0000#0.0000#-0.0000
13.00:hum1:-6.4000#-1.4250#0.8025#-0.0000#0.0000#-0.0000
14.00:hum1:-6.4000#-1.4250#0.8025#-0.0000#0.0000#-0.0000
15.00:hum1:-6.4000#-1.4250#0.8025#-0.0000#0.0000#-0.0000
16.00:hum1:-6.2577#-1.4123#0.8067#-0.0152#0.1553#0.0984
17.00:hum1:-4.9562#-1.2853#0.8273#0.0344#-0.3397#0.1032
18.00:hum1:-4.6864#-1.2612#0.9141#0.1030#-0.8740#0.1343
19.00:hum1:-5.1280#-0.7874#0.9413#-0.0617#1.0034#-3.0681
20.00:hum1:-5.1564#-0.9536#0.8262#-0.2662#0.1953#-2.1892
21.00:hum1:-5.0418#-0.8055#0.8116#0.1528#-0.1210#-2.2350
22.00:hum1:-4.9798#-0.7345#0.8267#0.2912#-0.2362#-2.2333
23.00:hum1:-5.0602#-0.8332#0.8067#0.1158#-0.1048#-2.3032
24.00:hum1:-5.1557#-1.0754#0.8273#-0.3399#0.0321#-1.6609
25.00:hum1:-4.6297#-0.8654#0.9141#0.8752#-0.0875#1.4983
26.00:hum1:-5.1817#-1.2041#0.9413#-0.9987#0.1354#-1.6572
27.00:hum1:-4.0750#-1.4873#0.9484#-0.2905#-1.0109#-0.3388
28.00:hum1:-3.1066#-1.6546#0.8374#-0.0757#-0.4196#-0.1836
29.00:hum1:-2.3252#-1.7594#0.8081#0.0075#0.1278#-0.0588
30.00:hum1:-1.2721#-1.8210#0.9597#-0.1110#-1.0835#-0.1251
31.00:hum1:-1.2300#-1.8233#0.8171#0.0163#0.2705#-0.0606
32.00:hum1:-0.4906#-1.8666#0.8763#-0.0476#-0.6808#-0.0751
33.00:hum1:-0.4906#-1.8666#0.8763#-0.0476#-0.6808#-0.0751
34.00:hum1:-0.4906#-1.8666#0.8763#-0.0476#-0.6808#-0.0751
35.00:hum1:-0.4906#-1.8666#0.8763#-0.0476#-0.6808#-0.0751
36.00:hum1:-0.4906#-1.8666#0.8763#-0.0476#-0.6808#-0.0751
37.00:hum1:-0.4906#-1.8666#0.8763#-0.0476#-0.6808#-0.0751
38.00:hum1:-0.4906#-1.8666#0.8763#-0.0476#-0.6808#-0.0751
39.00:hum1:-0.4906#-1.8666#0.8763#-0.0476#-0.6808#-0.0751
40.00:hum1:-0.4906#-1.8666#0.8763#-0.0476#-0.6808#-0.0751
41.00:hum1:0.8217#-1.9677#0.9597#-0.1425#-1.0814#-0.1608
42.00:hum1:1.1909#-1.9876#0.8496#-0.0118#-0.5159#-0.0237
43.00:hum1:2.1975#-2.0016#0.8071#0.0001#0.0080#-0.0080
44.00:hum1:3.2297#-1.9704#0.8215#-0.0202#0.3152#0.0655
45.00:hum1:3.8415#-1.4461#0.8161#-0.0120#-0.3010#3.1015
46.00:hum1:4.8569#-1.9934#0.8069#-0.0037#-0.0821#-0.0453
47.00:hum1:6.1498#-2.0519#0.8763#-0.0369#-0.6813#-0.0582
48.00:hum1:7.4689#-2.1116#0.9597#-0.0862#-1.0848#-0.0971
49.00:hum1:8.4759#-2.1571#0.9598#-0.0863#-1.0852#-0.0972
50.00:hum1:9.6427#-2.2098#0.8721#-0.0351#-0.6566#-0.0571
51.00:hum1:10.6567#-2.2556#0.8102#-0.0050#-0.1103#-0.0454
52.00:hum1:11.7131#-2.3033#0.8171#0.0126#0.2707#-0.0469
53.00:hum1:12.9177#-2.3577#0.8204#0.0157#0.3321#-0.0478
54.00:hum1:14.2656#-2.4187#0.8044#-0.0003#-0.0072#-0.0452
55.00:hum1:15.5591#-2.4772#0.8618#-0.0308#-0.5947#-0.0546
56.00:hum1:16.3666#-2.5136#0.8044#-0.0003#-0.0072#-0.0452
57.00:hum1:16.4502#-2.5174#0.8115#-0.0074#-0.1618#-0.0458
58.00:hum1:16.5663#-2.5227#0.8466#-0.0245#-0.4940#-0.0513
59.00:hum1:16.7463#-2.1038#0.8763#0.6811#-0.0413#1.5202
60.00:hum1:16.7463#-2.1038#0.8763#0.6811#-0.0413#1.5202
61.00:hum1:16.7463#-2.1038#0.8763#0.6811#-0.0413#1.5202
62.00:hum1:16.7463#-2.1038#0.8763#0.6811#-0.0413#1.5202
63.00:hum1:16.7463#-2.1038#0.8763#0.6811#-0.0413#1.5202
64.00:hum1:16.7463#-2.1038#0.8763#0.6811#-0.0413#1.5202
65.00:hum1:16.7463#-2.1038#0.8763#0.6811#-0.0413#1.5202
66.00:hum1:16.7463#-2.1038#0.8763#0.6811#-0.0413#1.5202
67.00:hum1:16.7463#-2.1038#0.8763#0.6811#-0.0413#1.5202
68.00:hum1:16.7463#-2.1038#0.8763#0.6811#-0.0413#1.5202
69.00:hum1:16.9868#-1.6397#0.8120#-0.2518#0.0985#1.2058
70.00:hum1:17.2216#-1.0542#0.8115#0.1475#-0.0671#1.1474
71.00:hum1:17.3015#-1.2849#0.8204#0.0248#0.3315#-0.0757
72.00:hum1:18.6090#-1.4556#0.8044#-0.0013#-0.0071#-0.1857
73.00:hum1:19.0767#-1.5441#0.8262#-0.0636#-0.3228#-0.1978
74.00:hum1:19.0521#-1.5394#0.8102#-0.0207#-0.1084#-0.1886