
2.00:-4.8099#-1.1623#0.2401#-0.0001#-0.0025#-0.0001
3.00:-4.8100#-1.1623#0.2401#-0.0001#-0.0024#-0.0001
4.00:-4.8100#-1.1623#0.2401#-0.0001#-0.0022#-0.0001
5.00:-4.8102#-1.1623#0.2401#-0.0001#-0.0025#-0.0002
6.00:-4.8103#-1.1623#0.2401#-0.0001#-0.0023#-0.0002
7.00:-4.8104#-1.1623#0.2401#-0.0001#-0.0025#-0.0002
8.00:-4.8105#-1.1623#0.2401#-0.0001#-0.0025#-0.0001
9.00:-4.8106#-1.1623#0.2401#-0.0001#-0.0023#-0.0002
10.00:-4.8106#-1.1624#0.2401#-0.0001#-0.0021#-0.0002
11.00:-4.8108#-1.1624#0.2401#-0.0001#-0.0022#-0.0003
12.00:-4.8109#-1.1624#0.2401#-0.0001#-0.0024#-0.0002
13.00:-4.6881#-1.1630#0.2401#-0.0001#-0.0029#0.0012
14.00:-3.9575#-0.7989#0.2400#0.0007#-0.0007#0.8752
15.00:-3.9284#-0.7719#0.2401#0.0014#-0.0017#0.7388
16.00:-3.9195#-0.7841#0.2401#0.0008#-0.0020#0.4278
17.00:-3.9147#-0.7986#0.2401#0.0002#-0.0022#0.1189
18.00:-3.9092#-0.8138#0.2401#-0.0005#-0.0022#-0.1730
19.00:-3.1206#-0.9911#0.2401#-0.0004#-0.0013#-0.2140
20.00:-1.9816#-1.2386#0.2401#-0.0004#-0.0015#-0.2142
21.00:-0.9299#-1.4670#0.2400#-0.0003#-0.0011#-0.2127
22.00:-0.7981#-1.4952#0.2401#-0.0004#-0.0015#-0.2063
23.00:-0.7982#-1.4952#0.2401#-0.0004#-0.0015#-0.2063
24.00:-0.7982#-1.4952#0.2401#-0.0004#-0.0014#-0.2063
25.00:-0.7983#-1.4952#0.2401#-0.0004#-0.0015#-0.2063
26.00:-0.7983#-1.4952#0.2401#-0.0004#-0.0013#-0.2063
27.00:-0.7984#-1.4952#0.2401#-0.0004#-0.0014#-0.2063
28.00:-0.7985#-1.4951#0.2401#-0.0004#-0.0014#-0.2064
29.00:-0.7986#-1.4951#0.2401#-0.0004#-0.0014#-0.2064
30.00:-0.6144#-1.5356#0.2401#-0.0005#-0.0022#-0.2155
31.00:0.2003#-1.7236#0.2400#-0.0003#-0.0011#-0.2245
32.00:0.3025#-1.7251#0.2401#-0.0000#-0.0019#0.0116
33.00:1.0227#-1.6662#0.2401#0.0000#-0.0015#0.0754
34.00:2.1852#-1.5786#0.2401#0.0000#-0.0017#0.0752
35.00:3.3477#-1.4907#0.2401#0.0001#-0.0015#0.0756
36.00:4.5099#-1.4024#0.2401#0.0000#-0.0018#0.0759
37.00:5.4056#-1.3345#0.2400#0.0000#-0.0010#0.0857
38.00:5.4296#-1.3319#0.2401#0.0001#-0.0019#0.0936
39.00:5.4294#-1.3319#0.2401#0.0001#-0.0020#0.0935
40.00:5.4293#-1.3320#0.2401#0.0001#-0.0020#0.0935
41.00:5.4291#-1.3320#0.2401#0.0001#-0.0020#0.0934
42.00:5.4292#-1.3320#0.2401#0.0001#-0.0014#0.0934
43.00:5.4291#-1.3320#0.2401#0.0001#-0.0014#0.0934
44.00:5.4290#-1.3320#0.2401#0.0001#-0.0014#0.0934
45.00:5.4290#-1.3321#0.2401#0.0001#-0.0014#0.0933
46.00:5.4294#-1.3403#0.2401#-0.0003#-0.0021#-0.0649
47.00:5.9410#-1.4498#0.2400#-0.0004#-0.0013#-0.2043
48.00:6.4637#-1.5524#0.2401#-0.0003#-0.0017#-0.1453
49.00:6.7059#-1.5368#0.2401#0.0000#-0.0019#0.0512
50.00:7.8091#-1.5069#0.2401#-0.0000#-0.0014#0.0250
51.00:8.9784#-1.4776#0.2401#-0.0001#-0.0013#0.0250
52.00:10.1436#-1.4482#0.2401#-0.0000#-0.0016#0.0252
53.00:11.3090#-1.4192#0.2401#-0.0000#-0.0016#0.0246
54.00:12.4748#-1.3905#0.2401#-0.0000#-0.0014#0.0249
55.00:13.6418#-1.3615#0.2400#-0.0000#-0.0012#0.0251
56.00:14.8093#-1.3320#0.2401#-0.0001#-0.0014#0.0250
57.00:15.9747#-1.3026#0.2401#-0.0000#-0.0016#0.0253
58.00:17.1402#-1.2730#0.2401#-0.0000#-0.0014#0.0253
59.00:18.3058#-1.2434#0.2401#-0.0001#-0.0015#0.0257
60.00:19.4750#-1.2134#0.2400#0.0001#-0.0014#0.0257
61.00:19.9255#-1.2017#0.2401#-0.0000#-0.0020#0.0269
62.00:19.9253#-1.2018#0.2401#-0.0000#-0.0020#0.0269
63.00:19.9252#-1.2018#0.2401#-0.0000#-0.0018#0.0268
64.00:19.9252#-1.2018#0.2401#-0.0000#-0.0015#0.0268
65.00:19.9252#-1.2018#0.2401#-0.0000#-0.0014#0.0268
66.00:19.9251#-1.2018#0.2401#-0.0000#-0.0014#0.0268
67.00:19.9249#-1.2018#0.2401#-0.0000#-0.0016#0.0268
68.00:19.9246#-1.2018#0.2401#-0.0000#-0.0020#0.0268
69.00:19.9244#-1.2018#0.2401#-0.0000#-0.0020#0.0268
70.00:19.9242#-1.2018#0.2401#-0.0000#-0.0020#0.0267
71.00:19.9241#-1.2018#0.2401#-0.0000#-0.0020#0.0267
72.00:19.9239#-1.2018#0.2401#-0.0000#-0.0020#0.0267
73.00:19.9238#-1.2018#0.2401#-0.0000#-0.0020#0.0268
74.00:19.9236#-1.2018#0.2401#-0.0000#-0.0020#0.0267