
2.00:hum1:-5.5750#-1.5000#0.8025#-0.0000#0.0000#-0.0000
3.00:hum1:-5.5750#-1.5000#0.8025#-0.0000#0.0000#-0.0000
4.00:hum1:-5.5750#-1.5000#0.8025#-0.0000#0.0000#-0.0000
5.00:hum1:-5.5750#-1.5000#0.8025#-0.0000#0.0000#-0.0000
6.00:hum1:-5.5750#-1.5000#0.8025#-0.0000#0.0000#-0.0000
7.00:hum1:-5.5750#-1.5000#0.8025#-0.0000#0.0000#-0.0000
8.00:hum1:-5.5750#-1.5000#0.8025#-0.0000#0.0000#-0.0000
9.00:hum1:-5.5750#-1.5000#0.8025#-0.0000#0.0000#-0.0000
10.00:hum1:-5.5750#-1.5000#0.8025#-0.0000#0.0000#-0.0000
11.00:hum1:-5.5750#-1.5000#0.8025#-0.0000#0.0000#-0.0000
12.00:hum1:-5.5750#-1.5000#0.8025#-0.0000#0.0000#-0.0000
13.00:hum1:-5.5750#-1.5000#0.8025#-0.0000#0.0000#-0.0000
14.00:hum1:-5.5750#-1.5000#0.8025#-0.0000#0.0000#-0.0000
15.00:hum1:-4.4545#-1.4130#0.8120#-0.0209#0.2692#0.0788
16.00:hum1:-3.7267#-1.3577#0.9597#0.1428#-1.0814#0.1619
17.00:hum1:-3.6626#-1.3528#0.9413#0.1184#-1.0001#0.1408
18.00:hum1:-3.7101#-1.3564#0.8071#-0.0006#0.0080#0.0760
19.00:hum1:-2.6419#-1.2751#0.8102#0.0084#-0.1101#0.0764
20.00:hum1:-1.5875#-1.1948#0.8171#-0.0210#0.2702#0.0788
21.00:hum1:-0.3851#-1.1032#0.8204#-0.0261#0.3314#0.0803
22.00:hum1:0.9602#-1.0009#0.8044#0.0005#-0.0072#0.0760
23.00:hum1:1.9632#-0.9245#0.8048#-0.0044#0.0581#0.0761
24.00:hum1:2.9506#-0.8493#0.8067#-0.0119#0.1556#0.0769
25.00:hum1:3.3453#-0.8194#0.8763#0.0613#-0.6799#0.0977
26.00:hum1:3.6100#-0.7992#0.8081#-0.0097#0.1277#0.0766
27.00:hum1:3.6133#-0.7989#0.8153#-0.0191#0.2463#0.0783
28.00:hum1:4.6516#-0.7199#0.8116#-0.0149#0.1941#0.0774
29.00:hum1:5.8319#-0.6300#0.8267#-0.0295#0.3717#0.0815
30.00:hum1:7.1449#-0.5301#0.8067#-0.0119#0.1556#0.0769
31.00:hum1:8.1283#-0.4552#0.8120#-0.0209#0.2692#0.0788
32.00:hum1:9.1161#-0.3800#0.8161#-0.0235#0.3003#0.0795
33.00:hum1:10.1005#-0.3051#0.8204#-0.0261#0.3314#0.0803
34.00:hum1:10.9953#-0.2370#0.8171#-0.0210#0.2702#0.0788
35.00:hum1:11.9985#-0.1606#0.8081#-0.0097#0.1277#0.0766
36.00:hum1:13.0669#-0.0793#0.8071#-0.0006#0.0080#0.0760
37.00:hum1:14.1595#0.0039#0.8215#-0.0247#0.3149#0.0799
38.00:hum1:15.2656#-0.1857#0.8161#0.1033#0.2835#-0.3548
39.00:hum1:16.1964#-0.5149#0.8204#0.1147#0.3127#-0.3581
40.00:hum1:16.3144#-0.5567#0.8120#0.0921#0.2542#-0.3518
41.00:hum1:16.4338#-0.5990#0.8048#0.0195#0.0549#-0.3405
42.00:hum1:16.5204#-0.6296#0.8069#-0.0275#-0.0775#-0.3410
43.00:hum1:16.6174#-0.6639#0.8273#-0.1180#-0.3211#-0.3591
44.00:hum1:17.0632#-0.8216#0.9413#-0.4835#-0.9199#-0.5830
45.00:hum1:18.2206#-0.5537#0.8262#0.3196#-0.0783#1.3390
46.00:hum1:18.4577#0.3970#0.8116#-0.1890#0.0469#1.3308
47.00:hum1:18.7442#1.5456#0.8267#-0.3627#0.0884#1.3425
48.00:hum1:19.0630#2.8232#0.8067#-0.1514#0.0377#1.3292
49.00:hum1:19.2533#3.5863#0.8267#-0.3627#0.0884#1.3425
50.00:hum1:18.3750#4.6735#0.4025#0.0000#0.0000#-1.5700
51.00:hum1:18.3750#4.6735#0.4025#0.0000#0.0000#-1.5700
52.00:hum1:18.3750#4.6735#0.4025#0.0000#0.0000#-1.5700
53.00:hum1:18.3750#4.6735#0.4025#0.0000#0.0000#-1.5700
54.00:hum1:18.3750#4.6735#0.4025#0.0000#0.0000#-1.5700
55.00:hum1:18.3750#4.6735#0.4025#0.0000#0.0000#-1.5700
56.00:hum1:18.3750#4.6735#0.4025#0.0000#0.0000#-1.5700
57.00:hum1:18.3750#4.6735#0.4025#0.0000#0.0000#-1.5700
58.00:hum1:18.3750#4.6735#0.4025#0.0000#0.0000#-1.5700
59.00:hum1:18.3750#4.6735#0.4025#0.0000#0.0000#-1.5700
60.00:hum1:18.3750#4.6735#0.4025#0.0000#0.0000#-1.5700
61.00:hum1:18.3750#4.6735#0.4025#0.0000#0.0000#-1.5700
62.00:hum1:18.3750#4.6735#0.4025#0.0000#0.0000#-1.5700
63.00:hum1:18.3750#4.2818#0.8204#0.3324#0.0002#-1.5700
64.00:hum1:18.2512#3.4850#0.9597#-1.0796#0.1645#-1.6578
65.00:hum1:18.1441#2.3484#0.8496#-0.5146#0.0389#-1.6392
66.00:hum1:18.0223#1.3503#0.8071#0.0080#-0.0005#-1.6366
67.00:hum1:17.9735#0.4291#0.8215#0.2332#-0.2150#-2.3023
68.00:hum1:17.1152#-0.4895#0.8161#0.2266#-0.2002#-2.2824
69.00:hum1:16.3297#-1.3585#0.8069#-0.0611#0.0550#-2.3021
70.00:hum1:16.0845#-2.7611#0.8763#-0.6809#0.0457#-1.6267
71.00:hum1:15.9893#-4.0780#0.9597#-1.0857#0.0641#-1.6042
72.00:hum1:15.9088#-5.1913#0.8496#-0.5148#0.0357#-1.6335
73.00:hum1:15.8365#-6.1923#0.8071#0.0080#-0.0006#-1.6429
74.00:hum1:15.7576#-7.2853#0.8215#0.3150#-0.0225#-1.6394
75.00:hum1:15.6674#-8.5336#0.8161#0.3005#-0.0215#-1.6397