
2.00:hum1:-5.5750#-1.5000#0.8025#-0.0000#0.0000#-0.0000
3.00:hum1:-5.5750#-1.5000#0.8025#-0.0000#0.0000#-0.0000
4.00:hum1:-5.5750#-1.5000#0.8025#-0.0000#0.0000#-0.0000
5.00:hum1:-5.5750#-1.5000#0.8025#-0.0000#0.0000#-0.0000
6.00:hum1:-5.5750#-1.5000#0.8025#-0.0000#0.0000#-0.0000
7.00:hum1:-5.5750#-1.5000#0.8025#-0.0000#0.0000#-0.0000
8.00:hum1:-5.5750#-1.5000#0.8025#-0.0000#0.0000#-0.0000
9.00:hum1:-5.5750#-1.5000#0.8025#-0.0000#0.0000#-0.0000
10.00:hum1:-5.5750#-1.5000#0.8025#-0.0000#0.0000#-0.0000
11.00:hum1:-5.5750#-1.5000#0.8025#-0.0000#0.0000#-0.0000
12.00:hum1:-5.5750#-1.5000#0.8025#-0.0000#0.0000#-0.0000
13.00:hum1:-5.5750#-1.5000#0.8025#-0.0000#0.0000#-0.0000
14.00:hum1:-4.7263#-1.4971#0.8496#0.0018#-0.5160#0.0039
15.00:hum1:-3.7393#-1.4938#0.9597#0.0059#-1.0868#0.0071
16.00:hum1:-3.6750#-1.4936#0.9413#0.0049#-1.0046#0.0062
17.00:hum1:-2.7313#-1.4903#0.9598#0.0059#-1.0872#0.0071
18.00:hum1:-1.5633#-1.4863#0.8721#0.0024#-0.6574#0.0043
19.00:hum1:-0.6281#-1.4832#0.9598#0.0059#-1.0872#0.0071
20.00:hum1:-0.5550#-1.4829#0.9484#0.0053#-1.0370#0.0065
21.00:hum1:-0.0444#-1.4811#0.8069#0.0003#-0.0822#0.0034
22.00:hum1:0.9611#-1.4777#0.8044#0.0000#-0.0072#0.0034
23.00:hum1:2.1617#-1.4736#0.8273#0.0011#-0.3414#0.0036
24.00:hum1:2.4665#-1.4726#0.9377#0.0047#-0.9888#0.0060
25.00:hum1:2.6233#-1.4720#0.8168#0.0007#-0.2256#0.0035
26.00:hum1:3.6832#-1.4684#0.8262#0.0011#-0.3288#0.0036
27.00:hum1:4.6631#-1.4650#0.8116#-0.0006#0.1946#0.0035
28.00:hum1:5.2511#-1.4630#0.8115#0.0005#-0.1620#0.0035
29.00:hum1:5.4562#-1.4624#0.8763#0.0025#-0.6822#0.0043
30.00:hum1:6.5624#-1.4586#0.8908#0.0030#-0.7620#0.0046
31.00:hum1:7.8577#-1.4542#0.9484#0.0053#-1.0370#0.0065
32.00:hum1:8.9436#-1.4504#0.8374#0.0014#-0.4260#0.0037
33.00:hum1:9.9281#-1.4470#0.8081#-0.0004#0.1280#0.0034
34.00:hum1:11.0652#-1.4431#0.8281#-0.0012#0.3710#0.0036
35.00:hum1:11.1487#-1.4428#0.8244#-0.0012#0.3636#0.0036
36.00:hum1:11.5607#-1.4415#0.8115#0.0005#-0.1620#0.0035
37.00:hum1:12.5747#-1.4380#0.8069#0.0003#-0.0822#0.0034
38.00:hum1:12.8720#-1.4370#0.8908#0.0030#-0.7620#0.0046
39.00:hum1:13.1533#-1.4312#0.9413#0.0229#-1.0044#0.0275
40.00:hum1:13.1618#-1.4310#0.8721#0.0113#-0.6573#0.0188
41.00:hum1:13.1528#-1.4311#0.8374#0.0066#-0.4259#0.0163
42.00:hum1:13.1420#-1.4313#0.8168#0.0033#-0.2256#0.0153
43.00:hum1:13.0787#-1.4322#0.8116#-0.0029#0.1946#0.0152
44.00:hum1:14.1371#-1.4164#0.8081#-0.0019#0.1280#0.0150
45.00:hum1:15.2742#-1.3995#0.8281#-0.0057#0.3710#0.0159
46.00:hum1:16.3042#-1.3841#0.8215#-0.0048#0.3158#0.0156
47.00:hum1:17.5557#-1.3655#0.8161#-0.0045#0.3012#0.0156
48.00:hum1:18.4210#-0.1168#0.8069#0.0805#-0.0165#1.3692
49.00:hum1:18.6811#1.1511#0.8763#0.6721#-0.1272#1.4130
50.00:hum1:18.9464#2.4446#0.9597#1.0782#-0.1791#1.4759
51.00:hum1:19.1707#3.5380#0.8496#0.5072#-0.0994#1.3943
52.00:hum1:19.1971#3.6672#0.8204#-0.3261#0.0657#1.3793
53.00:hum1:18.7652#4.0017#0.8120#0.2527#-0.0962#-1.9267
54.00:hum1:18.6237#3.0433#0.8244#0.3631#-0.0196#-1.6220
55.00:hum1:18.5229#1.7283#0.8048#0.0580#-0.0053#-1.6611
56.00:hum1:18.3750#4.6735#0.4025#0.0000#0.0000#-1.5700
57.00:hum1:18.3750#4.6735#0.4025#0.0000#0.0000#-1.5700
58.00:hum1:18.3750#4.6735#0.4025#0.0000#0.0000#-1.5700
59.00:hum1:18.3750#4.6735#0.4025#0.0000#0.0000#-1.5700
60.00:hum1:18.3750#4.6735#0.4025#0.0000#0.0000#-1.5700
61.00:hum1:18.3750#4.6735#0.4025#0.0000#0.0000#-1.5700
62.00:hum1:18.3750#4.6735#0.4025#0.0000#0.0000#-1.5700
63.00:hum1:18.3750#4.6735#0.4025#0.0000#0.0000#-1.5700
64.00:hum1:18.3750#4.6735#0.4025#0.0000#0.0000#-1.5700
65.00:hum1:18.3750#4.6735#0.4025#0.0000#0.0000#-1.5700
66.00:hum1:18.3750#4.6735#0.4025#0.0000#0.0000#-1.5700
67.00:hum1:18.3750#4.6735#0.4025#0.0000#0.0000#-1.5700
68.00:hum1:18.3750#4.6735#0.4025#0.0000#0.0000#-1.5700
69.00:hum1:18.3750#4.6735#0.4025#0.0000#0.0000#-1.5700
70.00:hum1:18.3750#4.6735#0.4025#0.0000#0.0000#-1.5700
71.00:hum1:18.3644#4.1282#0.8161#0.2998#-0.0295#-1.6656
72.00:hum1:18.2263#2.7984#0.8069#-0.0820#0.0057#-1.6394
73.00:hum1:18.1156#1.5135#0.8763#-0.6805#0.0527#-1.6354
74.00:hum1:17.6800#0.4483#0.9597#-0.9996#0.5341#-1.8867
75.00:hum1:17.0465#-0.4831#0.8496#-0.4453#0.2699#-2.0800
76.00:hum1:16.5006#-1.3258#0.8071#0.0068#-0.0043#-2.1389
77.00:hum1:15.9140#-2.2432#0.8215#0.2642#-0.1752#-2.1429
78.00:hum1:15.5048#-3.5575#0.8161#0.2582#0.1569#-1.0364
79.00:hum1:15.5631#-4.4458#0.8069#-0.0715#0.0406#-2.0860
80.00:hum1:14.9237#-5.5711#0.8763#-0.6148#0.3169#-1.9861
81.00:hum1:14.7590#-5.8609#0.8496#-0.4581#0.2464#-2.0298
82.00:hum1:14.7730#-5.8363#0.8102#-0.0960#0.0545#-2.0849
83.00:hum1:14.7609#-5.8576#0.8215#0.2768#-0.1541#-2.0660
84.00:hum1:14.7308#-5.9108#0.8267#0.3277#-0.1810#-2.0575
85.00:hum1:14.6939#-5.9756#0.8204#0.2916#-0.1620#-2.0637