
1.00:hum1:-0.2750#-0.5250#0.8025#-0.0000#0.0000#-0.0000
2.00:hum1:-0.2750#-0.5250#0.8025#-0.0000#0.0000#-0.0000
3.00:hum1:-0.2750#-0.5250#0.8025#-0.0000#0.0000#-0.0000
4.00:hum1:-0.2750#-0.5250#0.8025#-0.0000#0.0000#-0.0000
5.00:hum1:-0.2750#-0.5250#0.8025#-0.0000#0.0000#-0.0000
6.00:hum1:-0.2750#-0.5250#0.8025#-0.0000#0.0000#-0.0000
7.00:hum1:0.5498#-0.6742#0.9191#-0.1273#-0.8951#-0.1623
8.00:hum1:1.5736#-0.8019#0.9413#-0.1709#-0.9952#-0.2025
9.00:hum1:2.5365#-0.9478#0.9484#-0.4259#-0.9779#-0.5002
10.00:hum1:3.6647#-1.0331#0.8374#-0.0456#-0.4237#-0.1101
11.00:hum1:4.7147#-1.1693#0.8496#-0.0395#-0.5146#-0.0798
12.00:hum1:5.7128#-1.2676#0.8071#0.0005#0.0080#-0.0669
13.00:hum1:6.8063#-1.3525#0.8215#0.0192#0.3153#-0.0616
14.00:hum1:8.0575#-1.4304#0.8161#0.0139#0.3009#-0.0467
15.00:hum1:9.2455#-1.4390#0.8069#-0.0482#-0.0666#-0.6274
16.00:hum1:10.6905#-1.4976#0.8763#0.0172#-0.6820#0.0277
17.00:hum1:11.3142#-2.3662#0.9597#-0.9918#-0.5540#-1.2392
18.00:hum1:13.5394#-1.7626#0.8116#-0.0717#0.1811#0.3798
19.00:hum1:13.5289#-3.5164#0.8102#-0.1083#0.0214#-1.7649
20.00:hum1:14.0801#-5.5584#0.9598#-0.9366#-0.6685#-1.1426
21.00:hum1:13.9442#-5.4198#0.8025#0.0000#0.0000#-0.7949
22.00:hum1:14.0741#-5.5522#0.8081#0.0917#0.0895#-0.7990
23.00:hum1:14.1375#-5.6168#0.8025#0.0000#0.0000#-0.7949
24.00:hum1:14.1375#-5.6168#0.8025#0.0000#0.0000#-0.7949
25.00:hum1:14.1375#-5.6168#0.8025#0.0000#0.0000#-0.7949
26.00:hum1:14.1375#-5.6168#0.8025#0.0000#0.0000#-0.7949
27.00:hum1:14.1375#-5.6168#0.8025#0.0000#0.0000#-0.7949
28.00:hum1:14.1375#-5.6168#0.8025#0.0000#0.0000#-0.7949
29.00:hum1:14.1375#-5.6168#0.8025#0.0000#0.0000#-0.7949
30.00:hum1:14.1375#-5.6168#0.8025#0.0000#0.0000#-0.7949
31.00:hum1:14.1375#-5.6168#0.8025#0.0000#0.0000#-0.7949
32.00:hum1:14.1375#-5.6168#0.8025#0.0000#0.0000#-0.7949
33.00:hum1:14.1375#-5.6168#0.8025#0.0000#0.0000#-0.7949
34.00:hum1:14.1375#-5.6168#0.8025#0.0000#0.0000#-0.7949