
1.00:hum1:3.8000#2.2500#0.8025#-0.0000#-0.0000#-1.5708
2.00:hum1:3.8000#2.2500#0.8025#-0.0000#-0.0000#-1.5708
3.00:hum1:3.8000#2.2500#0.8025#-0.0000#-0.0000#-1.5708
4.00:hum1:3.8000#2.2500#0.8025#-0.0000#-0.0000#-1.5708
5.00:hum1:3.8000#2.2500#0.8025#-0.0000#-0.0000#-1.5708
6.00:hum1:3.8000#2.2500#0.8025#-0.0000#-0.0000#-1.5708
7.00:hum1:3.8000#2.2500#0.8025#-0.0000#-0.0000#-1.5708
8.00:hum1:3.8000#2.2500#0.8025#-0.0000#-0.0000#-1.5708
9.00:hum1:3.8000#2.2500#0.8025#-0.0000#-0.0000#-1.5708
10.00:hum1:3.8000#2.2500#0.8025#-0.0000#-0.0000#-1.5708
11.00:hum1:4.0745#1.9737#0.8067#0.0554#0.1459#-0.3638
12.00:hum1:5.3464#1.4150#0.8025#0.0000#0.0000#-0.8874
13.00:hum1:5.5502#1.2957#0.8025#0.0000#0.0000#-0.4120
14.00:hum1:6.1121#1.0433#0.8025#0.0000#0.0000#-0.4247
15.00:hum1:6.3346#0.9458#0.8025#0.0000#0.0000#-0.4128
16.00:hum1:8.8489#0.0962#0.8120#0.0725#0.2603#-0.2749
17.00:hum1:11.3206#-0.1152#0.9484#0.2491#1.0180#2.8515
18.00:hum1:13.4856#-1.0945#0.8281#0.0994#0.3580#-0.2770
19.00:hum1:14.0907#1.5967#0.8908#0.7530#0.1302#1.7088
20.00:hum1:13.9622#2.8742#0.8466#-0.3545#-0.3525#-0.8198
21.00:hum1:15.9820#0.9695#0.8069#-0.0565#-0.0597#-0.7578
22.00:hum1:16.2939#0.6754#0.8025#0.0000#0.0000#-0.7561
23.00:hum1:16.2939#0.6754#0.8025#0.0000#0.0000#-0.7561
24.00:hum1:16.2939#0.6754#0.8025#0.0000#0.0000#-0.7561
25.00:hum1:16.2939#0.6754#0.8025#0.0000#0.0000#-0.7561
26.00:hum1:16.2939#0.6754#0.8025#0.0000#0.0000#-0.7561
27.00:hum1:16.2939#0.6754#0.8025#0.0000#0.0000#-0.7561
28.00:hum1:16.2939#0.6754#0.8025#0.0000#0.0000#-0.7561
29.00:hum1:16.2939#0.6754#0.8025#0.0000#0.0000#-0.7561
30.00:hum1:16.2939#0.6754#0.8025#0.0000#0.0000#-0.7561
31.00:hum1:16.2939#0.6754#0.8025#0.0000#0.0000#-0.7561
32.00:hum1:16.2939#0.6754#0.8025#0.0000#0.0000#-0.7561
33.00:hum1:16.3055#1.0596#0.8025#0.0000#-0.0000#-2.7202
34.00:hum1:16.3055#1.0596#0.8025#0.0000#-0.0000#-2.7202
35.00:hum1:16.3055#1.0596#0.8025#0.0000#-0.0000#-2.7202
36.00:hum1:16.3055#1.0596#0.8025#0.0000#-0.0000#-2.7202
37.00:hum1:16.3055#1.0596#0.8025#0.0000#-0.0000#-2.7202
38.00:hum1:16.3055#1.0596#0.8025#0.0000#-0.0000#-2.7202
39.00:hum1:16.3055#1.0596#0.8025#0.0000#-0.0000#-2.7202
40.00:hum1:16.3055#1.0596#0.8025#0.0000#-0.0000#-2.7202
41.00:hum1:16.3055#1.0596#0.8025#0.0000#-0.0000#-2.7202
42.00:hum1:16.3055#1.0596#0.8025#0.0000#-0.0000#-2.7202
43.00:hum1:16.3055#1.0596#0.8025#0.0000#-0.0000#-2.7202
44.00:hum1:16.3055#1.0596#0.8025#0.0000#-0.0000#-2.7202
45.00:hum1:16.3055#1.0596#0.8025#0.0000#-0.0000#-2.7202
46.00:hum1:16.3055#1.0596#0.8025#0.0000#-0.0000#-2.7202
47.00:hum1:16.3025#0.5910#0.8025#0.0000#0.0000#-0.7222
48.00:hum1:16.3625#0.5381#0.8025#0.0000#0.0000#-0.7222
49.00:hum1:16.4237#0.4842#0.8025#0.0000#0.0000#-0.7222
50.00:hum1:16.5390#0.3826#0.8025#0.0000#0.0000#-0.7222
51.00:hum1:16.5882#0.3393#0.8025#0.0000#0.0000#-0.7222
52.00:hum1:16.6410#0.2927#0.8025#0.0000#0.0000#-0.7222
53.00:hum1:16.7035#0.2377#0.8025#0.0000#0.0000#-0.7222
54.00:hum1:16.8697#0.0912#0.8763#-0.4929#-0.4926#-0.8485
55.00:hum1:17.8605#-0.7817#0.9597#-0.8991#-0.7261#-1.0848
56.00:hum1:18.5112#0.5972#0.8496#0.5033#-0.1187#1.3593
57.00:hum1:18.7517#1.5716#0.8071#-0.0078#0.0019#1.3288
58.00:hum1:19.0143#2.6354#0.8215#-0.3072#0.0746#1.3403
59.00:hum1:19.3143#3.8506#0.8161#-0.2929#0.0713#1.3393
60.00:hum1:19.6334#5.1427#0.8069#0.0798#-0.0197#1.3295
61.00:hum1:19.9250#4.6735#0.4025#0.0000#0.0000#-1.5700
62.00:hum1:19.9250#4.6735#0.4025#0.0000#0.0000#-1.5700
63.00:hum1:19.9250#4.6735#0.4025#0.0000#0.0000#-1.5700
64.00:hum1:19.9250#4.6735#0.4025#0.0000#0.0000#-1.5700
65.00:hum1:19.9250#4.6735#0.4025#0.0000#0.0000#-1.5700
66.00:hum1:19.9250#4.6735#0.4025#0.0000#0.0000#-1.5700
67.00:hum1:19.9250#4.6735#0.4025#0.0000#0.0000#-1.5700
68.00:hum1:19.9250#4.6735#0.4025#0.0000#0.0000#-1.5700
69.00:hum1:19.9250#4.6735#0.4025#0.0000#0.0000#-1.5700
70.00:hum1:19.9250#4.6735#0.4025#0.0000#0.0000#-1.5700
71.00:hum1:19.9250#4.6735#0.4025#0.0000#0.0000#-1.5700
72.00:hum1:19.9250#4.6735#0.4025#0.0000#0.0000#-1.5700
73.00:hum1:19.2075#3.2820#0.9598#-0.9928#0.5528#-1.9005
74.00:hum1:18.5690#2.2809#0.8721#-0.5806#0.3279#-2.0268
75.00:hum1:18.3184#1.1947#0.8102#-0.1104#0.0000#-1.5705
76.00:hum1:18.1370#0.4278#0.8171#0.1869#-0.1975#-2.3744
77.00:hum1:17.4716#-0.1871#0.8025#0.0000#-0.0000#-2.9748
78.00:hum1:17.2500#-0.2746#0.8025#0.0000#-0.0000#-3.0016
79.00:hum1:16.5967#-0.4407#0.8116#0.0152#-0.1940#-3.0625
80.00:hum1:15.4925#-0.3351#0.8267#-0.0704#-0.3664#2.9475
81.00:hum1:14.1808#-0.1233#0.8067#-0.0203#-0.1547#3.0111
82.00:hum1:12.8754#0.0323#0.8273#0.0352#0.3396#3.0366
83.00:hum1:11.6039#0.2132#0.9141#0.1734#0.8657#2.9159
84.00:hum1:11.2191#0.2695#0.8025#-0.0000#-0.0000#2.9961
85.00:hum1:11.2191#0.2695#0.8025#-0.0000#-0.0000#2.9961
86.00:hum1:10.5644#0.2577#0.8908#-0.0224#0.7617#-3.1088
87.00:hum1:9.2692#0.2257#0.9484#-0.0416#1.0365#-3.0929
88.00:hum1:8.1696#0.1665#0.8374#-0.0400#0.4242#-3.0444
89.00:hum1:7.1919#0.0879#0.8081#0.0095#-0.1277#-3.0668
90.00:hum1:6.0393#-0.0567#0.8281#0.0686#-0.3649#-2.9512
91.00:hum1:4.7748#-0.2581#0.8120#0.0391#-0.2672#-2.9942
92.00:hum1:3.4773#-0.4048#0.8115#-0.0231#0.1604#-2.9978
93.00:hum1:2.2218#-0.4876#0.8908#0.0459#0.7609#3.0755
94.00:hum1:0.8958#-0.5705#0.9484#-0.1577#1.0295#-2.9578
95.00:hum1:-0.1852#-0.6727#0.8374#-0.0425#0.4240#-3.0384
96.00:hum1:-1.1744#-0.8061#0.8081#0.0192#-0.1266#-2.9904
97.00:hum1:-1.5328#-0.8602#0.8025#0.0000#-0.0000#-2.9916
98.00:hum1:-1.5328#-0.8602#0.8025#0.0000#-0.0000#-2.9916