
1.00:hum1:3.8000#2.2500#0.8025#-0.0000#-0.0000#-1.5708
2.00:hum1:3.8000#2.2500#0.8025#-0.0000#-0.0000#-1.5708
3.00:hum1:3.8000#2.2500#0.8025#-0.0000#-0.0000#-1.5708
4.00:hum1:3.8000#2.2500#0.8025#-0.0000#-0.0000#-1.5708
5.00:hum1:3.8000#2.2500#0.8025#-0.0000#-0.0000#-1.5708
6.00:hum1:3.8000#2.2500#0.8025#-0.0000#-0.0000#-1.5708
7.00:hum1:3.8000#2.2500#0.8025#-0.0000#-0.0000#-1.5708
8.00:hum1:3.8000#2.2500#0.8025#-0.0000#-0.0000#-1.5708
9.00:hum1:3.8000#2.2500#0.8025#-0.0000#-0.0000#-1.5708
10.00:hum1:3.8000#2.2500#0.8025#-0.0000#-0.0000#-1.5708
11.00:hum1:5.5475#1.4597#0.8025#0.0000#0.0000#-0.3187
12.00:hum1:5.6283#1.4198#0.8025#0.0000#0.0000#-0.4387
13.00:hum1:6.1891#1.1570#0.8025#0.0000#0.0000#-0.4382
14.00:hum1:6.5193#1.0067#0.8025#0.0000#0.0000#-0.4272
15.00:hum1:8.6004#0.2425#0.8215#0.0987#0.3005#-0.3224
16.00:hum1:12.1209#-0.7863#0.8763#-0.2042#-0.6556#-0.3271
17.00:hum1:13.7044#1.7707#0.8273#0.3218#-0.1159#1.2372
18.00:hum1:13.3215#3.2369#0.8044#-0.0051#0.0050#-2.3418
19.00:hum1:12.3492#2.2364#0.8025#0.0000#-0.0000#-2.3419
20.00:hum1:12.5339#1.5779#0.8161#0.2585#0.1565#-1.0379
21.00:hum1:13.5594#-0.5866#0.8267#0.2551#0.2749#-0.7649
22.00:hum1:13.9815#1.2281#0.8025#-0.0000#-0.0000#1.7110
23.00:hum1:13.7675#2.5974#0.8466#-0.4128#-0.2807#-1.0065
24.00:hum1:15.3883#0.3434#0.8069#-0.0668#-0.0479#-0.9490
25.00:hum1:15.6392#3.3620#0.8721#0.6567#0.0326#1.6133
26.00:hum1:15.4747#6.4283#0.9484#1.0364#0.0459#1.5983
27.00:hum1:15.2996#4.4459#0.8215#0.3120#0.0495#-1.4182
28.00:hum1:15.8017#1.3434#0.8116#0.1922#0.0308#-1.4133
29.00:hum1:16.1257#2.4283#0.8025#-0.0000#-0.0000#1.7355
30.00:hum1:15.6319#5.3991#0.8048#-0.0574#-0.0095#1.7352
31.00:hum1:15.5106#3.1154#0.9413#-0.9982#-0.1406#-1.4803
32.00:hum1:16.0599#-0.1400#0.9598#-1.0814#-0.1476#-1.4923
33.00:hum1:16.3699#1.7197#0.8153#-0.2467#-0.0123#1.6199
34.00:hum1:14.5319#3.2203#0.8071#0.0025#-0.0076#-2.8267
35.00:hum1:12.4395#2.5389#0.8025#0.0000#-0.0000#-2.8267
36.00:hum1:12.4395#2.5389#0.8025#0.0000#-0.0000#-2.8267
37.00:hum1:12.4395#2.5389#0.8025#0.0000#-0.0000#-2.8267
38.00:hum1:12.4395#2.5389#0.8025#0.0000#-0.0000#-2.8267
39.00:hum1:12.4395#2.5389#0.8025#0.0000#-0.0000#-2.8267
40.00:hum1:12.4395#2.5389#0.8025#0.0000#-0.0000#-2.8267
41.00:hum1:12.4395#2.5389#0.8025#0.0000#-0.0000#-2.8267
42.00:hum1:12.3437#2.1033#0.8025#0.0000#0.0000#-1.0345
43.00:hum1:12.7935#1.2830#0.9191#-0.8368#-0.3866#-1.2426
44.00:hum1:13.0029#0.3413#0.8168#-0.1755#-0.1425#-0.8951
45.00:hum1:12.6575#0.4890#0.8153#0.0134#-0.2467#-3.0865
46.00:hum1:11.4487#0.4344#0.8244#0.0128#-0.3634#-3.1052
47.00:hum1:10.1100#0.3988#0.8048#0.0035#-0.0581#-3.0816
48.00:hum1:8.8158#0.3288#0.8466#-0.0305#0.4937#-3.0770
49.00:hum1:7.5095#0.2532#0.9377#-0.1065#0.9850#-3.0136
50.00:hum1:6.2697#0.1947#0.9191#-0.1217#0.8957#-2.9858
51.00:hum1:5.3120#0.1418#0.8025#0.0000#-0.0000#-3.0323
52.00:hum1:4.2179#0.0623#0.9484#-0.2082#1.0239#-2.8988
53.00:hum1:3.5281#0.0408#0.8618#-0.0353#0.5945#-3.0783
54.00:hum1:2.5065#-0.0997#0.8466#-0.0791#0.4887#-2.9741
55.00:hum1:1.8204#-0.1559#0.8120#0.0506#-0.2653#-2.9505
56.00:hum1:0.8320#-0.3124#0.8025#0.0000#-0.0000#-2.9424
57.00:hum1:0.0577#-0.4638#0.8153#0.0558#-0.2408#-2.9114
58.00:hum1:-0.9437#-0.6471#0.8116#0.0264#-0.1929#-3.0046
59.00:hum1:-2.0600#-0.7981#0.8496#-0.0757#0.5109#-2.9873
60.00:hum1:-3.1103#-0.9402#0.8721#-0.1029#0.6504#-2.9723
61.00:hum1:-2.9854#-0.9234#0.8025#0.0000#-0.0000#-3.0071
62.00:hum1:-2.9854#-0.9234#0.8025#0.0000#-0.0000#-3.0071
63.00:hum1:-2.9854#-0.9234#0.8025#0.0000#-0.0000#-3.0071
64.00:hum1:-2.9854#-0.9234#0.8025#0.0000#-0.0000#-3.0071
65.00:hum1:-2.9854#-0.9234#0.8025#0.0000#-0.0000#-3.0071
66.00:hum1:-2.9854#-0.9234#0.8025#0.0000#-0.0000#-3.0071
67.00:hum1:-2.9854#-0.9234#0.8025#0.0000#-0.0000#-3.0071
68.00:hum1:-2.9854#-0.9234#0.8025#0.0000#-0.0000#-3.0071
69.00:hum1:-2.9854#-0.9234#0.8025#0.0000#-0.0000#-3.0071