
1.00:hum1:-5.8750#-0.1250#0.8025#-0.0000#0.0000#-0.0000
2.00:hum1:-5.8750#-0.1250#0.8025#-0.0000#0.0000#-0.0000
3.00:hum1:-5.8750#-0.1250#0.8025#-0.0000#0.0000#-0.0000
4.00:hum1:-5.8750#-0.1250#0.8025#-0.0000#0.0000#-0.0000
5.00:hum1:-5.8750#-0.1250#0.8025#-0.0000#0.0000#-0.0000
6.00:hum1:-5.8750#-0.1250#0.8025#-0.0000#0.0000#-0.0000
7.00:hum1:-5.8750#-0.1250#0.8025#-0.0000#0.0000#-0.0000
8.00:hum1:-5.8750#-0.1250#0.8025#-0.0000#0.0000#-0.0000
9.00:hum1:-5.8750#-0.1250#0.8025#-0.0000#0.0000#-0.0000
10.00:hum1:-5.8750#-0.1250#0.8025#-0.0000#0.0000#-0.0000
11.00:hum1:-5.8750#-0.1250#0.8025#-0.0000#0.0000#-0.0000
12.00:hum1:-5.8750#-0.1250#0.8025#-0.0000#0.0000#-0.0000
13.00:hum1:-5.5657#-0.1250#0.8115#-0.0001#-0.1620#0.0000
14.00:hum1:-4.2544#-0.1250#0.8908#-0.0003#-0.7620#-0.0001
15.00:hum1:-2.9591#-0.1251#0.9484#-0.0005#-1.0370#-0.0002
16.00:hum1:-1.8732#-0.1250#0.8374#-0.0001#-0.4260#-0.0000
17.00:hum1:-0.8887#-0.1250#0.8081#0.0000#0.1280#-0.0000
18.00:hum1:0.2485#-0.1249#0.8281#0.0001#0.3710#-0.0000
19.00:hum1:1.5395#-0.1250#0.8120#0.0001#0.2700#-0.0000
20.00:hum1:2.8471#-0.1250#0.8115#-0.0001#-0.1620#0.0000
21.00:hum1:4.1584#-0.1250#0.8908#-0.0003#-0.7620#-0.0001
22.00:hum1:5.2601#-0.1250#0.9141#-0.0004#-0.8784#-0.0001
23.00:hum1:3.7047#-0.3078#0.9597#-0.9398#0.6620#-1.9926
24.00:hum1:3.3556#-0.4490#0.8496#-0.1619#0.4921#-2.8084
25.00:hum1:2.3946#-0.7394#0.8071#0.0023#-0.0077#-2.8476
26.00:hum1:1.9376#-0.8777#0.8044#-0.0021#0.0069#-2.8476
27.00:hum1:1.8575#-0.9019#0.8115#-0.0473#0.1550#-2.8440
28.00:hum1:1.7463#-0.9356#0.8466#-0.1548#0.4716#-2.8103
29.00:hum1:1.5954#-1.6240#0.8215#0.3135#-0.0389#-1.6898
30.00:hum1:1.4739#-2.5974#0.8116#0.1932#-0.0239#-1.6919
31.00:hum1:1.4739#-2.5974#0.8116#0.1932#-0.0239#-1.6919
32.00:hum1:1.4739#-2.5974#0.8116#0.1932#-0.0239#-1.6919
33.00:hum1:1.4739#-2.5974#0.8116#0.1932#-0.0239#-1.6919