
2.00:-4.8099#-1.1623#0.2401#-0.0001#-0.0025#-0.0001
3.00:-4.8100#-1.1623#0.2401#-0.0001#-0.0024#-0.0001
4.00:-4.8100#-1.1623#0.2401#-0.0001#-0.0022#-0.0001
5.00:-4.8102#-1.1623#0.2401#-0.0001#-0.0025#-0.0002
6.00:-4.8103#-1.1623#0.2401#-0.0001#-0.0023#-0.0002
7.00:-4.8104#-1.1623#0.2401#-0.0001#-0.0025#-0.0002
8.00:-4.8105#-1.1623#0.2401#-0.0001#-0.0025#-0.0001
9.00:-4.8106#-1.1623#0.2401#-0.0001#-0.0023#-0.0002
10.00:-4.8106#-1.1624#0.2401#-0.0001#-0.0021#-0.0002
11.00:-4.8108#-1.1624#0.2401#-0.0001#-0.0022#-0.0003
12.00:-4.8109#-1.1624#0.2401#-0.0001#-0.0024#-0.0002
13.00:-4.8110#-1.1624#0.2401#-0.0001#-0.0023#-0.0003
14.00:-4.5756#-1.1581#0.2402#0.0001#-0.0029#0.0682
15.00:-3.9073#-0.7322#0.2401#0.0017#-0.0014#0.9408
16.00:-3.8712#-0.6902#0.2401#0.0017#-0.0017#0.8252
17.00:-3.8613#-0.7022#0.2401#0.0010#-0.0021#0.5136
18.00:-3.8550#-0.7163#0.2401#0.0003#-0.0022#0.2054
19.00:-3.8516#-0.7310#0.2401#-0.0003#-0.0022#-0.0932
20.00:-3.4576#-0.8335#0.2401#-0.0005#-0.0021#-0.2302
21.00:-2.3227#-1.0975#0.2401#-0.0005#-0.0016#-0.2284
22.00:-1.1855#-1.3619#0.2401#-0.0003#-0.0011#-0.2285
23.00:-0.7722#-1.4488#0.2401#-0.0003#-0.0018#-0.1348
24.00:-0.5276#-1.4279#0.2401#0.0001#-0.0021#0.0781
25.00:0.5768#-1.3376#0.2401#0.0001#-0.0016#0.0820
26.00:1.7424#-1.2419#0.2401#0.0001#-0.0018#0.0819
27.00:2.9041#-1.1465#0.2401#0.0001#-0.0018#0.0816
28.00:3.7988#-1.0722#0.2400#0.0001#-0.0011#0.0945
29.00:3.8272#-1.0811#0.2401#-0.0003#-0.0017#-0.1371
30.00:4.5065#-1.2362#0.2401#-0.0009#-0.0011#-0.2225
31.00:5.6437#-1.4933#0.2400#-0.0004#-0.0013#-0.2224
32.00:6.6366#-1.7158#0.2400#-0.0003#-0.0010#-0.2137
33.00:6.7832#-1.7309#0.2401#-0.0001#-0.0021#-0.0098
34.00:7.1300#-1.6841#0.2401#0.0002#-0.0022#0.0998
35.00:8.2744#-1.6035#0.2401#-0.0000#-0.0015#0.0695
36.00:9.2128#-1.5364#0.2400#-0.0000#-0.0011#0.0813
37.00:9.2510#-1.5328#0.2401#0.0001#-0.0016#0.0908
38.00:9.2509#-1.5328#0.2401#0.0001#-0.0015#0.0908
39.00:9.2508#-1.5328#0.2401#0.0001#-0.0016#0.0907
40.00:9.2508#-1.5328#0.2401#0.0001#-0.0015#0.0907
41.00:9.2507#-1.5328#0.2401#0.0001#-0.0015#0.0907
42.00:9.2506#-1.5329#0.2401#0.0001#-0.0016#0.0906
43.00:9.2506#-1.5329#0.2401#0.0001#-0.0015#0.0906
44.00:9.2505#-1.5329#0.2401#0.0001#-0.0016#0.0906
45.00:9.2504#-1.5329#0.2401#0.0001#-0.0015#0.0906
46.00:9.2503#-1.5329#0.2401#0.0001#-0.0015#0.0906
47.00:9.3703#-1.5221#0.2401#0.0001#-0.0018#0.0820
48.00:10.4232#-1.4641#0.2401#0.0000#-0.0016#0.0514
49.00:11.5873#-1.4045#0.2401#0.0000#-0.0016#0.0511
50.00:12.7554#-1.3448#0.2401#-0.0000#-0.0016#0.0509
51.00:13.9198#-1.2856#0.2401#-0.0000#-0.0016#0.0507
52.00:14.8588#-1.2362#0.2400#-0.0000#-0.0011#0.0616
53.00:14.9001#-1.2346#0.2401#0.0000#-0.0015#0.0498
54.00:14.9001#-1.2346#0.2401#-0.0000#-0.0015#0.0498
55.00:14.9000#-1.2346#0.2401#-0.0000#-0.0015#0.0498
56.00:14.8999#-1.2346#0.2401#0.0000#-0.0016#0.0498
57.00:14.8998#-1.2346#0.2401#0.0000#-0.0015#0.0498
58.00:14.8997#-1.2347#0.2401#0.0000#-0.0016#0.0497
59.00:14.8996#-1.2347#0.2401#0.0000#-0.0016#0.0497
60.00:14.8995#-1.2347#0.2401#0.0000#-0.0015#0.0498
61.00:14.8994#-1.2347#0.2401#0.0000#-0.0016#0.0497
62.00:14.8993#-1.2347#0.2401#0.0000#-0.0017#0.0497
63.00:14.8992#-1.2347#0.2401#0.0000#-0.0016#0.0497
64.00:14.8992#-1.2347#0.2401#0.0000#-0.0015#0.0497
65.00:14.8991#-1.2347#0.2401#0.0000#-0.0016#0.0497
66.00:15.4960#-1.2156#0.2401#-0.0001#-0.0016#0.0285
67.00:16.6614#-1.1828#0.2401#-0.0000#-0.0015#0.0282
68.00:17.5108#-1.1576#0.2400#-0.0000#-0.0011#0.0306
69.00:17.5471#-1.1733#0.2401#-0.0006#-0.0024#-0.2133
70.00:18.4087#-1.4358#0.2401#-0.0006#-0.0015#-0.3049
71.00:18.9225#-1.5849#0.2401#-0.0004#-0.0018#-0.2021
72.00:18.9461#-1.5853#0.2401#-0.0003#-0.0021#-0.1297
73.00:18.9460#-1.5853#0.2401#-0.0003#-0.0021#-0.1297
74.00:18.9457#-1.5853#0.2401#-0.0003#-0.0021#-0.1298
75.00:18.9456#-1.5853#0.2401#-0.0003#-0.0021#-0.1298
76.00:19.2780#-1.6403#0.2401#-0.0005#-0.0020#-0.2079
77.00:19.7674#-1.7823#0.2401#-0.0005#-0.0013#-0.3518
78.00:19.7674#-1.7823#0.2401#-0.0006#-0.0013#-0.3518