
2.00:hum1:-0.2750#-0.5250#0.8025#-0.0000#0.0000#-0.0000
3.00:hum1:-0.2750#-0.5250#0.8025#-0.0000#0.0000#-0.0000
4.00:hum1:-0.2750#-0.5250#0.8025#-0.0000#0.0000#-0.0000
5.00:hum1:-0.2750#-0.5250#0.8025#-0.0000#0.0000#-0.0000
6.00:hum1:-0.2750#-0.5250#0.8025#-0.0000#0.0000#-0.0000
7.00:hum1:-0.2750#-0.5250#0.8025#-0.0000#0.0000#-0.0000
8.00:hum1:-0.2750#-0.5250#0.8025#-0.0000#0.0000#-0.0000
9.00:hum1:-0.2750#-0.5250#0.8025#-0.0000#0.0000#-0.0000
10.00:hum1:-0.2750#-0.5250#0.8025#-0.0000#0.0000#-0.0000
11.00:hum1:-0.2750#-0.5250#0.8025#-0.0000#0.0000#-0.0000
12.00:hum1:-0.2750#-0.5250#0.8025#-0.0000#0.0000#-0.0000
13.00:hum1:-0.2750#-0.5250#0.8025#-0.0000#0.0000#-0.0000
14.00:hum1:0.3448#-0.7499#0.9598#-0.5503#-0.9938#-0.6315
15.00:hum1:1.5172#-1.0207#0.8721#-0.1381#-0.6448#-0.2269
16.00:hum1:2.5237#-1.1991#0.8102#-0.0166#-0.1091#-0.1509
17.00:hum1:3.5714#-1.3688#0.8171#0.0362#0.2686#-0.1353
18.00:hum1:4.7732#-1.5266#0.8204#0.0358#0.3306#-0.1096
19.00:hum1:5.0266#-1.5530#0.8025#0.0000#0.0000#-0.1036
20.00:hum1:5.0266#-1.5530#0.8025#0.0000#0.0000#-0.1036
21.00:hum1:5.0266#-1.5530#0.8025#0.0000#0.0000#-0.1036
22.00:hum1:5.0266#-1.5530#0.8025#0.0000#0.0000#-0.1036
23.00:hum1:5.0266#-1.5530#0.8025#0.0000#0.0000#-0.1036
24.00:hum1:5.0266#-1.5530#0.8025#0.0000#0.0000#-0.1036
25.00:hum1:5.0266#-1.5530#0.8025#0.0000#0.0000#-0.1036
26.00:hum1:5.0266#-1.5530#0.8025#0.0000#0.0000#-0.1036
27.00:hum1:5.0266#-1.5530#0.8025#0.0000#0.0000#-0.1036
28.00:hum1:5.0266#-1.5530#0.8025#0.0000#0.0000#-0.1036
29.00:hum1:5.7099#-1.5933#0.8721#-0.0453#-0.6560#-0.0739
30.00:hum1:6.7542#-1.5722#0.8102#0.0070#-0.1102#0.0644
31.00:hum1:7.8152#-1.5052#0.8171#-0.0247#0.2699#0.0927
32.00:hum1:9.0228#-1.3907#0.8204#-0.0414#0.3299#0.1273
33.00:hum1:9.6791#-1.3113#0.8025#-0.0000#0.0000#0.1205
34.00:hum1:9.6791#-1.3113#0.8025#-0.0000#0.0000#0.1205
35.00:hum1:9.6791#-1.3113#0.8025#-0.0000#0.0000#0.1205
36.00:hum1:9.6791#-1.3113#0.8025#-0.0000#0.0000#0.1205
37.00:hum1:9.6791#-1.3113#0.8025#-0.0000#0.0000#0.1205
38.00:hum1:9.9972#-1.5913#0.8067#0.0863#0.1302#-0.5874
39.00:hum1:11.4309#-1.6499#0.8273#0.0286#-0.3402#0.0858
40.00:hum1:12.7271#-1.5499#0.9141#0.1208#-0.8723#0.1576
41.00:hum1:12.5664#-2.5308#0.9413#-0.9980#-0.1436#-1.4784
42.00:hum1:12.7719#-3.6088#0.8262#-0.2664#-0.1950#-0.9529
43.00:hum1:12.9029#-4.5562#0.8116#0.0960#0.1695#-0.5184
44.00:hum1:13.6221#-4.9588#0.8025#0.0000#0.0000#-0.5103