
1.00:hum1:3.8000#2.2500#0.8025#-0.0000#-0.0000#-1.5708
2.00:hum1:3.8000#2.2500#0.8025#-0.0000#-0.0000#-1.5708
3.00:hum1:3.8000#2.2500#0.8025#-0.0000#-0.0000#-1.5708
4.00:hum1:3.8000#2.2500#0.8025#-0.0000#-0.0000#-1.5708
5.00:hum1:3.8000#2.2500#0.8025#-0.0000#-0.0000#-1.5708
6.00:hum1:3.8000#2.2500#0.8025#-0.0000#-0.0000#-1.5708
7.00:hum1:5.2923#1.5439#0.8025#0.0000#0.0000#-0.3187
8.00:hum1:5.9258#1.2671#0.8025#0.0000#0.0000#-0.4646
9.00:hum1:6.1863#1.1472#0.8025#0.0000#0.0000#-0.4311
10.00:hum1:6.5152#0.9979#0.8025#0.0000#0.0000#-0.4260
11.00:hum1:8.4938#0.2687#0.8102#-0.0334#-0.1052#-0.3080
12.00:hum1:11.5128#-0.6341#0.8044#-0.0018#-0.0069#-0.2544
13.00:hum1:13.2501#1.5799#0.8025#-0.0000#0.0000#1.3578
14.00:hum1:12.9917#3.0989#0.8244#0.3461#-0.1140#-1.8760
15.00:hum1:12.0318#0.2513#0.8215#0.3002#-0.0995#-1.8809
16.00:hum1:13.7047#2.2831#0.8618#0.5390#-0.2666#1.1562
17.00:hum1:15.0247#4.7661#0.8115#0.1433#-0.0758#1.0876
18.00:hum1:16.5309#7.5993#0.8048#-0.0514#0.0273#1.0829
19.00:hum1:15.5119#6.5513#0.8025#0.0000#-0.0000#-2.0118
20.00:hum1:15.3773#4.5417#0.9598#0.9470#-0.6502#1.1603
21.00:hum1:16.6406#5.8909#0.8025#-0.0000#0.0000#0.8182
22.00:hum1:16.2226#5.9153#0.8025#0.0000#0.0000#-1.4620
23.00:hum1:15.7708#3.2102#0.8273#-0.3372#0.0541#-1.7236
24.00:hum1:15.2927#0.2848#0.8044#-0.0071#0.0012#-1.7328
25.00:hum1:15.5696#1.3553#0.8120#-0.2700#-0.0032#1.5826
26.00:hum1:16.0484#3.9637#0.8025#-0.0000#0.0000#1.3716
27.00:hum1:16.6457#6.9231#0.9141#0.8685#-0.1531#1.4428
28.00:hum1:15.6586#6.5967#0.8618#-0.5541#0.2301#-1.9236
29.00:hum1:15.3014#4.0772#0.8025#0.0000#-0.0000#-1.6730
30.00:hum1:14.9771#0.9172#0.8496#-0.5137#0.0505#-1.6597
31.00:hum1:15.2762#1.3151#0.9413#1.0042#0.0352#1.5936
32.00:hum1:15.9230#4.4704#0.9598#1.0760#-0.2047#1.4619
33.00:hum1:16.6213#7.4354#0.8171#-0.2641#0.0615#1.3476
34.00:hum1:15.5010#6.5188#0.8081#0.1179#-0.0501#-1.9706
35.00:hum1:15.1077#4.0825#0.8069#-0.0813#0.0121#-1.7177
36.00:hum1:14.6334#0.8878#0.8067#0.1543#-0.0229#-1.7164
37.00:hum1:14.5214#0.1332#0.8025#0.0000#-0.0000#-1.7182
38.00:hum1:14.5214#0.1332#0.8025#0.0000#-0.0000#-1.7182
39.00:hum1:14.5214#0.1332#0.8025#0.0000#-0.0000#-1.7182
40.00:hum1:14.5214#0.1332#0.8025#0.0000#-0.0000#-1.7182
41.00:hum1:14.5214#0.1332#0.8025#0.0000#-0.0000#-1.7182
42.00:hum1:14.5214#0.1332#0.8025#0.0000#-0.0000#-1.7182
43.00:hum1:14.5214#0.1332#0.8025#0.0000#-0.0000#-1.7182
44.00:hum1:14.5214#0.1332#0.8025#0.0000#-0.0000#-1.7182
45.00:hum1:14.5214#0.1332#0.8025#0.0000#-0.0000#-1.7182
46.00:hum1:13.8957#0.2996#0.9377#-0.0819#0.9866#-3.0432
47.00:hum1:12.6660#0.3102#0.9191#-0.0452#0.9008#-3.0836
48.00:hum1:11.6407#0.3259#0.8168#-0.0110#0.2253#-3.0920
49.00:hum1:10.6460#0.2947#0.8153#0.0095#-0.2468#-3.1025
50.00:hum1:9.4272#0.2560#0.8244#0.0188#-0.3632#-3.0885
51.00:hum1:8.0931#0.1962#0.8048#0.0033#-0.0581#-3.0840
52.00:hum1:6.7963#0.1202#0.8466#-0.0355#0.4934#-3.0663
53.00:hum1:5.4889#0.0451#0.9377#-0.1327#0.9829#-2.9822
54.00:hum1:4.2504#-0.0288#0.9191#-0.1406#0.8937#-2.9616
55.00:hum1:3.2312#-0.1291#0.8168#-0.0269#0.2240#-3.0208
56.00:hum1:2.2330#-0.2291#0.8153#0.0354#-0.2445#-2.9961
57.00:hum1:1.0233#-0.3937#0.8244#0.0602#-0.3588#-2.9712
58.00:hum1:0.0036#-0.5486#0.8025#0.0000#-0.0000#-2.9460
59.00:hum1:-0.8878#-0.7054#0.8071#0.0008#-0.0080#-3.0453
60.00:hum1:-1.9541#-0.8083#0.8102#-0.0106#0.1099#-3.0447
61.00:hum1:-2.6028#-0.8710#0.8025#0.0000#-0.0000#-3.0453
62.00:hum1:-2.6028#-0.8710#0.8025#0.0000#-0.0000#-3.0453
63.00:hum1:-2.6028#-0.8710#0.8025#0.0000#-0.0000#-3.0453
64.00:hum1:-2.6028#-0.8710#0.8025#0.0000#-0.0000#-3.0453
65.00:hum1:-2.6028#-0.8710#0.8025#0.0000#-0.0000#-3.0453
66.00:hum1:-2.6028#-0.8710#0.8025#0.0000#-0.0000#-3.0453
67.00:hum1:-2.6028#-0.8710#0.8025#0.0000#-0.0000#-3.0453
68.00:hum1:-2.6028#-0.8710#0.8025#0.0000#-0.0000#-3.0453
69.00:hum1:-2.6028#-0.8710#0.8025#0.0000#-0.0000#-3.0453