
1.00:0.2653#-1.1873#0.2401#-0.0001#-0.0023#-0.0001
2.00:0.2653#-1.1874#0.2401#-0.0001#-0.0023#-0.0001
3.00:0.2652#-1.1874#0.2401#-0.0001#-0.0021#-0.0001
4.00:0.2651#-1.1874#0.2401#-0.0001#-0.0022#-0.0001
5.00:0.2650#-1.1874#0.2401#-0.0001#-0.0022#-0.0001
6.00:0.7799#-1.1174#0.2401#0.0011#-0.0026#0.3906
7.00:1.0268#-0.8948#0.2401#0.0017#-0.0014#0.9330
8.00:1.0648#-0.8742#0.2401#0.0012#-0.0018#0.6261
9.00:1.1081#-0.8656#0.2401#0.0006#-0.0021#0.3230
10.00:1.1521#-0.8701#0.2401#-0.0001#-0.0022#0.0207
11.00:1.5742#-0.9219#0.2401#-0.0002#-0.0019#-0.0989
12.00:2.3186#-1.3006#0.2400#-0.0016#-0.0002#-1.4241
13.00:1.9833#-1.3431#0.2400#0.0014#0.0009#2.1989
14.00:1.9460#-1.2095#0.2401#0.0019#0.0006#1.8903
15.00:1.9378#-1.1682#0.2401#0.0021#0.0003#1.7701
16.00:1.9479#-1.1265#0.2401#0.0022#-0.0003#1.4725
17.00:1.9700#-1.0889#0.2401#0.0020#-0.0010#1.1689
18.00:2.0025#-1.0596#0.2401#0.0016#-0.0015#0.8669
19.00:2.0419#-1.0415#0.2401#0.0011#-0.0019#0.5660
20.00:2.0855#-1.0352#0.2401#0.0005#-0.0021#0.2667
21.00:2.1285#-1.0420#0.2401#-0.0002#-0.0027#-0.0267
22.00:2.8821#-1.1096#0.2400#-0.0002#-0.0015#-0.0831
23.00:4.0476#-1.2065#0.2401#-0.0002#-0.0016#-0.0829
24.00:5.2093#-1.3031#0.2400#-0.0002#-0.0017#-0.0830
25.00:6.2220#-1.5182#0.2400#-0.0009#-0.0009#-0.6770
26.00:6.0111#-1.8186#0.2400#0.0009#0.0014#2.6256
27.00:6.0716#-1.5759#0.2401#0.0008#-0.0016#0.5364
28.00:6.1195#-1.5714#0.2401#0.0003#-0.0021#0.2062
29.00:6.2894#-1.5802#0.2401#-0.0001#-0.0019#-0.0273
30.00:7.3719#-1.5999#0.2401#-0.0001#-0.0016#-0.0166
31.00:8.2483#-1.8609#0.2400#-0.0013#-0.0006#-1.0699
32.00:7.9236#-1.9527#0.2401#0.0016#0.0007#2.0089
33.00:8.1234#-1.7916#0.2400#-0.0004#-0.0016#-0.2032
34.00:8.1901#-1.8059#0.2401#-0.0003#-0.0018#-0.1366
35.00:8.2531#-1.7941#0.2401#0.0002#-0.0025#0.1304
36.00:9.1081#-1.6748#0.2400#0.0001#-0.0016#0.1306
37.00:10.0152#-1.8059#0.2400#-0.0013#-0.0009#-0.9217
38.00:9.7062#-1.9455#0.2401#0.0015#0.0010#2.1616
39.00:10.0291#-1.8308#0.2400#-0.0016#-0.0007#-1.0572
40.00:9.6954#-1.9023#0.2401#0.0016#0.0007#1.9828
41.00:10.0368#-1.8475#0.2400#-0.0014#-0.0005#-1.2362
42.00:9.6914#-1.8632#0.2401#0.0017#0.0004#1.8123
43.00:10.0362#-1.8724#0.2401#-0.0018#-0.0003#-1.4172
44.00:9.6958#-1.8230#0.2401#0.0017#0.0001#1.6283
45.00:10.0336#-1.8920#0.2401#-0.0018#0.0001#-1.6013
46.00:9.7356#-1.8632#0.2401#0.0017#0.0002#1.7386
47.00:9.7858#-1.7713#0.2401#0.0018#-0.0013#0.9775
48.00:9.8231#-1.7488#0.2401#0.0013#-0.0018#0.6780
49.00:9.8653#-1.7377#0.2401#0.0009#-0.0025#0.3855
50.00:10.1758#-1.7725#0.2401#-0.0011#-0.0013#-0.6830
51.00:9.9087#-1.9854#0.2400#0.0012#0.0012#2.4842
52.00:10.2445#-1.7550#0.2401#-0.0009#-0.0015#-0.4802
53.00:10.6748#-2.4694#0.2400#-0.0012#-0.0009#-0.8855
54.00:11.0577#-2.2713#0.2400#0.0014#0.0006#1.9901
55.00:10.6791#-2.5816#0.2400#-0.0015#-0.0003#-1.4367
56.00:11.2243#-2.8711#0.2400#0.0013#-0.0011#0.8724
57.00:10.8787#-2.6961#0.2400#-0.0011#0.0007#-2.1855
58.00:11.2534#-2.8558#0.2400#0.0015#-0.0010#1.0063
59.00:10.9763#-2.6422#0.2400#-0.0006#0.0012#-2.6589
60.00:10.9249#-2.7156#0.2401#-0.0018#0.0012#-2.1591
61.00:10.9125#-2.7694#0.2401#-0.0020#0.0007#-1.8684
62.00:10.9156#-2.8246#0.2401#-0.0021#0.0001#-1.5819
63.00:10.9349#-2.8773#0.2401#-0.0021#-0.0006#-1.2898
64.00:10.9683#-2.9214#0.2401#-0.0018#-0.0012#-0.9922
65.00:11.0136#-2.9543#0.2401#-0.0014#-0.0016#-0.6964
66.00:11.0664#-2.9728#0.2401#-0.0009#-0.0020#-0.4044
67.00:11.1227#-2.9758#0.2401#-0.0003#-0.0022#-0.1155
68.00:11.1762#-2.9630#0.2401#0.0003#-0.0022#0.1702
69.00:11.2231#-2.9358#0.2401#0.0009#-0.0020#0.4539