
1.00:hum1:-0.2750#-0.5250#0.8025#-0.0000#0.0000#-0.0000
2.00:hum1:-0.2750#-0.5250#0.8025#-0.0000#0.0000#-0.0000
3.00:hum1:-0.2750#-0.5250#0.8025#-0.0000#0.0000#-0.0000
4.00:hum1:-0.2750#-0.5250#0.8025#-0.0000#0.0000#-0.0000
5.00:hum1:-0.2750#-0.5250#0.8025#-0.0000#0.0000#-0.0000
6.00:hum1:-0.1044#-0.5654#0.8044#-0.0015#-0.0070#-0.2034
7.00:hum1:0.9127#-0.7211#0.8048#0.0061#0.0579#-0.1044
8.00:hum1:1.8931#-0.8394#0.8067#0.0170#0.1551#-0.1093
9.00:hum1:3.0023#-0.9596#0.8025#0.0000#0.0000#-0.1080
10.00:hum1:4.0869#-1.0752#0.8025#0.0000#0.0000#-0.0481
11.00:hum1:7.4165#-1.2561#0.8908#-0.0195#-0.7618#-0.0279
12.00:hum1:8.9569#-0.8969#0.8081#0.0714#-0.1063#-2.5480
13.00:hum1:12.2181#-0.8859#0.8115#0.0172#0.1611#3.0350
14.00:hum1:13.3072#-1.3213#0.8025#0.0000#0.0000#-0.0320
15.00:hum1:13.5774#-4.1304#0.8025#0.0000#0.0000#-1.2418
16.00:hum1:13.7121#-4.7940#0.8281#0.3383#0.1555#-1.1559
17.00:hum1:13.9727#-5.3455#0.8466#-0.4537#-0.2041#-1.1765
18.00:hum1:13.9331#-5.2617#0.8025#0.0000#0.0000#-1.1292
19.00:hum1:13.9331#-5.2617#0.8025#0.0000#0.0000#-1.1292
20.00:hum1:13.9331#-5.2617#0.8025#0.0000#0.0000#-1.1292
21.00:hum1:13.9331#-5.2617#0.8025#0.0000#0.0000#-1.1292
22.00:hum1:13.9331#-5.2617#0.8025#0.0000#0.0000#-1.1292
23.00:hum1:13.9331#-5.2617#0.8025#0.0000#0.0000#-1.1292
24.00:hum1:13.9331#-5.2617#0.8025#0.0000#0.0000#-1.1292
25.00:hum1:13.9331#-5.2617#0.8025#0.0000#0.0000#-1.1292
26.00:hum1:13.9331#-5.2617#0.8025#0.0000#0.0000#-1.1292
27.00:hum1:13.9331#-5.2617#0.8025#0.0000#0.0000#-1.1292
28.00:hum1:13.9331#-5.2617#0.8025#0.0000#0.0000#-1.1292
29.00:hum1:13.9331#-5.2617#0.8025#0.0000#0.0000#-1.1292