
1.00:0.2653#-1.1873#0.2401#-0.0001#-0.0023#-0.0001
2.00:0.2653#-1.1874#0.2401#-0.0001#-0.0023#-0.0001
3.00:0.2652#-1.1874#0.2401#-0.0001#-0.0021#-0.0001
4.00:0.2651#-1.1874#0.2401#-0.0001#-0.0022#-0.0001
5.00:0.2650#-1.1874#0.2401#-0.0001#-0.0022#-0.0001
6.00:0.2650#-1.1874#0.2401#-0.0001#-0.0020#-0.0002
7.00:0.2649#-1.1874#0.2401#-0.0001#-0.0021#-0.0002
8.00:0.2649#-1.1874#0.2401#-0.0001#-0.0021#-0.0002
9.00:0.2648#-1.1874#0.2401#-0.0001#-0.0021#-0.0002
10.00:0.2647#-1.1874#0.2401#-0.0001#-0.0022#-0.0003
11.00:0.2646#-1.1874#0.2401#-0.0001#-0.0022#-0.0003
12.00:0.2646#-1.1874#0.2401#-0.0001#-0.0021#-0.0003
13.00:0.2644#-1.1874#0.2401#-0.0001#-0.0024#-0.0004
14.00:0.2644#-1.1874#0.2401#-0.0001#-0.0021#-0.0004
15.00:0.2644#-1.1874#0.2401#-0.0001#-0.0020#-0.0003
16.00:0.2643#-1.1874#0.2401#-0.0001#-0.0022#-0.0003
17.00:0.2642#-1.1875#0.2401#-0.0001#-0.0023#-0.0003
18.00:0.2641#-1.1875#0.2401#-0.0001#-0.0023#-0.0004
19.00:0.2640#-1.1875#0.2401#-0.0001#-0.0022#-0.0004
20.00:0.2640#-1.1875#0.2401#-0.0001#-0.0022#-0.0004
21.00:0.2639#-1.1875#0.2401#-0.0001#-0.0022#-0.0004
22.00:0.2639#-1.1875#0.2401#-0.0001#-0.0021#-0.0005
23.00:0.2638#-1.1875#0.2401#-0.0001#-0.0021#-0.0004
24.00:0.2637#-1.1875#0.2401#-0.0001#-0.0023#-0.0004
25.00:0.2636#-1.1875#0.2401#-0.0001#-0.0023#-0.0005
26.00:0.2635#-1.1875#0.2401#-0.0001#-0.0022#-0.0004
27.00:0.2634#-1.1875#0.2401#-0.0001#-0.0023#-0.0005
28.00:0.2633#-1.1875#0.2401#-0.0001#-0.0023#-0.0005
29.00:0.2633#-1.1875#0.2401#-0.0001#-0.0022#-0.0005
30.00:0.6810#-1.2658#0.2401#-0.0013#-0.0026#-0.4453
31.00:0.9585#-1.5150#0.2401#-0.0020#-0.0014#-0.9224
32.00:1.0058#-1.5450#0.2401#-0.0014#-0.0018#-0.6319
33.00:1.0585#-1.5596#0.2401#-0.0008#-0.0020#-0.3419
34.00:1.1138#-1.5592#0.2401#-0.0002#-0.0021#-0.0563
35.00:1.3268#-1.5213#0.2401#0.0002#-0.0019#0.1641
36.00:2.4212#-1.3364#0.2400#0.0001#-0.0011#0.1671
37.00:3.5728#-1.1420#0.2401#0.0002#-0.0016#0.1670
38.00:4.3063#-1.0169#0.2400#0.0002#-0.0017#0.1836
39.00:4.3596#-1.0253#0.2401#-0.0002#-0.0021#-0.0864
40.00:5.2143#-1.1495#0.2400#-0.0003#-0.0015#-0.1451
41.00:6.3680#-1.3178#0.2400#-0.0002#-0.0016#-0.1448
42.00:7.2977#-1.4516#0.2400#-0.0002#-0.0010#-0.1360
43.00:7.3790#-1.4480#0.2401#0.0002#-0.0021#0.0926
44.00:7.9688#-1.3505#0.2401#0.0002#-0.0017#0.1521
45.00:9.1213#-1.1739#0.2400#0.0001#-0.0014#0.1518
46.00:10.1849#-1.0117#0.2400#0.0001#-0.0011#0.1480
47.00:10.3463#-0.9969#0.2401#-0.0001#-0.0022#-0.0226
48.00:10.9346#-1.0795#0.2400#-0.0002#-0.0014#-0.1382
49.00:12.0894#-1.2399#0.2400#-0.0003#-0.0014#-0.1380
50.00:13.1796#-1.3906#0.2400#-0.0002#-0.0012#-0.1339
51.00:13.3777#-1.4074#0.2401#0.0000#-0.0021#0.0320
52.00:13.6594#-1.3501#0.2401#0.0002#-0.0017#0.1729
53.00:13.9356#-1.3170#0.2401#-0.0001#-0.0021#-0.0010
54.00:13.9744#-1.3351#0.2401#-0.0008#-0.0021#-0.2999
55.00:14.0064#-1.3636#0.2401#-0.0013#-0.0018#-0.5954
56.00:14.0288#-1.4000#0.2401#-0.0018#-0.0013#-0.8893
57.00:14.1835#-1.6863#0.2401#-0.0016#-0.0008#-1.0656
58.00:14.4312#-2.1487#0.2400#-0.0016#-0.0007#-1.1223
59.00:14.4320#-2.1918#0.2401#-0.0022#-0.0002#-1.4184
60.00:14.4559#-2.7272#0.2400#-0.0016#0.0000#-1.5170
61.00:14.5190#-3.8913#0.2400#-0.0014#0.0000#-1.5166
62.00:14.5824#-5.0555#0.2400#-0.0015#0.0000#-1.5162
63.00:14.6133#-5.5649#0.2400#-0.0014#-0.0000#-1.4917
64.00:14.6133#-5.5649#0.2400#-0.0014#-0.0000#-1.4916
65.00:14.6133#-5.5648#0.2400#-0.0014#-0.0000#-1.4916
66.00:14.6133#-5.5648#0.2400#-0.0014#-0.0000#-1.4916
67.00:14.6133#-5.5647#0.2400#-0.0015#-0.0001#-1.4916
68.00:14.6133#-5.5647#0.2400#-0.0015#-0.0001#-1.4917
69.00:14.6133#-5.5646#0.2400#-0.0015#-0.0000#-1.4917
70.00:14.6133#-5.5645#0.2400#-0.0015#-0.0001#-1.4917
71.00:14.6133#-5.5643#0.2401#-0.0018#-0.0001#-1.4917
72.00:14.6133#-5.5642#0.2400#-0.0017#-0.0001#-1.4917
73.00:14.6133#-5.5641#0.2400#-0.0017#-0.0001#-1.4918
74.00:14.6133#-5.5640#0.2400#-0.0015#-0.0001#-1.4918
75.00:14.6133#-5.5639#0.2400#-0.0016#-0.0001#-1.4918
76.00:14.6133#-5.5638#0.2400#-0.0016#-0.0001#-1.4918
77.00:14.6133#-5.5637#0.2400#-0.0016#-0.0001#-1.4918
78.00:14.6133#-5.5636#0.2400#-0.0017#-0.0001#-1.4918
79.00:14.6132#-5.5634#0.2400#-0.0017#-0.0001#-1.4919
80.00:14.6132#-5.5634#0.2400#-0.0016#-0.0001#-1.4919
81.00:14.6132#-5.5633#0.2400#-0.0016#-0.0001#-1.4919
82.00:14.6132#-5.5631#0.2400#-0.0017#-0.0001#-1.4920
83.00:14.6132#-5.5631#0.2400#-0.0016#-0.0001#-1.4920
84.00:14.6132#-5.5629#0.2401#-0.0018#-0.0001#-1.4920
85.00:14.6132#-5.5629#0.2400#-0.0015#-0.0001#-1.4919
86.00:14.6132#-5.5627#0.2401#-0.0018#-0.0001#-1.4920
87.00:14.6132#-5.5627#0.2400#-0.0015#-0.0001#-1.4919
88.00:14.6132#-5.5626#0.2400#-0.0017#-0.0001#-1.4919
89.00:14.6132#-5.5625#0.2400#-0.0016#-0.0001#-1.4920
90.00:14.6132#-5.5625#0.2400#-0.0016#-0.0001#-1.4920
91.00:14.6132#-5.5624#0.2400#-0.0017#-0.0001#-1.4920
92.00:14.6376#-6.0449#0.2400#-0.0012#0.0000#-1.5435
93.00:14.6651#-6.9377#0.2400#-0.0010#0.0000#-1.5204
94.00:14.6662#-6.9633#0.2400#-0.0016#0.0000#-1.5204
95.00:14.6503#-7.0026#0.2401#-0.0021#0.0006#-1.8139
96.00:14.6229#-7.0366#0.2401#-0.0018#0.0013#-2.1137
97.00:14.5869#-7.0612#0.2401#-0.0014#0.0017#-2.4122
98.00:14.5446#-7.0741#0.2401#-0.0008#0.0021#-2.7148
99.00:14.5003#-7.0739#0.2401#-0.0002#0.0022#-3.0156
100.00:14.4580#-7.0604#0.2401#0.0005#0.0022#2.9625
101.00:14.4217#-7.0348#0.2401#0.0011#0.0019#2.6561
102.00:14.3950#-6.9998#0.2401#0.0017#0.0015#2.3512
103.00:14.3803#-6.9589#0.2401#0.0020#0.0009#2.0510
104.00:14.3779#-6.9152#0.2401#0.0022#0.0003#1.7525
105.00:14.3914#-6.8001#0.2401#0.0020#-0.0003#1.4940
106.00:14.4673#-5.7801#0.2400#0.0013#-0.0002#1.4969
107.00:14.5534#-4.6174#0.2400#0.0015#-0.0002#1.4973
108.00:14.6394#-3.4508#0.2400#0.0015#-0.0002#1.4972
109.00:14.7248#-2.2881#0.2401#0.0016#-0.0002#1.4973
110.00:14.7752#-1.5469#0.2400#0.0015#-0.0001#1.5249
111.00:14.7589#-1.4948#0.2401#0.0019#0.0004#1.8093
112.00:14.7309#-1.4528#0.2401#0.0019#0.0010#2.0781
113.00:14.6894#-1.4178#0.2401#0.0016#0.0015#2.3681
114.00:14.6391#-1.3957#0.2401#0.0010#0.0019#2.6567
115.00:14.5818#-1.3873#0.2401#0.0006#0.0025#2.9279
116.00:13.7833#-1.2270#0.2401#0.0005#0.0019#2.9291
117.00:12.6399#-0.9802#0.2400#0.0004#0.0014#2.9290
118.00:11.9644#-0.8370#0.2400#0.0004#0.0016#2.9470
119.00:11.9102#-0.8458#0.2401#-0.0002#0.0022#-3.0482
120.00:11.3189#-0.9283#0.2400#-0.0001#0.0016#-3.0310
121.00:10.1601#-1.0571#0.2400#-0.0001#0.0015#-3.0309
122.00:9.0013#-1.1861#0.2400#-0.0001#0.0015#-3.0305
123.00:7.8408#-1.3155#0.2400#-0.0000#0.0011#-3.0303
124.00:6.6802#-1.4452#0.2400#-0.0001#0.0016#-3.0302
125.00:5.9401#-1.5293#0.2400#-0.0001#0.0016#-3.0163
126.00:5.8765#-1.5162#0.2401#0.0004#0.0023#2.9975
127.00:4.9790#-1.3576#0.2400#0.0003#0.0016#2.9685
128.00:3.8308#-1.1570#0.2400#0.0002#0.0015#2.9684
129.00:3.2689#-1.0600#0.2400#0.0003#0.0014#2.9760
130.00:3.2689#-1.0600#0.2400#0.0003#0.0014#2.9760
131.00:3.2689#-1.0600#0.2400#0.0003#0.0013#2.9759
132.00:3.2690#-1.0600#0.2400#0.0003#0.0014#2.9759
133.00:3.2342#-1.0646#0.2401#0.0000#0.0021#-3.1284
134.00:2.6870#-1.1272#0.2400#-0.0001#0.0015#-3.0444
135.00:1.5265#-1.2403#0.2400#-0.0000#0.0014#-3.0446
136.00:0.3663#-1.3534#0.2400#-0.0001#0.0013#-3.0445
137.00:-0.7940#-1.4665#0.2400#-0.0000#0.0013#-3.0443
138.00:-1.9504#-1.5793#0.2400#-0.0000#0.0010#-3.0433
139.00:-2.2950#-1.6214#0.2400#-0.0002#0.0016#-2.9671
140.00:-2.2949#-1.6213#0.2400#-0.0002#0.0015#-2.9671