
1.00:hum1:-0.2750#-0.5250#0.8025#-0.0000#0.0000#-0.0000
2.00:hum1:-0.2750#-0.5250#0.8025#-0.0000#0.0000#-0.0000
3.00:hum1:-0.2750#-0.5250#0.8025#-0.0000#0.0000#-0.0000
4.00:hum1:-0.2750#-0.5250#0.8025#-0.0000#0.0000#-0.0000
5.00:hum1:-0.2750#-0.5250#0.8025#-0.0000#0.0000#-0.0000
6.00:hum1:-0.2750#-0.5250#0.8025#-0.0000#0.0000#-0.0000
7.00:hum1:-0.2750#-0.5250#0.8025#-0.0000#0.0000#-0.0000
8.00:hum1:-0.2750#-0.5250#0.8025#-0.0000#0.0000#-0.0000
9.00:hum1:-0.2750#-0.5250#0.8025#-0.0000#0.0000#-0.0000
10.00:hum1:-0.2750#-0.5250#0.8025#-0.0000#0.0000#-0.0000
11.00:hum1:-0.2750#-0.5250#0.8025#-0.0000#0.0000#-0.0000
12.00:hum1:-0.2750#-0.5250#0.8025#-0.0000#0.0000#-0.0000
13.00:hum1:-0.2750#-0.5250#0.8025#-0.0000#0.0000#-0.0000
14.00:hum1:-0.2750#-0.5250#0.8025#-0.0000#0.0000#-0.0000
15.00:hum1:-0.2750#-0.5250#0.8025#-0.0000#0.0000#-0.0000
16.00:hum1:-0.2750#-0.5250#0.8025#-0.0000#0.0000#-0.0000
17.00:hum1:-0.2750#-0.5250#0.8025#-0.0000#0.0000#-0.0000
18.00:hum1:-0.2750#-0.5250#0.8025#-0.0000#0.0000#-0.0000
19.00:hum1:-0.2750#-0.5250#0.8025#-0.0000#0.0000#-0.0000
20.00:hum1:-0.2750#-0.5250#0.8025#-0.0000#0.0000#-0.0000
21.00:hum1:0.4046#-0.7692#0.8153#0.0622#0.2392#-0.2568
22.00:hum1:1.6021#-1.0450#0.8244#0.0759#0.3560#-0.2145
23.00:hum1:2.9202#-1.3015#0.8048#0.0095#0.0574#-0.1640
24.00:hum1:4.2045#-1.5149#0.8466#-0.0759#-0.4892#-0.1600
25.00:hum1:4.7531#-1.5927#0.8204#0.0486#0.3290#-0.1492
26.00:hum1:4.7531#-1.5927#0.8204#0.0486#0.3290#-0.1492
27.00:hum1:4.7531#-1.5927#0.8204#0.0486#0.3290#-0.1492
28.00:hum1:6.1463#-1.5979#0.8044#0.0003#-0.0072#0.0467
29.00:hum1:7.4505#-1.5197#0.8618#0.0668#-0.5921#0.1196
30.00:hum1:8.7735#-1.3912#0.9598#0.2450#-1.0709#0.2779
31.00:hum1:9.6468#-1.2752#0.8908#0.1246#-0.7538#0.1814
32.00:hum1:9.6468#-1.2752#0.8908#0.1246#-0.7538#0.1814
33.00:hum1:9.8055#-1.3497#0.8071#0.0012#0.0079#-0.1462
34.00:hum1:10.9038#-1.4669#0.8215#0.0333#0.3141#-0.1072
35.00:hum1:12.0573#-1.5149#0.8161#0.1595#0.2566#-0.5644
36.00:hum1:12.5910#-1.6354#0.8466#-0.0162#-0.4943#-0.0338
37.00:hum1:12.5910#-1.6354#0.8466#-0.0162#-0.4943#-0.0338
38.00:hum1:12.5910#-1.6354#0.8466#-0.0162#-0.4943#-0.0338
39.00:hum1:12.5910#-1.6354#0.8466#-0.0162#-0.4943#-0.0338
40.00:hum1:12.5910#-1.6354#0.8466#-0.0162#-0.4943#-0.0338
41.00:hum1:12.5910#-1.6354#0.8466#-0.0162#-0.4943#-0.0338
42.00:hum1:12.5910#-1.6354#0.8466#-0.0162#-0.4943#-0.0338
43.00:hum1:12.5910#-1.6354#0.8466#-0.0162#-0.4943#-0.0338
44.00:hum1:12.9672#-1.6115#0.8153#-0.0116#0.2468#0.0478
45.00:hum1:14.1833#-1.5551#0.8244#-0.0175#0.3632#0.0495
46.00:hum1:15.5161#-1.4933#0.8048#-0.0027#0.0582#0.0464
47.00:hum1:16.8118#-1.4332#0.8466#0.0248#-0.4940#0.0526
48.00:hum1:18.1359#-0.9592#0.9377#0.8653#-0.5590#1.1469
49.00:hum1:18.4902#0.3349#0.9191#0.8900#-0.1693#1.4355
50.00:hum1:18.6754#1.3805#0.8168#0.2253#-0.0120#1.5190
51.00:hum1:18.7284#2.3776#0.8153#-0.2467#0.0131#1.5193
52.00:hum1:18.7930#3.5932#0.8244#-0.3631#0.0190#1.5211
53.00:hum1:18.7981#3.6882#0.8161#-0.3008#0.0159#1.5200
54.00:hum1:18.8105#3.9212#0.8044#0.0072#-0.0004#1.5177
55.00:hum1:18.3750#4.6735#0.4025#0.0000#0.0000#-1.5700
56.00:hum1:18.3750#4.6735#0.4025#0.0000#0.0000#-1.5700
57.00:hum1:18.3750#4.6735#0.4025#0.0000#0.0000#-1.5700
58.00:hum1:18.3750#4.6735#0.4025#0.0000#0.0000#-1.5700
59.00:hum1:18.3750#4.6735#0.4025#0.0000#0.0000#-1.5700
60.00:hum1:18.3750#4.6735#0.4025#0.0000#0.0000#-1.5700
61.00:hum1:18.3750#4.6735#0.4025#0.0000#0.0000#-1.5700
62.00:hum1:18.3750#4.6735#0.4025#0.0000#0.0000#-1.5700
63.00:hum1:18.3750#4.6735#0.4025#0.0000#0.0000#-1.5700
64.00:hum1:18.3750#4.6735#0.4025#0.0000#0.0000#-1.5700
65.00:hum1:18.3750#4.6735#0.4025#0.0000#0.0000#-1.5700
66.00:hum1:18.3750#4.6735#0.4025#0.0000#0.0000#-1.5700
67.00:hum1:18.3750#4.6735#0.4025#0.0000#0.0000#-1.5700
68.00:hum1:18.3750#4.6735#0.4025#0.0000#0.0000#-1.5700
69.00:hum1:18.3750#4.6735#0.4025#0.0000#0.0000#-1.5700
70.00:hum1:18.3750#4.6735#0.4025#0.0000#0.0000#-1.5700
71.00:hum1:18.3750#4.6735#0.4025#0.0000#0.0000#-1.5700
72.00:hum1:18.3750#4.6735#0.4025#0.0000#0.0000#-1.5700
73.00:hum1:18.3750#4.6735#0.4025#0.0000#0.0000#-1.5700
74.00:hum1:18.3750#4.6735#0.4025#0.0000#0.0000#-1.5700
75.00:hum1:18.3075#3.6112#0.8215#0.3145#-0.0299#-1.6621
76.00:hum1:18.1838#2.3612#0.8161#0.3004#-0.0220#-1.6414
77.00:hum1:18.0678#1.0401#0.8069#-0.0819#0.0067#-1.6522
78.00:hum1:17.7388#0.0588#0.8763#-0.5053#0.4799#-2.2659
79.00:hum1:16.8843#-1.0085#0.9597#-1.0010#0.5304#-1.8839
80.00:hum1:16.7301#-1.2265#0.8025#0.0000#-0.0000#-2.1841
81.00:hum1:16.2616#-1.9008#0.8102#-0.0908#0.0629#-2.1749
82.00:hum1:15.9299#-3.0132#0.8171#0.2708#0.0115#-1.5292
83.00:hum1:15.8698#-3.8813#0.8204#0.1800#-0.2810#-2.5605
84.00:hum1:15.1544#-4.3257#0.8025#0.0000#-0.0000#-2.5852
85.00:hum1:15.1544#-4.3257#0.8025#0.0000#-0.0000#-2.5852