
1.00:hum1:-6.4000#-1.4250#0.8025#-0.0000#0.0000#-0.0000
2.00:hum1:-6.4000#-1.4250#0.8025#-0.0000#0.0000#-0.0000
3.00:hum1:-6.4000#-1.4250#0.8025#-0.0000#0.0000#-0.0000
4.00:hum1:-6.4000#-1.4250#0.8025#-0.0000#0.0000#-0.0000
5.00:hum1:-6.4000#-1.4250#0.8025#-0.0000#0.0000#-0.0000
6.00:hum1:-6.4000#-1.4250#0.8025#-0.0000#0.0000#-0.0000
7.00:hum1:-6.4000#-1.4250#0.8025#-0.0000#0.0000#-0.0000
8.00:hum1:-6.4000#-1.4250#0.8025#-0.0000#0.0000#-0.0000
9.00:hum1:-6.4000#-1.4250#0.8025#-0.0000#0.0000#-0.0000
10.00:hum1:-6.4000#-1.4250#0.8025#-0.0000#0.0000#-0.0000
11.00:hum1:-6.4000#-1.4250#0.8025#-0.0000#0.0000#-0.0000
12.00:hum1:-6.4000#-1.4250#0.8025#-0.0000#0.0000#-0.0000
13.00:hum1:-5.6334#-1.5577#0.8102#-0.0185#-0.1088#-0.1680
14.00:hum1:-4.5689#-1.7372#0.9413#-0.2562#-0.9830#-0.3046
15.00:hum1:-4.5604#-1.7386#0.8721#-0.1278#-0.6466#-0.2098
16.00:hum1:-4.5511#-1.7401#0.8281#0.0647#0.3656#-0.1789
17.00:hum1:-3.5353#-1.9113#0.8215#0.0544#0.3113#-0.1755
18.00:hum1:-2.3011#-2.1193#0.8161#0.0517#0.2969#-0.1747
19.00:hum1:-0.9887#-2.3405#0.8069#-0.0137#-0.0810#-0.1675
20.00:hum1:0.2876#-2.5556#0.8763#-0.1344#-0.6709#-0.2139
21.00:hum1:1.5896#-2.7751#0.9597#-0.3067#-1.0609#-0.3477
22.00:hum1:1.8429#-1.3912#0.8496#0.5159#0.0116#1.5916
23.00:hum1:2.6832#-1.5047#0.8071#-0.0015#0.0079#0.1854
24.00:hum1:3.2879#-1.3755#0.8215#0.0115#0.3156#-0.0369
25.00:hum1:4.3486#-1.3754#0.8161#-0.0536#0.2966#0.1817
26.00:hum1:4.3611#-0.8685#0.8069#-0.0148#0.0808#-2.9598
27.00:hum1:4.0221#-1.4907#0.8763#0.0495#-0.6807#0.0789
28.00:hum1:4.4120#-1.4667#0.8267#-0.0238#0.3721#0.0658
29.00:hum1:4.4120#-1.4667#0.8267#-0.0238#0.3721#0.0658
30.00:hum1:4.4120#-1.4667#0.8267#-0.0238#0.3721#0.0658
31.00:hum1:4.4120#-1.4667#0.8267#-0.0238#0.3721#0.0658
32.00:hum1:4.4120#-1.4667#0.8267#-0.0238#0.3721#0.0658
33.00:hum1:4.4120#-1.4667#0.8267#-0.0238#0.3721#0.0658
34.00:hum1:4.4120#-1.4667#0.8267#-0.0238#0.3721#0.0658
35.00:hum1:4.4120#-1.4667#0.8267#-0.0238#0.3721#0.0658
36.00:hum1:4.4120#-1.4667#0.8267#-0.0238#0.3721#0.0658
37.00:hum1:4.4120#-1.4667#0.8267#-0.0238#0.3721#0.0658
38.00:hum1:4.4120#-1.4667#0.8267#-0.0238#0.3721#0.0658
39.00:hum1:4.4120#-1.4667#0.8267#-0.0238#0.3721#0.0658
40.00:hum1:4.4120#-1.4667#0.8267#-0.0238#0.3721#0.0658
41.00:hum1:4.4120#-1.4667#0.8267#-0.0238#0.3721#0.0658
42.00:hum1:5.3256#-1.5636#0.8171#0.0388#0.2683#-0.1452
43.00:hum1:6.5442#-1.6656#0.8204#0.0243#0.3316#-0.0742
44.00:hum1:6.9294#-1.6797#0.8044#0.0001#-0.0072#0.0118
45.00:hum1:8.2367#-1.6406#0.8618#0.0444#-0.5939#0.0796
46.00:hum1:8.6145#-1.6156#0.9413#0.1029#-1.0012#0.1223
47.00:hum1:9.3315#-1.5683#0.8763#0.0532#-0.6804#0.0848
48.00:hum1:10.2413#-1.5081#0.8273#0.0233#-0.3406#0.0700
49.00:hum1:11.5345#-1.4228#0.9141#0.0789#-0.8758#0.1030
50.00:hum1:12.8118#-1.3384#0.9413#0.1029#-1.0012#0.1223
51.00:hum1:13.2406#-1.3100#0.8044#0.0005#-0.0072#0.0660
52.00:hum1:13.3240#-1.3045#0.8115#0.0107#-0.1616#0.0668
53.00:hum1:13.4400#-1.2969#0.8466#0.0354#-0.4934#0.0749
54.00:hum1:13.4400#-1.2969#0.8466#0.0354#-0.4934#0.0749
55.00:hum1:13.4400#-1.2969#0.8466#0.0354#-0.4934#0.0749
56.00:hum1:13.4400#-1.2969#0.8466#0.0354#-0.4934#0.0749
57.00:hum1:13.4400#-1.2969#0.8466#0.0354#-0.4934#0.0749
58.00:hum1:13.4400#-1.2969#0.8466#0.0354#-0.4934#0.0749
59.00:hum1:13.8777#-1.2680#0.9191#0.0828#-0.8989#0.1059
60.00:hum1:13.9439#-1.4707#0.8168#-0.2190#0.0546#-1.8111
61.00:hum1:13.7553#-2.4792#0.8153#0.2450#-0.0317#-1.6966
62.00:hum1:13.6092#-3.6915#0.8244#0.3614#-0.0409#-1.6781
63.00:hum1:13.4563#-5.0170#0.8048#0.0578#-0.0067#-1.6854
64.00:hum1:13.3077#-6.3056#0.8466#-0.4918#0.0545#-1.6719
65.00:hum1:13.1582#-7.6025#0.9377#-0.9857#0.0961#-1.6339
66.00:hum1:13.5266#-7.2626#0.9191#0.8992#0.0771#1.6323
67.00:hum1:13.6634#-6.3323#0.8168#0.2210#-0.0457#1.3707
68.00:hum1:13.8668#-5.3547#0.8153#-0.2420#0.0499#1.3716
69.00:hum1:14.1149#-4.1630#0.8244#-0.3566#0.0727#1.3787