
1.00:hum1:-0.2750#-0.5250#0.8025#-0.0000#0.0000#-0.0000
2.00:hum1:-0.2750#-0.5250#0.8025#-0.0000#0.0000#-0.0000
3.00:hum1:-0.2750#-0.5250#0.8025#-0.0000#0.0000#-0.0000
4.00:hum1:-0.2750#-0.5250#0.8025#-0.0000#0.0000#-0.0000
5.00:hum1:-0.2750#-0.5250#0.8025#-0.0000#0.0000#-0.0000
6.00:hum1:-0.3329#-0.5183#0.8161#0.0628#0.2948#-0.2127
7.00:hum1:0.9181#-0.7115#0.8025#0.0000#0.0000#-0.1011
8.00:hum1:2.0139#-0.8228#0.8044#-0.0004#-0.0072#-0.0581
9.00:hum1:3.0007#-0.9648#0.8048#0.0051#0.0580#-0.0883
10.00:hum1:5.9183#-1.2252#0.8721#-0.0229#-0.6570#-0.0371
11.00:hum1:9.0504#-1.4063#0.8204#0.0023#0.3324#-0.0067
12.00:hum1:13.1535#-1.4353#0.9598#0.1059#-1.0842#0.1201
13.00:hum1:13.1312#-2.8486#0.8908#-0.7566#0.1009#-1.6768
14.00:hum1:15.2768#-3.3761#0.8466#0.2697#-0.4198#0.5962
15.00:hum1:16.7425#-2.5006#0.8025#-0.0000#0.0000#0.5384
16.00:hum1:16.8538#-2.4342#0.8025#-0.0000#0.0000#0.5384
17.00:hum1:16.8538#-2.4342#0.8025#-0.0000#0.0000#0.5384
18.00:hum1:16.9815#-2.3579#0.8025#-0.0000#0.0000#0.5384
19.00:hum1:18.6745#-0.0326#0.8120#-0.2690#0.0231#1.4874
20.00:hum1:18.8172#2.9732#0.8244#-0.3636#0.0070#1.5527
21.00:hum1:18.8359#3.9393#0.8204#-0.3324#0.0064#1.5525
22.00:hum1:18.3750#4.6735#0.4025#0.0000#0.0000#-1.5700
23.00:hum1:18.3750#4.6735#0.4025#0.0000#0.0000#-1.5700
24.00:hum1:18.3750#4.6735#0.4025#0.0000#0.0000#-1.5700
25.00:hum1:18.3750#4.6735#0.4025#0.0000#0.0000#-1.5700
26.00:hum1:18.3750#4.6735#0.4025#0.0000#0.0000#-1.5700
27.00:hum1:18.3750#4.6735#0.4025#0.0000#0.0000#-1.5700
28.00:hum1:18.3750#4.6735#0.4025#0.0000#0.0000#-1.5700
29.00:hum1:18.3750#4.6735#0.4025#0.0000#0.0000#-1.5700
30.00:hum1:18.3750#4.6735#0.4025#0.0000#0.0000#-1.5700
31.00:hum1:18.3750#4.6735#0.4025#0.0000#0.0000#-1.5700
32.00:hum1:18.3750#4.6735#0.4025#0.0000#0.0000#-1.5700
33.00:hum1:18.3750#4.6735#0.4025#0.0000#0.0000#-1.5700
34.00:hum1:18.3750#4.6735#0.4025#0.0000#0.0000#-1.5700
35.00:hum1:18.3750#4.6735#0.4025#0.0000#0.0000#-1.5700
36.00:hum1:18.3750#4.6735#0.4025#0.0000#0.0000#-1.5700
37.00:hum1:18.3750#4.6735#0.4025#0.0000#0.0000#-1.5700
38.00:hum1:18.3750#4.6735#0.4025#0.0000#0.0000#-1.5700
39.00:hum1:18.3750#4.6735#0.4025#0.0000#0.0000#-1.5700
40.00:hum1:18.3750#4.6735#0.4025#0.0000#0.0000#-1.5700
41.00:hum1:18.3750#4.6735#0.4025#0.0000#0.0000#-1.5700
42.00:hum1:18.3751#4.0573#0.8069#-0.0822#-0.0000#-1.5700
43.00:hum1:18.3751#4.0535#0.8025#0.0000#0.0000#-1.5700
44.00:hum1:18.1326#0.1050#0.8496#-0.5159#0.0081#-1.5848
45.00:hum1:16.2118#-1.9528#0.9413#-0.9103#0.5067#-1.9310
46.00:hum1:15.1433#-4.5574#0.9598#-0.7908#0.8484#-2.2089
47.00:hum1:14.2404#-5.1252#0.8374#-0.2371#0.3573#-2.5366
48.00:hum1:14.1660#-5.1728#0.8244#0.2009#-0.3051#-2.5455
49.00:hum1:14.0171#-5.2672#0.8025#0.0000#-0.0000#-2.5765
50.00:hum1:14.0171#-5.2672#0.8025#0.0000#-0.0000#-2.5765
51.00:hum1:14.0171#-5.2672#0.8025#0.0000#-0.0000#-2.5765
52.00:hum1:14.0171#-5.2672#0.8025#0.0000#-0.0000#-2.5765
53.00:hum1:14.0171#-5.2672#0.8025#0.0000#-0.0000#-2.5765
54.00:hum1:14.0171#-5.2672#0.8025#0.0000#-0.0000#-2.5765
55.00:hum1:14.0171#-5.2672#0.8025#0.0000#-0.0000#-2.5765
56.00:hum1:14.0171#-5.2672#0.8025#0.0000#-0.0000#-2.5765
57.00:hum1:14.0171#-5.2672#0.8025#0.0000#-0.0000#-2.5765
58.00:hum1:14.0171#-5.2672#0.8025#0.0000#-0.0000#-2.5765
59.00:hum1:14.0171#-5.2672#0.8025#0.0000#-0.0000#-2.5765