
1.00:hum1:3.8000#2.2500#0.8025#-0.0000#-0.0000#-1.5708
2.00:hum1:3.8000#2.2500#0.8025#-0.0000#-0.0000#-1.5708
3.00:hum1:3.8000#2.2500#0.8025#-0.0000#-0.0000#-1.5708
4.00:hum1:3.8000#2.2500#0.8025#-0.0000#-0.0000#-1.5708
5.00:hum1:3.8000#2.2500#0.8025#-0.0000#-0.0000#-1.5708
6.00:hum1:3.8000#2.2500#0.8025#-0.0000#-0.0000#-1.5708
7.00:hum1:3.8000#2.2500#0.8025#-0.0000#-0.0000#-1.5708
8.00:hum1:3.8000#2.2500#0.8025#-0.0000#-0.0000#-1.5708
9.00:hum1:5.5475#1.4597#0.8025#0.0000#0.0000#-0.3187
10.00:hum1:5.6283#1.4198#0.8025#0.0000#0.0000#-0.4387
11.00:hum1:6.1891#1.1570#0.8025#0.0000#0.0000#-0.4381
12.00:hum1:6.5192#1.0067#0.8025#0.0000#0.0000#-0.4272
13.00:hum1:9.2027#0.0672#0.8273#-0.0960#-0.3281#-0.2900
14.00:hum1:12.1127#-0.7979#0.8262#-0.0809#-0.3190#-0.2527
15.00:hum1:13.7716#1.9616#0.8721#0.6266#-0.2137#1.2862
16.00:hum1:12.6694#3.3298#0.9484#-0.5215#0.9437#-2.5241
17.00:hum1:12.3241#3.2049#0.8025#0.0000#-0.0000#-2.7948
18.00:hum1:12.2762#2.6839#0.8025#0.0000#0.0000#-1.0899
19.00:hum1:13.4925#0.2371#0.8281#0.3285#0.1758#-1.0964
20.00:hum1:13.7887#2.6031#0.8025#-0.0000#-0.0000#1.6403
21.00:hum1:13.5686#5.7649#0.8273#0.3406#0.0232#1.6363
22.00:hum1:13.0673#6.4652#0.8044#-0.0071#-0.0008#-1.4578
23.00:hum1:12.3651#4.1336#0.9191#-0.8455#0.3621#-1.8747
24.00:hum1:12.3645#3.4778#0.8025#0.0000#0.0000#-1.1809
25.00:hum1:13.2354#1.2209#0.8618#-0.5636#-0.2032#-1.2615
26.00:hum1:13.7093#1.9512#0.8115#0.1562#0.0429#1.8372
27.00:hum1:14.6643#4.6261#0.8048#-0.0506#0.0288#1.0549
28.00:hum1:16.0560#7.0761#0.8161#-0.2638#0.1472#1.0737
29.00:hum1:15.7986#4.4057#0.9598#-1.0871#-0.0193#-1.5603
30.00:hum1:15.8591#1.6622#0.8908#-0.7619#-0.0150#-1.5547
31.00:hum1:16.3893#-0.6551#0.8466#0.4935#0.0337#1.6337
32.00:hum1:15.3133#2.4292#0.8168#0.1042#0.2004#2.6582
33.00:hum1:12.5164#3.8603#0.8025#-0.0000#-0.0000#2.6687
34.00:hum1:12.2409#3.3913#0.8025#0.0000#0.0000#-1.1386
35.00:hum1:13.0113#1.5345#0.8153#0.2289#0.0938#-1.1882
36.00:hum1:12.8952#4.7434#0.8466#0.4849#0.1014#1.7609
37.00:hum1:12.6291#5.9612#0.8025#-0.0000#-0.0000#1.7859
38.00:hum1:12.1583#5.7479#0.8025#0.0000#0.0000#-1.4035
39.00:hum1:12.8598#3.2816#0.8115#-0.1559#-0.0442#-1.2966
40.00:hum1:13.9152#-0.4210#0.8374#-0.4115#-0.1134#-1.3168
41.00:hum1:15.1225#-2.7770#0.8120#-0.2627#-0.0633#1.8023
42.00:hum1:14.5177#-0.8687#0.9484#-0.9403#-0.5294#-1.2173
43.00:hum1:14.8631#1.9500#0.8281#-0.3458#-0.1373#1.9341
44.00:hum1:14.6927#3.2598#0.8908#-0.4471#-0.6396#-0.6764
45.00:hum1:16.4002#2.2682#0.8025#0.0000#0.0000#-0.5262
46.00:hum1:16.4002#2.2682#0.8025#0.0000#0.0000#-0.5262
47.00:hum1:16.4002#2.2682#0.8025#0.0000#0.0000#-0.5262
48.00:hum1:16.4002#2.2682#0.8025#0.0000#0.0000#-0.5262
49.00:hum1:16.4002#2.2682#0.8025#0.0000#0.0000#-0.5262
50.00:hum1:16.4002#2.2682#0.8025#0.0000#0.0000#-0.5262
51.00:hum1:16.4002#2.2682#0.8025#0.0000#0.0000#-0.5262
52.00:hum1:16.4002#2.2682#0.8025#0.0000#0.0000#-0.5262
53.00:hum1:16.4002#2.2682#0.8025#0.0000#0.0000#-0.5262
54.00:hum1:16.2735#2.4631#0.8025#0.0000#-0.0000#-1.6454
55.00:hum1:16.1939#2.0013#0.9413#-0.9981#0.1419#-1.6614
56.00:hum1:16.0935#0.9369#0.8262#-0.3278#0.0256#-1.6457
57.00:hum1:16.1027#0.5340#0.8116#-0.0599#-0.1853#2.8272
58.00:hum1:14.8472#0.6607#0.8267#0.0402#-0.3708#-3.0308
59.00:hum1:13.5557#0.5973#0.8067#0.0032#-0.1560#-3.1204
60.00:hum1:13.0703#0.6008#0.8025#-0.0000#-0.0000#3.0779
61.00:hum1:12.9399#0.6079#0.8025#-0.0000#-0.0000#3.1012
62.00:hum1:12.8999#0.6095#0.8025#-0.0000#-0.0000#3.1014
63.00:hum1:12.8598#0.6111#0.8025#-0.0000#-0.0000#3.1018
64.00:hum1:12.8198#0.6126#0.8025#-0.0000#-0.0000#3.1023
65.00:hum1:12.7693#0.6146#0.8025#-0.0000#-0.0000#3.1027
66.00:hum1:12.6820#0.6179#0.8025#-0.0000#-0.0000#3.1033
67.00:hum1:12.6018#0.6209#0.8025#-0.0000#-0.0000#3.1042
68.00:hum1:12.5472#0.6229#0.8025#-0.0000#-0.0000#3.1051
69.00:hum1:12.4551#0.6262#0.8025#-0.0000#-0.0000#3.1057
70.00:hum1:12.4021#0.6281#0.8025#-0.0000#-0.0000#3.1068
71.00:hum1:12.3220#0.6308#0.8025#-0.0000#-0.0000#3.1074
72.00:hum1:12.2818#0.6322#0.8025#-0.0000#-0.0000#3.1082
73.00:hum1:12.2177#0.6343#0.8025#-0.0000#-0.0000#3.1087
74.00:hum1:12.0480#0.6397#0.8025#-0.0000#-0.0000#3.1095
75.00:hum1:11.9700#0.6421#0.8025#-0.0000#-0.0000#3.1114
76.00:hum1:11.9066#0.6440#0.8025#-0.0000#-0.0000#3.1122
77.00:hum1:11.8264#0.6463#0.8025#-0.0000#-0.0000#3.1130
78.00:hum1:11.7862#0.6474#0.8025#-0.0000#-0.0000#3.1139
79.00:hum1:11.7461#0.6485#0.8025#-0.0000#-0.0000#3.1144
80.00:hum1:10.7119#0.6321#0.8496#-0.0441#0.5143#-3.0517
81.00:hum1:9.6639#0.5809#0.9413#-0.1180#1.0001#-3.0013
82.00:hum1:8.7168#0.5527#0.9598#-0.1789#1.0786#-2.9388
83.00:hum1:7.5552#0.4581#0.8721#-0.0678#0.6544#-3.0301
84.00:hum1:6.5367#0.3983#0.8102#-0.0126#0.1097#-3.0266
85.00:hum1:5.4864#0.2880#0.8171#0.0307#-0.2693#-3.0263
86.00:hum1:4.2828#0.1647#0.8204#0.0453#-0.3294#-3.0021
87.00:hum1:2.9428#-0.0102#0.8044#-0.0010#0.0071#-2.9982
88.00:hum1:1.9373#-0.1330#0.8048#0.0102#-0.0573#-2.9649
89.00:hum1:0.9591#-0.3030#0.8067#0.0295#-0.1532#-2.9500
90.00:hum1:0.2331#-0.4119#0.8215#0.0731#-0.3075#-2.9038
91.00:hum1:-0.7514#-0.6023#0.8171#0.0308#-0.2693#-3.0259
92.00:hum1:-1.8156#-0.7214#0.8262#-0.0378#0.3267#-3.0238
93.00:hum1:-2.8631#-0.8387#0.8374#-0.0503#0.4232#-3.0192
94.00:hum1:-3.7604#-0.9393#0.8025#0.0000#-0.0000#-3.0301
95.00:hum1:-3.7604#-0.9393#0.8025#0.0000#-0.0000#-3.0301
96.00:hum1:-3.7604#-0.9393#0.8025#0.0000#-0.0000#-3.0301
97.00:hum1:-3.7604#-0.9393#0.8025#0.0000#-0.0000#-3.0301
98.00:hum1:-3.7604#-0.9393#0.8025#0.0000#-0.0000#-3.0301
99.00:hum1:-3.7604#-0.9393#0.8025#0.0000#-0.0000#-3.0301
100.00:hum1:-3.7604#-0.9393#0.8025#0.0000#-0.0000#-3.0301
101.00:hum1:-3.7604#-0.9393#0.8025#0.0000#-0.0000#-3.0301
102.00:hum1:-3.7604#-0.9393#0.8025#0.0000#-0.0000#-3.0301
103.00:hum1:-3.7604#-0.9393#0.8025#0.0000#-0.0000#-3.0301