
1.00:hum1:-6.4000#-1.4250#0.8025#-0.0000#0.0000#-0.0000
2.00:hum1:-6.4000#-1.4250#0.8025#-0.0000#0.0000#-0.0000
3.00:hum1:-6.4000#-1.4250#0.8025#-0.0000#0.0000#-0.0000
4.00:hum1:-6.4000#-1.4250#0.8025#-0.0000#0.0000#-0.0000
5.00:hum1:-6.4000#-1.4250#0.8025#-0.0000#0.0000#-0.0000
6.00:hum1:-6.4000#-1.4250#0.8025#-0.0000#0.0000#-0.0000
7.00:hum1:-6.4000#-1.4250#0.8025#-0.0000#0.0000#-0.0000
8.00:hum1:-6.4000#-1.4250#0.8025#-0.0000#0.0000#-0.0000
9.00:hum1:-6.4000#-1.4250#0.8025#-0.0000#0.0000#-0.0000
10.00:hum1:-6.4000#-1.4250#0.8025#-0.0000#0.0000#-0.0000
11.00:hum1:-6.4000#-1.4250#0.8025#-0.0000#0.0000#-0.0000
12.00:hum1:-6.4000#-1.4250#0.8025#-0.0000#0.0000#-0.0000
13.00:hum1:-6.4000#-1.4250#0.8025#-0.0000#0.0000#-0.0000
14.00:hum1:-6.4000#-1.4250#0.8025#-0.0000#0.0000#-0.0000
15.00:hum1:-5.5938#-1.3191#0.8081#-0.0171#0.1269#0.1343
16.00:hum1:-4.4761#-1.1694#0.8721#0.1020#-0.6506#0.1677
17.00:hum1:-4.4850#-1.1706#0.8374#0.0601#-0.4220#0.1461
18.00:hum1:-4.4850#-1.1706#0.8374#0.0601#-0.4220#0.1461
19.00:hum1:-4.4850#-1.1706#0.8374#0.0601#-0.4220#0.1461
20.00:hum1:-4.4850#-1.1706#0.8374#0.0601#-0.4220#0.1461
21.00:hum1:-4.4850#-1.1706#0.8374#0.0601#-0.4220#0.1461
22.00:hum1:-4.4850#-1.1706#0.8374#0.0601#-0.4220#0.1461
23.00:hum1:-4.4850#-1.1706#0.8374#0.0601#-0.4220#0.1461
24.00:hum1:-4.4850#-1.1706#0.8374#0.0601#-0.4220#0.1461
25.00:hum1:-4.4850#-1.1706#0.8374#0.0601#-0.4220#0.1461
26.00:hum1:-4.4850#-1.1706#0.8374#0.0601#-0.4220#0.1461
27.00:hum1:-4.4850#-1.1706#0.8374#0.0601#-0.4220#0.1461
28.00:hum1:-3.9402#-1.2996#0.8466#-0.0916#-0.4867#-0.1936
29.00:hum1:-3.1585#-0.9261#0.9377#0.2592#0.9659#2.8301
30.00:hum1:-2.8295#-1.5104#0.9191#-0.3123#-0.8607#-0.4022
31.00:hum1:-2.9521#-0.9582#0.8168#0.0723#0.2139#2.8129
32.00:hum1:-3.1866#-1.4035#0.8153#0.0859#0.2319#-0.3582
33.00:hum1:-3.1989#-1.3932#0.8244#0.1433#0.3353#-0.4130
34.00:hum1:-3.1367#-1.4147#0.8048#0.0258#0.0522#-0.4591
35.00:hum1:-2.9561#-0.9428#0.8466#0.2485#0.4322#2.5973
36.00:hum1:-2.9089#-1.5400#0.9377#-0.6392#-0.8163#-0.7950
37.00:hum1:-3.0472#-0.8836#0.9191#0.5715#0.7413#2.3809
38.00:hum1:-1.8171#-1.3273#0.9413#0.1768#-0.9945#0.2103
39.00:hum1:-1.6610#-0.8047#0.8262#-0.0334#0.3271#-3.0377
40.00:hum1:-1.4715#-0.7898#0.8116#0.0114#-0.1943#-3.0822
41.00:hum1:-1.3629#-0.7988#0.8267#-0.0091#-0.3727#3.1168
42.00:hum1:-1.4850#-0.7991#0.8067#-0.0134#-0.1554#3.0553
43.00:hum1:-1.5861#-0.7888#0.8273#0.0388#0.3393#3.0259
44.00:hum1:-1.3867#-1.3198#0.9141#-0.1668#-0.8667#-0.2170
45.00:hum1:-1.6920#-0.7492#0.9413#0.3739#0.9567#2.6943
46.00:hum1:-1.5647#-0.7796#0.8262#0.0937#0.3156#2.8480
47.00:hum1:-1.3830#-0.8356#0.8116#-0.0617#-0.1847#2.8172
48.00:hum1:-1.5325#-1.2821#0.8081#0.0085#0.1277#-0.0662
49.00:hum1:-0.3977#-1.3567#0.8281#0.0257#0.3702#-0.0705
50.00:hum1:0.0966#-1.3893#0.8115#-0.0108#-0.1616#-0.0665
51.00:hum1:0.0966#-1.3893#0.8115#-0.0108#-0.1616#-0.0665
52.00:hum1:0.0966#-1.3893#0.8115#-0.0108#-0.1616#-0.0665
53.00:hum1:0.0966#-1.3893#0.8115#-0.0108#-0.1616#-0.0665
54.00:hum1:0.0966#-1.3893#0.8115#-0.0108#-0.1616#-0.0665
55.00:hum1:0.0966#-1.3893#0.8115#-0.0108#-0.1616#-0.0665
56.00:hum1:0.0966#-1.3893#0.8115#-0.0108#-0.1616#-0.0665
57.00:hum1:0.0966#-1.3893#0.8115#-0.0108#-0.1616#-0.0665
58.00:hum1:0.3772#-1.4391#0.9141#-0.1965#-0.8620#-0.2561
59.00:hum1:1.6479#-1.6439#0.9413#-0.2119#-0.9900#-0.2515
60.00:hum1:1.8368#-1.1639#0.8262#0.0517#0.3248#2.9811
61.00:hum1:2.8267#-1.5735#0.8116#-0.0194#0.1937#0.1010
62.00:hum1:3.1846#-1.5356#0.8267#-0.0336#0.3714#0.0927
63.00:hum1:3.3088#-1.5226#0.8067#-0.0055#0.1559#0.0359
64.00:hum1:3.3599#-1.5303#0.8273#-0.0660#-0.3352#-0.1978
65.00:hum1:3.2056#-0.9841#0.9141#0.2677#0.8473#2.7911
66.00:hum1:3.4831#-1.5692#0.9413#-0.3849#-0.9535#-0.4608
67.00:hum1:3.3571#-1.5378#0.8262#-0.0951#-0.3152#-0.2981
68.00:hum1:3.1376#-1.4454#0.8116#0.0978#0.1685#-0.5290
69.00:hum1:3.0585#-1.3960#0.8267#0.1988#0.3175#-0.5728
70.00:hum1:3.1667#-1.4584#0.8067#0.0876#0.1293#-0.5974
71.00:hum1:3.2058#-1.4959#0.8273#-0.2505#-0.2344#-0.8335
72.00:hum1:4.3437#-1.6768#0.8115#-0.0234#-0.1603#-0.1454
73.00:hum1:4.5734#-1.1994#0.8908#0.1633#0.7478#2.9042
74.00:hum1:4.8607#-1.7637#0.9484#-0.3295#-1.0030#-0.3849
75.00:hum1:4.7323#-1.7401#0.8374#-0.1060#-0.4134#-0.2586
76.00:hum1:4.5877#-1.7034#0.8081#0.0338#0.1235#-0.2679
77.00:hum1:4.4758#-1.6644#0.8281#0.1201#0.3519#-0.3366
78.00:hum1:4.5498#-1.6903#0.8120#0.0805#0.2580#-0.3057
79.00:hum1:4.7392#-1.2239#0.8115#0.0523#0.1534#2.8119
80.00:hum1:4.7818#-1.7760#0.8908#-0.3400#-0.6960#-0.5038
81.00:hum1:4.6178#-1.1645#0.9484#0.5985#0.9073#2.4285
82.00:hum1:4.6884#-1.7408#0.8374#-0.1760#-0.3900#-0.4372
83.00:hum1:5.6526#-1.8297#0.8496#-0.0656#-0.5122#-0.1328
84.00:hum1:6.2591#-1.3974#0.8071#-0.0011#-0.0080#3.0107
85.00:hum1:6.3104#-1.4044#0.8215#-0.0433#-0.3129#3.0021
86.00:hum1:6.3568#-1.4156#0.8161#-0.0529#-0.2967#2.9627
87.00:hum1:6.2182#-1.3906#0.8069#0.0186#0.0801#2.9136
88.00:hum1:6.2910#-1.9265#0.8763#-0.2070#-0.6549#-0.3316
89.00:hum1:6.0257#-1.3365#0.9597#0.4654#1.0231#2.6102
90.00:hum1:6.2082#-1.9068#0.8496#-0.1592#-0.4929#-0.3269
91.00:hum1:7.1540#-1.9277#0.8721#-0.0128#-0.6573#-0.0207
92.00:hum1:8.1840#-1.8811#0.8102#0.0053#-0.1102#0.0481
93.00:hum1:8.9842#-1.8429#0.8908#0.0453#-0.7609#0.0659
94.00:hum1:10.2780#-1.7811#0.9484#0.0801#-1.0351#0.0935
95.00:hum1:11.3626#-1.7292#0.8374#0.0215#-0.4255#0.0524
96.00:hum1:12.3460#-1.6821#0.8081#-0.0061#0.1279#0.0482
97.00:hum1:13.4819#-1.6278#0.8281#-0.0184#0.3706#0.0512
98.00:hum1:14.7714#-1.5661#0.8120#-0.0131#0.2697#0.0495
99.00:hum1:15.5827#-1.5273#0.8281#-0.0184#0.3706#0.0512
100.00:hum1:15.5827#-1.5273#0.8281#-0.0184#0.3706#0.0512
101.00:hum1:15.5827#-1.5273#0.8281#-0.0184#0.3706#0.0512
102.00:hum1:15.5827#-1.5273#0.8281#-0.0184#0.3706#0.0512
103.00:hum1:15.6979#-1.5118#0.8161#0.0639#0.2946#-0.2165
104.00:hum1:17.0004#-1.7854#0.8069#-0.0170#-0.0804#-0.2076
105.00:hum1:17.1915#-1.8332#0.8763#-0.1991#-0.6570#-0.3187
106.00:hum1:16.9290#-1.2413#0.9597#0.4928#1.0143#2.5781
107.00:hum1:17.0989#-1.8152#0.8496#-0.1725#-0.4888#-0.3550
108.00:hum1:16.9596#-1.7686#0.8071#0.0027#0.0076#-0.3445
109.00:hum1:16.9062#-1.7470#0.8215#0.1174#0.2939#-0.3864
110.00:hum1:16.8632#-1.7243#0.8161#0.1235#0.2755#-0.4277
111.00:hum1:17.0771#-1.7983#0.8069#-0.0099#-0.0816#-0.1200
112.00:hum1:17.2188#-0.9630#0.8044#0.0071#0.0011#1.7262
113.00:hum1:17.5132#-1.3294#0.8618#-0.1214#-0.5844#-0.2173
114.00:hum1:18.7525#-1.6398#0.9598#-0.5705#-0.9855#-0.6558
115.00:hum1:18.7904#-1.6533#0.8081#0.0434#0.1205#-0.3461
116.00:hum1:18.7904#-1.6533#0.8081#0.0434#0.1205#-0.3461
117.00:hum1:18.7935#-1.6544#0.8153#0.0848#0.2323#-0.3534
118.00:hum1:18.8508#-1.6749#0.8215#0.1097#0.2968#-0.3599
119.00:hum1:18.9083#-1.6954#0.8267#0.1311#0.3500#-0.3667