
1.00:hum1:-0.2750#-0.5250#0.8025#-0.0000#0.0000#-0.0000
2.00:hum1:-0.2750#-0.5250#0.8025#-0.0000#0.0000#-0.0000
3.00:hum1:-0.2750#-0.5250#0.8025#-0.0000#0.0000#-0.0000
4.00:hum1:-0.2750#-0.5250#0.8025#-0.0000#0.0000#-0.0000
5.00:hum1:-0.2750#-0.5250#0.8025#-0.0000#0.0000#-0.0000
6.00:hum1:-0.2750#-0.5250#0.8025#-0.0000#0.0000#-0.0000
7.00:hum1:-0.2750#-0.5250#0.8025#-0.0000#0.0000#-0.0000
8.00:hum1:-0.2750#-0.5250#0.8025#-0.0000#0.0000#-0.0000
9.00:hum1:-0.2750#-0.5250#0.8025#-0.0000#0.0000#-0.0000
10.00:hum1:-0.2750#-0.5250#0.8025#-0.0000#0.0000#-0.0000
11.00:hum1:-0.2750#-0.5250#0.8025#-0.0000#0.0000#-0.0000
12.00:hum1:-0.2750#-0.5250#0.8025#-0.0000#0.0000#-0.0000
13.00:hum1:-0.2750#-0.5250#0.8025#-0.0000#0.0000#-0.0000
14.00:hum1:-0.2750#-0.5250#0.8025#-0.0000#0.0000#-0.0000
15.00:hum1:-0.2750#-0.5250#0.8025#-0.0000#0.0000#-0.0000
16.00:hum1:-0.2750#-0.5250#0.8025#-0.0000#0.0000#-0.0000
17.00:hum1:-0.2750#-0.5250#0.8025#-0.0000#0.0000#-0.0000
18.00:hum1:-0.2750#-0.5250#0.8025#-0.0000#0.0000#-0.0000
19.00:hum1:-0.4553#-0.4763#0.8244#0.1266#0.3418#-0.3626
20.00:hum1:0.8323#-0.8893#0.8048#0.0153#0.0562#-0.2654
21.00:hum1:2.1128#-1.1693#0.8466#-0.1019#-0.4848#-0.2156
22.00:hum1:3.4032#-1.4255#0.9377#-0.2134#-0.9734#-0.2560
23.00:hum1:4.6329#-1.6088#0.9191#-0.1390#-0.8939#-0.1772
24.00:hum1:4.9981#-1.6493#0.8048#0.0065#0.0579#-0.1108
25.00:hum1:5.7238#-1.6543#0.8281#-0.0204#0.3705#0.0566
26.00:hum1:6.7611#-1.5862#0.8215#-0.0299#0.3145#0.0967
27.00:hum1:7.9166#-1.4801#0.8244#-0.0414#0.3614#0.1169
28.00:hum1:8.5610#-1.4094#0.8025#-0.0000#0.0000#0.1094
29.00:hum1:8.5610#-1.4094#0.8025#-0.0000#0.0000#0.1094
30.00:hum1:8.5610#-1.4094#0.8025#-0.0000#0.0000#0.1094
31.00:hum1:8.5610#-1.4094#0.8025#-0.0000#0.0000#0.1094
32.00:hum1:8.5610#-1.4094#0.8025#-0.0000#0.0000#0.1094
33.00:hum1:8.5610#-1.4094#0.8025#-0.0000#0.0000#0.1094
34.00:hum1:8.5610#-1.4094#0.8025#-0.0000#0.0000#0.1094
35.00:hum1:8.5610#-1.4094#0.8025#-0.0000#0.0000#0.1094
36.00:hum1:8.5610#-1.4094#0.8025#-0.0000#0.0000#0.1094
37.00:hum1:8.5610#-1.4094#0.8025#-0.0000#0.0000#0.1094
38.00:hum1:8.5610#-1.4094#0.8025#-0.0000#0.0000#0.1094
39.00:hum1:8.5610#-1.4094#0.8025#-0.0000#0.0000#0.1094
40.00:hum1:8.5610#-1.4094#0.8025#-0.0000#0.0000#0.1094
41.00:hum1:8.5610#-1.4094#0.8025#-0.0000#0.0000#0.1094
42.00:hum1:8.5610#-1.4094#0.8025#-0.0000#0.0000#0.1094
43.00:hum1:8.9302#-1.4669#0.8204#0.0465#0.3293#-0.1427
44.00:hum1:10.3014#-1.5393#0.8044#-0.0002#-0.0072#-0.0343
45.00:hum1:11.6042#-1.5678#0.8618#0.0006#-0.5954#0.0014
46.00:hum1:12.9348#-1.5498#0.9598#0.0686#-1.0859#0.0779
47.00:hum1:13.2829#-1.5371#0.8025#-0.0000#0.0000#0.0364
48.00:hum1:13.2829#-1.5371#0.8025#-0.0000#0.0000#0.0364
49.00:hum1:13.2829#-1.5371#0.8025#-0.0000#0.0000#0.0364
50.00:hum1:13.2829#-1.5371#0.8025#-0.0000#0.0000#0.0364
51.00:hum1:13.2829#-1.5371#0.8025#-0.0000#0.0000#0.0364
52.00:hum1:13.2829#-1.5371#0.8025#-0.0000#0.0000#0.0364
53.00:hum1:13.2829#-1.5371#0.8025#-0.0000#0.0000#0.0364
54.00:hum1:13.2995#-1.5365#0.8120#-0.0096#0.2699#0.0364
55.00:hum1:14.6063#-1.4906#0.8115#0.0057#-0.1619#0.0356
56.00:hum1:15.9169#-1.4445#0.8908#0.0332#-0.7614#0.0485
57.00:hum1:17.2113#-1.3990#0.9484#0.0589#-1.0360#0.0688
58.00:hum1:18.2568#-0.8166#0.8374#0.3381#-0.2643#0.9322
59.00:hum1:18.4823#0.2668#0.8081#-0.1252#0.0269#1.3603
60.00:hum1:18.6831#1.4241#0.8281#-0.3706#0.0188#1.5228
61.00:hum1:18.7495#2.7134#0.8120#-0.2697#0.0138#1.5212
62.00:hum1:18.8005#3.7028#0.8161#-0.3008#0.0154#1.5216
63.00:hum1:18.3750#4.6735#0.4025#0.0000#0.0000#-1.5700
64.00:hum1:18.3750#4.6735#0.4025#0.0000#0.0000#-1.5700
65.00:hum1:18.3750#4.6735#0.4025#0.0000#0.0000#-1.5700
66.00:hum1:18.3750#4.6735#0.4025#0.0000#0.0000#-1.5700
67.00:hum1:18.3750#4.6735#0.4025#0.0000#0.0000#-1.5700
68.00:hum1:18.3750#4.6735#0.4025#0.0000#0.0000#-1.5700
69.00:hum1:18.3750#4.6735#0.4025#0.0000#0.0000#-1.5700
70.00:hum1:18.3750#4.6735#0.4025#0.0000#0.0000#-1.5700
71.00:hum1:18.3750#4.6735#0.4025#0.0000#0.0000#-1.5700
72.00:hum1:18.3750#4.6735#0.4025#0.0000#0.0000#-1.5700
73.00:hum1:18.3750#4.6735#0.4025#0.0000#0.0000#-1.5700
74.00:hum1:18.3750#4.6735#0.4025#0.0000#0.0000#-1.5700
75.00:hum1:18.3750#4.6735#0.4025#0.0000#0.0000#-1.5700
76.00:hum1:18.3750#4.6735#0.4025#0.0000#0.0000#-1.5700
77.00:hum1:18.3750#4.6735#0.4025#0.0000#0.0000#-1.5700
78.00:hum1:18.3750#4.6735#0.4025#0.0000#0.0000#-1.5700
79.00:hum1:18.3750#4.6735#0.4025#0.0000#0.0000#-1.5700
80.00:hum1:18.3876#4.2546#0.8067#0.1514#-0.0380#-1.8144
81.00:hum1:18.2279#3.0077#0.8273#-0.3125#0.1397#-1.9775
82.00:hum1:18.1786#1.8457#0.8025#0.0000#-0.0000#-1.5921
83.00:hum1:18.1786#1.8457#0.8025#0.0000#-0.0000#-1.5921
84.00:hum1:18.1786#1.8457#0.8025#0.0000#-0.0000#-1.5921
85.00:hum1:18.1786#1.8457#0.8025#0.0000#-0.0000#-1.5921
86.00:hum1:18.1786#1.8457#0.8025#0.0000#-0.0000#-1.5921
87.00:hum1:18.1786#1.8457#0.8025#0.0000#-0.0000#-1.5921
88.00:hum1:18.1786#1.8457#0.8025#0.0000#-0.0000#-1.5921
89.00:hum1:18.1786#1.8457#0.8025#0.0000#-0.0000#-1.5921
90.00:hum1:18.1786#1.8457#0.8025#0.0000#-0.0000#-1.5921
91.00:hum1:17.7344#0.7366#0.9377#-0.9140#0.4505#-1.8943
92.00:hum1:17.2294#-0.3024#0.9191#-0.7688#0.5293#-2.0515
93.00:hum1:16.6545#-1.1859#0.8168#-0.1898#0.1226#-2.1374
94.00:hum1:16.1015#-2.0137#0.8153#0.2065#-0.1366#-2.1469
95.00:hum1:15.8226#-3.2978#0.8244#0.3636#0.0059#-1.5550
96.00:hum1:15.3287#-4.1404#0.8048#0.0345#-0.0469#-2.5070
97.00:hum1:14.9990#-4.3829#0.8025#0.0000#-0.0000#-2.5074