
1.00:hum1:-0.2750#-0.5250#0.8025#-0.0000#0.0000#-0.0000
2.00:hum1:-0.2750#-0.5250#0.8025#-0.0000#0.0000#-0.0000
3.00:hum1:-0.2750#-0.5250#0.8025#-0.0000#0.0000#-0.0000
4.00:hum1:-0.2750#-0.5250#0.8025#-0.0000#0.0000#-0.0000
5.00:hum1:-0.2750#-0.5250#0.8025#-0.0000#0.0000#-0.0000
6.00:hum1:-0.2750#-0.5250#0.8025#-0.0000#0.0000#-0.0000
7.00:hum1:-0.2750#-0.5250#0.8025#-0.0000#0.0000#-0.0000
8.00:hum1:-0.2750#-0.5250#0.8025#-0.0000#0.0000#-0.0000
9.00:hum1:-0.2750#-0.5250#0.8025#-0.0000#0.0000#-0.0000
10.00:hum1:-0.2750#-0.5250#0.8025#-0.0000#0.0000#-0.0000
11.00:hum1:0.4580#-0.7965#0.9191#-0.3959#-0.8334#-0.5137
12.00:hum1:1.4883#-1.0373#0.8168#-0.0450#-0.2211#-0.2024
13.00:hum1:2.4717#-1.2397#0.8153#0.0432#0.2433#-0.1771
14.00:hum1:3.6742#-1.4481#0.8244#0.0597#0.3589#-0.1682
15.00:hum1:5.0015#-1.6473#0.8048#0.0072#0.0578#-0.1230
16.00:hum1:5.0015#-1.6473#0.8048#0.0072#0.0578#-0.1230
17.00:hum1:5.8145#-1.6572#0.8244#-0.0218#0.3630#0.0618
18.00:hum1:7.1525#-1.5682#0.8048#-0.0051#0.0580#0.0873
19.00:hum1:8.4475#-1.4510#0.8466#0.0541#-0.4919#0.1144
20.00:hum1:9.5387#-1.3441#0.8618#0.0729#-0.5914#0.1305
21.00:hum1:10.4270#-1.2546#0.8115#0.0184#-0.1609#0.1144
22.00:hum1:10.9340#-1.1971#0.8102#0.0124#-0.1097#0.1136
23.00:hum1:10.9340#-1.1971#0.8102#0.0124#-0.1097#0.1136
24.00:hum1:11.9036#-1.3477#0.8071#0.0007#0.0080#-0.0867
25.00:hum1:12.9919#-1.4623#0.8215#0.0295#0.3145#-0.0948
26.00:hum1:13.2891#-1.4892#0.8025#0.0000#0.0000#-0.0901
27.00:hum1:13.2891#-1.4892#0.8025#0.0000#0.0000#-0.0901
28.00:hum1:13.2891#-1.4892#0.8025#0.0000#0.0000#-0.0901
29.00:hum1:13.2891#-1.4892#0.8025#0.0000#0.0000#-0.0901
30.00:hum1:13.2891#-1.4892#0.8025#0.0000#0.0000#-0.0901
31.00:hum1:13.2891#-1.4892#0.8025#0.0000#0.0000#-0.0901
32.00:hum1:13.2891#-1.4892#0.8025#0.0000#0.0000#-0.0901
33.00:hum1:13.2891#-1.4892#0.8025#0.0000#0.0000#-0.0901
34.00:hum1:13.6020#-1.4826#0.8273#0.0093#-0.3413#0.0281
35.00:hum1:14.8976#-1.4483#0.9141#0.0316#-0.8780#0.0414
36.00:hum1:16.1771#-1.4144#0.9413#0.0412#-1.0040#0.0492
37.00:hum1:17.2255#-1.3865#0.8262#0.0089#-0.3287#0.0280
38.00:hum1:18.2484#-0.7654#0.8116#-0.1902#0.0416#1.3585
39.00:hum1:18.5024#0.3909#0.8267#-0.3649#0.0783#1.3690
40.00:hum1:18.6962#1.7302#0.8067#-0.1558#0.0082#1.5190
41.00:hum1:18.7647#3.0360#0.8273#0.3409#-0.0176#1.5215
42.00:hum1:18.7997#3.7045#0.8161#-0.3008#0.0156#1.5208
43.00:hum1:18.3750#4.6735#0.4025#0.0000#0.0000#-1.5700
44.00:hum1:18.3750#4.6735#0.4025#0.0000#0.0000#-1.5700
45.00:hum1:18.3750#4.6735#0.4025#0.0000#0.0000#-1.5700
46.00:hum1:18.3750#4.6735#0.4025#0.0000#0.0000#-1.5700
47.00:hum1:18.3750#4.6735#0.4025#0.0000#0.0000#-1.5700
48.00:hum1:18.3750#4.6735#0.4025#0.0000#0.0000#-1.5700
49.00:hum1:18.3750#4.6735#0.4025#0.0000#0.0000#-1.5700
50.00:hum1:18.3750#4.6735#0.4025#0.0000#0.0000#-1.5700
51.00:hum1:18.3750#4.6735#0.4025#0.0000#0.0000#-1.5700
52.00:hum1:18.3750#4.6735#0.4025#0.0000#0.0000#-1.5700
53.00:hum1:18.3750#4.6735#0.4025#0.0000#0.0000#-1.5700
54.00:hum1:18.3750#4.6735#0.4025#0.0000#0.0000#-1.5700
55.00:hum1:18.3750#4.6735#0.4025#0.0000#0.0000#-1.5700
56.00:hum1:18.3750#4.6735#0.4025#0.0000#0.0000#-1.5700
57.00:hum1:18.3750#4.6735#0.4025#0.0000#0.0000#-1.5700
58.00:hum1:18.3750#4.6735#0.4025#0.0000#0.0000#-1.5700
59.00:hum1:18.3750#4.6735#0.4025#0.0000#0.0000#-1.5700
60.00:hum1:18.3750#4.6735#0.4025#0.0000#0.0000#-1.5700
61.00:hum1:18.3750#4.6735#0.4025#0.0000#0.0000#-1.5700
62.00:hum1:18.2801#3.3633#0.8204#0.3311#-0.0306#-1.6593
63.00:hum1:18.1425#2.0166#0.8044#-0.0072#0.0005#-1.6406
64.00:hum1:18.1266#1.7892#0.8025#0.0000#-0.0000#-1.6404
65.00:hum1:18.1266#1.7892#0.8025#0.0000#-0.0000#-1.6404
66.00:hum1:18.1266#1.7892#0.8025#0.0000#-0.0000#-1.6404
67.00:hum1:18.1266#1.7892#0.8025#0.0000#-0.0000#-1.6404
68.00:hum1:18.1266#1.7892#0.8025#0.0000#-0.0000#-1.6404
69.00:hum1:18.1266#1.7892#0.8025#0.0000#-0.0000#-1.6404
70.00:hum1:18.1266#1.7892#0.8025#0.0000#-0.0000#-1.6404
71.00:hum1:18.1266#1.7892#0.8025#0.0000#-0.0000#-1.6404
72.00:hum1:18.1266#1.7892#0.8025#0.0000#-0.0000#-1.6404
73.00:hum1:18.1266#1.7892#0.8025#0.0000#-0.0000#-1.6404
74.00:hum1:18.1266#1.7892#0.8025#0.0000#-0.0000#-1.6404
75.00:hum1:18.1266#1.7892#0.8025#0.0000#-0.0000#-1.6404
76.00:hum1:18.1266#1.7892#0.8025#0.0000#-0.0000#-1.6404
77.00:hum1:18.1266#1.7892#0.8025#0.0000#-0.0000#-1.6404
78.00:hum1:18.1266#1.7892#0.8025#0.0000#-0.0000#-1.6404
79.00:hum1:18.1266#1.7892#0.8025#0.0000#-0.0000#-1.6404
80.00:hum1:17.7798#0.8207#0.8908#-0.6842#0.3665#-1.9844
81.00:hum1:17.2049#-0.2725#0.9484#-0.9335#0.5451#-1.9370
82.00:hum1:16.6241#-1.2179#0.8374#-0.3687#0.2184#-2.0815
83.00:hum1:16.2544#-1.7898#0.8081#0.1097#-0.0661#-2.1102
84.00:hum1:16.0205#-3.0014#0.8281#0.3710#-0.0039#-1.5805
85.00:hum1:15.5630#-3.8728#0.8120#0.1783#-0.2039#-2.4140
86.00:hum1:15.0975#-4.2725#0.8025#0.0000#-0.0000#-2.4317