
2.00:hum1:-5.5750#-1.5000#0.8025#-0.0000#0.0000#-0.0000
3.00:hum1:-5.5750#-1.5000#0.8025#-0.0000#0.0000#-0.0000
4.00:hum1:-5.5750#-1.5000#0.8025#-0.0000#0.0000#-0.0000
5.00:hum1:-5.5750#-1.5000#0.8025#-0.0000#0.0000#-0.0000
6.00:hum1:-5.5750#-1.5000#0.8025#-0.0000#0.0000#-0.0000
7.00:hum1:-5.5750#-1.5000#0.8025#-0.0000#0.0000#-0.0000
8.00:hum1:-5.5750#-1.5000#0.8025#-0.0000#0.0000#-0.0000
9.00:hum1:-5.5750#-1.5000#0.8025#-0.0000#0.0000#-0.0000
10.00:hum1:-5.5750#-1.5000#0.8025#-0.0000#0.0000#-0.0000
11.00:hum1:-5.5750#-1.5000#0.8025#-0.0000#0.0000#-0.0000
12.00:hum1:-5.5750#-1.5000#0.8025#-0.0000#0.0000#-0.0000
13.00:hum1:-5.5750#-1.5000#0.8025#-0.0000#0.0000#-0.0000
14.00:hum1:-4.5759#-1.4156#0.8204#-0.0317#0.3310#0.0975
15.00:hum1:-3.7243#-1.3369#0.9597#0.1729#-1.0788#0.1960
16.00:hum1:-3.6603#-1.3310#0.9413#0.1435#-0.9980#0.1706
17.00:hum1:-3.2324#-1.2914#0.8044#0.0007#-0.0071#0.0922
18.00:hum1:-2.2308#-1.1987#0.8048#-0.0054#0.0580#0.0924
19.00:hum1:-0.9391#-1.0792#0.8466#0.0495#-0.4923#0.1047
20.00:hum1:0.3609#-0.9590#0.9377#0.1386#-0.9824#0.1665
21.00:hum1:1.3479#-0.8677#0.9141#0.1103#-0.8733#0.1438
22.00:hum1:2.3452#-0.7754#0.8908#0.0874#-0.7580#0.1271
23.00:hum1:3.3379#-0.6836#0.8763#0.0744#-0.6788#0.1186
24.00:hum1:4.3397#-0.5909#0.8618#0.0621#-0.5925#0.1112
25.00:hum1:4.5494#-0.5715#0.9377#0.1386#-0.9824#0.1665
26.00:hum1:4.5494#-0.5715#0.9377#0.1386#-0.9824#0.1665
27.00:hum1:4.5494#-0.5715#0.9377#0.1386#-0.9824#0.1665
28.00:hum1:4.5494#-0.5715#0.9377#0.1386#-0.9824#0.1665
29.00:hum1:4.5494#-0.5715#0.9377#0.1386#-0.9824#0.1665
30.00:hum1:4.5494#-0.5715#0.9377#0.1386#-0.9824#0.1665
31.00:hum1:4.5494#-0.5715#0.9377#0.1386#-0.9824#0.1665
32.00:hum1:4.5494#-0.5715#0.9377#0.1386#-0.9824#0.1665
33.00:hum1:4.5494#-0.5715#0.9377#0.1386#-0.9824#0.1665
34.00:hum1:5.3381#-0.8346#0.8763#-0.1469#-0.6687#-0.2340
35.00:hum1:6.6349#-1.0815#0.9597#-0.3308#-1.0564#-0.3753
36.00:hum1:7.7067#-1.3197#0.8496#-0.1403#-0.4982#-0.2871
37.00:hum1:8.6787#-1.5693#0.8071#0.0020#0.0078#-0.2514
38.00:hum1:9.7401#-1.8418#0.8215#0.0812#0.3055#-0.2639
39.00:hum1:10.9523#-2.1532#0.8161#0.0772#0.2914#-0.2628
40.00:hum1:12.2414#-2.4843#0.8069#-0.0205#-0.0796#-0.2522
41.00:hum1:13.4950#-2.8063#0.8763#-0.1996#-0.6568#-0.3196
42.00:hum1:14.8951#-2.5342#0.9597#0.5204#-1.0047#0.5969
43.00:hum1:15.9593#-2.1975#0.8496#0.1693#-0.4898#0.3488
44.00:hum1:16.5108#-2.0231#0.8273#0.1066#-0.3249#0.3239
45.00:hum1:16.6007#-1.9947#0.8618#0.2013#-0.5642#0.3649
46.00:hum1:16.6962#-1.9645#0.8908#0.2800#-0.7185#0.4121
47.00:hum1:16.8014#-1.9312#0.9377#0.4294#-0.9215#0.5221
48.00:hum1:17.9802#-1.5583#0.9191#0.3640#-0.8448#0.4715
49.00:hum1:18.4379#-0.3335#0.8168#0.2222#-0.0393#1.3987
50.00:hum1:18.6131#0.6495#0.8153#-0.2433#0.0430#1.3996
51.00:hum1:18.8268#1.8479#0.8244#-0.3584#0.0626#1.4057
52.00:hum1:19.0610#3.1615#0.8048#-0.0573#0.0102#1.3946
53.00:hum1:19.1782#3.8181#0.8374#0.4201#-0.0727#1.4099
54.00:hum1:18.3750#4.6735#0.4025#0.0000#0.0000#-1.5700
55.00:hum1:18.3750#4.6735#0.4025#0.0000#0.0000#-1.5700
56.00:hum1:18.3750#4.6735#0.4025#0.0000#0.0000#-1.5700
57.00:hum1:18.3750#4.6735#0.4025#0.0000#0.0000#-1.5700
58.00:hum1:18.3750#4.6735#0.4025#0.0000#0.0000#-1.5700
59.00:hum1:18.3750#4.6735#0.4025#0.0000#0.0000#-1.5700
60.00:hum1:18.3750#4.6735#0.4025#0.0000#0.0000#-1.5700
61.00:hum1:18.3750#4.6735#0.4025#0.0000#0.0000#-1.5700
62.00:hum1:18.3750#4.6735#0.4025#0.0000#0.0000#-1.5700
63.00:hum1:18.3750#4.6735#0.4025#0.0000#0.0000#-1.5700
64.00:hum1:18.3750#4.6735#0.4025#0.0000#0.0000#-1.5700
65.00:hum1:18.3750#4.6735#0.4025#0.0000#0.0000#-1.5700
66.00:hum1:18.3750#4.6735#0.4025#0.0000#0.0000#-1.5700
67.00:hum1:18.3750#4.6735#0.4025#0.0000#0.0000#-1.5700
68.00:hum1:18.3750#4.1072#0.8168#-0.2256#-0.0001#-1.5700
69.00:hum1:18.2697#3.5161#0.8466#-0.4890#0.0774#-1.7147
70.00:hum1:18.1404#2.1964#0.9377#-0.9875#0.0620#-1.6113
71.00:hum1:18.0159#1.2118#0.9141#-0.8774#0.0497#-1.6117
72.00:hum1:18.0159#1.2118#0.9141#-0.8774#0.0497#-1.6117
73.00:hum1:18.0159#1.2118#0.9141#-0.8774#0.0497#-1.6117
74.00:hum1:18.0159#1.2118#0.9141#-0.8774#0.0497#-1.6117
75.00:hum1:18.0159#1.2118#0.9141#-0.8774#0.0497#-1.6117
76.00:hum1:18.0159#1.2118#0.9141#-0.8774#0.0497#-1.6117
77.00:hum1:18.0159#1.2118#0.9141#-0.8774#0.0497#-1.6117
78.00:hum1:18.0159#1.2118#0.9141#-0.8774#0.0497#-1.6117
79.00:hum1:18.0159#1.2118#0.9141#-0.8774#0.0497#-1.6117
80.00:hum1:18.0159#1.2118#0.9141#-0.8774#0.0497#-1.6117
81.00:hum1:18.0159#1.2118#0.9141#-0.8774#0.0497#-1.6117
82.00:hum1:18.0159#1.2118#0.9141#-0.8774#0.0497#-1.6117
83.00:hum1:18.0159#1.2118#0.9141#-0.8774#0.0497#-1.6117
84.00:hum1:18.0159#1.2118#0.9141#-0.8774#0.0497#-1.6117
85.00:hum1:17.8384#0.5855#0.8273#-0.2774#0.2016#-2.1834
86.00:hum1:17.1028#-0.4194#0.9141#-0.7269#0.5465#-2.0993
87.00:hum1:16.3592#-1.2582#0.9413#-0.8549#0.6139#-2.0350
88.00:hum1:16.0722#-2.3875#0.8262#-0.3274#-0.0310#-1.4794
89.00:hum1:16.1666#-3.3628#0.8116#0.1937#0.0186#-1.4762
90.00:hum1:16.2766#-4.5004#0.9191#-0.8993#-0.0754#-1.5107
91.00:hum1:16.2747#-4.4809#0.8262#-0.3274#-0.0310#-1.4794
92.00:hum1:16.2723#-4.4559#0.8102#-0.1099#-0.0106#-1.4749
93.00:hum1:16.4112#-4.2131#0.8081#0.0777#-0.1019#-2.4878
94.00:hum1:15.5266#-4.9040#0.8374#-0.2728#0.3313#-2.4309
95.00:hum1:14.7565#-5.8731#0.8081#0.0984#0.0820#-0.8781
96.00:hum1:15.4862#-6.7453#0.8281#0.2900#0.2347#-0.9086
97.00:hum1:16.1315#-7.5166#0.8102#-0.0848#-0.0707#-0.8771