
2.00:-4.1099#-1.2873#0.2401#-0.0001#-0.0024#-0.0002
3.00:-4.1101#-1.2873#0.2401#-0.0001#-0.0025#-0.0002
4.00:-4.1102#-1.2874#0.2401#-0.0001#-0.0025#-0.0002
5.00:-4.1103#-1.2874#0.2401#-0.0001#-0.0025#-0.0003
6.00:-4.1104#-1.2874#0.2401#-0.0001#-0.0026#-0.0003
7.00:-4.1105#-1.2874#0.2401#-0.0001#-0.0026#-0.0003
8.00:-4.1106#-1.2874#0.2401#-0.0001#-0.0024#-0.0004
9.00:-4.1108#-1.2874#0.2401#-0.0001#-0.0024#-0.0006
10.00:-4.1108#-1.2874#0.2401#-0.0001#-0.0021#-0.0007
11.00:-3.9553#-1.2885#0.2401#-0.0001#-0.0028#0.0065
12.00:-3.2316#-0.9116#0.2400#0.0008#-0.0007#0.9140
13.00:-3.2088#-0.8978#0.2401#0.0013#-0.0018#0.7055
14.00:-3.2001#-0.9104#0.2401#0.0008#-0.0021#0.3985
15.00:-3.1960#-0.9249#0.2401#0.0001#-0.0022#0.0905
16.00:-3.1604#-0.9451#0.2401#-0.0005#-0.0023#-0.1936
17.00:-2.2237#-1.1286#0.2401#-0.0004#-0.0017#-0.1875
18.00:-1.0784#-1.3460#0.2401#-0.0004#-0.0016#-0.1877
19.00:-0.1153#-1.5269#0.2400#-0.0003#-0.0011#-0.1820
20.00:0.0119#-1.5311#0.2401#0.0000#-0.0021#0.0319
21.00:0.6735#-1.4508#0.2401#0.0001#-0.0016#0.1185
22.00:1.8311#-1.3135#0.2401#0.0001#-0.0014#0.1178
23.00:2.9888#-1.1765#0.2401#0.0001#-0.0017#0.1179
24.00:4.1484#-1.0393#0.2400#0.0001#-0.0012#0.1178
25.00:4.5458#-0.9962#0.2401#-0.0000#-0.0018#0.0455
26.00:4.6204#-1.0258#0.2401#-0.0006#-0.0020#-0.2257
27.00:5.6090#-1.2713#0.2400#-0.0004#-0.0010#-0.2444
28.00:5.9785#-1.3521#0.2401#-0.0003#-0.0018#-0.1399
29.00:6.2556#-1.3352#0.2401#-0.0000#-0.0018#0.0453
30.00:7.3788#-1.3033#0.2401#0.0000#-0.0016#0.0269
31.00:8.5460#-1.2719#0.2400#-0.0000#-0.0011#0.0267
32.00:9.3925#-1.2482#0.2400#-0.0000#-0.0011#0.0338
33.00:9.4040#-1.2477#0.2401#-0.0000#-0.0014#0.0368
34.00:9.4039#-1.2477#0.2400#-0.0000#-0.0013#0.0368
35.00:9.4039#-1.2477#0.2401#-0.0000#-0.0014#0.0368
36.00:9.4038#-1.2477#0.2401#-0.0000#-0.0014#0.0368
37.00:9.8801#-1.2414#0.2401#-0.0001#-0.0015#-0.0022
38.00:11.0457#-1.2441#0.2401#-0.0001#-0.0014#-0.0023
39.00:12.2114#-1.2464#0.2401#-0.0001#-0.0015#-0.0017
40.00:13.3770#-1.2486#0.2401#-0.0001#-0.0017#-0.0021
41.00:14.1228#-1.2473#0.2401#-0.0001#-0.0015#0.0121
42.00:14.1267#-1.2609#0.2401#-0.0007#-0.0021#-0.2636
43.00:14.1216#-1.2743#0.2401#-0.0013#-0.0018#-0.5537
44.00:14.1134#-1.2859#0.2401#-0.0017#-0.0014#-0.8419
45.00:14.1083#-1.3048#0.2401#-0.0023#-0.0010#-1.1164
46.00:14.4269#-2.0308#0.2400#-0.0010#-0.0004#-1.1500
47.00:14.4961#-2.1968#0.2401#-0.0020#-0.0005#-1.2706
48.00:14.4822#-2.2006#0.2401#-0.0020#0.0001#-1.5578
49.00:14.4444#-2.8984#0.2400#-0.0015#0.0002#-1.6176
50.00:14.4076#-3.6979#0.2400#-0.0011#0.0001#-1.6133
51.00:14.4073#-3.7025#0.2401#-0.0014#0.0001#-1.6130
52.00:14.4073#-3.7025#0.2401#-0.0014#0.0001#-1.6130
53.00:14.4073#-3.7024#0.2401#-0.0015#0.0001#-1.6130
54.00:14.4073#-3.7024#0.2401#-0.0014#0.0001#-1.6130
55.00:14.4073#-3.7023#0.2401#-0.0014#0.0001#-1.6130
56.00:14.4073#-3.7022#0.2401#-0.0015#0.0001#-1.6130
57.00:14.4073#-3.7022#0.2401#-0.0014#0.0001#-1.6130
58.00:14.4073#-3.7021#0.2401#-0.0015#0.0001#-1.6130
59.00:14.4073#-3.7021#0.2401#-0.0014#0.0001#-1.6130
60.00:14.4073#-3.7020#0.2401#-0.0015#0.0001#-1.6130
61.00:14.4073#-3.7019#0.2401#-0.0015#0.0001#-1.6130
62.00:14.4073#-3.7019#0.2401#-0.0015#0.0001#-1.6130
63.00:14.4073#-3.7018#0.2401#-0.0014#0.0001#-1.6131
64.00:14.4073#-3.7017#0.2401#-0.0015#0.0001#-1.6131
65.00:14.4073#-3.7017#0.2401#-0.0014#0.0001#-1.6131
66.00:14.4073#-3.7016#0.2401#-0.0015#0.0001#-1.6131
67.00:14.4073#-3.7016#0.2401#-0.0014#0.0001#-1.6131
68.00:14.4073#-3.7015#0.2401#-0.0014#0.0001#-1.6131
69.00:14.4073#-3.7015#0.2401#-0.0015#0.0001#-1.6131
70.00:14.4073#-3.7014#0.2401#-0.0015#0.0001#-1.6131
71.00:14.4073#-3.7014#0.2401#-0.0015#0.0001#-1.6131
72.00:14.4073#-3.7013#0.2401#-0.0014#0.0001#-1.6131
73.00:14.4073#-3.7012#0.2401#-0.0015#0.0001#-1.6131
74.00:14.4073#-3.7012#0.2401#-0.0014#0.0001#-1.6131
75.00:14.4073#-3.7012#0.2401#-0.0014#0.0001#-1.6131
76.00:14.4073#-3.7011#0.2401#-0.0014#0.0001#-1.6131
77.00:14.4073#-3.7010#0.2401#-0.0015#0.0001#-1.6131
78.00:14.4074#-3.7010#0.2401#-0.0015#0.0001#-1.6131
79.00:14.4074#-3.7009#0.2401#-0.0014#0.0001#-1.6131
80.00:14.4074#-3.7009#0.2401#-0.0015#0.0001#-1.6131
81.00:14.4074#-3.7008#0.2401#-0.0014#0.0001#-1.6131
82.00:14.4074#-3.7008#0.2401#-0.0015#0.0001#-1.6131
83.00:14.4074#-3.7007#0.2401#-0.0015#0.0001#-1.6131
84.00:14.4074#-3.7006#0.2401#-0.0015#0.0001#-1.6131
85.00:14.4074#-3.7006#0.2401#-0.0015#0.0001#-1.6131
86.00:14.4074#-3.7005#0.2401#-0.0014#0.0001#-1.6131
87.00:14.4074#-3.7005#0.2401#-0.0014#0.0001#-1.6131
88.00:14.4074#-3.7004#0.2401#-0.0014#0.0001#-1.6131
89.00:14.4074#-3.7004#0.2401#-0.0015#0.0001#-1.6131
90.00:14.3848#-4.1251#0.2400#-0.0018#0.0002#-1.6301
91.00:14.3150#-5.2884#0.2400#-0.0013#0.0002#-1.6306
92.00:14.2594#-6.2285#0.2400#-0.0009#0.0001#-1.6268
93.00:14.2724#-6.3421#0.2401#-0.0021#-0.0003#-1.4015
94.00:14.3738#-6.7262#0.2400#-0.0010#-0.0001#-1.3574
95.00:14.3847#-6.7853#0.2401#-0.0015#-0.0002#-1.3837
96.00:14.3847#-6.7853#0.2401#-0.0014#-0.0002#-1.3837
97.00:14.3847#-6.7852#0.2401#-0.0016#-0.0002#-1.3838