
1.00:hum1:3.8000#2.2500#0.8025#-0.0000#-0.0000#-1.5708
2.00:hum1:3.8000#2.2500#0.8025#-0.0000#-0.0000#-1.5708
3.00:hum1:3.8000#2.2500#0.8025#-0.0000#-0.0000#-1.5708
4.00:hum1:3.8000#2.2500#0.8025#-0.0000#-0.0000#-1.5708
5.00:hum1:3.8000#2.2500#0.8025#-0.0000#-0.0000#-1.5708
6.00:hum1:3.8000#2.2500#0.8025#-0.0000#-0.0000#-1.5708
7.00:hum1:3.8000#2.2500#0.8025#-0.0000#-0.0000#-1.5708
8.00:hum1:3.8000#2.2500#0.8025#-0.0000#-0.0000#-1.5708
9.00:hum1:3.8000#2.2500#0.8025#-0.0000#-0.0000#-1.5708
10.00:hum1:3.8000#2.2500#0.8025#-0.0000#-0.0000#-1.5708
11.00:hum1:3.8000#2.2500#0.8025#-0.0000#-0.0000#-1.5708
12.00:hum1:5.2923#1.5439#0.8025#0.0000#0.0000#-0.3187
13.00:hum1:5.6160#1.3896#0.8025#0.0000#0.0000#-0.4397
14.00:hum1:5.7259#1.3385#0.8025#0.0000#0.0000#-0.4348
15.00:hum1:6.1795#1.1289#0.8025#0.0000#0.0000#-0.4328
16.00:hum1:6.5097#0.9799#0.8025#0.0000#0.0000#-0.4239
17.00:hum1:7.7190#0.4970#0.8161#0.0928#0.2870#-0.3174
18.00:hum1:11.6608#-0.6840#0.9597#-0.4342#-1.0322#-0.4949
19.00:hum1:13.1330#1.2925#0.8161#-0.2505#0.1690#0.9896
20.00:hum1:14.4832#0.5787#0.9377#-0.5781#-0.8548#-0.7126
21.00:hum1:16.4344#-0.3481#0.8025#0.0000#0.0000#-0.4434
22.00:hum1:16.7422#-0.4943#0.8025#0.0000#0.0000#-0.4434
23.00:hum1:17.7078#-0.9530#0.8069#-0.0353#-0.0742#-0.4448
24.00:hum1:18.7443#1.4285#0.8273#0.3356#-0.0636#1.3909
25.00:hum1:18.7786#1.6061#0.8025#-0.0000#0.0000#1.3801
26.00:hum1:18.8277#1.8608#0.8071#-0.0079#0.0015#1.3801
27.00:hum1:18.8474#1.9630#0.8281#-0.3649#0.0689#1.3928
28.00:hum1:18.9228#2.3531#0.8025#-0.0000#0.0000#1.3801
29.00:hum1:19.0347#2.9325#0.9598#1.0796#-0.1689#1.4815
30.00:hum1:19.0459#2.9908#0.8496#0.5081#-0.0938#1.4045
31.00:hum1:18.3750#4.6735#0.4025#0.0000#0.0000#-1.5700
32.00:hum1:18.3750#4.6735#0.4025#0.0000#0.0000#-1.5700
33.00:hum1:18.3750#4.6735#0.4025#0.0000#0.0000#-1.5700
34.00:hum1:18.3750#4.6735#0.4025#0.0000#0.0000#-1.5700
35.00:hum1:18.3750#4.6735#0.4025#0.0000#0.0000#-1.5700
36.00:hum1:18.3750#4.6735#0.4025#0.0000#0.0000#-1.5700
37.00:hum1:18.3750#4.6735#0.4025#0.0000#0.0000#-1.5700
38.00:hum1:18.3750#4.6735#0.4025#0.0000#0.0000#-1.5700
39.00:hum1:18.3750#4.6735#0.4025#0.0000#0.0000#-1.5700
40.00:hum1:18.3750#4.6735#0.4025#0.0000#0.0000#-1.5700
41.00:hum1:18.3751#4.1440#0.8081#0.1280#0.0001#-1.5700
42.00:hum1:18.2219#3.0080#0.8244#0.3631#-0.0192#-1.6209
43.00:hum1:17.0401#-0.4825#0.9377#-0.8857#0.5181#-1.9550
44.00:hum1:17.3235#-0.0886#0.8025#-0.0000#-0.0000#2.3119
45.00:hum1:17.3235#-0.0886#0.8025#-0.0000#-0.0000#2.3119
46.00:hum1:17.3235#-0.0886#0.8025#-0.0000#-0.0000#2.3119
47.00:hum1:17.3235#-0.0886#0.8025#-0.0000#-0.0000#2.3119
48.00:hum1:17.3235#-0.0886#0.8025#-0.0000#-0.0000#2.3119
49.00:hum1:17.3235#-0.0886#0.8025#-0.0000#-0.0000#2.3119
50.00:hum1:17.3235#-0.0886#0.8025#-0.0000#-0.0000#2.3119
51.00:hum1:16.3329#0.9925#0.8048#-0.0429#-0.0393#2.3125
52.00:hum1:15.2926#2.5903#0.8069#0.0716#0.0403#2.0832
53.00:hum1:15.0100#3.0910#0.8168#0.1973#0.1101#2.0737
54.00:hum1:14.9026#3.2813#0.8025#-0.0000#-0.0000#2.0846
55.00:hum1:14.9026#3.2813#0.8025#-0.0000#-0.0000#2.0846
56.00:hum1:14.9026#3.2813#0.8025#-0.0000#-0.0000#2.0846
57.00:hum1:14.9026#3.2813#0.8025#-0.0000#-0.0000#2.0846
58.00:hum1:14.9026#3.2813#0.8025#-0.0000#-0.0000#2.0846
59.00:hum1:14.9026#3.2813#0.8025#-0.0000#-0.0000#2.0846
60.00:hum1:14.9026#3.2813#0.8025#-0.0000#-0.0000#2.0846
61.00:hum1:14.9026#3.2813#0.8025#-0.0000#-0.0000#2.0846
62.00:hum1:14.9026#3.2813#0.8025#-0.0000#-0.0000#2.0846
63.00:hum1:14.5353#2.2253#0.8262#-0.3282#-0.0193#-1.5139
64.00:hum1:14.5016#1.2938#0.8116#0.1935#-0.0206#-1.6752
65.00:hum1:15.3357#0.3122#0.8267#0.1783#0.3292#-0.5084
66.00:hum1:16.2202#-0.1468#0.8025#0.0000#0.0000#-0.4786
67.00:hum1:16.2202#-0.1468#0.8025#0.0000#0.0000#-0.4786
68.00:hum1:16.3281#-0.2028#0.8025#0.0000#0.0000#-0.4786
69.00:hum1:17.0944#-0.6004#0.8153#0.1157#0.2187#-0.4914
70.00:hum1:18.2784#-0.2350#0.8244#-0.3529#0.0895#1.3329
71.00:hum1:18.6135#1.0565#0.8048#-0.0564#0.0146#1.3174
72.00:hum1:18.6624#1.2449#0.8273#0.3312#-0.0843#1.3311
73.00:hum1:18.7755#1.6812#0.8171#-0.2627#0.0674#1.3258
74.00:hum1:19.0182#2.6161#0.9598#1.0736#-0.2245#1.4510
75.00:hum1:19.0783#2.8485#0.8204#-0.3225#0.0821#1.3303
76.00:hum1:19.2394#3.4689#0.8908#0.7457#-0.1745#1.3854
77.00:hum1:19.2671#3.5758#0.9377#0.9737#-0.2116#1.4293
78.00:hum1:19.2671#3.5758#0.9377#0.9737#-0.2116#1.4293
79.00:hum1:19.3092#3.7380#0.8374#0.4138#-0.1041#1.3388
80.00:hum1:19.2973#3.6923#0.8071#-0.0078#0.0020#1.3170
81.00:hum1:18.3750#4.6735#0.4025#0.0000#0.0000#-1.5700
82.00:hum1:18.3750#4.6735#0.4025#0.0000#0.0000#-1.5700
83.00:hum1:18.3750#4.6735#0.4025#0.0000#0.0000#-1.5700
84.00:hum1:18.3750#4.6735#0.4025#0.0000#0.0000#-1.5700
85.00:hum1:18.3750#4.6735#0.4025#0.0000#0.0000#-1.5700
86.00:hum1:18.3750#4.6735#0.4025#0.0000#0.0000#-1.5700
87.00:hum1:18.3750#4.6735#0.4025#0.0000#0.0000#-1.5700
88.00:hum1:18.3750#4.6735#0.4025#0.0000#0.0000#-1.5700
89.00:hum1:18.3750#4.6735#0.4025#0.0000#0.0000#-1.5700
90.00:hum1:18.3750#4.6735#0.4025#0.0000#0.0000#-1.5700
91.00:hum1:18.3750#4.6735#0.4025#0.0000#0.0000#-1.5700
92.00:hum1:18.2908#3.4873#0.8763#-0.6800#0.0591#-1.6434
93.00:hum1:18.1429#2.1693#0.9597#-1.0860#0.0558#-1.5998
94.00:hum1:18.0240#1.0632#0.8496#-0.5149#0.0352#-1.6327
95.00:hum1:17.8754#0.2818#0.8071#0.0057#-0.0056#-2.3466
96.00:hum1:17.3182#-0.2137#0.8025#0.0000#-0.0000#-2.8219
97.00:hum1:16.2296#-0.6257#0.8721#-0.1990#0.6308#-2.8119
98.00:hum1:16.0647#-0.6358#0.8025#0.0000#-0.0000#-3.0030
99.00:hum1:16.0647#-0.6358#0.8025#0.0000#-0.0000#-3.0030
100.00:hum1:15.2087#-0.7555#0.9191#-0.1733#0.8895#-2.9196
101.00:hum1:14.2038#-0.8666#0.8168#-0.0204#0.2247#-3.0499
102.00:hum1:13.1447#-0.9621#0.8496#-0.0510#0.5137#-3.0377
103.00:hum1:13.1447#-0.9621#0.8496#-0.0510#0.5137#-3.0377
104.00:hum1:13.1447#-0.9621#0.8496#-0.0510#0.5137#-3.0377
105.00:hum1:13.2458#-0.9513#0.8081#-0.0057#-0.1279#3.0974
106.00:hum1:12.0975#-0.9226#0.8281#0.0015#-0.3710#-3.1372
107.00:hum1:10.8055#-0.9209#0.8120#0.0032#-0.2700#-3.1291
108.00:hum1:10.0253#-0.9048#0.8374#0.0185#0.4256#3.0972
109.00:hum1:10.0253#-0.9048#0.8374#0.0185#0.4256#3.0972
110.00:hum1:9.3013#-0.8916#0.8763#0.0165#0.6820#3.1158
111.00:hum1:9.0439#-0.8766#0.8081#-0.0066#-0.1279#3.0905
112.00:hum1:7.8925#-0.8449#0.8281#0.0047#-0.3710#-3.1283
113.00:hum1:6.6062#-0.8363#0.8120#-0.0010#-0.2700#3.1382
114.00:hum1:5.2995#-0.8051#0.8115#-0.0000#0.1620#-3.1411
115.00:hum1:3.9910#-0.7921#0.8908#0.0083#0.7619#3.1299
116.00:hum1:2.6951#-0.7446#0.9484#-0.0074#1.0370#-3.1327
117.00:hum1:2.0211#-0.7202#0.8618#0.0836#0.5902#2.9926
118.00:hum1:1.5237#-0.7006#0.8244#-0.0205#-0.3631#3.0842
119.00:hum1:0.7859#-0.6927#0.9141#-0.0137#0.8783#-3.1234
120.00:hum1:0.1661#-0.7192#0.8048#0.0025#-0.0582#-3.0981
121.00:hum1:-0.4463#-0.7688#0.9597#-0.1660#1.0794#-2.9534
122.00:hum1:-0.4993#-0.7736#0.8168#-0.0203#0.2247#-3.0504
123.00:hum1:-0.4993#-0.7736#0.8168#-0.0203#0.2247#-3.0504
124.00:hum1:-0.4993#-0.7736#0.8168#-0.0203#0.2247#-3.0504
125.00:hum1:-0.4993#-0.7736#0.8168#-0.0203#0.2247#-3.0504
126.00:hum1:-0.4993#-0.7736#0.8168#-0.0203#0.2247#-3.0504
127.00:hum1:-0.4993#-0.7736#0.8168#-0.0203#0.2247#-3.0504
128.00:hum1:-0.4993#-0.7736#0.8168#-0.0203#0.2247#-3.0504
129.00:hum1:-0.4993#-0.7736#0.8168#-0.0203#0.2247#-3.0504
130.00:hum1:-0.4993#-0.7736#0.8168#-0.0203#0.2247#-3.0504
131.00:hum1:-0.4993#-0.7736#0.8168#-0.0203#0.2247#-3.0504
132.00:hum1:-0.4993#-0.7736#0.8168#-0.0203#0.2247#-3.0504
133.00:hum1:-0.4993#-0.7736#0.8168#-0.0203#0.2247#-3.0504
134.00:hum1:-0.4993#-0.7736#0.8168#-0.0203#0.2247#-3.0504
135.00:hum1:-0.4993#-0.7736#0.8168#-0.0203#0.2247#-3.0504
136.00:hum1:-0.4993#-0.7736#0.8168#-0.0203#0.2247#-3.0504
137.00:hum1:-0.4993#-0.7736#0.8168#-0.0203#0.2247#-3.0504
138.00:hum1:-0.4731#-0.7713#0.8025#0.0000#-0.0000#-3.0527
139.00:hum1:-0.4731#-0.7713#0.8025#0.0000#-0.0000#-3.0527
140.00:hum1:-0.4731#-0.7713#0.8025#0.0000#-0.0000#-3.0527
141.00:hum1:-0.4731#-0.7713#0.8025#0.0000#-0.0000#-3.0527
142.00:hum1:-0.5284#-0.7763#0.8281#0.0344#-0.3695#-3.0463
143.00:hum1:-1.3304#-0.8477#0.9141#-0.1062#0.8737#-3.0030