
1.00:0.2653#-1.1873#0.2401#-0.0001#-0.0023#-0.0001
2.00:0.2653#-1.1874#0.2401#-0.0001#-0.0023#-0.0001
3.00:0.2652#-1.1874#0.2401#-0.0001#-0.0021#-0.0001
4.00:0.2651#-1.1874#0.2401#-0.0001#-0.0022#-0.0001
5.00:0.2650#-1.1874#0.2401#-0.0001#-0.0022#-0.0001
6.00:0.2650#-1.1874#0.2401#-0.0001#-0.0020#-0.0002
7.00:0.2649#-1.1874#0.2401#-0.0001#-0.0021#-0.0002
8.00:0.2649#-1.1874#0.2401#-0.0001#-0.0021#-0.0002
9.00:0.2648#-1.1874#0.2401#-0.0001#-0.0021#-0.0002
10.00:0.5287#-1.1820#0.2401#0.0001#-0.0025#0.0930
11.00:1.0071#-0.8923#0.2400#0.0013#-0.0010#0.9246
12.00:1.0457#-0.8720#0.2401#0.0012#-0.0018#0.6180
13.00:1.0894#-0.8637#0.2401#0.0006#-0.0021#0.3166
14.00:1.1334#-0.8688#0.2401#-0.0001#-0.0022#0.0146
15.00:1.5547#-0.9259#0.2401#-0.0003#-0.0020#-0.1145
16.00:2.7123#-1.0566#0.2401#-0.0002#-0.0017#-0.1124
17.00:3.8747#-1.1878#0.2400#-0.0002#-0.0015#-0.1124
18.00:4.7645#-1.5043#0.2400#-0.0013#-0.0005#-1.0348
19.00:4.5087#-1.7336#0.2400#0.0005#0.0014#2.8497
20.00:4.4093#-1.6778#0.2401#0.0009#0.0019#2.7183
21.00:4.3766#-1.6504#0.2401#0.0013#0.0016#2.5106
22.00:4.3552#-1.6127#0.2401#0.0018#0.0012#2.2177
23.00:4.3461#-1.5702#0.2401#0.0021#0.0006#1.9189
24.00:4.3496#-1.5272#0.2401#0.0022#0.0000#1.6192
25.00:4.3656#-1.4869#0.2401#0.0020#-0.0006#1.3193
26.00:4.3925#-1.4535#0.2401#0.0018#-0.0012#1.0219
27.00:4.4285#-1.4296#0.2401#0.0013#-0.0017#0.7243
28.00:4.4695#-1.4166#0.2401#0.0008#-0.0020#0.4342
29.00:4.5126#-1.4162#0.2401#0.0002#-0.0022#0.1424
30.00:4.8411#-1.4293#0.2400#-0.0001#-0.0020#-0.0222
31.00:5.9942#-1.4476#0.2400#-0.0002#-0.0015#-0.0159
32.00:7.1598#-1.4662#0.2401#-0.0001#-0.0016#-0.0160
33.00:8.3254#-1.4850#0.2401#-0.0001#-0.0016#-0.0161
34.00:9.4951#-1.5039#0.2400#-0.0001#-0.0014#-0.0162
35.00:10.6606#-1.5226#0.2400#-0.0001#-0.0015#-0.0161
36.00:11.8260#-1.5411#0.2401#-0.0001#-0.0016#-0.0158
37.00:12.9014#-1.5572#0.2400#-0.0001#-0.0011#-0.0107
38.00:13.0683#-1.5474#0.2401#0.0003#-0.0021#0.1725
39.00:13.5363#-1.4202#0.2400#0.0003#-0.0015#0.2383
40.00:14.6583#-1.1481#0.2400#0.0003#-0.0014#0.2380
41.00:15.5292#-0.9359#0.2400#0.0002#-0.0010#0.2459
42.00:15.5905#-0.9342#0.2401#-0.0001#-0.0022#0.0092
43.00:16.2213#-0.9846#0.2400#-0.0002#-0.0011#-0.0764
44.00:16.5209#-1.0096#0.2401#-0.0003#-0.0018#-0.1220
45.00:16.5231#-1.0104#0.2400#-0.0003#-0.0015#-0.1402
46.00:16.5230#-1.0104#0.2400#-0.0003#-0.0015#-0.1402
47.00:16.5230#-1.0104#0.2400#-0.0003#-0.0015#-0.1401
48.00:16.5228#-1.0104#0.2400#-0.0003#-0.0016#-0.1402
49.00:16.5227#-1.0104#0.2400#-0.0003#-0.0016#-0.1401
50.00:16.5226#-1.0104#0.2400#-0.0003#-0.0017#-0.1401
51.00:16.5225#-1.0104#0.2401#-0.0003#-0.0018#-0.1401
52.00:16.5480#-1.0255#0.2401#-0.0008#-0.0020#-0.3440
53.00:16.5786#-1.0554#0.2401#-0.0014#-0.0017#-0.6396
54.00:16.5997#-1.0932#0.2401#-0.0017#-0.0012#-0.9325
55.00:16.6088#-1.1355#0.2401#-0.0021#-0.0006#-1.2284
56.00:16.6051#-1.1789#0.2401#-0.0021#0.0000#-1.5252
57.00:16.5890#-1.2192#0.2401#-0.0021#0.0006#-1.8169
58.00:16.5625#-1.2531#0.2401#-0.0018#0.0012#-2.1103
59.00:16.5266#-1.2780#0.2401#-0.0014#0.0017#-2.4070
60.00:16.4850#-1.2913#0.2401#-0.0008#0.0020#-2.7018
61.00:16.4418#-1.2918#0.2401#-0.0002#0.0022#-2.9982
62.00:16.0751#-1.2908#0.2400#0.0000#0.0018#-3.1269
63.00:15.1498#-1.3096#0.2400#0.0000#0.0010#-3.1182
64.00:15.1117#-1.3110#0.2400#0.0000#0.0016#-3.1131
65.00:15.1118#-1.3110#0.2400#0.0000#0.0015#-3.1131
66.00:14.7396#-1.3169#0.2400#0.0001#0.0018#-3.1329
67.00:13.5781#-1.3205#0.2400#0.0000#0.0014#-3.1387
68.00:12.4123#-1.3240#0.2400#0.0001#0.0014#-3.1384
69.00:11.6150#-1.3284#0.2400#0.0001#0.0011#-3.1214
70.00:11.6111#-1.3285#0.2400#0.0000#0.0016#-3.1182
71.00:11.6112#-1.3285#0.2400#0.0000#0.0017#-3.1182
72.00:11.6113#-1.3285#0.2400#0.0000#0.0017#-3.1183
73.00:11.6114#-1.3285#0.2400#0.0000#0.0016#-3.1184
74.00:11.6115#-1.3285#0.2400#0.0000#0.0016#-3.1184
75.00:11.6116#-1.3285#0.2400#0.0000#0.0016#-3.1184
76.00:11.6117#-1.3285#0.2400#0.0000#0.0017#-3.1184
77.00:11.6118#-1.3284#0.2400#0.0000#0.0015#-3.1184
78.00:11.6119#-1.3284#0.2400#0.0000#0.0015#-3.1184
79.00:11.6120#-1.3284#0.2400#0.0000#0.0017#-3.1184
80.00:11.6121#-1.3284#0.2400#0.0000#0.0017#-3.1184
81.00:11.6122#-1.3284#0.2400#0.0000#0.0016#-3.1184
82.00:11.6123#-1.3284#0.2400#0.0000#0.0017#-3.1184
83.00:11.6124#-1.3284#0.2400#0.0000#0.0016#-3.1185
84.00:11.6125#-1.3284#0.2400#0.0000#0.0016#-3.1186
85.00:11.6126#-1.3284#0.2400#0.0000#0.0017#-3.1185
86.00:11.6127#-1.3284#0.2400#0.0000#0.0016#-3.1186
87.00:11.6128#-1.3283#0.2400#0.0000#0.0015#-3.1186
88.00:11.6129#-1.3283#0.2400#0.0000#0.0017#-3.1185
89.00:11.6130#-1.3283#0.2401#0.0000#0.0017#-3.1186
90.00:11.6131#-1.3283#0.2400#0.0000#0.0017#-3.1186
91.00:11.6132#-1.3283#0.2400#0.0000#0.0016#-3.1186
92.00:11.6133#-1.3283#0.2400#0.0000#0.0016#-3.1186
93.00:11.6134#-1.3283#0.2400#0.0000#0.0016#-3.1186
94.00:11.6134#-1.3283#0.2400#0.0000#0.0016#-3.1187
95.00:11.6135#-1.3283#0.2400#0.0000#0.0016#-3.1186
96.00:11.6136#-1.3283#0.2400#0.0000#0.0016#-3.1187
97.00:11.6138#-1.3282#0.2400#0.0000#0.0016#-3.1186
98.00:11.6138#-1.3282#0.2400#0.0000#0.0016#-3.1187
99.00:11.6139#-1.3282#0.2400#0.0000#0.0016#-3.1187
100.00:11.6140#-1.3282#0.2400#0.0000#0.0015#-3.1188
101.00:11.6142#-1.3282#0.2401#0.0000#0.0018#-3.1188
102.00:11.6143#-1.3282#0.2400#0.0000#0.0017#-3.1188
103.00:11.2949#-1.3297#0.2401#0.0001#0.0019#3.1336
104.00:10.1418#-1.3058#0.2401#0.0001#0.0016#3.1205
105.00:8.9763#-1.2811#0.2400#0.0001#0.0014#3.1204
106.00:8.2921#-1.2671#0.2400#0.0001#0.0017#3.1291
107.00:8.2922#-1.2671#0.2400#0.0001#0.0015#3.1291
108.00:8.2922#-1.2671#0.2400#0.0001#0.0014#3.1290
109.00:7.6917#-1.2517#0.2400#0.0001#0.0015#3.1095
110.00:6.5266#-1.2138#0.2400#0.0001#0.0015#3.1091
111.00:5.3614#-1.1762#0.2400#0.0002#0.0014#3.1094
112.00:4.1965#-1.1388#0.2400#0.0002#0.0015#3.1092
113.00:3.0316#-1.1012#0.2400#0.0002#0.0019#3.1095
114.00:1.8626#-1.0638#0.2400#0.0001#0.0015#3.1095
115.00:0.6974#-1.0266#0.2400#0.0001#0.0013#3.1097
116.00:-0.2820#-0.9956#0.2400#0.0001#0.0011#3.1153
117.00:-0.3806#-1.0058#0.2401#-0.0005#0.0026#-2.9582
118.00:-1.1348#-1.1484#0.2400#-0.0001#0.0014#-2.9837
119.00:-2.1665#-1.3157#0.2400#-0.0001#0.0010#-2.9626
120.00:-2.2726#-1.3392#0.2400#-0.0003#0.0014#-2.9044
121.00:-2.2725#-1.3392#0.2400#-0.0003#0.0014#-2.9044
122.00:-2.2724#-1.3391#0.2400#-0.0003#0.0016#-2.9044
123.00:-2.2724#-1.3391#0.2400#-0.0003#0.0015#-2.9044
124.00:-2.2723#-1.3390#0.2400#-0.0003#0.0016#-2.9044
125.00:-2.2722#-1.3390#0.2400#-0.0003#0.0015#-2.9045
126.00:-2.2721#-1.3389#0.2400#-0.0003#0.0016#-2.9046
127.00:-2.2720#-1.3389#0.2400#-0.0003#0.0016#-2.9046
128.00:-2.2719#-1.3388#0.2400#-0.0003#0.0015#-2.9047
129.00:-2.2718#-1.3388#0.2400#-0.0003#0.0016#-2.9047
130.00:-2.2718#-1.3387#0.2400#-0.0003#0.0016#-2.9047
131.00:-2.2717#-1.3386#0.2400#-0.0003#0.0016#-2.9047
132.00:-2.2716#-1.3386#0.2400#-0.0003#0.0017#-2.9047
133.00:-2.2715#-1.3385#0.2400#-0.0003#0.0016#-2.9047
134.00:-2.2714#-1.3385#0.2400#-0.0003#0.0017#-2.9047
135.00:-2.2713#-1.3384#0.2400#-0.0003#0.0015#-2.9047
136.00:-2.2712#-1.3384#0.2400#-0.0003#0.0016#-2.9047
137.00:-2.2711#-1.3383#0.2400#-0.0003#0.0016#-2.9047
138.00:-2.2711#-1.3383#0.2400#-0.0003#0.0016#-2.9047
139.00:-2.2710#-1.3382#0.2400#-0.0003#0.0016#-2.9048
140.00:-2.2709#-1.3382#0.2400#-0.0003#0.0017#-2.9048
141.00:-2.2708#-1.3381#0.2400#-0.0003#0.0016#-2.9049
142.00:-2.2707#-1.3381#0.2400#-0.0003#0.0017#-2.9048
143.00:-2.2706#-1.3380#0.2400#-0.0003#0.0017#-2.9048