
1.00:hum1:3.8000#2.2500#0.8025#-0.0000#-0.0000#-1.5708
2.00:hum1:3.8000#2.2500#0.8025#-0.0000#-0.0000#-1.5708
3.00:hum1:3.8000#2.2500#0.8025#-0.0000#-0.0000#-1.5708
4.00:hum1:3.8000#2.2500#0.8025#-0.0000#-0.0000#-1.5708
5.00:hum1:3.8000#2.2500#0.8025#-0.0000#-0.0000#-1.5708
6.00:hum1:3.8000#2.2500#0.8025#-0.0000#-0.0000#-1.5708
7.00:hum1:3.8000#2.2500#0.8025#-0.0000#-0.0000#-1.5708
8.00:hum1:3.8000#2.2500#0.8025#-0.0000#-0.0000#-1.5708
9.00:hum1:3.8000#2.2500#0.8025#-0.0000#-0.0000#-1.5708
10.00:hum1:3.8000#2.2500#0.8025#-0.0000#-0.0000#-1.5708
11.00:hum1:4.7119#1.7339#0.9598#-0.5909#-0.9765#-0.6802
12.00:hum1:5.4794#1.4307#0.8025#0.0000#0.0000#-0.5206
13.00:hum1:5.7162#1.3198#0.8025#0.0000#0.0000#-0.4345
14.00:hum1:6.1707#1.1110#0.8025#0.0000#0.0000#-0.4307
15.00:hum1:6.5012#0.9627#0.8025#0.0000#0.0000#-0.4218
16.00:hum1:7.7116#0.4824#0.8161#0.0922#0.2872#-0.3151
17.00:hum1:11.6558#-0.6896#0.9597#-0.4307#-1.0332#-0.4908
18.00:hum1:13.6479#2.0410#0.8215#-0.2629#0.1771#0.9913
19.00:hum1:13.0939#3.5666#0.8763#-0.3227#0.6121#-2.6142
20.00:hum1:12.3154#3.2146#0.8025#0.0000#-0.0000#-2.7170
21.00:hum1:12.3026#2.6654#0.8025#0.0000#0.0000#-1.0955
22.00:hum1:13.8757#-0.4430#0.9598#-1.0328#-0.4338#-1.3247
23.00:hum1:14.2910#1.7998#0.8908#0.7514#0.1412#1.7207
24.00:hum1:15.1973#4.5528#0.8466#0.4493#-0.2141#1.1561
25.00:hum1:16.2466#6.6507#0.8025#-0.0000#0.0000#1.1070
26.00:hum1:16.7717#8.6538#0.8025#0.0000#-0.0000#-1.7919
27.00:hum1:15.9344#7.2497#0.9598#-1.0239#0.4644#-1.8367
28.00:hum1:15.6783#4.4562#0.8908#-0.7618#-0.0197#-1.5498
29.00:hum1:15.7510#1.9331#0.8025#0.0000#0.0000#-1.5420
30.00:hum1:16.2626#0.2806#0.8262#0.3278#0.0260#1.6473
31.00:hum1:16.5141#3.2817#0.8721#0.6548#-0.0634#1.4888
32.00:hum1:16.2346#1.3638#0.9484#-1.0368#-0.0231#-1.5568
33.00:hum1:16.3017#3.8747#0.8215#-0.3108#-0.0569#1.7463
34.00:hum1:15.1648#5.6940#0.8116#0.1860#-0.0575#-1.8666
35.00:hum1:15.8748#2.8191#0.8102#-0.0887#-0.0657#-0.9347
36.00:hum1:16.4166#2.0899#0.8025#0.0000#0.0000#-0.9318
37.00:hum1:16.7535#2.3631#0.8025#-0.0000#-0.0000#2.6108
38.00:hum1:16.4224#1.6740#0.8025#0.0000#0.0000#-1.4726
39.00:hum1:16.7265#1.9702#0.8025#-0.0000#-0.0000#2.4931
40.00:hum1:16.3770#1.3131#0.8025#0.0000#0.0000#-1.4552
41.00:hum1:16.6428#1.5692#0.8025#-0.0000#-0.0000#2.3660
42.00:hum1:16.2565#1.0819#0.8025#0.0000#0.0000#-1.4391
43.00:hum1:16.7066#1.4211#0.8025#-0.0000#-0.0000#1.7366
44.00:hum1:16.2903#0.8838#0.8025#0.0000#0.0000#-1.4033
45.00:hum1:16.6390#1.1879#0.8025#-0.0000#-0.0000#2.2920
46.00:hum1:16.3716#0.1466#0.8025#0.0000#0.0000#-1.2831
47.00:hum1:16.3890#0.9520#0.9413#0.9058#0.5169#1.9408
48.00:hum1:14.7973#3.8758#0.8267#-0.3545#-0.1178#1.8785
49.00:hum1:13.7476#6.9517#0.8025#-0.0000#-0.0000#1.8997
50.00:hum1:13.7476#6.9517#0.8025#-0.0000#-0.0000#1.8997
51.00:hum1:13.7476#6.9517#0.8025#-0.0000#-0.0000#1.8997
52.00:hum1:13.7476#6.9517#0.8025#-0.0000#-0.0000#1.8997
53.00:hum1:13.7476#6.9517#0.8025#-0.0000#-0.0000#1.8997
54.00:hum1:13.7476#6.9517#0.8025#-0.0000#-0.0000#1.8997
55.00:hum1:13.7476#6.9517#0.8025#-0.0000#-0.0000#1.8997
56.00:hum1:13.7476#6.9517#0.8025#-0.0000#-0.0000#1.8997
57.00:hum1:13.7476#6.9517#0.8025#-0.0000#-0.0000#1.8997
58.00:hum1:13.7476#6.9517#0.8025#-0.0000#-0.0000#1.8997
59.00:hum1:13.2924#6.6621#0.8115#-0.1598#-0.0265#-1.4078
60.00:hum1:13.2496#5.4383#0.8908#-0.7584#0.0822#-1.6569
61.00:hum1:13.1058#4.1390#0.9484#-1.0361#0.0558#-1.6035
62.00:hum1:13.0140#3.0627#0.8374#-0.4246#0.0349#-1.6474
63.00:hum1:12.9001#2.0824#0.8081#0.1277#-0.0089#-1.6393
64.00:hum1:12.8094#0.9549#0.8281#0.3697#-0.0316#-1.6517
65.00:hum1:13.2446#-0.3473#0.8120#0.1781#0.2040#-0.7263
66.00:hum1:12.4765#-0.1352#0.8115#-0.0113#0.1616#-3.0711
67.00:hum1:11.1869#-0.1434#0.8908#0.0068#0.7620#3.1321
68.00:hum1:9.8855#-0.1171#0.9484#-0.0433#1.0364#-3.0909
69.00:hum1:8.8022#-0.1354#0.8374#-0.0078#0.4259#-3.1223
70.00:hum1:7.8140#-0.1368#0.8081#0.0047#-0.1279#-3.1043
71.00:hum1:6.6751#-0.1502#0.8281#0.0193#-0.3705#-3.0880
72.00:hum1:5.3856#-0.2056#0.8120#0.0145#-0.2696#-3.0868
73.00:hum1:4.1745#-0.2591#0.8025#0.0000#-0.0000#-3.0665
74.00:hum1:3.4042#-0.3110#0.8204#0.0292#-0.3312#-3.0518
75.00:hum1:2.3835#-0.3920#0.8244#0.0377#-0.3617#-3.0351
76.00:hum1:1.3582#-0.4778#0.8025#0.0000#-0.0000#-3.0153
77.00:hum1:0.4292#-0.5888#0.8071#0.0012#-0.0079#-2.9928
78.00:hum1:-0.6364#-0.7535#0.8102#-0.0197#0.1086#-2.9618
79.00:hum1:-1.5775#-0.8886#0.8025#0.0000#-0.0000#-3.0075
80.00:hum1:-2.7017#-1.0402#0.9484#-0.2220#1.0220#-2.8826
81.00:hum1:-3.7146#-1.1768#0.9597#-0.2485#1.0700#-2.8596
82.00:hum1:-3.7015#-1.1751#0.8025#0.0000#-0.0000#-3.0075
83.00:hum1:-3.7015#-1.1751#0.8025#0.0000#-0.0000#-3.0075
84.00:hum1:-3.7015#-1.1751#0.8025#0.0000#-0.0000#-3.0075
85.00:hum1:-3.7015#-1.1751#0.8025#0.0000#-0.0000#-3.0075
86.00:hum1:-3.7015#-1.1751#0.8025#0.0000#-0.0000#-3.0075
87.00:hum1:-3.7015#-1.1751#0.8025#0.0000#-0.0000#-3.0075
88.00:hum1:-3.7015#-1.1751#0.8025#0.0000#-0.0000#-3.0075
89.00:hum1:-3.7015#-1.1751#0.8025#0.0000#-0.0000#-3.0075