
1.00:0.2653#-1.1873#0.2401#-0.0001#-0.0023#-0.0001
2.00:0.2653#-1.1874#0.2401#-0.0001#-0.0023#-0.0001
3.00:0.2652#-1.1874#0.2401#-0.0001#-0.0021#-0.0001
4.00:0.2651#-1.1874#0.2401#-0.0001#-0.0022#-0.0001
5.00:0.2650#-1.1874#0.2401#-0.0001#-0.0022#-0.0001
6.00:0.2650#-1.1874#0.2401#-0.0001#-0.0020#-0.0002
7.00:0.2649#-1.1874#0.2401#-0.0001#-0.0021#-0.0002
8.00:0.2649#-1.1874#0.2401#-0.0001#-0.0021#-0.0002
9.00:0.2957#-1.1875#0.2401#-0.0001#-0.0033#-0.0026
10.00:0.9358#-0.9616#0.2400#0.0008#-0.0010#0.7558
11.00:1.0140#-0.8724#0.2401#0.0014#-0.0017#0.7453
12.00:1.0560#-0.8593#0.2401#0.0008#-0.0021#0.4391
13.00:1.1008#-0.8585#0.2401#0.0002#-0.0023#0.1355
14.00:1.1930#-0.8762#0.2401#-0.0004#-0.0021#-0.1396
15.00:2.1761#-1.0078#0.2400#-0.0003#-0.0016#-0.1281
16.00:3.3324#-1.1562#0.2401#-0.0003#-0.0017#-0.1277
17.00:4.0645#-1.5580#0.2400#-0.0015#0.0001#-1.4556
18.00:3.7569#-1.6656#0.2400#0.0007#0.0014#2.6907
19.00:3.7024#-1.6144#0.2401#0.0016#0.0014#2.3686
20.00:3.6855#-1.5736#0.2401#0.0020#0.0010#2.0831
21.00:3.6814#-1.5299#0.2401#0.0020#0.0003#1.7920
22.00:3.6898#-1.4872#0.2401#0.0021#-0.0003#1.4997
23.00:3.7106#-1.4483#0.2401#0.0020#-0.0009#1.2045
24.00:3.7421#-1.4175#0.2401#0.0017#-0.0015#0.9058
25.00:3.7805#-1.3971#0.2401#0.0012#-0.0018#0.6115
26.00:3.8230#-1.3893#0.2401#0.0006#-0.0021#0.3144
27.00:3.8659#-1.3944#0.2401#-0.0001#-0.0026#0.0234
28.00:4.6223#-1.4249#0.2400#-0.0001#-0.0014#-0.0346
29.00:5.7913#-1.4654#0.2400#-0.0001#-0.0014#-0.0347
30.00:6.7430#-1.6832#0.2400#-0.0011#-0.0006#-0.8386
31.00:6.4590#-1.8879#0.2400#0.0014#0.0010#2.3209
32.00:6.7545#-1.7298#0.2400#-0.0015#-0.0008#-0.8982
33.00:6.4336#-1.8614#0.2401#0.0017#0.0010#2.1438
34.00:6.7331#-1.7352#0.2400#-0.0018#-0.0010#-0.9692
35.00:6.6875#-1.9662#0.2400#-0.0014#0.0007#-2.0332
36.00:6.6818#-2.0183#0.2401#-0.0022#0.0004#-1.7511
37.00:6.6917#-2.0697#0.2401#-0.0021#-0.0002#-1.4619
38.00:6.7170#-2.1180#0.2401#-0.0020#-0.0008#-1.1651
39.00:6.7543#-2.1561#0.2401#-0.0017#-0.0014#-0.8683
40.00:6.8017#-2.1814#0.2401#-0.0012#-0.0018#-0.5690
41.00:6.8553#-2.1925#0.2401#-0.0006#-0.0021#-0.2733
42.00:6.9097#-2.1873#0.2401#0.0000#-0.0021#0.0193
43.00:6.9620#-2.1665#0.2401#0.0006#-0.0020#0.3124
44.00:7.3605#-1.9897#0.2401#0.0008#-0.0021#0.3833
45.00:8.4424#-1.5575#0.2400#0.0005#-0.0015#0.3802
46.00:9.5249#-1.1253#0.2400#0.0005#-0.0015#0.3801
47.00:10.6073#-0.6928#0.2401#0.0006#-0.0017#0.3803
48.00:11.6935#-0.2586#0.2400#0.0005#-0.0013#0.3805
49.00:12.7759#0.1744#0.2400#0.0004#-0.0014#0.3807
50.00:13.7650#0.4008#0.2400#-0.0005#-0.0011#-0.3066
51.00:13.6647#0.0656#0.2400#0.0006#0.0018#2.9389
52.00:13.8218#0.3673#0.2400#-0.0006#-0.0015#-0.3132
53.00:13.6300#0.0837#0.2400#0.0007#0.0013#2.7412
54.00:13.8448#0.3474#0.2400#-0.0009#-0.0015#-0.5010
55.00:13.6027#0.1114#0.2400#0.0011#0.0012#2.5241
56.00:13.8673#0.3273#0.2400#-0.0011#-0.0012#-0.7087
57.00:13.5803#0.1452#0.2400#0.0014#0.0011#2.3168
58.00:13.8841#0.2986#0.2400#-0.0012#-0.0008#-0.9288
59.00:13.5719#0.1762#0.2400#0.0013#0.0008#2.1041
60.00:13.7015#0.3766#0.2400#0.0009#-0.0016#0.5791
61.00:13.7380#0.4207#0.2401#0.0016#-0.0015#0.8441
62.00:13.7573#0.4713#0.2401#0.0020#-0.0009#1.1354
63.00:13.7612#0.5252#0.2401#0.0022#-0.0003#1.4279
64.00:13.7615#0.5774#0.2401#0.0022#-0.0002#1.5129
65.00:13.7807#0.7390#0.2400#0.0014#-0.0003#1.4035
66.00:13.7806#0.7389#0.2400#0.0016#-0.0003#1.4034
67.00:13.7806#0.7388#0.2400#0.0016#-0.0003#1.4035
68.00:13.7748#0.7752#0.2401#0.0021#0.0000#1.5997
69.00:13.7541#0.8259#0.2401#0.0021#0.0006#1.8907
70.00:13.7195#0.8690#0.2401#0.0018#0.0012#2.1796
71.00:13.6745#0.9001#0.2401#0.0014#0.0017#2.4698
72.00:13.6219#0.9173#0.2401#0.0009#0.0020#2.7576
73.00:13.5665#0.9187#0.2401#0.0002#0.0022#3.0459
74.00:13.1105#0.8774#0.2401#-0.0001#0.0018#-3.0504
75.00:11.9497#0.7702#0.2400#-0.0001#0.0015#-3.0494
76.00:10.7888#0.6628#0.2400#-0.0001#0.0016#-3.0490
77.00:9.6282#0.5550#0.2400#-0.0001#0.0014#-3.0486
78.00:8.4675#0.4466#0.2400#-0.0000#0.0014#-3.0483
79.00:7.3072#0.3380#0.2401#-0.0001#0.0016#-3.0480
80.00:6.1426#0.2285#0.2400#-0.0001#0.0015#-3.0479
81.00:4.9857#0.1198#0.2400#-0.0001#0.0016#-3.0472
82.00:3.8253#0.0098#0.2400#-0.0001#0.0013#-3.0470
83.00:2.6610#-0.1007#0.2400#-0.0001#0.0016#-3.0469
84.00:1.5004#-0.2114#0.2400#-0.0000#0.0014#-3.0465
85.00:0.3400#-0.3225#0.2400#-0.0001#0.0014#-3.0457
86.00:-0.7936#-0.4324#0.2400#-0.0000#0.0010#-3.0406
87.00:-1.0661#-0.4753#0.2401#-0.0006#0.0020#-2.8468
88.00:-1.6892#-0.6944#0.2400#-0.0003#0.0013#-2.8310
89.00:-2.2871#-0.8967#0.2400#-0.0006#0.0016#-2.7529