
1.00:hum1:-0.2750#-0.5250#0.8025#-0.0000#0.0000#-0.0000
2.00:hum1:-0.2750#-0.5250#0.8025#-0.0000#0.0000#-0.0000
3.00:hum1:-0.2750#-0.5250#0.8025#-0.0000#0.0000#-0.0000
4.00:hum1:-0.2750#-0.5250#0.8025#-0.0000#0.0000#-0.0000
5.00:hum1:-0.2750#-0.5250#0.8025#-0.0000#0.0000#-0.0000
6.00:hum1:-0.2750#-0.5250#0.8025#-0.0000#0.0000#-0.0000
7.00:hum1:0.5054#-0.6696#0.8102#-0.0112#-0.1098#-0.1018
8.00:hum1:1.5626#-0.7945#0.8168#-0.0260#-0.2241#-0.1162
9.00:hum1:2.6170#-0.9241#0.8262#-0.0341#-0.3271#-0.1054
10.00:hum1:3.6406#-1.0244#0.8025#0.0000#0.0000#-0.0536
11.00:hum1:4.6571#-1.1314#0.8081#0.0060#0.1279#-0.0464
12.00:hum1:5.7805#-1.2339#0.8281#0.0294#0.3699#-0.0808
13.00:hum1:7.0699#-1.3360#0.8120#0.0172#0.2695#-0.0641
14.00:hum1:8.3782#-1.4148#0.8115#-0.0078#-0.1618#-0.0482
15.00:hum1:9.6922#-1.4703#0.8908#-0.0262#-0.7616#-0.0376
16.00:hum1:10.7318#-1.4844#0.8025#-0.0000#0.0000#0.0200
17.00:hum1:11.3290#-2.4015#0.9597#-0.9808#-0.5800#-1.2188
18.00:hum1:12.5501#-2.1517#0.9598#0.6061#-0.9695#0.6993
19.00:hum1:13.4734#-1.7896#0.9377#0.5067#-0.8909#0.6202
20.00:hum1:13.5856#-1.8362#0.9141#-0.8626#0.1928#-1.7331
21.00:hum1:13.4017#-2.8777#0.8025#0.0000#-0.0000#-1.6660
22.00:hum1:13.5557#-4.2130#0.9484#-1.0069#-0.3110#-1.3793
23.00:hum1:14.7781#-3.8147#0.9597#0.7937#-0.8451#0.9368
24.00:hum1:15.6299#-3.2756#0.9598#0.7942#-0.8454#0.9372
25.00:hum1:16.4676#-2.7455#0.9377#0.6822#-0.7838#0.8556
26.00:hum1:16.5103#-2.7184#0.8025#-0.0000#0.0000#0.5642
27.00:hum1:16.5779#-2.6756#0.8025#-0.0000#0.0000#0.5642
28.00:hum1:16.6455#-2.6328#0.8025#-0.0000#0.0000#0.5642
29.00:hum1:16.7820#-2.5464#0.8025#-0.0000#0.0000#0.5642
30.00:hum1:16.8997#-2.4720#0.8025#-0.0000#0.0000#0.5642
31.00:hum1:16.8997#-2.4720#0.8025#-0.0000#0.0000#0.5642
32.00:hum1:16.9956#-2.4112#0.8025#-0.0000#0.0000#0.5642
33.00:hum1:17.4952#-2.0950#0.8215#-0.1729#0.2656#0.5874
34.00:hum1:18.2542#-1.2586#0.8171#-0.2439#0.1194#1.1246
35.00:hum1:18.5322#-0.2184#0.8153#-0.2446#0.0350#1.4317
36.00:hum1:18.7209#1.0880#0.8025#-0.0000#0.0000#1.4274
37.00:hum1:18.7555#2.0193#0.8267#-0.3726#0.0131#1.5376
38.00:hum1:18.8294#4.0876#0.8102#0.1103#-0.0040#1.5354
39.00:hum1:18.8332#4.1961#0.8215#-0.3156#0.0112#1.5369
40.00:hum1:18.3750#4.6735#0.4025#0.0000#0.0000#-1.5700
41.00:hum1:18.3750#4.6735#0.4025#0.0000#0.0000#-1.5700
42.00:hum1:18.3750#4.6735#0.4025#0.0000#0.0000#-1.5700
43.00:hum1:18.3750#4.6735#0.4025#0.0000#0.0000#-1.5700
44.00:hum1:18.3750#4.6735#0.4025#0.0000#0.0000#-1.5700
45.00:hum1:18.3750#4.6735#0.4025#0.0000#0.0000#-1.5700
46.00:hum1:18.3750#4.6735#0.4025#0.0000#0.0000#-1.5700
47.00:hum1:18.3750#4.6735#0.4025#0.0000#0.0000#-1.5700
48.00:hum1:18.3750#4.6735#0.4025#0.0000#0.0000#-1.5700
49.00:hum1:18.3750#4.6735#0.4025#0.0000#0.0000#-1.5700
50.00:hum1:18.3750#4.6735#0.4025#0.0000#0.0000#-1.5700
51.00:hum1:18.3750#4.6735#0.4025#0.0000#0.0000#-1.5700
52.00:hum1:18.3750#4.6735#0.4025#0.0000#0.0000#-1.5700
53.00:hum1:18.3750#4.6735#0.4025#0.0000#0.0000#-1.5700
54.00:hum1:18.3750#4.6735#0.4025#0.0000#0.0000#-1.5700
55.00:hum1:18.3750#4.6735#0.4025#0.0000#0.0000#-1.5700
56.00:hum1:18.3750#4.6735#0.4025#0.0000#0.0000#-1.5700
57.00:hum1:18.3750#4.6735#0.4025#0.0000#0.0000#-1.5700
58.00:hum1:18.3750#4.6735#0.4025#0.0000#0.0000#-1.5700
59.00:hum1:18.3750#4.6735#0.4025#0.0000#0.0000#-1.5700
60.00:hum1:18.3752#4.0270#0.8120#0.2700#0.0001#-1.5700
61.00:hum1:18.3752#3.8975#0.8025#0.0000#0.0000#-1.5700
62.00:hum1:18.1404#0.4650#0.8763#-0.6821#0.0118#-1.5850
63.00:hum1:16.3318#-1.7128#0.8273#-0.2867#0.1879#-2.1352
64.00:hum1:14.6982#-4.2012#0.8044#-0.0062#0.0037#-2.1098
65.00:hum1:14.2026#-5.0314#0.8069#-0.0706#0.0421#-2.1067
66.00:hum1:13.8912#-5.5557#0.9413#-0.9341#0.4456#-1.8790
67.00:hum1:13.9835#-5.4004#0.8025#0.0000#-0.0000#-2.1066
68.00:hum1:13.9835#-5.4004#0.8025#0.0000#-0.0000#-2.1066
69.00:hum1:13.9835#-5.4004#0.8025#0.0000#-0.0000#-2.1066
70.00:hum1:13.9835#-5.4004#0.8025#0.0000#-0.0000#-2.1066
71.00:hum1:13.9835#-5.4004#0.8025#0.0000#-0.0000#-2.1066
72.00:hum1:13.9835#-5.4004#0.8025#0.0000#-0.0000#-2.1066
73.00:hum1:13.9835#-5.4004#0.8025#0.0000#-0.0000#-2.1066
74.00:hum1:13.9835#-5.4004#0.8025#0.0000#-0.0000#-2.1066
75.00:hum1:13.9835#-5.4004#0.8025#0.0000#-0.0000#-2.1066
76.00:hum1:13.9835#-5.4004#0.8025#0.0000#-0.0000#-2.1066
77.00:hum1:13.9835#-5.4004#0.8025#0.0000#-0.0000#-2.1066
78.00:hum1:13.9835#-5.4004#0.8025#0.0000#-0.0000#-2.1066
79.00:hum1:13.9835#-5.4004#0.8025#0.0000#-0.0000#-2.1066
80.00:hum1:13.9835#-5.4004#0.8025#0.0000#-0.0000#-2.1066
81.00:hum1:13.9835#-5.4004#0.8025#0.0000#-0.0000#-2.1066
82.00:hum1:13.9835#-5.4004#0.8025#0.0000#-0.0000#-2.1066
83.00:hum1:13.9835#-5.4004#0.8025#0.0000#-0.0000#-2.1066
84.00:hum1:13.9835#-5.4004#0.8025#0.0000#-0.0000#-2.1066
85.00:hum1:13.9835#-5.4004#0.8025#0.0000#-0.0000#-2.1066
86.00:hum1:13.9835#-5.4004#0.8025#0.0000#-0.0000#-2.1066
87.00:hum1:13.9835#-5.4004#0.8025#0.0000#-0.0000#-2.1066