
1.00:hum1:-0.2750#-0.5250#0.8025#-0.0000#0.0000#-0.0000
2.00:hum1:-0.2750#-0.5250#0.8025#-0.0000#0.0000#-0.0000
3.00:hum1:-0.2750#-0.5250#0.8025#-0.0000#0.0000#-0.0000
4.00:hum1:-0.2750#-0.5250#0.8025#-0.0000#0.0000#-0.0000
5.00:hum1:-0.2750#-0.5250#0.8025#-0.0000#0.0000#-0.0000
6.00:hum1:-0.2750#-0.5250#0.8025#-0.0000#0.0000#-0.0000
7.00:hum1:-0.2750#-0.5250#0.8025#-0.0000#0.0000#-0.0000
8.00:hum1:-0.2750#-0.5250#0.8025#-0.0000#0.0000#-0.0000
9.00:hum1:-0.2750#-0.5250#0.8025#-0.0000#0.0000#-0.0000
10.00:hum1:-0.2750#-0.5250#0.8025#-0.0000#0.0000#-0.0000
11.00:hum1:-0.2750#-0.5250#0.8025#-0.0000#0.0000#-0.0000
12.00:hum1:-0.2750#-0.5250#0.8025#-0.0000#0.0000#-0.0000
13.00:hum1:-0.2750#-0.5250#0.8025#-0.0000#0.0000#-0.0000
14.00:hum1:0.5304#-0.6722#0.8262#-0.0345#-0.3270#-0.1068
15.00:hum1:1.5726#-0.8209#0.8374#-0.0454#-0.4237#-0.1098
16.00:hum1:2.6165#-0.9653#0.8496#-0.0503#-0.5137#-0.1017
17.00:hum1:3.6689#-1.0868#0.8721#-0.0657#-0.6546#-0.1073
18.00:hum1:4.6795#-1.1991#0.8102#-0.0081#-0.1101#-0.0731
19.00:hum1:7.5677#-1.3821#0.8273#-0.0059#-0.3413#-0.0173
20.00:hum1:11.0139#-1.4845#0.8262#0.0091#-0.3287#0.0285
21.00:hum1:12.6450#-3.3359#0.8067#0.1333#0.0814#-1.0253
22.00:hum1:14.8001#-4.1632#0.8204#-0.1998#0.2675#0.6542
23.00:hum1:16.8071#-2.7084#0.8025#-0.0000#0.0000#0.6272
24.00:hum1:16.9042#-2.6380#0.8025#-0.0000#0.0000#0.6272
25.00:hum1:17.0985#-2.4971#0.8025#-0.0000#0.0000#0.6272
26.00:hum1:17.3086#-2.3449#0.8071#-0.0047#0.0065#0.6272
27.00:hum1:18.6950#0.3925#0.8025#-0.0000#0.0000#1.4740
28.00:hum1:18.8350#3.9469#0.8025#-0.0000#0.0000#1.5500
29.00:hum1:18.8375#4.0671#0.8067#-0.1560#0.0033#1.5502
30.00:hum1:18.3750#4.6735#0.4025#0.0000#0.0000#-1.5700
31.00:hum1:18.3750#4.6735#0.4025#0.0000#0.0000#-1.5700
32.00:hum1:18.3750#4.6735#0.4025#0.0000#0.0000#-1.5700
33.00:hum1:18.3750#4.6735#0.4025#0.0000#0.0000#-1.5700
34.00:hum1:18.3750#4.6735#0.4025#0.0000#0.0000#-1.5700
35.00:hum1:18.3750#4.6735#0.4025#0.0000#0.0000#-1.5700
36.00:hum1:18.3750#4.6735#0.4025#0.0000#0.0000#-1.5700
37.00:hum1:18.3750#4.6735#0.4025#0.0000#0.0000#-1.5700
38.00:hum1:18.3750#4.6735#0.4025#0.0000#0.0000#-1.5700
39.00:hum1:18.3750#4.6735#0.4025#0.0000#0.0000#-1.5700
40.00:hum1:18.3750#4.6735#0.4025#0.0000#0.0000#-1.5700
41.00:hum1:18.3750#4.6735#0.4025#0.0000#0.0000#-1.5700
42.00:hum1:18.3750#4.6735#0.4025#0.0000#0.0000#-1.5700
43.00:hum1:18.3750#4.6735#0.4025#0.0000#0.0000#-1.5700
44.00:hum1:18.3750#4.6735#0.4025#0.0000#0.0000#-1.5700
45.00:hum1:18.3750#4.6735#0.4025#0.0000#0.0000#-1.5700
46.00:hum1:18.3750#4.6735#0.4025#0.0000#0.0000#-1.5700
47.00:hum1:18.3751#3.9608#0.8466#-0.4946#-0.0002#-1.5700
48.00:hum1:18.1530#1.4809#0.8204#0.3324#-0.0051#-1.5853
49.00:hum1:16.8792#-0.7701#0.8025#0.0000#-0.0000#-2.1393
50.00:hum1:16.7766#-0.9213#0.8025#0.0000#-0.0000#-2.1665
51.00:hum1:16.5751#-1.2207#0.8025#0.0000#-0.0000#-2.1631
52.00:hum1:16.0988#-1.9398#0.8496#-0.4417#0.2760#-2.0932
53.00:hum1:15.6684#-4.6076#0.9413#-0.9594#-0.3638#-1.3260
54.00:hum1:14.3239#-5.0617#0.8120#0.1556#-0.2216#-2.5215
55.00:hum1:13.7733#-5.4460#0.9377#-0.7169#0.7536#-2.2360
56.00:hum1:13.9206#-5.3428#0.8025#0.0000#-0.0000#-2.5304
57.00:hum1:13.9206#-5.3428#0.8025#0.0000#-0.0000#-2.5304
58.00:hum1:13.9206#-5.3428#0.8025#0.0000#-0.0000#-2.5304
59.00:hum1:13.9206#-5.3428#0.8025#0.0000#-0.0000#-2.5304
60.00:hum1:13.9206#-5.3428#0.8025#0.0000#-0.0000#-2.5304
61.00:hum1:13.9206#-5.3428#0.8025#0.0000#-0.0000#-2.5304
62.00:hum1:13.9206#-5.3428#0.8025#0.0000#-0.0000#-2.5304
63.00:hum1:13.9206#-5.3428#0.8025#0.0000#-0.0000#-2.5304
64.00:hum1:13.9206#-5.3428#0.8025#0.0000#-0.0000#-2.5304