
1.00:hum1:-5.5750#-1.5000#0.8025#-0.0000#0.0000#-0.0000
2.00:hum1:-5.5750#-1.5000#0.8025#-0.0000#0.0000#-0.0000
3.00:hum1:-5.5750#-1.5000#0.8025#-0.0000#0.0000#-0.0000
4.00:hum1:-5.5750#-1.5000#0.8025#-0.0000#0.0000#-0.0000
5.00:hum1:-5.5750#-1.5000#0.8025#-0.0000#0.0000#-0.0000
6.00:hum1:-5.5750#-1.5000#0.8025#-0.0000#0.0000#-0.0000
7.00:hum1:-5.5750#-1.5000#0.8025#-0.0000#0.0000#-0.0000
8.00:hum1:-5.5750#-1.5000#0.8025#-0.0000#0.0000#-0.0000
9.00:hum1:-5.5750#-1.5000#0.8025#-0.0000#0.0000#-0.0000
10.00:hum1:-5.5750#-1.5000#0.8025#-0.0000#0.0000#-0.0000
11.00:hum1:-5.5750#-1.5000#0.8025#-0.0000#0.0000#-0.0000
12.00:hum1:-5.5750#-1.5000#0.8025#-0.0000#0.0000#-0.0000
13.00:hum1:-5.5750#-1.5000#0.8025#-0.0000#0.0000#-0.0000
14.00:hum1:-4.6869#-1.3931#0.9191#0.1522#-0.8923#0.1948
15.00:hum1:-3.8264#-1.2877#0.9377#0.1823#-0.9777#0.2191
16.00:hum1:-3.7234#-1.2751#0.9597#0.2268#-1.0729#0.2572
17.00:hum1:-3.6596#-1.2673#0.9413#0.1886#-0.9931#0.2243
18.00:hum1:-3.6511#-1.2662#0.8721#0.0933#-0.6517#0.1535
19.00:hum1:-2.5993#-1.1374#0.9191#0.1522#-0.8923#0.1948
20.00:hum1:-1.5831#-1.0129#0.8168#0.0278#-0.2239#0.1250
21.00:hum1:-0.5920#-0.8914#0.8153#-0.0306#0.2452#0.1256
22.00:hum1:0.6163#-0.7434#0.8244#-0.0461#0.3608#0.1303
23.00:hum1:1.6166#-0.6209#0.8267#-0.0474#0.3699#0.1307
24.00:hum1:2.6211#-0.4978#0.8281#-0.0471#0.3682#0.1306
25.00:hum1:3.6435#-0.3726#0.8215#-0.0396#0.3134#0.1281
26.00:hum1:4.6688#-0.2470#0.8171#-0.0337#0.2690#0.1264
27.00:hum1:5.6708#-0.1243#0.8153#-0.0306#0.2452#0.1256
28.00:hum1:6.7311#0.0056#0.8071#-0.0010#0.0080#0.1219
29.00:hum1:7.7551#0.1310#0.8081#-0.0156#0.1271#0.1229
30.00:hum1:8.8838#0.2693#0.8281#-0.0471#0.3682#0.1306
31.00:hum1:9.3347#0.3596#0.8120#0.2465#-0.1114#-1.9867
32.00:hum1:9.0800#-1.0045#0.8115#-0.1619#-0.0054#-1.5377
33.00:hum1:9.1240#-2.3151#0.8908#-0.7617#-0.0230#-1.5464
34.00:hum1:9.1340#-2.6113#0.8281#0.3708#0.0120#-1.5395
35.00:hum1:9.1400#-2.7898#0.8161#0.3011#0.0099#-1.5387
36.00:hum1:9.4857#-3.1618#0.8067#-0.0687#0.1402#0.4581
37.00:hum1:10.0303#-3.0237#0.9598#0.3984#-1.0420#0.4540
38.00:hum1:11.1719#-2.6679#0.8721#0.2518#-0.6139#0.4204
39.00:hum1:12.1468#-2.3533#0.8102#0.0412#-0.1024#0.3835
40.00:hum1:13.1428#-1.9798#0.8171#-0.1100#0.2482#0.4230
41.00:hum1:13.6748#-1.6237#0.8204#0.3065#-0.1307#-1.9611
42.00:hum1:14.0165#-2.6900#0.8044#0.0020#-0.0069#0.2824
43.00:hum1:15.2600#-2.3293#0.8618#0.1863#-0.5689#0.3370
44.00:hum1:16.5300#-1.9609#0.9598#0.4873#-1.0166#0.5577
45.00:hum1:16.6339#-1.9307#0.8496#0.1566#-0.4937#0.3219
46.00:hum1:17.6431#-1.6379#0.8374#0.1256#-0.4081#0.3084
47.00:hum1:18.3976#-0.7081#0.8081#-0.1263#0.0212#1.4053
48.00:hum1:18.5863#0.4133#0.8281#-0.3663#0.0603#1.4152
49.00:hum1:18.8007#1.6863#0.8120#-0.2664#0.0444#1.4099
50.00:hum1:19.0178#2.9758#0.8115#0.1598#-0.0268#1.4062
51.00:hum1:19.1167#3.5634#0.8267#-0.3681#0.0606#1.4153
52.00:hum1:18.3750#4.6735#0.4025#0.0000#0.0000#-1.5700
53.00:hum1:18.3750#4.6735#0.4025#0.0000#0.0000#-1.5700
54.00:hum1:18.3750#4.6735#0.4025#0.0000#0.0000#-1.5700
55.00:hum1:18.3750#4.6735#0.4025#0.0000#0.0000#-1.5700
56.00:hum1:18.3750#4.6735#0.4025#0.0000#0.0000#-1.5700
57.00:hum1:18.3750#4.6735#0.4025#0.0000#0.0000#-1.5700
58.00:hum1:18.3750#4.6735#0.4025#0.0000#0.0000#-1.5700
59.00:hum1:18.3750#4.6735#0.4025#0.0000#0.0000#-1.5700
60.00:hum1:18.3750#4.6735#0.4025#0.0000#0.0000#-1.5700
61.00:hum1:18.3750#4.6735#0.4025#0.0000#0.0000#-1.5700
62.00:hum1:18.3750#4.6735#0.4025#0.0000#0.0000#-1.5700
63.00:hum1:18.3750#4.6735#0.4025#0.0000#0.0000#-1.5700
64.00:hum1:18.3750#4.6735#0.4025#0.0000#0.0000#-1.5700
65.00:hum1:18.3750#4.6735#0.4025#0.0000#0.0000#-1.5700
66.00:hum1:18.3750#4.2818#0.8204#0.3324#0.0002#-1.5700
67.00:hum1:18.2664#3.4001#0.8168#-0.2251#0.0154#-1.6376
68.00:hum1:18.1582#2.4098#0.8153#0.2464#-0.0177#-1.6408
69.00:hum1:18.0312#1.2003#0.8244#0.3628#-0.0251#-1.6366
70.00:hum1:17.7566#0.1403#0.8048#0.0411#-0.0412#-2.3561
71.00:hum1:17.3078#-0.3181#0.8071#0.0061#-0.0052#-2.2691
72.00:hum1:17.3078#-0.3181#0.8071#0.0061#-0.0052#-2.2691
73.00:hum1:17.3078#-0.3181#0.8071#0.0061#-0.0052#-2.2691
74.00:hum1:17.3078#-0.3181#0.8071#0.0061#-0.0052#-2.2691
75.00:hum1:17.3078#-0.3181#0.8071#0.0061#-0.0052#-2.2691
76.00:hum1:17.3078#-0.3181#0.8071#0.0061#-0.0052#-2.2691
77.00:hum1:17.3078#-0.3181#0.8071#0.0061#-0.0052#-2.2691
78.00:hum1:17.3078#-0.3181#0.8071#0.0061#-0.0052#-2.2691
79.00:hum1:17.3078#-0.3181#0.8071#0.0061#-0.0052#-2.2691
80.00:hum1:17.3078#-0.3181#0.8071#0.0061#-0.0052#-2.2691
81.00:hum1:17.3078#-0.3181#0.8071#0.0061#-0.0052#-2.2691
82.00:hum1:17.3078#-0.3181#0.8071#0.0061#-0.0052#-2.2691
83.00:hum1:17.3078#-0.3181#0.8071#0.0061#-0.0052#-2.2691
84.00:hum1:17.3078#-0.3181#0.8071#0.0061#-0.0052#-2.2691
85.00:hum1:16.6164#-1.1281#0.9484#-0.9152#0.5834#-1.9712
86.00:hum1:15.8912#-1.9218#0.8374#-0.3240#0.2816#-2.2617
87.00:hum1:15.2502#-2.6732#0.8081#0.0963#-0.0845#-2.2890
88.00:hum1:14.5162#-3.5506#0.8281#0.2907#-0.2338#-2.2294
89.00:hum1:14.1921#-4.8839#0.8120#0.2553#0.0890#-1.2422
90.00:hum1:14.0678#-5.9599#0.8115#-0.1538#0.0509#-1.8875
91.00:hum1:13.6545#-7.2044#0.8908#-0.7358#0.2195#-1.8065
92.00:hum1:13.2462#-8.4337#0.9484#-1.0137#0.2750#-1.7380