
1.00:hum1:-6.4000#-1.4250#0.8025#-0.0000#0.0000#-0.0000
2.00:hum1:-6.4000#-1.4250#0.8025#-0.0000#0.0000#-0.0000
3.00:hum1:-6.4000#-1.4250#0.8025#-0.0000#0.0000#-0.0000
4.00:hum1:-6.4000#-1.4250#0.8025#-0.0000#0.0000#-0.0000
5.00:hum1:-6.4000#-1.4250#0.8025#-0.0000#0.0000#-0.0000
6.00:hum1:-6.4000#-1.4250#0.8025#-0.0000#0.0000#-0.0000
7.00:hum1:-6.4000#-1.4250#0.8025#-0.0000#0.0000#-0.0000
8.00:hum1:-6.4000#-1.4250#0.8025#-0.0000#0.0000#-0.0000
9.00:hum1:-6.4000#-1.4250#0.8025#-0.0000#0.0000#-0.0000
10.00:hum1:-6.4000#-1.4250#0.8025#-0.0000#0.0000#-0.0000
11.00:hum1:-6.4000#-1.4250#0.8025#-0.0000#0.0000#-0.0000
12.00:hum1:-5.5312#-1.3199#0.8262#0.0416#-0.3262#0.1294
13.00:hum1:-4.4761#-1.1900#0.8721#0.0939#-0.6516#0.1543
14.00:hum1:-4.4851#-1.1910#0.8374#0.0553#-0.4226#0.1344
15.00:hum1:-4.4851#-1.1910#0.8374#0.0553#-0.4226#0.1344
16.00:hum1:-4.4851#-1.1910#0.8374#0.0553#-0.4226#0.1344
17.00:hum1:-4.4851#-1.1910#0.8374#0.0553#-0.4226#0.1344
18.00:hum1:-4.4851#-1.1910#0.8374#0.0553#-0.4226#0.1344
19.00:hum1:-4.4851#-1.1910#0.8374#0.0553#-0.4226#0.1344
20.00:hum1:-4.4851#-1.1910#0.8374#0.0553#-0.4226#0.1344
21.00:hum1:-3.5027#-1.3866#0.9191#-0.2045#-0.8846#-0.2615
22.00:hum1:-2.5581#-1.5221#0.8168#-0.0279#-0.2239#-0.1245
23.00:hum1:-1.5523#-1.6200#0.8153#0.0182#0.2464#-0.0741
24.00:hum1:-0.3171#-1.6535#0.8244#-0.0017#0.3636#0.0050
25.00:hum1:0.6334#-1.6491#0.8496#0.0025#-0.5160#0.0054
26.00:hum1:1.6369#-1.6444#0.8071#-0.0000#0.0080#0.0047
27.00:hum1:2.7327#-1.6392#0.8215#-0.0014#0.3158#0.0049
28.00:hum1:2.8684#-1.6386#0.8204#-0.0015#0.3324#0.0049
29.00:hum1:2.8684#-1.6386#0.8204#-0.0015#0.3324#0.0049
30.00:hum1:2.8684#-1.6386#0.8204#-0.0015#0.3324#0.0049
31.00:hum1:2.8684#-1.6386#0.8204#-0.0015#0.3324#0.0049
32.00:hum1:2.8684#-1.6386#0.8204#-0.0015#0.3324#0.0049
33.00:hum1:2.8684#-1.6386#0.8204#-0.0015#0.3324#0.0049
34.00:hum1:2.8684#-1.6386#0.8204#-0.0015#0.3324#0.0049
35.00:hum1:2.8684#-1.6386#0.8204#-0.0015#0.3324#0.0049
36.00:hum1:2.8684#-1.6386#0.8204#-0.0015#0.3324#0.0049
37.00:hum1:2.8684#-1.6386#0.8204#-0.0015#0.3324#0.0049
38.00:hum1:2.8684#-1.6386#0.8204#-0.0015#0.3324#0.0049
39.00:hum1:3.7318#-1.7187#0.8171#0.0313#0.2693#-0.1168
40.00:hum1:4.4624#-1.7924#0.8204#0.0138#0.3321#-0.0418
41.00:hum1:5.6559#-1.8316#0.8044#-0.0001#-0.0072#-0.0197
42.00:hum1:6.8109#-1.7802#0.8618#0.0467#-0.5938#0.0838
43.00:hum1:7.6174#-1.7241#0.8044#0.0005#-0.0072#0.0694
44.00:hum1:8.2097#-1.6829#0.8102#0.0077#-0.1101#0.0699
45.00:hum1:8.2097#-1.6829#0.8102#0.0077#-0.1101#0.0699
46.00:hum1:8.2097#-1.6829#0.8102#0.0077#-0.1101#0.0699
47.00:hum1:8.2097#-1.6829#0.8102#0.0077#-0.1101#0.0699
48.00:hum1:8.2097#-1.6829#0.8102#0.0077#-0.1101#0.0699
49.00:hum1:8.2097#-1.6829#0.8102#0.0077#-0.1101#0.0699
50.00:hum1:8.1312#-1.6767#0.8153#0.0254#0.2457#-0.1037
51.00:hum1:9.3405#-1.8016#0.8244#0.0407#0.3614#-0.1144
52.00:hum1:9.5605#-1.8252#0.8067#0.0168#0.1551#-0.1083
53.00:hum1:9.5605#-1.8252#0.8067#0.0168#0.1551#-0.1083
54.00:hum1:9.5605#-1.8252#0.8067#0.0168#0.1551#-0.1083
55.00:hum1:9.5605#-1.8252#0.8067#0.0168#0.1551#-0.1083
56.00:hum1:9.5605#-1.8252#0.8067#0.0168#0.1551#-0.1083
57.00:hum1:10.4359#-1.8702#0.8204#0.0154#0.3321#-0.0469
58.00:hum1:10.9598#-1.8916#0.8116#0.0130#0.1942#-0.0669
59.00:hum1:10.9598#-1.8916#0.8116#0.0130#0.1942#-0.0669
60.00:hum1:10.9598#-1.8916#0.8116#0.0130#0.1942#-0.0669
61.00:hum1:10.9598#-1.8916#0.8116#0.0130#0.1942#-0.0669
62.00:hum1:10.9598#-1.8916#0.8116#0.0130#0.1942#-0.0669
63.00:hum1:10.9598#-1.8916#0.8116#0.0130#0.1942#-0.0669
64.00:hum1:11.8828#-1.8695#0.9141#0.0464#-0.8775#0.0606
65.00:hum1:12.7977#-1.7760#0.8618#0.0761#-0.5911#0.1364
66.00:hum1:12.7977#-1.7760#0.8618#0.0761#-0.5911#0.1364
67.00:hum1:12.7977#-1.7760#0.8618#0.0761#-0.5911#0.1364
68.00:hum1:12.7977#-1.7760#0.8618#0.0761#-0.5911#0.1364
69.00:hum1:12.7977#-1.7760#0.8618#0.0761#-0.5911#0.1364
70.00:hum1:12.7977#-1.7760#0.8618#0.0761#-0.5911#0.1364
71.00:hum1:12.7977#-1.7760#0.8618#0.0761#-0.5911#0.1364
72.00:hum1:13.0070#-1.7522#0.9377#0.1695#-0.9792#0.2037
73.00:hum1:14.2354#-1.6126#0.9191#0.1414#-0.8936#0.1811
74.00:hum1:14.0930#-2.1066#0.8168#-0.2243#0.0246#-1.6778
75.00:hum1:13.9292#-3.0765#0.8153#0.2436#-0.0412#-1.7346
76.00:hum1:13.8055#-3.8082#0.8244#0.3589#-0.0599#-1.7287
77.00:hum1:13.5824#-5.1246#0.8048#0.0574#-0.0096#-1.7356
78.00:hum1:13.4915#-5.6596#0.8466#-0.4886#0.0800#-1.7196
79.00:hum1:13.4215#-6.0725#0.8215#0.3117#-0.0519#-1.7302
80.00:hum1:13.4113#-6.1327#0.8267#0.3680#-0.0609#-1.7270
81.00:hum1:13.4113#-6.1327#0.8267#0.3680#-0.0609#-1.7270
82.00:hum1:13.4113#-6.1327#0.8267#0.3680#-0.0609#-1.7270
83.00:hum1:13.4113#-6.1327#0.8267#0.3680#-0.0609#-1.7270
84.00:hum1:13.4113#-6.1327#0.8267#0.3680#-0.0609#-1.7270
85.00:hum1:13.4113#-6.1327#0.8267#0.3680#-0.0609#-1.7270
86.00:hum1:13.4113#-6.1327#0.8267#0.3680#-0.0609#-1.7270
87.00:hum1:13.4113#-6.1327#0.8267#0.3680#-0.0609#-1.7270
88.00:hum1:13.4113#-6.1327#0.8267#0.3680#-0.0609#-1.7270
89.00:hum1:13.4113#-6.1327#0.8267#0.3680#-0.0609#-1.7270
90.00:hum1:13.3989#-6.2062#0.8204#0.3281#-0.0545#-1.7293
91.00:hum1:13.3568#-6.4546#0.8048#0.0574#-0.0097#-1.7380
92.00:hum1:13.2562#-7.0494#0.9597#-1.0809#0.1484#-1.6491
93.00:hum1:13.2426#-7.1305#0.8281#0.3663#-0.0606#-1.7271
94.00:hum1:13.2426#-7.1305#0.8281#0.3663#-0.0606#-1.7271
95.00:hum1:13.2426#-7.1305#0.8281#0.3663#-0.0606#-1.7271
96.00:hum1:13.2426#-7.1305#0.8281#0.3663#-0.0606#-1.7271
97.00:hum1:13.2426#-7.1305#0.8281#0.3663#-0.0606#-1.7271
98.00:hum1:13.2426#-7.1305#0.8281#0.3663#-0.0606#-1.7271
99.00:hum1:13.2426#-7.1305#0.8281#0.3663#-0.0606#-1.7271
100.00:hum1:13.2426#-7.1305#0.8281#0.3663#-0.0606#-1.7271
101.00:hum1:13.2426#-7.1305#0.8281#0.3663#-0.0606#-1.7271
102.00:hum1:13.2128#-7.3066#0.8161#0.2972#-0.0496#-1.7309
103.00:hum1:13.0482#-8.2800#0.8204#0.3281#-0.0545#-1.7293
104.00:hum1:12.9228#-9.0209#0.9377#-0.9823#0.1400#-1.6633
105.00:hum1:13.3886#-8.5579#0.9597#1.0786#0.1751#1.6643
106.00:hum1:13.1671#-7.4634#0.8496#0.5074#0.0981#1.7454
107.00:hum1:12.9676#-6.4799#0.8071#-0.0079#-0.0016#1.7708
108.00:hum1:12.7491#-5.4022#0.8496#0.5074#0.0981#1.7454
109.00:hum1:12.2923#-5.6814#0.8262#-0.3246#-0.0530#-1.4144
110.00:hum1:12.9519#-6.4686#0.8116#-0.1873#0.0530#1.2985
111.00:hum1:13.2760#-5.3300#0.8267#-0.3598#0.1000#1.3117
112.00:hum1:12.9642#-5.6048#0.8067#0.1558#0.0077#-1.5213
113.00:hum1:13.0297#-6.9108#0.8273#-0.3410#-0.0167#-1.5235
114.00:hum1:13.0946#-8.2052#0.9141#-0.8778#-0.0383#-1.5386
115.00:hum1:13.1448#-9.2055#0.8908#-0.7614#-0.0344#-1.5344