
1.00:hum1:-0.2750#-0.5250#0.8025#-0.0000#0.0000#-0.0000
2.00:hum1:-0.2750#-0.5250#0.8025#-0.0000#0.0000#-0.0000
3.00:hum1:-0.2750#-0.5250#0.8025#-0.0000#0.0000#-0.0000
4.00:hum1:-0.2750#-0.5250#0.8025#-0.0000#0.0000#-0.0000
5.00:hum1:-0.2750#-0.5250#0.8025#-0.0000#0.0000#-0.0000
6.00:hum1:-0.2750#-0.5250#0.8025#-0.0000#0.0000#-0.0000
7.00:hum1:-0.2750#-0.5250#0.8025#-0.0000#0.0000#-0.0000
8.00:hum1:-0.2750#-0.5250#0.8025#-0.0000#0.0000#-0.0000
9.00:hum1:-0.2750#-0.5250#0.8025#-0.0000#0.0000#-0.0000
10.00:hum1:1.5480#-0.7827#0.8374#-0.0431#-0.4239#-0.1042
11.00:hum1:3.7092#-1.0417#0.8161#0.0250#0.3002#-0.0840
12.00:hum1:6.5000#-1.2281#0.8267#0.0212#0.3722#-0.0580
13.00:hum1:10.2468#-1.4077#0.9141#-0.0070#-0.8784#-0.0088
14.00:hum1:13.1385#-1.4367#0.8116#-0.0108#0.1943#0.0563
15.00:hum1:13.0112#-3.1739#0.8025#0.0000#-0.0000#-1.6704
16.00:hum1:13.5828#-5.1556#0.8081#0.0815#0.0989#-0.6909
17.00:hum1:13.9179#-5.4304#0.8048#0.0370#0.0450#-0.6877
18.00:hum1:13.9609#-5.4657#0.8025#0.0000#0.0000#-0.6869
19.00:hum1:13.9609#-5.4657#0.8025#0.0000#0.0000#-0.6869
20.00:hum1:13.9609#-5.4657#0.8025#0.0000#0.0000#-0.6869
21.00:hum1:13.9609#-5.4657#0.8025#0.0000#0.0000#-0.6869
22.00:hum1:13.9609#-5.4657#0.8025#0.0000#0.0000#-0.6869
23.00:hum1:13.9609#-5.4657#0.8025#0.0000#0.0000#-0.6869
24.00:hum1:13.9609#-5.4657#0.8025#0.0000#0.0000#-0.6869
25.00:hum1:13.9609#-5.4657#0.8025#0.0000#0.0000#-0.6869
26.00:hum1:13.9609#-5.4657#0.8025#0.0000#0.0000#-0.6869