
2.00:hum1:4.3000#2.2496#0.8025#-0.0000#-0.0000#1.5692
3.00:hum1:3.8000#2.2508#0.8025#0.0000#-0.0000#-1.5740
4.00:hum1:3.8000#2.2508#0.8025#0.0000#-0.0000#-1.5740
5.00:hum1:3.8000#2.2508#0.8025#0.0000#-0.0000#-1.5740
6.00:hum1:3.8000#2.2508#0.8025#0.0000#-0.0000#-1.5740
7.00:hum1:3.8000#2.2508#0.8025#0.0000#-0.0000#-1.5740
8.00:hum1:3.8000#2.2508#0.8025#0.0000#-0.0000#-1.5740
9.00:hum1:3.8000#2.2508#0.8025#0.0000#-0.0000#-1.5740
10.00:hum1:3.8000#2.2508#0.8025#0.0000#-0.0000#-1.5740
11.00:hum1:5.5477#1.4601#0.8025#0.0000#0.0000#-0.3186
12.00:hum1:5.6284#1.4202#0.8025#0.0000#0.0000#-0.4387
13.00:hum1:6.1892#1.1574#0.8025#0.0000#0.0000#-0.4382
14.00:hum1:6.4102#1.0568#0.8025#0.0000#0.0000#-0.4273
15.00:hum1:7.5100#0.6121#0.9413#-0.4543#-0.9311#-0.5465
16.00:hum1:10.7529#-0.4433#0.8267#0.0927#0.3616#-0.2568
17.00:hum1:14.0894#-1.2756#0.9141#-0.2417#-0.8533#-0.3159
18.00:hum1:14.1539#1.6865#0.8618#-0.3691#-0.4784#-0.6985
19.00:hum1:16.3507#0.1593#0.8025#0.0000#0.0000#-0.6075
20.00:hum1:16.9826#-0.2800#0.8215#0.1845#0.2578#-0.6315
21.00:hum1:18.7312#1.4447#0.8374#0.4167#-0.0911#1.3685
22.00:hum1:18.8794#2.1024#0.8763#0.6701#-0.1392#1.3978
23.00:hum1:19.0241#2.7448#0.8069#0.0802#-0.0181#1.3499
24.00:hum1:19.1580#3.3393#0.9413#0.9933#-0.1868#1.4507
25.00:hum1:18.3750#4.6735#0.4025#0.0000#0.0000#-1.5700
26.00:hum1:18.3750#4.6735#0.4025#0.0000#0.0000#-1.5700
27.00:hum1:18.3750#4.6735#0.4025#0.0000#0.0000#-1.5700
28.00:hum1:18.3750#4.6735#0.4025#0.0000#0.0000#-1.5700
29.00:hum1:18.3750#4.6735#0.4025#0.0000#0.0000#-1.5700
30.00:hum1:18.3750#4.6735#0.4025#0.0000#0.0000#-1.5700
31.00:hum1:18.3750#4.6735#0.4025#0.0000#0.0000#-1.5700
32.00:hum1:18.3750#4.6735#0.4025#0.0000#0.0000#-1.5700
33.00:hum1:18.3750#4.6735#0.4025#0.0000#0.0000#-1.5700
34.00:hum1:18.3722#3.9604#0.8161#0.2866#-0.0940#-1.8787
35.00:hum1:18.1299#0.1902#0.9597#-1.0867#0.0120#-1.5768
36.00:hum1:17.3937#-0.2015#0.8025#-0.0000#-0.0000#2.3023
37.00:hum1:17.2382#-0.0283#0.8025#-0.0000#-0.0000#2.3025
38.00:hum1:16.0533#1.2889#0.8025#-0.0000#-0.0000#2.3043
39.00:hum1:15.9239#2.5778#0.8466#0.0900#0.4870#2.9514
40.00:hum1:15.5625#3.1375#0.9597#1.0810#-0.1479#1.4927
41.00:hum1:15.1312#3.2671#0.8374#0.0758#0.4196#2.9577
42.00:hum1:14.4664#3.3797#0.8763#0.1351#0.6708#2.9267
43.00:hum1:14.5966#3.3577#0.8025#-0.0000#-0.0000#2.9738
44.00:hum1:14.5966#3.3577#0.8025#-0.0000#-0.0000#2.9738
45.00:hum1:14.5966#3.3577#0.8025#-0.0000#-0.0000#2.9738
46.00:hum1:14.5966#3.3577#0.8025#-0.0000#-0.0000#2.9738
47.00:hum1:14.5966#3.3577#0.8025#-0.0000#-0.0000#2.9738
48.00:hum1:14.5966#3.3577#0.8025#-0.0000#-0.0000#2.9738
49.00:hum1:14.5966#3.3577#0.8025#-0.0000#-0.0000#2.9738
50.00:hum1:14.3175#2.7075#0.8153#0.2470#0.0029#-1.5588
51.00:hum1:15.0956#1.6182#0.8244#0.2449#0.2715#-0.7497
52.00:hum1:16.1440#0.7058#0.8025#0.0000#0.0000#-0.7161
53.00:hum1:16.4107#0.4737#0.8025#0.0000#0.0000#-0.7161
54.00:hum1:17.0806#-0.1092#0.8466#-0.3404#-0.3661#-0.7797
55.00:hum1:18.2752#-0.1398#0.9377#0.9721#-0.2220#1.4221
56.00:hum1:18.6007#1.0529#0.9191#0.8840#-0.2082#1.4032
57.00:hum1:18.5793#0.9748#0.8153#-0.2386#0.0645#1.3121
58.00:hum1:18.7735#1.6861#0.8618#0.5788#-0.1484#1.3486
59.00:hum1:19.0390#2.6588#0.8466#0.4797#-0.1254#1.3351
60.00:hum1:19.1652#3.1214#0.8267#-0.3608#0.0962#1.3219
61.00:hum1:19.3273#3.7151#0.8618#0.5788#-0.1484#1.3486
62.00:hum1:18.3750#4.6735#0.4025#0.0000#0.0000#-1.5700
63.00:hum1:18.3750#4.6735#0.4025#0.0000#0.0000#-1.5700
64.00:hum1:18.3750#4.6735#0.4025#0.0000#0.0000#-1.5700
65.00:hum1:18.3750#4.6735#0.4025#0.0000#0.0000#-1.5700
66.00:hum1:18.3750#4.6735#0.4025#0.0000#0.0000#-1.5700
67.00:hum1:18.3750#4.6735#0.4025#0.0000#0.0000#-1.5700
68.00:hum1:18.3750#4.6735#0.4025#0.0000#0.0000#-1.5700
69.00:hum1:18.3750#4.6735#0.4025#0.0000#0.0000#-1.5700
70.00:hum1:18.3750#4.6735#0.4025#0.0000#0.0000#-1.5700
71.00:hum1:18.3750#4.6735#0.4025#0.0000#0.0000#-1.5700
72.00:hum1:18.3750#4.6735#0.4025#0.0000#0.0000#-1.5700
73.00:hum1:18.3751#3.9600#0.8908#-0.7620#-0.0003#-1.5701
74.00:hum1:18.2426#3.0758#0.8466#-0.4939#0.0274#-1.6212
75.00:hum1:18.1263#1.7830#0.9377#-0.9873#0.0674#-1.6149
76.00:hum1:17.7298#0.7565#0.9191#-0.8256#0.4156#-1.9270
77.00:hum1:17.2203#-0.1203#0.8168#-0.1927#0.1181#-2.1137
78.00:hum1:16.4122#-0.4405#0.8496#-0.1823#0.4855#-2.7651
79.00:hum1:15.4768#-0.6071#0.8071#0.0011#-0.0080#-3.0100
80.00:hum1:14.8479#-0.6905#0.8025#0.0000#-0.0000#-3.0093
81.00:hum1:14.2409#-0.7276#0.8025#0.0000#-0.0000#-3.0793
82.00:hum1:13.3802#-0.7814#0.8171#0.0099#-0.2708#-3.1043
83.00:hum1:12.1748#-0.8252#0.8204#0.0127#-0.3322#-3.1023
84.00:hum1:10.8554#-0.8032#0.8044#0.0005#0.0072#3.0729
85.00:hum1:9.5532#-0.7201#0.8618#0.0154#0.5952#3.1145
86.00:hum1:8.2323#-0.6587#0.9598#0.0296#1.0870#3.1085
87.00:hum1:7.0621#-0.5977#0.8721#-0.0043#0.6574#-3.1342
88.00:hum1:6.0482#-0.5758#0.8102#-0.0008#0.1104#-3.1342
89.00:hum1:4.9877#-0.5543#0.8171#0.0071#-0.2709#-3.1147
90.00:hum1:3.7816#-0.5741#0.8204#0.0107#-0.3323#-3.1084
91.00:hum1:2.4276#-0.6057#0.8044#-0.0004#0.0072#-3.0833
92.00:hum1:1.1317#-0.6872#0.8618#-0.0502#0.5935#-3.0517
93.00:hum1:0.3293#-0.7203#0.8025#0.0000#-0.0000#-3.0212
94.00:hum1:-0.5651#-0.8272#0.8120#0.0395#-0.2672#-2.9926
95.00:hum1:-1.3367#-0.9162#0.8374#-0.0350#0.4246#-3.0565
96.00:hum1:-1.5331#-0.9315#0.8161#0.0239#-0.3003#-3.0605
97.00:hum1:-2.3860#-0.9976#0.8496#-0.0437#0.5143#-3.0526
98.00:hum1:-2.3577#-0.9955#0.8102#-0.0085#0.1100#-3.0636
99.00:hum1:-2.3686#-0.9963#0.8025#0.0000#-0.0000#-3.0641
100.00:hum1:-2.3686#-0.9963#0.8025#0.0000#-0.0000#-3.0641
101.00:hum1:-2.3686#-0.9963#0.8025#0.0000#-0.0000#-3.0641
102.00:hum1:-2.3686#-0.9963#0.8025#0.0000#-0.0000#-3.0641
103.00:hum1:-2.3686#-0.9963#0.8025#0.0000#-0.0000#-3.0641
104.00:hum1:-2.3686#-0.9963#0.8025#0.0000#-0.0000#-3.0641
105.00:hum1:-2.3686#-0.9963#0.8025#0.0000#-0.0000#-3.0641
106.00:hum1:-2.3686#-0.9963#0.8025#0.0000#-0.0000#-3.0641
107.00:hum1:-2.3686#-0.9963#0.8025#0.0000#-0.0000#-3.0641
108.00:hum1:-2.3686#-0.9963#0.8025#0.0000#-0.0000#-3.0641
109.00:hum1:-2.6453#-1.1776#0.8081#0.1277#0.0097#-1.4947