
1.00:hum1:-0.2750#-0.5250#0.8025#-0.0000#0.0000#-0.0000
2.00:hum1:-0.2750#-0.5250#0.8025#-0.0000#0.0000#-0.0000
3.00:hum1:-0.2750#-0.5250#0.8025#-0.0000#0.0000#-0.0000
4.00:hum1:-0.2750#-0.5250#0.8025#-0.0000#0.0000#-0.0000
5.00:hum1:-0.2750#-0.5250#0.8025#-0.0000#0.0000#-0.0000
6.00:hum1:-0.2750#-0.5250#0.8025#-0.0000#0.0000#-0.0000
7.00:hum1:-0.2750#-0.5250#0.8025#-0.0000#0.0000#-0.0000
8.00:hum1:-0.2750#-0.5250#0.8025#-0.0000#0.0000#-0.0000
9.00:hum1:-0.2750#-0.5250#0.8025#-0.0000#0.0000#-0.0000
10.00:hum1:-0.2750#-0.5250#0.8025#-0.0000#0.0000#-0.0000
11.00:hum1:-0.2750#-0.5250#0.8025#-0.0000#0.0000#-0.0000
12.00:hum1:-0.2750#-0.5250#0.8025#-0.0000#0.0000#-0.0000
13.00:hum1:-0.2750#-0.5250#0.8025#-0.0000#0.0000#-0.0000
14.00:hum1:-0.2750#-0.5250#0.8025#-0.0000#0.0000#-0.0000
15.00:hum1:0.4043#-0.7698#0.8153#0.0623#0.2392#-0.2573
16.00:hum1:1.6027#-1.0652#0.8244#0.0675#0.3576#-0.1905
17.00:hum1:2.9257#-1.2893#0.8048#0.0084#0.0576#-0.1453
18.00:hum1:3.0599#-1.3089#0.8025#0.0000#0.0000#-0.1451
19.00:hum1:3.0599#-1.3089#0.8025#0.0000#0.0000#-0.1451
20.00:hum1:3.0599#-1.3089#0.8025#0.0000#0.0000#-0.1451
21.00:hum1:3.0599#-1.3089#0.8025#0.0000#0.0000#-0.1451
22.00:hum1:3.0599#-1.3089#0.8025#0.0000#0.0000#-0.1451
23.00:hum1:3.0599#-1.3089#0.8025#0.0000#0.0000#-0.1451
24.00:hum1:3.0599#-1.3089#0.8025#0.0000#0.0000#-0.1451
25.00:hum1:3.0599#-1.3089#0.8025#0.0000#0.0000#-0.1451
26.00:hum1:3.0599#-1.3089#0.8025#0.0000#0.0000#-0.1451
27.00:hum1:3.0599#-1.3089#0.8025#0.0000#0.0000#-0.1451
28.00:hum1:3.5982#-1.3816#0.8721#-0.1030#-0.6504#-0.1688
29.00:hum1:4.6390#-1.4316#0.8102#-0.0025#-0.1103#-0.0226
30.00:hum1:5.7031#-1.4647#0.8171#-0.0030#0.2710#0.0116
31.00:hum1:6.9168#-1.4504#0.8204#-0.0158#0.3321#0.0488
32.00:hum1:7.6548#-1.4163#0.8025#-0.0000#0.0000#0.0461
33.00:hum1:7.6548#-1.4163#0.8025#-0.0000#0.0000#0.0461
34.00:hum1:8.3631#-1.3851#0.8115#0.0174#-0.1611#0.1082
35.00:hum1:9.6732#-1.2678#0.8908#0.1207#-0.7543#0.1756
36.00:hum1:9.9672#-1.2299#0.8281#-0.0494#0.3679#0.1369
37.00:hum1:9.9672#-1.2299#0.8281#-0.0494#0.3679#0.1369
38.00:hum1:10.8747#-1.3120#0.8081#0.0087#0.1277#-0.0681
39.00:hum1:11.9483#-1.4025#0.8171#0.0376#0.2685#-0.1406
40.00:hum1:12.9480#-1.5439#0.8153#0.0337#0.2448#-0.1378
41.00:hum1:12.9480#-1.5439#0.8153#0.0337#0.2448#-0.1378
42.00:hum1:12.9480#-1.5439#0.8153#0.0337#0.2448#-0.1378
43.00:hum1:12.9480#-1.5439#0.8153#0.0337#0.2448#-0.1378
44.00:hum1:12.9480#-1.5439#0.8153#0.0337#0.2448#-0.1378
45.00:hum1:12.9480#-1.5439#0.8153#0.0337#0.2448#-0.1378
46.00:hum1:12.9480#-1.5439#0.8153#0.0337#0.2448#-0.1378
47.00:hum1:12.9480#-1.5439#0.8153#0.0337#0.2448#-0.1378
48.00:hum1:12.9480#-1.5439#0.8153#0.0337#0.2448#-0.1378
49.00:hum1:12.9480#-1.5439#0.8153#0.0337#0.2448#-0.1378
50.00:hum1:12.9480#-1.5439#0.8153#0.0337#0.2448#-0.1378
51.00:hum1:13.0844#-1.5623#0.8025#0.0000#0.0000#-0.1336
52.00:hum1:13.0844#-1.5623#0.8025#0.0000#0.0000#-0.1336
53.00:hum1:13.0844#-1.5623#0.8025#0.0000#0.0000#-0.1336
54.00:hum1:13.0844#-1.5623#0.8025#0.0000#0.0000#-0.1336
55.00:hum1:13.0844#-1.5623#0.8025#0.0000#0.0000#-0.1336
56.00:hum1:13.0844#-1.5623#0.8025#0.0000#0.0000#-0.1336
57.00:hum1:13.0844#-1.5623#0.8025#0.0000#0.0000#-0.1336
58.00:hum1:13.0844#-1.5623#0.8025#0.0000#0.0000#-0.1336
59.00:hum1:13.0844#-1.5623#0.8025#0.0000#0.0000#-0.1336
60.00:hum1:13.0844#-1.5623#0.8025#0.0000#0.0000#-0.1336
61.00:hum1:12.8500#-2.2160#0.8116#0.1946#-0.0016#-1.5788
62.00:hum1:13.0948#-3.4748#0.8267#0.2968#0.2290#-0.9319
63.00:hum1:13.5710#-4.5523#0.8067#0.0914#0.1266#-0.6275
64.00:hum1:13.7854#-4.7059#0.8025#0.0000#0.0000#-0.6216