
1.00:hum1:-0.2750#-0.5250#0.8025#-0.0000#0.0000#-0.0000
2.00:hum1:-0.2750#-0.5250#0.8025#-0.0000#0.0000#-0.0000
3.00:hum1:-0.2750#-0.5250#0.8025#-0.0000#0.0000#-0.0000
4.00:hum1:-0.2750#-0.5250#0.8025#-0.0000#0.0000#-0.0000
5.00:hum1:-0.2750#-0.5250#0.8025#-0.0000#0.0000#-0.0000
6.00:hum1:0.4705#-0.6840#0.9484#-0.3297#-1.0030#-0.3852
7.00:hum1:1.5072#-0.8077#0.9597#-0.2082#-1.0751#-0.2354
8.00:hum1:2.5101#-0.9250#0.9598#-0.1914#-1.0774#-0.2163
9.00:hum1:3.6310#-1.0674#0.8071#0.0007#0.0080#-0.0821
10.00:hum1:6.2614#-0.7515#0.8069#-0.0050#0.0820#-3.0802
11.00:hum1:8.6368#-1.2001#0.8496#0.0602#-0.5128#0.1225
12.00:hum1:10.9308#-0.8030#0.8161#0.0463#-0.2978#-2.9848
13.00:hum1:13.6988#-1.4346#0.8025#0.0000#0.0000#-1.1362
14.00:hum1:13.2829#-4.0476#0.8025#0.0000#0.0000#-1.1667
15.00:hum1:16.6021#-2.5056#0.8025#-0.0000#0.0000#0.5106
16.00:hum1:16.8366#-2.3742#0.8025#-0.0000#0.0000#0.5106
17.00:hum1:16.9413#-2.3156#0.8025#-0.0000#0.0000#0.5106
18.00:hum1:17.9279#-1.7629#0.8204#-0.1670#0.2888#0.5349
19.00:hum1:18.7798#1.4789#0.8281#-0.3709#0.0081#1.5503
20.00:hum1:18.8370#4.0740#0.8025#-0.0000#0.0000#1.5488
21.00:hum1:18.8464#4.5010#0.9484#1.0369#-0.0192#1.5598
22.00:hum1:18.8461#4.4881#0.8262#0.3287#-0.0072#1.5500
23.00:hum1:18.3750#4.6735#0.4025#0.0000#0.0000#-1.5700
24.00:hum1:18.3750#4.6735#0.4025#0.0000#0.0000#-1.5700
25.00:hum1:18.3750#4.6735#0.4025#0.0000#0.0000#-1.5700
26.00:hum1:18.3750#4.6735#0.4025#0.0000#0.0000#-1.5700
27.00:hum1:18.3750#4.6735#0.4025#0.0000#0.0000#-1.5700
28.00:hum1:18.3750#4.6735#0.4025#0.0000#0.0000#-1.5700
29.00:hum1:18.3750#4.6735#0.4025#0.0000#0.0000#-1.5700
30.00:hum1:18.3750#4.6735#0.4025#0.0000#0.0000#-1.5700
31.00:hum1:18.3750#4.6735#0.4025#0.0000#0.0000#-1.5700
32.00:hum1:18.3750#4.6735#0.4025#0.0000#0.0000#-1.5700
33.00:hum1:18.3750#4.6735#0.4025#0.0000#0.0000#-1.5700
34.00:hum1:18.3750#4.6735#0.4025#0.0000#0.0000#-1.5700
35.00:hum1:18.3750#4.6735#0.4025#0.0000#0.0000#-1.5700
36.00:hum1:18.3750#4.6735#0.4025#0.0000#0.0000#-1.5700
37.00:hum1:18.3750#4.6735#0.4025#0.0000#0.0000#-1.5700
38.00:hum1:18.3750#4.6735#0.4025#0.0000#0.0000#-1.5700
39.00:hum1:18.3750#4.6735#0.4025#0.0000#0.0000#-1.5700
40.00:hum1:18.3750#4.6735#0.4025#0.0000#0.0000#-1.5700
41.00:hum1:18.3750#4.6735#0.4025#0.0000#0.0000#-1.5700
42.00:hum1:18.3750#4.6735#0.4025#0.0000#0.0000#-1.5700
43.00:hum1:18.3751#4.1599#0.8153#0.2470#0.0001#-1.5700
44.00:hum1:18.1772#2.1196#0.8102#-0.1102#0.0062#-1.6268
45.00:hum1:17.5638#-0.2298#0.8374#-0.2689#0.3345#-2.4429
46.00:hum1:15.7096#-2.7227#0.9191#-0.8139#0.4429#-1.9551
47.00:hum1:15.3033#-4.7841#0.9597#0.8022#-0.8374#0.9482
48.00:hum1:14.4832#-4.8577#0.8025#0.0000#-0.0000#-2.3848
49.00:hum1:14.1821#-5.1425#0.8262#-0.2302#0.2368#-2.3564
50.00:hum1:14.1111#-5.2105#0.8204#0.2337#-0.2386#-2.3523
51.00:hum1:13.9933#-5.3227#0.8025#0.0000#-0.0000#-2.3804
52.00:hum1:13.9933#-5.3227#0.8025#0.0000#-0.0000#-2.3804
53.00:hum1:13.9933#-5.3227#0.8025#0.0000#-0.0000#-2.3804
54.00:hum1:13.9933#-5.3227#0.8025#0.0000#-0.0000#-2.3804
55.00:hum1:13.9933#-5.3227#0.8025#0.0000#-0.0000#-2.3804
56.00:hum1:13.9933#-5.3227#0.8025#0.0000#-0.0000#-2.3804
57.00:hum1:13.9933#-5.3227#0.8025#0.0000#-0.0000#-2.3804
58.00:hum1:13.9933#-5.3227#0.8025#0.0000#-0.0000#-2.3804
59.00:hum1:13.9933#-5.3227#0.8025#0.0000#-0.0000#-2.3804
60.00:hum1:13.9933#-5.3227#0.8025#0.0000#-0.0000#-2.3804