
1.00:hum1:-0.2750#-0.5250#0.8025#-0.0000#0.0000#-0.0000
2.00:hum1:-0.2750#-0.5250#0.8025#-0.0000#0.0000#-0.0000
3.00:hum1:-0.2750#-0.5250#0.8025#-0.0000#0.0000#-0.0000
4.00:hum1:-0.2750#-0.5250#0.8025#-0.0000#0.0000#-0.0000
5.00:hum1:-0.2750#-0.5250#0.8025#-0.0000#0.0000#-0.0000
6.00:hum1:-0.2750#-0.5250#0.8025#-0.0000#0.0000#-0.0000
7.00:hum1:0.2808#-0.6449#0.9141#-0.2392#-0.8538#-0.3125
8.00:hum1:1.2966#-0.7615#0.8908#-0.1112#-0.7554#-0.1611
9.00:hum1:2.3177#-0.8814#0.8025#0.0000#0.0000#-0.1170
10.00:hum1:3.6033#-1.0488#0.9597#-0.1538#-1.0805#-0.1736
11.00:hum1:4.7126#-1.1809#0.8496#-0.0407#-0.5145#-0.0822
12.00:hum1:5.7117#-1.2672#0.8071#0.0006#0.0080#-0.0712
13.00:hum1:6.8063#-1.3566#0.8215#0.0185#0.3153#-0.0593
14.00:hum1:8.0539#-1.4476#0.8161#0.0113#0.3010#-0.0378
15.00:hum1:9.3947#-1.4736#0.8069#0.0004#-0.0822#0.0057
16.00:hum1:10.6866#-1.5214#0.8763#0.0048#-0.6822#0.0079
17.00:hum1:11.1376#-2.0864#0.8618#-0.5060#-0.3285#-1.0432
18.00:hum1:12.2006#-2.2586#0.8466#0.1963#-0.4569#0.4238
19.00:hum1:12.6757#-1.9833#0.8273#-0.3280#-0.0962#-1.2953
20.00:hum1:12.9800#-2.9980#0.8025#0.0000#0.0000#-1.2794
21.00:hum1:13.1948#-4.2062#0.8908#-0.6739#-0.3875#-1.1285
22.00:hum1:14.3585#-3.9072#0.8763#0.3927#-0.5732#0.6526
23.00:hum1:15.2238#-3.3939#0.8618#0.3326#-0.5034#0.6218
24.00:hum1:16.0909#-2.8794#0.8466#0.2684#-0.4206#0.5931
25.00:hum1:16.4735#-2.6524#0.8025#-0.0000#0.0000#0.5355
26.00:hum1:16.5918#-2.5822#0.8025#-0.0000#0.0000#0.5355
27.00:hum1:16.7074#-2.5136#0.8025#-0.0000#0.0000#0.5355
28.00:hum1:16.8319#-2.4397#0.8025#-0.0000#0.0000#0.5355
29.00:hum1:16.9007#-2.3989#0.8025#-0.0000#0.0000#0.5355
30.00:hum1:16.9007#-2.3989#0.8025#-0.0000#0.0000#0.5355
31.00:hum1:16.9902#-2.3458#0.8025#-0.0000#0.0000#0.5355
32.00:hum1:17.7997#-1.8655#0.8115#0.0831#-0.1392#0.5413
33.00:hum1:18.6327#0.3298#0.8763#0.6780#-0.0824#1.4693
34.00:hum1:18.8115#3.3841#0.8273#0.3412#-0.0101#1.5426
35.00:hum1:18.8370#4.2345#0.8067#-0.1559#0.0047#1.5412
36.00:hum1:18.8398#4.3254#0.8025#-0.0000#0.0000#1.5408
37.00:hum1:18.3750#4.6735#0.4025#0.0000#0.0000#-1.5700
38.00:hum1:18.3750#4.6735#0.4025#0.0000#0.0000#-1.5700
39.00:hum1:18.3750#4.6735#0.4025#0.0000#0.0000#-1.5700
40.00:hum1:18.3750#4.6735#0.4025#0.0000#0.0000#-1.5700
41.00:hum1:18.3750#4.6735#0.4025#0.0000#0.0000#-1.5700
42.00:hum1:18.3750#4.6735#0.4025#0.0000#0.0000#-1.5700
43.00:hum1:18.3750#4.6735#0.4025#0.0000#0.0000#-1.5700
44.00:hum1:18.3750#4.6735#0.4025#0.0000#0.0000#-1.5700
45.00:hum1:18.3750#4.6735#0.4025#0.0000#0.0000#-1.5700
46.00:hum1:18.3750#4.6735#0.4025#0.0000#0.0000#-1.5700
47.00:hum1:18.3750#4.6735#0.4025#0.0000#0.0000#-1.5700
48.00:hum1:18.3750#4.6735#0.4025#0.0000#0.0000#-1.5700
49.00:hum1:18.3750#4.6735#0.4025#0.0000#0.0000#-1.5700
50.00:hum1:18.3750#4.6735#0.4025#0.0000#0.0000#-1.5700
51.00:hum1:18.3750#4.6735#0.4025#0.0000#0.0000#-1.5700
52.00:hum1:18.3750#4.6735#0.4025#0.0000#0.0000#-1.5700
53.00:hum1:18.3750#4.6735#0.4025#0.0000#0.0000#-1.5700
54.00:hum1:18.3750#4.6735#0.4025#0.0000#0.0000#-1.5700
55.00:hum1:18.3750#4.6735#0.4025#0.0000#0.0000#-1.5700
56.00:hum1:18.3750#4.6735#0.4025#0.0000#0.0000#-1.5700
57.00:hum1:18.3751#3.9608#0.8466#-0.4946#-0.0002#-1.5700
58.00:hum1:18.1662#1.8683#0.8763#-0.6816#0.0303#-1.6077
59.00:hum1:17.0821#-0.4978#0.8273#-0.2595#0.2244#-2.2680
60.00:hum1:16.4701#-2.3264#0.8044#0.0062#-0.0037#1.0322
61.00:hum1:15.0924#-3.5868#0.8025#0.0000#-0.0000#-2.1222
62.00:hum1:14.2003#-5.0442#0.9598#-1.0167#0.4870#-1.8523
63.00:hum1:14.2049#-5.0374#0.8081#0.1089#-0.0674#-2.1224
64.00:hum1:14.1572#-5.1143#0.8025#0.0000#-0.0000#-2.1261
65.00:hum1:14.1572#-5.1143#0.8025#0.0000#-0.0000#-2.1261
66.00:hum1:14.1572#-5.1143#0.8025#0.0000#-0.0000#-2.1261
67.00:hum1:14.1572#-5.1143#0.8025#0.0000#-0.0000#-2.1261
68.00:hum1:14.1572#-5.1143#0.8025#0.0000#-0.0000#-2.1261
69.00:hum1:14.1572#-5.1143#0.8025#0.0000#-0.0000#-2.1261
70.00:hum1:14.1572#-5.1143#0.8025#0.0000#-0.0000#-2.1261
71.00:hum1:14.1572#-5.1143#0.8025#0.0000#-0.0000#-2.1261
72.00:hum1:14.1572#-5.1143#0.8025#0.0000#-0.0000#-2.1261
73.00:hum1:14.1572#-5.1143#0.8025#0.0000#-0.0000#-2.1261
74.00:hum1:14.1572#-5.1143#0.8025#0.0000#-0.0000#-2.1261
75.00:hum1:14.1572#-5.1143#0.8025#0.0000#-0.0000#-2.1261
76.00:hum1:14.1572#-5.1143#0.8025#0.0000#-0.0000#-2.1261