
1.00:hum1:-0.2750#-0.5250#0.8025#-0.0000#0.0000#-0.0000
2.00:hum1:-0.2750#-0.5250#0.8025#-0.0000#0.0000#-0.0000
3.00:hum1:-0.2750#-0.5250#0.8025#-0.0000#0.0000#-0.0000
4.00:hum1:-0.2750#-0.5250#0.8025#-0.0000#0.0000#-0.0000
5.00:hum1:-0.2750#-0.5250#0.8025#-0.0000#0.0000#-0.0000
6.00:hum1:-0.2750#-0.5250#0.8025#-0.0000#0.0000#-0.0000
7.00:hum1:0.0913#-0.6058#0.8466#-0.1086#-0.4835#-0.2301
8.00:hum1:1.0503#-0.7407#0.8273#-0.1124#-0.3230#-0.3414
9.00:hum1:2.4054#-0.8739#0.9141#-0.0771#-0.8759#-0.0999
10.00:hum1:3.3908#-1.0229#0.8908#-0.0758#-0.7590#-0.1096
11.00:hum1:5.6480#-1.2367#0.8171#0.0089#0.2709#-0.0331
12.00:hum1:9.3880#-1.4065#0.8618#-0.0145#-0.5952#-0.0255
13.00:hum1:12.4988#-1.4242#0.8102#0.0022#-0.1104#0.0200
14.00:hum1:14.4426#-1.9656#0.8374#0.4157#0.0960#1.7851
15.00:hum1:14.1089#-4.4809#0.8025#0.0000#-0.0000#-1.6650
16.00:hum1:14.0662#-4.9341#0.8273#-0.3400#0.0315#-1.6591
17.00:hum1:14.0718#-4.8753#0.8025#0.0000#-0.0000#-1.6646
18.00:hum1:14.0718#-4.8753#0.8025#0.0000#-0.0000#-1.6646
19.00:hum1:14.0718#-4.8753#0.8025#0.0000#-0.0000#-1.6646
20.00:hum1:14.0718#-4.8753#0.8025#0.0000#-0.0000#-1.6646
21.00:hum1:14.0718#-4.8753#0.8025#0.0000#-0.0000#-1.6646
22.00:hum1:14.0718#-4.8753#0.8025#0.0000#-0.0000#-1.6646
23.00:hum1:14.0718#-4.8753#0.8025#0.0000#-0.0000#-1.6646
24.00:hum1:14.0718#-4.8753#0.8025#0.0000#-0.0000#-1.6646
25.00:hum1:14.0718#-4.8753#0.8025#0.0000#-0.0000#-1.6646
26.00:hum1:14.0718#-4.8753#0.8025#0.0000#-0.0000#-1.6646
27.00:hum1:14.0718#-4.8753#0.8025#0.0000#-0.0000#-1.6646
28.00:hum1:14.0718#-4.8753#0.8025#0.0000#-0.0000#-1.6646
29.00:hum1:14.0718#-4.8753#0.8025#0.0000#-0.0000#-1.6646
30.00:hum1:14.0718#-4.8753#0.8025#0.0000#-0.0000#-1.6646
31.00:hum1:14.0718#-4.8753#0.8025#0.0000#-0.0000#-1.6646
32.00:hum1:14.0718#-4.8753#0.8025#0.0000#-0.0000#-1.6646
33.00:hum1:14.0718#-4.8753#0.8025#0.0000#-0.0000#-1.6646
34.00:hum1:14.0718#-4.8753#0.8025#0.0000#-0.0000#-1.6646