
2.00:hum1:-0.2750#-0.5250#0.8025#-0.0000#0.0000#-0.0000
3.00:hum1:-0.2750#-0.5250#0.8025#-0.0000#0.0000#-0.0000
4.00:hum1:-0.2750#-0.5250#0.8025#-0.0000#0.0000#-0.0000
5.00:hum1:-0.2750#-0.5250#0.8025#-0.0000#0.0000#-0.0000
6.00:hum1:-0.2750#-0.5250#0.8025#-0.0000#0.0000#-0.0000
7.00:hum1:-0.2750#-0.5250#0.8025#-0.0000#0.0000#-0.0000
8.00:hum1:0.2247#-0.7268#0.8025#0.0000#0.0000#-0.3549
9.00:hum1:0.2247#-0.7268#0.8025#0.0000#0.0000#-0.3549
10.00:hum1:0.2247#-0.7268#0.8025#0.0000#0.0000#-0.3549
11.00:hum1:0.2247#-0.7268#0.8025#0.0000#0.0000#-0.3549
12.00:hum1:1.3380#-0.9990#0.9377#-0.2763#-0.9626#-0.3324
13.00:hum1:2.5594#-1.2355#0.9191#-0.1888#-0.8872#-0.2412
14.00:hum1:3.5710#-1.4120#0.8168#-0.0309#-0.2235#-0.1383
15.00:hum1:4.5594#-1.5528#0.8153#0.0338#0.2447#-0.1384
16.00:hum1:5.0066#-1.6132#0.8025#0.0000#0.0000#-0.1342
17.00:hum1:5.0066#-1.6132#0.8025#0.0000#0.0000#-0.1342
18.00:hum1:5.5260#-1.6357#0.9377#-0.0628#-0.9875#-0.0748
19.00:hum1:6.7866#-1.5819#0.9191#0.0844#-0.8987#0.1080
20.00:hum1:7.8143#-1.5080#0.8168#0.0215#-0.2246#0.0964
21.00:hum1:8.8127#-1.4656#0.8153#-0.0257#0.2457#0.1057
22.00:hum1:10.0267#-1.3404#0.8244#-0.0442#0.3610#0.1248
23.00:hum1:11.0911#-1.2401#0.8204#-0.0233#0.3316#0.0717
24.00:hum1:11.6757#-1.2934#0.8908#-0.1313#-0.7528#-0.1904
25.00:hum1:12.3835#-1.3543#0.8044#-0.0009#-0.0071#-0.1252
26.00:hum1:13.2390#-1.4620#0.8025#0.0000#0.0000#-0.1252
27.00:hum1:13.2390#-1.4620#0.8025#0.0000#0.0000#-0.1252
28.00:hum1:13.2390#-1.4620#0.8025#0.0000#0.0000#-0.1252
29.00:hum1:13.2390#-1.4620#0.8025#0.0000#0.0000#-0.1252
30.00:hum1:13.2390#-1.4620#0.8025#0.0000#0.0000#-0.1252
31.00:hum1:13.2390#-1.4620#0.8025#0.0000#0.0000#-0.1252
32.00:hum1:13.2390#-1.4620#0.8025#0.0000#0.0000#-0.1252
33.00:hum1:13.2390#-1.4620#0.8025#0.0000#0.0000#-0.1252
34.00:hum1:13.2390#-1.4620#0.8025#0.0000#0.0000#-0.1252
35.00:hum1:13.0059#-1.9559#0.9597#-1.0867#0.0171#-1.5794
36.00:hum1:13.3803#-3.0599#0.8496#-0.3921#-0.3445#-0.8855
37.00:hum1:13.5564#-3.2471#0.8120#0.1991#0.1836#-0.8349
38.00:hum1:13.5564#-3.2471#0.8120#0.1991#0.1836#-0.8349
39.00:hum1:15.0075#-2.9309#0.8115#0.0649#-0.1485#0.4141
40.00:hum1:16.2106#-2.4091#0.8908#0.3627#-0.6860#0.5401
41.00:hum1:16.5799#-2.2488#0.8025#-0.0000#0.0000#0.4093
42.00:hum1:16.7208#-2.1877#0.8025#-0.0000#0.0000#0.4093
43.00:hum1:16.8455#-2.1336#0.8025#-0.0000#0.0000#0.4093
44.00:hum1:16.8455#-2.1336#0.8025#-0.0000#0.0000#0.4093
45.00:hum1:18.0207#-1.4819#0.8273#0.2973#-0.1703#1.0659
46.00:hum1:18.4940#-0.2008#0.9141#0.8719#-0.1246#1.4671
47.00:hum1:18.7003#1.0625#0.9413#0.9986#-0.1367#1.4836
48.00:hum1:18.7432#2.1404#0.8262#0.3285#-0.0138#1.5308
49.00:hum1:18.7845#3.1194#0.8116#-0.1945#0.0082#1.5293
50.00:hum1:18.8277#4.1369#0.9598#1.0868#-0.0377#1.5513
51.00:hum1:18.8277#4.1369#0.9598#1.0868#-0.0377#1.5513
52.00:hum1:18.3750#4.6735#0.4025#0.0000#0.0000#-1.5700
53.00:hum1:18.3750#4.6735#0.4025#0.0000#0.0000#-1.5700
54.00:hum1:18.3750#4.6735#0.4025#0.0000#0.0000#-1.5700
55.00:hum1:18.3750#4.6735#0.4025#0.0000#0.0000#-1.5700
56.00:hum1:18.3750#4.6735#0.4025#0.0000#0.0000#-1.5700
57.00:hum1:18.3750#4.6735#0.4025#0.0000#0.0000#-1.5700
58.00:hum1:18.3750#4.6735#0.4025#0.0000#0.0000#-1.5700
59.00:hum1:18.3750#4.6735#0.4025#0.0000#0.0000#-1.5700
60.00:hum1:18.3750#4.6735#0.4025#0.0000#0.0000#-1.5700
61.00:hum1:18.3750#4.6735#0.4025#0.0000#0.0000#-1.5700
62.00:hum1:18.3750#4.6735#0.4025#0.0000#0.0000#-1.5700
63.00:hum1:18.3750#4.6735#0.4025#0.0000#0.0000#-1.5700
64.00:hum1:18.3750#4.6735#0.4025#0.0000#0.0000#-1.5700
65.00:hum1:18.3750#4.6735#0.4025#0.0000#0.0000#-1.5700
66.00:hum1:18.3750#4.6735#0.4025#0.0000#0.0000#-1.5700
67.00:hum1:18.3750#4.6735#0.4025#0.0000#0.0000#-1.5700
68.00:hum1:18.3750#4.6735#0.4025#0.0000#0.0000#-1.5700
69.00:hum1:18.3750#4.6735#0.4025#0.0000#0.0000#-1.5700
70.00:hum1:18.3750#4.6735#0.4025#0.0000#0.0000#-1.5700
71.00:hum1:18.3750#4.6735#0.4025#0.0000#0.0000#-1.5700
72.00:hum1:18.2292#2.8525#0.9413#-1.0027#0.0770#-1.6195
73.00:hum1:18.1009#1.8063#0.8262#-0.3281#0.0208#-1.6315
74.00:hum1:17.8627#1.0006#0.8116#0.1679#-0.0988#-2.0975
75.00:hum1:17.4894#0.3705#0.8025#0.0000#-0.0000#-2.1053
76.00:hum1:17.4894#0.3705#0.8025#0.0000#-0.0000#-2.1053
77.00:hum1:17.4894#0.3705#0.8025#0.0000#-0.0000#-2.1053
78.00:hum1:17.4894#0.3705#0.8025#0.0000#-0.0000#-2.1053
79.00:hum1:17.4894#0.3705#0.8025#0.0000#-0.0000#-2.1053
80.00:hum1:17.4894#0.3705#0.8025#0.0000#-0.0000#-2.1053
81.00:hum1:17.4894#0.3705#0.8025#0.0000#-0.0000#-2.1053
82.00:hum1:17.4894#0.3705#0.8025#0.0000#-0.0000#-2.1053
83.00:hum1:17.4894#0.3705#0.8025#0.0000#-0.0000#-2.1053
84.00:hum1:17.4894#0.3705#0.8025#0.0000#-0.0000#-2.1053
85.00:hum1:17.4894#0.3705#0.8025#0.0000#-0.0000#-2.1053
86.00:hum1:17.4894#0.3705#0.8025#0.0000#-0.0000#-2.1053
87.00:hum1:17.3215#0.0866#0.8153#0.2137#-0.1248#-2.0912
88.00:hum1:16.7449#-0.8946#0.8244#0.3171#-0.1811#-2.0725
89.00:hum1:16.0717#-2.0366#0.8048#0.0492#-0.0312#-2.1352
90.00:hum1:15.3836#-3.1513#0.8466#-0.4393#0.2350#-2.0305
91.00:hum1:14.7441#-4.2898#0.9377#-0.9243#0.4213#-1.8698
92.00:hum1:14.8322#-4.1330#0.8025#0.0000#-0.0000#-2.0820