
2.00:hum1:-6.4000#-1.4250#0.8025#-0.0000#0.0000#-0.0000
3.00:hum1:-6.4000#-1.4250#0.8025#-0.0000#0.0000#-0.0000
4.00:hum1:-6.4000#-1.4250#0.8025#-0.0000#0.0000#-0.0000
5.00:hum1:-6.4000#-1.4250#0.8025#-0.0000#0.0000#-0.0000
6.00:hum1:-6.4000#-1.4250#0.8025#-0.0000#0.0000#-0.0000
7.00:hum1:-6.4000#-1.4250#0.8025#-0.0000#0.0000#-0.0000
8.00:hum1:-6.4000#-1.4250#0.8025#-0.0000#0.0000#-0.0000
9.00:hum1:-6.4000#-1.4250#0.8025#-0.0000#0.0000#-0.0000
10.00:hum1:-6.4000#-1.4250#0.8025#-0.0000#0.0000#-0.0000
11.00:hum1:-6.4000#-1.4250#0.8025#-0.0000#0.0000#-0.0000
12.00:hum1:-6.4000#-1.4250#0.8025#-0.0000#0.0000#-0.0000
13.00:hum1:-6.4000#-1.4250#0.8025#-0.0000#0.0000#-0.0000
14.00:hum1:-6.4000#-1.4250#0.8025#-0.0000#0.0000#-0.0000
15.00:hum1:-6.4000#-1.4250#0.8025#-0.0000#0.0000#-0.0000
16.00:hum1:-6.2481#-1.4062#0.8067#-0.0216#0.1545#0.1399
17.00:hum1:-4.9497#-1.2228#0.8273#0.0540#-0.3373#0.1621
18.00:hum1:-4.4739#-1.1495#0.8721#0.1168#-0.6484#0.1923
19.00:hum1:-4.4828#-1.1509#0.8374#0.0689#-0.4207#0.1677
20.00:hum1:-4.5561#-1.1621#0.8116#-0.0300#0.1923#0.1558
21.00:hum1:-3.5098#-1.0009#0.8081#-0.0196#0.1265#0.1542
22.00:hum1:-2.3859#-0.8276#0.8281#-0.0591#0.3665#0.1639
23.00:hum1:-1.1100#-0.6309#0.8120#-0.0420#0.2668#0.1586
24.00:hum1:0.1824#-0.4318#0.8115#0.0248#-0.1601#0.1549
25.00:hum1:1.1846#-0.2773#0.8069#0.0125#-0.0812#0.1534
26.00:hum1:2.2610#-0.1114#0.8115#0.0248#-0.1601#0.1549
27.00:hum1:3.4581#0.0731#0.8618#0.1026#-0.5875#0.1840
28.00:hum1:4.7650#0.2745#0.9598#0.2818#-1.0655#0.3199
29.00:hum1:5.9194#0.4525#0.8721#0.1168#-0.6484#0.1923
30.00:hum1:6.3876#0.7414#0.8102#-0.1020#0.0423#-1.9618
31.00:hum1:5.9730#-0.3713#0.8116#0.1822#0.0687#-1.2138
32.00:hum1:5.9730#-0.3713#0.8116#0.1822#0.0687#-1.2138
33.00:hum1:6.1141#-0.7427#0.8067#0.1460#0.0552#-1.2115
34.00:hum1:6.2232#-1.0296#0.8466#-0.4670#-0.1693#-1.2478
35.00:hum1:6.6871#-2.2499#0.9377#-0.9574#-0.3012#-1.3646
36.00:hum1:7.3536#-2.8912#0.8115#0.1100#-0.1191#0.7492
37.00:hum1:7.3536#-2.8912#0.8115#0.1100#-0.1191#0.7492
38.00:hum1:7.3536#-2.8912#0.8115#0.1100#-0.1191#0.7492
39.00:hum1:7.3536#-2.8912#0.8115#0.1100#-0.1191#0.7492
40.00:hum1:7.3536#-2.8912#0.8115#0.1100#-0.1191#0.7492
41.00:hum1:7.3536#-2.8912#0.8115#0.1100#-0.1191#0.7492
42.00:hum1:7.3536#-2.8912#0.8115#0.1100#-0.1191#0.7492
43.00:hum1:7.3536#-2.8912#0.8115#0.1100#-0.1191#0.7492
44.00:hum1:7.3536#-2.8912#0.8115#0.1100#-0.1191#0.7492
45.00:hum1:7.3536#-2.8912#0.8115#0.1100#-0.1191#0.7492
46.00:hum1:7.7549#-2.8823#0.8215#-0.0491#0.3121#0.1588
47.00:hum1:8.9878#-2.7055#0.8161#-0.0393#0.2987#0.1330
48.00:hum1:9.2108#-2.1724#0.8069#-0.0079#0.0818#-3.0450
49.00:hum1:9.4378#-2.6673#0.8763#0.0094#-0.6821#0.0152
50.00:hum1:9.0429#-2.1538#0.9597#0.1328#1.0821#2.9918
51.00:hum1:9.3300#-2.6785#0.8496#-0.0586#-0.5129#-0.1187
52.00:hum1:9.1826#-2.6616#0.8071#0.0011#0.0079#-0.1417
53.00:hum1:9.1178#-2.6465#0.8215#0.0654#0.3092#-0.2118
54.00:hum1:9.0682#-2.6284#0.8161#0.0796#0.2908#-0.2711
55.00:hum1:9.2132#-2.6675#0.8069#-0.0227#-0.0790#-0.2795
56.00:hum1:9.7380#-2.5585#0.8044#0.0015#-0.0070#0.2098
57.00:hum1:11.0078#-2.2541#0.8618#0.1691#-0.5737#0.3051
58.00:hum1:10.4972#-1.8440#0.9598#-0.3910#1.0438#-2.6962
59.00:hum1:10.9634#-2.1722#0.8721#0.2379#-0.6189#0.3962
60.00:hum1:11.8775#-2.0617#0.8102#-0.0008#-0.1104#-0.0069
61.00:hum1:12.5569#-1.5673#0.8171#-0.0051#-0.2710#3.1228
62.00:hum1:12.3060#-2.0402#0.8204#0.0644#0.3264#-0.1981
63.00:hum1:12.3753#-2.0521#0.8044#-0.0016#-0.0070#-0.2218
64.00:hum1:12.5426#-2.0940#0.8618#-0.1664#-0.5744#-0.2994
65.00:hum1:12.2864#-1.5058#0.9598#0.4780#1.0196#2.5956
66.00:hum1:12.5163#-2.1056#0.8721#-0.2773#-0.6041#-0.4642
67.00:hum1:12.3598#-2.0433#0.8102#-0.0432#-0.1016#-0.4030
68.00:hum1:12.2740#-2.0027#0.8171#0.1181#0.2445#-0.4553
69.00:hum1:13.0504#-1.8986#0.8081#-0.0389#0.1220#0.3099
70.00:hum1:14.1365#-1.5211#0.8281#-0.1359#0.3463#0.3833
71.00:hum1:14.5248#-1.3739#0.8120#-0.0932#0.2538#0.3566
72.00:hum1:14.4000#-0.8857#0.8115#-0.0491#0.1544#-2.8320
73.00:hum1:14.7533#-1.3147#0.8908#0.2019#-0.7400#0.2951
74.00:hum1:14.2755#-0.8994#0.9484#-0.2875#1.0115#-2.8056
75.00:hum1:14.6472#-1.3432#0.8374#0.0695#-0.4206#0.1691
76.00:hum1:14.4923#-1.3638#0.8081#-0.0124#0.1274#0.0973
77.00:hum1:14.3705#-1.3652#0.8281#-0.0131#0.3708#0.0365
78.00:hum1:14.9337#-1.4802#0.8215#0.0929#0.3023#-0.3029
79.00:hum1:15.6767#-1.6970#0.8161#0.0970#0.2856#-0.3321
80.00:hum1:15.8055#-1.7414#0.8069#-0.0315#-0.0759#-0.3936
81.00:hum1:15.8276#-1.2001#0.8763#0.3369#0.6051#2.5900
82.00:hum1:15.7766#-1.1667#0.9597#0.7212#0.9025#2.2999
83.00:hum1:15.8337#-1.7627#0.8496#-0.2665#-0.4472#-0.5627
84.00:hum1:16.0407#-1.3104#0.8071#-0.0044#-0.0067#2.5595
85.00:hum1:16.0854#-1.3412#0.8215#-0.1809#-0.2603#2.5241
86.00:hum1:16.3607#-1.7669#0.8171#0.0134#0.2707#-0.0498
87.00:hum1:17.4049#-1.8166#0.8204#0.0174#0.3320#-0.0530
88.00:hum1:17.6464#-1.3301#0.8044#0.0007#0.0071#3.0438
89.00:hum1:17.4900#-1.3037#0.8618#0.1216#0.5843#2.9238
90.00:hum1:17.7817#-1.8758#0.9598#-0.3957#-1.0427#-0.4501
91.00:hum1:17.4968#-1.2959#0.8721#0.1835#0.6349#2.8387
92.00:hum1:17.6596#-1.3364#0.8102#0.0289#0.1065#2.8765
93.00:hum1:17.7629#-1.3757#0.8171#-0.0991#-0.2527#2.7632
94.00:hum1:18.0963#-1.8407#0.8153#0.0150#0.2466#-0.0612
95.00:hum1:19.2102#-1.9069#0.9413#-0.0934#-1.0018#-0.1104
96.00:hum1:19.2102#-1.9069#0.9413#-0.0934#-1.0018#-0.1104