
2.00:-4.8099#-1.1623#0.2401#-0.0001#-0.0025#-0.0001
3.00:-4.8100#-1.1623#0.2401#-0.0001#-0.0024#-0.0001
4.00:-4.8100#-1.1623#0.2401#-0.0001#-0.0022#-0.0001
5.00:-4.8102#-1.1623#0.2401#-0.0001#-0.0025#-0.0002
6.00:-4.8103#-1.1623#0.2401#-0.0001#-0.0023#-0.0002
7.00:-4.8104#-1.1623#0.2401#-0.0001#-0.0025#-0.0002
8.00:-4.8105#-1.1623#0.2401#-0.0001#-0.0025#-0.0001
9.00:-4.8106#-1.1623#0.2401#-0.0001#-0.0023#-0.0002
10.00:-4.8106#-1.1624#0.2401#-0.0001#-0.0021#-0.0002
11.00:-4.8108#-1.1624#0.2401#-0.0001#-0.0022#-0.0003
12.00:-4.8109#-1.1624#0.2401#-0.0001#-0.0024#-0.0002
13.00:-4.8091#-1.1622#0.2402#-0.0001#-0.0032#-0.0003
14.00:-4.1677#-0.9642#0.2401#0.0020#-0.0025#0.6570
15.00:-3.8979#-0.6600#0.2401#0.0014#-0.0012#0.9415
16.00:-3.8871#-0.6705#0.2401#0.0012#-0.0018#0.6303
17.00:-3.8793#-0.6834#0.2401#0.0006#-0.0021#0.3205
18.00:-3.8757#-0.6977#0.2401#-0.0001#-0.0022#0.0148
19.00:-3.8019#-0.7285#0.2401#-0.0006#-0.0021#-0.2499
20.00:-2.8014#-0.9665#0.2401#-0.0004#-0.0015#-0.2294
21.00:-1.6661#-1.2316#0.2401#-0.0004#-0.0016#-0.2295
22.00:-0.7932#-1.4343#0.2400#-0.0003#-0.0010#-0.2229
23.00:-0.6921#-1.4369#0.2401#-0.0001#-0.0026#0.0086
24.00:0.0809#-1.3857#0.2401#0.0000#-0.0015#0.0603
25.00:1.2447#-1.3156#0.2401#0.0001#-0.0016#0.0600
26.00:2.4083#-1.2458#0.2401#0.0000#-0.0015#0.0601
27.00:3.5718#-1.1754#0.2401#-0.0000#-0.0016#0.0608
28.00:4.7393#-1.1043#0.2401#-0.0000#-0.0015#0.0608
29.00:5.3092#-1.0686#0.2401#-0.0000#-0.0020#0.0487
30.00:5.3615#-1.0937#0.2401#-0.0006#-0.0021#-0.2298
31.00:6.3258#-1.3288#0.2400#-0.0003#-0.0009#-0.2367
32.00:6.7426#-1.4209#0.2401#-0.0003#-0.0016#-0.1456
33.00:7.0599#-1.4117#0.2401#-0.0001#-0.0020#0.0145
34.00:8.1991#-1.4171#0.2401#-0.0001#-0.0015#-0.0049
35.00:9.3668#-1.4226#0.2400#-0.0001#-0.0010#-0.0047
36.00:10.5347#-1.4283#0.2401#-0.0001#-0.0013#-0.0050
37.00:11.7005#-1.4340#0.2401#-0.0001#-0.0014#-0.0048
38.00:12.4459#-1.4346#0.2400#-0.0001#-0.0012#0.0206
39.00:12.4465#-1.4346#0.2401#-0.0000#-0.0014#0.0219
40.00:12.4464#-1.4346#0.2401#-0.0000#-0.0014#0.0219
41.00:12.4463#-1.4346#0.2401#-0.0000#-0.0014#0.0218
42.00:12.4462#-1.4346#0.2401#-0.0000#-0.0016#0.0218
43.00:12.4461#-1.4346#0.2401#-0.0000#-0.0015#0.0218
44.00:12.4460#-1.4346#0.2401#-0.0000#-0.0015#0.0217
45.00:12.4459#-1.4346#0.2401#-0.0000#-0.0016#0.0217
46.00:12.4458#-1.4346#0.2401#-0.0000#-0.0016#0.0217
47.00:12.4458#-1.4346#0.2401#-0.0000#-0.0016#0.0217
48.00:12.4457#-1.4346#0.2401#-0.0000#-0.0015#0.0217
49.00:12.4456#-1.4346#0.2401#-0.0000#-0.0016#0.0217
50.00:12.4455#-1.4346#0.2401#-0.0000#-0.0016#0.0216
51.00:12.4454#-1.4346#0.2401#-0.0000#-0.0016#0.0217
52.00:12.4453#-1.4346#0.2401#-0.0000#-0.0015#0.0217
53.00:12.4453#-1.4346#0.2401#-0.0000#-0.0015#0.0217
54.00:12.4452#-1.4346#0.2401#-0.0000#-0.0017#0.0217
55.00:12.4451#-1.4346#0.2401#-0.0000#-0.0016#0.0217
56.00:12.4450#-1.4346#0.2401#-0.0000#-0.0015#0.0217
57.00:12.4450#-1.4346#0.2401#-0.0000#-0.0015#0.0217
58.00:12.7122#-1.4341#0.2401#-0.0001#-0.0019#-0.0129
59.00:13.8466#-1.4869#0.2401#-0.0001#-0.0016#-0.0484
60.00:15.0111#-1.5433#0.2401#-0.0001#-0.0015#-0.0482
61.00:16.1756#-1.5994#0.2401#-0.0002#-0.0016#-0.0477
62.00:17.3440#-1.6552#0.2401#-0.0002#-0.0015#-0.0477
63.00:17.9712#-1.6831#0.2401#-0.0001#-0.0014#-0.0345
64.00:17.9711#-1.6832#0.2401#-0.0001#-0.0015#-0.0344
65.00:17.9711#-1.6832#0.2401#-0.0001#-0.0015#-0.0344
66.00:17.9710#-1.6832#0.2401#-0.0001#-0.0015#-0.0344
67.00:17.9710#-1.6832#0.2401#-0.0001#-0.0014#-0.0345
68.00:17.9709#-1.6832#0.2401#-0.0001#-0.0015#-0.0345
69.00:17.9709#-1.6832#0.2401#-0.0001#-0.0014#-0.0345
70.00:17.9708#-1.6832#0.2401#-0.0001#-0.0014#-0.0345
71.00:17.9708#-1.6832#0.2401#-0.0001#-0.0014#-0.0345
72.00:17.9707#-1.6832#0.2401#-0.0001#-0.0014#-0.0345
73.00:17.9706#-1.6832#0.2401#-0.0001#-0.0014#-0.0345
74.00:17.9706#-1.6832#0.2401#-0.0001#-0.0014#-0.0346
75.00:17.9705#-1.6832#0.2401#-0.0001#-0.0015#-0.0347
76.00:17.9704#-1.6832#0.2401#-0.0001#-0.0013#-0.0347
77.00:17.9704#-1.6832#0.2401#-0.0001#-0.0013#-0.0347
78.00:17.9703#-1.6832#0.2401#-0.0001#-0.0014#-0.0347
79.00:17.9703#-1.6832#0.2401#-0.0001#-0.0014#-0.0347
80.00:17.9702#-1.6832#0.2401#-0.0001#-0.0015#-0.0346
81.00:17.9702#-1.6832#0.2401#-0.0001#-0.0015#-0.0346
82.00:17.9701#-1.6832#0.2401#-0.0001#-0.0014#-0.0346
83.00:17.9700#-1.6832#0.2401#-0.0001#-0.0015#-0.0347
84.00:17.9700#-1.6832#0.2401#-0.0001#-0.0014#-0.0347
85.00:18.3928#-1.7015#0.2401#-0.0002#-0.0018#-0.0542
86.00:19.5481#-1.7654#0.2400#-0.0002#-0.0012#-0.0545
87.00:19.8985#-1.7796#0.2401#-0.0001#-0.0014#-0.0068
88.00:19.8985#-1.7796#0.2401#-0.0001#-0.0015#-0.0068
89.00:19.8984#-1.7797#0.2401#-0.0001#-0.0014#-0.0068
90.00:19.8983#-1.7797#0.2401#-0.0001#-0.0015#-0.0069
91.00:19.8982#-1.7797#0.2401#-0.0001#-0.0015#-0.0069
92.00:19.8981#-1.7797#0.2401#-0.0001#-0.0016#-0.0070
93.00:19.8979#-1.7797#0.2401#-0.0001#-0.0016#-0.0070
94.00:19.8979#-1.7797#0.2401#-0.0001#-0.0015#-0.0070
95.00:19.8978#-1.7797#0.2401#-0.0001#-0.0016#-0.0070
96.00:19.8977#-1.7798#0.2401#-0.0001#-0.0016#-0.0071