
2.00:-4.8099#-1.1623#0.2401#-0.0001#-0.0025#-0.0001
3.00:-4.8100#-1.1623#0.2401#-0.0001#-0.0024#-0.0001
4.00:-4.8100#-1.1623#0.2401#-0.0001#-0.0022#-0.0001
5.00:-4.8102#-1.1623#0.2401#-0.0001#-0.0025#-0.0002
6.00:-4.8103#-1.1623#0.2401#-0.0001#-0.0023#-0.0002
7.00:-4.8104#-1.1623#0.2401#-0.0001#-0.0025#-0.0002
8.00:-4.8105#-1.1623#0.2401#-0.0001#-0.0025#-0.0001
9.00:-4.8106#-1.1623#0.2401#-0.0001#-0.0023#-0.0002
10.00:-4.8106#-1.1624#0.2401#-0.0001#-0.0021#-0.0002
11.00:-4.3264#-1.0745#0.2401#0.0012#-0.0026#0.4278
12.00:-3.9123#-0.6608#0.2401#0.0015#-0.0010#1.0265
13.00:-3.8997#-0.6686#0.2401#0.0013#-0.0017#0.7213
14.00:-3.8909#-0.6812#0.2401#0.0008#-0.0021#0.4112
15.00:-3.8862#-0.6957#0.2401#0.0001#-0.0022#0.1033
16.00:-3.8851#-0.7102#0.2401#-0.0006#-0.0026#-0.1912
17.00:-3.1513#-0.8914#0.2401#-0.0005#-0.0016#-0.2336
18.00:-2.0173#-1.1617#0.2401#-0.0004#-0.0016#-0.2340
19.00:-0.9463#-1.4163#0.2400#-0.0003#-0.0011#-0.2315
20.00:-0.7297#-1.4532#0.2401#-0.0002#-0.0021#-0.0722
21.00:-0.3261#-1.4135#0.2401#0.0001#-0.0019#0.0893
22.00:0.8302#-1.3074#0.2401#0.0001#-0.0018#0.0913
23.00:1.9913#-1.2009#0.2401#0.0001#-0.0013#0.0913
24.00:3.1562#-1.0939#0.2401#0.0001#-0.0018#0.0919
25.00:3.8438#-1.0290#0.2401#0.0001#-0.0017#0.1023
26.00:3.8514#-1.0435#0.2401#-0.0005#-0.0025#-0.1756
27.00:4.6397#-1.2288#0.2400#-0.0004#-0.0013#-0.2266
28.00:5.7757#-1.4907#0.2400#-0.0004#-0.0015#-0.2264
29.00:6.6937#-1.7021#0.2400#-0.0003#-0.0009#-0.2193
30.00:6.8078#-1.7074#0.2401#-0.0000#-0.0021#0.0071
31.00:7.1980#-1.6545#0.2401#0.0001#-0.0020#0.0923
32.00:8.3519#-1.5709#0.2401#0.0000#-0.0016#0.0725
33.00:9.5146#-1.4866#0.2401#0.0001#-0.0014#0.0727
34.00:10.6812#-1.4017#0.2401#0.0000#-0.0015#0.0727
35.00:11.1909#-1.3619#0.2401#0.0001#-0.0014#0.0962
36.00:11.1909#-1.3619#0.2401#0.0001#-0.0015#0.0962
37.00:11.1908#-1.3619#0.2401#0.0001#-0.0014#0.0962
38.00:11.1908#-1.3619#0.2401#0.0001#-0.0014#0.0962
39.00:11.1911#-1.3712#0.2401#-0.0003#-0.0021#-0.0891
40.00:11.8021#-1.5144#0.2401#-0.0005#-0.0016#-0.2476
41.00:12.2682#-1.6220#0.2401#-0.0003#-0.0017#-0.1431
42.00:12.4785#-1.6045#0.2401#0.0000#-0.0017#0.0646
43.00:13.5519#-1.5871#0.2401#-0.0001#-0.0017#0.0112
44.00:14.7215#-1.5739#0.2401#-0.0001#-0.0016#0.0113
45.00:15.8874#-1.5601#0.2401#-0.0001#-0.0015#0.0119
46.00:17.0532#-1.5462#0.2401#-0.0001#-0.0015#0.0119
47.00:18.2189#-1.5321#0.2401#-0.0001#-0.0018#0.0123
48.00:19.3867#-1.5179#0.2400#-0.0001#-0.0011#0.0125
49.00:19.7882#-1.5067#0.2401#0.0000#-0.0016#0.0592
50.00:19.7881#-1.5067#0.2401#0.0000#-0.0016#0.0592
51.00:19.7881#-1.5067#0.2401#0.0000#-0.0014#0.0592
52.00:19.7880#-1.5067#0.2401#0.0000#-0.0017#0.0592
53.00:19.7879#-1.5067#0.2401#0.0000#-0.0016#0.0592
54.00:19.7879#-1.5067#0.2401#0.0000#-0.0016#0.0593
55.00:19.7878#-1.5067#0.2401#0.0000#-0.0016#0.0594
56.00:19.7877#-1.5067#0.2401#0.0000#-0.0017#0.0594
57.00:19.7876#-1.5067#0.2401#0.0000#-0.0015#0.0594
58.00:19.7875#-1.5067#0.2401#0.0000#-0.0016#0.0594