
2.00:hum1:-6.4000#-1.4250#0.8025#-0.0000#0.0000#-0.0000
3.00:hum1:-6.4000#-1.4250#0.8025#-0.0000#0.0000#-0.0000
4.00:hum1:-6.4000#-1.4250#0.8025#-0.0000#0.0000#-0.0000
5.00:hum1:-6.4000#-1.4250#0.8025#-0.0000#0.0000#-0.0000
6.00:hum1:-6.4000#-1.4250#0.8025#-0.0000#0.0000#-0.0000
7.00:hum1:-6.4000#-1.4250#0.8025#-0.0000#0.0000#-0.0000
8.00:hum1:-6.4000#-1.4250#0.8025#-0.0000#0.0000#-0.0000
9.00:hum1:-6.4000#-1.4250#0.8025#-0.0000#0.0000#-0.0000
10.00:hum1:-6.4000#-1.4250#0.8025#-0.0000#0.0000#-0.0000
11.00:hum1:-6.4000#-1.4250#0.8025#-0.0000#0.0000#-0.0000
12.00:hum1:-6.2573#-1.4121#0.8067#-0.0155#0.1553#0.0999
13.00:hum1:-4.9545#-1.2791#0.8273#0.0377#-0.3394#0.1131
14.00:hum1:-4.4758#-1.2279#0.8721#0.0817#-0.6530#0.1343
15.00:hum1:-4.4848#-1.2288#0.8374#0.0481#-0.4234#0.1169
16.00:hum1:-3.4733#-1.1206#0.9484#0.1776#-1.0275#0.2070
17.00:hum1:-2.6699#-1.0347#0.8908#0.1009#-0.7566#0.1467
18.00:hum1:-1.7670#-0.9381#0.8466#0.0571#-0.4915#0.1209
19.00:hum1:-0.4689#-0.7992#0.9377#0.1598#-0.9803#0.1920
20.00:hum1:0.7604#-0.6677#0.9191#0.1333#-0.8945#0.1706
21.00:hum1:1.7895#-0.5576#0.9413#0.1654#-0.9958#0.1967
22.00:hum1:2.8005#-0.4494#0.9484#0.1776#-1.0275#0.2070
23.00:hum1:3.5043#-0.3741#0.8618#0.0717#-0.5916#0.1285
24.00:hum1:4.5068#-0.2669#0.8466#0.0571#-0.4915#0.1209
25.00:hum1:5.8049#-0.1280#0.9377#0.1598#-0.9803#0.1920
26.00:hum1:5.8978#-0.1180#0.8116#-0.0209#0.1935#0.1086
27.00:hum1:5.8978#-0.1180#0.8116#-0.0209#0.1935#0.1086
28.00:hum1:5.8978#-0.1180#0.8116#-0.0209#0.1935#0.1086
29.00:hum1:5.8978#-0.1180#0.8116#-0.0209#0.1935#0.1086
30.00:hum1:5.8978#-0.1180#0.8116#-0.0209#0.1935#0.1086
31.00:hum1:5.8978#-0.1180#0.8116#-0.0209#0.1935#0.1086
32.00:hum1:5.8978#-0.1180#0.8116#-0.0209#0.1935#0.1086
33.00:hum1:5.8978#-0.1180#0.8116#-0.0209#0.1935#0.1086
34.00:hum1:5.8978#-0.1180#0.8116#-0.0209#0.1935#0.1086
35.00:hum1:5.8978#-0.1180#0.8116#-0.0209#0.1935#0.1086
36.00:hum1:5.8978#-0.1180#0.8116#-0.0209#0.1935#0.1086
37.00:hum1:5.8978#-0.1180#0.8116#-0.0209#0.1935#0.1086
38.00:hum1:5.8978#-0.1180#0.8116#-0.0209#0.1935#0.1086
39.00:hum1:6.2523#-0.2344#0.8044#-0.0027#-0.0067#-0.3860
40.00:hum1:7.4741#-0.6951#0.8618#-0.2229#-0.5568#-0.4048
41.00:hum1:8.7693#-1.0533#0.9598#-0.4433#-1.0301#-0.5054
42.00:hum1:8.7693#-1.0533#0.9598#-0.4433#-1.0301#-0.5054
43.00:hum1:8.7693#-1.0533#0.9598#-0.4433#-1.0301#-0.5054
44.00:hum1:8.7693#-1.0533#0.9598#-0.4433#-1.0301#-0.5054
45.00:hum1:8.7693#-1.0533#0.9598#-0.4433#-1.0301#-0.5054
46.00:hum1:8.7693#-1.0533#0.9598#-0.4433#-1.0301#-0.5054
47.00:hum1:8.7693#-1.0533#0.9598#-0.4433#-1.0301#-0.5054
48.00:hum1:8.7693#-1.0533#0.9598#-0.4433#-1.0301#-0.5054
49.00:hum1:8.7693#-1.0533#0.9598#-0.4433#-1.0301#-0.5054
50.00:hum1:8.7693#-1.0533#0.9598#-0.4433#-1.0301#-0.5054
51.00:hum1:8.7693#-1.0533#0.9598#-0.4433#-1.0301#-0.5054
52.00:hum1:8.7693#-1.0533#0.9598#-0.4433#-1.0301#-0.5054
53.00:hum1:9.8702#-1.2319#0.9597#-0.3181#-1.0588#-0.3607
54.00:hum1:10.7754#-1.3496#0.8496#-0.0580#-0.5130#-0.1174
55.00:hum1:11.7883#-1.4250#0.8071#0.0004#0.0080#-0.0525
56.00:hum1:12.9060#-1.4176#0.8215#-0.0128#0.3156#0.0417
57.00:hum1:13.1667#-1.4073#0.8120#-0.0109#0.2698#0.0411
58.00:hum1:13.2933#-1.4023#0.8048#-0.0023#0.0582#0.0397
59.00:hum1:13.3850#-1.3987#0.8069#0.0032#-0.0821#0.0398
60.00:hum1:13.4878#-1.3946#0.8273#0.0140#-0.3411#0.0421
61.00:hum1:13.6820#-1.3870#0.8908#0.0375#-0.7612#0.0547
62.00:hum1:13.9598#-1.3759#0.8374#0.0178#-0.4256#0.0435
63.00:hum1:14.3897#-1.3588#0.8044#0.0003#-0.0072#0.0397
64.00:hum1:14.4733#-1.3555#0.8115#0.0064#-0.1619#0.0402
65.00:hum1:14.6782#-1.3474#0.8763#0.0319#-0.6816#0.0510
66.00:hum1:14.7828#-1.3433#0.9141#0.0474#-0.8774#0.0620
67.00:hum1:15.0277#-1.3336#0.9191#0.0497#-0.9006#0.0637
68.00:hum1:15.0114#-1.3342#0.8496#0.0223#-0.5155#0.0456
69.00:hum1:15.0114#-1.3342#0.8496#0.0223#-0.5155#0.0456
70.00:hum1:15.0114#-1.3342#0.8496#0.0223#-0.5155#0.0456
71.00:hum1:15.0114#-1.3342#0.8496#0.0223#-0.5155#0.0456
72.00:hum1:15.0114#-1.3342#0.8496#0.0223#-0.5155#0.0456
73.00:hum1:15.0114#-1.3342#0.8496#0.0223#-0.5155#0.0456
74.00:hum1:15.0114#-1.3342#0.8496#0.0223#-0.5155#0.0456
75.00:hum1:15.0114#-1.3342#0.8496#0.0223#-0.5155#0.0456
76.00:hum1:15.0114#-1.3342#0.8496#0.0223#-0.5155#0.0456
77.00:hum1:15.0114#-1.3342#0.8496#0.0223#-0.5155#0.0456
78.00:hum1:15.0114#-1.3342#0.8496#0.0223#-0.5155#0.0456
79.00:hum1:15.0114#-1.3342#0.8496#0.0223#-0.5155#0.0456
80.00:hum1:15.0114#-1.3342#0.8496#0.0223#-0.5155#0.0456
81.00:hum1:14.7255#-2.2586#0.8721#-0.6565#-0.0373#-1.5221
82.00:hum1:14.6330#-3.1697#0.8102#-0.1061#0.0303#-1.8478
83.00:hum1:14.4292#-4.2458#0.8171#0.2693#-0.0304#-1.6803
84.00:hum1:14.2341#-5.4187#0.8204#0.3275#-0.0583#-1.7402
85.00:hum1:14.1038#-6.1185#0.8044#-0.0071#0.0013#-1.7588
86.00:hum1:13.8618#-7.3905#0.8618#-0.5871#0.1052#-1.7269