
2.00:-4.8099#-1.1623#0.2401#-0.0001#-0.0025#-0.0001
3.00:-4.8100#-1.1623#0.2401#-0.0001#-0.0024#-0.0001
4.00:-4.8100#-1.1623#0.2401#-0.0001#-0.0022#-0.0001
5.00:-4.8102#-1.1623#0.2401#-0.0001#-0.0025#-0.0002
6.00:-4.8103#-1.1623#0.2401#-0.0001#-0.0023#-0.0002
7.00:-4.8104#-1.1623#0.2401#-0.0001#-0.0025#-0.0002
8.00:-4.8105#-1.1623#0.2401#-0.0001#-0.0025#-0.0001
9.00:-4.8106#-1.1623#0.2401#-0.0001#-0.0023#-0.0002
10.00:-4.4872#-1.1496#0.2401#0.0003#-0.0022#0.1292
11.00:-3.9080#-0.7628#0.2401#0.0013#-0.0010#0.9574
12.00:-3.8974#-0.7740#0.2401#0.0013#-0.0019#0.6434
13.00:-3.8895#-0.7872#0.2401#0.0006#-0.0021#0.3363
14.00:-3.8857#-0.8021#0.2401#-0.0000#-0.0022#0.0299
15.00:-3.7514#-0.8403#0.2401#-0.0005#-0.0021#-0.2010
16.00:-2.6815#-1.0357#0.2401#-0.0003#-0.0014#-0.1780
17.00:-1.5340#-1.2420#0.2401#-0.0003#-0.0015#-0.1779
18.00:-0.7481#-1.3806#0.2400#-0.0003#-0.0011#-0.1678
19.00:-0.6214#-1.3702#0.2401#0.0001#-0.0023#0.0848
20.00:0.3388#-1.2576#0.2401#0.0001#-0.0014#0.1178
21.00:1.4966#-1.1201#0.2401#0.0001#-0.0015#0.1183
22.00:2.2871#-1.0256#0.2400#0.0001#-0.0011#0.1141
23.00:2.3169#-1.0402#0.2401#-0.0004#-0.0023#-0.1465
24.00:3.2134#-1.1996#0.2401#-0.0003#-0.0015#-0.1715
25.00:4.3619#-1.3985#0.2401#-0.0005#-0.0015#-0.1718
26.00:5.2467#-1.5487#0.2400#-0.0002#-0.0011#-0.1668
27.00:5.3511#-1.5444#0.2401#0.0001#-0.0021#0.0728
28.00:5.9560#-1.4498#0.2400#0.0001#-0.0014#0.1346
29.00:7.1114#-1.2934#0.2401#0.0002#-0.0017#0.1348
30.00:8.2666#-1.1367#0.2401#0.0001#-0.0015#0.1347
31.00:9.4235#-0.9800#0.2401#0.0001#-0.0012#0.1345
32.00:9.8200#-0.9288#0.2401#0.0000#-0.0019#0.0717
33.00:9.8202#-0.9338#0.2401#-0.0002#-0.0022#-0.0325
34.00:9.8200#-0.9338#0.2401#-0.0002#-0.0022#-0.0325
35.00:9.8198#-0.9338#0.2401#-0.0002#-0.0022#-0.0325
36.00:9.8196#-0.9338#0.2401#-0.0002#-0.0022#-0.0325
37.00:9.8194#-0.9338#0.2401#-0.0002#-0.0022#-0.0325
38.00:9.8191#-0.9338#0.2401#-0.0002#-0.0022#-0.0325
39.00:9.8189#-0.9338#0.2401#-0.0002#-0.0022#-0.0326
40.00:9.8187#-0.9338#0.2401#-0.0002#-0.0022#-0.0326
41.00:9.8184#-0.9338#0.2401#-0.0002#-0.0022#-0.0327
42.00:10.0673#-0.9458#0.2401#-0.0001#-0.0019#-0.0345
43.00:11.2027#-0.9742#0.2401#-0.0001#-0.0014#-0.0249
44.00:12.3681#-1.0031#0.2401#-0.0001#-0.0016#-0.0246
45.00:13.5353#-1.0318#0.2401#-0.0001#-0.0012#-0.0244
46.00:13.9337#-1.0351#0.2401#-0.0000#-0.0015#0.0111
47.00:13.9336#-1.0351#0.2401#-0.0001#-0.0015#0.0111
48.00:13.9335#-1.0351#0.2401#-0.0001#-0.0015#0.0111
49.00:13.9334#-1.0351#0.2401#-0.0001#-0.0015#0.0111
50.00:13.9333#-1.0351#0.2401#-0.0000#-0.0015#0.0110
51.00:13.9331#-1.0351#0.2401#-0.0000#-0.0016#0.0110
52.00:13.9330#-1.0351#0.2401#-0.0000#-0.0017#0.0110
53.00:13.9329#-1.0352#0.2401#-0.0001#-0.0016#0.0109
54.00:13.9328#-1.0352#0.2401#-0.0001#-0.0016#0.0109
55.00:13.9327#-1.0352#0.2401#-0.0001#-0.0015#0.0109
56.00:13.9326#-1.0352#0.2401#-0.0001#-0.0015#0.0108
57.00:13.9329#-1.0451#0.2401#-0.0005#-0.0020#-0.1833
58.00:13.9296#-1.0594#0.2401#-0.0011#-0.0019#-0.4731
59.00:13.9228#-1.0718#0.2401#-0.0016#-0.0015#-0.7593
60.00:13.9123#-1.0817#0.2401#-0.0019#-0.0010#-1.0496
61.00:14.2805#-1.0531#0.3121#-0.0625#-0.0129#-1.2367
62.00:15.3091#-1.3121#0.2829#0.0443#-0.1737#0.6718
63.00:15.3085#-1.1929#0.2348#-0.0881#0.0241#1.3038
64.00:15.3165#-1.2253#0.2401#0.0018#-0.0012#1.0362
65.00:15.3278#-1.2350#0.2401#0.0014#-0.0017#0.7371
66.00:15.5048#-1.2814#0.2391#-0.0002#0.0178#0.0039
67.00:15.5050#-1.3227#0.2401#-0.0018#-0.0013#-0.9068
68.00:15.4929#-1.3307#0.2401#-0.0021#-0.0007#-1.1993
69.00:15.4790#-1.3351#0.2401#-0.0022#-0.0001#-1.4918
70.00:15.4584#-1.8586#0.2400#-0.0012#0.0001#-1.5970
71.00:15.4279#-3.0278#0.2400#-0.0015#0.0001#-1.5970
72.00:15.3973#-4.1972#0.2400#-0.0013#0.0001#-1.5969
73.00:15.3670#-5.3664#0.2400#-0.0013#0.0002#-1.5967
74.00:15.3515#-5.9953#0.2401#-0.0016#0.0001#-1.5892
75.00:15.3515#-5.9953#0.2401#-0.0015#0.0001#-1.5892
76.00:15.3515#-5.9952#0.2401#-0.0014#0.0001#-1.5892
77.00:15.3515#-5.9952#0.2401#-0.0014#0.0001#-1.5892
78.00:15.3515#-5.9951#0.2401#-0.0015#0.0001#-1.5892
79.00:15.3515#-5.9951#0.2401#-0.0015#0.0001#-1.5892
80.00:15.3515#-5.9950#0.2401#-0.0015#0.0001#-1.5892
81.00:15.3515#-5.9949#0.2401#-0.0014#0.0001#-1.5892
82.00:15.3515#-5.9949#0.2401#-0.0014#0.0001#-1.5892
83.00:15.3515#-5.9948#0.2401#-0.0015#0.0001#-1.5892
84.00:15.3394#-5.9940#0.2401#-0.0020#0.0007#-1.8326
85.00:15.2999#-6.0386#0.2401#-0.0016#0.0010#-2.0943
86.00:14.9063#-6.7423#0.2400#-0.0009#0.0006#-2.0728