
1.00:hum1:3.8000#2.2500#0.8025#-0.0000#-0.0000#-1.5708
2.00:hum1:3.8000#2.2500#0.8025#-0.0000#-0.0000#-1.5708
3.00:hum1:3.8000#2.2500#0.8025#-0.0000#-0.0000#-1.5708
4.00:hum1:3.8000#2.2500#0.8025#-0.0000#-0.0000#-1.5708
5.00:hum1:3.8000#2.2500#0.8025#-0.0000#-0.0000#-1.5708
6.00:hum1:3.8000#2.2500#0.8025#-0.0000#-0.0000#-1.5708
7.00:hum1:3.8000#2.2500#0.8025#-0.0000#-0.0000#-1.5708
8.00:hum1:3.8000#2.2500#0.8025#-0.0000#-0.0000#-1.5708
9.00:hum1:3.8000#2.2500#0.8025#-0.0000#-0.0000#-1.5708
10.00:hum1:4.6662#1.7622#0.9598#-0.5451#-0.9958#-0.6254
11.00:hum1:4.9687#1.6179#0.8120#0.1184#0.2432#-0.4585
12.00:hum1:5.3017#1.4640#0.8025#0.0000#0.0000#-0.4411
13.00:hum1:5.4573#1.3920#0.8025#0.0000#0.0000#-0.4335
14.00:hum1:5.5285#1.3593#0.8025#0.0000#0.0000#-0.4307
15.00:hum1:5.6226#1.3161#0.8025#0.0000#0.0000#-0.4294
16.00:hum1:6.2067#1.0556#0.8025#0.0000#0.0000#-0.3278
17.00:hum1:7.0468#0.7378#0.8048#0.0186#0.0552#-0.3254
18.00:hum1:6.4211#0.8344#0.8466#-0.1522#0.4724#-2.8161
19.00:hum1:6.9262#0.2223#0.9377#0.0025#-0.9888#0.0033
20.00:hum1:7.0518#0.5144#0.9191#-0.2601#0.8737#-2.8071
21.00:hum1:6.0516#0.3668#0.8168#-0.0392#0.2222#-2.9652
22.00:hum1:5.0570#0.2271#0.8153#0.0501#-0.2420#-2.9350
23.00:hum1:3.8615#-0.0134#0.8244#0.0794#-0.3552#-2.9164
24.00:hum1:2.5500#-0.3030#0.8048#0.0143#-0.0564#-2.8926
25.00:hum1:1.9853#-0.4374#0.8116#0.0390#-0.1907#-2.9382
26.00:hum1:1.9339#-0.4478#0.8171#0.0550#-0.2655#-2.9346
27.00:hum1:1.9339#-0.4478#0.8171#0.0550#-0.2655#-2.9346
28.00:hum1:1.9339#-0.4478#0.8171#0.0550#-0.2655#-2.9346
29.00:hum1:1.7905#-0.4768#0.8025#0.0000#-0.0000#-2.9419
30.00:hum1:1.8893#-0.9669#0.8025#-0.0000#0.0000#0.1981
31.00:hum1:1.8483#-0.6798#0.8044#0.0014#-0.0070#0.1981
32.00:hum1:2.3917#-0.5707#0.8081#-0.0253#0.1255#0.1997
33.00:hum1:2.5298#-0.5430#0.8025#-0.0000#0.0000#0.1981
34.00:hum1:2.5298#-0.5430#0.8025#-0.0000#0.0000#0.1981
35.00:hum1:3.2624#-0.9500#0.8721#-0.3223#-0.5835#-0.5446
36.00:hum1:3.5822#-1.0579#0.8067#0.0549#0.1461#-0.3605
37.00:hum1:4.2798#-1.2941#0.8262#-0.1050#-0.3121#-0.3302
38.00:hum1:5.0782#-1.4329#0.8908#-0.1679#-0.7469#-0.2441
39.00:hum1:5.3568#-1.4461#0.8171#0.0253#0.2699#-0.0945
40.00:hum1:6.5927#-1.4656#0.8204#-0.0130#0.3322#0.0402
41.00:hum1:7.9474#-1.4137#0.8044#0.0005#-0.0072#0.0693
42.00:hum1:9.2426#-1.3162#0.8618#0.0584#-0.5929#0.1046
43.00:hum1:9.7922#-1.2666#0.8161#0.0022#0.3012#-0.0070
44.00:hum1:10.6579#-1.2419#0.8496#0.0203#-0.5156#0.0415
45.00:hum1:11.2065#-1.2958#0.8273#-0.0269#-0.3404#-0.0801
46.00:hum1:11.2513#-1.2992#0.8025#0.0000#0.0000#-0.0755
47.00:hum1:11.2513#-1.2992#0.8025#0.0000#0.0000#-0.0755
48.00:hum1:11.2513#-1.2992#0.8025#0.0000#0.0000#-0.0755
49.00:hum1:11.2513#-1.2992#0.8025#0.0000#0.0000#-0.0755
50.00:hum1:11.2513#-1.2992#0.8025#0.0000#0.0000#-0.0755
51.00:hum1:11.8362#-1.4133#0.8161#0.0587#0.2956#-0.1988
52.00:hum1:12.7017#-1.5611#0.9191#-0.2047#-0.8846#-0.2618
53.00:hum1:12.6856#-1.5584#0.8496#-0.0929#-0.5083#-0.1888
54.00:hum1:12.6856#-1.5584#0.8496#-0.0929#-0.5083#-0.1888
55.00:hum1:13.4083#-1.5204#0.8618#0.0220#-0.5950#0.0396
56.00:hum1:14.7300#-1.4771#0.9598#0.0618#-1.0862#0.0701
57.00:hum1:15.8973#-1.4388#0.8721#0.0251#-0.6570#0.0414
58.00:hum1:16.9118#-1.4055#0.8102#0.0036#-0.1103#0.0330
59.00:hum1:18.0667#-1.0953#0.8171#-0.2161#0.1649#0.9290
60.00:hum1:18.4776#0.1334#0.8204#-0.3263#0.0648#1.3819
61.00:hum1:18.6554#1.0129#0.8171#-0.2659#0.0532#1.3784
62.00:hum1:18.6799#1.1340#0.8244#-0.3570#0.0707#1.3840
63.00:hum1:18.7238#1.3509#0.8067#-0.1530#0.0309#1.3736
64.00:hum1:18.7616#1.5378#0.8115#0.1588#-0.0320#1.3738
65.00:hum1:18.7847#1.6517#0.8466#0.4862#-0.0944#1.3947
66.00:hum1:18.8230#1.8414#0.9141#0.8685#-0.1534#1.4426
67.00:hum1:18.8469#1.9596#0.9598#1.0789#-0.1766#1.4773
68.00:hum1:18.8716#2.0816#0.9191#0.8918#-0.1563#1.4462
69.00:hum1:18.8684#2.0656#0.8496#0.5074#-0.0981#1.3968
70.00:hum1:18.8627#2.0379#0.8102#0.1082#-0.0219#1.3725
71.00:hum1:18.8555#2.0023#0.8153#-0.2423#0.0486#1.3772
72.00:hum1:18.8675#2.0619#0.8215#-0.3099#0.0617#1.3809
73.00:hum1:18.8944#2.1948#0.8204#-0.3263#0.0648#1.3819
74.00:hum1:18.9444#2.4418#0.8048#-0.0571#0.0116#1.3716
75.00:hum1:18.9626#2.5317#0.8069#0.0806#-0.0163#1.3719
76.00:hum1:19.0017#2.7249#0.8618#0.5861#-0.1116#1.4050
77.00:hum1:19.0215#2.8231#0.8908#0.7519#-0.1375#1.4257
78.00:hum1:18.3750#4.6735#0.4025#0.0000#0.0000#-1.5700
79.00:hum1:18.3750#4.6735#0.4025#0.0000#0.0000#-1.5700
80.00:hum1:18.3750#4.6735#0.4025#0.0000#0.0000#-1.5700
81.00:hum1:18.3750#4.6735#0.4025#0.0000#0.0000#-1.5700
82.00:hum1:18.3750#4.6735#0.4025#0.0000#0.0000#-1.5700
83.00:hum1:18.3750#4.6735#0.4025#0.0000#0.0000#-1.5700
84.00:hum1:18.3750#4.6735#0.4025#0.0000#0.0000#-1.5700
85.00:hum1:18.3750#4.6735#0.4025#0.0000#0.0000#-1.5700
86.00:hum1:18.3750#4.6735#0.4025#0.0000#0.0000#-1.5700
87.00:hum1:18.3750#4.6735#0.4025#0.0000#0.0000#-1.5700
88.00:hum1:18.2263#2.8345#0.9598#-1.0855#0.0798#-1.6125
89.00:hum1:18.0955#1.6696#0.8721#-0.6563#0.0411#-1.6237
90.00:hum1:17.8525#0.8442#0.8102#-0.0930#0.0595#-2.1379
91.00:hum1:17.3565#-0.0443#0.8171#0.2209#-0.1583#-2.1827
92.00:hum1:16.6966#-1.0701#0.8204#0.2987#-0.1482#-2.0176
93.00:hum1:16.0672#-2.2565#0.8044#-0.0063#0.0034#-2.0646
94.00:hum1:15.8147#-3.6137#0.8618#-0.5954#-0.0007#-1.5695
95.00:hum1:15.7310#-4.9049#0.9598#-1.0851#0.0884#-1.6170
96.00:hum1:15.6029#-5.6577#0.8618#-0.5888#0.0943#-1.7106
97.00:hum1:15.6029#-5.6577#0.8618#-0.5888#0.0943#-1.7106
98.00:hum1:15.6029#-5.6577#0.8618#-0.5888#0.0943#-1.7106
99.00:hum1:15.6029#-5.6577#0.8618#-0.5888#0.0943#-1.7106
100.00:hum1:15.6029#-5.6577#0.8618#-0.5888#0.0943#-1.7106
101.00:hum1:15.6029#-5.6577#0.8618#-0.5888#0.0943#-1.7106
102.00:hum1:15.6029#-5.6577#0.8618#-0.5888#0.0943#-1.7106
103.00:hum1:15.6029#-5.6577#0.8618#-0.5888#0.0943#-1.7106
104.00:hum1:15.6029#-5.6577#0.8618#-0.5888#0.0943#-1.7106
105.00:hum1:15.6029#-5.6577#0.8618#-0.5888#0.0943#-1.7106
106.00:hum1:15.5676#-5.8653#0.9377#-0.9822#0.1408#-1.6638
107.00:hum1:15.4014#-6.8425#0.9141#-0.8713#0.1296#-1.6788
108.00:hum1:15.3475#-6.5055#0.8267#-0.0653#-0.3673#2.9618
109.00:hum1:15.3475#-6.5055#0.8267#-0.0653#-0.3673#2.9618
110.00:hum1:15.3475#-6.5055#0.8267#-0.0653#-0.3673#2.9618
111.00:hum1:15.3475#-6.5055#0.8267#-0.0653#-0.3673#2.9618
112.00:hum1:15.3475#-6.5055#0.8267#-0.0653#-0.3673#2.9618
113.00:hum1:15.3475#-6.5055#0.8267#-0.0653#-0.3673#2.9618
114.00:hum1:15.3475#-6.5055#0.8267#-0.0653#-0.3673#2.9618
115.00:hum1:15.3475#-6.5055#0.8267#-0.0653#-0.3673#2.9618
116.00:hum1:15.3475#-6.5055#0.8267#-0.0653#-0.3673#2.9618
117.00:hum1:14.7347#-6.6551#0.8025#0.0000#-0.0000#-1.7393
118.00:hum1:14.9417#-6.9276#0.8025#-0.0000#-0.0000#2.9739
119.00:hum1:14.9417#-6.9276#0.8025#-0.0000#-0.0000#2.9739
120.00:hum1:14.9417#-6.9276#0.8025#-0.0000#-0.0000#2.9739
121.00:hum1:14.9417#-6.9276#0.8025#-0.0000#-0.0000#2.9739
122.00:hum1:14.9417#-6.9276#0.8025#-0.0000#-0.0000#2.9739
123.00:hum1:14.9417#-6.9276#0.8025#-0.0000#-0.0000#2.9739
124.00:hum1:14.9417#-6.9276#0.8025#-0.0000#-0.0000#2.9739
125.00:hum1:14.9417#-6.9276#0.8025#-0.0000#-0.0000#2.9739
126.00:hum1:14.9417#-6.9276#0.8025#-0.0000#-0.0000#2.9739
127.00:hum1:14.9417#-6.9276#0.8025#-0.0000#-0.0000#2.9739
128.00:hum1:14.9417#-6.9276#0.8025#-0.0000#-0.0000#2.9739
129.00:hum1:14.9417#-6.9276#0.8025#-0.0000#-0.0000#2.9739
130.00:hum1:14.9417#-6.9276#0.8025#-0.0000#-0.0000#2.9739
131.00:hum1:14.9417#-6.9276#0.8025#-0.0000#-0.0000#2.9739
132.00:hum1:14.9417#-6.9276#0.8025#-0.0000#-0.0000#2.9739
133.00:hum1:14.9417#-6.9276#0.8025#-0.0000#-0.0000#2.9739
134.00:hum1:14.9417#-6.9276#0.8025#-0.0000#-0.0000#2.9739
135.00:hum1:14.9417#-6.9276#0.8025#-0.0000#-0.0000#2.9739