
2.00:-4.1099#-1.2873#0.2401#-0.0001#-0.0024#-0.0002
3.00:-4.1101#-1.2873#0.2401#-0.0001#-0.0025#-0.0002
4.00:-4.1102#-1.2874#0.2401#-0.0001#-0.0025#-0.0002
5.00:-4.1103#-1.2874#0.2401#-0.0001#-0.0025#-0.0003
6.00:-4.1104#-1.2874#0.2401#-0.0001#-0.0026#-0.0003
7.00:-4.1105#-1.2874#0.2401#-0.0001#-0.0026#-0.0003
8.00:-4.1106#-1.2874#0.2401#-0.0001#-0.0024#-0.0004
9.00:-4.1108#-1.2874#0.2401#-0.0001#-0.0024#-0.0006
10.00:-4.1108#-1.2874#0.2401#-0.0001#-0.0021#-0.0007
11.00:-4.1109#-1.2874#0.2401#-0.0001#-0.0022#-0.0007
12.00:-3.7711#-1.3229#0.2401#-0.0007#-0.0022#-0.2650
13.00:-3.4864#-1.5488#0.2401#-0.0015#-0.0012#-0.8839
14.00:-3.4065#-1.6025#0.2401#-0.0013#-0.0018#-0.5938
15.00:-3.3162#-1.6306#0.2401#-0.0007#-0.0021#-0.3069
16.00:-3.2221#-1.6321#0.2401#-0.0001#-0.0021#-0.0222
17.00:-2.6652#-1.5832#0.2401#0.0000#-0.0017#0.0814
18.00:-1.5032#-1.4886#0.2401#0.0000#-0.0015#0.0811
19.00:-0.3413#-1.3943#0.2401#0.0001#-0.0021#0.0807
20.00:0.8247#-1.3001#0.2401#0.0000#-0.0014#0.0807
21.00:1.9867#-1.2060#0.2401#0.0001#-0.0017#0.0809
22.00:3.1486#-1.1118#0.2401#0.0001#-0.0015#0.0809
23.00:4.2840#-1.0196#0.2400#0.0000#-0.0012#0.0823
24.00:4.5385#-1.0045#0.2401#-0.0002#-0.0021#-0.0288
25.00:4.7869#-1.0700#0.2401#-0.0005#-0.0016#-0.2267
26.00:5.8112#-1.3096#0.2400#-0.0003#-0.0010#-0.2289
27.00:6.0030#-1.3396#0.2401#-0.0002#-0.0021#-0.0581
28.00:6.5599#-1.3186#0.2400#-0.0000#-0.0016#0.0224
29.00:7.7254#-1.2925#0.2401#-0.0000#-0.0015#0.0224
30.00:8.8909#-1.2664#0.2401#-0.0000#-0.0014#0.0223
31.00:10.0583#-1.2405#0.2400#-0.0000#-0.0011#0.0222
32.00:11.2257#-1.2143#0.2401#-0.0000#-0.0017#0.0223
33.00:11.9695#-1.1960#0.2400#-0.0000#-0.0012#0.0390
34.00:11.9701#-1.1961#0.2401#-0.0000#-0.0015#0.0402
35.00:11.9700#-1.1961#0.2401#-0.0000#-0.0015#0.0402
36.00:11.9699#-1.1961#0.2401#-0.0000#-0.0015#0.0402
37.00:11.9699#-1.2059#0.2401#-0.0004#-0.0021#-0.1570
38.00:11.9665#-1.2197#0.2401#-0.0010#-0.0019#-0.4467
39.00:11.9593#-1.2321#0.2401#-0.0015#-0.0015#-0.7355
40.00:11.9972#-1.2187#0.2413#-0.0063#-0.0001#-0.9996
41.00:12.0345#-1.3533#0.2401#-0.0018#-0.0006#-1.2291
42.00:12.3964#-2.3770#0.2400#-0.0012#-0.0004#-1.2323
43.00:12.7848#-3.4803#0.2400#-0.0012#-0.0004#-1.2325
44.00:13.1722#-4.5800#0.2400#-0.0013#-0.0004#-1.2320
45.00:13.5609#-5.6832#0.2400#-0.0011#-0.0004#-1.2322
46.00:13.9493#-6.7865#0.2400#-0.0014#-0.0005#-1.2324
47.00:14.1262#-7.2734#0.2401#-0.0016#-0.0006#-1.1909
48.00:14.1262#-7.2733#0.2401#-0.0015#-0.0005#-1.1910
49.00:14.1261#-7.2733#0.2401#-0.0015#-0.0005#-1.1910
50.00:14.1261#-7.2732#0.2401#-0.0015#-0.0005#-1.1910
51.00:14.1261#-7.2732#0.2401#-0.0013#-0.0005#-1.1911
52.00:14.1260#-7.2731#0.2401#-0.0014#-0.0005#-1.1911
53.00:14.1260#-7.2730#0.2401#-0.0014#-0.0005#-1.1911
54.00:14.1259#-7.2729#0.2401#-0.0015#-0.0005#-1.1911
55.00:14.1259#-7.2729#0.2401#-0.0013#-0.0005#-1.1912
56.00:14.1258#-7.2728#0.2401#-0.0014#-0.0005#-1.1912
57.00:14.1258#-7.2727#0.2401#-0.0015#-0.0005#-1.1912
58.00:14.1257#-7.2727#0.2401#-0.0013#-0.0004#-1.1912
59.00:14.1257#-7.2726#0.2401#-0.0015#-0.0005#-1.1912
60.00:14.1256#-7.2726#0.2401#-0.0013#-0.0005#-1.1913
61.00:14.1256#-7.2725#0.2401#-0.0015#-0.0005#-1.1913
62.00:14.1255#-7.2724#0.2401#-0.0015#-0.0005#-1.1913
63.00:14.1255#-7.2724#0.2401#-0.0014#-0.0005#-1.1914
64.00:14.1254#-7.2723#0.2401#-0.0014#-0.0005#-1.1914
65.00:14.1254#-7.2722#0.2401#-0.0015#-0.0005#-1.1914
66.00:14.1254#-7.2722#0.2401#-0.0014#-0.0005#-1.1914
67.00:14.1253#-7.2721#0.2401#-0.0013#-0.0004#-1.1914
68.00:14.1253#-7.2721#0.2401#-0.0014#-0.0005#-1.1914
69.00:14.1252#-7.2720#0.2401#-0.0015#-0.0005#-1.1914
70.00:14.1252#-7.2719#0.2401#-0.0014#-0.0005#-1.1915
71.00:14.1251#-7.2719#0.2401#-0.0013#-0.0005#-1.1915
72.00:14.1251#-7.2718#0.2401#-0.0014#-0.0005#-1.1915
73.00:14.1251#-7.2718#0.2401#-0.0014#-0.0005#-1.1915
74.00:14.1250#-7.2717#0.2401#-0.0014#-0.0005#-1.1915
75.00:14.1250#-7.2717#0.2401#-0.0014#-0.0005#-1.1916
76.00:14.1250#-7.2716#0.2401#-0.0013#-0.0005#-1.1916
77.00:14.1250#-7.2716#0.2401#-0.0014#-0.0005#-1.1916
78.00:14.1249#-7.2715#0.2401#-0.0014#-0.0005#-1.1916
79.00:14.1249#-7.2714#0.2401#-0.0014#-0.0005#-1.1916
80.00:14.1547#-7.3136#0.2401#-0.0018#-0.0011#-1.0311
81.00:14.1744#-7.3352#0.2401#-0.0018#-0.0012#-0.9405