
2.00:hum1:-6.4000#-1.4250#0.8025#-0.0000#0.0000#-0.0000
3.00:hum1:-6.4000#-1.4250#0.8025#-0.0000#0.0000#-0.0000
4.00:hum1:-6.4000#-1.4250#0.8025#-0.0000#0.0000#-0.0000
5.00:hum1:-6.4000#-1.4250#0.8025#-0.0000#0.0000#-0.0000
6.00:hum1:-6.4000#-1.4250#0.8025#-0.0000#0.0000#-0.0000
7.00:hum1:-6.4000#-1.4250#0.8025#-0.0000#0.0000#-0.0000
8.00:hum1:-6.4000#-1.4250#0.8025#-0.0000#0.0000#-0.0000
9.00:hum1:-6.4000#-1.4250#0.8025#-0.0000#0.0000#-0.0000
10.00:hum1:-6.4000#-1.4250#0.8025#-0.0000#0.0000#-0.0000
11.00:hum1:-6.4000#-1.4250#0.8025#-0.0000#0.0000#-0.0000
12.00:hum1:-6.4000#-1.4250#0.8025#-0.0000#0.0000#-0.0000
13.00:hum1:-6.4000#-1.4250#0.8025#-0.0000#0.0000#-0.0000
14.00:hum1:-6.4000#-1.4250#0.8025#-0.0000#0.0000#-0.0000
15.00:hum1:-5.5938#-1.3191#0.8081#-0.0171#0.1269#0.1343
16.00:hum1:-4.4761#-1.1694#0.8721#0.1020#-0.6506#0.1677
17.00:hum1:-4.4850#-1.1706#0.8374#0.0601#-0.4220#0.1461
18.00:hum1:-3.4767#-1.0354#0.9484#0.2206#-1.0222#0.2574
19.00:hum1:-2.5665#-0.9134#0.9377#0.1988#-0.9755#0.2390
20.00:hum1:-1.4646#-0.7657#0.9598#0.2472#-1.0706#0.2804
21.00:hum1:-0.3069#-0.6105#0.8721#0.1020#-0.6506#0.1677
22.00:hum1:0.7434#-0.4697#0.9191#0.1661#-0.8905#0.2127
23.00:hum1:1.7580#-0.3337#0.8168#0.0304#-0.2236#0.1367
24.00:hum1:2.7477#-0.2009#0.8153#-0.0334#0.2448#0.1374
25.00:hum1:3.9542#-0.0392#0.8244#-0.0504#0.3603#0.1424
26.00:hum1:5.2766#0.1380#0.8048#-0.0077#0.0577#0.1335
27.00:hum1:6.5623#0.3103#0.8466#0.0714#-0.4898#0.1511
28.00:hum1:7.8562#0.4838#0.9377#0.1988#-0.9755#0.2390
29.00:hum1:9.0816#0.6480#0.9191#0.1661#-0.8905#0.2127
30.00:hum1:9.4457#0.6969#0.8048#-0.0077#0.0577#0.1335
31.00:hum1:9.3100#1.1494#0.8069#-0.0416#0.0709#-2.6096
32.00:hum1:8.8529#0.1286#0.8763#0.0493#-0.6807#0.0786
33.00:hum1:9.0843#0.4673#0.9597#-0.6234#0.9605#-2.4210
34.00:hum1:8.0604#0.1169#0.8496#-0.1452#0.4969#-2.8437
35.00:hum1:7.0782#-0.2122#0.8071#0.0031#-0.0074#-2.7422
36.00:hum1:6.0688#-0.6411#0.8215#0.1274#-0.2898#-2.7198
37.00:hum1:5.8288#-0.7434#0.8120#0.1081#-0.2479#-2.7250
38.00:hum1:5.7123#-0.7931#0.8048#0.0228#-0.0536#-2.7378
39.00:hum1:5.6279#-0.8291#0.8069#-0.0323#0.0756#-2.7372
40.00:hum1:5.5332#-0.8694#0.8273#-0.1384#0.3131#-2.7165
41.00:hum1:5.0982#-1.0549#0.9413#-0.5527#0.8889#-2.4699
42.00:hum1:5.0904#-1.0583#0.8721#-0.2939#0.5970#-2.6474
43.00:hum1:4.1629#-1.4538#0.9484#-0.5857#0.9140#-2.4440
44.00:hum1:4.4759#-0.3131#0.9413#0.9986#0.1360#1.6582
45.00:hum1:4.1963#-0.2424#0.8262#-0.0831#-0.3185#-0.2597
46.00:hum1:5.1434#-0.4799#0.8116#0.0507#0.1880#-0.2650
47.00:hum1:5.7289#-0.6327#0.8267#0.0851#0.3634#-0.2353
48.00:hum1:6.9346#-0.9036#0.8067#0.0349#0.1521#-0.2262
49.00:hum1:7.6489#-1.0480#0.8273#-0.0671#-0.3350#-0.2012