
2.00:-4.8099#-1.1623#0.2401#-0.0001#-0.0025#-0.0001
3.00:-4.8100#-1.1623#0.2401#-0.0001#-0.0024#-0.0001
4.00:-4.8100#-1.1623#0.2401#-0.0001#-0.0022#-0.0001
5.00:-4.8102#-1.1623#0.2401#-0.0001#-0.0025#-0.0002
6.00:-4.8103#-1.1623#0.2401#-0.0001#-0.0023#-0.0002
7.00:-4.8104#-1.1623#0.2401#-0.0001#-0.0025#-0.0002
8.00:-4.8105#-1.1623#0.2401#-0.0001#-0.0025#-0.0001
9.00:-4.8106#-1.1623#0.2401#-0.0001#-0.0023#-0.0002
10.00:-4.8106#-1.1624#0.2401#-0.0001#-0.0021#-0.0002
11.00:-4.7800#-1.1625#0.2402#-0.0001#-0.0033#-0.0007
12.00:-4.0611#-0.8645#0.2401#0.0016#-0.0017#0.7613
13.00:-3.8944#-0.6574#0.2401#0.0015#-0.0014#0.9093
14.00:-3.8837#-0.6683#0.2401#0.0011#-0.0019#0.5999
15.00:-3.8758#-0.6815#0.2401#0.0005#-0.0022#0.2947
16.00:-3.8729#-0.6964#0.2401#-0.0001#-0.0022#-0.0112
17.00:-3.7717#-0.7359#0.2401#-0.0007#-0.0021#-0.2645
18.00:-2.7439#-0.9994#0.2401#-0.0005#-0.0014#-0.2485
19.00:-1.6139#-1.2859#0.2401#-0.0005#-0.0017#-0.2482
20.00:-0.7920#-1.4949#0.2400#-0.0003#-0.0010#-0.2423
21.00:-0.6950#-1.4953#0.2401#-0.0000#-0.0022#0.0114
22.00:-0.0297#-1.4231#0.2401#0.0001#-0.0014#0.1051
23.00:1.1296#-1.3014#0.2401#0.0001#-0.0017#0.1043
24.00:2.2887#-1.1801#0.2401#0.0001#-0.0016#0.1043
25.00:3.4500#-1.0581#0.2400#0.0000#-0.0011#0.1047
26.00:3.8491#-1.0184#0.2401#-0.0000#-0.0016#0.0425
27.00:3.9001#-1.0444#0.2401#-0.0006#-0.0019#-0.2430
28.00:4.8569#-1.2982#0.2400#-0.0003#-0.0009#-0.2582
29.00:5.2717#-1.4002#0.2401#-0.0003#-0.0017#-0.1687
30.00:5.2866#-1.4001#0.2401#-0.0003#-0.0021#-0.1218
31.00:5.2864#-1.4001#0.2401#-0.0003#-0.0021#-0.1218
32.00:5.2862#-1.4001#0.2401#-0.0003#-0.0021#-0.1218
33.00:5.2861#-1.4001#0.2401#-0.0003#-0.0021#-0.1217
34.00:5.2859#-1.4001#0.2401#-0.0003#-0.0021#-0.1217
35.00:5.2857#-1.4001#0.2401#-0.0003#-0.0021#-0.1216
36.00:5.2856#-1.4001#0.2401#-0.0003#-0.0021#-0.1217
37.00:5.4144#-1.4258#0.2401#-0.0002#-0.0022#-0.0421
38.00:5.5545#-1.4304#0.2401#0.0009#-0.0028#0.3388
39.00:5.6530#-1.4076#0.2401#0.0017#-0.0023#0.6498
40.00:4.8797#-1.7111#0.3733#0.4895#-0.2457#1.3914
41.00:4.8212#-1.3431#0.3114#0.2763#0.0440#1.9789
42.00:4.4161#-0.7001#0.2401#0.0027#0.0027#2.3365
43.00:3.6532#0.0928#0.2401#0.0016#0.0013#2.3162
44.00:2.8616#0.9476#0.2401#0.0012#0.0010#2.3205
45.00:2.5250#1.2550#0.2402#0.0035#0.0011#1.9191
46.00:2.5250#1.2335#0.2402#0.0040#0.0007#1.7720
47.00:2.5281#1.2171#0.2402#0.0040#0.0002#1.6424
48.00:2.5291#1.2058#0.2402#0.0039#-0.0001#1.5532
49.00:2.5290#1.2039#0.2401#0.0026#-0.0002#1.5430