
1.00:hum1:-5.5750#-1.5000#0.8025#-0.0000#0.0000#-0.0000
2.00:hum1:-5.5750#-1.5000#0.8025#-0.0000#0.0000#-0.0000
3.00:hum1:-5.5750#-1.5000#0.8025#-0.0000#0.0000#-0.0000
4.00:hum1:-5.5750#-1.5000#0.8025#-0.0000#0.0000#-0.0000
5.00:hum1:-5.5750#-1.5000#0.8025#-0.0000#0.0000#-0.0000
6.00:hum1:-5.5750#-1.5000#0.8025#-0.0000#0.0000#-0.0000
7.00:hum1:-5.5750#-1.5000#0.8025#-0.0000#0.0000#-0.0000
8.00:hum1:-5.5750#-1.5000#0.8025#-0.0000#0.0000#-0.0000
9.00:hum1:-5.5750#-1.5000#0.8025#-0.0000#0.0000#-0.0000
10.00:hum1:-5.5750#-1.5000#0.8025#-0.0000#0.0000#-0.0000
11.00:hum1:-5.5750#-1.5000#0.8025#-0.0000#0.0000#-0.0000
12.00:hum1:-5.5750#-1.5000#0.8025#-0.0000#0.0000#-0.0000
13.00:hum1:-5.2374#-1.4602#0.8115#0.0200#-0.1608#0.1244
14.00:hum1:-3.9288#-1.2587#0.8908#0.1647#-0.7475#0.2401
15.00:hum1:-3.7179#-1.2214#0.9597#0.3199#-1.0585#0.3636
16.00:hum1:-3.6546#-1.2102#0.9413#0.2675#-0.9810#0.3189
17.00:hum1:-3.6462#-1.2087#0.8721#0.1336#-0.6456#0.2202
18.00:hum1:-2.6534#-1.0328#0.9484#0.2866#-1.0117#0.3349
19.00:hum1:-1.5842#-0.8433#0.8374#0.0789#-0.4191#0.1922
20.00:hum1:-0.6148#-0.6715#0.8081#-0.0224#0.1261#0.1768
21.00:hum1:0.5050#-0.4730#0.8281#-0.0676#0.3651#0.1878
22.00:hum1:1.7762#-0.2478#0.8120#-0.0482#0.2658#0.1818
23.00:hum1:2.7517#-0.0749#0.8161#-0.0540#0.2965#0.1834
24.00:hum1:4.0622#0.1572#0.8069#0.0143#-0.0809#0.1760
25.00:hum1:5.3367#0.3830#0.8763#0.1405#-0.6698#0.2244
26.00:hum1:6.6368#0.6133#0.9597#0.3199#-1.0585#0.3636
27.00:hum1:6.4547#-0.0124#0.8496#-0.5146#0.0397#-1.6406
28.00:hum1:6.4240#-0.3949#0.8048#0.0580#-0.0047#-1.6508
29.00:hum1:6.4008#-0.6829#0.8618#-0.5939#0.0451#-1.6371
30.00:hum1:6.3201#-1.6879#0.8466#-0.4932#0.0382#-1.6413
31.00:hum1:7.1995#-2.2720#0.9377#0.6387#-0.8166#0.7951
32.00:hum1:8.2780#-1.6675#0.9191#0.5534#-0.7536#0.7347
33.00:hum1:9.1710#-1.1669#0.8168#0.1117#-0.1964#0.5219
34.00:hum1:10.0420#-0.6787#0.8153#-0.1226#0.2150#0.5241
35.00:hum1:11.1039#-0.0835#0.8244#-0.1838#0.3155#0.5402
36.00:hum1:12.2678#0.5688#0.8048#-0.0285#0.0508#0.5116
37.00:hum1:12.2783#0.4298#0.8466#-0.4867#0.0919#-1.7422
38.00:hum1:13.3780#-0.3654#0.9377#-0.2760#-0.9627#-0.3320
39.00:hum1:14.5422#-0.5859#0.9484#-0.3055#-1.0080#-0.3565
40.00:hum1:15.3360#-0.7363#0.8908#-0.1760#-0.7454#-0.2561
41.00:hum1:16.3156#-0.9218#0.8763#-0.1503#-0.6680#-0.2394
42.00:hum1:17.6129#-1.1675#0.9597#-0.3407#-1.0544#-0.3867
43.00:hum1:18.3638#-0.0264#0.8496#0.5037#-0.1172#1.3621
44.00:hum1:18.6012#0.9487#0.8071#-0.0078#0.0019#1.3319
45.00:hum1:18.8605#2.0134#0.8215#-0.3074#0.0737#1.3433
46.00:hum1:19.0926#2.9660#0.8116#-0.1892#0.0458#1.3362
47.00:hum1:19.0926#2.9660#0.8116#-0.1892#0.0458#1.3362
48.00:hum1:19.0926#2.9660#0.8116#-0.1892#0.0458#1.3362
49.00:hum1:19.0926#2.9660#0.8116#-0.1892#0.0458#1.3362
50.00:hum1:19.0926#2.9660#0.8116#-0.1892#0.0458#1.3362
51.00:hum1:19.0926#2.9660#0.8116#-0.1892#0.0458#1.3362
52.00:hum1:19.2318#3.5373#0.8115#0.1574#-0.0382#1.3349
53.00:hum1:18.3750#4.6735#0.4025#0.0000#0.0000#-1.5700
54.00:hum1:18.3750#4.6735#0.4025#0.0000#0.0000#-1.5700
55.00:hum1:18.3750#4.6735#0.4025#0.0000#0.0000#-1.5700
56.00:hum1:18.3750#4.6735#0.4025#0.0000#0.0000#-1.5700
57.00:hum1:18.3750#4.6735#0.4025#0.0000#0.0000#-1.5700
58.00:hum1:18.3750#4.6735#0.4025#0.0000#0.0000#-1.5700
59.00:hum1:18.3750#4.6735#0.4025#0.0000#0.0000#-1.5700
60.00:hum1:18.3750#4.6735#0.4025#0.0000#0.0000#-1.5700
61.00:hum1:18.3750#4.6735#0.4025#0.0000#0.0000#-1.5700
62.00:hum1:18.3750#4.6735#0.4025#0.0000#0.0000#-1.5700
63.00:hum1:18.3750#4.6735#0.4025#0.0000#0.0000#-1.5700
64.00:hum1:18.3750#4.6735#0.4025#0.0000#0.0000#-1.5700
65.00:hum1:18.3750#4.6735#0.4025#0.0000#0.0000#-1.5700
66.00:hum1:18.3750#4.6735#0.4025#0.0000#0.0000#-1.5700
67.00:hum1:18.3752#3.9064#0.9484#-1.0370#-0.0004#-1.5702
68.00:hum1:18.3550#3.9781#0.8081#0.1266#-0.0189#-1.7180
69.00:hum1:18.2163#2.8289#0.8281#0.3704#-0.0225#-1.6284
70.00:hum1:18.1079#1.5494#0.8120#0.2691#-0.0225#-1.6519
71.00:hum1:17.6805#0.4884#0.8115#-0.1342#0.0910#-2.1631
72.00:hum1:16.8826#-0.4078#0.8908#-0.4976#0.6036#-2.3778
73.00:hum1:15.9798#-1.0686#0.9484#-0.7399#0.8107#-2.2415
74.00:hum1:15.0659#-1.6550#0.8374#-0.2402#0.3553#-2.5279
75.00:hum1:14.9801#-1.7101#0.8244#0.2026#-0.3041#-2.5401
76.00:hum1:14.9001#-1.7614#0.8161#0.1661#-0.2524#-2.5501
77.00:hum1:14.6333#-1.9325#0.8115#-0.0880#0.1362#-2.5652
78.00:hum1:13.5295#-2.6405#0.8908#-0.4756#0.6202#-2.4162
79.00:hum1:12.4393#-3.3399#0.9484#-0.7400#0.8106#-2.2413
80.00:hum1:12.8354#-3.7288#0.8496#0.0355#-0.5149#0.0723
81.00:hum1:13.6964#-3.7602#0.9377#-0.0390#-0.9883#-0.0464
82.00:hum1:14.9323#-3.7916#0.9191#-0.0325#-0.9011#-0.0411
83.00:hum1:15.9558#-3.8176#0.8168#-0.0059#-0.2255#-0.0261
84.00:hum1:16.0760#-3.5055#0.8067#0.1528#-0.0318#-1.7743
85.00:hum1:15.9548#-4.2059#0.8102#-0.1089#0.0182#-1.7356
86.00:hum1:15.7779#-5.2476#0.8171#0.2673#-0.0452#-1.7339
87.00:hum1:15.5749#-6.4363#0.8204#0.3280#-0.0551#-1.7309
88.00:hum1:15.3477#-7.7662#0.8044#-0.0071#0.0012#-1.7400