
1.00:hum1:-0.2750#-0.5250#0.8025#-0.0000#0.0000#-0.0000
2.00:hum1:-0.2750#-0.5250#0.8025#-0.0000#0.0000#-0.0000
3.00:hum1:-0.2750#-0.5250#0.8025#-0.0000#0.0000#-0.0000
4.00:hum1:-0.2750#-0.5250#0.8025#-0.0000#0.0000#-0.0000
5.00:hum1:-0.2750#-0.5250#0.8025#-0.0000#0.0000#-0.0000
6.00:hum1:-0.2750#-0.5250#0.8025#-0.0000#0.0000#-0.0000
7.00:hum1:0.2808#-0.6449#0.9141#-0.2392#-0.8538#-0.3125
8.00:hum1:1.2967#-0.7618#0.8908#-0.1111#-0.7555#-0.1609
9.00:hum1:2.2264#-0.8708#0.8025#0.0000#0.0000#-0.1168
10.00:hum1:3.6020#-1.0247#0.9597#-0.1820#-1.0779#-0.2056
11.00:hum1:5.8356#-1.2526#0.8161#0.0187#0.3007#-0.0627
12.00:hum1:9.6420#-1.4300#0.9597#0.0027#-1.0868#0.0034
13.00:hum1:12.6905#-1.4707#0.8215#-0.0191#0.3153#0.0619
14.00:hum1:13.3755#-2.2496#0.8116#0.1035#-0.1651#-2.5776
15.00:hum1:13.8915#-4.3761#0.8102#0.1028#0.0402#1.9428
16.00:hum1:13.6744#-5.1598#0.8025#0.0000#0.0000#-0.7773
17.00:hum1:14.0705#-5.5495#0.8721#-0.4963#-0.4505#-0.8932
18.00:hum1:13.9806#-5.4611#0.8025#0.0000#0.0000#-0.7773
19.00:hum1:13.9806#-5.4611#0.8025#0.0000#0.0000#-0.7773
20.00:hum1:13.9806#-5.4611#0.8025#0.0000#0.0000#-0.7773
21.00:hum1:13.9806#-5.4611#0.8025#0.0000#0.0000#-0.7773
22.00:hum1:13.9806#-5.4611#0.8025#0.0000#0.0000#-0.7773
23.00:hum1:13.9806#-5.4611#0.8025#0.0000#0.0000#-0.7773
24.00:hum1:13.9806#-5.4611#0.8025#0.0000#0.0000#-0.7773
25.00:hum1:13.9806#-5.4611#0.8025#0.0000#0.0000#-0.7773
26.00:hum1:13.9806#-5.4611#0.8025#0.0000#0.0000#-0.7773
27.00:hum1:13.9806#-5.4611#0.8025#0.0000#0.0000#-0.7773
28.00:hum1:13.9806#-5.4611#0.8025#0.0000#0.0000#-0.7773
29.00:hum1:13.9806#-5.4611#0.8025#0.0000#0.0000#-0.7773
30.00:hum1:13.9806#-5.4611#0.8025#0.0000#0.0000#-0.7773
31.00:hum1:13.9806#-5.4611#0.8025#0.0000#0.0000#-0.7773
32.00:hum1:13.9806#-5.4611#0.8025#0.0000#0.0000#-0.7773
33.00:hum1:13.9806#-5.4611#0.8025#0.0000#0.0000#-0.7773
34.00:hum1:13.9806#-5.4611#0.8025#0.0000#0.0000#-0.7773
35.00:hum1:13.9806#-5.4611#0.8025#0.0000#0.0000#-0.7773
36.00:hum1:13.9806#-5.4611#0.8025#0.0000#0.0000#-0.7773