
1.00:hum1:-0.2750#-0.5250#0.8025#-0.0000#0.0000#-0.0000
2.00:hum1:-0.2750#-0.5250#0.8025#-0.0000#0.0000#-0.0000
3.00:hum1:-0.2750#-0.5250#0.8025#-0.0000#0.0000#-0.0000
4.00:hum1:-0.2750#-0.5250#0.8025#-0.0000#0.0000#-0.0000
5.00:hum1:-0.2750#-0.5250#0.8025#-0.0000#0.0000#-0.0000
6.00:hum1:-0.2750#-0.5250#0.8025#-0.0000#0.0000#-0.0000
7.00:hum1:0.8266#-0.7022#0.8025#0.0000#0.0000#-0.1011
8.00:hum1:1.7689#-0.8556#0.8161#0.0282#0.2999#-0.0949
9.00:hum1:2.7463#-0.9898#0.8204#0.0301#0.3311#-0.0921
10.00:hum1:3.7601#-1.1062#0.8244#0.0316#0.3623#-0.0887
11.00:hum1:5.0890#-1.2245#0.8048#0.0047#0.0580#-0.0799
12.00:hum1:6.3847#-1.3302#0.8466#-0.0344#-0.4935#-0.0721
13.00:hum1:7.6900#-1.4129#0.9377#-0.0777#-0.9868#-0.0927
14.00:hum1:8.9288#-1.4804#0.9191#-0.0360#-0.9011#-0.0455
15.00:hum1:9.9635#-1.5015#0.8168#0.0039#-0.2255#0.0176
16.00:hum1:10.9657#-1.5239#0.8153#-0.0093#0.2469#0.0383
17.00:hum1:11.4357#-1.9773#0.8116#0.1697#0.0958#-1.0613
18.00:hum1:12.0070#-2.8945#0.8081#0.1051#0.0732#-0.9640
19.00:hum1:12.6471#-3.7523#0.8071#0.0066#0.0046#-0.9634
20.00:hum1:13.3484#-4.6506#0.8025#0.0000#0.0000#-0.8914
21.00:hum1:13.5591#-5.1600#0.8908#-0.5301#-0.5762#-0.8215
22.00:hum1:13.7282#-5.2915#0.9597#-0.8628#-0.7734#-1.0315
23.00:hum1:13.5751#-5.1724#0.8025#0.0000#0.0000#-0.6610
24.00:hum1:13.5751#-5.1724#0.8025#0.0000#0.0000#-0.6610
25.00:hum1:13.5751#-5.1724#0.8025#0.0000#0.0000#-0.6610
26.00:hum1:13.5751#-5.1724#0.8025#0.0000#0.0000#-0.6610
27.00:hum1:13.5751#-5.1724#0.8025#0.0000#0.0000#-0.6610
28.00:hum1:13.5751#-5.1724#0.8025#0.0000#0.0000#-0.6610
29.00:hum1:13.5751#-5.1724#0.8025#0.0000#0.0000#-0.6610
30.00:hum1:13.5751#-5.1724#0.8025#0.0000#0.0000#-0.6610
31.00:hum1:13.5751#-5.1724#0.8025#0.0000#0.0000#-0.6610
32.00:hum1:13.5751#-5.1724#0.8025#0.0000#0.0000#-0.6610
33.00:hum1:13.5751#-5.1724#0.8025#0.0000#0.0000#-0.6610
34.00:hum1:13.5751#-5.1724#0.8025#0.0000#0.0000#-0.6610
35.00:hum1:13.5751#-5.1724#0.8025#0.0000#0.0000#-0.6610
36.00:hum1:13.5751#-5.1724#0.8025#0.0000#0.0000#-0.6610
37.00:hum1:13.5751#-5.1724#0.8025#0.0000#0.0000#-0.6610
38.00:hum1:13.5751#-5.1724#0.8025#0.0000#0.0000#-0.6610
39.00:hum1:13.5751#-5.1724#0.8025#0.0000#0.0000#-0.6610
40.00:hum1:13.5751#-5.1724#0.8025#0.0000#0.0000#-0.6610