
2.00:-4.8099#-1.1623#0.2401#-0.0001#-0.0025#-0.0001
3.00:-4.8100#-1.1623#0.2401#-0.0001#-0.0024#-0.0001
4.00:-4.8100#-1.1623#0.2401#-0.0001#-0.0022#-0.0001
5.00:-4.8102#-1.1623#0.2401#-0.0001#-0.0025#-0.0002
6.00:-4.8103#-1.1623#0.2401#-0.0001#-0.0023#-0.0002
7.00:-4.8104#-1.1623#0.2401#-0.0001#-0.0025#-0.0002
8.00:-4.8105#-1.1623#0.2401#-0.0001#-0.0025#-0.0001
9.00:-4.8106#-1.1623#0.2401#-0.0001#-0.0023#-0.0002
10.00:-4.8106#-1.1624#0.2401#-0.0001#-0.0021#-0.0002
11.00:-4.8108#-1.1624#0.2401#-0.0001#-0.0022#-0.0003
12.00:-4.8109#-1.1624#0.2401#-0.0001#-0.0024#-0.0002
13.00:-4.6034#-1.1708#0.2401#-0.0003#-0.0027#-0.0993
14.00:-4.1986#-1.4356#0.2401#-0.0014#-0.0011#-0.8982
15.00:-4.1370#-1.4812#0.2401#-0.0014#-0.0017#-0.6784
16.00:-4.0490#-1.5164#0.2401#-0.0008#-0.0020#-0.3857
17.00:-3.9548#-1.5248#0.2401#-0.0002#-0.0021#-0.0954
18.00:-3.5996#-1.4955#0.2401#0.0001#-0.0019#0.0701
19.00:-2.4496#-1.4103#0.2401#0.0000#-0.0015#0.0735
20.00:-1.2832#-1.3241#0.2401#0.0001#-0.0018#0.0738
21.00:-0.1206#-1.2384#0.2401#0.0000#-0.0016#0.0735
22.00:1.0419#-1.1530#0.2401#0.0000#-0.0016#0.0731
23.00:2.1396#-1.0722#0.2400#0.0000#-0.0011#0.0764
24.00:2.3132#-1.0660#0.2401#-0.0002#-0.0022#-0.0643
25.00:2.7090#-1.1626#0.2401#-0.0005#-0.0018#-0.2206
26.00:3.8457#-1.4182#0.2401#-0.0004#-0.0016#-0.2210
27.00:4.9697#-1.6717#0.2400#-0.0003#-0.0011#-0.2206
28.00:5.2973#-1.7375#0.2401#-0.0003#-0.0020#-0.1001
29.00:5.4368#-1.7142#0.2401#0.0003#-0.0021#0.1571
30.00:6.4162#-1.5954#0.2400#0.0000#-0.0010#0.1103
31.00:7.4228#-1.4836#0.2400#0.0001#-0.0011#0.1162
32.00:7.5010#-1.4738#0.2401#0.0001#-0.0014#0.1280
33.00:7.5009#-1.4738#0.2401#0.0001#-0.0015#0.1280
34.00:7.5009#-1.4738#0.2401#0.0001#-0.0015#0.1280
35.00:7.5015#-1.4816#0.2401#-0.0002#-0.0021#-0.0291
36.00:7.8905#-1.5660#0.2401#-0.0005#-0.0019#-0.2185
37.00:8.5673#-1.7133#0.2401#-0.0003#-0.0016#-0.1581
38.00:8.7532#-1.6970#0.2401#0.0001#-0.0019#0.0780
39.00:9.8032#-1.6466#0.2401#-0.0000#-0.0015#0.0441
40.00:10.9718#-1.5948#0.2401#0.0000#-0.0014#0.0443
41.00:12.1363#-1.5434#0.2401#0.0000#-0.0015#0.0441
42.00:13.3010#-1.4921#0.2401#0.0000#-0.0015#0.0438
43.00:13.8115#-1.4676#0.2401#0.0000#-0.0015#0.0605
44.00:13.8114#-1.4676#0.2401#0.0000#-0.0015#0.0605
45.00:13.8113#-1.4676#0.2401#0.0000#-0.0015#0.0604
46.00:13.8113#-1.4677#0.2401#0.0000#-0.0014#0.0604
47.00:13.8112#-1.4677#0.2401#0.0000#-0.0015#0.0603
48.00:13.8111#-1.4677#0.2401#0.0000#-0.0015#0.0603
49.00:13.8111#-1.4677#0.2401#0.0000#-0.0014#0.0603
50.00:13.8110#-1.4677#0.2401#0.0000#-0.0015#0.0603
51.00:13.8108#-1.4677#0.2401#0.0000#-0.0015#0.0603
52.00:13.8108#-1.4677#0.2401#0.0000#-0.0015#0.0602
53.00:13.8107#-1.4677#0.2401#0.0000#-0.0014#0.0602
54.00:13.8106#-1.4677#0.2401#0.0000#-0.0015#0.0602
55.00:13.8105#-1.4677#0.2401#0.0000#-0.0014#0.0602
56.00:13.8104#-1.4677#0.2401#0.0000#-0.0015#0.0602
57.00:13.8103#-1.4678#0.2401#0.0000#-0.0015#0.0601
58.00:13.8103#-1.4678#0.2401#0.0000#-0.0014#0.0601
59.00:13.8102#-1.4678#0.2401#0.0000#-0.0015#0.0600
60.00:13.8100#-1.4678#0.2401#0.0000#-0.0016#0.0600
61.00:13.8100#-1.4678#0.2401#0.0000#-0.0015#0.0600
62.00:13.8099#-1.4678#0.2401#0.0000#-0.0016#0.0600
63.00:13.8098#-1.4678#0.2401#0.0000#-0.0015#0.0600
64.00:13.8097#-1.4678#0.2401#0.0000#-0.0015#0.0600
65.00:13.8096#-1.4678#0.2401#0.0000#-0.0015#0.0599
66.00:13.8095#-1.4679#0.2401#0.0000#-0.0016#0.0599
67.00:13.8095#-1.4679#0.2401#0.0000#-0.0015#0.0599
68.00:13.8094#-1.4679#0.2401#0.0000#-0.0015#0.0599
69.00:13.8093#-1.4679#0.2401#0.0000#-0.0015#0.0598
70.00:13.8092#-1.4679#0.2401#0.0000#-0.0016#0.0598
71.00:13.8091#-1.4679#0.2401#0.0000#-0.0016#0.0598
72.00:13.8091#-1.4679#0.2401#0.0000#-0.0016#0.0598
73.00:13.8090#-1.4679#0.2401#0.0000#-0.0015#0.0597
74.00:13.8089#-1.4680#0.2401#0.0000#-0.0015#0.0597
75.00:13.8088#-1.4680#0.2401#0.0000#-0.0016#0.0597
76.00:13.8088#-1.4680#0.2401#0.0000#-0.0014#0.0597
77.00:13.8087#-1.4680#0.2401#0.0000#-0.0016#0.0597
78.00:13.8087#-1.4680#0.2401#0.0000#-0.0015#0.0597
79.00:13.8086#-1.4680#0.2401#0.0000#-0.0014#0.0597
80.00:13.8085#-1.4680#0.2401#0.0000#-0.0016#0.0596
81.00:13.8084#-1.4680#0.2401#0.0000#-0.0015#0.0596
82.00:13.8084#-1.4681#0.2401#0.0000#-0.0014#0.0595
83.00:13.8083#-1.4681#0.2401#0.0000#-0.0016#0.0596
84.00:13.8082#-1.4681#0.2401#0.0000#-0.0015#0.0595
85.00:13.8081#-1.4681#0.2401#0.0000#-0.0015#0.0595
86.00:13.8081#-1.4681#0.2401#0.0000#-0.0015#0.0595
87.00:13.8080#-1.4681#0.2401#0.0000#-0.0014#0.0596
88.00:14.1724#-1.4536#0.2401#-0.0000#-0.0018#0.0240
89.00:15.3317#-1.4381#0.2401#-0.0001#-0.0014#0.0133
90.00:16.4975#-1.4226#0.2401#-0.0000#-0.0014#0.0134
91.00:17.6631#-1.4071#0.2401#-0.0000#-0.0015#0.0135
92.00:18.8326#-1.3913#0.2401#-0.0001#-0.0015#0.0134
93.00:19.8103#-1.3752#0.2398#0.0006#-0.0001#0.0242
94.00:19.8672#-1.3735#0.2401#-0.0000#-0.0014#0.0291
95.00:19.8671#-1.3735#0.2401#-0.0000#-0.0014#0.0291
96.00:19.8671#-1.3735#0.2401#-0.0000#-0.0013#0.0291
97.00:19.8670#-1.3735#0.2401#-0.0000#-0.0014#0.0291
98.00:19.8670#-1.3735#0.2401#-0.0000#-0.0014#0.0291
99.00:19.8669#-1.3735#0.2401#-0.0000#-0.0014#0.0291
100.00:19.8669#-1.3735#0.2400#-0.0000#-0.0013#0.0291