
2.00:hum1:-6.4000#-1.4250#0.8025#-0.0000#0.0000#-0.0000
3.00:hum1:-6.4000#-1.4250#0.8025#-0.0000#0.0000#-0.0000
4.00:hum1:-6.4000#-1.4250#0.8025#-0.0000#0.0000#-0.0000
5.00:hum1:-6.4000#-1.4250#0.8025#-0.0000#0.0000#-0.0000
6.00:hum1:-6.4000#-1.4250#0.8025#-0.0000#0.0000#-0.0000
7.00:hum1:-6.4000#-1.4250#0.8025#-0.0000#0.0000#-0.0000
8.00:hum1:-6.4000#-1.4250#0.8025#-0.0000#0.0000#-0.0000
9.00:hum1:-6.4000#-1.4250#0.8025#-0.0000#0.0000#-0.0000
10.00:hum1:-6.4000#-1.4250#0.8025#-0.0000#0.0000#-0.0000
11.00:hum1:-6.4000#-1.4250#0.8025#-0.0000#0.0000#-0.0000
12.00:hum1:-6.4000#-1.4250#0.8025#-0.0000#0.0000#-0.0000
13.00:hum1:-6.4000#-1.4250#0.8025#-0.0000#0.0000#-0.0000
14.00:hum1:-6.4000#-1.4250#0.8025#-0.0000#0.0000#-0.0000
15.00:hum1:-6.3869#-1.4247#0.8161#-0.0256#0.3002#0.0866
16.00:hum1:-5.0605#-1.3147#0.8069#0.0068#-0.0819#0.0831
17.00:hum1:-5.0904#-0.8127#0.8763#-0.0542#0.6804#-3.0552
18.00:hum1:-4.6614#-1.2982#0.9597#0.0186#-1.0867#0.0213
19.00:hum1:-4.9879#-0.7977#0.8496#0.0170#0.5157#3.1074
20.00:hum1:-4.9446#-1.2996#0.8071#0.0002#0.0080#-0.0210
21.00:hum1:-5.0046#-1.2950#0.8215#0.0184#0.3153#-0.0590
22.00:hum1:-5.0539#-1.2858#0.8161#0.0322#0.2995#-0.1085
23.00:hum1:-4.8983#-1.3019#0.8069#-0.0081#-0.0818#-0.0980
24.00:hum1:-5.0421#-0.7811#0.8763#0.0993#0.6761#2.9840
25.00:hum1:-4.7125#-1.3388#0.9597#-0.3285#-1.0568#-0.3727
26.00:hum1:-3.8863#-1.5207#0.9598#-0.3747#-1.0476#-0.4259
27.00:hum1:-3.3089#-1.1300#0.8721#0.1641#0.6395#2.8713
28.00:hum1:-3.1453#-1.1661#0.8102#0.0260#0.1073#2.9041
29.00:hum1:-3.0434#-1.2005#0.8171#-0.0889#-0.2564#2.8037
30.00:hum1:-3.0213#-1.2092#0.8204#-0.1135#-0.3131#2.7875
31.00:hum1:-3.0857#-1.1886#0.8044#0.0027#0.0067#2.7603
32.00:hum1:-3.2321#-1.1197#0.8618#0.2879#0.5287#2.6111
33.00:hum1:-3.1037#-1.7488#0.9598#-0.7314#-0.8960#-0.8544
34.00:hum1:-3.2249#-1.1139#0.8721#0.3596#0.5629#2.5283
35.00:hum1:-3.0787#-1.1957#0.8102#0.0559#0.0952#2.6104
36.00:hum1:-2.7597#-1.6626#0.8168#0.0074#-0.2255#0.0335
37.00:hum1:-1.8531#-1.6713#0.8153#0.0765#0.2351#-0.3174
38.00:hum1:-1.1846#-1.8854#0.8244#0.1176#0.3449#-0.3358
39.00:hum1:0.0839#-2.2992#0.8048#0.0181#0.0553#-0.3158
40.00:hum1:1.3171#-2.7014#0.8466#-0.1658#-0.4681#-0.3549
41.00:hum1:2.5583#-3.1062#0.9377#-0.4407#-0.9175#-0.5356
42.00:hum1:2.7262#-3.1609#0.8721#-0.2351#-0.6198#-0.3908
43.00:hum1:2.7262#-3.1609#0.8721#-0.2351#-0.6198#-0.3908
44.00:hum1:2.7262#-3.1609#0.8721#-0.2351#-0.6198#-0.3908
45.00:hum1:2.7262#-3.1609#0.8721#-0.2351#-0.6198#-0.3908
46.00:hum1:2.7262#-3.1609#0.8721#-0.2351#-0.6198#-0.3908
47.00:hum1:2.7262#-3.1609#0.8721#-0.2351#-0.6198#-0.3908
48.00:hum1:2.7262#-3.1609#0.8721#-0.2351#-0.6198#-0.3908
49.00:hum1:2.7262#-3.1609#0.8721#-0.2351#-0.6198#-0.3908
50.00:hum1:2.7983#-3.1354#0.8374#-0.0048#-0.4260#-0.0113
51.00:hum1:3.5212#-3.1304#0.8763#0.0041#-0.6822#0.0068
52.00:hum1:4.8457#-3.1090#0.9597#0.0426#-1.0863#0.0484
53.00:hum1:4.8949#-2.6060#0.8496#-0.0054#0.5159#-3.1302
54.00:hum1:4.9730#-3.1040#0.8071#0.0001#0.0080#-0.0176
55.00:hum1:4.9195#-3.1022#0.8215#0.0087#0.3157#-0.0276
56.00:hum1:4.8728#-3.0961#0.8161#0.0193#0.3006#-0.0647
57.00:hum1:5.0377#-2.6040#0.8069#0.0141#0.0810#2.9693
58.00:hum1:5.1397#-3.1353#0.8763#-0.1658#-0.6649#-0.2645
59.00:hum1:4.8453#-2.5590#0.9597#0.3951#1.0424#2.6921
60.00:hum1:5.0536#-3.1204#0.8496#-0.1352#-0.4995#-0.2763
61.00:hum1:5.2599#-2.6626#0.8267#-0.1063#-0.3580#2.8463
62.00:hum1:6.0312#-3.0694#0.8161#-0.0103#0.3010#0.0349
63.00:hum1:6.5698#-3.0516#0.8069#0.0017#-0.0822#0.0205
64.00:hum1:6.7151#-3.0646#0.8763#-0.0605#-0.6799#-0.0957
65.00:hum1:6.3720#-2.5151#0.9597#0.3248#1.0575#2.7731
66.00:hum1:6.6006#-3.0678#0.8496#-0.1192#-0.5032#-0.2430
67.00:hum1:6.4555#-3.0347#0.8071#0.0020#0.0078#-0.2525
68.00:hum1:6.3877#-3.0085#0.8215#0.1077#0.2975#-0.3532
69.00:hum1:6.3401#-2.9830#0.8161#0.1204#0.2768#-0.4165
70.00:hum1:6.4766#-2.4950#0.9141#0.4510#0.7823#2.5399
71.00:hum1:6.2992#-2.4173#0.9484#0.5969#0.9081#2.4305
72.00:hum1:5.6056#-2.4806#0.8374#0.1113#-0.4120#0.2724
73.00:hum1:6.5441#-2.2432#0.8081#-0.0235#0.1259#0.1850
74.00:hum1:7.2345#-2.1156#0.8281#-0.0684#0.3649#0.1900
75.00:hum1:8.5052#-1.8877#0.8120#-0.0487#0.2657#0.1839
76.00:hum1:9.7923#-1.6570#0.8115#0.0288#-0.1594#0.1797
77.00:hum1:11.0831#-1.4256#0.8908#0.1666#-0.7472#0.2429
78.00:hum1:12.3580#-1.1970#0.9484#0.2897#-1.0111#0.3386
79.00:hum1:13.4268#-1.0053#0.8374#0.0798#-0.4189#0.1944
80.00:hum1:14.3959#-0.8315#0.8081#-0.0227#0.1260#0.1788
81.00:hum1:15.5152#-0.6308#0.8281#-0.0684#0.3649#0.1900
82.00:hum1:16.5329#-0.4484#0.8496#0.0996#-0.5071#0.2033
83.00:hum1:16.5329#-0.4484#0.8496#0.0996#-0.5071#0.2033
84.00:hum1:16.5298#-0.4489#0.8262#0.0600#-0.3234#0.1872
85.00:hum1:16.5298#-0.4489#0.8262#0.0600#-0.3234#0.1872
86.00:hum1:16.5298#-0.4489#0.8262#0.0600#-0.3234#0.1872
87.00:hum1:16.5298#-0.4489#0.8262#0.0600#-0.3234#0.1872
88.00:hum1:16.5298#-0.4489#0.8262#0.0600#-0.3234#0.1872
89.00:hum1:16.5298#-0.4489#0.8262#0.0600#-0.3234#0.1872
90.00:hum1:16.5298#-0.4489#0.8262#0.0600#-0.3234#0.1872
91.00:hum1:16.5298#-0.4489#0.8262#0.0600#-0.3234#0.1872
92.00:hum1:16.5298#-0.4489#0.8262#0.0600#-0.3234#0.1872
93.00:hum1:16.2424#-0.3777#0.8102#-0.0912#-0.0622#-0.9733
94.00:hum1:17.2064#-0.9024#0.8071#-0.0067#-0.0044#2.1500
95.00:hum1:16.9473#-1.2602#0.8215#0.0496#0.3120#-0.1601
96.00:hum1:18.0696#-1.4733#0.8161#0.1621#0.2550#-0.5750
97.00:hum1:18.2203#-0.9696#0.8069#0.0446#0.0691#2.5683
98.00:hum1:17.5708#-0.5518#0.8161#-0.1666#-0.2521#2.5486
99.00:hum1:17.2189#-0.9154#0.8067#0.0463#0.1490#-0.3020
100.00:hum1:17.8624#-1.1854#0.8262#-0.1351#-0.3007#-0.4299
101.00:hum1:18.7860#-1.5862#0.8071#0.0032#0.0074#-0.4095
102.00:hum1:18.7613#-1.5755#0.8116#0.0784#0.1783#-0.4165
103.00:hum1:18.8094#-1.5964#0.8171#0.1103#0.2481#-0.4232
104.00:hum1:18.8462#-1.6123#0.8281#0.1538#0.3390#-0.4358