
1.00:0.2653#-1.1873#0.2401#-0.0001#-0.0023#-0.0001
2.00:0.2653#-1.1874#0.2401#-0.0001#-0.0023#-0.0001
3.00:0.2652#-1.1874#0.2401#-0.0001#-0.0021#-0.0001
4.00:0.2651#-1.1874#0.2401#-0.0001#-0.0022#-0.0001
5.00:0.2650#-1.1874#0.2401#-0.0001#-0.0022#-0.0001
6.00:0.2670#-1.1874#0.2401#-0.0001#-0.0030#-0.0004
7.00:0.8369#-1.0286#0.2401#0.0020#-0.0026#0.6361
8.00:1.0089#-0.8493#0.2401#0.0020#-0.0018#0.8881
9.00:1.0485#-0.8297#0.2401#0.0011#-0.0019#0.5867
10.00:1.0922#-0.8227#0.2401#0.0005#-0.0021#0.2871
11.00:1.1354#-0.8292#0.2401#-0.0001#-0.0022#-0.0166
12.00:1.6105#-0.8962#0.2401#-0.0003#-0.0019#-0.1226
13.00:2.7675#-1.0385#0.2401#-0.0003#-0.0017#-0.1223
14.00:3.7029#-1.3408#0.2400#-0.0012#-0.0007#-0.9263
15.00:3.4759#-1.6029#0.2400#0.0005#0.0016#2.9116
16.00:3.3657#-1.5413#0.2401#0.0009#0.0019#2.7024
17.00:3.3281#-1.5185#0.2401#0.0012#0.0017#2.6017
18.00:3.3034#-1.4830#0.2401#0.0017#0.0014#2.3093
19.00:3.2890#-1.4417#0.2401#0.0020#0.0008#2.0210
20.00:3.2878#-1.3979#0.2401#0.0022#0.0002#1.7296
21.00:3.2992#-1.3557#0.2401#0.0021#-0.0004#1.4348
22.00:3.3224#-1.3177#0.2401#0.0020#-0.0010#1.1397
23.00:3.3560#-1.2883#0.2401#0.0015#-0.0015#0.8428
24.00:3.3735#-1.2785#0.2401#0.0013#-0.0017#0.7104
25.00:3.4155#-1.2660#0.2401#0.0008#-0.0020#0.4124
26.00:3.4590#-1.2670#0.2401#0.0001#-0.0022#0.1136
27.00:3.8311#-1.2888#0.2401#-0.0001#-0.0020#-0.0417
28.00:4.9908#-1.3343#0.2400#-0.0001#-0.0014#-0.0389
29.00:6.0117#-1.5055#0.2400#-0.0010#-0.0010#-0.6358
30.00:5.8191#-1.8089#0.2400#0.0011#0.0017#2.6464
31.00:6.0477#-1.5608#0.2400#-0.0012#-0.0013#-0.5698
32.00:5.7837#-1.7840#0.2400#0.0010#0.0010#2.4674
33.00:6.0524#-1.5786#0.2400#-0.0015#-0.0012#-0.7429
34.00:5.8524#-1.8485#0.2400#0.0000#0.0016#-3.1163
35.00:5.7495#-1.8357#0.2401#0.0001#0.0020#3.1108
36.00:5.6984#-1.8526#0.2401#-0.0005#0.0021#-2.8881
37.00:5.6547#-1.8829#0.2401#-0.0011#0.0019#-2.6121
38.00:5.6203#-1.9244#0.2401#-0.0015#0.0015#-2.3343
39.00:5.5986#-1.9732#0.2401#-0.0019#0.0010#-2.0578
40.00:5.5744#-2.0100#0.2401#-0.0017#0.0013#-2.1623
41.00:5.5377#-2.0323#0.2401#-0.0013#0.0018#-2.4634
42.00:5.4957#-2.0426#0.2401#-0.0007#0.0021#-2.7634
43.00:5.4519#-2.0401#0.2401#-0.0001#0.0022#-3.0646
44.00:5.4112#-2.0251#0.2401#0.0005#0.0018#2.9211
45.00:5.1956#-1.9224#0.2401#0.0008#0.0017#2.7223
46.00:4.4269#-1.3805#0.2400#0.0014#0.0003#1.9204
47.00:4.7566#-1.2888#0.2400#-0.0018#-0.0005#-1.1764
48.00:4.4219#-1.3265#0.2400#0.0016#0.0003#1.8656
49.00:4.7560#-1.3225#0.2400#-0.0017#-0.0001#-1.3778
50.00:4.4201#-1.2954#0.2400#0.0017#-0.0003#1.6686
51.00:4.7494#-1.3612#0.2400#-0.0016#0.0003#-1.5748
52.00:4.4274#-1.2650#0.2400#0.0016#-0.0006#1.4627
53.00:4.7404#-1.3996#0.2400#-0.0018#0.0006#-1.7719