
1.00:hum1:-0.2750#-0.5250#0.8025#-0.0000#0.0000#-0.0000
2.00:hum1:-0.2750#-0.5250#0.8025#-0.0000#0.0000#-0.0000
3.00:hum1:-0.2750#-0.5250#0.8025#-0.0000#0.0000#-0.0000
4.00:hum1:-0.2750#-0.5250#0.8025#-0.0000#0.0000#-0.0000
5.00:hum1:-0.2750#-0.5250#0.8025#-0.0000#0.0000#-0.0000
6.00:hum1:-0.2750#-0.5250#0.8025#-0.0000#0.0000#-0.0000
7.00:hum1:-0.2750#-0.5250#0.8025#-0.0000#0.0000#-0.0000
8.00:hum1:-0.2750#-0.5250#0.8025#-0.0000#0.0000#-0.0000
9.00:hum1:-0.2750#-0.5250#0.8025#-0.0000#0.0000#-0.0000
10.00:hum1:-0.2750#-0.5250#0.8025#-0.0000#0.0000#-0.0000
11.00:hum1:-0.2750#-0.5250#0.8025#-0.0000#0.0000#-0.0000
12.00:hum1:-0.2750#-0.5250#0.8025#-0.0000#0.0000#-0.0000
13.00:hum1:-0.2750#-0.5250#0.8025#-0.0000#0.0000#-0.0000
14.00:hum1:-0.2750#-0.5250#0.8025#-0.0000#0.0000#-0.0000
15.00:hum1:0.2374#-0.7030#0.9141#-0.3548#-0.8219#-0.4680
16.00:hum1:1.5075#-0.9949#0.9413#-0.3257#-0.9689#-0.3885
17.00:hum1:2.5391#-1.2226#0.8262#-0.0618#-0.3231#-0.1921
18.00:hum1:3.5129#-1.4031#0.8116#0.0276#0.1927#-0.1428
19.00:hum1:4.6853#-1.5858#0.8267#0.0490#0.3697#-0.1346
20.00:hum1:5.0120#-1.6270#0.8025#0.0000#0.0000#-0.1254
21.00:hum1:5.0120#-1.6270#0.8025#0.0000#0.0000#-0.1254
22.00:hum1:5.0120#-1.6270#0.8025#0.0000#0.0000#-0.1254
23.00:hum1:5.0120#-1.6270#0.8025#0.0000#0.0000#-0.1254
24.00:hum1:5.4992#-1.6974#0.9377#-0.2141#-0.9733#-0.2568
25.00:hum1:6.7756#-1.7308#0.9191#0.0313#-0.9012#0.0403
26.00:hum1:7.8107#-1.6897#0.8168#0.0175#-0.2249#0.0787
27.00:hum1:8.8117#-1.6186#0.8153#-0.0250#0.2458#0.1025
28.00:hum1:10.0248#-1.5050#0.8244#-0.0409#0.3614#0.1156
29.00:hum1:11.3551#-1.3598#0.8048#-0.0073#0.0578#0.1265
30.00:hum1:11.9433#-1.2851#0.8116#-0.0248#0.1931#0.1287
31.00:hum1:11.9433#-1.2851#0.8116#-0.0248#0.1931#0.1287
32.00:hum1:12.2787#-1.3020#0.8067#0.0175#0.1550#-0.1128
33.00:hum1:13.3196#-1.3559#0.8025#0.0000#0.0000#-0.0354
34.00:hum1:13.3196#-1.3559#0.8025#0.0000#0.0000#-0.0354
35.00:hum1:13.3196#-1.3559#0.8025#0.0000#0.0000#-0.0354
36.00:hum1:13.3196#-1.3559#0.8025#0.0000#0.0000#-0.0354
37.00:hum1:13.3196#-1.3559#0.8025#0.0000#0.0000#-0.0354
38.00:hum1:13.3196#-1.3559#0.8025#0.0000#0.0000#-0.0354
39.00:hum1:13.7068#-1.3556#0.8618#0.0006#-0.5954#0.0013
40.00:hum1:15.0292#-1.3541#0.9598#0.0016#-1.0872#0.0022
41.00:hum1:16.1972#-1.3528#0.8721#0.0006#-0.6574#0.0014
42.00:hum1:17.2122#-1.3516#0.8102#0.0001#-0.1104#0.0012
43.00:hum1:18.2784#-0.6893#0.8171#-0.2652#0.0563#1.3669
44.00:hum1:18.5315#0.4897#0.8204#-0.3255#0.0686#1.3706
45.00:hum1:18.6986#1.8640#0.8044#0.0072#-0.0004#1.5168
46.00:hum1:18.7686#3.1569#0.8618#0.5947#-0.0305#1.5261
47.00:hum1:18.7944#3.6363#0.8244#-0.3631#0.0193#1.5203
48.00:hum1:18.3750#4.6735#0.4025#0.0000#0.0000#-1.5700
49.00:hum1:18.3750#4.6735#0.4025#0.0000#0.0000#-1.5700
50.00:hum1:18.3750#4.6735#0.4025#0.0000#0.0000#-1.5700
51.00:hum1:18.3750#4.6735#0.4025#0.0000#0.0000#-1.5700
52.00:hum1:18.3750#4.6735#0.4025#0.0000#0.0000#-1.5700
53.00:hum1:18.3750#4.6735#0.4025#0.0000#0.0000#-1.5700
54.00:hum1:18.3750#4.6735#0.4025#0.0000#0.0000#-1.5700
55.00:hum1:18.3750#4.6735#0.4025#0.0000#0.0000#-1.5700
56.00:hum1:18.3750#4.6735#0.4025#0.0000#0.0000#-1.5700
57.00:hum1:18.3750#4.6735#0.4025#0.0000#0.0000#-1.5700
58.00:hum1:18.3750#4.6735#0.4025#0.0000#0.0000#-1.5700
59.00:hum1:18.3750#4.6735#0.4025#0.0000#0.0000#-1.5700
60.00:hum1:18.3750#4.6735#0.4025#0.0000#0.0000#-1.5700
61.00:hum1:18.3750#4.6735#0.4025#0.0000#0.0000#-1.5700
62.00:hum1:18.3750#4.6735#0.4025#0.0000#0.0000#-1.5700
63.00:hum1:18.3750#4.6735#0.4025#0.0000#0.0000#-1.5700
64.00:hum1:18.3750#4.6735#0.4025#0.0000#0.0000#-1.5700
65.00:hum1:18.3750#4.6735#0.4025#0.0000#0.0000#-1.5700
66.00:hum1:18.3750#4.6735#0.4025#0.0000#0.0000#-1.5700
67.00:hum1:18.2838#3.4294#0.8496#-0.5141#0.0457#-1.6513
68.00:hum1:18.1916#2.4274#0.8071#0.0080#-0.0006#-1.6516
69.00:hum1:18.0917#1.3375#0.8215#0.3149#-0.0250#-1.6472
70.00:hum1:17.9468#0.3025#0.8161#0.2134#-0.2142#-2.3463
71.00:hum1:17.0424#-0.7273#0.8069#-0.0670#0.0477#-2.1880
72.00:hum1:16.2991#-1.7935#0.8763#-0.5916#0.3621#-2.0557
73.00:hum1:16.1140#-3.2210#0.9597#-1.0864#0.0386#-1.5907
74.00:hum1:15.6790#-3.8874#0.8496#-0.3060#0.4222#-2.4845
75.00:hum1:14.9562#-4.3731#0.8025#0.0000#-0.0000#-2.5496
76.00:hum1:14.9562#-4.3731#0.8025#0.0000#-0.0000#-2.5496