
1.00:hum1:-0.2750#-0.5250#0.8025#-0.0000#0.0000#-0.0000
2.00:hum1:-0.2750#-0.5250#0.8025#-0.0000#0.0000#-0.0000
3.00:hum1:-0.2750#-0.5250#0.8025#-0.0000#0.0000#-0.0000
4.00:hum1:-0.2750#-0.5250#0.8025#-0.0000#0.0000#-0.0000
5.00:hum1:-0.2750#-0.5250#0.8025#-0.0000#0.0000#-0.0000
6.00:hum1:-0.2750#-0.5250#0.8025#-0.0000#0.0000#-0.0000
7.00:hum1:-0.2750#-0.5250#0.8025#-0.0000#0.0000#-0.0000
8.00:hum1:-0.2750#-0.5250#0.8025#-0.0000#0.0000#-0.0000
9.00:hum1:-0.2750#-0.5250#0.8025#-0.0000#0.0000#-0.0000
10.00:hum1:-0.2750#-0.5250#0.8025#-0.0000#0.0000#-0.0000
11.00:hum1:-0.2750#-0.5250#0.8025#-0.0000#0.0000#-0.0000
12.00:hum1:-0.2750#-0.5250#0.8025#-0.0000#0.0000#-0.0000
13.00:hum1:-0.2750#-0.5250#0.8025#-0.0000#0.0000#-0.0000
14.00:hum1:-0.2750#-0.5250#0.8025#-0.0000#0.0000#-0.0000
15.00:hum1:-0.2750#-0.5250#0.8025#-0.0000#0.0000#-0.0000
16.00:hum1:-0.2750#-0.5250#0.8025#-0.0000#0.0000#-0.0000
17.00:hum1:0.4693#-0.6659#0.8153#0.0255#0.2457#-0.1043
18.00:hum1:1.4998#-0.7833#0.8116#0.0228#0.1933#-0.1180
19.00:hum1:2.5531#-0.9167#0.8081#0.0127#0.1274#-0.0997
20.00:hum1:3.6179#-1.0314#0.8071#0.0008#0.0080#-0.0952
21.00:hum1:4.7212#-1.1319#0.8215#0.0152#0.3155#-0.0486
22.00:hum1:5.9602#-1.2457#0.8161#0.0099#0.3011#-0.0331
23.00:hum1:7.2782#-1.3506#0.8069#-0.0048#-0.0820#-0.0584
24.00:hum1:8.5731#-1.4253#0.8763#-0.0364#-0.6814#-0.0574
25.00:hum1:10.3018#-1.4880#0.8044#-0.0002#-0.0072#-0.0223
26.00:hum1:13.0954#-1.4647#0.8721#0.0559#-0.6553#0.0919
27.00:hum1:14.1728#-3.0076#0.8025#0.0000#0.0000#-1.4838
28.00:hum1:16.5416#-2.3034#0.8025#-0.0000#0.0000#0.4240
29.00:hum1:16.7801#-2.1957#0.8025#-0.0000#0.0000#0.4240
30.00:hum1:17.0316#-2.0822#0.8025#-0.0000#0.0000#0.4240
31.00:hum1:18.4263#-0.9641#0.9598#1.0455#-0.3837#1.3575
32.00:hum1:18.7678#1.8531#0.8908#0.7618#-0.0204#1.5498
33.00:hum1:18.8325#4.0667#0.8025#-0.0000#0.0000#1.5416
34.00:hum1:18.8417#4.3823#0.8721#0.6572#-0.0180#1.5478
35.00:hum1:18.8400#4.3260#0.8071#-0.0080#0.0002#1.5416
36.00:hum1:18.3750#4.6735#0.4025#0.0000#0.0000#-1.5700
37.00:hum1:18.3750#4.6735#0.4025#0.0000#0.0000#-1.5700
38.00:hum1:18.3750#4.6735#0.4025#0.0000#0.0000#-1.5700
39.00:hum1:18.3750#4.6735#0.4025#0.0000#0.0000#-1.5700
40.00:hum1:18.3750#4.6735#0.4025#0.0000#0.0000#-1.5700
41.00:hum1:18.3750#4.6735#0.4025#0.0000#0.0000#-1.5700
42.00:hum1:18.3750#4.6735#0.4025#0.0000#0.0000#-1.5700
43.00:hum1:18.3750#4.6735#0.4025#0.0000#0.0000#-1.5700
44.00:hum1:18.3750#4.6735#0.4025#0.0000#0.0000#-1.5700
45.00:hum1:18.3750#4.6735#0.4025#0.0000#0.0000#-1.5700
46.00:hum1:18.3750#4.6735#0.4025#0.0000#0.0000#-1.5700
47.00:hum1:18.3750#4.6735#0.4025#0.0000#0.0000#-1.5700
48.00:hum1:18.3750#4.6735#0.4025#0.0000#0.0000#-1.5700
49.00:hum1:18.3750#4.6735#0.4025#0.0000#0.0000#-1.5700
50.00:hum1:18.3750#4.6735#0.4025#0.0000#0.0000#-1.5700
51.00:hum1:18.3750#4.6735#0.4025#0.0000#0.0000#-1.5700
52.00:hum1:18.3750#4.6735#0.4025#0.0000#0.0000#-1.5700
53.00:hum1:18.3750#4.6735#0.4025#0.0000#0.0000#-1.5700
54.00:hum1:18.3750#4.6735#0.4025#0.0000#0.0000#-1.5700
55.00:hum1:18.3751#4.1196#0.8281#0.3710#0.0002#-1.5701
56.00:hum1:18.2178#3.1353#0.8496#-0.5083#0.0928#-1.7352
57.00:hum1:18.5303#0.5470#0.8161#-0.3008#-0.0163#1.6237
58.00:hum1:17.0846#-0.4593#0.8025#0.0000#-0.0000#-2.2486
59.00:hum1:16.9341#-0.6464#0.8025#0.0000#-0.0000#-2.2482
60.00:hum1:16.8036#-0.8386#0.8025#0.0000#-0.0000#-2.1636
61.00:hum1:15.3470#-3.0249#0.9484#-0.9535#0.4969#-1.8967
62.00:hum1:14.4073#-4.7566#0.8102#-0.0915#0.0619#-2.1637
63.00:hum1:14.1724#-5.1038#0.8120#0.2253#-0.1501#-2.1486
64.00:hum1:14.0998#-5.2111#0.8025#0.0000#-0.0000#-2.1656
65.00:hum1:14.0998#-5.2111#0.8025#0.0000#-0.0000#-2.1656
66.00:hum1:14.0998#-5.2111#0.8025#0.0000#-0.0000#-2.1656
67.00:hum1:14.0998#-5.2111#0.8025#0.0000#-0.0000#-2.1656
68.00:hum1:14.0998#-5.2111#0.8025#0.0000#-0.0000#-2.1656
69.00:hum1:14.0998#-5.2111#0.8025#0.0000#-0.0000#-2.1656
70.00:hum1:14.0998#-5.2111#0.8025#0.0000#-0.0000#-2.1656
71.00:hum1:14.0998#-5.2111#0.8025#0.0000#-0.0000#-2.1656
72.00:hum1:14.0998#-5.2111#0.8025#0.0000#-0.0000#-2.1656
73.00:hum1:14.0998#-5.2111#0.8025#0.0000#-0.0000#-2.1656
74.00:hum1:14.0998#-5.2111#0.8025#0.0000#-0.0000#-2.1656