
1.00:hum1:-0.2750#-0.5250#0.8025#-0.0000#0.0000#-0.0000
2.00:hum1:-0.2750#-0.5250#0.8025#-0.0000#0.0000#-0.0000
3.00:hum1:-0.2750#-0.5250#0.8025#-0.0000#0.0000#-0.0000
4.00:hum1:-0.2750#-0.5250#0.8025#-0.0000#0.0000#-0.0000
5.00:hum1:-0.2750#-0.5250#0.8025#-0.0000#0.0000#-0.0000
6.00:hum1:-0.2750#-0.5250#0.8025#-0.0000#0.0000#-0.0000
7.00:hum1:-0.2750#-0.5250#0.8025#-0.0000#0.0000#-0.0000
8.00:hum1:-0.2750#-0.5250#0.8025#-0.0000#0.0000#-0.0000
9.00:hum1:-0.2750#-0.5250#0.8025#-0.0000#0.0000#-0.0000
10.00:hum1:-0.2750#-0.5250#0.8025#-0.0000#0.0000#-0.0000
11.00:hum1:-0.2750#-0.5250#0.8025#-0.0000#0.0000#-0.0000
12.00:hum1:-0.2750#-0.5250#0.8025#-0.0000#0.0000#-0.0000
13.00:hum1:-0.2750#-0.5250#0.8025#-0.0000#0.0000#-0.0000
14.00:hum1:-0.2750#-0.5250#0.8025#-0.0000#0.0000#-0.0000
15.00:hum1:-0.2750#-0.5250#0.8025#-0.0000#0.0000#-0.0000
16.00:hum1:-0.2750#-0.5250#0.8025#-0.0000#0.0000#-0.0000
17.00:hum1:-0.2750#-0.5250#0.8025#-0.0000#0.0000#-0.0000
18.00:hum1:-0.2750#-0.5250#0.8025#-0.0000#0.0000#-0.0000
19.00:hum1:-0.2750#-0.5250#0.8025#-0.0000#0.0000#-0.0000
20.00:hum1:-0.1237#-0.6428#0.8115#-0.0783#-0.1419#-0.5062
21.00:hum1:1.1580#-1.1617#0.8908#-0.1539#-0.7494#-0.2236
22.00:hum1:2.4778#-1.3199#0.9484#-0.0272#-1.0368#-0.0313
23.00:hum1:3.5840#-1.3188#0.8374#0.0311#-0.4249#0.0757
24.00:hum1:4.5717#-1.2570#0.8081#-0.0117#0.1275#0.0918
25.00:hum1:5.0215#-1.2160#0.8048#-0.0053#0.0580#0.0912
26.00:hum1:5.3539#-1.2516#0.8908#-0.1186#-0.7545#-0.1719
27.00:hum1:6.6412#-1.3826#0.9484#-0.2063#-1.0241#-0.2398
28.00:hum1:7.7125#-1.5307#0.8374#-0.0630#-0.4216#-0.1526
29.00:hum1:7.8135#-1.5448#0.8244#0.0528#0.3599#-0.1488
30.00:hum1:7.8135#-1.5448#0.8244#0.0528#0.3599#-0.1488
31.00:hum1:8.8133#-1.5532#0.8496#0.0393#-0.5146#0.0800
32.00:hum1:9.8205#-1.4861#0.8071#-0.0008#0.0080#0.0964
33.00:hum1:10.9139#-1.3806#0.8215#-0.0353#0.3139#0.1142
34.00:hum1:12.1625#-1.2442#0.8161#-0.0398#0.2987#0.1348
35.00:hum1:12.6802#-1.1772#0.8763#0.1037#-0.6755#0.1653
36.00:hum1:12.5493#-1.1941#0.8025#-0.0000#0.0000#0.1288
37.00:hum1:12.5493#-1.1941#0.8025#-0.0000#0.0000#0.1288
38.00:hum1:12.5493#-1.1941#0.8025#-0.0000#0.0000#0.1288
39.00:hum1:12.5493#-1.1941#0.8025#-0.0000#0.0000#0.1288
40.00:hum1:12.5493#-1.1941#0.8025#-0.0000#0.0000#0.1288
41.00:hum1:12.5493#-1.1941#0.8025#-0.0000#0.0000#0.1288
42.00:hum1:12.5493#-1.1941#0.8025#-0.0000#0.0000#0.1288
43.00:hum1:12.5493#-1.1941#0.8025#-0.0000#0.0000#0.1288
44.00:hum1:13.7487#-1.2275#0.8908#-0.0244#-0.7617#-0.0350
45.00:hum1:15.0436#-1.2602#0.9484#-0.0432#-1.0364#-0.0499
46.00:hum1:16.1291#-1.2876#0.8374#-0.0116#-0.4258#-0.0278
47.00:hum1:17.1133#-1.3125#0.8081#0.0033#0.1280#-0.0255
48.00:hum1:18.2554#-0.6647#0.8281#-0.3627#0.0799#1.3637
49.00:hum1:18.5394#0.5947#0.8120#-0.2637#0.0588#1.3568
50.00:hum1:18.7042#1.9298#0.8115#0.1618#-0.0086#1.5182
51.00:hum1:18.7741#3.2392#0.8908#0.7613#-0.0370#1.5324
52.00:hum1:18.3750#4.6735#0.4025#0.0000#0.0000#-1.5700
53.00:hum1:18.3750#4.6735#0.4025#0.0000#0.0000#-1.5700
54.00:hum1:18.3750#4.6735#0.4025#0.0000#0.0000#-1.5700
55.00:hum1:18.3750#4.6735#0.4025#0.0000#0.0000#-1.5700
56.00:hum1:18.3750#4.6735#0.4025#0.0000#0.0000#-1.5700
57.00:hum1:18.3750#4.6735#0.4025#0.0000#0.0000#-1.5700
58.00:hum1:18.3750#4.6735#0.4025#0.0000#0.0000#-1.5700
59.00:hum1:18.3750#4.6735#0.4025#0.0000#0.0000#-1.5700
60.00:hum1:18.3750#4.6735#0.4025#0.0000#0.0000#-1.5700
61.00:hum1:18.3750#4.6735#0.4025#0.0000#0.0000#-1.5700
62.00:hum1:18.3750#4.6735#0.4025#0.0000#0.0000#-1.5700
63.00:hum1:18.3750#4.6735#0.4025#0.0000#0.0000#-1.5700
64.00:hum1:18.3750#4.6735#0.4025#0.0000#0.0000#-1.5700
65.00:hum1:18.2927#3.4978#0.8262#-0.3274#0.0304#-1.6597
66.00:hum1:18.1851#2.5195#0.8116#0.1941#-0.0140#-1.6416
67.00:hum1:18.0820#1.3434#0.8267#0.3717#-0.0301#-1.6474
68.00:hum1:17.6461#0.3011#0.8067#0.1244#-0.0944#-2.2162
69.00:hum1:16.8708#-0.7737#0.8273#-0.2893#0.1838#-2.1210
70.00:hum1:16.1453#-1.8390#0.9141#-0.7809#0.4537#-1.9868
71.00:hum1:15.9961#-3.2481#0.9413#-1.0036#0.0555#-1.6058
72.00:hum1:15.7964#-3.9443#0.8262#-0.1712#0.2821#-2.5853
73.00:hum1:14.9889#-4.4201#0.8025#0.0000#-0.0000#-2.6086
74.00:hum1:14.9889#-4.4201#0.8025#0.0000#-0.0000#-2.6086