
1.00:hum1:-0.2750#-0.5250#0.8025#-0.0000#0.0000#-0.0000
2.00:hum1:-0.2750#-0.5250#0.8025#-0.0000#0.0000#-0.0000
3.00:hum1:-0.2750#-0.5250#0.8025#-0.0000#0.0000#-0.0000
4.00:hum1:-0.2750#-0.5250#0.8025#-0.0000#0.0000#-0.0000
5.00:hum1:-0.2750#-0.5250#0.8025#-0.0000#0.0000#-0.0000
6.00:hum1:-0.2750#-0.5250#0.8025#-0.0000#0.0000#-0.0000
7.00:hum1:0.5336#-0.6725#0.8496#-0.0574#-0.5131#-0.1162
8.00:hum1:1.5820#-0.8052#0.8721#-0.0837#-0.6528#-0.1368
9.00:hum1:2.6358#-0.9241#0.9191#-0.1309#-0.8947#-0.1668
10.00:hum1:3.5774#-1.0484#0.8071#0.0007#0.0080#-0.0841
11.00:hum1:6.8407#-0.7317#0.8069#-0.0033#0.0821#-3.1007
12.00:hum1:8.8381#-1.3246#0.8496#-0.0060#-0.5159#-0.0118
13.00:hum1:11.7935#-1.2457#0.8161#0.0095#0.3011#-0.0317
14.00:hum1:13.5055#-4.4727#0.9597#-1.0350#-0.4239#-1.3309
15.00:hum1:16.1873#-3.0419#0.9141#0.5954#-0.6903#0.8166
16.00:hum1:16.8742#-2.5750#0.8025#-0.0000#0.0000#0.5969
17.00:hum1:17.0727#-2.4401#0.8025#-0.0000#0.0000#0.5969
18.00:hum1:17.6267#-2.0636#0.8067#-0.0881#0.1289#0.6026
19.00:hum1:18.7302#0.7334#0.8025#-0.0000#0.0000#1.4756
20.00:hum1:18.8386#4.0950#0.8067#-0.1560#0.0031#1.5512
21.00:hum1:18.8447#4.3987#0.8466#0.4945#-0.0096#1.5534
22.00:hum1:18.3750#4.6735#0.4025#0.0000#0.0000#-1.5700
23.00:hum1:18.3750#4.6735#0.4025#0.0000#0.0000#-1.5700
24.00:hum1:18.3750#4.6735#0.4025#0.0000#0.0000#-1.5700
25.00:hum1:18.3750#4.6735#0.4025#0.0000#0.0000#-1.5700
26.00:hum1:18.3750#4.6735#0.4025#0.0000#0.0000#-1.5700
27.00:hum1:18.3750#4.6735#0.4025#0.0000#0.0000#-1.5700
28.00:hum1:18.3750#4.6735#0.4025#0.0000#0.0000#-1.5700
29.00:hum1:18.3750#4.6735#0.4025#0.0000#0.0000#-1.5700
30.00:hum1:18.3750#4.6735#0.4025#0.0000#0.0000#-1.5700
31.00:hum1:18.3750#4.6735#0.4025#0.0000#0.0000#-1.5700
32.00:hum1:18.3750#4.6735#0.4025#0.0000#0.0000#-1.5700
33.00:hum1:18.3750#4.6735#0.4025#0.0000#0.0000#-1.5700
34.00:hum1:18.3750#4.6735#0.4025#0.0000#0.0000#-1.5700
35.00:hum1:18.3750#4.6735#0.4025#0.0000#0.0000#-1.5700
36.00:hum1:18.3750#4.6735#0.4025#0.0000#0.0000#-1.5700
37.00:hum1:18.3750#4.6735#0.4025#0.0000#0.0000#-1.5700
38.00:hum1:18.3750#4.6735#0.4025#0.0000#0.0000#-1.5700
39.00:hum1:18.3750#4.6735#0.4025#0.0000#0.0000#-1.5700
40.00:hum1:18.3750#4.6735#0.4025#0.0000#0.0000#-1.5700
41.00:hum1:18.3750#4.6735#0.4025#0.0000#0.0000#-1.5700
42.00:hum1:18.3753#3.7034#0.9598#-1.0872#-0.0004#-1.5702
43.00:hum1:18.2103#2.6606#0.8374#-0.4256#0.0188#-1.6120
44.00:hum1:17.9852#0.0931#0.9191#-0.9006#0.0485#-1.6089
45.00:hum1:16.2110#-1.8277#0.9597#-1.0122#0.4992#-1.8612
46.00:hum1:15.5737#-4.0377#0.9141#0.5795#-0.7029#0.7919
47.00:hum1:14.4918#-4.9191#0.8025#0.0000#-0.0000#-2.4909
48.00:hum1:14.3441#-5.0319#0.8081#0.0779#-0.1017#-2.4856
49.00:hum1:13.9997#-5.2958#0.8048#0.0354#-0.0462#-2.4864
50.00:hum1:13.9555#-5.3296#0.8025#0.0000#-0.0000#-2.4872
51.00:hum1:13.9555#-5.3296#0.8025#0.0000#-0.0000#-2.4872
52.00:hum1:13.9555#-5.3296#0.8025#0.0000#-0.0000#-2.4872
53.00:hum1:13.9555#-5.3296#0.8025#0.0000#-0.0000#-2.4872
54.00:hum1:13.9555#-5.3296#0.8025#0.0000#-0.0000#-2.4872
55.00:hum1:13.9555#-5.3296#0.8025#0.0000#-0.0000#-2.4872
56.00:hum1:13.9555#-5.3296#0.8025#0.0000#-0.0000#-2.4872
57.00:hum1:13.9555#-5.3296#0.8025#0.0000#-0.0000#-2.4872
58.00:hum1:13.9555#-5.3296#0.8025#0.0000#-0.0000#-2.4872
59.00:hum1:13.9555#-5.3296#0.8025#0.0000#-0.0000#-2.4872
60.00:hum1:13.9555#-5.3296#0.8025#0.0000#-0.0000#-2.4872
61.00:hum1:13.9555#-5.3296#0.8025#0.0000#-0.0000#-2.4872
62.00:hum1:13.9555#-5.3296#0.8025#0.0000#-0.0000#-2.4872
63.00:hum1:13.9555#-5.3296#0.8025#0.0000#-0.0000#-2.4872
64.00:hum1:13.9555#-5.3296#0.8025#0.0000#-0.0000#-2.4872