
1.00:hum1:-0.2750#-0.5250#0.8025#-0.0000#0.0000#-0.0000
2.00:hum1:-0.2750#-0.5250#0.8025#-0.0000#0.0000#-0.0000
3.00:hum1:-0.2750#-0.5250#0.8025#-0.0000#0.0000#-0.0000
4.00:hum1:-0.2750#-0.5250#0.8025#-0.0000#0.0000#-0.0000
5.00:hum1:-0.2750#-0.5250#0.8025#-0.0000#0.0000#-0.0000
6.00:hum1:-0.2750#-0.5250#0.8025#-0.0000#0.0000#-0.0000
7.00:hum1:0.5498#-0.6742#0.9191#-0.1273#-0.8951#-0.1623
8.00:hum1:1.5731#-0.8174#0.9413#-0.1589#-0.9965#-0.1882
9.00:hum1:2.5822#-0.9399#0.9484#-0.1652#-1.0288#-0.1919
10.00:hum1:3.5993#-1.0477#0.9597#-0.1764#-1.0785#-0.1992
11.00:hum1:4.7120#-1.1547#0.8496#-0.0484#-0.5139#-0.0978
12.00:hum1:5.7137#-1.2501#0.8071#0.0006#0.0080#-0.0707
13.00:hum1:6.8074#-1.3378#0.8215#0.0198#0.3152#-0.0634
14.00:hum1:8.0590#-1.4187#0.8161#0.0144#0.3009#-0.0483
15.00:hum1:9.3923#-1.4773#0.8069#-0.0024#-0.0821#-0.0290
16.00:hum1:10.6924#-1.5122#0.8763#-0.0004#-0.6822#-0.0002
17.00:hum1:11.3163#-1.5701#0.8618#-0.5634#-0.2038#-1.2604
18.00:hum1:11.7796#-2.5319#0.8466#-0.4091#-0.2862#-0.9932
19.00:hum1:12.3639#-3.3281#0.8273#-0.2879#-0.1861#-1.0120
20.00:hum1:13.3486#-3.7811#0.8115#0.1509#-0.0590#1.2011
21.00:hum1:13.1647#-3.0872#0.8069#-0.0821#0.0026#-1.6025
22.00:hum1:13.6411#-4.0946#0.8044#0.0034#-0.0063#0.5001
23.00:hum1:14.5238#-3.6123#0.8048#-0.0279#0.0511#0.5008
24.00:hum1:15.3928#-3.1374#0.8067#-0.0752#0.1368#0.5053
25.00:hum1:16.3719#-2.6024#0.8025#-0.0000#0.0000#0.5001
26.00:hum1:16.4533#-2.5579#0.8025#-0.0000#0.0000#0.5001
27.00:hum1:16.6218#-2.4659#0.8025#-0.0000#0.0000#0.5001
28.00:hum1:16.8261#-2.3542#0.8025#-0.0000#0.0000#0.5001
29.00:hum1:16.9314#-2.2967#0.8025#-0.0000#0.0000#0.5001
30.00:hum1:18.6934#0.4383#0.8025#-0.0000#0.0000#1.4700
31.00:hum1:18.8193#3.0865#0.8025#-0.0000#0.0000#1.5514
32.00:hum1:18.8371#4.0007#0.8025#-0.0000#0.0000#1.5514
33.00:hum1:18.3750#4.6735#0.4025#0.0000#0.0000#-1.5700
34.00:hum1:18.3750#4.6735#0.4025#0.0000#0.0000#-1.5700
35.00:hum1:18.3750#4.6735#0.4025#0.0000#0.0000#-1.5700
36.00:hum1:18.3750#4.6735#0.4025#0.0000#0.0000#-1.5700
37.00:hum1:18.3750#4.6735#0.4025#0.0000#0.0000#-1.5700
38.00:hum1:18.3750#4.6735#0.4025#0.0000#0.0000#-1.5700
39.00:hum1:18.3750#4.6735#0.4025#0.0000#0.0000#-1.5700
40.00:hum1:18.3750#4.6735#0.4025#0.0000#0.0000#-1.5700
41.00:hum1:18.3750#4.6735#0.4025#0.0000#0.0000#-1.5700
42.00:hum1:18.3750#4.6735#0.4025#0.0000#0.0000#-1.5700
43.00:hum1:18.3750#4.6735#0.4025#0.0000#0.0000#-1.5700
44.00:hum1:18.3750#4.6735#0.4025#0.0000#0.0000#-1.5700
45.00:hum1:18.3750#4.6735#0.4025#0.0000#0.0000#-1.5700
46.00:hum1:18.3750#4.6735#0.4025#0.0000#0.0000#-1.5700
47.00:hum1:18.3750#4.6735#0.4025#0.0000#0.0000#-1.5700
48.00:hum1:18.3750#4.6735#0.4025#0.0000#0.0000#-1.5700
49.00:hum1:18.3750#4.6735#0.4025#0.0000#0.0000#-1.5700
50.00:hum1:18.3753#3.7893#0.9191#-0.9016#-0.0004#-1.5701
51.00:hum1:18.1582#1.5518#0.8496#-0.5155#0.0226#-1.6104
52.00:hum1:16.8479#-0.8413#0.9413#-0.9232#0.4752#-1.9036
53.00:hum1:15.0419#-3.6141#0.9598#-1.0222#0.4699#-1.8405
54.00:hum1:14.6222#-4.5998#0.8244#0.2827#-0.2318#-2.2396
55.00:hum1:14.3286#-4.9473#0.8025#0.0000#-0.0000#-2.2719
56.00:hum1:14.3286#-4.9473#0.8025#0.0000#-0.0000#-2.2719
57.00:hum1:14.3286#-4.9473#0.8025#0.0000#-0.0000#-2.2719
58.00:hum1:14.3286#-4.9473#0.8025#0.0000#-0.0000#-2.2719
59.00:hum1:14.3286#-4.9473#0.8025#0.0000#-0.0000#-2.2719
60.00:hum1:14.3286#-4.9473#0.8025#0.0000#-0.0000#-2.2719
61.00:hum1:14.3286#-4.9473#0.8025#0.0000#-0.0000#-2.2719
62.00:hum1:14.3286#-4.9473#0.8025#0.0000#-0.0000#-2.2719
63.00:hum1:14.3286#-4.9473#0.8025#0.0000#-0.0000#-2.2719
64.00:hum1:14.3286#-4.9473#0.8025#0.0000#-0.0000#-2.2719
65.00:hum1:14.3286#-4.9473#0.8025#0.0000#-0.0000#-2.2719
66.00:hum1:14.3286#-4.9473#0.8025#0.0000#-0.0000#-2.2719
67.00:hum1:14.3286#-4.9473#0.8025#0.0000#-0.0000#-2.2719
68.00:hum1:14.3286#-4.9473#0.8025#0.0000#-0.0000#-2.2719
69.00:hum1:14.3286#-4.9473#0.8025#0.0000#-0.0000#-2.2719