
2.00:-4.8099#-1.1623#0.2401#-0.0001#-0.0025#-0.0001
3.00:-4.8100#-1.1623#0.2401#-0.0001#-0.0024#-0.0001
4.00:-4.8100#-1.1623#0.2401#-0.0001#-0.0022#-0.0001
5.00:-4.8102#-1.1623#0.2401#-0.0001#-0.0025#-0.0002
6.00:-4.8103#-1.1623#0.2401#-0.0001#-0.0023#-0.0002
7.00:-4.8104#-1.1623#0.2401#-0.0001#-0.0025#-0.0002
8.00:-4.8105#-1.1623#0.2401#-0.0001#-0.0025#-0.0001
9.00:-4.8106#-1.1623#0.2401#-0.0001#-0.0023#-0.0002
10.00:-4.8106#-1.1624#0.2401#-0.0001#-0.0021#-0.0002
11.00:-4.2916#-1.2427#0.2402#-0.0013#-0.0025#-0.4188
12.00:-4.1431#-1.3935#0.2401#-0.0015#-0.0007#-1.0810
13.00:-4.0734#-1.4634#0.2401#-0.0015#-0.0015#-0.7846
14.00:-3.9891#-1.5079#0.2401#-0.0011#-0.0019#-0.4919
15.00:-3.8967#-1.5263#0.2401#-0.0005#-0.0021#-0.2032
16.00:-3.7354#-1.5172#0.2401#0.0001#-0.0021#0.0468
17.00:-2.7059#-1.4605#0.2401#0.0000#-0.0015#0.0550
18.00:-1.5419#-1.3965#0.2401#0.0000#-0.0016#0.0551
19.00:-0.3778#-1.3324#0.2401#0.0000#-0.0013#0.0549
20.00:0.2482#-1.2974#0.2401#0.0000#-0.0017#0.0631
21.00:0.2482#-1.2974#0.2401#0.0000#-0.0014#0.0632
22.00:0.2481#-1.2974#0.2401#0.0000#-0.0014#0.0632
23.00:0.2481#-1.2974#0.2401#0.0000#-0.0014#0.0632
24.00:0.2480#-1.2974#0.2401#0.0000#-0.0015#0.0632
25.00:0.2479#-1.2974#0.2401#0.0000#-0.0015#0.0632
26.00:0.2478#-1.2974#0.2401#0.0000#-0.0015#0.0632
27.00:0.2477#-1.2975#0.2401#0.0000#-0.0016#0.0632
28.00:0.2476#-1.2975#0.2401#0.0000#-0.0016#0.0632
29.00:0.6149#-1.2772#0.2401#0.0000#-0.0021#0.0460
30.00:1.7743#-1.2306#0.2401#0.0000#-0.0016#0.0402
31.00:2.9393#-1.1832#0.2401#-0.0000#-0.0015#0.0411
32.00:4.0906#-1.1358#0.2400#-0.0000#-0.0012#0.0413
33.00:4.3861#-1.1224#0.2401#0.0000#-0.0015#0.0555
34.00:4.3860#-1.1224#0.2401#0.0000#-0.0014#0.0555
35.00:4.3860#-1.1224#0.2401#0.0000#-0.0014#0.0555
36.00:4.3859#-1.1224#0.2401#0.0000#-0.0014#0.0555
37.00:4.3858#-1.1224#0.2401#0.0000#-0.0014#0.0555
38.00:4.3858#-1.1224#0.2401#0.0000#-0.0014#0.0555
39.00:4.3857#-1.1225#0.2401#0.0000#-0.0014#0.0555
40.00:4.3857#-1.1225#0.2401#0.0000#-0.0014#0.0555
41.00:4.3856#-1.1225#0.2401#0.0000#-0.0014#0.0555
42.00:4.3855#-1.1225#0.2401#0.0000#-0.0015#0.0555
43.00:4.3855#-1.1225#0.2401#0.0000#-0.0015#0.0555
44.00:4.3854#-1.1225#0.2401#0.0000#-0.0015#0.0555
45.00:4.3853#-1.1225#0.2401#0.0000#-0.0014#0.0555
46.00:4.3853#-1.1225#0.2401#0.0000#-0.0014#0.0555
47.00:4.3852#-1.1225#0.2401#0.0000#-0.0014#0.0554
48.00:4.3852#-1.1225#0.2401#0.0000#-0.0014#0.0555
49.00:4.3851#-1.1226#0.2401#0.0000#-0.0014#0.0554
50.00:4.3850#-1.1226#0.2401#0.0000#-0.0014#0.0554
51.00:4.9250#-1.0971#0.2401#0.0000#-0.0019#0.0432
52.00:6.0898#-1.0466#0.2400#-0.0001#-0.0013#0.0433
53.00:6.9875#-1.0077#0.2400#-0.0000#-0.0011#0.0503
54.00:7.0209#-1.0181#0.2401#-0.0005#-0.0025#-0.1723
55.00:7.7977#-1.2190#0.2401#-0.0005#-0.0015#-0.2601
56.00:8.4212#-1.3746#0.2401#-0.0004#-0.0017#-0.1769
57.00:8.6650#-1.3658#0.2401#0.0000#-0.0018#0.0193
58.00:9.7649#-1.3827#0.2401#-0.0001#-0.0017#-0.0195
59.00:10.9344#-1.4060#0.2401#-0.0000#-0.0015#-0.0198
60.00:12.0998#-1.4288#0.2401#-0.0001#-0.0014#-0.0197
61.00:13.2652#-1.4520#0.2401#-0.0001#-0.0017#-0.0198
62.00:14.4309#-1.4747#0.2401#-0.0001#-0.0017#-0.0190
63.00:15.1780#-1.4841#0.2400#-0.0000#-0.0012#0.0130
64.00:15.1786#-1.4840#0.2401#-0.0000#-0.0015#0.0150
65.00:15.1785#-1.4840#0.2401#-0.0000#-0.0015#0.0150
66.00:15.1784#-1.4840#0.2401#-0.0000#-0.0016#0.0151
67.00:15.1783#-1.4840#0.2401#-0.0000#-0.0016#0.0151
68.00:15.1782#-1.4840#0.2401#-0.0000#-0.0016#0.0151
69.00:15.1780#-1.4840#0.2401#-0.0000#-0.0016#0.0150
70.00:15.1779#-1.4840#0.2401#-0.0000#-0.0017#0.0150
71.00:15.1778#-1.4840#0.2401#-0.0001#-0.0016#0.0150
72.00:15.1777#-1.4840#0.2401#-0.0000#-0.0016#0.0150
73.00:15.1776#-1.4841#0.2401#-0.0000#-0.0016#0.0149
74.00:15.1776#-1.4841#0.2401#-0.0000#-0.0016#0.0150
75.00:15.1774#-1.4841#0.2401#-0.0000#-0.0017#0.0150
76.00:15.1773#-1.4841#0.2401#-0.0000#-0.0017#0.0150
77.00:15.1773#-1.4841#0.2401#-0.0000#-0.0017#0.0150
78.00:15.1772#-1.4841#0.2401#-0.0000#-0.0016#0.0150
79.00:15.1771#-1.4841#0.2401#-0.0000#-0.0017#0.0149
80.00:15.1769#-1.4841#0.2401#-0.0000#-0.0017#0.0148
81.00:15.5943#-1.4892#0.2401#-0.0001#-0.0018#-0.0333
82.00:16.7570#-1.5360#0.2401#-0.0001#-0.0015#-0.0399
83.00:17.9218#-1.5823#0.2401#-0.0001#-0.0014#-0.0397
84.00:18.4898#-1.6038#0.2401#-0.0001#-0.0016#-0.0323
85.00:18.4898#-1.6038#0.2401#-0.0001#-0.0016#-0.0323
86.00:18.4897#-1.6038#0.2401#-0.0001#-0.0015#-0.0323
87.00:18.4897#-1.6038#0.2401#-0.0001#-0.0015#-0.0322
88.00:18.4896#-1.6038#0.2401#-0.0001#-0.0015#-0.0323
89.00:18.4896#-1.6038#0.2401#-0.0001#-0.0014#-0.0323
90.00:18.4896#-1.6038#0.2401#-0.0001#-0.0014#-0.0322
91.00:18.7177#-1.6128#0.2401#-0.0002#-0.0023#-0.0435
92.00:19.7264#-1.6670#0.2400#-0.0002#-0.0010#-0.0424
93.00:19.8386#-1.6679#0.2401#-0.0001#-0.0014#-0.0028
94.00:19.8386#-1.6679#0.2401#-0.0001#-0.0014#-0.0028
95.00:19.8386#-1.6679#0.2400#-0.0001#-0.0013#-0.0028
96.00:19.8384#-1.6679#0.2401#-0.0001#-0.0015#-0.0029
97.00:19.8383#-1.6679#0.2401#-0.0001#-0.0015#-0.0028
98.00:19.8382#-1.6679#0.2401#-0.0001#-0.0016#-0.0029
99.00:19.8380#-1.6679#0.2401#-0.0001#-0.0017#-0.0029
100.00:19.8379#-1.6679#0.2401#-0.0001#-0.0017#-0.0029
101.00:19.8379#-1.6679#0.2401#-0.0001#-0.0016#-0.0030
102.00:19.8377#-1.6679#0.2401#-0.0001#-0.0018#-0.0031