
1.00:hum1:-5.5750#-1.5000#0.8025#-0.0000#0.0000#-0.0000
2.00:hum1:-5.5750#-1.5000#0.8025#-0.0000#0.0000#-0.0000
3.00:hum1:-5.5750#-1.5000#0.8025#-0.0000#0.0000#-0.0000
4.00:hum1:-5.5750#-1.5000#0.8025#-0.0000#0.0000#-0.0000
5.00:hum1:-5.5750#-1.5000#0.8025#-0.0000#0.0000#-0.0000
6.00:hum1:-5.5750#-1.5000#0.8025#-0.0000#0.0000#-0.0000
7.00:hum1:-5.5750#-1.5000#0.8025#-0.0000#0.0000#-0.0000
8.00:hum1:-5.5750#-1.5000#0.8025#-0.0000#0.0000#-0.0000
9.00:hum1:-5.5750#-1.5000#0.8025#-0.0000#0.0000#-0.0000
10.00:hum1:-5.5750#-1.5000#0.8025#-0.0000#0.0000#-0.0000
11.00:hum1:-5.5750#-1.5000#0.8025#-0.0000#0.0000#-0.0000
12.00:hum1:-5.5750#-1.5000#0.8025#-0.0000#0.0000#-0.0000
13.00:hum1:-5.5750#-1.5000#0.8025#-0.0000#0.0000#-0.0000
14.00:hum1:-4.7320#-1.4031#0.8102#0.0128#-0.1096#0.1171
15.00:hum1:-3.7236#-1.2853#0.9597#0.2169#-1.0741#0.2459
16.00:hum1:-3.6512#-1.2768#0.8721#0.0892#-0.6522#0.1466
17.00:hum1:-3.6602#-1.2778#0.8374#0.0525#-0.4229#0.1277
18.00:hum1:-3.6817#-1.2803#0.8171#-0.0322#0.2692#0.1207
19.00:hum1:-2.6791#-1.1631#0.8153#-0.0292#0.2453#0.1200
20.00:hum1:-1.6986#-1.2767#0.8244#0.2004#0.3055#-0.5937
21.00:hum1:-0.5701#-1.9886#0.8048#0.0311#0.0492#-0.5635
22.00:hum1:0.5270#-2.6806#0.8466#-0.2803#-0.4130#-0.6218
23.00:hum1:0.9327#-2.9364#0.8267#0.2058#0.3131#-0.5953
24.00:hum1:1.5186#-2.8311#0.8120#-0.2632#-0.0608#1.7929
25.00:hum1:1.7977#-2.6951#0.9377#0.6995#-0.7693#0.8803
26.00:hum1:2.8589#-2.2073#0.9191#0.4045#-0.8301#0.5260
27.00:hum1:3.8220#-1.8603#0.8168#0.0775#-0.2120#0.3540
28.00:hum1:4.7614#-1.5219#0.8153#-0.0852#0.2322#0.3557
29.00:hum1:5.2696#-1.3389#0.8069#0.0279#-0.0773#0.3468
30.00:hum1:5.6532#-1.2007#0.9377#0.4753#-0.9043#0.5800
31.00:hum1:6.5858#-0.8648#0.9141#0.3876#-0.8099#0.5137
32.00:hum1:7.7900#-0.4310#0.9413#0.4895#-0.9175#0.5913
33.00:hum1:8.7767#-0.0755#0.8262#0.1150#-0.3087#0.3637
34.00:hum1:9.6985#0.2566#0.8116#-0.0666#0.1830#0.3519
35.00:hum1:10.4049#0.8311#0.8081#0.1206#0.0429#-1.2302
36.00:hum1:10.8600#0.4336#0.8048#0.0290#0.0505#-0.5206
37.00:hum1:11.8863#-0.2645#0.8466#-0.3379#-0.3684#-0.7728
38.00:hum1:12.8770#-1.1148#0.9377#-0.7804#-0.6864#-1.0011
39.00:hum1:13.0045#-1.2243#0.9413#-0.7977#-0.6948#-1.0121
40.00:hum1:13.2021#-1.1726#0.8374#-0.0151#-0.4257#-0.0361
41.00:hum1:13.1549#-1.1710#0.8071#0.0003#0.0080#-0.0329
42.00:hum1:13.2206#-1.1731#0.8281#0.0129#0.3708#-0.0353
43.00:hum1:14.2501#-1.2070#0.8215#0.0108#0.3156#-0.0346
44.00:hum1:15.5011#-1.2482#0.8161#0.0103#0.3010#-0.0345
45.00:hum1:16.8313#-1.2920#0.8069#-0.0027#-0.0821#-0.0330
46.00:hum1:18.1683#-0.8957#0.8763#0.5545#-0.4202#0.9887
47.00:hum1:18.5403#0.4839#0.9597#1.0780#-0.1813#1.4746
48.00:hum1:18.7674#1.5768#0.8496#0.5069#-0.1007#1.3920
49.00:hum1:18.9715#2.5594#0.8071#-0.0079#0.0016#1.3659
50.00:hum1:19.1821#3.5727#0.8153#-0.2420#0.0498#1.3720
51.00:hum1:19.1945#3.6322#0.8215#-0.3096#0.0633#1.3758
52.00:hum1:18.7151#3.8437#0.8120#0.2525#-0.0967#-1.9286
53.00:hum1:18.3937#2.4986#0.8115#-0.1618#-0.0069#-1.5284
54.00:hum1:18.3288#1.2332#0.8908#-0.7590#0.0753#-1.6496
55.00:hum1:18.3208#-0.0941#0.9484#-1.0368#-0.0246#-1.5559
56.00:hum1:18.8403#0.8805#0.8374#0.4260#-0.0037#1.5630
57.00:hum1:18.8488#1.8650#0.8081#-0.1280#0.0011#1.5622
58.00:hum1:18.8586#3.0022#0.8281#-0.3710#0.0033#1.5627
59.00:hum1:18.8678#4.0524#0.9191#0.9016#-0.0070#1.5656
60.00:hum1:18.3750#4.6735#0.4025#0.0000#0.0000#-1.5700
61.00:hum1:18.3750#4.6735#0.4025#0.0000#0.0000#-1.5700
62.00:hum1:18.3750#4.6735#0.4025#0.0000#0.0000#-1.5700
63.00:hum1:18.3750#4.6735#0.4025#0.0000#0.0000#-1.5700
64.00:hum1:18.3750#4.6735#0.4025#0.0000#0.0000#-1.5700
65.00:hum1:18.3750#4.6735#0.4025#0.0000#0.0000#-1.5700
66.00:hum1:18.3750#4.6735#0.4025#0.0000#0.0000#-1.5700
67.00:hum1:18.3750#4.6735#0.4025#0.0000#0.0000#-1.5700
68.00:hum1:18.3750#4.6735#0.4025#0.0000#0.0000#-1.5700
69.00:hum1:18.3750#4.6735#0.4025#0.0000#0.0000#-1.5700
70.00:hum1:18.3750#4.6735#0.4025#0.0000#0.0000#-1.5700
71.00:hum1:18.3750#4.6735#0.4025#0.0000#0.0000#-1.5700
72.00:hum1:18.3750#4.6735#0.4025#0.0000#0.0000#-1.5700
73.00:hum1:18.3750#4.6735#0.4025#0.0000#0.0000#-1.5700
74.00:hum1:18.3751#4.0241#0.8496#-0.5160#-0.0002#-1.5700
75.00:hum1:18.2728#3.4929#0.8273#-0.3375#0.0522#-1.7180
76.00:hum1:18.1405#2.1843#0.9141#-0.8771#0.0554#-1.6165
77.00:hum1:17.9927#0.9119#0.9413#-1.0037#0.0519#-1.6035
78.00:hum1:17.7377#0.1386#0.8262#-0.2385#0.2285#-2.3205
79.00:hum1:17.0828#-0.6541#0.8116#0.1653#-0.1032#-2.1236
80.00:hum1:16.7077#-1.2450#0.8466#-0.4240#0.2627#-2.0925
81.00:hum1:16.6593#-1.3236#0.8763#-0.6012#0.3445#-2.0280
82.00:hum1:16.4725#-1.6198#0.9191#-0.8187#0.4322#-1.9439
83.00:hum1:15.9289#-2.4899#0.8168#-0.1927#0.1180#-2.1136
84.00:hum1:15.6364#-3.5493#0.8153#0.2470#0.0053#-1.5496
85.00:hum1:15.4792#-4.6710#0.8244#0.3517#-0.0942#-1.8215
86.00:hum1:15.1266#-5.9578#0.8048#0.0561#-0.0154#-1.8378
87.00:hum1:14.7838#-7.2088#0.8466#-0.4796#0.1259#-1.8074