
1.00:hum1:-0.2750#-0.5250#0.8025#-0.0000#0.0000#-0.0000
2.00:hum1:-0.2750#-0.5250#0.8025#-0.0000#0.0000#-0.0000
3.00:hum1:-0.2750#-0.5250#0.8025#-0.0000#0.0000#-0.0000
4.00:hum1:-0.2750#-0.5250#0.8025#-0.0000#0.0000#-0.0000
5.00:hum1:-0.2750#-0.5250#0.8025#-0.0000#0.0000#-0.0000
6.00:hum1:0.5336#-0.6725#0.8496#-0.0574#-0.5131#-0.1162
7.00:hum1:2.9484#-0.9605#0.8120#0.0137#0.2697#-0.0512
8.00:hum1:5.9309#-1.2075#0.8244#0.0155#0.3633#-0.0432
9.00:hum1:9.9127#-1.4004#0.9377#-0.0182#-0.9887#-0.0215
10.00:hum1:12.7733#-0.8936#0.8153#0.0291#-0.2453#-3.0221
11.00:hum1:13.9207#-1.3993#0.8071#0.0042#-0.0069#-2.5946
12.00:hum1:13.5636#-3.7525#0.8262#0.1445#-0.2964#0.4624
13.00:hum1:16.5046#-2.3651#0.8721#0.3180#-0.5856#0.5375
14.00:hum1:16.9071#-2.1751#0.8025#-0.0000#0.0000#0.4408
15.00:hum1:17.8249#-1.7421#0.8048#-0.0248#0.0527#0.4415
16.00:hum1:18.7337#1.0643#0.8161#-0.2990#0.0373#1.4507
17.00:hum1:18.8374#4.2130#0.8496#0.5158#-0.0139#1.5466
18.00:hum1:18.8354#4.1451#0.8081#-0.1280#0.0036#1.5431
19.00:hum1:18.3750#4.6735#0.4025#0.0000#0.0000#-1.5700
20.00:hum1:18.3750#4.6735#0.4025#0.0000#0.0000#-1.5700
21.00:hum1:18.3750#4.6735#0.4025#0.0000#0.0000#-1.5700
22.00:hum1:18.3750#4.6735#0.4025#0.0000#0.0000#-1.5700
23.00:hum1:18.3750#4.6735#0.4025#0.0000#0.0000#-1.5700
24.00:hum1:18.3750#4.6735#0.4025#0.0000#0.0000#-1.5700
25.00:hum1:18.3750#4.6735#0.4025#0.0000#0.0000#-1.5700
26.00:hum1:18.3750#4.6735#0.4025#0.0000#0.0000#-1.5700
27.00:hum1:18.3750#4.6735#0.4025#0.0000#0.0000#-1.5700
28.00:hum1:18.3750#4.6735#0.4025#0.0000#0.0000#-1.5700
29.00:hum1:18.3750#4.6735#0.4025#0.0000#0.0000#-1.5700
30.00:hum1:18.3750#4.6735#0.4025#0.0000#0.0000#-1.5700
31.00:hum1:18.3750#4.6735#0.4025#0.0000#0.0000#-1.5700
32.00:hum1:18.3750#4.6735#0.4025#0.0000#0.0000#-1.5700
33.00:hum1:18.3750#4.6735#0.4025#0.0000#0.0000#-1.5700
34.00:hum1:18.3750#4.6735#0.4025#0.0000#0.0000#-1.5700
35.00:hum1:18.3750#4.6735#0.4025#0.0000#0.0000#-1.5700
36.00:hum1:18.3750#4.6735#0.4025#0.0000#0.0000#-1.5700
37.00:hum1:18.3751#4.1164#0.8267#0.3728#0.0002#-1.5701
38.00:hum1:18.1895#2.2613#0.8262#-0.3283#0.0190#-1.6261
39.00:hum1:17.5106#-0.3919#0.8721#-0.3722#0.5552#-2.5038
40.00:hum1:16.2496#-1.7215#0.8044#-0.0061#0.0038#-2.1284
41.00:hum1:15.3469#-4.0522#0.8120#0.1867#-0.1962#-2.3716
42.00:hum1:14.0034#-5.3111#0.9598#-0.9164#0.7014#-2.0301
43.00:hum1:14.0091#-5.3087#0.8081#0.0889#-0.0922#-2.3721
44.00:hum1:13.9439#-5.3713#0.8025#0.0000#-0.0000#-2.3762
45.00:hum1:13.9439#-5.3713#0.8025#0.0000#-0.0000#-2.3762
46.00:hum1:13.9439#-5.3713#0.8025#0.0000#-0.0000#-2.3762
47.00:hum1:13.9439#-5.3713#0.8025#0.0000#-0.0000#-2.3762
48.00:hum1:13.9439#-5.3713#0.8025#0.0000#-0.0000#-2.3762
49.00:hum1:13.9439#-5.3713#0.8025#0.0000#-0.0000#-2.3762
50.00:hum1:13.9439#-5.3713#0.8025#0.0000#-0.0000#-2.3762
51.00:hum1:13.9439#-5.3713#0.8025#0.0000#-0.0000#-2.3762
52.00:hum1:13.9439#-5.3713#0.8025#0.0000#-0.0000#-2.3762
53.00:hum1:13.9439#-5.3713#0.8025#0.0000#-0.0000#-2.3762
54.00:hum1:13.9439#-5.3713#0.8025#0.0000#-0.0000#-2.3762
55.00:hum1:13.9439#-5.3713#0.8025#0.0000#-0.0000#-2.3762
56.00:hum1:13.9439#-5.3713#0.8025#0.0000#-0.0000#-2.3762
57.00:hum1:13.9439#-5.3713#0.8025#0.0000#-0.0000#-2.3762
58.00:hum1:13.9439#-5.3713#0.8025#0.0000#-0.0000#-2.3762
59.00:hum1:13.9439#-5.3713#0.8025#0.0000#-0.0000#-2.3762