
1.00:0.2653#-1.1873#0.2401#-0.0001#-0.0023#-0.0001
2.00:0.2653#-1.1874#0.2401#-0.0001#-0.0023#-0.0001
3.00:0.2652#-1.1874#0.2401#-0.0001#-0.0021#-0.0001
4.00:0.2651#-1.1874#0.2401#-0.0001#-0.0022#-0.0001
5.00:0.2650#-1.1874#0.2401#-0.0001#-0.0022#-0.0001
6.00:0.2650#-1.1874#0.2401#-0.0001#-0.0020#-0.0002
7.00:0.2649#-1.1874#0.2401#-0.0001#-0.0021#-0.0002
8.00:0.2649#-1.1874#0.2401#-0.0001#-0.0021#-0.0002
9.00:0.4823#-1.1799#0.2401#0.0001#-0.0023#0.1066
10.00:0.9857#-0.8328#0.2401#0.0021#-0.0015#0.9687
11.00:1.0292#-0.7806#0.2401#0.0015#-0.0016#0.8041
12.00:1.0696#-0.7655#0.2401#0.0010#-0.0020#0.4990
13.00:1.1140#-0.7627#0.2401#0.0003#-0.0022#0.1934
14.00:1.1570#-0.7725#0.2401#-0.0004#-0.0027#-0.0967
15.00:1.9106#-0.8914#0.2400#-0.0003#-0.0014#-0.1515
16.00:2.9072#-1.1769#0.2400#-0.0011#-0.0010#-0.7504
17.00:2.8277#-1.5222#0.2400#-0.0006#0.0015#-2.6937
18.00:2.7481#-1.5570#0.2401#-0.0010#0.0018#-2.6348
19.00:2.7128#-1.5990#0.2400#-0.0016#0.0014#-2.3410
20.00:2.6906#-1.6503#0.2401#-0.0019#0.0010#-2.0471
21.00:2.6844#-1.7060#0.2401#-0.0021#0.0004#-1.7474
22.00:2.6948#-1.7608#0.2401#-0.0021#-0.0002#-1.4533
23.00:2.7195#-1.8086#0.2401#-0.0020#-0.0008#-1.1671
24.00:2.7569#-1.8476#0.2401#-0.0017#-0.0014#-0.8804
25.00:2.8037#-1.8736#0.2401#-0.0012#-0.0018#-0.5816
26.00:2.8580#-1.8865#0.2401#-0.0007#-0.0020#-0.2951
27.00:2.9133#-1.8834#0.2401#-0.0001#-0.0021#-0.0104
28.00:3.3435#-1.8352#0.2401#0.0001#-0.0021#0.0799
29.00:4.2780#-1.9777#0.2400#-0.0012#-0.0008#-0.8373
30.00:3.9969#-2.1702#0.2400#0.0013#0.0010#2.3006
31.00:4.1550#-1.9657#0.2400#-0.0001#-0.0017#0.0087
32.00:4.7764#-2.3381#0.2400#-0.0008#-0.0008#-0.7114
33.00:4.9259#-2.4826#0.2401#-0.0014#-0.0015#-0.7208
34.00:4.9758#-2.5005#0.2401#-0.0009#-0.0019#-0.4273
35.00:5.0291#-2.5038#0.2401#-0.0003#-0.0021#-0.1402
36.00:5.0851#-2.4918#0.2401#0.0003#-0.0023#0.1437
37.00:5.8917#-2.3823#0.2400#0.0001#-0.0014#0.1119
38.00:7.0537#-2.2518#0.2400#0.0000#-0.0016#0.1118
39.00:8.2121#-2.1220#0.2400#0.0001#-0.0015#0.1118
40.00:9.3707#-1.9922#0.2400#0.0001#-0.0016#0.1116
41.00:10.5295#-1.8624#0.2400#0.0001#-0.0015#0.1115
42.00:11.6746#-1.7344#0.2400#0.0001#-0.0012#0.1108
43.00:12.4739#-1.6455#0.2400#0.0001#-0.0014#0.1116
44.00:13.6364#-1.5155#0.2400#0.0001#-0.0015#0.1114
45.00:14.1551#-1.4536#0.2400#0.0002#-0.0018#0.1679
46.00:14.1820#-1.4401#0.2401#0.0006#-0.0020#0.3266
47.00:14.2242#-1.4056#0.2401#0.0012#-0.0018#0.6144
48.00:14.2547#-1.3605#0.2401#0.0017#-0.0013#0.9039
49.00:14.2712#-1.3082#0.2401#0.0020#-0.0008#1.1974
50.00:14.2716#-1.2528#0.2401#0.0022#-0.0002#1.4936
51.00:14.2561#-1.2008#0.2401#0.0021#0.0004#1.7885
52.00:14.2262#-1.1546#0.2401#0.0019#0.0010#2.0804
53.00:14.1848#-1.1193#0.2401#0.0015#0.0015#2.3680
54.00:14.1346#-1.0970#0.2401#0.0010#0.0019#2.6559
55.00:14.0803#-1.0895#0.2401#0.0005#0.0021#2.9409
56.00:13.4333#-0.9894#0.2400#0.0003#0.0010#2.9701
57.00:12.2826#-0.7901#0.2400#0.0004#0.0016#2.9701
58.00:11.1341#-0.5913#0.2400#0.0003#0.0015#2.9701
59.00:10.1023#-0.4134#0.2400#0.0003#0.0011#2.9746
60.00:9.9620#-0.4021#0.2401#-0.0000#0.0021#-3.1162
61.00:9.3097#-0.4626#0.2400#-0.0001#0.0016#-3.0594
62.00:8.1440#-0.5589#0.2400#-0.0000#0.0015#-3.0591
63.00:6.9821#-0.6552#0.2400#-0.0001#0.0014#-3.0590
64.00:5.8204#-0.7515#0.2401#-0.0000#0.0017#-3.0587
65.00:4.6588#-0.8478#0.2400#-0.0000#0.0016#-3.0589
66.00:3.4933#-0.9451#0.2400#-0.0001#0.0014#-3.0583
67.00:2.9732#-0.9873#0.2401#0.0000#0.0020#-3.1038
68.00:2.8040#-0.9477#0.2400#0.0005#0.0019#2.9305
69.00:1.7698#-0.7209#0.2400#0.0003#0.0009#2.9256