
1.00:hum1:3.8000#2.2500#0.8025#-0.0000#-0.0000#-1.5708
2.00:hum1:3.8000#2.2500#0.8025#-0.0000#-0.0000#-1.5708
3.00:hum1:3.8000#2.2500#0.8025#-0.0000#-0.0000#-1.5708
4.00:hum1:3.8000#2.2500#0.8025#-0.0000#-0.0000#-1.5708
5.00:hum1:3.8000#2.2500#0.8025#-0.0000#-0.0000#-1.5708
6.00:hum1:3.8000#2.2500#0.8025#-0.0000#-0.0000#-1.5708
7.00:hum1:3.8000#2.2500#0.8025#-0.0000#-0.0000#-1.5708
8.00:hum1:3.8000#2.2500#0.8025#-0.0000#-0.0000#-1.5708
9.00:hum1:5.5475#1.4597#0.8025#0.0000#0.0000#-0.3187
10.00:hum1:5.7369#1.3688#0.8025#0.0000#0.0000#-0.4387
11.00:hum1:6.1900#1.1576#0.8025#0.0000#0.0000#-0.4362
12.00:hum1:6.5196#1.0075#0.8025#0.0000#0.0000#-0.4273
13.00:hum1:9.6269#-0.0514#0.8071#0.0022#0.0077#-0.2742
14.00:hum1:12.9885#-1.0063#0.8069#-0.0194#-0.0799#-0.2385
15.00:hum1:13.3531#1.3933#0.8067#-0.1535#-0.0278#1.7487
16.00:hum1:14.3612#3.4066#0.8204#-0.2172#0.2537#0.7215
17.00:hum1:16.2671#4.9914#0.8025#-0.0000#0.0000#0.6937
18.00:hum1:16.2671#4.9914#0.8025#-0.0000#0.0000#0.6937
19.00:hum1:16.2671#4.9914#0.8025#-0.0000#0.0000#0.6937
20.00:hum1:16.2671#4.9914#0.8025#-0.0000#0.0000#0.6937
21.00:hum1:16.2671#4.9914#0.8025#-0.0000#0.0000#0.6937
22.00:hum1:16.2671#4.9914#0.8025#-0.0000#0.0000#0.6937
23.00:hum1:16.2671#4.9914#0.8025#-0.0000#0.0000#0.6937
24.00:hum1:15.9098#4.6153#0.8025#0.0000#0.0000#-1.4766
25.00:hum1:15.8640#3.5391#0.9484#-1.0344#0.0935#-1.6259
26.00:hum1:15.7723#3.0071#0.8025#0.0000#-0.0000#-1.7380
27.00:hum1:15.6786#2.4397#0.8281#0.3703#-0.0240#-1.6322
28.00:hum1:15.5969#1.4798#0.8153#0.2462#-0.0206#-1.6525
29.00:hum1:15.2934#0.5986#0.8025#0.0000#-0.0000#-2.1312
30.00:hum1:14.5193#0.6976#0.9598#-0.0353#1.0869#-3.1014
31.00:hum1:13.6342#0.6818#0.8908#-0.0426#0.7610#-3.0796
32.00:hum1:12.7225#0.6873#0.8466#-0.0341#0.4935#-3.0693
33.00:hum1:11.4223#0.6241#0.9377#-0.0785#0.9867#-3.0472
34.00:hum1:10.1814#0.5883#0.9191#-0.0992#0.8977#-3.0147
35.00:hum1:9.1611#0.5319#0.8168#-0.0175#0.2249#-3.0631
36.00:hum1:8.1609#0.4849#0.8153#0.0233#-0.2459#-3.0458
37.00:hum1:6.9486#0.3871#0.8244#0.0354#-0.3620#-3.0415
38.00:hum1:5.6158#0.2753#0.8048#0.0065#-0.0579#-3.0290
39.00:hum1:4.3255#0.1311#0.8466#-0.0635#0.4908#-3.0071
40.00:hum1:3.0205#-0.0050#0.9377#-0.2254#0.9716#-2.8704
41.00:hum1:1.7914#-0.1683#0.9191#-0.2129#0.8832#-2.8684
42.00:hum1:0.7762#-0.3344#0.8168#-0.0445#0.2212#-2.9408
43.00:hum1:-0.2148#-0.5107#0.8153#0.0581#-0.2402#-2.9017
44.00:hum1:-1.3881#-0.7388#0.8244#0.0562#-0.3594#-2.9826
45.00:hum1:-2.7076#-0.9366#0.8048#0.0086#-0.0576#-2.9925
46.00:hum1:-3.8196#-1.1033#0.8025#0.0000#-0.0000#-2.9928
47.00:hum1:-3.8196#-1.1033#0.8025#0.0000#-0.0000#-2.9928
48.00:hum1:-3.8196#-1.1033#0.8025#0.0000#-0.0000#-2.9928
49.00:hum1:-3.8196#-1.1033#0.8025#0.0000#-0.0000#-2.9928
50.00:hum1:-3.8196#-1.1033#0.8025#0.0000#-0.0000#-2.9928
51.00:hum1:-3.8196#-1.1033#0.8025#0.0000#-0.0000#-2.9928
52.00:hum1:-3.8196#-1.1033#0.8025#0.0000#-0.0000#-2.9928
53.00:hum1:-3.8196#-1.1033#0.8025#0.0000#-0.0000#-2.9928