
1.00:hum1:0.9000#-0.2500#0.8025#-0.0000#0.0000#-0.0000
2.00:hum1:0.9000#-0.2500#0.8025#-0.0000#0.0000#-0.0000
3.00:hum1:0.9000#-0.2500#0.8025#-0.0000#0.0000#-0.0000
4.00:hum1:0.9000#-0.2500#0.8025#-0.0000#0.0000#-0.0000
5.00:hum1:0.9000#-0.2500#0.8025#-0.0000#0.0000#-0.0000
6.00:hum1:0.9000#-0.2500#0.8025#-0.0000#0.0000#-0.0000
7.00:hum1:0.9000#-0.2500#0.8025#-0.0000#0.0000#-0.0000
8.00:hum1:0.9000#-0.2500#0.8025#-0.0000#0.0000#-0.0000
9.00:hum1:0.9000#-0.2500#0.8025#-0.0000#0.0000#-0.0000
10.00:hum1:0.9000#-0.2500#0.8025#-0.0000#0.0000#-0.0000
11.00:hum1:0.9000#-0.2500#0.8025#-0.0000#0.0000#-0.0000
12.00:hum1:0.6704#-0.1708#0.8025#0.0000#0.0000#-1.4393
13.00:hum1:0.6704#-0.1708#0.8025#0.0000#0.0000#-1.4393
14.00:hum1:0.6704#-0.1708#0.8025#0.0000#0.0000#-1.4393
15.00:hum1:0.6704#-0.1708#0.8025#0.0000#0.0000#-1.4393
16.00:hum1:0.6704#-0.1708#0.8025#0.0000#0.0000#-1.4393
17.00:hum1:1.3659#-0.6340#0.8025#0.0000#0.0000#-0.4190
18.00:hum1:1.3659#-0.6340#0.8025#0.0000#0.0000#-0.4190
19.00:hum1:1.3659#-0.6340#0.8025#0.0000#0.0000#-0.4190
20.00:hum1:1.3659#-0.6340#0.8025#0.0000#0.0000#-0.4190
21.00:hum1:1.3659#-0.6340#0.8025#0.0000#0.0000#-0.4190
22.00:hum1:1.3659#-0.6340#0.8025#0.0000#0.0000#-0.4190
23.00:hum1:1.3659#-0.6340#0.8025#0.0000#0.0000#-0.4190
24.00:hum1:1.3659#-0.6340#0.8025#0.0000#0.0000#-0.4190
25.00:hum1:1.3659#-0.6340#0.8025#0.0000#0.0000#-0.4190
26.00:hum1:1.3659#-0.6340#0.8025#0.0000#0.0000#-0.4190
27.00:hum1:2.5220#-0.9658#0.8721#-0.1748#-0.6371#-0.2882
28.00:hum1:3.5181#-1.1921#0.8102#-0.0224#-0.1081#-0.2046
29.00:hum1:4.5584#-1.4016#0.8171#0.0520#0.2661#-0.1950
30.00:hum1:4.9865#-1.4832#0.8025#0.0000#0.0000#-0.1881
31.00:hum1:4.9865#-1.4832#0.8025#0.0000#0.0000#-0.1881
32.00:hum1:4.9865#-1.4832#0.8025#0.0000#0.0000#-0.1881
33.00:hum1:6.0189#-1.6264#0.8048#0.0061#0.0579#-0.1049
34.00:hum1:6.7149#-1.6573#0.8374#0.0069#-0.4259#0.0170
35.00:hum1:7.7106#-1.6331#0.8081#-0.0082#0.1278#0.0648
36.00:hum1:8.8508#-1.5692#0.8281#-0.0338#0.3695#0.0937
37.00:hum1:9.9394#-1.4841#0.8267#-0.0364#0.3711#0.1004
38.00:hum1:11.2517#-1.3750#0.8067#-0.0153#0.1553#0.0991
39.00:hum1:11.3853#-1.3619#0.8025#-0.0000#0.0000#0.0979
40.00:hum1:11.3853#-1.3619#0.8025#-0.0000#0.0000#0.0979
41.00:hum1:11.3853#-1.3619#0.8025#-0.0000#0.0000#0.0979
42.00:hum1:11.3853#-1.3619#0.8025#-0.0000#0.0000#0.0979
43.00:hum1:11.3853#-1.3619#0.8025#-0.0000#0.0000#0.0979
44.00:hum1:11.9636#-1.3833#0.9191#-0.0423#-0.9009#-0.0536
45.00:hum1:12.2112#-1.3652#0.8025#-0.0000#0.0000#0.0641
46.00:hum1:12.2112#-1.3652#0.8025#-0.0000#0.0000#0.0641
47.00:hum1:12.2112#-1.3652#0.8025#-0.0000#0.0000#0.0641
48.00:hum1:12.2112#-1.3652#0.8025#-0.0000#0.0000#0.0641
49.00:hum1:12.2112#-1.3652#0.8025#-0.0000#0.0000#0.0641
50.00:hum1:12.2112#-1.3652#0.8025#-0.0000#0.0000#0.0641
51.00:hum1:12.2112#-1.3652#0.8025#-0.0000#0.0000#0.0641
52.00:hum1:12.2112#-1.3652#0.8025#-0.0000#0.0000#0.0641
53.00:hum1:12.2112#-1.3652#0.8025#-0.0000#0.0000#0.0641
54.00:hum1:12.2112#-1.3652#0.8025#-0.0000#0.0000#0.0641
55.00:hum1:12.2112#-1.3652#0.8025#-0.0000#0.0000#0.0641
56.00:hum1:12.3434#-1.7896#0.9377#-0.9020#-0.4810#-1.2198
57.00:hum1:13.0082#-2.8259#0.9191#-0.8176#-0.4346#-1.1945
58.00:hum1:13.1334#-3.8185#0.8168#-0.1474#-0.1713#-0.7163
59.00:hum1:13.8948#-4.4645#0.8153#0.1618#0.1875#-0.7188
60.00:hum1:14.3159#-3.5247#0.9413#1.0031#0.0678#1.6143
61.00:hum1:14.4306#-2.9328#0.8025#-0.0000#0.0000#1.4198
62.00:hum1:13.0418#-2.5488#0.8908#0.0815#0.7585#3.0238
63.00:hum1:11.7828#-2.3856#0.9484#0.2911#1.0108#2.8021
64.00:hum1:10.7050#-2.1959#0.8374#0.0631#0.4216#2.9886
65.00:hum1:9.7345#-2.0164#0.8081#-0.0160#-0.1270#3.0164
66.00:hum1:8.6115#-1.8603#0.8281#-0.0509#-0.3677#3.0012
67.00:hum1:7.3295#-1.6900#0.8120#-0.0330#-0.2680#3.0178
68.00:hum1:6.1989#-1.5326#0.8025#-0.0000#-0.0000#3.0438
69.00:hum1:5.3636#-1.4427#0.8204#-0.0333#-0.3308#3.0397
70.00:hum1:4.3455#-1.3379#0.8244#-0.0317#-0.3623#3.0528
71.00:hum1:3.3390#-1.2382#0.8267#-0.0251#-0.3720#3.0730
72.00:hum1:2.3026#-1.1565#0.8025#-0.0000#-0.0000#3.0949
73.00:hum1:1.3188#-1.1035#0.8102#0.0031#0.1103#3.1141
74.00:hum1:0.2453#-1.0772#0.8168#0.0009#0.2256#3.1379
75.00:hum1:-0.8235#-1.0794#0.8262#-0.0120#0.3286#-3.1042
76.00:hum1:-1.6969#-1.1107#0.8025#0.0000#-0.0000#-3.1053
77.00:hum1:-1.8031#-1.1146#0.8116#0.0072#-0.1945#-3.1042
78.00:hum1:-1.8957#-1.1180#0.8281#0.0142#-0.3708#-3.1021
79.00:hum1:-2.0816#-1.1248#0.8025#0.0000#-0.0000#-3.1048
80.00:hum1:-2.0816#-1.1248#0.8025#0.0000#-0.0000#-3.1048
81.00:hum1:-2.0816#-1.1248#0.8025#0.0000#-0.0000#-3.1048
82.00:hum1:-2.0816#-1.1248#0.8025#0.0000#-0.0000#-3.1048
83.00:hum1:-2.0816#-1.1248#0.8025#0.0000#-0.0000#-3.1048
84.00:hum1:-2.0816#-1.1248#0.8025#0.0000#-0.0000#-3.1048
85.00:hum1:-2.0816#-1.1248#0.8025#0.0000#-0.0000#-3.1048
86.00:hum1:-2.0816#-1.1248#0.8025#0.0000#-0.0000#-3.1048