
2.00:0.2653#-1.1874#0.2401#-0.0001#-0.0023#-0.0001
3.00:0.2652#-1.1874#0.2401#-0.0001#-0.0021#-0.0001
4.00:0.2651#-1.1874#0.2401#-0.0001#-0.0022#-0.0001
5.00:0.2650#-1.1874#0.2401#-0.0001#-0.0022#-0.0001
6.00:0.2650#-1.1874#0.2401#-0.0001#-0.0020#-0.0002
7.00:0.2649#-1.1874#0.2401#-0.0001#-0.0021#-0.0002
8.00:0.2649#-1.1874#0.2401#-0.0001#-0.0021#-0.0002
9.00:0.2648#-1.1874#0.2401#-0.0001#-0.0021#-0.0002
10.00:0.8513#-1.0739#0.2401#0.0015#-0.0027#0.5193
11.00:1.0193#-0.9018#0.2400#0.0013#-0.0012#0.8643
12.00:1.0589#-0.8838#0.2401#0.0011#-0.0019#0.5594
13.00:1.1024#-0.8785#0.2401#0.0004#-0.0021#0.2525
14.00:1.1449#-0.8866#0.2401#-0.0002#-0.0020#-0.0496
15.00:1.8469#-0.9676#0.2400#-0.0002#-0.0014#-0.1061
16.00:3.0060#-1.0908#0.2400#-0.0002#-0.0015#-0.1057
17.00:4.1654#-1.2136#0.2401#-0.0006#-0.0017#-0.1055
18.00:5.3284#-1.3370#0.2400#-0.0002#-0.0015#-0.1057
19.00:5.8383#-1.3907#0.2400#-0.0002#-0.0015#-0.0876
20.00:5.8383#-1.3907#0.2400#-0.0002#-0.0013#-0.0876
21.00:5.8383#-1.3907#0.2400#-0.0002#-0.0013#-0.0876
22.00:5.8382#-1.3907#0.2400#-0.0002#-0.0015#-0.0876
23.00:5.8382#-1.3907#0.2400#-0.0002#-0.0013#-0.0876
24.00:5.8381#-1.3907#0.2400#-0.0002#-0.0014#-0.0876
25.00:5.8381#-1.3907#0.2400#-0.0002#-0.0014#-0.0876
26.00:5.8380#-1.3907#0.2400#-0.0002#-0.0014#-0.0877
27.00:5.8380#-1.3907#0.2400#-0.0002#-0.0014#-0.0877
28.00:5.8379#-1.3907#0.2400#-0.0002#-0.0013#-0.0877
29.00:5.8379#-1.3907#0.2400#-0.0002#-0.0014#-0.0877
30.00:6.2083#-1.4280#0.2400#-0.0003#-0.0018#-0.1108
31.00:6.8901#-1.5058#0.2400#-0.0002#-0.0017#-0.0977
32.00:7.0413#-1.4825#0.2401#0.0001#-0.0019#0.1264
33.00:8.0931#-1.3859#0.2401#0.0001#-0.0017#0.0878
34.00:9.2582#-1.2830#0.2400#0.0001#-0.0015#0.0881
35.00:10.4197#-1.1809#0.2400#0.0001#-0.0015#0.0876
36.00:11.5811#-1.0790#0.2400#0.0001#-0.0015#0.0873
37.00:12.7424#-0.9774#0.2400#0.0000#-0.0016#0.0874
38.00:13.8766#-0.8783#0.2400#-0.0000#-0.0011#0.0881
39.00:14.1448#-0.8605#0.2401#-0.0002#-0.0020#-0.0305
40.00:14.1795#-0.8776#0.2401#-0.0008#-0.0021#-0.3009
41.00:14.2114#-0.9066#0.2401#-0.0013#-0.0018#-0.5969
42.00:14.2334#-0.9432#0.2401#-0.0018#-0.0013#-0.8915
43.00:14.2438#-0.9842#0.2401#-0.0021#-0.0007#-1.1867
44.00:14.2649#-1.1530#0.2401#-0.0018#-0.0002#-1.4189
45.00:14.4353#-2.2211#0.2400#-0.0016#-0.0002#-1.4119
46.00:14.6198#-3.3721#0.2401#-0.0016#-0.0002#-1.4119
47.00:14.8047#-4.5271#0.2400#-0.0014#-0.0001#-1.4121
48.00:14.8790#-4.9721#0.2400#-0.0015#-0.0002#-1.3872
49.00:14.8789#-4.9720#0.2400#-0.0015#-0.0002#-1.3872
50.00:14.8789#-4.9720#0.2400#-0.0015#-0.0002#-1.3873
51.00:14.8789#-4.9719#0.2400#-0.0015#-0.0002#-1.3873
52.00:14.8789#-4.9719#0.2400#-0.0014#-0.0002#-1.3873
53.00:14.8789#-4.9718#0.2400#-0.0014#-0.0002#-1.3873
54.00:14.8789#-4.9718#0.2400#-0.0014#-0.0002#-1.3873
55.00:14.8789#-4.9717#0.2400#-0.0015#-0.0002#-1.3874
56.00:14.8789#-4.9716#0.2400#-0.0015#-0.0002#-1.3874
57.00:14.8789#-4.9716#0.2400#-0.0014#-0.0002#-1.3873
58.00:14.8788#-4.9715#0.2400#-0.0015#-0.0002#-1.3874
59.00:14.8788#-4.9715#0.2400#-0.0014#-0.0002#-1.3874
60.00:14.8758#-4.9896#0.2401#-0.0020#0.0000#-1.5134
61.00:14.8625#-5.0263#0.2401#-0.0021#0.0005#-1.7747
62.00:14.8612#-5.0286#0.2401#-0.0023#0.0006#-1.7937
63.00:14.8352#-5.0631#0.2401#-0.0018#0.0012#-2.0870
64.00:14.8000#-5.0886#0.2401#-0.0014#0.0017#-2.3829
65.00:14.7582#-5.1030#0.2401#-0.0009#0.0020#-2.6826
66.00:14.7139#-5.1042#0.2401#-0.0002#0.0022#-2.9847
67.00:14.6717#-5.0922#0.2401#0.0004#0.0022#2.9969
68.00:14.6348#-5.0680#0.2401#0.0011#0.0020#2.6926
69.00:14.6068#-5.0337#0.2401#0.0016#0.0015#2.3874
70.00:14.5903#-4.9937#0.2401#0.0020#0.0010#2.0904
71.00:14.5863#-4.9502#0.2401#0.0022#0.0004#1.7933
72.00:14.5951#-4.8755#0.2401#0.0021#-0.0002#1.5210
73.00:14.6650#-3.9322#0.2400#0.0015#-0.0002#1.4960
74.00:14.7516#-2.7697#0.2400#0.0013#-0.0001#1.4969
75.00:14.8320#-1.6719#0.2400#0.0011#-0.0001#1.5028
76.00:14.8349#-1.4722#0.2401#0.0021#0.0002#1.6724
77.00:14.8102#-1.4222#0.2401#0.0020#0.0008#1.9635
78.00:14.7726#-1.3821#0.2401#0.0017#0.0014#2.2563
79.00:14.7256#-1.3548#0.2401#0.0012#0.0018#2.5457
80.00:14.6728#-1.3422#0.2401#0.0007#0.0021#2.8351
81.00:14.6151#-1.3438#0.2401#0.0002#0.0026#3.1062
82.00:13.8058#-1.3228#0.2400#0.0001#0.0016#3.0930
83.00:12.6396#-1.2660#0.2400#0.0001#0.0011#3.0928
84.00:11.4731#-1.2088#0.2400#0.0001#0.0014#3.0927
85.00:10.3089#-1.1519#0.2401#0.0001#0.0015#3.0927
86.00:9.1447#-1.0955#0.2400#0.0001#0.0015#3.0932