
2.00:hum1:3.8000#2.2500#0.8025#-0.0000#-0.0000#-1.5708
3.00:hum1:3.8000#2.2500#0.8025#-0.0000#-0.0000#-1.5708
4.00:hum1:3.8000#2.2500#0.8025#-0.0000#-0.0000#-1.5708
5.00:hum1:3.8000#2.2500#0.8025#-0.0000#-0.0000#-1.5708
6.00:hum1:3.8000#2.2500#0.8025#-0.0000#-0.0000#-1.5708
7.00:hum1:3.8000#2.2500#0.8025#-0.0000#-0.0000#-1.5708
8.00:hum1:3.8000#2.2500#0.8025#-0.0000#-0.0000#-1.5708
9.00:hum1:3.8000#2.2500#0.8025#-0.0000#-0.0000#-1.5708
10.00:hum1:3.8000#2.2500#0.8025#-0.0000#-0.0000#-1.5708
11.00:hum1:5.2923#1.5439#0.8025#0.0000#0.0000#-0.3187
12.00:hum1:5.6160#1.3896#0.8025#0.0000#0.0000#-0.4397
13.00:hum1:5.7259#1.3385#0.8025#0.0000#0.0000#-0.4348
14.00:hum1:6.3974#1.0283#0.8025#0.0000#0.0000#-0.4328
15.00:hum1:6.5101#0.9780#0.8025#0.0000#0.0000#-0.4193
16.00:hum1:9.1959#0.0485#0.8273#-0.0948#-0.3285#-0.2862
17.00:hum1:12.3925#-0.8463#0.8262#-0.0867#-0.3175#-0.2711
18.00:hum1:14.6811#0.8122#0.8067#-0.1555#0.0129#1.4887
19.00:hum1:15.2094#3.5219#0.8204#-0.3249#0.0718#1.3613
20.00:hum1:15.9120#6.6461#0.8281#-0.3627#0.0798#1.3642
21.00:hum1:16.1993#7.9235#0.8025#-0.0000#0.0000#1.3496
22.00:hum1:16.1993#7.9235#0.8025#-0.0000#0.0000#1.3496
23.00:hum1:16.1993#7.9235#0.8025#-0.0000#0.0000#1.3496
24.00:hum1:16.1993#7.9235#0.8025#-0.0000#0.0000#1.3496
25.00:hum1:16.1993#7.9235#0.8025#-0.0000#0.0000#1.3496
26.00:hum1:16.1993#7.9235#0.8025#-0.0000#0.0000#1.3496
27.00:hum1:16.1993#7.9235#0.8025#-0.0000#0.0000#1.3496
28.00:hum1:15.7111#7.9230#0.8120#0.2669#0.0413#-1.4207
29.00:hum1:15.7746#7.1151#0.8244#0.3601#-0.0514#-1.7062
30.00:hum1:15.6493#5.9934#0.8025#0.0000#-0.0000#-1.6391
31.00:hum1:15.5386#5.2906#0.8025#0.0000#-0.0000#-1.6332
32.00:hum1:15.4617#4.2968#0.9141#-0.8764#0.0682#-1.6271
33.00:hum1:15.3621#3.3983#0.8618#-0.5941#0.0414#-1.6316
34.00:hum1:15.2542#2.5297#0.8025#0.0000#-0.0000#-1.6393
35.00:hum1:15.1283#1.5073#0.8069#-0.0820#0.0053#-1.6351
36.00:hum1:14.8778#0.3437#0.8763#-0.6400#0.2548#-1.8969
37.00:hum1:13.9270#0.3441#0.9597#-0.0400#1.0864#-3.0961
38.00:hum1:12.8111#0.3250#0.8496#-0.0124#0.5158#-3.1162
39.00:hum1:11.8053#0.3151#0.8071#0.0003#-0.0080#-3.1066
40.00:hum1:10.7079#0.3041#0.8215#0.0153#-0.3155#-3.0919
41.00:hum1:9.4589#0.2545#0.8161#0.0137#-0.3009#-3.0949
42.00:hum1:8.1260#0.2024#0.8069#-0.0050#0.0820#-3.0802
43.00:hum1:6.8333#0.1293#0.8763#-0.0549#0.6803#-3.0541
44.00:hum1:5.5119#0.0492#0.9597#-0.1625#1.0797#-2.9575
45.00:hum1:4.3927#-0.0132#0.8496#-0.0628#0.5125#-3.0136
46.00:hum1:3.3935#-0.1093#0.8071#0.0009#-0.0080#-3.0254
47.00:hum1:2.2996#-0.2237#0.8215#0.0446#-0.3128#-2.9974
48.00:hum1:1.0555#-0.3938#0.8161#0.0482#-0.2975#-2.9782
49.00:hum1:-0.2660#-0.6080#0.8069#-0.0157#0.0807#-2.9487
50.00:hum1:-1.5227#-0.8112#0.8763#-0.0895#0.6772#-2.9991
51.00:hum1:-2.5225#-0.9226#0.8618#-0.0747#0.5912#-3.0078
52.00:hum1:-3.2400#-1.0026#0.8025#0.0000#-0.0000#-3.0306
53.00:hum1:-3.2400#-1.0026#0.8025#0.0000#-0.0000#-3.0306
54.00:hum1:-3.2400#-1.0026#0.8025#0.0000#-0.0000#-3.0306
55.00:hum1:-3.2400#-1.0026#0.8025#0.0000#-0.0000#-3.0306
56.00:hum1:-3.2400#-1.0026#0.8025#0.0000#-0.0000#-3.0306
57.00:hum1:-3.2400#-1.0026#0.8025#0.0000#-0.0000#-3.0306
58.00:hum1:-3.2400#-1.0026#0.8025#0.0000#-0.0000#-3.0306
59.00:hum1:-3.2400#-1.0026#0.8025#0.0000#-0.0000#-3.0306
60.00:hum1:-3.2400#-1.0026#0.8025#0.0000#-0.0000#-3.0306
61.00:hum1:-3.2400#-1.0026#0.8025#0.0000#-0.0000#-3.0306