
2.00:0.2653#-1.1874#0.2401#-0.0001#-0.0023#-0.0001
3.00:0.2652#-1.1874#0.2401#-0.0001#-0.0021#-0.0001
4.00:0.2651#-1.1874#0.2401#-0.0001#-0.0022#-0.0001
5.00:0.2650#-1.1874#0.2401#-0.0001#-0.0022#-0.0001
6.00:0.2650#-1.1874#0.2401#-0.0001#-0.0020#-0.0002
7.00:0.2649#-1.1874#0.2401#-0.0001#-0.0021#-0.0002
8.00:0.2726#-1.1875#0.2401#-0.0001#-0.0033#-0.0008
9.00:0.8781#-1.0044#0.2401#0.0019#-0.0024#0.6667
10.00:1.0230#-0.8499#0.2401#0.0018#-0.0017#0.8593
11.00:1.0631#-0.8320#0.2401#0.0011#-0.0019#0.5543
12.00:1.1067#-0.8271#0.2401#0.0004#-0.0022#0.2493
13.00:1.1495#-0.8350#0.2401#-0.0002#-0.0023#-0.0536
14.00:1.7359#-0.9238#0.2401#-0.0003#-0.0017#-0.1409
15.00:2.8903#-1.0872#0.2400#-0.0003#-0.0016#-0.1404
16.00:4.0447#-1.2501#0.2400#-0.0003#-0.0015#-0.1400
17.00:4.9294#-1.5912#0.2400#-0.0013#-0.0004#-1.0612
18.00:4.6691#-1.8160#0.2400#0.0005#0.0015#2.8502
19.00:4.5711#-1.7629#0.2401#0.0009#0.0019#2.7384
20.00:4.5284#-1.7460#0.2400#0.0008#0.0014#2.7060
21.00:4.4998#-1.7132#0.2401#0.0015#0.0015#2.4120
22.00:4.4821#-1.6734#0.2401#0.0019#0.0011#2.1183
23.00:4.4771#-1.6300#0.2401#0.0021#0.0004#1.8193
24.00:4.4849#-1.5874#0.2401#0.0022#-0.0002#1.5212
25.00:4.5051#-1.5488#0.2401#0.0020#-0.0008#1.2220
26.00:4.5359#-1.5173#0.2401#0.0016#-0.0014#0.9246
27.00:4.5740#-1.4966#0.2401#0.0012#-0.0018#0.6314
28.00:4.6121#-1.4881#0.2401#0.0007#-0.0020#0.3680
29.00:4.6312#-1.4875#0.2401#0.0004#-0.0022#0.2405
30.00:4.7254#-1.4949#0.2401#-0.0002#-0.0021#-0.0343
31.00:5.7158#-1.5396#0.2400#-0.0002#-0.0015#-0.0433
32.00:6.8804#-1.5902#0.2400#-0.0002#-0.0017#-0.0434
33.00:8.0451#-1.6410#0.2400#-0.0001#-0.0014#-0.0437
34.00:9.1958#-1.6912#0.2400#-0.0001#-0.0011#-0.0429
35.00:9.5101#-1.6971#0.2401#0.0001#-0.0018#0.0772
36.00:9.8827#-1.6138#0.2401#0.0003#-0.0018#0.2024
37.00:10.8321#-1.6426#0.2400#-0.0010#-0.0009#-0.7164
38.00:10.5683#-1.8619#0.2400#0.0014#0.0013#2.4204
39.00:10.8575#-1.6755#0.2400#-0.0012#-0.0010#-0.8213
40.00:10.6824#-1.8827#0.2400#0.0004#0.0016#2.9903
41.00:10.6324#-1.8435#0.2401#0.0014#0.0018#2.5393
42.00:10.6100#-1.8057#0.2401#0.0018#0.0013#2.2378
43.00:10.5738#-1.7724#0.2401#0.0014#0.0015#2.3864
44.00:10.2203#-1.5203#0.2400#0.0011#0.0013#2.5057
45.00:9.2842#-0.8264#0.2400#0.0009#0.0011#2.5034
46.00:8.5736#-0.1043#0.2400#0.0014#0.0003#1.8136
47.00:8.9171#-0.0194#0.2400#-0.0015#-0.0003#-1.2432
48.00:8.5724#-0.0315#0.2400#0.0017#0.0004#1.8141
49.00:8.8720#0.1110#0.2400#-0.0007#-0.0014#-0.3874
50.00:8.9523#0.0737#0.2401#-0.0008#-0.0020#-0.3415
51.00:9.0071#0.0740#0.2401#-0.0002#-0.0021#-0.0578
52.00:9.0482#0.0615#0.2401#-0.0006#-0.0021#-0.2497
53.00:9.0819#0.0342#0.2401#-0.0013#-0.0019#-0.5522
54.00:9.1059#-0.0016#0.2401#-0.0017#-0.0014#-0.8470
55.00:9.1181#-0.0418#0.2401#-0.0020#-0.0008#-1.1396
56.00:9.1180#-0.0841#0.2401#-0.0022#-0.0002#-1.4314
57.00:9.1061#-0.1248#0.2401#-0.0021#0.0004#-1.7234
58.00:9.0829#-0.1600#0.2401#-0.0019#0.0010#-2.0171
59.00:9.0502#-0.1871#0.2401#-0.0015#0.0016#-2.3123
60.00:9.0109#-0.2032#0.2401#-0.0010#0.0019#-2.6122
61.00:8.9684#-0.2071#0.2401#-0.0004#0.0022#-2.9105