
1.00:hum1:-0.2750#-0.5250#0.8025#-0.0000#0.0000#-0.0000
2.00:hum1:-0.2750#-0.5250#0.8025#-0.0000#0.0000#-0.0000
3.00:hum1:-0.2750#-0.5250#0.8025#-0.0000#0.0000#-0.0000
4.00:hum1:-0.2750#-0.5250#0.8025#-0.0000#0.0000#-0.0000
5.00:hum1:-0.2750#-0.5250#0.8025#-0.0000#0.0000#-0.0000
6.00:hum1:-0.2750#-0.5250#0.8025#-0.0000#0.0000#-0.0000
7.00:hum1:-0.2750#-0.5250#0.8025#-0.0000#0.0000#-0.0000
8.00:hum1:-0.2750#-0.5250#0.8025#-0.0000#0.0000#-0.0000
9.00:hum1:-0.2750#-0.5250#0.8025#-0.0000#0.0000#-0.0000
10.00:hum1:-0.2750#-0.5250#0.8025#-0.0000#0.0000#-0.0000
11.00:hum1:-0.2750#-0.5250#0.8025#-0.0000#0.0000#-0.0000
12.00:hum1:-0.2750#-0.5250#0.8025#-0.0000#0.0000#-0.0000
13.00:hum1:-0.2750#-0.5250#0.8025#-0.0000#0.0000#-0.0000
14.00:hum1:-0.2750#-0.5250#0.8025#-0.0000#0.0000#-0.0000
15.00:hum1:-0.2750#-0.5250#0.8025#-0.0000#0.0000#-0.0000
16.00:hum1:-0.2750#-0.5250#0.8025#-0.0000#0.0000#-0.0000
17.00:hum1:-0.2750#-0.5250#0.8025#-0.0000#0.0000#-0.0000
18.00:hum1:0.1365#-0.6722#0.8763#-0.2469#-0.6427#-0.3978
19.00:hum1:1.4479#-0.9834#0.9597#-0.3607#-1.0503#-0.4098
20.00:hum1:2.5474#-1.2165#0.8496#-0.0918#-0.5085#-0.1866
21.00:hum1:3.5395#-1.4064#0.8071#0.0011#0.0080#-0.1315
22.00:hum1:4.6333#-1.5541#0.8215#0.0321#0.3142#-0.1032
23.00:hum1:5.7245#-1.5874#0.8721#0.0158#-0.6572#0.0262
24.00:hum1:6.7790#-1.5376#0.8262#0.0289#-0.3275#0.0901
25.00:hum1:7.7629#-1.4658#0.8116#-0.0224#0.1933#0.1166
26.00:hum1:8.8484#-1.3521#0.9484#0.1943#-1.0256#0.2266
27.00:hum1:9.9315#-1.2520#0.8374#0.0577#-0.4223#0.1404
28.00:hum1:10.9070#-1.1330#0.8081#-0.0155#0.1271#0.1223
29.00:hum1:10.9103#-1.1326#0.8153#-0.0304#0.2452#0.1251
30.00:hum1:11.9668#-1.1979#0.8168#-0.0120#-0.2253#-0.0534
31.00:hum1:12.3673#-1.2590#0.8044#-0.0014#-0.0070#-0.1922
32.00:hum1:12.9346#-1.3425#0.8153#0.0322#0.2450#-0.1316
33.00:hum1:12.9346#-1.3425#0.8153#0.0322#0.2450#-0.1316
34.00:hum1:13.0710#-1.3601#0.8025#0.0000#0.0000#-0.1277
35.00:hum1:13.0710#-1.3601#0.8025#0.0000#0.0000#-0.1277
36.00:hum1:13.0710#-1.3601#0.8025#0.0000#0.0000#-0.1277
37.00:hum1:13.0710#-1.3601#0.8025#0.0000#0.0000#-0.1277
38.00:hum1:13.0710#-1.3601#0.8025#0.0000#0.0000#-0.1277
39.00:hum1:13.0710#-1.3601#0.8025#0.0000#0.0000#-0.1277
40.00:hum1:13.0710#-1.3601#0.8025#0.0000#0.0000#-0.1277
41.00:hum1:13.0710#-1.3601#0.8025#0.0000#0.0000#-0.1277
42.00:hum1:13.0710#-1.3601#0.8025#0.0000#0.0000#-0.1277
43.00:hum1:13.0710#-1.3601#0.8025#0.0000#0.0000#-0.1277
44.00:hum1:13.0710#-1.3601#0.8025#0.0000#0.0000#-0.1277
45.00:hum1:13.0266#-1.3622#0.8215#-0.0006#0.3158#0.0023
46.00:hum1:14.2782#-1.3595#0.8161#-0.0006#0.3012#0.0023
47.00:hum1:15.6092#-1.3566#0.8069#0.0002#-0.0822#0.0022
48.00:hum1:16.9034#-1.3538#0.8763#0.0015#-0.6822#0.0028
49.00:hum1:18.2192#-0.8431#0.9597#0.9693#-0.6053#1.1988
50.00:hum1:18.5017#0.3587#0.8496#0.5062#-0.1044#1.3854
51.00:hum1:18.6848#1.3843#0.8071#-0.0080#0.0004#1.5205
52.00:hum1:18.7399#2.4787#0.8215#-0.3154#0.0157#1.5229
53.00:hum1:18.8029#3.7288#0.8161#-0.3009#0.0150#1.5227
54.00:hum1:18.8247#4.1613#0.8466#0.4940#-0.0240#1.5266
55.00:hum1:18.3750#4.6735#0.4025#0.0000#0.0000#-1.5700
56.00:hum1:18.3750#4.6735#0.4025#0.0000#0.0000#-1.5700
57.00:hum1:18.3750#4.6735#0.4025#0.0000#0.0000#-1.5700
58.00:hum1:18.3750#4.6735#0.4025#0.0000#0.0000#-1.5700
59.00:hum1:18.3750#4.6735#0.4025#0.0000#0.0000#-1.5700
60.00:hum1:18.3750#4.6735#0.4025#0.0000#0.0000#-1.5700
61.00:hum1:18.3750#4.6735#0.4025#0.0000#0.0000#-1.5700
62.00:hum1:18.3750#4.6735#0.4025#0.0000#0.0000#-1.5700
63.00:hum1:18.3750#4.6735#0.4025#0.0000#0.0000#-1.5700
64.00:hum1:18.3750#4.6735#0.4025#0.0000#0.0000#-1.5700
65.00:hum1:18.3750#4.6735#0.4025#0.0000#0.0000#-1.5700
66.00:hum1:18.3100#3.6906#0.8262#-0.3274#0.0303#-1.6594
67.00:hum1:18.2085#2.7123#0.8116#0.1941#-0.0146#-1.6445
68.00:hum1:18.0830#1.5354#0.8267#0.3720#-0.0256#-1.6360
69.00:hum1:17.8137#0.4502#0.8067#0.1219#-0.0976#-2.2422
70.00:hum1:17.0336#-0.6351#0.8273#-0.2939#0.1763#-2.0956
71.00:hum1:16.3398#-1.7254#0.9141#-0.7940#0.4258#-1.9561
72.00:hum1:16.0636#-3.0702#0.9413#-1.0045#-0.0130#-1.5622
73.00:hum1:15.7106#-3.7674#0.8262#-0.2239#0.2428#-2.3828
74.00:hum1:15.1848#-4.2397#0.8025#0.0000#-0.0000#-2.4094