
1.00:hum1:-5.5750#-1.5000#0.8025#-0.0000#0.0000#-0.0000
2.00:hum1:-5.5750#-1.5000#0.8025#-0.0000#0.0000#-0.0000
3.00:hum1:-5.5750#-1.5000#0.8025#-0.0000#0.0000#-0.0000
4.00:hum1:-5.5750#-1.5000#0.8025#-0.0000#0.0000#-0.0000
5.00:hum1:-5.5750#-1.5000#0.8025#-0.0000#0.0000#-0.0000
6.00:hum1:-5.5750#-1.5000#0.8025#-0.0000#0.0000#-0.0000
7.00:hum1:-5.5750#-1.5000#0.8025#-0.0000#0.0000#-0.0000
8.00:hum1:-5.5750#-1.5000#0.8025#-0.0000#0.0000#-0.0000
9.00:hum1:-5.5750#-1.5000#0.8025#-0.0000#0.0000#-0.0000
10.00:hum1:-5.5750#-1.5000#0.8025#-0.0000#0.0000#-0.0000
11.00:hum1:-5.5750#-1.5000#0.8025#-0.0000#0.0000#-0.0000
12.00:hum1:-5.5750#-1.5000#0.8025#-0.0000#0.0000#-0.0000
13.00:hum1:-5.5750#-1.5000#0.8025#-0.0000#0.0000#-0.0000
14.00:hum1:-5.5750#-1.5000#0.8025#-0.0000#0.0000#-0.0000
15.00:hum1:-5.5750#-1.5000#0.8025#-0.0000#0.0000#-0.0000
16.00:hum1:-4.7078#-1.4891#0.9191#0.0156#-0.9015#0.0202
17.00:hum1:-3.8409#-1.4782#0.9377#0.0187#-0.9887#0.0228
18.00:hum1:-3.7372#-1.4769#0.9597#0.0235#-1.0866#0.0269
19.00:hum1:-3.6643#-1.4759#0.8721#0.0095#-0.6573#0.0159
20.00:hum1:-2.6210#-1.4627#0.8496#0.0070#-0.5159#0.0145
21.00:hum1:-1.5811#-1.4496#0.8168#0.0028#-0.2256#0.0130
22.00:hum1:-0.5826#-1.4369#0.8153#-0.0031#0.2470#0.0130
23.00:hum1:0.5512#-1.4226#0.8281#-0.0048#0.3710#0.0135
24.00:hum1:0.6346#-1.4216#0.8244#-0.0047#0.3636#0.0135
25.00:hum1:1.3563#-1.4125#0.9141#0.0149#-0.8783#0.0197
26.00:hum1:2.6362#-1.3964#0.9413#0.0194#-1.0045#0.0233
27.00:hum1:3.6880#-1.3831#0.8496#0.0070#-0.5159#0.0145
28.00:hum1:3.6880#-1.3831#0.8496#0.0070#-0.5159#0.0145
29.00:hum1:3.6842#-1.3830#0.8215#-0.0040#0.3158#0.0133
30.00:hum1:4.6915#-1.3704#0.8071#-0.0001#0.0080#0.0126
31.00:hum1:5.7872#-1.3565#0.8215#-0.0040#0.3158#0.0133
32.00:hum1:6.8508#-1.3432#0.8721#0.0095#-0.6573#0.0159
33.00:hum1:7.0388#-1.3407#0.8161#-0.0038#0.3012#0.0132
34.00:hum1:8.0259#-1.3282#0.8204#-0.0042#0.3324#0.0133
35.00:hum1:9.3751#-1.3112#0.8044#0.0001#-0.0072#0.0126
36.00:hum1:10.6698#-1.2949#0.8618#0.0083#-0.5953#0.0152
37.00:hum1:11.0262#-1.2903#0.8171#-0.0034#0.2710#0.0131
38.00:hum1:11.2448#-1.2876#0.8161#-0.0038#0.3012#0.0132
39.00:hum1:12.2320#-1.2751#0.8204#-0.0042#0.3324#0.0133
40.00:hum1:12.5757#-1.2708#0.8069#0.0010#-0.0822#0.0127
41.00:hum1:12.7728#-1.2684#0.8618#0.0083#-0.5953#0.0152
42.00:hum1:13.1448#-1.2765#0.9413#-0.0217#-1.0044#-0.0254
43.00:hum1:13.1534#-1.2766#0.8721#-0.0107#-0.6573#-0.0171
44.00:hum1:13.1443#-1.2764#0.8374#-0.0063#-0.4259#-0.0148
45.00:hum1:13.1336#-1.2763#0.8168#-0.0032#-0.2256#-0.0138
46.00:hum1:14.1684#-1.2902#0.8102#-0.0015#-0.1104#-0.0136
47.00:hum1:15.1733#-1.3037#0.8116#0.0027#0.1946#-0.0138
48.00:hum1:15.2658#-1.3050#0.8281#0.0054#0.3710#-0.0145
49.00:hum1:15.2658#-1.3050#0.8281#0.0054#0.3710#-0.0145
50.00:hum1:15.2658#-1.3050#0.8281#0.0054#0.3710#-0.0145
51.00:hum1:15.2658#-1.3050#0.8281#0.0054#0.3710#-0.0145
52.00:hum1:15.2658#-1.3050#0.8281#0.0054#0.3710#-0.0145
53.00:hum1:15.2658#-1.3050#0.8281#0.0054#0.3710#-0.0145
54.00:hum1:15.2658#-1.3050#0.8281#0.0054#0.3710#-0.0145
55.00:hum1:15.2658#-1.3050#0.8281#0.0054#0.3710#-0.0145
56.00:hum1:15.2658#-1.3050#0.8281#0.0054#0.3710#-0.0145
57.00:hum1:16.2351#-1.3181#0.8153#0.0035#0.2470#-0.0139
58.00:hum1:17.4523#-1.3345#0.8244#0.0053#0.3636#-0.0145
59.00:hum1:18.4066#-0.1854#0.8048#-0.0570#0.0117#1.3687
60.00:hum1:18.6675#1.0852#0.8466#0.4860#-0.0957#1.3921
61.00:hum1:18.9300#2.3641#0.9377#0.9792#-0.1690#1.4586
62.00:hum1:19.1786#3.5751#0.9191#0.8915#-0.1586#1.4443
63.00:hum1:19.1744#3.5554#0.8215#-0.3098#0.0626#1.3781
64.00:hum1:19.1867#3.6153#0.8267#-0.3659#0.0734#1.3819
65.00:hum1:18.7846#4.0359#0.8204#0.3114#-0.1181#-1.9215
66.00:hum1:18.6353#3.0657#0.8168#-0.2253#0.0116#-1.6209
67.00:hum1:18.5609#2.0802#0.8153#0.2461#-0.0218#-1.6570
68.00:hum1:18.3750#4.6735#0.4025#0.0000#0.0000#-1.5700
69.00:hum1:18.3750#4.6735#0.4025#0.0000#0.0000#-1.5700
70.00:hum1:18.3750#4.6735#0.4025#0.0000#0.0000#-1.5700
71.00:hum1:18.3750#4.6735#0.4025#0.0000#0.0000#-1.5700
72.00:hum1:18.3750#4.6735#0.4025#0.0000#0.0000#-1.5700
73.00:hum1:18.3750#4.6735#0.4025#0.0000#0.0000#-1.5700
74.00:hum1:18.3750#4.6735#0.4025#0.0000#0.0000#-1.5700
75.00:hum1:18.3750#4.6735#0.4025#0.0000#0.0000#-1.5700
76.00:hum1:18.3750#4.6735#0.4025#0.0000#0.0000#-1.5700
77.00:hum1:18.3750#4.6735#0.4025#0.0000#0.0000#-1.5700
78.00:hum1:18.3750#4.6735#0.4025#0.0000#0.0000#-1.5700
79.00:hum1:18.3750#4.6735#0.4025#0.0000#0.0000#-1.5700
80.00:hum1:18.3750#4.6735#0.4025#0.0000#0.0000#-1.5700
81.00:hum1:18.3750#4.6735#0.4025#0.0000#0.0000#-1.5700
82.00:hum1:18.3750#4.6735#0.4025#0.0000#0.0000#-1.5700
83.00:hum1:18.3750#4.6735#0.4025#0.0000#0.0000#-1.5700
84.00:hum1:18.3750#4.6735#0.4025#0.0000#0.0000#-1.5700
85.00:hum1:18.3750#4.6735#0.4025#0.0000#0.0000#-1.5700
86.00:hum1:18.3750#4.6735#0.4025#0.0000#0.0000#-1.5700
87.00:hum1:18.3750#4.6735#0.4025#0.0000#0.0000#-1.5700
88.00:hum1:18.3738#3.9860#0.8721#-0.6574#0.0041#-1.5757
89.00:hum1:18.2409#3.0003#0.9484#-1.0362#0.0520#-1.6012
90.00:hum1:18.1167#1.9249#0.8374#-0.4251#0.0279#-1.6320
91.00:hum1:17.8883#1.1055#0.8081#0.1111#-0.0637#-2.0886
92.00:hum1:17.3689#0.1226#0.8281#0.3196#-0.1917#-2.0929
93.00:hum1:16.7512#-1.0385#0.8120#0.2467#-0.1110#-1.9848
94.00:hum1:16.6615#-1.2339#0.8069#-0.0743#0.0351#-2.0115
95.00:hum1:16.6175#-1.3276#0.8273#-0.3111#0.1429#-1.9875
96.00:hum1:16.6175#-1.3276#0.8273#-0.3111#0.1429#-1.9875
97.00:hum1:16.5774#-1.4133#0.8618#-0.5502#0.2403#-1.9406
98.00:hum1:16.5350#-1.5043#0.8908#-0.7129#0.2966#-1.8964
99.00:hum1:16.2815#-2.0499#0.8067#0.1417#-0.0656#-2.0014
100.00:hum1:16.0043#-3.4081#0.8273#-0.3413#-0.0054#-1.5552
101.00:hum1:15.9296#-4.6678#0.9141#-0.8758#0.0794#-1.6365
102.00:hum1:15.7337#-5.8989#0.9413#-0.9927#0.1911#-1.6938
103.00:hum1:15.4980#-6.9208#0.8262#-0.3209#0.0728#-1.7858
104.00:hum1:15.2777#-7.8756#0.8116#0.1897#-0.0436#-1.7934