
1.00:hum1:-0.2750#-0.5250#0.8025#-0.0000#0.0000#-0.0000
2.00:hum1:-0.2750#-0.5250#0.8025#-0.0000#0.0000#-0.0000
3.00:hum1:-0.2750#-0.5250#0.8025#-0.0000#0.0000#-0.0000
4.00:hum1:-0.2750#-0.5250#0.8025#-0.0000#0.0000#-0.0000
5.00:hum1:-0.2750#-0.5250#0.8025#-0.0000#0.0000#-0.0000
6.00:hum1:-0.2750#-0.5250#0.8025#-0.0000#0.0000#-0.0000
7.00:hum1:-0.2750#-0.5250#0.8025#-0.0000#0.0000#-0.0000
8.00:hum1:-0.2750#-0.5250#0.8025#-0.0000#0.0000#-0.0000
9.00:hum1:-0.2750#-0.5250#0.8025#-0.0000#0.0000#-0.0000
10.00:hum1:-0.2750#-0.5250#0.8025#-0.0000#0.0000#-0.0000
11.00:hum1:-0.2750#-0.5250#0.8025#-0.0000#0.0000#-0.0000
12.00:hum1:-0.2750#-0.5250#0.8025#-0.0000#0.0000#-0.0000
13.00:hum1:-0.2750#-0.5250#0.8025#-0.0000#0.0000#-0.0000
14.00:hum1:-0.2750#-0.5250#0.8025#-0.0000#0.0000#-0.0000
15.00:hum1:-0.2750#-0.5250#0.8025#-0.0000#0.0000#-0.0000
16.00:hum1:-0.2750#-0.5250#0.8025#-0.0000#0.0000#-0.0000
17.00:hum1:-0.2750#-0.5250#0.8025#-0.0000#0.0000#-0.0000
18.00:hum1:0.2223#-0.7205#0.9141#-0.3891#-0.8094#-0.5150
19.00:hum1:1.4987#-1.0392#0.9413#-0.3005#-0.9745#-0.3580
20.00:hum1:2.5397#-1.2311#0.8262#-0.0533#-0.3246#-0.1653
21.00:hum1:3.5120#-1.3844#0.8116#0.0271#0.1928#-0.1401
22.00:hum1:4.6870#-1.5535#0.8267#0.0474#0.3699#-0.1302
23.00:hum1:4.8853#-1.5777#0.8120#0.0336#0.2680#-0.1258
24.00:hum1:5.7043#-1.6072#0.9413#-0.0286#-1.0043#-0.0335
25.00:hum1:6.7808#-1.5239#0.8496#0.0523#-0.5136#0.1064
26.00:hum1:7.7846#-1.4323#0.8071#-0.0009#0.0080#0.1119
27.00:hum1:8.8760#-1.3177#0.8215#-0.0393#0.3134#0.1273
28.00:hum1:9.5476#-1.2361#0.8618#0.0814#-0.5905#0.1459
29.00:hum1:9.5476#-1.2361#0.8618#0.0814#-0.5905#0.1459
30.00:hum1:10.0699#-1.3565#0.8161#0.0195#0.3006#-0.0656
31.00:hum1:11.3813#-1.4972#0.8069#-0.0085#-0.0817#-0.1030
32.00:hum1:12.3853#-1.5974#0.8044#-0.0006#-0.0072#-0.0885
33.00:hum1:12.3853#-1.5974#0.8044#-0.0006#-0.0072#-0.0885
34.00:hum1:12.3853#-1.5974#0.8044#-0.0006#-0.0072#-0.0885
35.00:hum1:12.3853#-1.5974#0.8044#-0.0006#-0.0072#-0.0885
36.00:hum1:12.3853#-1.5974#0.8044#-0.0006#-0.0072#-0.0885
37.00:hum1:12.3853#-1.5974#0.8044#-0.0006#-0.0072#-0.0885
38.00:hum1:12.3853#-1.5974#0.8044#-0.0006#-0.0072#-0.0885
39.00:hum1:13.2960#-1.5659#0.8120#-0.0112#0.2698#0.0422
40.00:hum1:14.6025#-1.5128#0.8115#0.0066#-0.1618#0.0412
41.00:hum1:15.9128#-1.4596#0.8908#0.0385#-0.7612#0.0561
42.00:hum1:17.2070#-1.4069#0.9484#0.0682#-1.0356#0.0795
43.00:hum1:18.2513#-0.8224#0.8374#0.3379#-0.2645#0.9314
44.00:hum1:18.3835#-0.1765#0.8025#-0.0000#0.0000#1.3571
45.00:hum1:18.3835#-0.1765#0.8025#-0.0000#0.0000#1.3571
46.00:hum1:18.3835#-0.1765#0.8025#-0.0000#0.0000#1.3571
47.00:hum1:18.3835#-0.1765#0.8025#-0.0000#0.0000#1.3571
48.00:hum1:18.3835#-0.1765#0.8025#-0.0000#0.0000#1.3571
49.00:hum1:18.3835#-0.1765#0.8025#-0.0000#0.0000#1.3571
50.00:hum1:18.3835#-0.1765#0.8025#-0.0000#0.0000#1.3571
51.00:hum1:18.3835#-0.1765#0.8025#-0.0000#0.0000#1.3571
52.00:hum1:18.4698#0.2211#0.9598#1.0776#-0.1891#1.4704
53.00:hum1:18.6802#1.4083#0.8721#0.6567#-0.0320#1.5296
54.00:hum1:18.7330#2.4220#0.8102#0.1102#-0.0058#1.5190
55.00:hum1:18.7881#3.4780#0.8171#-0.2707#0.0140#1.5206
56.00:hum1:18.8117#3.9293#0.8044#0.0072#-0.0004#1.5187
57.00:hum1:18.3750#4.6735#0.4025#0.0000#0.0000#-1.5700
58.00:hum1:18.3750#4.6735#0.4025#0.0000#0.0000#-1.5700
59.00:hum1:18.3750#4.6735#0.4025#0.0000#0.0000#-1.5700
60.00:hum1:18.3750#4.6735#0.4025#0.0000#0.0000#-1.5700
61.00:hum1:18.3750#4.6735#0.4025#0.0000#0.0000#-1.5700
62.00:hum1:18.3750#4.6735#0.4025#0.0000#0.0000#-1.5700
63.00:hum1:18.3750#4.6735#0.4025#0.0000#0.0000#-1.5700
64.00:hum1:18.3750#4.6735#0.4025#0.0000#0.0000#-1.5700
65.00:hum1:18.3750#4.6735#0.4025#0.0000#0.0000#-1.5700
66.00:hum1:18.3750#4.6735#0.4025#0.0000#0.0000#-1.5700
67.00:hum1:18.3750#4.6735#0.4025#0.0000#0.0000#-1.5700
68.00:hum1:18.3750#4.6735#0.4025#0.0000#0.0000#-1.5700
69.00:hum1:18.3750#4.6735#0.4025#0.0000#0.0000#-1.5700
70.00:hum1:18.3750#4.6735#0.4025#0.0000#0.0000#-1.5700
71.00:hum1:18.3750#4.6735#0.4025#0.0000#0.0000#-1.5700
72.00:hum1:18.3750#4.6735#0.4025#0.0000#0.0000#-1.5700
73.00:hum1:18.3750#4.6735#0.4025#0.0000#0.0000#-1.5700
74.00:hum1:18.3134#3.6718#0.8153#0.2459#-0.0235#-1.6639
75.00:hum1:18.2015#2.4557#0.8244#0.3626#-0.0282#-1.6448
76.00:hum1:18.1631#1.9721#0.8025#0.0000#-0.0000#-1.6496
77.00:hum1:18.1631#1.9721#0.8025#0.0000#-0.0000#-1.6496
78.00:hum1:18.1631#1.9721#0.8025#0.0000#-0.0000#-1.6496
79.00:hum1:18.1631#1.9721#0.8025#0.0000#-0.0000#-1.6496
80.00:hum1:18.1631#1.9721#0.8025#0.0000#-0.0000#-1.6496
81.00:hum1:18.1631#1.9721#0.8025#0.0000#-0.0000#-1.6496
82.00:hum1:18.1631#1.9721#0.8025#0.0000#-0.0000#-1.6496
83.00:hum1:18.1631#1.9721#0.8025#0.0000#-0.0000#-1.6496
84.00:hum1:18.1631#1.9721#0.8025#0.0000#-0.0000#-1.6496
85.00:hum1:18.1631#1.9721#0.8025#0.0000#-0.0000#-1.6496
86.00:hum1:18.1631#1.9721#0.8025#0.0000#-0.0000#-1.6496
87.00:hum1:18.1631#1.9721#0.8025#0.0000#-0.0000#-1.6496
88.00:hum1:18.1631#1.9721#0.8025#0.0000#-0.0000#-1.6496
89.00:hum1:18.0993#1.6023#0.8081#0.1262#-0.0214#-1.7373
90.00:hum1:17.6875#0.6685#0.8281#0.3211#-0.1892#-2.0851
91.00:hum1:17.0603#-0.4330#0.8120#0.2306#-0.1417#-2.1119
92.00:hum1:16.4464#-1.4043#0.8115#-0.1381#0.0849#-2.1186
93.00:hum1:16.1254#-2.7654#0.8908#-0.7615#-0.0296#-1.5394
94.00:hum1:15.7099#-3.6300#0.9484#-0.8404#0.7034#-2.0955
95.00:hum1:14.9825#-4.2703#0.8025#0.0000#-0.0000#-2.4194
96.00:hum1:14.9825#-4.2703#0.8025#0.0000#-0.0000#-2.4194