
1.00:hum1:-0.2750#-0.5250#0.8025#-0.0000#0.0000#-0.0000
2.00:hum1:-0.2750#-0.5250#0.8025#-0.0000#0.0000#-0.0000
3.00:hum1:-0.2750#-0.5250#0.8025#-0.0000#0.0000#-0.0000
4.00:hum1:-0.2750#-0.5250#0.8025#-0.0000#0.0000#-0.0000
5.00:hum1:-0.2750#-0.5250#0.8025#-0.0000#0.0000#-0.0000
6.00:hum1:-0.2750#-0.5250#0.8025#-0.0000#0.0000#-0.0000
7.00:hum1:-0.2750#-0.5250#0.8025#-0.0000#0.0000#-0.0000
8.00:hum1:-0.2750#-0.5250#0.8025#-0.0000#0.0000#-0.0000
9.00:hum1:-0.2750#-0.5250#0.8025#-0.0000#0.0000#-0.0000
10.00:hum1:-0.2750#-0.5250#0.8025#-0.0000#0.0000#-0.0000
11.00:hum1:-0.2425#-0.5498#0.8067#0.0503#0.1478#-0.3290
12.00:hum1:1.0402#-0.9306#0.8273#-0.0698#-0.3344#-0.2096
13.00:hum1:2.1235#-1.1455#0.8466#-0.1018#-0.4848#-0.2155
14.00:hum1:3.4171#-1.3655#0.9377#-0.2362#-0.9699#-0.2835
15.00:hum1:4.5880#-1.5563#0.9484#-0.2239#-1.0218#-0.2605
16.00:hum1:4.6389#-1.5632#0.9191#-0.1686#-0.8902#-0.2152
17.00:hum1:5.6405#-1.6033#0.9597#-0.0150#-1.0867#-0.0166
18.00:hum1:6.7740#-1.5717#0.8496#0.0375#-0.5147#0.0764
19.00:hum1:7.8294#-1.4968#0.9413#0.1484#-0.9975#0.1765
20.00:hum1:8.6517#-1.4267#0.9141#0.1264#-0.8717#0.1649
21.00:hum1:9.5481#-1.3314#0.8618#0.0713#-0.5916#0.1276
22.00:hum1:10.8637#-1.1970#0.9598#0.2045#-1.0760#0.2317
23.00:hum1:10.8637#-1.1970#0.9598#0.2045#-1.0760#0.2317
24.00:hum1:10.6707#-1.2181#0.8025#-0.0000#0.0000#0.1094
25.00:hum1:10.6707#-1.2181#0.8025#-0.0000#0.0000#0.1094
26.00:hum1:10.6707#-1.2181#0.8025#-0.0000#0.0000#0.1094
27.00:hum1:10.6707#-1.2181#0.8025#-0.0000#0.0000#0.1094
28.00:hum1:10.6707#-1.2181#0.8025#-0.0000#0.0000#0.1094
29.00:hum1:10.6707#-1.2181#0.8025#-0.0000#0.0000#0.1094
30.00:hum1:10.6707#-1.2181#0.8025#-0.0000#0.0000#0.1094
31.00:hum1:10.6707#-1.2181#0.8025#-0.0000#0.0000#0.1094
32.00:hum1:10.6707#-1.2181#0.8025#-0.0000#0.0000#0.1094
33.00:hum1:10.6707#-1.2181#0.8025#-0.0000#0.0000#0.1094
34.00:hum1:10.6707#-1.2181#0.8025#-0.0000#0.0000#0.1094
35.00:hum1:10.6707#-1.2181#0.8025#-0.0000#0.0000#0.1094
36.00:hum1:11.4768#-1.9845#0.9597#-0.8816#-0.7498#-1.0588
37.00:hum1:12.3770#-2.6841#0.8496#-0.3069#-0.4216#-0.6587
38.00:hum1:13.4391#-2.3475#0.8071#-0.0052#0.0061#0.7001
39.00:hum1:13.7850#-1.9438#0.8215#0.3113#0.0540#-1.4042
40.00:hum1:13.9687#-2.9823#0.8374#-0.4202#-0.0719#-1.4110
41.00:hum1:13.9687#-2.9823#0.8374#-0.4202#-0.0719#-1.4110
42.00:hum1:13.9687#-2.9823#0.8374#-0.4202#-0.0719#-1.4110
43.00:hum1:13.9687#-2.9823#0.8374#-0.4202#-0.0719#-1.4110
44.00:hum1:13.9687#-2.9823#0.8374#-0.4202#-0.0719#-1.4110
45.00:hum1:13.9687#-2.9823#0.8374#-0.4202#-0.0719#-1.4110
46.00:hum1:13.9687#-2.9823#0.8374#-0.4202#-0.0719#-1.4110
47.00:hum1:13.9687#-2.9823#0.8374#-0.4202#-0.0719#-1.4110
48.00:hum1:13.9687#-2.9823#0.8374#-0.4202#-0.0719#-1.4110
49.00:hum1:13.9687#-2.9823#0.8374#-0.4202#-0.0719#-1.4110
50.00:hum1:13.9687#-2.9823#0.8374#-0.4202#-0.0719#-1.4110
51.00:hum1:13.9687#-2.9823#0.8374#-0.4202#-0.0719#-1.4110
52.00:hum1:13.9687#-2.9823#0.8374#-0.4202#-0.0719#-1.4110
53.00:hum1:13.9687#-2.9823#0.8374#-0.4202#-0.0719#-1.4110
54.00:hum1:13.9687#-2.9823#0.8374#-0.4202#-0.0719#-1.4110
55.00:hum1:13.9687#-2.9823#0.8374#-0.4202#-0.0719#-1.4110
56.00:hum1:13.9687#-2.9823#0.8374#-0.4202#-0.0719#-1.4110
57.00:hum1:13.9687#-2.9823#0.8374#-0.4202#-0.0719#-1.4110
58.00:hum1:13.9687#-2.9823#0.8374#-0.4202#-0.0719#-1.4110
59.00:hum1:13.9687#-2.9823#0.8374#-0.4202#-0.0719#-1.4110
60.00:hum1:13.9687#-2.9823#0.8374#-0.4202#-0.0719#-1.4110
61.00:hum1:13.9687#-2.9823#0.8374#-0.4202#-0.0719#-1.4110
62.00:hum1:13.9687#-2.9823#0.8374#-0.4202#-0.0719#-1.4110
63.00:hum1:13.9687#-2.9823#0.8374#-0.4202#-0.0719#-1.4110
64.00:hum1:13.9687#-2.9823#0.8374#-0.4202#-0.0719#-1.4110
65.00:hum1:13.9687#-2.9823#0.8374#-0.4202#-0.0719#-1.4110
66.00:hum1:13.9553#-2.9065#0.8025#0.0000#0.0000#-1.3957
67.00:hum1:13.9553#-2.9065#0.8025#0.0000#0.0000#-1.3957
68.00:hum1:13.9553#-2.9065#0.8025#0.0000#0.0000#-1.3957
69.00:hum1:13.9553#-2.9065#0.8025#0.0000#0.0000#-1.3957
70.00:hum1:13.9553#-2.9065#0.8025#0.0000#0.0000#-1.3957
71.00:hum1:13.9553#-2.9065#0.8025#0.0000#0.0000#-1.3957
72.00:hum1:13.9553#-2.9065#0.8025#0.0000#0.0000#-1.3957
73.00:hum1:13.9553#-2.9065#0.8025#0.0000#0.0000#-1.3957
74.00:hum1:13.9553#-2.9065#0.8025#0.0000#0.0000#-1.3957
75.00:hum1:13.9553#-2.9065#0.8025#0.0000#0.0000#-1.3957
76.00:hum1:13.9553#-2.9065#0.8025#0.0000#0.0000#-1.3957
77.00:hum1:13.9553#-2.9065#0.8025#0.0000#0.0000#-1.3957
78.00:hum1:13.9553#-2.9065#0.8025#0.0000#0.0000#-1.3957
79.00:hum1:13.9553#-2.9065#0.8025#0.0000#0.0000#-1.3957
80.00:hum1:13.9553#-2.9065#0.8025#0.0000#0.0000#-1.3957
81.00:hum1:13.9553#-2.9065#0.8025#0.0000#0.0000#-1.3957
82.00:hum1:13.9553#-2.9065#0.8025#0.0000#0.0000#-1.3957
83.00:hum1:13.9553#-2.9065#0.8025#0.0000#0.0000#-1.3957
84.00:hum1:13.9553#-2.9065#0.8025#0.0000#0.0000#-1.3957
85.00:hum1:13.9553#-2.9065#0.8025#0.0000#0.0000#-1.3957
86.00:hum1:13.9553#-2.9065#0.8025#0.0000#0.0000#-1.3957
87.00:hum1:13.9553#-2.9065#0.8025#0.0000#0.0000#-1.3957
88.00:hum1:13.9553#-2.9065#0.8025#0.0000#0.0000#-1.3957
89.00:hum1:13.9553#-2.9065#0.8025#0.0000#0.0000#-1.3957
90.00:hum1:13.9553#-2.9065#0.8025#0.0000#0.0000#-1.3957
91.00:hum1:13.9553#-2.9065#0.8025#0.0000#0.0000#-1.3957
92.00:hum1:13.9553#-2.9065#0.8025#0.0000#0.0000#-1.3957
93.00:hum1:14.3560#-3.0703#0.8168#0.0851#-0.2092#0.3901
94.00:hum1:15.2828#-2.6988#0.8153#-0.0935#0.2290#0.3919
95.00:hum1:16.5081#-2.2078#0.8025#-0.0000#0.0000#0.3812
96.00:hum1:16.6373#-2.1560#0.8025#-0.0000#0.0000#0.3812
97.00:hum1:16.7427#-2.1137#0.8025#-0.0000#0.0000#0.3812
98.00:hum1:16.7427#-2.1137#0.8025#-0.0000#0.0000#0.3812
99.00:hum1:16.7427#-2.1137#0.8025#-0.0000#0.0000#0.3812
100.00:hum1:16.7427#-2.1137#0.8025#-0.0000#0.0000#0.3812
101.00:hum1:16.7427#-2.1137#0.8025#-0.0000#0.0000#0.3812
102.00:hum1:16.7427#-2.1137#0.8025#-0.0000#0.0000#0.3812
103.00:hum1:16.7427#-2.1137#0.8025#-0.0000#0.0000#0.3812
104.00:hum1:16.7427#-2.1137#0.8025#-0.0000#0.0000#0.3812
105.00:hum1:16.7427#-2.1137#0.8025#-0.0000#0.0000#0.3812
106.00:hum1:16.7427#-2.1137#0.8025#-0.0000#0.0000#0.3812
107.00:hum1:16.7427#-2.1137#0.8025#-0.0000#0.0000#0.3812
108.00:hum1:16.7427#-2.1137#0.8025#-0.0000#0.0000#0.3812
109.00:hum1:16.7427#-2.1137#0.8025#-0.0000#0.0000#0.3812
110.00:hum1:16.7427#-2.1137#0.8025#-0.0000#0.0000#0.3812
111.00:hum1:16.7427#-2.1137#0.8025#-0.0000#0.0000#0.3812
112.00:hum1:17.2350#-1.9163#0.8153#-0.0935#0.2290#0.3919
113.00:hum1:18.2423#-1.0740#0.8244#-0.3147#0.1853#1.0561
114.00:hum1:18.5761#0.3003#0.8048#-0.0575#0.0094#1.4094
115.00:hum1:18.7270#1.6169#0.8466#0.4942#-0.0193#1.5354
116.00:hum1:18.7666#2.5977#0.8025#-0.0000#0.0000#1.5305
117.00:hum1:18.7666#2.5977#0.8025#-0.0000#0.0000#1.5305
118.00:hum1:18.7666#2.5977#0.8025#-0.0000#0.0000#1.5305
119.00:hum1:18.7666#2.5977#0.8025#-0.0000#0.0000#1.5305
120.00:hum1:18.7666#2.5977#0.8025#-0.0000#0.0000#1.5305
121.00:hum1:18.7666#2.5977#0.8025#-0.0000#0.0000#1.5305
122.00:hum1:18.7666#2.5977#0.8025#-0.0000#0.0000#1.5305
123.00:hum1:18.7666#2.5977#0.8025#-0.0000#0.0000#1.5305
124.00:hum1:18.7666#2.5977#0.8025#-0.0000#0.0000#1.5305
125.00:hum1:18.7666#2.5977#0.8025#-0.0000#0.0000#1.5305
126.00:hum1:18.7666#2.5977#0.8025#-0.0000#0.0000#1.5305
127.00:hum1:18.7666#2.5977#0.8025#-0.0000#0.0000#1.5305
128.00:hum1:18.7666#2.5977#0.8025#-0.0000#0.0000#1.5305
129.00:hum1:18.7666#2.5977#0.8025#-0.0000#0.0000#1.5305
130.00:hum1:18.7797#2.9213#0.9377#0.9884#-0.0339#1.5488
131.00:hum1:18.8245#4.0322#0.9598#1.0868#-0.0360#1.5523
132.00:hum1:18.8295#4.1566#0.9191#0.9012#-0.0319#1.5459
133.00:hum1:18.3750#4.6735#0.4025#0.0000#0.0000#-1.5700
134.00:hum1:18.3750#4.6735#0.4025#0.0000#0.0000#-1.5700
135.00:hum1:18.3750#4.6735#0.4025#0.0000#0.0000#-1.5700
136.00:hum1:18.3750#4.6735#0.4025#0.0000#0.0000#-1.5700
137.00:hum1:18.3750#4.6735#0.4025#0.0000#0.0000#-1.5700
138.00:hum1:18.3750#4.6735#0.4025#0.0000#0.0000#-1.5700
139.00:hum1:18.3750#4.6735#0.4025#0.0000#0.0000#-1.5700
140.00:hum1:18.3750#4.6735#0.4025#0.0000#0.0000#-1.5700
141.00:hum1:18.3750#4.6735#0.4025#0.0000#0.0000#-1.5700
142.00:hum1:18.3750#4.6735#0.4025#0.0000#0.0000#-1.5700
143.00:hum1:18.3750#4.6735#0.4025#0.0000#0.0000#-1.5700
144.00:hum1:18.3750#4.6735#0.4025#0.0000#0.0000#-1.5700
145.00:hum1:18.3750#4.6735#0.4025#0.0000#0.0000#-1.5700
146.00:hum1:18.3750#4.6735#0.4025#0.0000#0.0000#-1.5700
147.00:hum1:18.3750#4.6735#0.4025#0.0000#0.0000#-1.5700
148.00:hum1:18.3750#4.6735#0.4025#0.0000#0.0000#-1.5700
149.00:hum1:18.3750#4.6735#0.4025#0.0000#0.0000#-1.5700
150.00:hum1:18.3750#4.6735#0.4025#0.0000#0.0000#-1.5700
151.00:hum1:18.3750#4.6735#0.4025#0.0000#0.0000#-1.5700
152.00:hum1:18.3750#4.6735#0.4025#0.0000#0.0000#-1.5700
153.00:hum1:18.2481#3.0045#0.9413#-1.0025#0.0804#-1.6217
154.00:hum1:18.1212#1.9574#0.8262#-0.3281#0.0210#-1.6322
155.00:hum1:17.8938#1.1423#0.8116#0.1698#-0.0955#-2.0781
156.00:hum1:17.3675#0.1187#0.8267#0.3211#-0.1929#-2.0933
157.00:hum1:16.8530#-0.6791#0.8025#0.0000#-0.0000#-2.1533
158.00:hum1:16.8530#-0.6791#0.8025#0.0000#-0.0000#-2.1533
159.00:hum1:16.8530#-0.6791#0.8025#0.0000#-0.0000#-2.1533
160.00:hum1:16.8530#-0.6791#0.8025#0.0000#-0.0000#-2.1533
161.00:hum1:16.8530#-0.6791#0.8025#0.0000#-0.0000#-2.1533
162.00:hum1:16.8530#-0.6791#0.8025#0.0000#-0.0000#-2.1533
163.00:hum1:16.8530#-0.6791#0.8025#0.0000#-0.0000#-2.1533
164.00:hum1:16.8530#-0.6791#0.8025#0.0000#-0.0000#-2.1533
165.00:hum1:16.8530#-0.6791#0.8025#0.0000#-0.0000#-2.1533
166.00:hum1:16.8530#-0.6791#0.8025#0.0000#-0.0000#-2.1533
167.00:hum1:16.8530#-0.6791#0.8025#0.0000#-0.0000#-2.1533
168.00:hum1:16.8530#-0.6791#0.8025#0.0000#-0.0000#-2.1533
169.00:hum1:16.8530#-0.6791#0.8025#0.0000#-0.0000#-2.1533
170.00:hum1:16.8530#-0.6791#0.8025#0.0000#-0.0000#-2.1533
171.00:hum1:16.8530#-0.6791#0.8025#0.0000#-0.0000#-2.1533
172.00:hum1:16.8530#-0.6791#0.8025#0.0000#-0.0000#-2.1533
173.00:hum1:16.2423#-1.5357#0.8102#-0.0900#0.0640#-2.1866
174.00:hum1:16.2128#-1.5772#0.8025#0.0000#-0.0000#-2.1895
175.00:hum1:16.2128#-1.5772#0.8025#0.0000#-0.0000#-2.1895
176.00:hum1:16.2128#-1.5772#0.8025#0.0000#-0.0000#-2.1895
177.00:hum1:16.2128#-1.5772#0.8025#0.0000#-0.0000#-2.1895
178.00:hum1:16.2128#-1.5772#0.8025#0.0000#-0.0000#-2.1895
179.00:hum1:16.2128#-1.5772#0.8025#0.0000#-0.0000#-2.1895
180.00:hum1:16.2128#-1.5772#0.8025#0.0000#-0.0000#-2.1895
181.00:hum1:16.2128#-1.5772#0.8025#0.0000#-0.0000#-2.1895
182.00:hum1:16.2128#-1.5772#0.8025#0.0000#-0.0000#-2.1895
183.00:hum1:16.2128#-1.5772#0.8025#0.0000#-0.0000#-2.1895
184.00:hum1:16.2128#-1.5772#0.8025#0.0000#-0.0000#-2.1895
185.00:hum1:16.2128#-1.5772#0.8025#0.0000#-0.0000#-2.1895
186.00:hum1:16.2128#-1.5772#0.8025#0.0000#-0.0000#-2.1895
187.00:hum1:16.2128#-1.5772#0.8025#0.0000#-0.0000#-2.1895
188.00:hum1:16.2128#-1.5772#0.8025#0.0000#-0.0000#-2.1895
189.00:hum1:16.2128#-1.5772#0.8025#0.0000#-0.0000#-2.1895
190.00:hum1:16.2128#-1.5772#0.8025#0.0000#-0.0000#-2.1895
191.00:hum1:16.1014#-2.1326#0.8069#-0.0813#0.0123#-1.7205
192.00:hum1:15.9139#-3.1795#0.8763#-0.4877#0.4978#-2.3033
193.00:hum1:14.9145#-4.0430#0.9597#-0.8937#0.7337#-2.0643
194.00:hum1:15.0281#-4.0345#0.8071#0.0048#-0.0064#-2.4985