
1.00:hum1:-0.2750#-0.5250#0.8025#-0.0000#0.0000#-0.0000
2.00:hum1:-0.2750#-0.5250#0.8025#-0.0000#0.0000#-0.0000
3.00:hum1:-0.2750#-0.5250#0.8025#-0.0000#0.0000#-0.0000
4.00:hum1:-0.2750#-0.5250#0.8025#-0.0000#0.0000#-0.0000
5.00:hum1:-0.2750#-0.5250#0.8025#-0.0000#0.0000#-0.0000
6.00:hum1:-0.2750#-0.5250#0.8025#-0.0000#0.0000#-0.0000
7.00:hum1:-0.2750#-0.5250#0.8025#-0.0000#0.0000#-0.0000
8.00:hum1:-0.2750#-0.5250#0.8025#-0.0000#0.0000#-0.0000
9.00:hum1:-0.2750#-0.5250#0.8025#-0.0000#0.0000#-0.0000
10.00:hum1:-0.2750#-0.5250#0.8025#-0.0000#0.0000#-0.0000
11.00:hum1:-0.2750#-0.5250#0.8025#-0.0000#0.0000#-0.0000
12.00:hum1:0.5162#-0.6707#0.8025#0.0000#0.0000#-0.1011
13.00:hum1:1.4625#-0.7668#0.8025#0.0000#0.0000#-0.1011
14.00:hum1:2.6374#-0.9207#0.9191#-0.1212#-0.8957#-0.1544
15.00:hum1:3.6019#-1.0267#0.9597#-0.1781#-1.0783#-0.2012
16.00:hum1:4.7142#-1.1339#0.8496#-0.0500#-0.5138#-0.1012
17.00:hum1:6.8115#-1.3188#0.8081#0.0083#0.1278#-0.0651
18.00:hum1:10.3165#-1.4573#0.8115#0.0017#-0.1620#0.0106
19.00:hum1:13.9764#-1.3913#0.8025#-0.0000#0.0000#0.0568
20.00:hum1:16.3376#-1.3703#0.8161#-0.0027#0.3012#0.0094
21.00:hum1:18.5818#0.4595#0.8267#-0.3676#0.0635#1.4078
22.00:hum1:18.8052#3.3870#0.8171#-0.2709#0.0095#1.5371
23.00:hum1:18.8424#4.4472#0.9191#0.9013#-0.0277#1.5493
24.00:hum1:18.3750#4.6735#0.4025#0.0000#0.0000#-1.5700
25.00:hum1:18.3750#4.6735#0.4025#0.0000#0.0000#-1.5700
26.00:hum1:18.3750#4.6735#0.4025#0.0000#0.0000#-1.5700
27.00:hum1:18.3750#4.6735#0.4025#0.0000#0.0000#-1.5700
28.00:hum1:18.3750#4.6735#0.4025#0.0000#0.0000#-1.5700
29.00:hum1:18.3750#4.6735#0.4025#0.0000#0.0000#-1.5700
30.00:hum1:18.3750#4.6735#0.4025#0.0000#0.0000#-1.5700
31.00:hum1:18.3750#4.6735#0.4025#0.0000#0.0000#-1.5700
32.00:hum1:18.3750#4.6735#0.4025#0.0000#0.0000#-1.5700
33.00:hum1:18.3750#4.6735#0.4025#0.0000#0.0000#-1.5700
34.00:hum1:18.3750#4.6735#0.4025#0.0000#0.0000#-1.5700
35.00:hum1:18.3750#4.6735#0.4025#0.0000#0.0000#-1.5700
36.00:hum1:18.3750#4.6735#0.4025#0.0000#0.0000#-1.5700
37.00:hum1:18.3750#4.6735#0.4025#0.0000#0.0000#-1.5700
38.00:hum1:18.2917#3.6775#0.8120#0.2691#-0.0228#-1.6528
39.00:hum1:18.0759#0.3303#0.9484#-1.0367#0.0278#-1.5869
40.00:hum1:16.5803#-1.4320#0.8025#0.0000#-0.0000#-2.1844
41.00:hum1:15.0457#-3.6742#0.8116#0.1660#-0.1020#-2.1166
42.00:hum1:14.0866#-5.2340#0.9413#-0.8534#0.6164#-2.0376
43.00:hum1:14.0607#-5.2629#0.8171#0.2004#-0.1837#-2.3027
44.00:hum1:13.9609#-5.3698#0.8025#0.0000#-0.0000#-2.3212
45.00:hum1:13.9609#-5.3698#0.8025#0.0000#-0.0000#-2.3212
46.00:hum1:13.9609#-5.3698#0.8025#0.0000#-0.0000#-2.3212
47.00:hum1:13.9609#-5.3698#0.8025#0.0000#-0.0000#-2.3212
48.00:hum1:13.9609#-5.3698#0.8025#0.0000#-0.0000#-2.3212
49.00:hum1:13.9609#-5.3698#0.8025#0.0000#-0.0000#-2.3212