
1.00:hum1:-0.2750#-0.5250#0.8025#-0.0000#0.0000#-0.0000
2.00:hum1:-0.2750#-0.5250#0.8025#-0.0000#0.0000#-0.0000
3.00:hum1:-0.2750#-0.5250#0.8025#-0.0000#0.0000#-0.0000
4.00:hum1:-0.2750#-0.5250#0.8025#-0.0000#0.0000#-0.0000
5.00:hum1:-0.2750#-0.5250#0.8025#-0.0000#0.0000#-0.0000
6.00:hum1:-0.2750#-0.5250#0.8025#-0.0000#0.0000#-0.0000
7.00:hum1:-0.2750#-0.5250#0.8025#-0.0000#0.0000#-0.0000
8.00:hum1:-0.2750#-0.5250#0.8025#-0.0000#0.0000#-0.0000
9.00:hum1:-0.2750#-0.5250#0.8025#-0.0000#0.0000#-0.0000
10.00:hum1:-0.2750#-0.5250#0.8025#-0.0000#0.0000#-0.0000
11.00:hum1:-0.2750#-0.5250#0.8025#-0.0000#0.0000#-0.0000
12.00:hum1:-0.2750#-0.5250#0.8025#-0.0000#0.0000#-0.0000
13.00:hum1:-0.2750#-0.5250#0.8025#-0.0000#0.0000#-0.0000
14.00:hum1:-0.2750#-0.5250#0.8025#-0.0000#0.0000#-0.0000
15.00:hum1:-0.2750#-0.5250#0.8025#-0.0000#0.0000#-0.0000
16.00:hum1:-0.2750#-0.5250#0.8025#-0.0000#0.0000#-0.0000
17.00:hum1:-0.2750#-0.5250#0.8025#-0.0000#0.0000#-0.0000
18.00:hum1:-0.2750#-0.5250#0.8025#-0.0000#0.0000#-0.0000
19.00:hum1:0.1282#-0.6807#0.8763#-0.2619#-0.6375#-0.4229
20.00:hum1:0.6229#-0.8238#0.8025#0.0000#0.0000#-0.2487
21.00:hum1:0.6229#-0.8238#0.8025#0.0000#0.0000#-0.2487
22.00:hum1:0.6229#-0.8238#0.8025#0.0000#0.0000#-0.2487
23.00:hum1:0.6229#-0.8238#0.8025#0.0000#0.0000#-0.2487
24.00:hum1:0.6229#-0.8238#0.8025#0.0000#0.0000#-0.2487
25.00:hum1:0.6229#-0.8238#0.8025#0.0000#0.0000#-0.2487
26.00:hum1:0.6229#-0.8238#0.8025#0.0000#0.0000#-0.2487
27.00:hum1:0.6229#-0.8238#0.8025#0.0000#0.0000#-0.2487
28.00:hum1:0.6229#-0.8238#0.8025#0.0000#0.0000#-0.2487
29.00:hum1:1.4958#-1.0399#0.8168#-0.0383#-0.2224#-0.1715
30.00:hum1:2.4810#-1.2260#0.8153#0.0367#0.2443#-0.1502
31.00:hum1:3.6941#-1.3956#0.8244#0.0426#0.3612#-0.1196
32.00:hum1:4.6354#-1.5014#0.8262#-0.0382#-0.3266#-0.1181
33.00:hum1:4.6354#-1.5014#0.8262#-0.0382#-0.3266#-0.1181
34.00:hum1:5.6187#-1.6446#0.9597#-0.1789#-1.0782#-0.2021
35.00:hum1:6.7270#-1.7871#0.8496#-0.0490#-0.5139#-0.0990
36.00:hum1:7.1094#-1.8201#0.8048#0.0050#0.0580#-0.0863
37.00:hum1:7.1094#-1.8201#0.8048#0.0050#0.0580#-0.0863
38.00:hum1:8.0215#-1.7720#0.8161#-0.0361#0.2991#0.1224
39.00:hum1:8.1673#-1.7549#0.8025#-0.0000#0.0000#0.1169
40.00:hum1:8.1673#-1.7549#0.8025#-0.0000#0.0000#0.1169
41.00:hum1:8.1673#-1.7549#0.8025#-0.0000#0.0000#0.1169
42.00:hum1:8.1673#-1.7549#0.8025#-0.0000#0.0000#0.1169
43.00:hum1:8.1673#-1.7549#0.8025#-0.0000#0.0000#0.1169
44.00:hum1:8.1673#-1.7549#0.8025#-0.0000#0.0000#0.1169
45.00:hum1:8.1673#-1.7549#0.8025#-0.0000#0.0000#0.1169
46.00:hum1:8.1673#-1.7549#0.8025#-0.0000#0.0000#0.1169
47.00:hum1:8.1673#-1.7549#0.8025#-0.0000#0.0000#0.1169
48.00:hum1:8.1673#-1.7549#0.8025#-0.0000#0.0000#0.1169
49.00:hum1:8.1673#-1.7549#0.8025#-0.0000#0.0000#0.1169
50.00:hum1:8.8303#-1.7992#0.8496#-0.0346#-0.5149#-0.0697
51.00:hum1:9.8625#-1.7777#0.8071#-0.0005#0.0080#0.0595
52.00:hum1:10.9648#-1.7215#0.8215#-0.0315#0.3143#0.1019
53.00:hum1:12.3612#-1.5839#0.8025#-0.0000#0.0000#0.1179
54.00:hum1:12.3612#-1.5839#0.8025#-0.0000#0.0000#0.1179
55.00:hum1:12.3612#-1.5839#0.8025#-0.0000#0.0000#0.1179
56.00:hum1:12.3612#-1.5839#0.8025#-0.0000#0.0000#0.1179
57.00:hum1:12.3612#-1.5839#0.8025#-0.0000#0.0000#0.1179
58.00:hum1:12.3612#-1.5839#0.8025#-0.0000#0.0000#0.1179
59.00:hum1:12.3612#-1.5839#0.8025#-0.0000#0.0000#0.1179
60.00:hum1:12.3612#-1.5839#0.8025#-0.0000#0.0000#0.1179
61.00:hum1:12.3612#-1.5839#0.8025#-0.0000#0.0000#0.1179
62.00:hum1:13.1811#-1.5538#0.8204#-0.0129#0.3322#0.0397
63.00:hum1:14.5294#-1.5032#0.8044#0.0003#-0.0072#0.0376
64.00:hum1:15.8233#-1.4546#0.8618#0.0252#-0.5949#0.0453
65.00:hum1:17.1447#-1.4049#0.9598#0.0708#-1.0859#0.0804
66.00:hum1:18.2670#-0.8093#0.8721#0.5404#-0.3946#1.0014
67.00:hum1:18.4933#0.3055#0.8102#0.1079#-0.0231#1.3614
68.00:hum1:18.6822#1.3840#0.8171#-0.2707#0.0138#1.5216
69.00:hum1:18.7438#2.5883#0.8204#-0.3320#0.0168#1.5225
70.00:hum1:18.8128#3.9358#0.8044#0.0072#-0.0004#1.5197
71.00:hum1:18.8230#4.1354#0.8466#0.4940#-0.0244#1.5259
72.00:hum1:18.3750#4.6735#0.4025#0.0000#0.0000#-1.5700
73.00:hum1:18.3750#4.6735#0.4025#0.0000#0.0000#-1.5700
74.00:hum1:18.3750#4.6735#0.4025#0.0000#0.0000#-1.5700
75.00:hum1:18.3750#4.6735#0.4025#0.0000#0.0000#-1.5700
76.00:hum1:18.3750#4.6735#0.4025#0.0000#0.0000#-1.5700
77.00:hum1:18.3750#4.6735#0.4025#0.0000#0.0000#-1.5700
78.00:hum1:18.3750#4.6735#0.4025#0.0000#0.0000#-1.5700
79.00:hum1:18.3750#4.6735#0.4025#0.0000#0.0000#-1.5700
80.00:hum1:18.3750#4.6735#0.4025#0.0000#0.0000#-1.5700
81.00:hum1:18.3750#4.6735#0.4025#0.0000#0.0000#-1.5700
82.00:hum1:18.3750#4.6735#0.4025#0.0000#0.0000#-1.5700
83.00:hum1:18.3750#4.6735#0.4025#0.0000#0.0000#-1.5700
84.00:hum1:18.3750#4.6735#0.4025#0.0000#0.0000#-1.5700
85.00:hum1:18.2974#3.5561#0.8204#0.3311#-0.0305#-1.6591
86.00:hum1:18.1558#2.2095#0.8044#-0.0072#0.0005#-1.6382
87.00:hum1:18.0549#0.9258#0.8618#-0.5935#0.0500#-1.6444
88.00:hum1:17.5499#-0.0350#0.9598#-0.9409#0.6611#-1.9913
89.00:hum1:16.8150#-0.9892#0.8721#-0.5645#0.3569#-2.0746
90.00:hum1:16.2236#-1.8093#0.8102#-0.0897#0.0645#-2.1922
91.00:hum1:15.6482#-2.8656#0.8171#0.2676#0.0437#-1.4125
92.00:hum1:15.6225#-3.7292#0.8204#0.2256#-0.2463#-2.3861
93.00:hum1:14.8744#-4.4704#0.8161#0.1913#-0.2341#-2.4457