
1.00:hum1:-0.2750#-0.5250#0.8025#-0.0000#0.0000#-0.0000
2.00:hum1:-0.2750#-0.5250#0.8025#-0.0000#0.0000#-0.0000
3.00:hum1:-0.2750#-0.5250#0.8025#-0.0000#0.0000#-0.0000
4.00:hum1:-0.2750#-0.5250#0.8025#-0.0000#0.0000#-0.0000
5.00:hum1:-0.2750#-0.5250#0.8025#-0.0000#0.0000#-0.0000
6.00:hum1:-0.2750#-0.5250#0.8025#-0.0000#0.0000#-0.0000
7.00:hum1:-0.2750#-0.5250#0.8025#-0.0000#0.0000#-0.0000
8.00:hum1:-0.2750#-0.5250#0.8025#-0.0000#0.0000#-0.0000
9.00:hum1:-0.2750#-0.5250#0.8025#-0.0000#0.0000#-0.0000
10.00:hum1:-0.2093#-0.5438#0.8067#0.0318#0.1528#-0.2058
11.00:hum1:0.7880#-0.7037#0.8120#0.0285#0.2685#-0.1067
12.00:hum1:1.8492#-0.8486#0.8025#0.0000#0.0000#-0.1003
13.00:hum1:2.5488#-0.9720#0.8081#0.0106#0.1276#-0.0828
14.00:hum1:3.6110#-1.0790#0.8071#0.0007#0.0080#-0.0919
15.00:hum1:4.7039#-1.1831#0.8215#0.0266#0.3147#-0.0854
16.00:hum1:5.9524#-1.2897#0.8161#0.0216#0.3005#-0.0726
17.00:hum1:7.2827#-1.3817#0.8069#-0.0047#-0.0820#-0.0573
18.00:hum1:10.1853#-1.4913#0.8281#-0.0068#0.3710#0.0192
19.00:hum1:13.6292#-1.4113#0.8908#0.0541#-0.7604#0.0787
20.00:hum1:13.4518#-3.7340#0.8466#-0.4920#0.0528#-1.6686
21.00:hum1:13.7470#-5.1395#0.8116#0.1529#0.1209#-0.9061
22.00:hum1:14.0218#-5.4836#0.8044#-0.0056#-0.0045#-0.8968
23.00:hum1:14.0387#-5.5048#0.8025#0.0000#0.0000#-0.8968
24.00:hum1:14.0387#-5.5048#0.8025#0.0000#0.0000#-0.8968
25.00:hum1:14.0387#-5.5048#0.8025#0.0000#0.0000#-0.8968
26.00:hum1:14.0387#-5.5048#0.8025#0.0000#0.0000#-0.8968
27.00:hum1:14.0387#-5.5048#0.8025#0.0000#0.0000#-0.8968
28.00:hum1:14.0387#-5.5048#0.8025#0.0000#0.0000#-0.8968
29.00:hum1:14.0387#-5.5048#0.8025#0.0000#0.0000#-0.8968
30.00:hum1:14.0387#-5.5048#0.8025#0.0000#0.0000#-0.8968
31.00:hum1:14.0387#-5.5048#0.8025#0.0000#0.0000#-0.8968
32.00:hum1:14.0387#-5.5048#0.8025#0.0000#0.0000#-0.8968
33.00:hum1:14.0387#-5.5048#0.8025#0.0000#0.0000#-0.8968