
1.00:hum1:-0.2750#-0.5250#0.8025#-0.0000#0.0000#-0.0000
2.00:hum1:-0.2750#-0.5250#0.8025#-0.0000#0.0000#-0.0000
3.00:hum1:-0.2750#-0.5250#0.8025#-0.0000#0.0000#-0.0000
4.00:hum1:-0.2750#-0.5250#0.8025#-0.0000#0.0000#-0.0000
5.00:hum1:-0.2750#-0.5250#0.8025#-0.0000#0.0000#-0.0000
6.00:hum1:-0.2750#-0.5250#0.8025#-0.0000#0.0000#-0.0000
7.00:hum1:-0.2750#-0.5250#0.8025#-0.0000#0.0000#-0.0000
8.00:hum1:-0.2750#-0.5250#0.8025#-0.0000#0.0000#-0.0000
9.00:hum1:-0.2750#-0.5250#0.8025#-0.0000#0.0000#-0.0000
10.00:hum1:-0.2750#-0.5250#0.8025#-0.0000#0.0000#-0.0000
11.00:hum1:-0.2750#-0.5250#0.8025#-0.0000#0.0000#-0.0000
12.00:hum1:0.2808#-0.6449#0.9141#-0.2392#-0.8538#-0.3125
13.00:hum1:1.2956#-0.7931#0.8908#-0.0962#-0.7571#-0.1392
14.00:hum1:2.2838#-0.9330#0.8763#-0.0737#-0.6788#-0.1167
15.00:hum1:3.2821#-1.0698#0.8618#-0.0533#-0.5933#-0.0947
16.00:hum1:4.5963#-1.1871#0.9598#-0.1616#-1.0802#-0.1824
17.00:hum1:6.0943#-1.3081#0.8044#-0.0005#-0.0072#-0.0707
18.00:hum1:9.7150#-1.4487#0.8721#-0.0035#-0.6574#-0.0053
19.00:hum1:12.8308#-1.4669#0.8204#-0.0210#0.3318#0.0648
20.00:hum1:16.0193#-1.3845#0.8281#-0.0051#0.3710#0.0143
21.00:hum1:18.5228#-0.1379#0.8153#-0.2442#0.0374#1.4222
22.00:hum1:18.7912#2.8516#0.8025#-0.0000#0.0000#1.5384
23.00:hum1:18.8347#4.1932#0.8081#-0.1280#0.0042#1.5387
24.00:hum1:18.3750#4.6735#0.4025#0.0000#0.0000#-1.5700
25.00:hum1:18.3750#4.6735#0.4025#0.0000#0.0000#-1.5700
26.00:hum1:18.3750#4.6735#0.4025#0.0000#0.0000#-1.5700
27.00:hum1:18.3750#4.6735#0.4025#0.0000#0.0000#-1.5700
28.00:hum1:18.3750#4.6735#0.4025#0.0000#0.0000#-1.5700
29.00:hum1:18.3750#4.6735#0.4025#0.0000#0.0000#-1.5700
30.00:hum1:18.3750#4.6735#0.4025#0.0000#0.0000#-1.5700
31.00:hum1:18.3750#4.6735#0.4025#0.0000#0.0000#-1.5700
32.00:hum1:18.3750#4.6735#0.4025#0.0000#0.0000#-1.5700
33.00:hum1:18.3750#4.6735#0.4025#0.0000#0.0000#-1.5700
34.00:hum1:18.3750#4.6735#0.4025#0.0000#0.0000#-1.5700
35.00:hum1:18.3750#4.6735#0.4025#0.0000#0.0000#-1.5700
36.00:hum1:18.3750#4.6735#0.4025#0.0000#0.0000#-1.5700
37.00:hum1:18.3750#4.6735#0.4025#0.0000#0.0000#-1.5700
38.00:hum1:18.3751#4.1164#0.8267#0.3728#0.0002#-1.5701
39.00:hum1:18.6406#1.7781#0.9141#0.8783#0.0121#1.5812
40.00:hum1:17.4770#-0.2395#0.8116#0.1270#-0.1478#-2.4269
41.00:hum1:17.0185#-0.7338#0.8025#0.0000#-0.0000#-2.1834
42.00:hum1:15.9096#-2.2968#0.8115#-0.1326#0.0934#-2.1807
43.00:hum1:14.8716#-4.7961#0.8048#0.0274#-0.0514#-2.6501
44.00:hum1:14.4796#-5.0057#0.8025#0.0000#-0.0000#-2.6505
45.00:hum1:14.4796#-5.0057#0.8025#0.0000#-0.0000#-2.6505
46.00:hum1:14.4796#-5.0057#0.8025#0.0000#-0.0000#-2.6505
47.00:hum1:14.4796#-5.0057#0.8025#0.0000#-0.0000#-2.6505
48.00:hum1:14.4796#-5.0057#0.8025#0.0000#-0.0000#-2.6505
49.00:hum1:14.4796#-5.0057#0.8025#0.0000#-0.0000#-2.6505
50.00:hum1:14.4796#-5.0057#0.8025#0.0000#-0.0000#-2.6505
51.00:hum1:14.4796#-5.0057#0.8025#0.0000#-0.0000#-2.6505
52.00:hum1:14.4796#-5.0057#0.8025#0.0000#-0.0000#-2.6505
53.00:hum1:14.4796#-5.0057#0.8025#0.0000#-0.0000#-2.6505
54.00:hum1:14.4796#-5.0057#0.8025#0.0000#-0.0000#-2.6505
55.00:hum1:14.4796#-5.0057#0.8025#0.0000#-0.0000#-2.6505
56.00:hum1:14.4796#-5.0057#0.8025#0.0000#-0.0000#-2.6505
57.00:hum1:14.4796#-5.0057#0.8025#0.0000#-0.0000#-2.6505
58.00:hum1:14.4796#-5.0057#0.8025#0.0000#-0.0000#-2.6505
59.00:hum1:14.4796#-5.0057#0.8025#0.0000#-0.0000#-2.6505
60.00:hum1:14.4796#-5.0057#0.8025#0.0000#-0.0000#-2.6505