
2.00:hum1:-0.2750#-0.5250#0.8025#-0.0000#0.0000#-0.0000
3.00:hum1:-0.2750#-0.5250#0.8025#-0.0000#0.0000#-0.0000
4.00:hum1:-0.2750#-0.5250#0.8025#-0.0000#0.0000#-0.0000
5.00:hum1:-0.2750#-0.5250#0.8025#-0.0000#0.0000#-0.0000
6.00:hum1:-0.2750#-0.5250#0.8025#-0.0000#0.0000#-0.0000
7.00:hum1:-0.2750#-0.5250#0.8025#-0.0000#0.0000#-0.0000
8.00:hum1:-0.2750#-0.5250#0.8025#-0.0000#0.0000#-0.0000
9.00:hum1:-0.2750#-0.5250#0.8025#-0.0000#0.0000#-0.0000
10.00:hum1:-0.2750#-0.5250#0.8025#-0.0000#0.0000#-0.0000
11.00:hum1:-0.2750#-0.5250#0.8025#-0.0000#0.0000#-0.0000
12.00:hum1:0.4705#-0.6840#0.9484#-0.3297#-1.0030#-0.3852
13.00:hum1:1.5067#-0.8279#0.9597#-0.1895#-1.0772#-0.2141
14.00:hum1:2.5069#-0.9723#0.9598#-0.1619#-1.0802#-0.1828
15.00:hum1:3.4907#-1.1118#0.9377#-0.1095#-0.9848#-0.1308
16.00:hum1:4.7443#-1.2197#0.8215#0.0267#0.3147#-0.0856
17.00:hum1:7.6340#-1.4031#0.8763#-0.0084#-0.6821#-0.0130
18.00:hum1:10.9219#-1.4863#0.8071#-0.0002#0.0080#0.0204
19.00:hum1:12.5868#-3.2839#0.8069#-0.0702#-0.0428#-1.0234
20.00:hum1:15.6284#-2.7338#0.8067#-0.0653#0.1418#0.4335
21.00:hum1:16.6846#-2.2508#0.8025#-0.0000#0.0000#0.4289
22.00:hum1:16.7937#-2.2009#0.8025#-0.0000#0.0000#0.4289
23.00:hum1:17.2174#-2.0072#0.8374#0.1864#-0.3853#0.4654
24.00:hum1:18.6946#0.6147#0.9191#0.8985#-0.0887#1.5007
25.00:hum1:18.8309#3.8979#0.9597#1.0866#-0.0222#1.5595
26.00:hum1:18.8331#3.9883#0.8244#-0.3635#0.0090#1.5476
27.00:hum1:18.3750#4.6735#0.4025#0.0000#0.0000#-1.5700
28.00:hum1:18.3750#4.6735#0.4025#0.0000#0.0000#-1.5700
29.00:hum1:18.3750#4.6735#0.4025#0.0000#0.0000#-1.5700
30.00:hum1:18.3750#4.6735#0.4025#0.0000#0.0000#-1.5700
31.00:hum1:18.3750#4.6735#0.4025#0.0000#0.0000#-1.5700
32.00:hum1:18.3750#4.6735#0.4025#0.0000#0.0000#-1.5700
33.00:hum1:18.3750#4.6735#0.4025#0.0000#0.0000#-1.5700
34.00:hum1:18.3750#4.6735#0.4025#0.0000#0.0000#-1.5700
35.00:hum1:18.3750#4.6735#0.4025#0.0000#0.0000#-1.5700
36.00:hum1:18.3750#4.6735#0.4025#0.0000#0.0000#-1.5700
37.00:hum1:18.3750#4.6735#0.4025#0.0000#0.0000#-1.5700
38.00:hum1:18.3750#4.6735#0.4025#0.0000#0.0000#-1.5700
39.00:hum1:18.3750#4.6735#0.4025#0.0000#0.0000#-1.5700
40.00:hum1:18.3750#4.6735#0.4025#0.0000#0.0000#-1.5700
41.00:hum1:18.3750#4.6735#0.4025#0.0000#0.0000#-1.5700
42.00:hum1:18.2943#3.4997#0.9484#-1.0350#0.0820#-1.6191
43.00:hum1:17.8400#0.8344#0.9377#-0.9080#0.4660#-1.9078
44.00:hum1:16.5631#-1.2070#0.8044#-0.0061#0.0038#-2.1263
45.00:hum1:14.9311#-3.7747#0.8120#0.2346#-0.1350#-2.0834
46.00:hum1:14.0664#-5.2546#0.8496#-0.3855#0.3520#-2.2747
47.00:hum1:14.0103#-5.3154#0.8267#0.2759#-0.2540#-2.2963
48.00:hum1:13.8841#-5.4478#0.8025#0.0000#-0.0000#-2.3317
49.00:hum1:13.8841#-5.4478#0.8025#0.0000#-0.0000#-2.3317
50.00:hum1:13.8841#-5.4478#0.8025#0.0000#-0.0000#-2.3317
51.00:hum1:13.8841#-5.4478#0.8025#0.0000#-0.0000#-2.3317
52.00:hum1:13.8841#-5.4478#0.8025#0.0000#-0.0000#-2.3317
53.00:hum1:13.8841#-5.4478#0.8025#0.0000#-0.0000#-2.3317
54.00:hum1:13.8841#-5.4478#0.8025#0.0000#-0.0000#-2.3317
55.00:hum1:13.8841#-5.4478#0.8025#0.0000#-0.0000#-2.3317
56.00:hum1:13.8841#-5.4478#0.8025#0.0000#-0.0000#-2.3317
57.00:hum1:13.8841#-5.4478#0.8025#0.0000#-0.0000#-2.3317
58.00:hum1:13.8841#-5.4478#0.8025#0.0000#-0.0000#-2.3317
59.00:hum1:13.8841#-5.4478#0.8025#0.0000#-0.0000#-2.3317
60.00:hum1:13.8841#-5.4478#0.8025#0.0000#-0.0000#-2.3317