
1.00:hum1:-5.5750#-1.5000#0.8025#-0.0000#0.0000#-0.0000
2.00:hum1:-5.5750#-1.5000#0.8025#-0.0000#0.0000#-0.0000
3.00:hum1:-5.5750#-1.5000#0.8025#-0.0000#0.0000#-0.0000
4.00:hum1:-5.5750#-1.5000#0.8025#-0.0000#0.0000#-0.0000
5.00:hum1:-5.5750#-1.5000#0.8025#-0.0000#0.0000#-0.0000
6.00:hum1:-5.5750#-1.5000#0.8025#-0.0000#0.0000#-0.0000
7.00:hum1:-5.5750#-1.5000#0.8025#-0.0000#0.0000#-0.0000
8.00:hum1:-5.5750#-1.5000#0.8025#-0.0000#0.0000#-0.0000
9.00:hum1:-5.5750#-1.5000#0.8025#-0.0000#0.0000#-0.0000
10.00:hum1:-5.5750#-1.5000#0.8025#-0.0000#0.0000#-0.0000
11.00:hum1:-5.5750#-1.5000#0.8025#-0.0000#0.0000#-0.0000
12.00:hum1:-5.5750#-1.5000#0.8025#-0.0000#0.0000#-0.0000
13.00:hum1:-5.5750#-1.5000#0.8025#-0.0000#0.0000#-0.0000
14.00:hum1:-5.5750#-1.5000#0.8025#-0.0000#0.0000#-0.0000
15.00:hum1:-5.4988#-1.5160#0.8067#0.0257#0.1539#-0.1660
16.00:hum1:-4.2138#-1.7436#0.8273#-0.0579#-0.3366#-0.1734
17.00:hum1:-2.9350#-1.9546#0.9141#-0.1942#-0.8624#-0.2531
18.00:hum1:-2.5793#-2.0132#0.8204#0.0563#0.3278#-0.1729
19.00:hum1:-1.6939#-2.1594#0.8171#0.0453#0.2673#-0.1697
20.00:hum1:-0.5041#-2.3557#0.8204#0.0563#0.3278#-0.1729
21.00:hum1:0.8271#-2.5755#0.8044#-0.0012#-0.0071#-0.1636
22.00:hum1:2.1046#-2.7863#0.8618#-0.1101#-0.5863#-0.1968
23.00:hum1:2.5042#-1.6745#0.9598#1.0638#0.2918#1.7296
24.00:hum1:2.2809#-1.0253#0.8273#0.3242#0.1090#1.8843
25.00:hum1:1.9601#-0.0927#0.8115#0.1533#0.0524#1.8981
26.00:hum1:2.1204#-0.3868#0.8908#-0.4860#-0.6125#-0.7428
27.00:hum1:3.1940#-1.1075#0.9484#-0.7590#-0.7936#-0.9260
28.00:hum1:4.2926#-1.5204#0.8374#-0.0521#-0.4230#-0.1260
29.00:hum1:5.3019#-1.6247#0.8081#-0.0010#0.1280#0.0084
30.00:hum1:6.4541#-1.6137#0.8281#-0.0266#0.3701#0.0736
31.00:hum1:7.7491#-1.5189#0.8120#-0.0272#0.2687#0.1026
32.00:hum1:8.4755#-1.4469#0.9597#0.1852#-1.0776#0.2099
33.00:hum1:8.4755#-1.4469#0.9597#0.1852#-1.0776#0.2099
34.00:hum1:8.4755#-1.4469#0.9597#0.1852#-1.0776#0.2099
35.00:hum1:8.4755#-1.4469#0.9597#0.1852#-1.0776#0.2099
36.00:hum1:8.4755#-1.4469#0.9597#0.1852#-1.0776#0.2099
37.00:hum1:8.4755#-1.4469#0.9597#0.1852#-1.0776#0.2099
38.00:hum1:8.4755#-1.4469#0.9597#0.1852#-1.0776#0.2099
39.00:hum1:8.4755#-1.4469#0.9597#0.1852#-1.0776#0.2099
40.00:hum1:8.4755#-1.4469#0.9597#0.1852#-1.0776#0.2099
41.00:hum1:8.4755#-1.4469#0.9597#0.1852#-1.0776#0.2099
42.00:hum1:8.4755#-1.4469#0.9597#0.1852#-1.0776#0.2099
43.00:hum1:8.4755#-1.4469#0.9597#0.1852#-1.0776#0.2099
44.00:hum1:8.4755#-1.4469#0.9597#0.1852#-1.0776#0.2099
45.00:hum1:9.3339#-1.5437#0.9141#-0.0094#-0.8783#-0.0119
46.00:hum1:10.6151#-1.5686#0.9413#0.0087#-1.0046#0.0107
47.00:hum1:11.6638#-1.5624#0.8262#0.0019#-0.3288#0.0062
48.00:hum1:12.7177#-1.5563#0.8374#0.0025#-0.4260#0.0064
49.00:hum1:12.7070#-1.5563#0.8168#0.0013#-0.2256#0.0060
50.00:hum1:12.6509#-1.5576#0.8116#-0.0068#0.1945#0.0355
51.00:hum1:12.7033#-1.5557#0.8171#-0.0096#0.2709#0.0361
52.00:hum1:12.7434#-1.5543#0.8281#-0.0134#0.3708#0.0374
53.00:hum1:12.8268#-1.5514#0.8244#-0.0131#0.3634#0.0373
54.00:hum1:13.0480#-1.5437#0.8067#-0.0054#0.1559#0.0353
55.00:hum1:14.2520#-1.5018#0.8069#0.0028#-0.0821#0.0350
56.00:hum1:15.3405#-1.4638#0.8115#0.0056#-0.1619#0.0353
57.00:hum1:16.6510#-1.4182#0.8908#0.0330#-0.7614#0.0481
58.00:hum1:17.9455#-1.3730#0.9484#0.0584#-1.0360#0.0682
59.00:hum1:18.4531#-0.0237#0.8374#0.4187#-0.0807#1.3920
60.00:hum1:18.6447#0.9419#0.8081#-0.1256#0.0249#1.3763
61.00:hum1:18.8662#2.0574#0.8281#-0.3645#0.0708#1.3878
62.00:hum1:19.1177#3.3236#0.8120#-0.2651#0.0521#1.3817
63.00:hum1:19.2599#4.0396#0.9597#1.0787#-0.1735#1.4789
64.00:hum1:18.3750#4.6735#0.4025#0.0000#0.0000#-1.5700
65.00:hum1:18.3750#4.6735#0.4025#0.0000#0.0000#-1.5700
66.00:hum1:18.3750#4.6735#0.4025#0.0000#0.0000#-1.5700
67.00:hum1:18.3750#4.6735#0.4025#0.0000#0.0000#-1.5700
68.00:hum1:18.3750#4.6735#0.4025#0.0000#0.0000#-1.5700
69.00:hum1:18.3750#4.6735#0.4025#0.0000#0.0000#-1.5700
70.00:hum1:18.3750#4.6735#0.4025#0.0000#0.0000#-1.5700
71.00:hum1:18.3750#4.6735#0.4025#0.0000#0.0000#-1.5700
72.00:hum1:18.3750#4.6735#0.4025#0.0000#0.0000#-1.5700
73.00:hum1:18.3750#4.6735#0.4025#0.0000#0.0000#-1.5700
74.00:hum1:18.3750#4.6735#0.4025#0.0000#0.0000#-1.5700
75.00:hum1:18.3750#4.6735#0.4025#0.0000#0.0000#-1.5700
76.00:hum1:18.3750#4.6735#0.4025#0.0000#0.0000#-1.5700
77.00:hum1:18.3750#4.6735#0.4025#0.0000#0.0000#-1.5700
78.00:hum1:18.3750#4.6735#0.4025#0.0000#0.0000#-1.5700
79.00:hum1:18.3750#4.6735#0.4025#0.0000#0.0000#-1.5700
80.00:hum1:18.3750#4.6735#0.4025#0.0000#0.0000#-1.5700
81.00:hum1:18.3750#4.6735#0.4025#0.0000#0.0000#-1.5700
82.00:hum1:18.3752#3.9152#0.9413#-1.0046#-0.0004#-1.5702
83.00:hum1:18.3543#3.9764#0.8171#0.2682#-0.0398#-1.7144
84.00:hum1:18.2160#2.7588#0.8204#0.3318#-0.0211#-1.6316
85.00:hum1:18.1062#1.4242#0.8044#-0.0072#0.0006#-1.6569
86.00:hum1:17.8125#0.3732#0.8618#-0.4754#0.3731#-2.1865
87.00:hum1:16.9729#-0.6792#0.9598#-1.0024#0.5281#-1.8818
88.00:hum1:16.2985#-1.6171#0.8721#-0.5493#0.3815#-2.1169
89.00:hum1:15.6877#-2.4388#0.8102#-0.0900#0.0640#-2.1870
90.00:hum1:15.0793#-3.3102#0.8171#0.2257#-0.1513#-2.1514
91.00:hum1:14.7862#-4.5796#0.8204#0.3323#0.0080#-1.5473
92.00:hum1:14.5862#-5.8375#0.8044#-0.0070#0.0017#-1.8091
93.00:hum1:14.2805#-7.0956#0.8618#-0.5821#0.1329#-1.7692
94.00:hum1:13.9684#-8.3806#0.9598#-1.0753#0.2108#-1.6831