
2.00:-4.1099#-1.2873#0.2401#-0.0001#-0.0024#-0.0002
3.00:-4.1101#-1.2873#0.2401#-0.0001#-0.0025#-0.0002
4.00:-4.1102#-1.2874#0.2401#-0.0001#-0.0025#-0.0002
5.00:-4.1103#-1.2874#0.2401#-0.0001#-0.0025#-0.0003
6.00:-4.1104#-1.2874#0.2401#-0.0001#-0.0026#-0.0003
7.00:-4.1105#-1.2874#0.2401#-0.0001#-0.0026#-0.0003
8.00:-4.1106#-1.2874#0.2401#-0.0001#-0.0024#-0.0004
9.00:-4.1108#-1.2874#0.2401#-0.0001#-0.0024#-0.0006
10.00:-4.1108#-1.2874#0.2401#-0.0001#-0.0021#-0.0007
11.00:-4.1109#-1.2874#0.2401#-0.0001#-0.0022#-0.0007
12.00:-4.1111#-1.2874#0.2401#-0.0001#-0.0025#-0.0008
13.00:-3.6882#-1.2932#0.2402#-0.0001#-0.0029#-0.0256
14.00:-2.6674#-1.4965#0.2401#-0.0010#-0.0022#-0.3659
15.00:-1.7430#-1.8380#0.2400#-0.0005#-0.0010#-0.4061
16.00:-1.6439#-1.8756#0.2401#-0.0007#-0.0020#-0.2996
17.00:-1.5494#-1.8764#0.2401#-0.0001#-0.0021#-0.0137
18.00:-1.3708#-1.8333#0.2401#0.0004#-0.0019#0.2267
19.00:-0.3419#-1.6018#0.2401#0.0004#-0.0021#0.2199
20.00:0.7997#-1.3463#0.2401#0.0003#-0.0016#0.2203
21.00:1.4702#-1.1976#0.2401#0.0002#-0.0016#0.2074
22.00:1.4845#-1.2116#0.2401#-0.0003#-0.0024#-0.0756
23.00:2.3398#-1.3124#0.2401#-0.0003#-0.0015#-0.1136
24.00:3.4983#-1.4445#0.2401#-0.0002#-0.0015#-0.1134
25.00:4.4317#-1.5491#0.2400#-0.0002#-0.0010#-0.0970
26.00:4.5615#-1.5379#0.2401#0.0003#-0.0023#0.1298
27.00:5.4674#-1.4220#0.2400#0.0001#-0.0016#0.1157
28.00:6.6255#-1.2875#0.2400#0.0001#-0.0015#0.1156
29.00:7.7835#-1.1524#0.2401#0.0001#-0.0015#0.1163
30.00:8.8521#-1.0281#0.2400#0.0001#-0.0010#0.1185
31.00:8.9919#-1.0190#0.2401#-0.0002#-0.0021#-0.0358
32.00:9.3832#-1.1049#0.2401#-0.0004#-0.0017#-0.2174
33.00:10.3399#-1.3194#0.2400#-0.0003#-0.0010#-0.1973
34.00:10.4792#-1.3245#0.2401#-0.0000#-0.0023#0.0302
35.00:11.3501#-1.2879#0.2401#-0.0000#-0.0016#0.0310
36.00:12.5153#-1.2516#0.2401#-0.0000#-0.0015#0.0312
37.00:13.4562#-1.2198#0.2400#-0.0000#-0.0010#0.0446
38.00:13.4949#-1.2174#0.2401#0.0000#-0.0014#0.0535
39.00:13.4948#-1.2174#0.2401#0.0000#-0.0014#0.0534
40.00:13.4947#-1.2174#0.2401#0.0000#-0.0014#0.0534
41.00:13.4946#-1.2175#0.2401#0.0000#-0.0015#0.0534
42.00:13.4945#-1.2175#0.2401#0.0000#-0.0015#0.0534
43.00:13.4944#-1.2175#0.2401#0.0000#-0.0015#0.0534
44.00:13.4944#-1.2175#0.2401#0.0000#-0.0015#0.0534
45.00:13.4943#-1.2175#0.2401#0.0000#-0.0016#0.0534
46.00:13.4942#-1.2175#0.2401#0.0000#-0.0016#0.0533
47.00:13.4941#-1.2175#0.2401#0.0000#-0.0016#0.0533
48.00:13.4948#-1.2281#0.2401#-0.0004#-0.0021#-0.1556
49.00:13.4914#-1.2420#0.2401#-0.0010#-0.0019#-0.4478
50.00:13.4846#-1.2545#0.2401#-0.0015#-0.0015#-0.7341
51.00:13.4744#-1.2648#0.2401#-0.0019#-0.0010#-1.0240
52.00:13.4619#-1.2721#0.2401#-0.0021#-0.0004#-1.3141
53.00:13.4489#-1.3116#0.2401#-0.0021#0.0001#-1.5856
54.00:13.4198#-2.2621#0.2400#-0.0014#0.0001#-1.5986
55.00:13.3875#-3.4276#0.2400#-0.0018#0.0001#-1.5982
56.00:13.3554#-4.5969#0.2400#-0.0014#0.0001#-1.5982
57.00:13.3234#-5.7623#0.2400#-0.0014#0.0001#-1.5983
58.00:13.3012#-6.6133#0.2400#-0.0010#0.0001#-1.5921
59.00:13.3009#-6.6258#0.2401#-0.0014#0.0001#-1.5905
60.00:13.3009#-6.6257#0.2401#-0.0015#0.0001#-1.5906
61.00:13.3009#-6.6256#0.2401#-0.0015#0.0001#-1.5906
62.00:13.3009#-6.6256#0.2401#-0.0015#0.0001#-1.5906
63.00:13.3009#-6.6255#0.2401#-0.0016#0.0001#-1.5905
64.00:13.3009#-6.6255#0.2401#-0.0015#0.0001#-1.5905
65.00:13.3009#-6.6254#0.2401#-0.0014#0.0001#-1.5905
66.00:13.3009#-6.6253#0.2401#-0.0015#0.0001#-1.5905
67.00:13.3009#-6.6253#0.2401#-0.0015#0.0001#-1.5905
68.00:13.3009#-6.6253#0.2401#-0.0014#0.0001#-1.5905
69.00:13.3009#-6.6252#0.2401#-0.0014#0.0001#-1.5905
70.00:13.3009#-6.6251#0.2401#-0.0014#0.0001#-1.5905
71.00:13.3009#-6.6251#0.2401#-0.0014#0.0001#-1.5905
72.00:13.3009#-6.6250#0.2401#-0.0015#0.0001#-1.5905
73.00:13.3009#-6.6249#0.2401#-0.0015#0.0001#-1.5905
74.00:13.3009#-6.6249#0.2401#-0.0015#0.0001#-1.5905
75.00:13.3009#-6.6248#0.2401#-0.0014#0.0001#-1.5905
76.00:13.3009#-6.6248#0.2401#-0.0015#0.0001#-1.5905
77.00:13.3009#-6.6247#0.2401#-0.0015#0.0001#-1.5905
78.00:13.3009#-6.6247#0.2401#-0.0014#0.0001#-1.5906
79.00:13.3010#-6.6246#0.2401#-0.0014#0.0001#-1.5906
80.00:13.3010#-6.6245#0.2401#-0.0014#0.0001#-1.5906
81.00:13.3010#-6.6245#0.2401#-0.0015#0.0001#-1.5906
82.00:13.3010#-6.6244#0.2401#-0.0015#0.0001#-1.5906
83.00:13.3010#-6.6244#0.2401#-0.0014#0.0001#-1.5906
84.00:13.3010#-6.6243#0.2401#-0.0015#0.0001#-1.5906
85.00:13.3010#-6.6243#0.2401#-0.0014#0.0001#-1.5906
86.00:13.3010#-6.6242#0.2401#-0.0015#0.0001#-1.5906
87.00:13.3010#-6.6241#0.2401#-0.0014#0.0001#-1.5906
88.00:13.3010#-6.6241#0.2401#-0.0015#0.0001#-1.5906
89.00:13.3010#-6.6240#0.2401#-0.0015#0.0001#-1.5907
90.00:13.3010#-6.6240#0.2401#-0.0015#0.0001#-1.5907
91.00:13.3010#-6.6239#0.2401#-0.0015#0.0001#-1.5907
92.00:13.3010#-6.6238#0.2401#-0.0015#0.0001#-1.5907
93.00:13.3211#-6.7003#0.2401#-0.0021#-0.0005#-1.3474
94.00:13.3289#-6.7187#0.2401#-0.0021#-0.0006#-1.2860