
1.00:hum1:-0.2750#-0.5250#0.8025#-0.0000#0.0000#-0.0000
2.00:hum1:-0.2750#-0.5250#0.8025#-0.0000#0.0000#-0.0000
3.00:hum1:-0.2750#-0.5250#0.8025#-0.0000#0.0000#-0.0000
4.00:hum1:-0.2750#-0.5250#0.8025#-0.0000#0.0000#-0.0000
5.00:hum1:-0.2750#-0.5250#0.8025#-0.0000#0.0000#-0.0000
6.00:hum1:-0.2750#-0.5250#0.8025#-0.0000#0.0000#-0.0000
7.00:hum1:-0.2750#-0.5250#0.8025#-0.0000#0.0000#-0.0000
8.00:hum1:-0.2750#-0.5250#0.8025#-0.0000#0.0000#-0.0000
9.00:hum1:-0.2750#-0.5250#0.8025#-0.0000#0.0000#-0.0000
10.00:hum1:-0.2750#-0.5250#0.8025#-0.0000#0.0000#-0.0000
11.00:hum1:-0.2750#-0.5250#0.8025#-0.0000#0.0000#-0.0000
12.00:hum1:0.1289#-0.6800#0.8763#-0.2606#-0.6379#-0.4207
13.00:hum1:1.4410#-1.0112#0.9597#-0.3572#-1.0510#-0.4057
14.00:hum1:2.5407#-1.2256#0.8496#-0.1015#-0.5068#-0.2064
15.00:hum1:3.5402#-1.3854#0.8071#0.0011#0.0079#-0.1417
16.00:hum1:4.5669#-1.5353#0.8081#0.0149#0.1272#-0.1164
17.00:hum1:4.8898#-1.5727#0.8120#0.0320#0.2682#-0.1198
18.00:hum1:5.7264#-1.5909#0.8374#0.0280#-0.4251#0.0681
19.00:hum1:6.7162#-1.5320#0.8081#-0.0119#0.1275#0.0934
20.00:hum1:7.7590#-1.4465#0.8116#-0.0206#0.1935#0.1070
21.00:hum1:8.8170#-1.3351#0.8153#-0.0282#0.2454#0.1160
22.00:hum1:8.8170#-1.3351#0.8153#-0.0282#0.2454#0.1160
23.00:hum1:9.8242#-1.3763#0.8116#0.0017#0.1946#-0.0087
24.00:hum1:10.9860#-1.4403#0.8267#0.0329#0.3714#-0.0901
25.00:hum1:12.2895#-1.5734#0.8067#0.0167#0.1551#-0.1075
26.00:hum1:12.4627#-1.5919#0.8025#0.0000#0.0000#-0.1062
27.00:hum1:12.4627#-1.5919#0.8025#0.0000#0.0000#-0.1062
28.00:hum1:12.4627#-1.5919#0.8025#0.0000#0.0000#-0.1062
29.00:hum1:12.4627#-1.5919#0.8025#0.0000#0.0000#-0.1062
30.00:hum1:12.4627#-1.5919#0.8025#0.0000#0.0000#-0.1062
31.00:hum1:12.4627#-1.5919#0.8025#0.0000#0.0000#-0.1062
32.00:hum1:12.4627#-1.5919#0.8025#0.0000#0.0000#-0.1062
33.00:hum1:12.4627#-1.5919#0.8025#0.0000#0.0000#-0.1062
34.00:hum1:12.4627#-1.5919#0.8025#0.0000#0.0000#-0.1062
35.00:hum1:12.4627#-1.5919#0.8025#0.0000#0.0000#-0.1062
36.00:hum1:12.4627#-1.5919#0.8025#0.0000#0.0000#-0.1062
37.00:hum1:12.4627#-1.5919#0.8025#0.0000#0.0000#-0.1062
38.00:hum1:12.4627#-1.5919#0.8025#0.0000#0.0000#-0.1062
39.00:hum1:12.4627#-1.5919#0.8025#0.0000#0.0000#-0.1062
40.00:hum1:12.4627#-1.5919#0.8025#0.0000#0.0000#-0.1062
41.00:hum1:12.4627#-1.5919#0.8025#0.0000#0.0000#-0.1062
42.00:hum1:12.4627#-1.5919#0.8025#0.0000#0.0000#-0.1062
43.00:hum1:12.4627#-1.5919#0.8025#0.0000#0.0000#-0.1062
44.00:hum1:12.6317#-1.5878#0.8466#0.0213#-0.4942#0.0452
45.00:hum1:13.9362#-1.5359#0.9377#0.0599#-0.9876#0.0721
46.00:hum1:15.1716#-1.4867#0.9191#0.0499#-0.9006#0.0640
47.00:hum1:16.1945#-1.4460#0.8168#0.0091#-0.2254#0.0408
48.00:hum1:17.1922#-1.4062#0.8153#-0.0099#0.2468#0.0410
49.00:hum1:18.3025#-0.5971#0.8244#-0.3563#0.0743#1.3743
50.00:hum1:18.5805#0.7079#0.8048#-0.0569#0.0121#1.3613
51.00:hum1:18.7161#2.0343#0.8466#0.4940#-0.0243#1.5260
52.00:hum1:18.7825#3.3381#0.9377#0.9882#-0.0428#1.5430
53.00:hum1:18.8010#3.7022#0.8161#-0.3008#0.0152#1.5222
54.00:hum1:18.3750#4.6735#0.4025#0.0000#0.0000#-1.5700
55.00:hum1:18.3750#4.6735#0.4025#0.0000#0.0000#-1.5700
56.00:hum1:18.3750#4.6735#0.4025#0.0000#0.0000#-1.5700
57.00:hum1:18.3750#4.6735#0.4025#0.0000#0.0000#-1.5700
58.00:hum1:18.3750#4.6735#0.4025#0.0000#0.0000#-1.5700
59.00:hum1:18.3750#4.6735#0.4025#0.0000#0.0000#-1.5700
60.00:hum1:18.3750#4.6735#0.4025#0.0000#0.0000#-1.5700
61.00:hum1:18.3750#4.6735#0.4025#0.0000#0.0000#-1.5700
62.00:hum1:18.3750#4.6735#0.4025#0.0000#0.0000#-1.5700
63.00:hum1:18.3750#4.6735#0.4025#0.0000#0.0000#-1.5700
64.00:hum1:18.3750#4.6735#0.4025#0.0000#0.0000#-1.5700
65.00:hum1:18.3750#4.6735#0.4025#0.0000#0.0000#-1.5700
66.00:hum1:18.3750#4.6735#0.4025#0.0000#0.0000#-1.5700
67.00:hum1:18.3750#4.6735#0.4025#0.0000#0.0000#-1.5700
68.00:hum1:18.3750#4.6735#0.4025#0.0000#0.0000#-1.5700
69.00:hum1:18.3750#4.6735#0.4025#0.0000#0.0000#-1.5700
70.00:hum1:18.3750#4.6735#0.4025#0.0000#0.0000#-1.5700
71.00:hum1:18.3750#4.6735#0.4025#0.0000#0.0000#-1.5700
72.00:hum1:18.3750#4.6735#0.4025#0.0000#0.0000#-1.5700
73.00:hum1:18.3750#4.6735#0.4025#0.0000#0.0000#-1.5700
74.00:hum1:18.3139#3.7224#0.9141#-0.8762#0.0727#-1.6309
75.00:hum1:18.1872#2.4447#0.9413#-1.0033#0.0624#-1.6102
76.00:hum1:18.1201#1.3868#0.8262#-0.3287#0.0090#-1.5969
77.00:hum1:17.8289#0.6315#0.8116#0.1589#-0.1129#-2.1832
78.00:hum1:17.1597#-0.3465#0.8267#0.3171#-0.1995#-2.1137
79.00:hum1:16.5294#-1.2044#0.8067#0.1334#-0.0812#-2.1140
80.00:hum1:15.8384#-2.3052#0.8273#-0.2889#0.1845#-2.1235
81.00:hum1:15.1758#-3.4029#0.9141#-0.7992#0.4140#-1.9435
82.00:hum1:14.7645#-4.0754#0.8025#0.0000#-0.0000#-2.1193
83.00:hum1:14.7645#-4.0754#0.8025#0.0000#-0.0000#-2.1193