
1.00:hum1:-0.2750#-0.5250#0.8025#-0.0000#0.0000#-0.0000
2.00:hum1:-0.2750#-0.5250#0.8025#-0.0000#0.0000#-0.0000
3.00:hum1:-0.2750#-0.5250#0.8025#-0.0000#0.0000#-0.0000
4.00:hum1:-0.2750#-0.5250#0.8025#-0.0000#0.0000#-0.0000
5.00:hum1:-0.2750#-0.5250#0.8025#-0.0000#0.0000#-0.0000
6.00:hum1:-0.2750#-0.5250#0.8025#-0.0000#0.0000#-0.0000
7.00:hum1:-0.2750#-0.5250#0.8025#-0.0000#0.0000#-0.0000
8.00:hum1:-0.2750#-0.5250#0.8025#-0.0000#0.0000#-0.0000
9.00:hum1:-0.2750#-0.5250#0.8025#-0.0000#0.0000#-0.0000
10.00:hum1:-0.2750#-0.5250#0.8025#-0.0000#0.0000#-0.0000
11.00:hum1:0.0343#-0.6596#0.8466#-0.1890#-0.4598#-0.4067
12.00:hum1:0.4415#-0.8152#0.8215#0.0941#0.3019#-0.3070
13.00:hum1:1.5047#-1.0628#0.8281#0.0836#0.3619#-0.2321
14.00:hum1:2.5974#-1.2646#0.8267#0.0513#0.3694#-0.1409
15.00:hum1:3.9062#-1.4365#0.8067#0.0181#0.1550#-0.1167
16.00:hum1:4.7648#-1.5346#0.8204#0.0355#0.3306#-0.1087
17.00:hum1:4.7648#-1.5346#0.8204#0.0355#0.3306#-0.1087
18.00:hum1:5.6624#-1.5406#0.9597#0.1400#-1.0816#0.1587
19.00:hum1:6.7794#-1.4593#0.8496#0.0518#-0.5136#0.1055
20.00:hum1:7.7252#-1.3633#0.8071#0.0010#0.0080#-0.1227
21.00:hum1:8.8777#-1.2524#0.8215#-0.0431#0.3130#0.1394
22.00:hum1:9.3528#-1.1891#0.8069#0.0109#-0.0815#0.1331
23.00:hum1:9.3567#-1.1886#0.8025#-0.0000#0.0000#0.1326
24.00:hum1:9.3567#-1.1886#0.8025#-0.0000#0.0000#0.1326
25.00:hum1:9.3567#-1.1886#0.8025#-0.0000#0.0000#0.1326
26.00:hum1:9.3567#-1.1886#0.8025#-0.0000#0.0000#0.1326
27.00:hum1:9.3567#-1.1886#0.8025#-0.0000#0.0000#0.1326
28.00:hum1:9.3567#-1.1886#0.8025#-0.0000#0.0000#0.1326
29.00:hum1:9.3567#-1.1886#0.8025#-0.0000#0.0000#0.1326
30.00:hum1:9.3567#-1.1886#0.8025#-0.0000#0.0000#0.1326
31.00:hum1:9.3567#-1.1886#0.8025#-0.0000#0.0000#0.1326
32.00:hum1:9.3567#-1.1886#0.8025#-0.0000#0.0000#0.1326
33.00:hum1:9.3567#-1.1886#0.8025#-0.0000#0.0000#0.1326
34.00:hum1:9.7554#-1.2920#0.8116#0.0425#0.1900#-0.2211
35.00:hum1:10.9524#-1.4620#0.8267#0.0427#0.3705#-0.1171
36.00:hum1:12.2702#-1.6098#0.8067#0.0102#0.1557#-0.0651
37.00:hum1:12.5334#-1.6267#0.8025#0.0000#0.0000#-0.0643
38.00:hum1:12.5334#-1.6267#0.8025#0.0000#0.0000#-0.0643
39.00:hum1:12.5334#-1.6267#0.8025#0.0000#0.0000#-0.0643
40.00:hum1:12.5334#-1.6267#0.8025#0.0000#0.0000#-0.0643
41.00:hum1:12.5334#-1.6267#0.8025#0.0000#0.0000#-0.0643
42.00:hum1:12.5334#-1.6267#0.8025#0.0000#0.0000#-0.0643
43.00:hum1:12.5334#-1.6267#0.8025#0.0000#0.0000#-0.0643
44.00:hum1:12.5334#-1.6267#0.8025#0.0000#0.0000#-0.0643
45.00:hum1:12.5334#-1.6267#0.8025#0.0000#0.0000#-0.0643
46.00:hum1:13.5009#-1.5839#0.8069#0.0037#-0.0821#0.0459
47.00:hum1:14.7938#-1.5247#0.8763#0.0369#-0.6813#0.0589
48.00:hum1:16.1128#-1.4643#0.9597#0.0863#-1.0848#0.0979
49.00:hum1:17.2278#-1.4132#0.8496#0.0258#-0.5154#0.0526
50.00:hum1:18.2462#-0.7562#0.8071#-0.0078#0.0017#1.3531
51.00:hum1:18.4829#0.3137#0.8215#-0.3088#0.0672#1.3635
52.00:hum1:18.6849#1.5865#0.8161#-0.3008#0.0160#1.5196
53.00:hum1:18.7563#2.9155#0.8069#0.0821#-0.0044#1.5174
54.00:hum1:18.7976#3.6866#0.8161#-0.3008#0.0160#1.5196
55.00:hum1:18.3750#4.6735#0.4025#0.0000#0.0000#-1.5700
56.00:hum1:18.3750#4.6735#0.4025#0.0000#0.0000#-1.5700
57.00:hum1:18.3750#4.6735#0.4025#0.0000#0.0000#-1.5700
58.00:hum1:18.3750#4.6735#0.4025#0.0000#0.0000#-1.5700
59.00:hum1:18.3750#4.6735#0.4025#0.0000#0.0000#-1.5700
60.00:hum1:18.3750#4.6735#0.4025#0.0000#0.0000#-1.5700
61.00:hum1:18.3750#4.6735#0.4025#0.0000#0.0000#-1.5700
62.00:hum1:18.3750#4.6735#0.4025#0.0000#0.0000#-1.5700
63.00:hum1:18.3750#4.6735#0.4025#0.0000#0.0000#-1.5700
64.00:hum1:18.3750#4.6735#0.4025#0.0000#0.0000#-1.5700
65.00:hum1:18.3750#4.6735#0.4025#0.0000#0.0000#-1.5700
66.00:hum1:18.3750#4.6735#0.4025#0.0000#0.0000#-1.5700
67.00:hum1:18.3750#4.6735#0.4025#0.0000#0.0000#-1.5700
68.00:hum1:18.3750#4.6735#0.4025#0.0000#0.0000#-1.5700
69.00:hum1:18.3750#4.6735#0.4025#0.0000#0.0000#-1.5700
70.00:hum1:18.3750#4.6735#0.4025#0.0000#0.0000#-1.5700
71.00:hum1:18.3750#4.6735#0.4025#0.0000#0.0000#-1.5700
72.00:hum1:18.3750#4.6735#0.4025#0.0000#0.0000#-1.5700
73.00:hum1:18.3750#4.6735#0.4025#0.0000#0.0000#-1.5700
74.00:hum1:18.3750#4.6735#0.4025#0.0000#0.0000#-1.5700
75.00:hum1:18.3615#4.1508#0.8044#-0.0070#0.0018#-1.8172
76.00:hum1:18.2219#2.8207#0.8618#-0.5943#0.0384#-1.6271
77.00:hum1:18.1545#1.4897#0.9598#-1.0870#0.0226#-1.5823
78.00:hum1:17.7602#0.5717#0.8721#-0.5642#0.3575#-2.0756
79.00:hum1:17.3048#-0.2883#0.8102#-0.0907#0.0630#-2.1762
80.00:hum1:16.6808#-1.1375#0.8171#0.2258#-0.1511#-2.1505
81.00:hum1:15.9996#-2.1256#0.8204#0.2739#-0.1908#-2.1643
82.00:hum1:15.4924#-3.4675#0.8044#-0.0071#-0.0011#-1.4186
83.00:hum1:15.3934#-4.3027#0.8618#-0.3273#0.5067#-2.5309
84.00:hum1:14.8256#-4.6323#0.8025#0.0000#-0.0000#-2.6155