
2.00:hum1:-6.4000#-1.4250#0.8025#-0.0000#0.0000#-0.0000
3.00:hum1:-6.4000#-1.4250#0.8025#-0.0000#0.0000#-0.0000
4.00:hum1:-6.4000#-1.4250#0.8025#-0.0000#0.0000#-0.0000
5.00:hum1:-6.4000#-1.4250#0.8025#-0.0000#0.0000#-0.0000
6.00:hum1:-6.4000#-1.4250#0.8025#-0.0000#0.0000#-0.0000
7.00:hum1:-6.4000#-1.4250#0.8025#-0.0000#0.0000#-0.0000
8.00:hum1:-6.4000#-1.4250#0.8025#-0.0000#0.0000#-0.0000
9.00:hum1:-6.4000#-1.4250#0.8025#-0.0000#0.0000#-0.0000
10.00:hum1:-6.4000#-1.4250#0.8025#-0.0000#0.0000#-0.0000
11.00:hum1:-6.4000#-1.4250#0.8025#-0.0000#0.0000#-0.0000
12.00:hum1:-6.4000#-1.4250#0.8025#-0.0000#0.0000#-0.0000
13.00:hum1:-6.4000#-1.4250#0.8025#-0.0000#0.0000#-0.0000
14.00:hum1:-5.5351#-1.3417#0.8262#0.0331#-0.3272#0.1029
15.00:hum1:-4.4856#-1.2392#0.9413#0.1514#-0.9972#0.1800
16.00:hum1:-4.4861#-1.2392#0.8374#0.0440#-0.4238#0.1069
17.00:hum1:-4.4861#-1.2392#0.8374#0.0440#-0.4238#0.1069
18.00:hum1:-4.4861#-1.2392#0.8374#0.0440#-0.4238#0.1069
19.00:hum1:-4.4861#-1.2392#0.8374#0.0440#-0.4238#0.1069
20.00:hum1:-4.4861#-1.2392#0.8374#0.0440#-0.4238#0.1069
21.00:hum1:-4.4861#-1.2392#0.8374#0.0440#-0.4238#0.1069
22.00:hum1:-4.4861#-1.2392#0.8374#0.0440#-0.4238#0.1069
23.00:hum1:-4.4861#-1.2392#0.8374#0.0440#-0.4238#0.1069
24.00:hum1:-4.4861#-1.2392#0.8374#0.0440#-0.4238#0.1069
25.00:hum1:-3.5457#-1.4343#0.8102#-0.0192#-0.1087#-0.1747
26.00:hum1:-2.8839#-1.5443#0.8171#0.0386#0.2683#-0.1442
27.00:hum1:-1.8780#-1.1821#0.8204#-0.0526#-0.3284#2.9800
28.00:hum1:-2.1244#-1.6494#0.8044#-0.0012#-0.0071#-0.1695
29.00:hum1:-1.9390#-1.6765#0.8618#-0.0932#-0.5889#-0.1664
30.00:hum1:-2.2612#-1.1220#0.9598#0.2894#1.0642#2.8137
31.00:hum1:-1.9482#-1.6856#0.8721#-0.1594#-0.6406#-0.2624
32.00:hum1:-2.0989#-1.6537#0.8102#-0.0194#-0.1087#-0.1768
33.00:hum1:-2.1900#-1.6342#0.8171#0.0575#0.2650#-0.2161
34.00:hum1:-2.0309#-1.6517#0.8153#0.0150#0.2466#-0.0611
35.00:hum1:-0.8104#-1.7168#0.8244#0.0150#0.3633#-0.0419
36.00:hum1:-0.4945#-1.2288#0.8044#0.0003#0.0072#3.1008
37.00:hum1:-0.4945#-1.2288#0.8044#0.0003#0.0072#3.1008
38.00:hum1:-0.4945#-1.2288#0.8044#0.0003#0.0072#3.1008
39.00:hum1:-0.4945#-1.2288#0.8044#0.0003#0.0072#3.1008
40.00:hum1:-0.4945#-1.2288#0.8044#0.0003#0.0072#3.1008
41.00:hum1:-0.4945#-1.2288#0.8044#0.0003#0.0072#3.1008
42.00:hum1:-0.4945#-1.2288#0.8044#0.0003#0.0072#3.1008
43.00:hum1:0.3509#-1.5748#0.8120#-0.0482#0.2658#0.1819
44.00:hum1:0.9102#-0.9680#0.8115#-0.0287#0.1594#-2.9625
45.00:hum1:1.2167#-1.4282#0.8908#0.1294#-0.7531#0.1884
46.00:hum1:0.7709#-0.9784#0.9484#-0.1776#1.0275#-2.9346
47.00:hum1:0.9367#-0.9492#0.8374#0.0328#0.4248#3.0625
48.00:hum1:1.0842#-0.9614#0.8081#-0.0124#-0.1274#3.0445
49.00:hum1:1.1989#-0.9791#0.8281#-0.0530#-0.3674#2.9952
50.00:hum1:1.1495#-0.9826#0.8120#-0.0653#-0.2622#2.8947
51.00:hum1:1.6850#-1.4014#0.8161#-0.0301#0.2998#0.1019
52.00:hum1:2.9511#-1.4914#0.8069#-0.0103#-0.0815#-0.1257
53.00:hum1:3.3190#-1.5419#0.8763#-0.1206#-0.6731#-0.1916
54.00:hum1:2.9903#-0.9846#0.9597#0.2906#1.0636#2.8123
55.00:hum1:3.2339#-1.5316#0.8496#-0.1001#-0.5070#-0.2037
56.00:hum1:3.2837#-1.0359#0.8071#-0.0020#-0.0078#2.8938
57.00:hum1:3.3344#-1.0492#0.8215#-0.0813#-0.3055#2.8773
58.00:hum1:3.3792#-1.0659#0.8161#-0.0889#-0.2882#2.8382
59.00:hum1:3.3586#-1.5155#0.8204#-0.0411#0.3300#0.1266
60.00:hum1:4.5330#-1.5000#0.8044#-0.0031#-0.0065#-0.4456
61.00:hum1:5.5787#-1.5977#0.8618#0.0391#-0.5943#0.0700
62.00:hum1:6.8975#-1.5279#0.9598#0.0965#-1.0847#0.1094
63.00:hum1:6.9376#-1.5257#0.8081#-0.0065#0.1279#0.0516
64.00:hum1:6.9376#-1.5257#0.8081#-0.0065#0.1279#0.0516
65.00:hum1:6.9376#-1.5257#0.8081#-0.0065#0.1279#0.0516
66.00:hum1:6.9376#-1.5257#0.8081#-0.0065#0.1279#0.0516
67.00:hum1:6.9376#-1.5257#0.8081#-0.0065#0.1279#0.0516
68.00:hum1:6.9376#-1.5257#0.8081#-0.0065#0.1279#0.0516
69.00:hum1:6.9376#-1.5257#0.8081#-0.0065#0.1279#0.0516
70.00:hum1:7.6350#-1.5894#0.8618#-0.0723#-0.5915#-0.1288
71.00:hum1:8.9630#-1.6927#0.9598#-0.1279#-1.0829#-0.1443
72.00:hum1:9.2696#-1.7114#0.8721#-0.0423#-0.6562#-0.0690
73.00:hum1:9.1698#-1.2059#0.8102#0.0120#0.1097#3.0323
74.00:hum1:9.2706#-1.2241#0.8171#-0.0494#-0.2666#2.9562
75.00:hum1:9.2906#-1.2273#0.8204#-0.0600#-0.3272#2.9570
76.00:hum1:9.2229#-1.2169#0.8044#0.0015#0.0070#2.9254
77.00:hum1:9.0616#-1.1743#0.8618#0.1772#0.5715#2.8223
78.00:hum1:9.3434#-1.6448#0.8466#0.0986#-0.4854#0.2093
79.00:hum1:10.5008#-1.5691#0.9377#-0.4082#-0.9287#-0.4948
80.00:hum1:10.9539#-1.7058#0.9191#-0.3582#-0.8468#-0.4630
81.00:hum1:10.8697#-1.1545#0.8168#0.0745#0.2131#2.8026
82.00:hum1:11.0424#-1.2161#0.8153#-0.0859#-0.2319#2.7835
83.00:hum1:11.0550#-1.2265#0.8244#-0.1437#-0.3352#2.7274
84.00:hum1:10.6523#-1.5769#0.8048#0.0365#0.0453#-0.6780
85.00:hum1:10.9315#-1.1557#0.8466#0.3384#0.3679#2.3674
86.00:hum1:10.8416#-1.7488#0.9377#-0.8013#-0.6599#-1.0345
87.00:hum1:10.8613#-1.0783#0.9191#0.7227#0.5967#2.1384
88.00:hum1:10.6768#-1.6047#0.8168#-0.1821#-0.1339#-0.9431
89.00:hum1:10.5688#-1.4547#0.8153#0.2029#0.1418#-0.9687
90.00:hum1:11.1539#-1.6891#0.8116#-0.0080#0.1945#0.0417
91.00:hum1:12.2814#-1.1794#0.8267#-0.0557#-0.3688#2.9884
92.00:hum1:12.1607#-1.1653#0.8067#-0.0324#-0.1526#2.9319
93.00:hum1:12.0620#-1.1428#0.8273#0.0819#0.3318#2.8950
94.00:hum1:12.1941#-1.6944#0.9141#-0.3055#-0.8374#-0.4011
95.00:hum1:11.9678#-1.0885#0.9413#0.5442#0.8930#2.4814
96.00:hum1:12.0899#-1.1367#0.8262#0.1393#0.2988#2.6975
97.00:hum1:12.2617#-1.2185#0.8116#-0.0880#-0.1738#2.6700
98.00:hum1:12.7121#-1.6073#0.8081#-0.0151#0.1271#0.1186
99.00:hum1:13.7821#-1.6571#0.8281#0.0465#0.3682#-0.1282
100.00:hum1:15.1067#-1.6652#0.8120#-0.0065#0.2699#0.0246
101.00:hum1:15.3227#-1.6609#0.8115#0.0004#-0.1620#0.0029
102.00:hum1:15.4462#-1.6718#0.8908#-0.0596#-0.7601#-0.0861
103.00:hum1:15.0989#-1.1423#0.9484#0.1591#1.0294#2.9568
104.00:hum1:15.4650#-1.6019#0.8374#0.1880#-0.3845#0.4698
105.00:hum1:15.3310#-1.6625#0.8081#-0.0515#0.1173#0.4151
106.00:hum1:15.2210#-1.7025#0.8281#-0.1390#0.3451#0.3924
107.00:hum1:15.1752#-1.6384#0.8215#0.0497#0.3120#-0.1602
108.00:hum1:16.3402#-1.8079#0.8244#0.0259#0.3627#-0.0725
109.00:hum1:16.3402#-1.8079#0.8244#0.0259#0.3627#-0.0725
110.00:hum1:16.3402#-1.8079#0.8244#0.0259#0.3627#-0.0725
111.00:hum1:16.3402#-1.8079#0.8244#0.0259#0.3627#-0.0725
112.00:hum1:16.3402#-1.8079#0.8244#0.0259#0.3627#-0.0725
113.00:hum1:16.3402#-1.8079#0.8244#0.0259#0.3627#-0.0725
114.00:hum1:16.3402#-1.8079#0.8244#0.0259#0.3627#-0.0725
115.00:hum1:16.3402#-1.8079#0.8244#0.0259#0.3627#-0.0725
116.00:hum1:16.6817#-1.7872#0.8161#-0.2415#0.1819#0.9376
117.00:hum1:17.1817#-1.1368#0.9484#0.9301#-0.5525#1.1981
118.00:hum1:17.7403#-1.3774#0.8374#-0.0917#-0.4166#-0.2231
119.00:hum1:18.7039#-1.5776#0.8081#0.0263#0.1253#-0.2068
120.00:hum1:18.8995#-1.6182#0.8204#0.0703#0.3252#-0.2167
121.00:hum1:19.1461#-1.6696#0.8048#0.0119#0.0570#-0.2054