
1.00:hum1:-6.4000#-1.4250#0.8025#-0.0000#0.0000#-0.0000
2.00:hum1:-6.4000#-1.4250#0.8025#-0.0000#0.0000#-0.0000
3.00:hum1:-6.4000#-1.4250#0.8025#-0.0000#0.0000#-0.0000
4.00:hum1:-6.4000#-1.4250#0.8025#-0.0000#0.0000#-0.0000
5.00:hum1:-6.4000#-1.4250#0.8025#-0.0000#0.0000#-0.0000
6.00:hum1:-6.4000#-1.4250#0.8025#-0.0000#0.0000#-0.0000
7.00:hum1:-6.4000#-1.4250#0.8025#-0.0000#0.0000#-0.0000
8.00:hum1:-6.4000#-1.4250#0.8025#-0.0000#0.0000#-0.0000
9.00:hum1:-6.4000#-1.4250#0.8025#-0.0000#0.0000#-0.0000
10.00:hum1:-6.4000#-1.4250#0.8025#-0.0000#0.0000#-0.0000
11.00:hum1:-6.4000#-1.4250#0.8025#-0.0000#0.0000#-0.0000
12.00:hum1:-6.4000#-1.4250#0.8025#-0.0000#0.0000#-0.0000
13.00:hum1:-6.4000#-1.4250#0.8025#-0.0000#0.0000#-0.0000
14.00:hum1:-6.1284#-1.4656#0.8115#-0.0228#-0.1604#-0.1413
15.00:hum1:-4.8348#-1.6572#0.8908#-0.1453#-0.7508#-0.2110
16.00:hum1:-4.5512#-1.7011#0.8721#-0.1178#-0.6483#-0.1933
17.00:hum1:-4.5601#-1.6997#0.8374#-0.0695#-0.4206#-0.1685
18.00:hum1:-3.9374#-1.7962#0.8466#-0.0825#-0.4882#-0.1742
19.00:hum1:-2.6473#-1.9960#0.9377#-0.2290#-0.9710#-0.2748
20.00:hum1:-1.4256#-2.1852#0.9191#-0.1915#-0.8868#-0.2448
21.00:hum1:-0.4139#-2.3419#0.8168#-0.0352#-0.2229#-0.1576
22.00:hum1:0.5729#-2.4947#0.8153#0.0387#0.2440#-0.1584
23.00:hum1:1.7759#-2.6810#0.8244#0.0583#0.3591#-0.1643
24.00:hum1:3.0944#-2.8853#0.8048#0.0089#0.0575#-0.1539
25.00:hum1:4.3763#-3.0838#0.8466#-0.0825#-0.4882#-0.1742
26.00:hum1:4.8502#-3.1572#0.8267#0.0599#0.3682#-0.1648
27.00:hum1:5.0071#-3.2034#0.8204#-0.0614#0.3269#0.1893
28.00:hum1:5.0071#-3.2034#0.8204#-0.0614#0.3269#0.1893
29.00:hum1:5.0071#-3.2034#0.8204#-0.0614#0.3269#0.1893
30.00:hum1:5.0071#-3.2034#0.8204#-0.0614#0.3269#0.1893
31.00:hum1:5.0071#-3.2034#0.8204#-0.0614#0.3269#0.1893
32.00:hum1:5.0071#-3.2034#0.8204#-0.0614#0.3269#0.1893
33.00:hum1:5.0071#-3.2034#0.8204#-0.0614#0.3269#0.1893
34.00:hum1:5.0071#-3.2034#0.8204#-0.0614#0.3269#0.1893
35.00:hum1:5.9067#-3.1474#0.8281#-0.0154#0.3707#0.0427
36.00:hum1:6.7004#-3.1118#0.8120#-0.0265#0.2687#0.0997
37.00:hum1:7.4708#-3.0380#0.8115#0.0140#-0.1614#0.0871
38.00:hum1:7.5843#-3.0464#0.8908#-0.0202#-0.7618#-0.0289
39.00:hum1:7.2169#-2.5308#0.9484#0.0995#1.0340#3.0263
40.00:hum1:7.4776#-3.0483#0.8374#-0.0323#-0.4248#-0.0779
41.00:hum1:7.3262#-3.0351#0.8081#0.0144#0.1272#-0.1125
42.00:hum1:7.2082#-3.0125#0.8281#0.0649#0.3656#-0.1794
43.00:hum1:7.2798#-3.0243#0.8120#0.0471#0.2660#-0.1773
44.00:hum1:7.4947#-2.5558#0.8044#0.0015#0.0070#2.9276
45.00:hum1:8.3994#-2.3046#0.8069#0.0524#-0.0633#0.6927
46.00:hum1:9.0918#-1.7320#0.8067#-0.0999#0.1201#0.6971
47.00:hum1:9.6663#-1.2568#0.9191#0.6781#-0.6491#0.9273
48.00:hum1:10.4638#-0.5972#0.9413#0.7866#-0.7082#0.9955
49.00:hum1:11.2718#0.0713#0.8262#0.2140#-0.2515#0.7183
50.00:hum1:12.0910#0.7488#0.8721#0.4571#-0.4904#0.8074
51.00:hum1:11.7808#0.5903#0.8374#-0.2625#-0.3395#-0.6787
52.00:hum1:11.8736#0.5301#0.8244#0.2115#0.2981#-0.6310
53.00:hum1:12.9795#-0.2198#0.8048#0.0325#0.0483#-0.5917
54.00:hum1:13.9790#-0.7781#0.8466#-0.2431#-0.4351#-0.5315
55.00:hum1:15.1829#-1.3220#0.9377#-0.5494#-0.8704#-0.6748
56.00:hum1:16.3145#-1.8197#0.9191#-0.4711#-0.8007#-0.6168
57.00:hum1:16.2961#-1.8115#0.8215#0.1309#0.2882#-0.4334
58.00:hum1:16.6996#-1.8717#0.8267#-0.3162#0.2009#1.0234
59.00:hum1:16.6996#-1.8717#0.8267#-0.3162#0.2009#1.0234
60.00:hum1:16.6996#-1.8717#0.8267#-0.3162#0.2009#1.0234
61.00:hum1:16.6996#-1.8717#0.8267#-0.3162#0.2009#1.0234
62.00:hum1:16.6996#-1.8717#0.8267#-0.3162#0.2009#1.0234
63.00:hum1:16.6996#-1.8717#0.8267#-0.3162#0.2009#1.0234
64.00:hum1:16.6996#-1.8717#0.8267#-0.3162#0.2009#1.0234
65.00:hum1:16.6996#-1.8717#0.8267#-0.3162#0.2009#1.0234
66.00:hum1:16.9288#-1.5218#0.8069#0.0688#-0.0450#0.9928
67.00:hum1:17.4798#-1.3888#0.8763#-0.2921#-0.6257#-0.4741
68.00:hum1:18.8232#-1.6745#0.9597#-0.2448#-1.0706#-0.2770
69.00:hum1:18.8650#-1.6799#0.8171#0.0365#0.2686#-0.1364