
2.00:-4.8099#-1.1623#0.2401#-0.0001#-0.0025#-0.0001
3.00:-4.8100#-1.1623#0.2401#-0.0001#-0.0024#-0.0001
4.00:-4.8100#-1.1623#0.2401#-0.0001#-0.0022#-0.0001
5.00:-4.8102#-1.1623#0.2401#-0.0001#-0.0025#-0.0002
6.00:-4.8103#-1.1623#0.2401#-0.0001#-0.0023#-0.0002
7.00:-4.8104#-1.1623#0.2401#-0.0001#-0.0025#-0.0002
8.00:-4.8105#-1.1623#0.2401#-0.0001#-0.0025#-0.0001
9.00:-4.8106#-1.1623#0.2401#-0.0001#-0.0023#-0.0002
10.00:-4.8106#-1.1624#0.2401#-0.0001#-0.0021#-0.0002
11.00:-4.8108#-1.1624#0.2401#-0.0001#-0.0022#-0.0003
12.00:-4.5452#-1.1663#0.2401#-0.0002#-0.0030#-0.0461
13.00:-4.1194#-1.3650#0.2401#-0.0014#-0.0009#-0.9688
14.00:-4.0607#-1.4250#0.2401#-0.0015#-0.0014#-0.7889
15.00:-3.9773#-1.4695#0.2401#-0.0011#-0.0019#-0.4976
16.00:-3.8847#-1.4887#0.2401#-0.0005#-0.0021#-0.2096
17.00:-3.7244#-1.4807#0.2401#0.0000#-0.0020#0.0416
18.00:-2.6994#-1.4502#0.2401#-0.0000#-0.0016#0.0275
19.00:-1.5341#-1.4180#0.2401#-0.0001#-0.0016#0.0276
20.00:-0.3687#-1.3856#0.2401#-0.0000#-0.0014#0.0278
21.00:0.7966#-1.3531#0.2401#-0.0000#-0.0015#0.0278
22.00:1.9620#-1.3207#0.2401#-0.0000#-0.0015#0.0278
23.00:3.1313#-1.2880#0.2401#0.0000#-0.0015#0.0281
24.00:4.2965#-1.2552#0.2401#-0.0000#-0.0015#0.0283
25.00:5.4619#-1.2226#0.2400#-0.0000#-0.0013#0.0278
26.00:6.6271#-1.1903#0.2400#0.0001#-0.0014#0.0277
27.00:7.7962#-1.1580#0.2401#-0.0001#-0.0017#0.0276
28.00:8.9616#-1.1258#0.2401#0.0000#-0.0016#0.0275
29.00:9.5295#-1.1079#0.2401#-0.0000#-0.0015#0.0432
30.00:9.5294#-1.1079#0.2401#-0.0000#-0.0014#0.0432
31.00:9.5294#-1.1079#0.2401#-0.0000#-0.0014#0.0431
32.00:9.5293#-1.1079#0.2401#-0.0000#-0.0014#0.0431
33.00:9.5292#-1.1079#0.2401#-0.0000#-0.0015#0.0430
34.00:9.5291#-1.1079#0.2401#-0.0000#-0.0014#0.0430
35.00:9.5291#-1.1079#0.2401#-0.0000#-0.0014#0.0431
36.00:9.5290#-1.1079#0.2401#-0.0000#-0.0015#0.0430
37.00:9.5288#-1.1079#0.2401#-0.0000#-0.0016#0.0430
38.00:9.5288#-1.1079#0.2401#-0.0000#-0.0015#0.0429
39.00:9.5287#-1.1079#0.2401#-0.0000#-0.0015#0.0431
40.00:9.5286#-1.1079#0.2401#-0.0000#-0.0016#0.0431
41.00:9.5285#-1.1080#0.2401#0.0000#-0.0017#0.0431
42.00:9.5284#-1.1080#0.2401#0.0000#-0.0017#0.0430
43.00:9.5283#-1.1080#0.2401#-0.0000#-0.0015#0.0430
44.00:9.5282#-1.1080#0.2401#0.0000#-0.0017#0.0430
45.00:9.5282#-1.1080#0.2401#-0.0000#-0.0015#0.0431
46.00:9.7549#-1.1005#0.2401#-0.0000#-0.0021#0.0278
47.00:10.8789#-1.0872#0.2401#-0.0001#-0.0014#0.0106
48.00:12.0447#-1.0746#0.2401#-0.0001#-0.0013#0.0111
49.00:13.2144#-1.0615#0.2401#-0.0001#-0.0014#0.0113
50.00:14.3801#-1.0484#0.2401#-0.0000#-0.0015#0.0109
51.00:15.1799#-1.0376#0.2400#-0.0000#-0.0012#0.0268
52.00:15.2013#-1.0523#0.2401#-0.0006#-0.0023#-0.2206
53.00:16.0176#-1.3050#0.2401#-0.0005#-0.0015#-0.3074
54.00:16.5813#-1.4737#0.2401#-0.0004#-0.0016#-0.2221
55.00:16.7689#-1.4681#0.2401#-0.0000#-0.0019#0.0209
56.00:17.8221#-1.4701#0.2401#-0.0001#-0.0016#-0.0053
57.00:18.9918#-1.4760#0.2401#-0.0001#-0.0016#-0.0051
58.00:19.8416#-1.4758#0.2400#0.0001#-0.0009#0.0280
59.00:19.8550#-1.4745#0.2401#-0.0000#-0.0016#0.0378
60.00:19.8549#-1.4746#0.2401#-0.0000#-0.0016#0.0377
61.00:19.8549#-1.4746#0.2401#-0.0000#-0.0016#0.0378
62.00:19.8548#-1.4746#0.2401#-0.0000#-0.0016#0.0377
63.00:19.8547#-1.4746#0.2401#-0.0000#-0.0017#0.0379
64.00:19.8547#-1.4746#0.2401#-0.0000#-0.0014#0.0379
65.00:19.8546#-1.4746#0.2401#-0.0000#-0.0014#0.0378
66.00:19.8544#-1.4746#0.2401#-0.0000#-0.0017#0.0379
67.00:19.8544#-1.4746#0.2401#-0.0000#-0.0016#0.0379
68.00:19.8543#-1.4746#0.2401#-0.0000#-0.0016#0.0379
69.00:19.8543#-1.4746#0.2401#-0.0000#-0.0014#0.0379