
1.00:hum1:3.8000#2.2500#0.8025#-0.0000#-0.0000#-1.5708
2.00:hum1:3.8000#2.2500#0.8025#-0.0000#-0.0000#-1.5708
3.00:hum1:3.8000#2.2500#0.8025#-0.0000#-0.0000#-1.5708
4.00:hum1:3.8000#2.2500#0.8025#-0.0000#-0.0000#-1.5708
5.00:hum1:3.8000#2.2500#0.8025#-0.0000#-0.0000#-1.5708
6.00:hum1:3.8000#2.2500#0.8025#-0.0000#-0.0000#-1.5708
7.00:hum1:4.7675#1.7130#0.8496#-0.1973#-0.4800#-0.4081
8.00:hum1:5.5887#1.3266#0.8025#0.0000#0.0000#-0.4464
9.00:hum1:5.9030#1.1832#0.8025#0.0000#0.0000#-0.4278
10.00:hum1:6.3773#0.9703#0.8025#0.0000#0.0000#-0.4219
11.00:hum1:8.3226#0.2731#0.9141#-0.3470#-0.8246#-0.4574
12.00:hum1:11.0913#-0.5774#0.8025#0.0000#0.0000#-0.2330
13.00:hum1:13.5623#-1.1864#0.8115#-0.0299#-0.1592#-0.1860
14.00:hum1:13.9170#1.2555#0.8025#-0.0000#-0.0000#1.7472
15.00:hum1:14.8537#2.2089#0.9413#-0.4301#-0.9395#-0.5164
16.00:hum1:16.4900#1.7107#0.8025#0.0000#0.0000#-0.2956
17.00:hum1:16.7626#2.1922#0.8025#-0.0000#-0.0000#2.5879
18.00:hum1:16.4190#1.5961#0.8025#0.0000#0.0000#-1.4691
19.00:hum1:16.7671#1.6775#0.8025#-0.0000#-0.0000#2.4092
20.00:hum1:16.4065#1.0315#0.8025#0.0000#0.0000#-1.4443
21.00:hum1:16.0592#2.0262#0.8374#0.3131#0.2937#2.3007
22.00:hum1:16.6637#3.8908#0.8025#-0.0000#0.0000#0.9048
23.00:hum1:16.2964#3.3628#0.8025#0.0000#0.0000#-1.4525
24.00:hum1:16.4464#3.6516#0.8025#-0.0000#-0.0000#3.0564
25.00:hum1:15.0498#3.3724#0.8244#-0.0253#0.3628#0.0715
26.00:hum1:16.4877#3.4686#0.8025#-0.0000#0.0000#0.0669
27.00:hum1:16.4877#3.4686#0.8025#-0.0000#0.0000#0.0669
28.00:hum1:16.4877#3.4686#0.8025#-0.0000#0.0000#0.0669
29.00:hum1:16.4877#3.4686#0.8025#-0.0000#0.0000#0.0669
30.00:hum1:16.4877#3.4686#0.8025#-0.0000#0.0000#0.0669
31.00:hum1:16.4877#3.4686#0.8025#-0.0000#0.0000#0.0669
32.00:hum1:16.2217#3.6357#0.8025#0.0000#0.0000#-1.5612
33.00:hum1:16.1160#2.9918#0.8067#0.1557#-0.0098#-1.6329
34.00:hum1:16.0513#2.1402#0.8204#0.3312#-0.0288#-1.6539
35.00:hum1:15.9423#1.1815#0.8025#0.0000#-0.0000#-1.6417
36.00:hum1:15.8264#0.8883#0.8496#0.1369#0.4991#2.8618
37.00:hum1:15.0492#0.9148#0.8025#0.0000#-0.0000#-3.0777
38.00:hum1:13.9883#0.8753#0.8763#-0.0405#0.6812#-3.0770
39.00:hum1:13.5417#0.8970#0.8204#-0.0085#-0.3323#3.1158
40.00:hum1:12.5578#0.8712#0.8025#0.0000#-0.0000#-3.0703
41.00:hum1:12.0802#0.1264#0.8025#0.0000#0.0000#-1.2904
42.00:hum1:11.9824#0.2939#0.8025#0.0000#-0.0000#-3.0921
43.00:hum1:10.9826#0.2687#0.8115#-0.0054#0.1619#-3.1077
44.00:hum1:10.2806#0.2733#0.8025#0.0000#-0.0000#-3.0913
45.00:hum1:9.3803#0.2643#0.8721#-0.0448#0.6561#-3.0679
46.00:hum1:8.5628#0.2665#0.9141#-0.0876#0.8752#-3.0273
47.00:hum1:7.8575#0.2633#0.8069#-0.0066#0.0819#-3.0608
48.00:hum1:6.8541#0.2113#0.8044#-0.0006#0.0072#-3.0589
49.00:hum1:5.5587#0.1335#0.8618#-0.0679#0.5920#-3.0200
50.00:hum1:4.2387#0.0272#0.9598#-0.2147#1.0748#-2.8982
51.00:hum1:3.0761#-0.1022#0.8721#-0.0954#0.6514#-2.9847
52.00:hum1:2.0598#-0.2052#0.8102#-0.0172#0.1090#-2.9848
53.00:hum1:1.0115#-0.3634#0.8171#0.0468#-0.2671#-2.9657
54.00:hum1:0.6694#-0.4176#0.8025#0.0000#-0.0000#-3.0479
55.00:hum1:0.5932#-0.4267#0.8025#0.0000#-0.0000#-3.0222
56.00:hum1:0.5494#-0.4321#0.8025#0.0000#-0.0000#-3.0185
57.00:hum1:0.5091#-0.4371#0.8025#0.0000#-0.0000#-3.0163
58.00:hum1:0.4694#-0.4421#0.8025#0.0000#-0.0000#-3.0162
59.00:hum1:0.3486#-0.4578#0.8025#0.0000#-0.0000#-3.0121
60.00:hum1:-0.1005#-0.5193#0.8267#0.0531#-0.3692#-2.9951
61.00:hum1:-1.0388#-0.6774#0.8071#0.0013#-0.0079#-2.9820
62.00:hum1:-2.0965#-0.8477#0.8102#-0.0176#0.1090#-2.9810
63.00:hum1:-3.1254#-1.0133#0.8025#0.0000#-0.0000#-2.9820
64.00:hum1:-3.1254#-1.0133#0.8025#0.0000#-0.0000#-2.9820
65.00:hum1:-3.1254#-1.0133#0.8025#0.0000#-0.0000#-2.9820
66.00:hum1:-3.1254#-1.0133#0.8025#0.0000#-0.0000#-2.9820
67.00:hum1:-3.1254#-1.0133#0.8025#0.0000#-0.0000#-2.9820
68.00:hum1:-3.1254#-1.0133#0.8025#0.0000#-0.0000#-2.9820
69.00:hum1:-3.1254#-1.0133#0.8025#0.0000#-0.0000#-2.9820
70.00:hum1:-3.1254#-1.0133#0.8025#0.0000#-0.0000#-2.9820
71.00:hum1:-3.1254#-1.0133#0.8025#0.0000#-0.0000#-2.9820
72.00:hum1:-3.1254#-1.0133#0.8025#0.0000#-0.0000#-2.9820