
1.00:hum1:-0.2750#-0.5250#0.8025#-0.0000#0.0000#-0.0000
2.00:hum1:-0.2750#-0.5250#0.8025#-0.0000#0.0000#-0.0000
3.00:hum1:-0.2750#-0.5250#0.8025#-0.0000#0.0000#-0.0000
4.00:hum1:-0.2750#-0.5250#0.8025#-0.0000#0.0000#-0.0000
5.00:hum1:-0.2750#-0.5250#0.8025#-0.0000#0.0000#-0.0000
6.00:hum1:-0.1593#-0.6555#0.8115#-0.0915#-0.1339#-0.6019
7.00:hum1:0.1969#-0.8970#0.9598#-0.8187#-0.8222#-0.9696
8.00:hum1:0.1969#-0.8970#0.9598#-0.8187#-0.8222#-0.9696
9.00:hum1:0.0363#-0.7881#0.8025#0.0000#0.0000#-0.5958
10.00:hum1:0.0363#-0.7881#0.8025#0.0000#0.0000#-0.5958
11.00:hum1:0.0363#-0.7881#0.8025#0.0000#0.0000#-0.5958
12.00:hum1:0.3400#-0.8849#0.8153#0.0664#0.2381#-0.2744
13.00:hum1:1.5525#-1.1363#0.8244#0.0660#0.3578#-0.1862
14.00:hum1:2.5186#-1.3028#0.8025#0.0000#0.0000#-0.1451
15.00:hum1:2.5186#-1.3028#0.8025#0.0000#0.0000#-0.1451
16.00:hum1:2.5186#-1.3028#0.8025#0.0000#0.0000#-0.1451
17.00:hum1:2.5186#-1.3028#0.8025#0.0000#0.0000#-0.1451
18.00:hum1:2.5186#-1.3028#0.8025#0.0000#0.0000#-0.1451
19.00:hum1:2.5186#-1.3028#0.8025#0.0000#0.0000#-0.1451
20.00:hum1:2.5186#-1.3028#0.8025#0.0000#0.0000#-0.1451
21.00:hum1:2.5186#-1.3028#0.8025#0.0000#0.0000#-0.1451
22.00:hum1:2.5186#-1.3028#0.8025#0.0000#0.0000#-0.1451
23.00:hum1:2.5186#-1.3028#0.8025#0.0000#0.0000#-0.1451
24.00:hum1:2.5186#-1.3028#0.8025#0.0000#0.0000#-0.1451
25.00:hum1:2.5186#-1.3028#0.8025#0.0000#0.0000#-0.1451
26.00:hum1:2.5186#-1.3028#0.8025#0.0000#0.0000#-0.1451
27.00:hum1:2.8842#-1.3459#0.8048#0.0068#0.0578#-0.1175
28.00:hum1:4.2047#-1.3959#0.8466#-0.0058#-0.4945#-0.0119
29.00:hum1:5.5211#-1.3870#0.9377#0.0522#-0.9879#0.0629
30.00:hum1:6.7634#-1.3702#0.9191#0.0822#-0.8989#0.1052
31.00:hum1:7.6788#-1.3101#0.8025#-0.0000#0.0000#0.0655
32.00:hum1:7.6788#-1.3101#0.8025#-0.0000#0.0000#0.0655
33.00:hum1:7.6788#-1.3101#0.8025#-0.0000#0.0000#0.0655
34.00:hum1:8.4318#-1.2929#0.8466#0.0492#-0.4923#0.1042
35.00:hum1:9.7319#-1.1841#0.9377#0.1360#-0.9826#0.1633
36.00:hum1:10.2206#-1.1397#0.8067#-0.0142#0.1554#0.0915
37.00:hum1:10.2206#-1.1397#0.8067#-0.0142#0.1554#0.0915
38.00:hum1:10.5319#-1.1928#0.8763#-0.1749#-0.6629#-0.2793
39.00:hum1:11.7548#-1.4373#0.9597#-0.7041#-0.9141#-0.8200
40.00:hum1:12.9611#-1.5580#0.8496#-0.0658#-0.5121#-0.1334
41.00:hum1:13.2537#-1.5921#0.8025#0.0000#0.0000#-0.1162
42.00:hum1:13.2537#-1.5921#0.8025#0.0000#0.0000#-0.1162
43.00:hum1:13.2537#-1.5921#0.8025#0.0000#0.0000#-0.1162
44.00:hum1:13.2537#-1.5921#0.8025#0.0000#0.0000#-0.1162
45.00:hum1:13.2537#-1.5921#0.8025#0.0000#0.0000#-0.1162
46.00:hum1:13.2537#-1.5921#0.8025#0.0000#0.0000#-0.1162
47.00:hum1:13.2537#-1.5921#0.8025#0.0000#0.0000#-0.1162
48.00:hum1:13.2537#-1.5921#0.8025#0.0000#0.0000#-0.1162
49.00:hum1:13.2537#-1.5921#0.8025#0.0000#0.0000#-0.1162
50.00:hum1:13.0190#-2.1045#0.8721#-0.6573#0.0109#-1.5846
51.00:hum1:14.0673#-2.7061#0.8102#0.0315#-0.1058#0.2902
52.00:hum1:15.0810#-2.4052#0.8171#-0.0788#0.2596#0.2988
53.00:hum1:16.2370#-2.0621#0.8204#-0.0978#0.3182#0.3042
54.00:hum1:16.4812#-1.9896#0.8025#-0.0000#0.0000#0.2885
55.00:hum1:16.5702#-1.9632#0.8025#-0.0000#0.0000#0.2885
56.00:hum1:17.1357#-1.7953#0.8281#-0.1101#0.3550#0.3083
57.00:hum1:18.2729#-1.0035#0.8120#-0.2311#0.1409#1.0330
58.00:hum1:18.5732#0.3574#0.8115#0.1597#-0.0272#1.4039
59.00:hum1:18.7292#1.6891#0.8908#0.7616#-0.0282#1.5416
60.00:hum1:18.7818#2.9834#0.9484#1.0366#-0.0352#1.5503
61.00:hum1:18.8258#4.0688#0.9413#1.0042#-0.0345#1.5492
62.00:hum1:18.8258#4.0683#0.8374#0.4257#-0.0169#1.5339
63.00:hum1:18.3750#4.6735#0.4025#0.0000#0.0000#-1.5700
64.00:hum1:18.3750#4.6735#0.4025#0.0000#0.0000#-1.5700
65.00:hum1:18.3750#4.6735#0.4025#0.0000#0.0000#-1.5700
66.00:hum1:18.3750#4.6735#0.4025#0.0000#0.0000#-1.5700
67.00:hum1:18.3750#4.6735#0.4025#0.0000#0.0000#-1.5700
68.00:hum1:18.3750#4.6735#0.4025#0.0000#0.0000#-1.5700
69.00:hum1:18.3750#4.6735#0.4025#0.0000#0.0000#-1.5700
70.00:hum1:18.3750#4.6735#0.4025#0.0000#0.0000#-1.5700
71.00:hum1:18.3750#4.6735#0.4025#0.0000#0.0000#-1.5700
72.00:hum1:18.3750#4.6735#0.4025#0.0000#0.0000#-1.5700
73.00:hum1:18.3750#4.6735#0.4025#0.0000#0.0000#-1.5700
74.00:hum1:18.3750#4.6735#0.4025#0.0000#0.0000#-1.5700
75.00:hum1:18.3750#4.6735#0.4025#0.0000#0.0000#-1.5700
76.00:hum1:18.3750#4.6735#0.4025#0.0000#0.0000#-1.5700
77.00:hum1:18.3750#4.6735#0.4025#0.0000#0.0000#-1.5700
78.00:hum1:18.3750#4.6735#0.4025#0.0000#0.0000#-1.5700
79.00:hum1:18.3750#4.6735#0.4025#0.0000#0.0000#-1.5700
80.00:hum1:18.3750#4.6735#0.4025#0.0000#0.0000#-1.5700
81.00:hum1:18.3750#4.6735#0.4025#0.0000#0.0000#-1.5700
82.00:hum1:18.3750#4.6735#0.4025#0.0000#0.0000#-1.5700
83.00:hum1:18.2543#3.0592#0.9191#-0.8993#0.0753#-1.6302
84.00:hum1:18.1370#2.0367#0.8168#-0.2251#0.0155#-1.6380
85.00:hum1:18.0553#1.0461#0.8153#0.2461#-0.0210#-1.6537
86.00:hum1:17.8777#0.0844#0.8244#0.2390#-0.2767#-2.4128
87.00:hum1:16.9108#-0.8985#0.8048#0.0486#-0.0320#-2.1527
88.00:hum1:16.5426#-1.4516#0.9413#-0.9161#0.4928#-1.9188
89.00:hum1:15.9553#-2.3208#0.8262#-0.2755#0.1817#-2.1393
90.00:hum1:15.5840#-3.1933#0.8116#0.1593#-0.1123#-2.1794
91.00:hum1:14.9729#-4.1252#0.8025#0.0000#-0.0000#-2.2335
92.00:hum1:14.9729#-4.1252#0.8025#0.0000#-0.0000#-2.2335