
1.00:hum1:-0.2750#-0.5250#0.8025#-0.0000#0.0000#-0.0000
2.00:hum1:-0.2750#-0.5250#0.8025#-0.0000#0.0000#-0.0000
3.00:hum1:-0.2750#-0.5250#0.8025#-0.0000#0.0000#-0.0000
4.00:hum1:-0.2750#-0.5250#0.8025#-0.0000#0.0000#-0.0000
5.00:hum1:-0.2750#-0.5250#0.8025#-0.0000#0.0000#-0.0000
6.00:hum1:-0.2750#-0.5250#0.8025#-0.0000#0.0000#-0.0000
7.00:hum1:-0.2750#-0.5250#0.8025#-0.0000#0.0000#-0.0000
8.00:hum1:-0.2750#-0.5250#0.8025#-0.0000#0.0000#-0.0000
9.00:hum1:-0.2750#-0.5250#0.8025#-0.0000#0.0000#-0.0000
10.00:hum1:-0.2750#-0.5250#0.8025#-0.0000#0.0000#-0.0000
11.00:hum1:-0.2750#-0.5250#0.8025#-0.0000#0.0000#-0.0000
12.00:hum1:-0.2750#-0.5250#0.8025#-0.0000#0.0000#-0.0000
13.00:hum1:-0.3817#-0.5012#0.8161#0.1234#0.2755#-0.4274
14.00:hum1:0.1990#-0.7538#0.8025#0.0000#0.0000#-0.4103
15.00:hum1:0.1990#-0.7538#0.8025#0.0000#0.0000#-0.4103
16.00:hum1:0.1990#-0.7538#0.8025#0.0000#0.0000#-0.4103
17.00:hum1:0.1990#-0.7538#0.8025#0.0000#0.0000#-0.4103
18.00:hum1:0.3778#-0.8092#0.8153#0.0725#0.2364#-0.3003
19.00:hum1:1.5859#-1.0934#0.8244#0.0713#0.3569#-0.2013
20.00:hum1:2.9026#-1.3394#0.8048#0.0096#0.0574#-0.1647
21.00:hum1:4.1922#-1.5391#0.8466#-0.0704#-0.4900#-0.1485
22.00:hum1:4.3905#-1.5652#0.8025#0.0000#0.0000#-0.1309
23.00:hum1:4.3905#-1.5652#0.8025#0.0000#0.0000#-0.1309
24.00:hum1:4.3905#-1.5652#0.8025#0.0000#0.0000#-0.1309
25.00:hum1:4.3905#-1.5652#0.8025#0.0000#0.0000#-0.1309
26.00:hum1:4.3905#-1.5652#0.8025#0.0000#0.0000#-0.1309
27.00:hum1:4.3905#-1.5652#0.8025#0.0000#0.0000#-0.1309
28.00:hum1:4.3905#-1.5652#0.8025#0.0000#0.0000#-0.1309
29.00:hum1:4.3905#-1.5652#0.8025#0.0000#0.0000#-0.1309
30.00:hum1:4.3905#-1.5652#0.8025#0.0000#0.0000#-0.1309
31.00:hum1:4.3905#-1.5652#0.8025#0.0000#0.0000#-0.1309
32.00:hum1:4.3905#-1.5652#0.8025#0.0000#0.0000#-0.1309
33.00:hum1:4.8650#-1.6288#0.8120#0.0369#0.2676#-0.1383
34.00:hum1:6.1982#-1.6850#0.8115#-0.0035#-0.1619#-0.0215
35.00:hum1:7.5195#-1.6890#0.8908#0.0204#-0.7618#0.0299
36.00:hum1:8.2276#-1.6736#0.8044#0.0002#-0.0072#0.0217
37.00:hum1:8.2276#-1.6736#0.8044#0.0002#-0.0072#0.0217
38.00:hum1:8.8358#-1.6852#0.8262#-0.0071#-0.3287#-0.0217
39.00:hum1:9.8345#-1.6355#0.8116#-0.0122#0.1942#0.0635
40.00:hum1:11.0149#-1.5703#0.8267#-0.0223#0.3722#0.0615
41.00:hum1:12.3320#-1.5117#0.8067#-0.0108#0.1556#0.0700
42.00:hum1:12.9917#-1.4660#0.8081#-0.0089#0.1277#0.0697
43.00:hum1:12.9917#-1.4660#0.8081#-0.0089#0.1277#0.0697
44.00:hum1:12.9917#-1.4660#0.8081#-0.0089#0.1277#0.0697
45.00:hum1:12.9917#-1.4660#0.8081#-0.0089#0.1277#0.0697
46.00:hum1:12.9917#-1.4660#0.8081#-0.0089#0.1277#0.0697
47.00:hum1:12.9917#-1.4660#0.8081#-0.0089#0.1277#0.0697
48.00:hum1:12.9917#-1.4660#0.8081#-0.0089#0.1277#0.0697
49.00:hum1:12.9917#-1.4660#0.8081#-0.0089#0.1277#0.0697
50.00:hum1:13.5225#-1.4513#0.8069#0.0016#-0.0822#0.0200
51.00:hum1:14.8165#-1.4255#0.8763#0.0159#-0.6820#0.0256
52.00:hum1:16.1367#-1.3992#0.9597#0.0374#-1.0864#0.0426
53.00:hum1:17.2527#-1.3770#0.8496#0.0111#-0.5159#0.0229
54.00:hum1:18.2757#-0.7271#0.8071#-0.0078#0.0017#1.3613
55.00:hum1:18.5035#0.3447#0.8215#-0.3093#0.0648#1.3713
56.00:hum1:18.6972#1.6178#0.8161#-0.3009#0.0150#1.5229
57.00:hum1:18.7639#2.9471#0.8069#0.0821#-0.0041#1.5209
58.00:hum1:18.8143#3.9514#0.8044#0.0072#-0.0004#1.5207
59.00:hum1:18.3750#4.6735#0.4025#0.0000#0.0000#-1.5700
60.00:hum1:18.3750#4.6735#0.4025#0.0000#0.0000#-1.5700
61.00:hum1:18.3750#4.6735#0.4025#0.0000#0.0000#-1.5700
62.00:hum1:18.3750#4.6735#0.4025#0.0000#0.0000#-1.5700
63.00:hum1:18.3750#4.6735#0.4025#0.0000#0.0000#-1.5700
64.00:hum1:18.3750#4.6735#0.4025#0.0000#0.0000#-1.5700
65.00:hum1:18.3750#4.6735#0.4025#0.0000#0.0000#-1.5700
66.00:hum1:18.3750#4.6735#0.4025#0.0000#0.0000#-1.5700
67.00:hum1:18.3750#4.6735#0.4025#0.0000#0.0000#-1.5700
68.00:hum1:18.3750#4.6735#0.4025#0.0000#0.0000#-1.5700
69.00:hum1:18.3750#4.6735#0.4025#0.0000#0.0000#-1.5700
70.00:hum1:18.3750#4.6735#0.4025#0.0000#0.0000#-1.5700
71.00:hum1:18.3750#4.6735#0.4025#0.0000#0.0000#-1.5700
72.00:hum1:18.3750#4.6735#0.4025#0.0000#0.0000#-1.5700
73.00:hum1:18.3750#4.6735#0.4025#0.0000#0.0000#-1.5700
74.00:hum1:18.3391#3.9394#0.8763#-0.6799#0.0609#-1.6456
75.00:hum1:18.2156#2.6205#0.9597#-1.0855#0.0688#-1.6067
76.00:hum1:18.1205#1.5104#0.8496#-0.5145#0.0416#-1.6438
77.00:hum1:17.8542#0.7116#0.8071#0.0066#-0.0046#-2.1787
78.00:hum1:17.5660#0.2973#0.8025#0.0000#-0.0000#-2.1782
79.00:hum1:17.5660#0.2973#0.8025#0.0000#-0.0000#-2.1782
80.00:hum1:17.5660#0.2973#0.8025#0.0000#-0.0000#-2.1782
81.00:hum1:17.5660#0.2973#0.8025#0.0000#-0.0000#-2.1782
82.00:hum1:17.5660#0.2973#0.8025#0.0000#-0.0000#-2.1782
83.00:hum1:17.5660#0.2973#0.8025#0.0000#-0.0000#-2.1782
84.00:hum1:17.5660#0.2973#0.8025#0.0000#-0.0000#-2.1782
85.00:hum1:17.5660#0.2973#0.8025#0.0000#-0.0000#-2.1782
86.00:hum1:17.0128#-0.5225#0.8025#0.0000#-0.0000#-2.1481
87.00:hum1:17.0128#-0.5225#0.8025#0.0000#-0.0000#-2.1481
88.00:hum1:17.0128#-0.5225#0.8025#0.0000#-0.0000#-2.1481
89.00:hum1:17.0128#-0.5225#0.8025#0.0000#-0.0000#-2.1481
90.00:hum1:17.0128#-0.5225#0.8025#0.0000#-0.0000#-2.1481
91.00:hum1:17.0128#-0.5225#0.8025#0.0000#-0.0000#-2.1481
92.00:hum1:17.0128#-0.5225#0.8025#0.0000#-0.0000#-2.1481
93.00:hum1:17.0128#-0.5225#0.8025#0.0000#-0.0000#-2.1481
94.00:hum1:17.0128#-0.5225#0.8025#0.0000#-0.0000#-2.1481
95.00:hum1:16.5393#-1.2424#0.8161#0.2550#-0.1621#-2.1250
96.00:hum1:15.8181#-2.3509#0.8069#-0.0674#0.0470#-2.1780
97.00:hum1:15.2883#-3.1188#0.8025#0.0000#-0.0000#-2.1235
98.00:hum1:15.2883#-3.1188#0.8025#0.0000#-0.0000#-2.1235
99.00:hum1:15.2883#-3.1188#0.8025#0.0000#-0.0000#-2.1235
100.00:hum1:15.2883#-3.1188#0.8025#0.0000#-0.0000#-2.1235
101.00:hum1:15.2883#-3.1188#0.8025#0.0000#-0.0000#-2.1235
102.00:hum1:15.2883#-3.1188#0.8025#0.0000#-0.0000#-2.1235
103.00:hum1:15.2883#-3.1188#0.8025#0.0000#-0.0000#-2.1235
104.00:hum1:15.2883#-3.1188#0.8025#0.0000#-0.0000#-2.1235
105.00:hum1:15.1093#-3.7272#0.8102#-0.0866#0.0685#-2.2381
106.00:hum1:14.7940#-4.1253#0.8025#0.0000#-0.0000#-2.2405