
1.00:hum1:-0.2750#-0.5250#0.8025#-0.0000#0.0000#-0.0000
2.00:hum1:-0.2750#-0.5250#0.8025#-0.0000#0.0000#-0.0000
3.00:hum1:-0.2750#-0.5250#0.8025#-0.0000#0.0000#-0.0000
4.00:hum1:-0.2750#-0.5250#0.8025#-0.0000#0.0000#-0.0000
5.00:hum1:-0.2750#-0.5250#0.8025#-0.0000#0.0000#-0.0000
6.00:hum1:-0.2750#-0.5250#0.8025#-0.0000#0.0000#-0.0000
7.00:hum1:-0.2750#-0.5250#0.8025#-0.0000#0.0000#-0.0000
8.00:hum1:-0.2750#-0.5250#0.8025#-0.0000#0.0000#-0.0000
9.00:hum1:-0.2750#-0.5250#0.8025#-0.0000#0.0000#-0.0000
10.00:hum1:-0.3329#-0.5183#0.8161#0.0628#0.2948#-0.2127
11.00:hum1:0.5903#-0.6830#0.8267#0.0387#0.3709#-0.1061
12.00:hum1:1.5911#-0.8000#0.8281#0.0439#0.3685#-0.1210
13.00:hum1:2.6420#-0.9352#0.8025#0.0000#0.0000#-0.0961
14.00:hum1:3.6640#-1.0468#0.8374#-0.0421#-0.4240#-0.1016
15.00:hum1:4.6449#-1.1522#0.8081#0.0104#0.1276#-0.0812
16.00:hum1:5.7786#-1.2614#0.8281#0.0269#0.3701#-0.0738
17.00:hum1:7.0670#-1.3554#0.8120#0.0170#0.2695#-0.0633
18.00:hum1:8.3760#-1.4324#0.8115#-0.0072#-0.1618#-0.0446
19.00:hum1:9.6914#-1.5006#0.8908#-0.0142#-0.7619#-0.0202
20.00:hum1:10.9908#-1.5147#0.9484#0.0062#-1.0370#0.0076
21.00:hum1:11.4708#-2.0866#0.8374#-0.3704#-0.2155#-1.0671
22.00:hum1:12.0073#-2.8787#0.9598#-1.0061#-0.5180#-1.2665
23.00:hum1:12.5822#-3.6963#0.9377#-0.8884#-0.5122#-1.1915
24.00:hum1:12.5345#-4.3973#0.9141#-0.8615#0.1995#-1.7390
25.00:hum1:13.0886#-3.7783#0.8025#-0.0000#-0.0000#1.8880
26.00:hum1:13.1138#-4.8046#0.8044#-0.0044#-0.0056#-0.6666
27.00:hum1:13.6002#-5.1873#0.8262#-0.2080#-0.2565#-0.6935
28.00:hum1:13.5494#-5.1472#0.8081#0.0795#0.1005#-0.6706
29.00:hum1:13.6205#-5.2032#0.8025#0.0000#0.0000#-0.6666
30.00:hum1:13.6205#-5.2032#0.8025#0.0000#0.0000#-0.6666
31.00:hum1:13.6205#-5.2032#0.8025#0.0000#0.0000#-0.6666
32.00:hum1:13.6205#-5.2032#0.8025#0.0000#0.0000#-0.6666
33.00:hum1:13.6205#-5.2032#0.8025#0.0000#0.0000#-0.6666