
2.00:hum1:-0.2750#-0.5250#0.8025#-0.0000#0.0000#-0.0000
3.00:hum1:-0.2750#-0.5250#0.8025#-0.0000#0.0000#-0.0000
4.00:hum1:-0.2750#-0.5250#0.8025#-0.0000#0.0000#-0.0000
5.00:hum1:-0.2750#-0.5250#0.8025#-0.0000#0.0000#-0.0000
6.00:hum1:-0.2750#-0.5250#0.8025#-0.0000#0.0000#-0.0000
7.00:hum1:-0.2750#-0.5250#0.8025#-0.0000#0.0000#-0.0000
8.00:hum1:-0.2750#-0.5250#0.8025#-0.0000#0.0000#-0.0000
9.00:hum1:-0.2750#-0.5250#0.8025#-0.0000#0.0000#-0.0000
10.00:hum1:-0.2750#-0.5250#0.8025#-0.0000#0.0000#-0.0000
11.00:hum1:0.4343#-0.7799#0.8102#-0.0294#-0.1064#-0.2698
12.00:hum1:1.4814#-1.0271#0.8171#0.0528#0.2659#-0.1983
13.00:hum1:2.6763#-1.2489#0.8204#0.0519#0.3285#-0.1594
14.00:hum1:3.9080#-1.4366#0.8067#0.0210#0.1546#-0.1350
15.00:hum1:4.6307#-1.5336#0.8496#-0.0754#-0.5109#-0.1530
16.00:hum1:4.6307#-1.5336#0.8496#-0.0754#-0.5109#-0.1530
17.00:hum1:5.0311#-1.5539#0.8048#0.0038#0.0581#-0.0659
18.00:hum1:6.3600#-1.5300#0.8466#0.0365#-0.4933#0.0773
19.00:hum1:7.6707#-1.4395#0.9377#0.1587#-0.9804#0.1906
20.00:hum1:8.8503#-1.3119#0.9484#0.1867#-1.0265#0.2177
21.00:hum1:8.8503#-1.3119#0.9484#0.1867#-1.0265#0.2177
22.00:hum1:9.8553#-1.3389#0.9597#0.0790#-1.0851#0.0897
23.00:hum1:10.9461#-1.4207#0.8496#-0.0230#-0.5155#-0.0463
24.00:hum1:11.9306#-1.4993#0.8071#0.0008#0.0080#-0.1000
25.00:hum1:12.4326#-1.5497#0.8025#0.0000#0.0000#-0.1000
26.00:hum1:12.4326#-1.5497#0.8025#0.0000#0.0000#-0.1000
27.00:hum1:12.4326#-1.5497#0.8025#0.0000#0.0000#-0.1000
28.00:hum1:12.4326#-1.5497#0.8025#0.0000#0.0000#-0.1000
29.00:hum1:12.4326#-1.5497#0.8025#0.0000#0.0000#-0.1000
30.00:hum1:12.4326#-1.5497#0.8025#0.0000#0.0000#-0.1000
31.00:hum1:12.4326#-1.5497#0.8025#0.0000#0.0000#-0.1000
32.00:hum1:12.6384#-1.5452#0.8466#0.0175#-0.4943#0.0371
33.00:hum1:13.9432#-1.5025#0.9377#0.0492#-0.9880#0.0593
34.00:hum1:15.1789#-1.4621#0.9191#0.0409#-0.9009#0.0525
35.00:hum1:16.2021#-1.4286#0.8168#0.0074#-0.2255#0.0336
36.00:hum1:17.2000#-1.3959#0.8153#-0.0082#0.2469#0.0337
37.00:hum1:18.3110#-0.5888#0.8244#-0.3565#0.0734#1.3767
38.00:hum1:18.5856#0.7169#0.8048#-0.0570#0.0120#1.3639
39.00:hum1:18.7192#2.0432#0.8466#0.4941#-0.0238#1.5269
40.00:hum1:18.7843#3.3471#0.9377#0.9882#-0.0419#1.5436
41.00:hum1:18.8024#3.7112#0.8161#-0.3009#0.0149#1.5232
42.00:hum1:18.3750#4.6735#0.4025#0.0000#0.0000#-1.5700
43.00:hum1:18.3750#4.6735#0.4025#0.0000#0.0000#-1.5700
44.00:hum1:18.3750#4.6735#0.4025#0.0000#0.0000#-1.5700
45.00:hum1:18.3750#4.6735#0.4025#0.0000#0.0000#-1.5700
46.00:hum1:18.3750#4.6735#0.4025#0.0000#0.0000#-1.5700
47.00:hum1:18.3750#4.6735#0.4025#0.0000#0.0000#-1.5700
48.00:hum1:18.3750#4.6735#0.4025#0.0000#0.0000#-1.5700
49.00:hum1:18.3750#4.6735#0.4025#0.0000#0.0000#-1.5700
50.00:hum1:18.3750#4.6735#0.4025#0.0000#0.0000#-1.5700
51.00:hum1:18.3750#4.6735#0.4025#0.0000#0.0000#-1.5700
52.00:hum1:18.3750#4.6735#0.4025#0.0000#0.0000#-1.5700
53.00:hum1:18.3750#4.6735#0.4025#0.0000#0.0000#-1.5700
54.00:hum1:18.3750#4.6735#0.4025#0.0000#0.0000#-1.5700
55.00:hum1:18.3750#4.6735#0.4025#0.0000#0.0000#-1.5700
56.00:hum1:18.3750#4.6735#0.4025#0.0000#0.0000#-1.5700
57.00:hum1:18.3750#4.6735#0.4025#0.0000#0.0000#-1.5700
58.00:hum1:18.3750#4.6735#0.4025#0.0000#0.0000#-1.5700
59.00:hum1:18.3750#4.6735#0.4025#0.0000#0.0000#-1.5700
60.00:hum1:18.3750#4.6735#0.4025#0.0000#0.0000#-1.5700
61.00:hum1:18.2924#3.4946#0.8496#-0.5141#0.0465#-1.6525
62.00:hum1:18.1996#2.4922#0.8071#0.0080#-0.0006#-1.6513
63.00:hum1:18.0971#1.4023#0.8215#0.3149#-0.0246#-1.6459
64.00:hum1:17.9174#0.3702#0.8161#0.2222#-0.2051#-2.3043
65.00:hum1:17.0473#-0.6809#0.8069#-0.0676#0.0467#-2.1745
66.00:hum1:16.3276#-1.7534#0.8763#-0.5856#0.3726#-2.0725
67.00:hum1:15.5860#-2.8640#0.9597#-1.0175#0.4831#-1.8499
68.00:hum1:15.8277#-3.7973#0.8496#-0.3132#0.4171#-2.4668
69.00:hum1:15.1132#-4.2952#0.8025#0.0000#-0.0000#-2.5326
70.00:hum1:15.1132#-4.2952#0.8025#0.0000#-0.0000#-2.5326