
1.00:hum1:-6.4000#-1.4250#0.8025#-0.0000#0.0000#-0.0000
2.00:hum1:-6.4000#-1.4250#0.8025#-0.0000#0.0000#-0.0000
3.00:hum1:-6.4000#-1.4250#0.8025#-0.0000#0.0000#-0.0000
4.00:hum1:-6.4000#-1.4250#0.8025#-0.0000#0.0000#-0.0000
5.00:hum1:-6.4000#-1.4250#0.8025#-0.0000#0.0000#-0.0000
6.00:hum1:-6.4000#-1.4250#0.8025#-0.0000#0.0000#-0.0000
7.00:hum1:-6.4000#-1.4250#0.8025#-0.0000#0.0000#-0.0000
8.00:hum1:-6.4000#-1.4250#0.8025#-0.0000#0.0000#-0.0000
9.00:hum1:-6.4000#-1.4250#0.8025#-0.0000#0.0000#-0.0000
10.00:hum1:-6.4000#-1.4250#0.8025#-0.0000#0.0000#-0.0000
11.00:hum1:-6.4000#-1.4250#0.8025#-0.0000#0.0000#-0.0000
12.00:hum1:-6.4861#-1.4311#0.8244#-0.0247#0.3628#0.0699
13.00:hum1:-5.1446#-1.3261#0.8048#-0.0065#0.0579#0.1124
14.00:hum1:-5.7088#-0.8830#0.8466#-0.0575#0.4915#-3.0200
15.00:hum1:-7.0068#-1.0226#0.9377#-0.1607#0.9802#-2.9485
16.00:hum1:-5.5421#-1.1942#0.9191#0.2873#-0.8673#0.3701
17.00:hum1:-5.1489#-1.2161#0.8168#-0.0160#-0.2250#-0.0712
18.00:hum1:-4.1930#-1.3337#0.8153#0.0508#0.2418#-0.2090
19.00:hum1:-3.0642#-1.5389#0.8244#0.0613#0.3586#-0.1729
20.00:hum1:-1.7198#-1.6839#0.8048#0.0051#0.0580#-0.0875
21.00:hum1:-1.9426#-1.1555#0.8466#0.0564#0.4916#3.0230
22.00:hum1:-1.8087#-1.5406#0.9377#0.1087#-0.9849#0.1306
23.00:hum1:-0.6131#-1.6037#0.9191#-0.0966#-0.8979#-0.1229
24.00:hum1:0.4269#-1.6140#0.8168#-0.0027#-0.2256#-0.0119
25.00:hum1:0.9312#-1.6139#0.8153#-0.0119#0.2467#0.0489
26.00:hum1:2.1507#-1.5506#0.8244#-0.0237#0.3629#0.0669
27.00:hum1:3.2850#-1.5839#0.8048#0.0037#0.0581#-0.0626
28.00:hum1:4.5796#-1.6650#0.8466#-0.0339#-0.4935#-0.0710
29.00:hum1:4.9366#-1.6873#0.8153#0.0158#0.2465#-0.0645
30.00:hum1:5.9758#-1.7523#0.8116#0.0124#0.1942#-0.0637
31.00:hum1:7.1573#-1.8263#0.8267#0.0246#0.3720#-0.0672
32.00:hum1:8.4715#-1.9086#0.8067#0.0099#0.1557#-0.0633
33.00:hum1:9.7766#-1.9903#0.8273#-0.0223#-0.3407#-0.0663
34.00:hum1:11.0701#-2.0714#0.9141#-0.0756#-0.8760#-0.0979
35.00:hum1:12.3476#-2.1514#0.9413#-0.0985#-1.0015#-0.1164
36.00:hum1:13.3942#-2.2168#0.8262#-0.0214#-0.3281#-0.0661
37.00:hum1:14.3722#-2.2780#0.8116#0.0124#0.1942#-0.0637
38.00:hum1:15.5537#-2.3520#0.8267#0.0246#0.3720#-0.0672
39.00:hum1:16.5543#-2.4147#0.8721#-0.0484#-0.6558#-0.0790
40.00:hum1:16.7201#-2.1545#0.8374#0.3915#-0.1723#1.1775
41.00:hum1:17.0183#-1.5002#0.8763#0.6364#-0.2647#1.2309
42.00:hum1:17.1117#-1.2953#0.9598#1.0473#-0.3762#1.3622
43.00:hum1:17.1117#-1.2953#0.9598#1.0473#-0.3762#1.3622
44.00:hum1:17.1117#-1.2953#0.9598#1.0473#-0.3762#1.3622
45.00:hum1:17.1117#-1.2953#0.9598#1.0473#-0.3762#1.3622
46.00:hum1:17.1117#-1.2953#0.9598#1.0473#-0.3762#1.3622
47.00:hum1:17.1117#-1.2953#0.9598#1.0473#-0.3762#1.3622
48.00:hum1:16.7742#-0.8314#0.8120#0.2459#-0.1128#-1.9920
49.00:hum1:16.7742#-0.8314#0.8120#0.2459#-0.1128#-1.9920
50.00:hum1:16.7742#-0.8314#0.8120#0.2459#-0.1128#-1.9920
51.00:hum1:16.7742#-0.8314#0.8120#0.2459#-0.1128#-1.9920
52.00:hum1:16.7742#-0.8314#0.8120#0.2459#-0.1128#-1.9920
53.00:hum1:16.7742#-0.8314#0.8120#0.2459#-0.1128#-1.9920
54.00:hum1:16.7742#-0.8314#0.8120#0.2459#-0.1128#-1.9920
55.00:hum1:16.7742#-0.8314#0.8120#0.2459#-0.1128#-1.9920
56.00:hum1:16.7742#-0.8314#0.8120#0.2459#-0.1128#-1.9920
57.00:hum1:16.7742#-0.8314#0.8120#0.2459#-0.1128#-1.9920
58.00:hum1:16.7742#-0.8314#0.8120#0.2459#-0.1128#-1.9920
59.00:hum1:16.7742#-0.8314#0.8120#0.2459#-0.1128#-1.9920
60.00:hum1:16.7742#-0.8314#0.8120#0.2459#-0.1128#-1.9920
61.00:hum1:16.4043#-1.3963#0.8116#0.1605#-0.1106#-2.1688
62.00:hum1:15.7409#-2.3827#0.8267#0.3147#-0.2032#-2.1255
63.00:hum1:15.1967#-3.2014#0.8168#-0.1889#0.1241#-2.1450
64.00:hum1:15.1967#-3.2014#0.8168#-0.1889#0.1241#-2.1450
65.00:hum1:15.1967#-3.2014#0.8168#-0.1889#0.1241#-2.1450
66.00:hum1:15.1967#-3.2014#0.8168#-0.1889#0.1241#-2.1450
67.00:hum1:15.1967#-3.2014#0.8168#-0.1889#0.1241#-2.1450
68.00:hum1:15.1967#-3.2014#0.8168#-0.1889#0.1241#-2.1450
69.00:hum1:15.1967#-3.2014#0.8168#-0.1889#0.1241#-2.1450
70.00:hum1:15.1967#-3.2014#0.8168#-0.1889#0.1241#-2.1450
71.00:hum1:15.1967#-3.2014#0.8168#-0.1889#0.1241#-2.1450
72.00:hum1:15.1967#-3.2014#0.8168#-0.1889#0.1241#-2.1450
73.00:hum1:15.1967#-3.2014#0.8168#-0.1889#0.1241#-2.1450
74.00:hum1:15.1967#-3.2014#0.8168#-0.1889#0.1241#-2.1450
75.00:hum1:15.1744#-3.2675#0.8071#0.0079#-0.0013#-1.7320
76.00:hum1:14.9971#-4.3440#0.8215#0.3110#-0.0559#-1.7425
77.00:hum1:15.5308#-4.2599#0.8161#-0.2957#0.0583#1.3821
78.00:hum1:15.1950#-4.7876#0.8069#-0.0819#-0.0071#-1.4840
79.00:hum1:15.2539#-5.4622#0.8244#0.3624#0.0308#-1.4894
80.00:hum1:15.2539#-5.4622#0.8244#0.3624#0.0308#-1.4894
81.00:hum1:15.2539#-5.4622#0.8244#0.3624#0.0308#-1.4894
82.00:hum1:15.2539#-5.4622#0.8244#0.3624#0.0308#-1.4894
83.00:hum1:15.2539#-5.4622#0.8244#0.3624#0.0308#-1.4894
84.00:hum1:15.2539#-5.4622#0.8244#0.3624#0.0308#-1.4894
85.00:hum1:15.2047#-5.9128#0.8466#-0.4866#0.0924#-1.7431
86.00:hum1:15.1361#-6.2608#0.8081#0.1256#-0.0247#-1.7634
87.00:hum1:15.1361#-6.2608#0.8081#0.1256#-0.0247#-1.7634