
1.00:-4.8097#-1.1623#0.2401#-0.0001#-0.0023#-0.0000
2.00:-4.8099#-1.1623#0.2401#-0.0001#-0.0025#-0.0001
3.00:-4.8100#-1.1623#0.2401#-0.0001#-0.0024#-0.0001
4.00:-4.8100#-1.1623#0.2401#-0.0001#-0.0022#-0.0001
5.00:-4.8102#-1.1623#0.2401#-0.0001#-0.0025#-0.0002
6.00:-4.8103#-1.1623#0.2401#-0.0001#-0.0023#-0.0002
7.00:-4.8104#-1.1623#0.2401#-0.0001#-0.0025#-0.0002
8.00:-4.8105#-1.1623#0.2401#-0.0001#-0.0025#-0.0001
9.00:-4.8106#-1.1623#0.2401#-0.0001#-0.0023#-0.0002
10.00:-4.7422#-1.1627#0.2402#-0.0001#-0.0033#-0.0041
11.00:-3.9640#-0.8596#0.2401#0.0010#-0.0010#0.8327
12.00:-3.9078#-0.7876#0.2401#0.0014#-0.0016#0.7923
13.00:-3.8978#-0.7991#0.2401#0.0009#-0.0020#0.4845
14.00:-3.8916#-0.8125#0.2401#0.0003#-0.0022#0.1818
15.00:-3.8907#-0.8272#0.2401#-0.0004#-0.0020#-0.1199
16.00:-3.2060#-0.9578#0.2401#-0.0003#-0.0016#-0.1771
17.00:-2.0585#-1.1631#0.2401#-0.0004#-0.0017#-0.1771
18.00:-0.9545#-1.3608#0.2400#-0.0003#-0.0011#-0.1759
19.00:-0.7030#-1.3936#0.2401#-0.0001#-0.0020#-0.0261
20.00:-0.1977#-1.3395#0.2401#0.0001#-0.0018#0.0987
21.00:0.9627#-1.2246#0.2401#0.0001#-0.0016#0.0988
22.00:2.1226#-1.1097#0.2401#0.0001#-0.0015#0.0989
23.00:3.2865#-0.9945#0.2401#0.0001#-0.0015#0.0986
24.00:3.8006#-0.9448#0.2401#0.0000#-0.0020#0.0705
25.00:3.8518#-0.9688#0.2401#-0.0006#-0.0022#-0.2184
26.00:4.8110#-1.2060#0.2399#0.0004#0.0014#-0.2445
27.00:5.2187#-1.3007#0.2401#-0.0003#-0.0017#-0.1551
28.00:5.4943#-1.2876#0.2401#-0.0000#-0.0019#0.0289
29.00:6.6170#-1.2763#0.2400#-0.0001#-0.0014#0.0089
30.00:7.7865#-1.2662#0.2401#-0.0001#-0.0016#0.0086
31.00:8.9524#-1.2562#0.2401#-0.0000#-0.0015#0.0086
32.00:10.1179#-1.2458#0.2401#-0.0000#-0.0015#0.0089
33.00:11.2836#-1.2354#0.2401#-0.0001#-0.0014#0.0090
34.00:12.4491#-1.2249#0.2401#-0.0001#-0.0016#0.0091
35.00:13.6188#-1.2143#0.2401#-0.0001#-0.0014#0.0092
36.00:14.0763#-1.2105#0.2401#-0.0001#-0.0017#-0.0317
37.00:14.0744#-1.2247#0.2401#-0.0008#-0.0021#-0.3230
38.00:14.0683#-1.2376#0.2401#-0.0014#-0.0018#-0.6130
39.00:14.0589#-1.2484#0.2401#-0.0018#-0.0013#-0.9038
40.00:14.1089#-1.3782#0.2400#-0.0015#-0.0006#-1.1332
41.00:14.4721#-2.1566#0.2400#-0.0009#-0.0004#-1.1195
42.00:14.4834#-2.2024#0.2401#-0.0021#-0.0004#-1.3243
43.00:14.4697#-2.2413#0.2401#-0.0021#0.0001#-1.5988
44.00:14.4348#-3.1960#0.2400#-0.0013#0.0002#-1.6037
45.00:14.3970#-4.3614#0.2400#-0.0014#0.0001#-1.6032
46.00:14.3755#-5.0495#0.2401#-0.0014#0.0001#-1.5976
47.00:14.3755#-5.0494#0.2401#-0.0015#0.0001#-1.5975
48.00:14.3755#-5.0494#0.2401#-0.0015#0.0001#-1.5975
49.00:14.3755#-5.0493#0.2401#-0.0015#0.0001#-1.5975
50.00:14.3755#-5.0492#0.2401#-0.0015#0.0001#-1.5976
51.00:14.3755#-5.0492#0.2401#-0.0015#0.0001#-1.5976
52.00:14.3755#-5.0491#0.2401#-0.0014#0.0001#-1.5976
53.00:14.3755#-5.0491#0.2401#-0.0015#0.0001#-1.5976
54.00:14.3755#-5.0490#0.2401#-0.0014#0.0001#-1.5976
55.00:14.3755#-5.0490#0.2401#-0.0015#0.0001#-1.5976
56.00:14.3755#-5.0489#0.2401#-0.0015#0.0001#-1.5976
57.00:14.3755#-5.0489#0.2401#-0.0015#0.0001#-1.5976
58.00:14.3755#-5.0488#0.2401#-0.0014#0.0001#-1.5976
59.00:14.3755#-5.0487#0.2401#-0.0015#0.0001#-1.5976
60.00:14.3755#-5.0487#0.2401#-0.0015#0.0001#-1.5976
61.00:14.3755#-5.0486#0.2401#-0.0015#0.0001#-1.5976
62.00:14.3755#-5.0486#0.2401#-0.0015#0.0001#-1.5976
63.00:14.3755#-5.0485#0.2401#-0.0015#0.0001#-1.5976
64.00:14.3755#-5.0485#0.2401#-0.0014#0.0001#-1.5976
65.00:14.3755#-5.0484#0.2401#-0.0014#0.0001#-1.5976
66.00:14.3756#-5.0484#0.2401#-0.0015#0.0001#-1.5976
67.00:14.3756#-5.0483#0.2401#-0.0014#0.0001#-1.5976
68.00:14.3756#-5.0482#0.2401#-0.0016#0.0001#-1.5977
69.00:14.3756#-5.0482#0.2401#-0.0015#0.0001#-1.5977
70.00:14.3756#-5.0481#0.2401#-0.0015#0.0001#-1.5977
71.00:14.3756#-5.0481#0.2401#-0.0015#0.0001#-1.5977
72.00:14.3756#-5.0480#0.2401#-0.0015#0.0001#-1.5977
73.00:14.3756#-5.0479#0.2401#-0.0015#0.0001#-1.5977
74.00:14.3756#-5.0479#0.2401#-0.0014#0.0001#-1.5977
75.00:14.3756#-5.0478#0.2401#-0.0015#0.0001#-1.5977
76.00:14.3685#-5.2775#0.2401#-0.0016#0.0002#-1.6043
77.00:14.3369#-6.0908#0.2400#-0.0011#0.0001#-1.6083
78.00:14.3568#-6.1943#0.2401#-0.0022#-0.0004#-1.3697
79.00:14.4758#-6.9004#0.2400#-0.0010#-0.0000#-1.4701
80.00:14.4824#-6.9866#0.2401#-0.0017#-0.0001#-1.4946
81.00:14.4824#-6.9865#0.2401#-0.0016#-0.0001#-1.4946
82.00:14.4824#-6.9865#0.2401#-0.0015#-0.0000#-1.4947
83.00:14.4824#-6.9863#0.2401#-0.0017#-0.0001#-1.4947
84.00:14.4824#-6.9863#0.2401#-0.0015#-0.0000#-1.4947
85.00:14.4824#-6.9862#0.2401#-0.0016#-0.0001#-1.4947
86.00:14.4824#-6.9861#0.2401#-0.0017#-0.0001#-1.4947
87.00:14.4824#-6.9860#0.2401#-0.0016#-0.0001#-1.4948