
1.00:hum1:-0.2750#-0.5250#0.8025#-0.0000#0.0000#-0.0000
2.00:hum1:-0.2750#-0.5250#0.8025#-0.0000#0.0000#-0.0000
3.00:hum1:-0.2750#-0.5250#0.8025#-0.0000#0.0000#-0.0000
4.00:hum1:-0.2750#-0.5250#0.8025#-0.0000#0.0000#-0.0000
5.00:hum1:-0.2750#-0.5250#0.8025#-0.0000#0.0000#-0.0000
6.00:hum1:-0.2750#-0.5250#0.8025#-0.0000#0.0000#-0.0000
7.00:hum1:-0.2750#-0.5250#0.8025#-0.0000#0.0000#-0.0000
8.00:hum1:-0.2750#-0.5250#0.8025#-0.0000#0.0000#-0.0000
9.00:hum1:-0.2750#-0.5250#0.8025#-0.0000#0.0000#-0.0000
10.00:hum1:-0.2750#-0.5250#0.8025#-0.0000#0.0000#-0.0000
11.00:hum1:-0.2750#-0.5250#0.8025#-0.0000#0.0000#-0.0000
12.00:hum1:-0.2750#-0.5250#0.8025#-0.0000#0.0000#-0.0000
13.00:hum1:-0.2750#-0.5250#0.8025#-0.0000#0.0000#-0.0000
14.00:hum1:-0.2750#-0.5250#0.8025#-0.0000#0.0000#-0.0000
15.00:hum1:-0.2750#-0.5250#0.8025#-0.0000#0.0000#-0.0000
16.00:hum1:-0.2750#-0.5250#0.8025#-0.0000#0.0000#-0.0000
17.00:hum1:0.4665#-0.7809#0.8262#-0.0826#-0.3186#-0.2579
18.00:hum1:1.4309#-1.0195#0.8116#0.0363#0.1912#-0.1885
19.00:hum1:2.5982#-1.2456#0.8267#0.0622#0.3678#-0.1711
20.00:hum1:3.9020#-1.4552#0.8067#0.0222#0.1544#-0.1433
21.00:hum1:5.0091#-1.6066#0.8048#0.0072#0.0578#-0.1237
22.00:hum1:5.0091#-1.6066#0.8048#0.0072#0.0578#-0.1237
23.00:hum1:5.7087#-1.6232#0.8168#0.0122#-0.2253#0.0548
24.00:hum1:6.7145#-1.5807#0.8153#-0.0226#0.2460#0.0931
25.00:hum1:7.8062#-1.4914#0.8171#-0.0280#0.2696#0.1051
26.00:hum1:9.0071#-1.3811#0.8204#-0.0363#0.3305#0.1118
27.00:hum1:10.3523#-1.2537#0.8044#0.0009#-0.0071#0.1190
28.00:hum1:10.9026#-1.1879#0.8081#-0.0152#0.1271#0.1200
29.00:hum1:10.9026#-1.1879#0.8081#-0.0152#0.1271#0.1200
30.00:hum1:11.4613#-1.2797#0.8273#-0.0673#-0.3349#-0.2018
31.00:hum1:12.7732#-1.4272#0.9141#-0.1064#-0.8737#-0.1381
32.00:hum1:13.2945#-1.4734#0.8025#0.0000#0.0000#-0.0884
33.00:hum1:13.2945#-1.4734#0.8025#0.0000#0.0000#-0.0884
34.00:hum1:13.2945#-1.4734#0.8025#0.0000#0.0000#-0.0884
35.00:hum1:13.2945#-1.4734#0.8025#0.0000#0.0000#-0.0884
36.00:hum1:13.2945#-1.4734#0.8025#0.0000#0.0000#-0.0884
37.00:hum1:13.2945#-1.4734#0.8025#0.0000#0.0000#-0.0884
38.00:hum1:13.2945#-1.4734#0.8025#0.0000#0.0000#-0.0884
39.00:hum1:13.2945#-1.4734#0.8025#0.0000#0.0000#-0.0884
40.00:hum1:13.0917#-2.1552#0.8281#0.3005#0.2210#-0.9547
41.00:hum1:13.6267#-2.8595#0.8025#0.0000#0.0000#-0.9211
42.00:hum1:13.6267#-2.8595#0.8025#0.0000#0.0000#-0.9211
43.00:hum1:13.6267#-2.8595#0.8025#0.0000#0.0000#-0.9211
44.00:hum1:13.6267#-2.8595#0.8025#0.0000#0.0000#-0.9211
45.00:hum1:13.6267#-2.8595#0.8025#0.0000#0.0000#-0.9211
46.00:hum1:13.6267#-2.8595#0.8025#0.0000#0.0000#-0.9211
47.00:hum1:13.6267#-2.8595#0.8025#0.0000#0.0000#-0.9211
48.00:hum1:13.7325#-3.9072#0.9597#-1.0277#-0.4499#-1.3137
49.00:hum1:13.9888#-4.3610#0.8025#0.0000#0.0000#-1.0569