
2.00:-4.8099#-1.1623#0.2401#-0.0001#-0.0025#-0.0001
3.00:-4.8100#-1.1623#0.2401#-0.0001#-0.0024#-0.0001
4.00:-4.8100#-1.1623#0.2401#-0.0001#-0.0022#-0.0001
5.00:-4.8102#-1.1623#0.2401#-0.0001#-0.0025#-0.0002
6.00:-4.8103#-1.1623#0.2401#-0.0001#-0.0023#-0.0002
7.00:-4.8104#-1.1623#0.2401#-0.0001#-0.0025#-0.0002
8.00:-4.8105#-1.1623#0.2401#-0.0001#-0.0025#-0.0001
9.00:-4.8106#-1.1623#0.2401#-0.0001#-0.0023#-0.0002
10.00:-4.8106#-1.1624#0.2401#-0.0001#-0.0021#-0.0002
11.00:-4.7800#-1.1625#0.2402#-0.0001#-0.0033#-0.0007
12.00:-4.0611#-0.8645#0.2401#0.0016#-0.0017#0.7613
13.00:-3.8944#-0.6574#0.2401#0.0015#-0.0014#0.9093
14.00:-3.8837#-0.6683#0.2401#0.0011#-0.0019#0.5999
15.00:-3.8758#-0.6815#0.2401#0.0005#-0.0022#0.2947
16.00:-3.8729#-0.6964#0.2401#-0.0001#-0.0022#-0.0112
17.00:-3.7717#-0.7359#0.2401#-0.0007#-0.0021#-0.2645
18.00:-2.7439#-0.9994#0.2401#-0.0005#-0.0014#-0.2485
19.00:-1.6139#-1.2859#0.2401#-0.0005#-0.0017#-0.2482
20.00:-0.7920#-1.4949#0.2400#-0.0003#-0.0010#-0.2423
21.00:-0.6950#-1.4953#0.2401#-0.0000#-0.0022#0.0114
22.00:-0.0297#-1.4231#0.2401#0.0001#-0.0014#0.1051
23.00:0.9391#-1.3213#0.2400#0.0000#-0.0011#0.0969
24.00:0.9931#-1.3172#0.2401#0.0001#-0.0016#0.0859
25.00:0.9929#-1.3172#0.2401#0.0001#-0.0017#0.0858
26.00:0.9928#-1.3172#0.2401#0.0001#-0.0016#0.0858
27.00:0.9927#-1.3172#0.2401#0.0001#-0.0016#0.0858
28.00:0.9926#-1.3172#0.2401#0.0001#-0.0017#0.0858
29.00:0.9926#-1.3172#0.2401#0.0001#-0.0016#0.0858
30.00:0.9924#-1.3172#0.2401#0.0001#-0.0017#0.0858
31.00:0.9923#-1.3172#0.2401#0.0001#-0.0017#0.0858
32.00:0.9922#-1.3172#0.2401#0.0001#-0.0017#0.0858
33.00:0.9921#-1.3173#0.2401#0.0001#-0.0017#0.0857
34.00:0.9920#-1.3173#0.2401#0.0001#-0.0016#0.0856
35.00:0.9918#-1.3173#0.2401#0.0001#-0.0017#0.0857
36.00:0.9917#-1.3173#0.2401#0.0001#-0.0017#0.0857
37.00:0.9916#-1.3173#0.2401#0.0001#-0.0017#0.0857
38.00:0.9915#-1.3173#0.2401#0.0001#-0.0015#0.0856
39.00:0.9914#-1.3173#0.2401#0.0001#-0.0017#0.0856
40.00:0.9913#-1.3173#0.2401#0.0001#-0.0015#0.0857
41.00:0.9911#-1.3173#0.2401#0.0001#-0.0017#0.0857
42.00:0.9911#-1.3173#0.2401#0.0001#-0.0016#0.0857
43.00:0.9909#-1.3173#0.2401#0.0001#-0.0017#0.0857
44.00:0.9908#-1.3173#0.2401#0.0001#-0.0017#0.0857
45.00:0.9908#-1.3173#0.2401#0.0001#-0.0015#0.0857
46.00:0.9906#-1.3174#0.2401#0.0001#-0.0017#0.0857
47.00:0.9906#-1.3174#0.2401#0.0001#-0.0016#0.0857
48.00:0.9905#-1.3174#0.2401#0.0001#-0.0015#0.0857
49.00:0.9903#-1.3174#0.2401#0.0001#-0.0017#0.0857
50.00:0.9917#-1.3232#0.2401#-0.0002#-0.0021#-0.0248
51.00:1.3355#-1.4014#0.2401#-0.0004#-0.0016#-0.2032
52.00:2.0069#-1.5373#0.2401#-0.0003#-0.0016#-0.1789
53.00:2.1693#-1.5253#0.2401#0.0001#-0.0020#0.0693
54.00:3.1936#-1.4765#0.2400#0.0000#-0.0012#0.0437
55.00:4.3602#-1.4257#0.2401#-0.0000#-0.0016#0.0433
56.00:4.9875#-1.3897#0.2401#0.0001#-0.0019#0.0959
57.00:4.9872#-1.3897#0.2401#0.0001#-0.0020#0.0958
58.00:4.9871#-1.3898#0.2401#0.0001#-0.0020#0.0958
59.00:4.9869#-1.3898#0.2401#0.0001#-0.0020#0.0957
60.00:4.9867#-1.3899#0.2401#0.0001#-0.0020#0.0957
61.00:4.9865#-1.3899#0.2401#0.0001#-0.0020#0.0956
62.00:4.9863#-1.3899#0.2401#0.0001#-0.0020#0.0955
63.00:4.9864#-1.3980#0.2401#-0.0002#-0.0023#-0.0642
64.00:5.5004#-1.5093#0.2400#-0.0004#-0.0013#-0.2074
65.00:6.0213#-1.6142#0.2401#-0.0003#-0.0016#-0.1491
66.00:6.2339#-1.5954#0.2401#0.0001#-0.0019#0.0766
67.00:7.3139#-1.5364#0.2399#-0.0001#0.0012#0.0528
68.00:8.4813#-1.4747#0.2401#-0.0000#-0.0014#0.0528
69.00:9.4909#-1.4195#0.2400#-0.0000#-0.0010#0.0596
70.00:9.5699#-1.4135#0.2401#0.0000#-0.0014#0.0714
71.00:9.5698#-1.4136#0.2401#0.0000#-0.0015#0.0714
72.00:9.5698#-1.4136#0.2401#0.0000#-0.0014#0.0713
73.00:9.5697#-1.4136#0.2401#0.0000#-0.0014#0.0713
74.00:9.5697#-1.4136#0.2400#0.0000#-0.0014#0.0713
75.00:9.5696#-1.4136#0.2401#0.0000#-0.0015#0.0713
76.00:9.5695#-1.4136#0.2401#0.0000#-0.0014#0.0713
77.00:9.5694#-1.4136#0.2401#0.0000#-0.0015#0.0713
78.00:9.5693#-1.4136#0.2401#0.0000#-0.0015#0.0713
79.00:9.5692#-1.4137#0.2401#0.0000#-0.0015#0.0713
80.00:9.5692#-1.4137#0.2401#0.0000#-0.0014#0.0713
81.00:9.5690#-1.4137#0.2401#0.0000#-0.0015#0.0713
82.00:9.5689#-1.4137#0.2401#0.0000#-0.0017#0.0713
83.00:9.5688#-1.4137#0.2401#0.0000#-0.0015#0.0713
84.00:9.5687#-1.4137#0.2401#0.0000#-0.0016#0.0713
85.00:9.5686#-1.4137#0.2401#0.0001#-0.0017#0.0713
86.00:9.5685#-1.4137#0.2401#0.0001#-0.0017#0.0713
87.00:9.5684#-1.4138#0.2401#0.0001#-0.0017#0.0713
88.00:9.5684#-1.4138#0.2401#0.0000#-0.0015#0.0713
89.00:9.5682#-1.4138#0.2401#0.0000#-0.0016#0.0713
90.00:9.5681#-1.4138#0.2401#0.0000#-0.0016#0.0712
91.00:9.5680#-1.4138#0.2401#0.0000#-0.0016#0.0712
92.00:9.5680#-1.4138#0.2401#0.0000#-0.0016#0.0712
93.00:10.0438#-1.3911#0.2401#-0.0000#-0.0015#0.0327
94.00:11.2089#-1.3532#0.2401#-0.0000#-0.0015#0.0324
95.00:12.3742#-1.3153#0.2401#0.0001#-0.0015#0.0328
96.00:13.5396#-1.2770#0.2401#-0.0001#-0.0015#0.0330
97.00:14.7087#-1.2384#0.2401#-0.0000#-0.0014#0.0331
98.00:15.8739#-1.1995#0.2401#-0.0000#-0.0015#0.0334
99.00:16.7243#-1.1683#0.2400#-0.0000#-0.0011#0.0523
100.00:16.7425#-1.1796#0.2401#-0.0006#-0.0026#-0.1853
101.00:17.4628#-1.3873#0.2401#-0.0005#-0.0014#-0.2888
102.00:18.0829#-1.5605#0.2401#-0.0005#-0.0019#-0.2044
103.00:18.2691#-1.5530#0.2401#-0.0000#-0.0021#0.0310
104.00:19.3215#-1.5480#0.2401#-0.0001#-0.0019#0.0006
105.00:19.8370#-1.5432#0.2401#-0.0000#-0.0015#0.0437
106.00:19.8370#-1.5432#0.2401#-0.0000#-0.0014#0.0437
107.00:19.8368#-1.5432#0.2401#0.0000#-0.0017#0.0437
108.00:19.8368#-1.5432#0.2401#-0.0000#-0.0014#0.0436
109.00:19.8367#-1.5433#0.2401#0.0000#-0.0015#0.0437
110.00:19.8367#-1.5433#0.2401#0.0000#-0.0015#0.0437
111.00:19.8366#-1.5433#0.2401#-0.0000#-0.0014#0.0437
112.00:19.8365#-1.5433#0.2401#0.0000#-0.0016#0.0436
113.00:19.8365#-1.5433#0.2401#-0.0000#-0.0014#0.0436
114.00:19.8363#-1.5433#0.2401#0.0000#-0.0016#0.0436
115.00:19.8363#-1.5433#0.2401#0.0000#-0.0016#0.0436
116.00:19.8362#-1.5434#0.2401#0.0000#-0.0016#0.0436
117.00:19.8361#-1.5434#0.2401#0.0000#-0.0017#0.0436
118.00:19.8361#-1.5434#0.2401#-0.0000#-0.0015#0.0435
119.00:19.8360#-1.5434#0.2401#-0.0000#-0.0014#0.0435