
1.00:hum1:-0.2750#-0.5250#0.8025#-0.0000#0.0000#-0.0000
2.00:hum1:-0.2750#-0.5250#0.8025#-0.0000#0.0000#-0.0000
3.00:hum1:-0.2750#-0.5250#0.8025#-0.0000#0.0000#-0.0000
4.00:hum1:-0.2750#-0.5250#0.8025#-0.0000#0.0000#-0.0000
5.00:hum1:-0.2750#-0.5250#0.8025#-0.0000#0.0000#-0.0000
6.00:hum1:0.3989#-0.6693#0.9598#-0.3676#-1.0492#-0.4176
7.00:hum1:1.4045#-0.7997#0.9377#-0.1617#-0.9801#-0.1936
8.00:hum1:3.5028#-1.0440#0.9413#-0.1346#-0.9988#-0.1594
9.00:hum1:6.8022#-1.2805#0.9598#-0.0649#-1.0861#-0.0729
10.00:hum1:9.8471#-1.4233#0.8171#0.0016#0.2710#-0.0055
11.00:hum1:13.8319#-1.3957#0.8618#0.0345#-0.5945#0.0619
12.00:hum1:16.6328#-1.3662#0.8115#0.0013#-0.1620#0.0083
13.00:hum1:18.6362#0.7453#0.8048#-0.0574#0.0100#1.3994
14.00:hum1:18.8131#3.5875#0.8161#-0.3011#0.0102#1.5382
15.00:hum1:18.8427#4.4515#0.9191#0.9013#-0.0270#1.5498
16.00:hum1:18.3750#4.6735#0.4025#0.0000#0.0000#-1.5700
17.00:hum1:18.3750#4.6735#0.4025#0.0000#0.0000#-1.5700
18.00:hum1:18.3750#4.6735#0.4025#0.0000#0.0000#-1.5700
19.00:hum1:18.3750#4.6735#0.4025#0.0000#0.0000#-1.5700
20.00:hum1:18.3750#4.6735#0.4025#0.0000#0.0000#-1.5700
21.00:hum1:18.3750#4.6735#0.4025#0.0000#0.0000#-1.5700
22.00:hum1:18.3750#4.6735#0.4025#0.0000#0.0000#-1.5700
23.00:hum1:18.3750#4.6735#0.4025#0.0000#0.0000#-1.5700
24.00:hum1:18.3750#4.6735#0.4025#0.0000#0.0000#-1.5700
25.00:hum1:18.3750#4.6735#0.4025#0.0000#0.0000#-1.5700
26.00:hum1:18.3750#4.6735#0.4025#0.0000#0.0000#-1.5700
27.00:hum1:18.3750#4.6735#0.4025#0.0000#0.0000#-1.5700
28.00:hum1:18.3750#4.6735#0.4025#0.0000#0.0000#-1.5700
29.00:hum1:18.3750#4.6735#0.4025#0.0000#0.0000#-1.5700
30.00:hum1:18.3750#4.6735#0.4025#0.0000#0.0000#-1.5700
31.00:hum1:18.3750#4.6735#0.4025#0.0000#0.0000#-1.5700
32.00:hum1:18.3750#4.6735#0.4025#0.0000#0.0000#-1.5700
33.00:hum1:18.3750#4.6735#0.4025#0.0000#0.0000#-1.5700
34.00:hum1:18.3750#4.6735#0.4025#0.0000#0.0000#-1.5700
35.00:hum1:18.3750#4.6735#0.4025#0.0000#0.0000#-1.5700
36.00:hum1:18.3751#4.0644#0.8102#-0.1104#-0.0001#-1.5700
37.00:hum1:18.3751#4.0535#0.8025#0.0000#0.0000#-1.5700
38.00:hum1:18.1459#0.6690#0.8244#0.3635#-0.0074#-1.5899
39.00:hum1:16.6149#-1.4203#0.8025#0.0000#-0.0000#-2.1679
40.00:hum1:15.2475#-3.3484#0.9598#-0.9989#0.5371#-1.8886
41.00:hum1:14.3695#-4.9109#0.8262#-0.2511#0.2146#-2.2634
42.00:hum1:14.3053#-4.9845#0.8204#0.2542#-0.2166#-2.2616
43.00:hum1:14.1981#-5.1070#0.8025#0.0000#-0.0000#-2.2894
44.00:hum1:14.1981#-5.1070#0.8025#0.0000#-0.0000#-2.2894
45.00:hum1:14.1981#-5.1070#0.8025#0.0000#-0.0000#-2.2894
46.00:hum1:14.1981#-5.1070#0.8025#0.0000#-0.0000#-2.2894
47.00:hum1:14.1981#-5.1070#0.8025#0.0000#-0.0000#-2.2894
48.00:hum1:14.1981#-5.1070#0.8025#0.0000#-0.0000#-2.2894
49.00:hum1:14.1981#-5.1070#0.8025#0.0000#-0.0000#-2.2894
50.00:hum1:14.1981#-5.1070#0.8025#0.0000#-0.0000#-2.2894
51.00:hum1:14.1981#-5.1070#0.8025#0.0000#-0.0000#-2.2894
52.00:hum1:14.1981#-5.1070#0.8025#0.0000#-0.0000#-2.2894
53.00:hum1:14.1981#-5.1070#0.8025#0.0000#-0.0000#-2.2894
54.00:hum1:14.1981#-5.1070#0.8025#0.0000#-0.0000#-2.2894
55.00:hum1:14.1981#-5.1070#0.8025#0.0000#-0.0000#-2.2894
56.00:hum1:14.1981#-5.1070#0.8025#0.0000#-0.0000#-2.2894
57.00:hum1:14.1981#-5.1070#0.8025#0.0000#-0.0000#-2.2894
58.00:hum1:14.1981#-5.1070#0.8025#0.0000#-0.0000#-2.2894
59.00:hum1:14.1981#-5.1070#0.8025#0.0000#-0.0000#-2.2894