
1.00:hum1:-0.2750#-0.5250#0.8025#-0.0000#0.0000#-0.0000
2.00:hum1:-0.2750#-0.5250#0.8025#-0.0000#0.0000#-0.0000
3.00:hum1:-0.2750#-0.5250#0.8025#-0.0000#0.0000#-0.0000
4.00:hum1:-0.2750#-0.5250#0.8025#-0.0000#0.0000#-0.0000
5.00:hum1:-0.2750#-0.5250#0.8025#-0.0000#0.0000#-0.0000
6.00:hum1:-0.2750#-0.5250#0.8025#-0.0000#0.0000#-0.0000
7.00:hum1:-0.2750#-0.5250#0.8025#-0.0000#0.0000#-0.0000
8.00:hum1:-0.2750#-0.5250#0.8025#-0.0000#0.0000#-0.0000
9.00:hum1:-0.2750#-0.5250#0.8025#-0.0000#0.0000#-0.0000
10.00:hum1:-0.2750#-0.5250#0.8025#-0.0000#0.0000#-0.0000
11.00:hum1:-0.2750#-0.5250#0.8025#-0.0000#0.0000#-0.0000
12.00:hum1:-0.2750#-0.5250#0.8025#-0.0000#0.0000#-0.0000
13.00:hum1:-0.2750#-0.5250#0.8025#-0.0000#0.0000#-0.0000
14.00:hum1:-0.2750#-0.5250#0.8025#-0.0000#0.0000#-0.0000
15.00:hum1:-0.2750#-0.5250#0.8025#-0.0000#0.0000#-0.0000
16.00:hum1:-0.2750#-0.5250#0.8025#-0.0000#0.0000#-0.0000
17.00:hum1:-0.2750#-0.5250#0.8025#-0.0000#0.0000#-0.0000
18.00:hum1:-0.2750#-0.5250#0.8025#-0.0000#0.0000#-0.0000
19.00:hum1:0.0440#-0.6516#0.8466#-0.1764#-0.4645#-0.3785
20.00:hum1:1.3382#-0.9868#0.9377#-0.2997#-0.9578#-0.3609
21.00:hum1:2.5598#-1.2309#0.9191#-0.2032#-0.8849#-0.2599
22.00:hum1:3.5767#-1.4011#0.8168#-0.0302#-0.2236#-0.1350
23.00:hum1:4.5312#-1.5099#0.8153#0.0718#0.2366#-0.2974
24.00:hum1:5.0208#-1.5869#0.8048#0.0054#0.0580#-0.0921
25.00:hum1:5.8186#-1.5770#0.8244#-0.0096#0.3635#0.0272
26.00:hum1:6.9177#-1.5298#0.8204#-0.0350#0.3306#0.1079
27.00:hum1:8.2647#-1.4156#0.8044#0.0009#-0.0071#0.1193
28.00:hum1:9.5553#-1.2700#0.8618#0.0925#-0.5890#0.1657
29.00:hum1:9.7639#-1.2412#0.9377#0.2051#-0.9746#0.2467
30.00:hum1:10.7016#-1.3844#0.9141#-0.0706#-0.8763#-0.0914
31.00:hum1:11.9600#-1.5503#0.9413#-0.1497#-0.9974#-0.1774
32.00:hum1:12.1556#-1.5689#0.8161#0.0298#0.2998#-0.1003
33.00:hum1:12.1556#-1.5689#0.8161#0.0298#0.2998#-0.1003
34.00:hum1:12.1556#-1.5689#0.8161#0.0298#0.2998#-0.1003
35.00:hum1:12.1556#-1.5689#0.8161#0.0298#0.2998#-0.1003
36.00:hum1:12.1556#-1.5689#0.8161#0.0298#0.2998#-0.1003
37.00:hum1:12.1556#-1.5689#0.8161#0.0298#0.2998#-0.1003
38.00:hum1:12.1556#-1.5689#0.8161#0.0298#0.2998#-0.1003
39.00:hum1:13.0431#-1.5576#0.8496#0.0210#-0.5156#0.0429
40.00:hum1:14.0460#-1.5201#0.8071#-0.0003#0.0080#0.0373
41.00:hum1:15.1410#-1.4792#0.8215#-0.0121#0.3156#0.0392
42.00:hum1:15.6239#-1.4612#0.8025#-0.0000#0.0000#0.0373
43.00:hum1:16.2967#-1.4361#0.8244#-0.0141#0.3634#0.0399
44.00:hum1:17.6301#-1.3864#0.8048#-0.0022#0.0582#0.0374
45.00:hum1:18.4071#-0.0815#0.8466#0.4851#-0.1003#1.3834
46.00:hum1:18.6822#1.1947#0.9377#0.9783#-0.1772#1.4530
47.00:hum1:18.7369#2.4711#0.9191#0.9009#-0.0407#1.5389
48.00:hum1:18.7896#3.4935#0.8168#0.2253#-0.0116#1.5206
49.00:hum1:18.8123#3.9339#0.8044#0.0072#-0.0004#1.5192
50.00:hum1:18.3750#4.6735#0.4025#0.0000#0.0000#-1.5700
51.00:hum1:18.3750#4.6735#0.4025#0.0000#0.0000#-1.5700
52.00:hum1:18.3750#4.6735#0.4025#0.0000#0.0000#-1.5700
53.00:hum1:18.3750#4.6735#0.4025#0.0000#0.0000#-1.5700
54.00:hum1:18.3750#4.6735#0.4025#0.0000#0.0000#-1.5700
55.00:hum1:18.3750#4.6735#0.4025#0.0000#0.0000#-1.5700
56.00:hum1:18.3750#4.6735#0.4025#0.0000#0.0000#-1.5700
57.00:hum1:18.3750#4.6735#0.4025#0.0000#0.0000#-1.5700
58.00:hum1:18.3750#4.6735#0.4025#0.0000#0.0000#-1.5700
59.00:hum1:18.3750#4.6735#0.4025#0.0000#0.0000#-1.5700
60.00:hum1:18.3750#4.6735#0.4025#0.0000#0.0000#-1.5700
61.00:hum1:18.3750#4.6735#0.4025#0.0000#0.0000#-1.5700
62.00:hum1:18.3750#4.6735#0.4025#0.0000#0.0000#-1.5700
63.00:hum1:18.3750#4.6735#0.4025#0.0000#0.0000#-1.5700
64.00:hum1:18.3750#4.6735#0.4025#0.0000#0.0000#-1.5700
65.00:hum1:18.3750#4.6735#0.4025#0.0000#0.0000#-1.5700
66.00:hum1:18.3750#4.6735#0.4025#0.0000#0.0000#-1.5700
67.00:hum1:18.3750#4.6735#0.4025#0.0000#0.0000#-1.5700
68.00:hum1:18.2945#3.4762#0.8204#0.3310#-0.0313#-1.6614
69.00:hum1:18.1585#2.1289#0.8044#-0.0072#0.0005#-1.6416
70.00:hum1:18.0397#0.8427#0.8618#-0.5939#0.0442#-1.6358
71.00:hum1:17.5466#-0.1044#0.9598#-0.9197#0.6963#-2.0250
72.00:hum1:16.8108#-1.0649#0.8721#-0.5563#0.3705#-2.0977
73.00:hum1:16.6126#-1.3348#0.8025#0.0000#-0.0000#-2.2042
74.00:hum1:16.6126#-1.3348#0.8025#0.0000#-0.0000#-2.2042
75.00:hum1:16.6126#-1.3348#0.8025#0.0000#-0.0000#-2.2042
76.00:hum1:16.6126#-1.3348#0.8025#0.0000#-0.0000#-2.2042
77.00:hum1:16.6126#-1.3348#0.8025#0.0000#-0.0000#-2.2042
78.00:hum1:16.6126#-1.3348#0.8025#0.0000#-0.0000#-2.2042
79.00:hum1:16.6126#-1.3348#0.8025#0.0000#-0.0000#-2.2042
80.00:hum1:16.6126#-1.3348#0.8025#0.0000#-0.0000#-2.2042
81.00:hum1:16.6126#-1.3348#0.8025#0.0000#-0.0000#-2.2042
82.00:hum1:16.6126#-1.3348#0.8025#0.0000#-0.0000#-2.2042
83.00:hum1:16.6126#-1.3348#0.8025#0.0000#-0.0000#-2.2042
84.00:hum1:16.6126#-1.3348#0.8025#0.0000#-0.0000#-2.2042
85.00:hum1:16.6126#-1.3348#0.8025#0.0000#-0.0000#-2.2042
86.00:hum1:16.6126#-1.3348#0.8025#0.0000#-0.0000#-2.2042
87.00:hum1:16.6126#-1.3348#0.8025#0.0000#-0.0000#-2.2042
88.00:hum1:16.2062#-1.9246#0.8496#-0.4370#0.2837#-2.1103
89.00:hum1:15.9058#-2.9918#0.8071#0.0080#0.0002#-1.5448
90.00:hum1:15.7559#-3.7591#0.8215#0.1951#-0.2500#-2.4673
91.00:hum1:15.0094#-4.3267#0.8025#0.0000#-0.0000#-2.4909
92.00:hum1:15.0094#-4.3267#0.8025#0.0000#-0.0000#-2.4909