
1.00:hum1:-5.5750#-1.5000#0.8025#-0.0000#0.0000#-0.0000
2.00:hum1:-5.5750#-1.5000#0.8025#-0.0000#0.0000#-0.0000
3.00:hum1:-5.5750#-1.5000#0.8025#-0.0000#0.0000#-0.0000
4.00:hum1:-5.5750#-1.5000#0.8025#-0.0000#0.0000#-0.0000
5.00:hum1:-5.5750#-1.5000#0.8025#-0.0000#0.0000#-0.0000
6.00:hum1:-5.5750#-1.5000#0.8025#-0.0000#0.0000#-0.0000
7.00:hum1:-5.5750#-1.5000#0.8025#-0.0000#0.0000#-0.0000
8.00:hum1:-5.5750#-1.5000#0.8025#-0.0000#0.0000#-0.0000
9.00:hum1:-5.5750#-1.5000#0.8025#-0.0000#0.0000#-0.0000
10.00:hum1:-5.5750#-1.5000#0.8025#-0.0000#0.0000#-0.0000
11.00:hum1:-5.5750#-1.5000#0.8025#-0.0000#0.0000#-0.0000
12.00:hum1:-5.5750#-1.5000#0.8025#-0.0000#0.0000#-0.0000
13.00:hum1:-5.6683#-1.5036#0.8244#-0.0140#0.3634#0.0397
14.00:hum1:-4.3338#-1.4525#0.8048#-0.0024#0.0582#0.0420
15.00:hum1:-3.6669#-1.4246#0.9413#0.0654#-1.0032#0.0779
16.00:hum1:-3.6584#-1.4242#0.8721#0.0321#-0.6567#0.0529
17.00:hum1:-2.9490#-1.3945#0.8763#0.0338#-0.6815#0.0539
18.00:hum1:-1.9438#-1.3523#0.8618#0.0282#-0.5948#0.0506
19.00:hum1:-1.1361#-1.3184#0.8044#0.0003#-0.0072#0.0419
20.00:hum1:-0.2577#-1.2815#0.8120#-0.0115#0.2698#0.0435
21.00:hum1:1.0487#-1.2267#0.8115#0.0068#-0.1618#0.0425
22.00:hum1:2.3589#-1.1718#0.8908#0.0397#-0.7612#0.0579
23.00:hum1:3.3550#-1.1300#0.8763#0.0338#-0.6815#0.0539
24.00:hum1:4.3602#-1.0878#0.8618#0.0282#-0.5948#0.0506
25.00:hum1:5.3676#-1.0455#0.8466#0.0224#-0.4941#0.0476
26.00:hum1:6.3674#-1.0036#0.8273#0.0148#-0.3411#0.0445
27.00:hum1:7.6065#-1.0295#0.9141#-0.1786#-0.8649#-0.2325
28.00:hum1:8.8947#-1.1881#0.9413#-0.1164#-1.0002#-0.1377
29.00:hum1:9.9419#-1.2751#0.8262#-0.0214#-0.3281#-0.0659
30.00:hum1:10.9249#-1.3353#0.8116#0.0081#0.1945#-0.0413
31.00:hum1:12.1144#-1.3713#0.8267#0.0057#0.3728#-0.0154
32.00:hum1:13.4380#-1.3766#0.8067#-0.0024#0.1560#0.0156
33.00:hum1:14.7430#-1.3689#0.8273#0.0016#-0.3414#0.0052
34.00:hum1:16.0390#-1.3626#0.9141#0.0055#-0.8784#0.0075
35.00:hum1:17.3190#-1.3563#0.9413#0.0072#-1.0046#0.0089
36.00:hum1:18.3082#-0.6279#0.8262#0.3223#-0.0660#1.3763
37.00:hum1:18.5079#0.3315#0.8116#-0.1906#0.0395#1.3693
38.00:hum1:18.7492#1.4904#0.8267#-0.3657#0.0744#1.3793
39.00:hum1:19.0176#2.7795#0.8067#-0.1528#0.0317#1.3679
40.00:hum1:19.1931#3.6224#0.8204#-0.3259#0.0667#1.3765
41.00:hum1:18.3750#4.6735#0.4025#0.0000#0.0000#-1.5700
42.00:hum1:18.3750#4.6735#0.4025#0.0000#0.0000#-1.5700
43.00:hum1:18.3750#4.6735#0.4025#0.0000#0.0000#-1.5700
44.00:hum1:18.3750#4.6735#0.4025#0.0000#0.0000#-1.5700
45.00:hum1:18.3750#4.6735#0.4025#0.0000#0.0000#-1.5700
46.00:hum1:18.3750#4.6735#0.4025#0.0000#0.0000#-1.5700
47.00:hum1:18.3750#4.6735#0.4025#0.0000#0.0000#-1.5700
48.00:hum1:18.3750#4.6735#0.4025#0.0000#0.0000#-1.5700
49.00:hum1:18.3750#4.6735#0.4025#0.0000#0.0000#-1.5700
50.00:hum1:18.3750#4.6735#0.4025#0.0000#0.0000#-1.5700
51.00:hum1:18.3750#4.6735#0.4025#0.0000#0.0000#-1.5700
52.00:hum1:18.3750#4.6735#0.4025#0.0000#0.0000#-1.5700
53.00:hum1:18.3750#4.6735#0.4025#0.0000#0.0000#-1.5700
54.00:hum1:18.3750#4.6735#0.4025#0.0000#0.0000#-1.5700
55.00:hum1:18.3750#4.2110#0.8120#0.2700#0.0001#-1.5700
56.00:hum1:18.3750#4.2110#0.8120#0.2700#0.0001#-1.5700
57.00:hum1:18.3750#4.2110#0.8120#0.2700#0.0001#-1.5700
58.00:hum1:18.3750#4.2110#0.8120#0.2700#0.0001#-1.5700
59.00:hum1:18.3750#4.2110#0.8120#0.2700#0.0001#-1.5700
60.00:hum1:18.3750#4.2110#0.8120#0.2700#0.0001#-1.5700
61.00:hum1:18.3750#4.2110#0.8120#0.2700#0.0001#-1.5700
62.00:hum1:18.3750#4.2110#0.8120#0.2700#0.0001#-1.5700
63.00:hum1:18.3631#4.0395#0.8069#-0.0808#0.0149#-1.7522
64.00:hum1:18.2175#2.7259#0.8763#-0.6812#0.0405#-1.6203
65.00:hum1:18.1094#1.4163#0.9597#-1.0852#0.0765#-1.6108
66.00:hum1:17.7606#0.5337#0.8496#-0.4318#0.2919#-2.1287
67.00:hum1:17.3121#-0.1797#0.8168#-0.0731#0.2136#-2.8087
68.00:hum1:17.2236#-0.2495#0.8071#0.0064#-0.0048#-2.2176
69.00:hum1:16.3586#-0.5516#0.8496#-0.1546#0.4943#-2.8239
70.00:hum1:15.5533#-0.7148#0.8071#0.0011#-0.0080#-3.0058
71.00:hum1:14.6283#-0.7761#0.8215#-0.0487#-0.3122#2.9845
72.00:hum1:13.5603#-0.6098#0.8161#-0.0597#-0.2954#2.9394
73.00:hum1:13.1152#-1.0474#0.8069#-0.0183#-0.0801#-0.2240
74.00:hum1:13.0852#-0.5403#0.8763#0.1663#0.6648#2.8762
75.00:hum1:13.6529#-1.1775#0.9597#-0.3843#-1.0449#-0.4371
76.00:hum1:12.7972#-0.4833#0.8496#0.1181#0.5035#2.9008
77.00:hum1:11.8476#-0.7916#0.8071#0.0017#0.0078#-0.2116
78.00:hum1:12.9175#-1.0311#0.8215#0.0667#0.3089#-0.2160
79.00:hum1:13.5135#-0.6414#0.8161#-0.0658#-0.2942#2.9186
80.00:hum1:13.2278#-1.0896#0.8069#-0.0172#-0.0804#-0.2111
81.00:hum1:13.1199#-0.5540#0.8763#0.1694#0.6641#2.8713
82.00:hum1:13.8445#-1.2209#0.9597#-0.3800#-1.0459#-0.4321
83.00:hum1:12.7868#-0.4822#0.8496#0.1185#0.5034#2.9000
84.00:hum1:11.8372#-0.7901#0.8071#0.0017#0.0078#-0.2113
85.00:hum1:12.9072#-1.0281#0.8215#0.0669#0.3089#-0.2166
86.00:hum1:13.5486#-0.6487#0.8161#-0.0657#-0.2942#2.9188
87.00:hum1:13.3646#-1.1189#0.8069#-0.0172#-0.0804#-0.2111
88.00:hum1:13.0266#-0.5340#0.8763#0.1693#0.6641#2.8715
89.00:hum1:13.8530#-1.2227#0.9597#-0.3800#-1.0459#-0.4320
90.00:hum1:13.1531#-1.0724#0.8496#-0.1186#-0.5034#-0.2419
91.00:hum1:13.4958#-0.6345#0.8071#-0.0017#-0.0078#2.9299