
1.00:hum1:-0.2750#-0.5250#0.8025#-0.0000#0.0000#-0.0000
2.00:hum1:-0.2750#-0.5250#0.8025#-0.0000#0.0000#-0.0000
3.00:hum1:-0.2750#-0.5250#0.8025#-0.0000#0.0000#-0.0000
4.00:hum1:-0.2750#-0.5250#0.8025#-0.0000#0.0000#-0.0000
5.00:hum1:-0.2750#-0.5250#0.8025#-0.0000#0.0000#-0.0000
6.00:hum1:-0.4260#-0.4991#0.8244#0.0768#0.3558#-0.2172
7.00:hum1:0.9181#-0.7115#0.8025#0.0000#0.0000#-0.1011
8.00:hum1:1.8948#-0.8629#0.8067#0.0146#0.1553#-0.0935
9.00:hum1:2.8720#-0.9971#0.8120#0.0240#0.2690#-0.0898
10.00:hum1:3.8558#-1.1150#0.8161#0.0250#0.3002#-0.0839
11.00:hum1:5.1812#-1.2317#0.8069#-0.0065#-0.0819#-0.0793
12.00:hum1:6.4746#-1.3297#0.8763#-0.0541#-0.6804#-0.0855
13.00:hum1:7.7959#-1.4189#0.9597#-0.0900#-1.0846#-0.1013
14.00:hum1:8.9142#-1.4719#0.8496#-0.0180#-0.5157#-0.0362
15.00:hum1:9.9216#-1.5035#0.8071#0.0001#0.0080#-0.0124
16.00:hum1:10.9985#-1.5245#0.8102#0.0016#-0.1104#0.0145
17.00:hum1:12.1312#-1.5027#0.8025#-0.0000#0.0000#0.0584
18.00:hum1:12.3223#-2.2085#0.8153#0.2211#0.1110#-1.1125
19.00:hum1:13.3208#-2.2894#0.8116#-0.1152#0.1572#0.6370
20.00:hum1:13.3901#-2.0436#0.8081#0.1259#-0.0235#-1.7541
21.00:hum1:13.2108#-3.1358#0.8071#0.0080#-0.0003#-1.6095
22.00:hum1:13.2092#-4.0914#0.8102#-0.0982#0.0505#-2.0442
23.00:hum1:13.6834#-5.0036#0.8908#-0.6599#-0.4136#-1.0925
24.00:hum1:13.7477#-5.0934#0.9377#-0.8904#-0.5078#-1.1955
25.00:hum1:13.8456#-5.2300#0.9413#-0.9073#-0.5136#-1.2037
26.00:hum1:13.7404#-5.0830#0.8025#0.0000#0.0000#-0.9491
27.00:hum1:13.7404#-5.0830#0.8025#0.0000#0.0000#-0.9491
28.00:hum1:13.7404#-5.0830#0.8025#0.0000#0.0000#-0.9491
29.00:hum1:13.7404#-5.0830#0.8025#0.0000#0.0000#-0.9491
30.00:hum1:13.7404#-5.0830#0.8025#0.0000#0.0000#-0.9491
31.00:hum1:13.7404#-5.0830#0.8025#0.0000#0.0000#-0.9491
32.00:hum1:13.7404#-5.0830#0.8025#0.0000#0.0000#-0.9491
33.00:hum1:13.7404#-5.0830#0.8025#0.0000#0.0000#-0.9491
34.00:hum1:13.7404#-5.0830#0.8025#0.0000#0.0000#-0.9491
35.00:hum1:13.7404#-5.0830#0.8025#0.0000#0.0000#-0.9491
36.00:hum1:13.7404#-5.0830#0.8025#0.0000#0.0000#-0.9491
37.00:hum1:13.7404#-5.0830#0.8025#0.0000#0.0000#-0.9491
38.00:hum1:13.7404#-5.0830#0.8025#0.0000#0.0000#-0.9491
39.00:hum1:13.7404#-5.0830#0.8025#0.0000#0.0000#-0.9491
40.00:hum1:13.7404#-5.0830#0.8025#0.0000#0.0000#-0.9491
41.00:hum1:13.7404#-5.0830#0.8025#0.0000#0.0000#-0.9491
42.00:hum1:13.7404#-5.0830#0.8025#0.0000#0.0000#-0.9491
43.00:hum1:13.7404#-5.0830#0.8025#0.0000#0.0000#-0.9491
44.00:hum1:13.7404#-5.0830#0.8025#0.0000#0.0000#-0.9491
45.00:hum1:13.7404#-5.0830#0.8025#0.0000#0.0000#-0.9491