
2.00:0.2653#-1.1874#0.2401#-0.0001#-0.0023#-0.0001
3.00:0.2652#-1.1874#0.2401#-0.0001#-0.0021#-0.0001
4.00:0.2651#-1.1874#0.2401#-0.0001#-0.0022#-0.0001
5.00:0.2650#-1.1874#0.2401#-0.0001#-0.0022#-0.0001
6.00:0.2650#-1.1874#0.2401#-0.0001#-0.0020#-0.0002
7.00:0.2649#-1.1874#0.2401#-0.0001#-0.0021#-0.0002
8.00:0.2649#-1.1874#0.2401#-0.0001#-0.0021#-0.0002
9.00:0.2648#-1.1874#0.2401#-0.0001#-0.0021#-0.0002
10.00:0.2647#-1.1874#0.2401#-0.0001#-0.0022#-0.0003
11.00:0.2646#-1.1874#0.2401#-0.0001#-0.0022#-0.0003
12.00:0.2646#-1.1874#0.2401#-0.0001#-0.0021#-0.0003
13.00:0.2644#-1.1874#0.2401#-0.0001#-0.0024#-0.0004
14.00:0.2644#-1.1874#0.2401#-0.0001#-0.0021#-0.0004
15.00:0.2644#-1.1874#0.2401#-0.0001#-0.0020#-0.0003
16.00:0.2643#-1.1874#0.2401#-0.0001#-0.0022#-0.0003
17.00:0.2642#-1.1875#0.2401#-0.0001#-0.0023#-0.0003
18.00:0.2641#-1.1875#0.2401#-0.0001#-0.0023#-0.0004
19.00:0.2640#-1.1875#0.2401#-0.0001#-0.0022#-0.0004
20.00:0.2640#-1.1875#0.2401#-0.0001#-0.0022#-0.0004
21.00:0.2639#-1.1875#0.2401#-0.0001#-0.0022#-0.0004
22.00:0.2639#-1.1875#0.2401#-0.0001#-0.0021#-0.0005
23.00:0.2638#-1.1875#0.2401#-0.0001#-0.0021#-0.0004
24.00:0.2637#-1.1875#0.2401#-0.0001#-0.0023#-0.0004
25.00:0.2636#-1.1875#0.2401#-0.0001#-0.0023#-0.0005
26.00:0.2635#-1.1875#0.2401#-0.0001#-0.0022#-0.0004
27.00:0.2634#-1.1875#0.2401#-0.0001#-0.0023#-0.0005
28.00:0.2633#-1.1875#0.2401#-0.0001#-0.0023#-0.0005
29.00:0.2633#-1.1875#0.2401#-0.0001#-0.0022#-0.0005
30.00:0.2632#-1.1875#0.2401#-0.0001#-0.0022#-0.0005
31.00:0.2632#-1.1875#0.2401#-0.0001#-0.0021#-0.0005
32.00:0.2630#-1.1875#0.2401#-0.0001#-0.0023#-0.0005
33.00:0.2630#-1.1875#0.2401#-0.0001#-0.0023#-0.0005
34.00:0.2629#-1.1875#0.2401#-0.0001#-0.0021#-0.0005
35.00:0.2629#-1.1875#0.2401#-0.0001#-0.0021#-0.0005
36.00:0.2627#-1.1875#0.2401#-0.0001#-0.0023#-0.0005
37.00:0.2626#-1.1875#0.2401#-0.0001#-0.0023#-0.0006
38.00:0.2626#-1.1875#0.2401#-0.0001#-0.0023#-0.0006
39.00:0.2625#-1.1876#0.2401#-0.0001#-0.0022#-0.0006
40.00:0.2624#-1.1876#0.2401#-0.0001#-0.0023#-0.0006
41.00:0.6490#-1.2233#0.2401#-0.0006#-0.0021#-0.2497
42.00:0.9747#-1.3284#0.2406#-0.0043#-0.0050#-0.5417
43.00:1.0251#-1.3402#0.2401#-0.0006#-0.0021#-0.2629
44.00:1.0800#-1.3353#0.2401#0.0000#-0.0021#0.0224
45.00:1.6762#-1.2740#0.2401#0.0001#-0.0017#0.0877
46.00:2.8375#-1.1718#0.2400#0.0000#-0.0015#0.0880
47.00:3.9987#-1.0695#0.2401#0.0001#-0.0020#0.0881
48.00:5.1638#-0.9666#0.2400#0.0002#-0.0016#0.0879
49.00:5.8484#-0.9061#0.2400#0.0001#-0.0015#0.0958
50.00:5.8483#-0.9061#0.2400#0.0001#-0.0014#0.0959
51.00:5.8483#-0.9061#0.2400#0.0001#-0.0014#0.0958
52.00:6.3903#-0.8602#0.2400#0.0000#-0.0017#0.0796
53.00:7.5521#-0.7676#0.2400#0.0000#-0.0014#0.0796
54.00:8.4444#-0.6978#0.2400#0.0000#-0.0011#0.0717
55.00:8.5079#-0.7075#0.2401#-0.0005#-0.0026#-0.1610
56.00:9.3042#-0.8860#0.2400#-0.0004#-0.0015#-0.2180
57.00:10.4423#-1.1381#0.2401#-0.0004#-0.0015#-0.2182
58.00:11.3592#-1.3391#0.2400#-0.0003#-0.0010#-0.2084
59.00:11.4408#-1.3415#0.2401#0.0000#-0.0021#0.0225
60.00:11.9227#-1.2848#0.2401#0.0001#-0.0018#0.0917
61.00:13.0838#-1.1787#0.2400#0.0000#-0.0014#0.0914
62.00:14.0195#-1.0927#0.2400#0.0000#-0.0011#0.0919
63.00:14.0923#-1.0984#0.2401#-0.0004#-0.0022#-0.1329
64.00:14.1285#-1.1216#0.2401#-0.0010#-0.0020#-0.4313
65.00:14.1567#-1.1538#0.2401#-0.0016#-0.0016#-0.7262
66.00:14.1740#-1.1929#0.2401#-0.0019#-0.0011#-1.0172
67.00:14.4335#-1.7273#0.2401#-0.0015#-0.0006#-1.1130
68.00:14.6377#-2.1426#0.2400#-0.0016#-0.0006#-1.1555
69.00:14.6375#-2.1863#0.2401#-0.0022#-0.0002#-1.4483
70.00:14.6134#-2.5117#0.2401#-0.0018#0.0002#-1.6346
71.00:14.5281#-3.6607#0.2400#-0.0015#0.0002#-1.6452
72.00:14.4414#-4.8230#0.2400#-0.0017#0.0002#-1.6451
73.00:14.3545#-5.9896#0.2400#-0.0014#0.0003#-1.6454
74.00:14.3039#-6.6746#0.2400#-0.0016#0.0002#-1.6370
75.00:14.3039#-6.6745#0.2400#-0.0015#0.0002#-1.6370
76.00:14.3039#-6.6745#0.2400#-0.0014#0.0002#-1.6370
77.00:14.3040#-6.6744#0.2400#-0.0015#0.0002#-1.6370
78.00:14.3039#-6.6743#0.2400#-0.0014#0.0002#-1.6370
79.00:14.3039#-6.6742#0.2400#-0.0016#0.0002#-1.6370
80.00:14.3039#-6.6742#0.2400#-0.0015#0.0002#-1.6370
81.00:14.3039#-6.6741#0.2400#-0.0014#0.0002#-1.6371
82.00:14.3039#-6.6740#0.2400#-0.0015#0.0002#-1.6371
83.00:14.3039#-6.6740#0.2400#-0.0015#0.0002#-1.6371
84.00:14.3039#-6.6739#0.2400#-0.0015#0.0002#-1.6371
85.00:14.3039#-6.6738#0.2400#-0.0015#0.0002#-1.6371
86.00:14.3039#-6.6737#0.2400#-0.0016#0.0002#-1.6371
87.00:14.3039#-6.6736#0.2400#-0.0017#0.0002#-1.6371
88.00:14.3039#-6.6736#0.2400#-0.0014#0.0002#-1.6371
89.00:14.3039#-6.6735#0.2400#-0.0015#0.0002#-1.6371
90.00:14.3039#-6.6735#0.2400#-0.0015#0.0002#-1.6371
91.00:14.3040#-6.6734#0.2400#-0.0014#0.0002#-1.6371
92.00:14.3040#-6.6734#0.2400#-0.0014#0.0002#-1.6371
93.00:14.3040#-6.6733#0.2400#-0.0014#0.0002#-1.6371
94.00:14.3040#-6.6732#0.2400#-0.0014#0.0002#-1.6372
95.00:14.3040#-6.6732#0.2400#-0.0015#0.0002#-1.6372
96.00:14.3040#-6.6731#0.2400#-0.0015#0.0002#-1.6372
97.00:14.3040#-6.6730#0.2400#-0.0015#0.0002#-1.6372
98.00:14.3040#-6.6729#0.2400#-0.0015#0.0002#-1.6371
99.00:14.3040#-6.6729#0.2400#-0.0015#0.0002#-1.6371
100.00:14.3040#-6.6728#0.2400#-0.0015#0.0002#-1.6372
101.00:14.3040#-6.6728#0.2400#-0.0015#0.0002#-1.6372
102.00:14.3040#-6.6727#0.2400#-0.0015#0.0002#-1.6372
103.00:14.3040#-6.6726#0.2400#-0.0015#0.0002#-1.6372
104.00:14.3040#-6.6726#0.2400#-0.0015#0.0002#-1.6372
105.00:14.3040#-6.6725#0.2400#-0.0014#0.0002#-1.6373
106.00:14.3040#-6.6725#0.2400#-0.0015#0.0002#-1.6373
107.00:14.3040#-6.6724#0.2400#-0.0014#0.0002#-1.6373
108.00:14.3040#-6.6724#0.2400#-0.0015#0.0002#-1.6373
109.00:14.3160#-6.7163#0.2401#-0.0019#-0.0003#-1.3967
110.00:14.3241#-6.7336#0.2401#-0.0022#-0.0006#-1.2950
111.00:14.3566#-6.7773#0.2401#-0.0018#-0.0011#-1.0046
112.00:14.4011#-6.8109#0.2401#-0.0014#-0.0016#-0.7142
113.00:14.4540#-6.8304#0.2401#-0.0009#-0.0019#-0.4197
114.00:14.5105#-6.8340#0.2401#-0.0003#-0.0021#-0.1271
115.00:14.5663#-6.8209#0.2401#0.0003#-0.0021#0.1678
116.00:14.6161#-6.7917#0.2401#0.0009#-0.0020#0.4649
117.00:14.6557#-6.7494#0.2401#0.0015#-0.0016#0.7610
118.00:14.6804#-6.6981#0.2401#0.0019#-0.0011#1.0571
119.00:14.6894#-6.6413#0.2401#0.0021#-0.0005#1.3540
120.00:14.6815#-6.5663#0.2401#0.0023#0.0001#1.6256
121.00:14.6408#-5.6581#0.2400#0.0017#-0.0000#1.6066
122.00:14.5990#-4.4912#0.2400#0.0012#-0.0000#1.6068
123.00:14.5568#-3.3242#0.2400#0.0015#-0.0000#1.6071
124.00:14.5140#-2.1594#0.2400#0.0014#-0.0000#1.6075
125.00:14.4862#-1.5274#0.2400#0.0018#0.0001#1.6512
126.00:14.4629#-1.4770#0.2401#0.0020#0.0007#1.9416
127.00:14.4260#-1.4355#0.2401#0.0017#0.0013#2.2298
128.00:14.3796#-1.4067#0.2401#0.0013#0.0018#2.5182
129.00:14.1531#-1.3018#0.2400#0.0009#0.0015#2.6800
130.00:13.5427#-0.9701#0.2400#0.0008#0.0013#2.6322
131.00:13.4877#-0.9609#0.2401#0.0005#0.0020#2.9101
132.00:13.4139#-0.9669#0.2401#-0.0000#0.0021#-3.1063
133.00:12.5016#-0.9764#0.2400#0.0002#0.0014#3.1364
134.00:11.3359#-0.9703#0.2400#0.0000#0.0015#3.1364
135.00:10.1701#-0.9643#0.2400#0.0001#0.0014#3.1365
136.00:9.0044#-0.9585#0.2400#0.0001#0.0015#3.1366
137.00:7.8369#-0.9527#0.2400#0.0001#0.0011#3.1367
138.00:6.6690#-0.9474#0.2401#0.0001#0.0016#3.1369
139.00:5.5032#-0.9419#0.2400#0.0001#0.0016#3.1369
140.00:4.3374#-0.9365#0.2400#0.0003#0.0005#3.1369
141.00:3.1722#-0.9308#0.2400#0.0001#0.0013#3.1366
142.00:2.0027#-0.9250#0.2400#0.0001#0.0016#3.1367
143.00:1.3681#-0.9207#0.2400#0.0000#0.0015#-3.1202
144.00:1.2191#-0.9641#0.2401#-0.0005#0.0021#-2.8818
145.00:0.1854#-1.1832#0.2400#-0.0002#0.0013#-2.9409
146.00:-0.9606#-1.4163#0.2400#-0.0002#0.0014#-2.9409
147.00:-1.5319#-1.5391#0.2400#-0.0003#0.0016#-2.8937
148.00:-1.5724#-1.5317#0.2401#0.0002#0.0020#3.1008
149.00:-2.0702#-1.4731#0.2400#0.0002#0.0010#3.0361
150.00:-2.0987#-1.4704#0.2400#0.0002#0.0016#3.0439