
1.00:hum1:-0.2750#-0.5250#0.8025#-0.0000#0.0000#-0.0000
2.00:hum1:-0.2750#-0.5250#0.8025#-0.0000#0.0000#-0.0000
3.00:hum1:-0.2750#-0.5250#0.8025#-0.0000#0.0000#-0.0000
4.00:hum1:-0.2750#-0.5250#0.8025#-0.0000#0.0000#-0.0000
5.00:hum1:-0.2750#-0.5250#0.8025#-0.0000#0.0000#-0.0000
6.00:hum1:-0.2750#-0.5250#0.8025#-0.0000#0.0000#-0.0000
7.00:hum1:-0.2750#-0.5250#0.8025#-0.0000#0.0000#-0.0000
8.00:hum1:-0.2750#-0.5250#0.8025#-0.0000#0.0000#-0.0000
9.00:hum1:-0.2750#-0.5250#0.8025#-0.0000#0.0000#-0.0000
10.00:hum1:-0.2750#-0.5250#0.8025#-0.0000#0.0000#-0.0000
11.00:hum1:-0.1643#-0.5931#0.8044#-0.0028#-0.0066#-0.3995
12.00:hum1:0.2711#-0.7770#0.8025#0.0000#0.0000#-0.3995
13.00:hum1:0.2711#-0.7770#0.8025#0.0000#0.0000#-0.3995
14.00:hum1:1.1150#-0.9998#0.8618#-0.1299#-0.5827#-0.2327
15.00:hum1:2.4260#-1.2456#0.9598#-0.2627#-1.0684#-0.2973
16.00:hum1:3.5862#-1.4095#0.8721#-0.0959#-0.6514#-0.1570
17.00:hum1:4.5953#-1.5457#0.8102#-0.0122#-0.1097#-0.1104
18.00:hum1:4.8790#-1.5769#0.8120#0.0304#0.2683#-0.1139
19.00:hum1:4.8790#-1.5769#0.8120#0.0304#0.2683#-0.1139
20.00:hum1:5.6679#-1.6007#0.8071#-0.0005#0.0080#0.0657
21.00:hum1:6.7652#-1.5525#0.8215#-0.0265#0.3147#0.0856
22.00:hum1:8.0149#-1.4696#0.8161#-0.0301#0.2998#0.1019
23.00:hum1:9.3406#-1.3450#0.8069#0.0084#-0.0818#0.1029
24.00:hum1:10.6317#-1.2051#0.8763#0.0978#-0.6762#0.1558
25.00:hum1:10.8984#-1.1724#0.8153#-0.0304#0.2452#0.1251
26.00:hum1:11.5642#-1.2381#0.8618#-0.0934#-0.5889#-0.1667
27.00:hum1:12.8823#-1.3869#0.9598#-0.2135#-1.0749#-0.2413
28.00:hum1:13.1489#-1.4173#0.8025#0.0000#0.0000#-0.1138
29.00:hum1:13.1489#-1.4173#0.8025#0.0000#0.0000#-0.1138
30.00:hum1:13.1489#-1.4173#0.8025#0.0000#0.0000#-0.1138
31.00:hum1:13.1489#-1.4173#0.8025#0.0000#0.0000#-0.1138
32.00:hum1:13.1489#-1.4173#0.8025#0.0000#0.0000#-0.1138
33.00:hum1:13.1489#-1.4173#0.8025#0.0000#0.0000#-0.1138
34.00:hum1:13.1489#-1.4173#0.8025#0.0000#0.0000#-0.1138
35.00:hum1:13.1489#-1.4173#0.8025#0.0000#0.0000#-0.1138
36.00:hum1:13.1489#-1.4173#0.8025#0.0000#0.0000#-0.1138
37.00:hum1:13.9035#-1.4097#0.9377#0.0189#-0.9887#0.0229
38.00:hum1:15.1397#-1.3940#0.9191#0.0157#-0.9015#0.0203
39.00:hum1:16.1634#-1.3810#0.8168#0.0028#-0.2256#0.0130
40.00:hum1:17.1618#-1.3682#0.8153#-0.0031#0.2470#0.0131
41.00:hum1:18.2895#-0.5821#0.8244#-0.3559#0.0764#1.3686
42.00:hum1:18.5754#0.7212#0.8048#-0.0569#0.0125#1.3552
43.00:hum1:18.7145#2.0482#0.8466#0.4940#-0.0247#1.5253
44.00:hum1:18.7821#3.3520#0.9377#0.9882#-0.0435#1.5425
45.00:hum1:18.3750#4.6735#0.4025#0.0000#0.0000#-1.5700
46.00:hum1:18.3750#4.6735#0.4025#0.0000#0.0000#-1.5700
47.00:hum1:18.3750#4.6735#0.4025#0.0000#0.0000#-1.5700
48.00:hum1:18.3750#4.6735#0.4025#0.0000#0.0000#-1.5700
49.00:hum1:18.3750#4.6735#0.4025#0.0000#0.0000#-1.5700
50.00:hum1:18.3750#4.6735#0.4025#0.0000#0.0000#-1.5700
51.00:hum1:18.3750#4.6735#0.4025#0.0000#0.0000#-1.5700
52.00:hum1:18.3750#4.6735#0.4025#0.0000#0.0000#-1.5700
53.00:hum1:18.3750#4.6735#0.4025#0.0000#0.0000#-1.5700
54.00:hum1:18.3750#4.6735#0.4025#0.0000#0.0000#-1.5700
55.00:hum1:18.3750#4.6735#0.4025#0.0000#0.0000#-1.5700
56.00:hum1:18.3750#4.6735#0.4025#0.0000#0.0000#-1.5700
57.00:hum1:18.3750#4.6735#0.4025#0.0000#0.0000#-1.5700
58.00:hum1:18.2909#3.4784#0.9191#-0.8994#0.0740#-1.6291
59.00:hum1:18.1738#2.4563#0.8168#-0.2251#0.0155#-1.6380
60.00:hum1:18.0554#1.4658#0.8153#0.2465#-0.0165#-1.6359
61.00:hum1:17.9421#0.4414#0.8244#0.2742#-0.2419#-2.2758
62.00:hum1:17.0823#-0.6215#0.8048#0.0483#-0.0326#-2.1636
63.00:hum1:16.3568#-1.6969#0.8466#-0.4204#0.2687#-2.1063
64.00:hum1:16.1912#-3.1179#0.9377#-0.9881#0.0466#-1.6011
65.00:hum1:15.7845#-3.9059#0.9191#-0.6134#0.7095#-2.3171
66.00:hum1:15.1397#-4.3393#0.8025#0.0000#-0.0000#-2.5496