
1.00:hum1:-0.2750#-0.5250#0.8025#-0.0000#0.0000#-0.0000
2.00:hum1:-0.2750#-0.5250#0.8025#-0.0000#0.0000#-0.0000
3.00:hum1:-0.2750#-0.5250#0.8025#-0.0000#0.0000#-0.0000
4.00:hum1:-0.2750#-0.5250#0.8025#-0.0000#0.0000#-0.0000
5.00:hum1:-0.2750#-0.5250#0.8025#-0.0000#0.0000#-0.0000
6.00:hum1:-0.2750#-0.5250#0.8025#-0.0000#0.0000#-0.0000
7.00:hum1:-0.2750#-0.5250#0.8025#-0.0000#0.0000#-0.0000
8.00:hum1:-0.2750#-0.5250#0.8025#-0.0000#0.0000#-0.0000
9.00:hum1:-0.2750#-0.5250#0.8025#-0.0000#0.0000#-0.0000
10.00:hum1:-0.2750#-0.5250#0.8025#-0.0000#0.0000#-0.0000
11.00:hum1:-0.2750#-0.5250#0.8025#-0.0000#0.0000#-0.0000
12.00:hum1:-0.2750#-0.5250#0.8025#-0.0000#0.0000#-0.0000
13.00:hum1:-0.2750#-0.5250#0.8025#-0.0000#0.0000#-0.0000
14.00:hum1:-0.2750#-0.5250#0.8025#-0.0000#0.0000#-0.0000
15.00:hum1:0.4512#-0.8059#0.9191#-0.4090#-0.8283#-0.5314
16.00:hum1:1.4839#-1.0549#0.8168#-0.0441#-0.2213#-0.1983
17.00:hum1:2.4698#-1.2588#0.8153#0.0391#0.2440#-0.1602
18.00:hum1:3.6732#-1.4602#0.8244#0.0530#0.3599#-0.1492
19.00:hum1:3.8477#-1.4848#0.8025#0.0000#0.0000#-0.1396
20.00:hum1:3.8477#-1.4848#0.8025#0.0000#0.0000#-0.1396
21.00:hum1:3.8477#-1.4848#0.8025#0.0000#0.0000#-0.1396
22.00:hum1:3.8477#-1.4848#0.8025#0.0000#0.0000#-0.1396
23.00:hum1:3.8477#-1.4848#0.8025#0.0000#0.0000#-0.1396
24.00:hum1:3.8477#-1.4848#0.8025#0.0000#0.0000#-0.1396
25.00:hum1:3.8477#-1.4848#0.8025#0.0000#0.0000#-0.1396
26.00:hum1:4.2092#-1.5194#0.8466#-0.0511#-0.4921#-0.1076
27.00:hum1:5.5397#-1.5360#0.9377#0.0163#-0.9887#0.0199
28.00:hum1:6.7836#-1.5159#0.9191#0.0579#-0.9002#0.0742
29.00:hum1:7.8160#-1.4748#0.8168#0.0201#-0.2247#0.0905
30.00:hum1:8.8400#-1.3843#0.9484#0.1474#-1.0305#0.1718
31.00:hum1:8.8400#-1.3843#0.9484#0.1474#-1.0305#0.1718
32.00:hum1:9.6553#-1.3308#0.8908#0.1193#-0.7545#0.1736
33.00:hum1:10.9469#-1.1985#0.9484#0.2352#-1.0202#0.2745
34.00:hum1:11.0383#-1.1853#0.8267#-0.0553#0.3689#0.1527
35.00:hum1:11.0383#-1.1853#0.8267#-0.0553#0.3689#0.1527
36.00:hum1:11.5614#-1.2391#0.8618#-0.1273#-0.5832#-0.2281
37.00:hum1:12.9055#-1.3626#0.9598#-0.1442#-1.0817#-0.1627
38.00:hum1:13.3071#-1.3932#0.8025#0.0000#0.0000#-0.0760
39.00:hum1:13.3071#-1.3932#0.8025#0.0000#0.0000#-0.0760
40.00:hum1:13.3071#-1.3932#0.8025#0.0000#0.0000#-0.0760
41.00:hum1:13.3071#-1.3932#0.8025#0.0000#0.0000#-0.0760
42.00:hum1:13.3071#-1.3932#0.8025#0.0000#0.0000#-0.0760
43.00:hum1:13.3071#-1.3932#0.8025#0.0000#0.0000#-0.0760
44.00:hum1:14.0934#-1.3875#0.8721#0.0062#-0.6574#0.0105
45.00:hum1:15.1084#-1.3791#0.8102#0.0009#-0.1104#0.0084
46.00:hum1:16.1659#-1.3702#0.8171#-0.0022#0.2710#0.0086
47.00:hum1:17.3717#-1.3602#0.8204#-0.0028#0.3324#0.0088
48.00:hum1:18.3704#-0.2538#0.8044#0.0070#-0.0015#1.3587
49.00:hum1:18.6430#1.0120#0.8618#0.5849#-0.1185#1.3944
50.00:hum1:18.7343#2.3701#0.9598#1.0867#-0.0449#1.5475
51.00:hum1:18.7931#3.5366#0.8721#0.6568#-0.0310#1.5309
52.00:hum1:18.8089#3.8504#0.8067#-0.1558#0.0079#1.5210
53.00:hum1:18.3750#4.6735#0.4025#0.0000#0.0000#-1.5700
54.00:hum1:18.3750#4.6735#0.4025#0.0000#0.0000#-1.5700
55.00:hum1:18.3750#4.6735#0.4025#0.0000#0.0000#-1.5700
56.00:hum1:18.3750#4.6735#0.4025#0.0000#0.0000#-1.5700
57.00:hum1:18.3750#4.6735#0.4025#0.0000#0.0000#-1.5700
58.00:hum1:18.3750#4.6735#0.4025#0.0000#0.0000#-1.5700
59.00:hum1:18.3750#4.6735#0.4025#0.0000#0.0000#-1.5700
60.00:hum1:18.3750#4.6735#0.4025#0.0000#0.0000#-1.5700
61.00:hum1:18.3750#4.6735#0.4025#0.0000#0.0000#-1.5700
62.00:hum1:18.3750#4.6735#0.4025#0.0000#0.0000#-1.5700
63.00:hum1:18.3750#4.6735#0.4025#0.0000#0.0000#-1.5700
64.00:hum1:18.3750#4.6735#0.4025#0.0000#0.0000#-1.5700
65.00:hum1:18.3750#4.6735#0.4025#0.0000#0.0000#-1.5700
66.00:hum1:18.2781#3.3085#0.8120#0.2688#-0.0255#-1.6629
67.00:hum1:18.1547#2.0041#0.8115#-0.1615#0.0124#-1.6464
68.00:hum1:18.0425#0.6997#0.8908#-0.7602#0.0578#-1.6311
69.00:hum1:17.4350#-0.2498#0.9484#-0.9324#0.5475#-1.9391
70.00:hum1:16.8120#-1.1552#0.8374#-0.3608#0.2316#-2.1169
71.00:hum1:16.7428#-1.2590#0.8025#0.0000#-0.0000#-2.1586
72.00:hum1:16.7428#-1.2590#0.8025#0.0000#-0.0000#-2.1586
73.00:hum1:16.7428#-1.2590#0.8025#0.0000#-0.0000#-2.1586
74.00:hum1:16.7428#-1.2590#0.8025#0.0000#-0.0000#-2.1586
75.00:hum1:16.7428#-1.2590#0.8025#0.0000#-0.0000#-2.1586
76.00:hum1:16.7428#-1.2590#0.8025#0.0000#-0.0000#-2.1586
77.00:hum1:16.7428#-1.2590#0.8025#0.0000#-0.0000#-2.1586
78.00:hum1:16.7428#-1.2590#0.8025#0.0000#-0.0000#-2.1586
79.00:hum1:16.7428#-1.2590#0.8025#0.0000#-0.0000#-2.1586
80.00:hum1:16.7428#-1.2590#0.8025#0.0000#-0.0000#-2.1586
81.00:hum1:16.7428#-1.2590#0.8025#0.0000#-0.0000#-2.1586
82.00:hum1:16.5736#-1.5145#0.8044#-0.0060#0.0040#-2.1558
83.00:hum1:16.3010#-1.8067#0.8618#-0.5220#0.3006#-2.0458
84.00:hum1:16.0679#-3.2065#0.9598#-1.0871#0.0113#-1.5764
85.00:hum1:15.6091#-3.9454#0.8721#-0.4403#0.5052#-2.3693
86.00:hum1:15.2224#-4.2440#0.8025#0.0000#-0.0000#-2.4839