
1.00:hum1:0.9000#-0.2500#0.8025#-0.0000#0.0000#-0.0000
2.00:hum1:0.9000#-0.2500#0.8025#-0.0000#0.0000#-0.0000
3.00:hum1:0.9000#-0.2500#0.8025#-0.0000#0.0000#-0.0000
4.00:hum1:0.9000#-0.2500#0.8025#-0.0000#0.0000#-0.0000
5.00:hum1:0.9000#-0.2500#0.8025#-0.0000#0.0000#-0.0000
6.00:hum1:0.9000#-0.2500#0.8025#-0.0000#0.0000#-0.0000
7.00:hum1:0.9000#-0.2500#0.8025#-0.0000#0.0000#-0.0000
8.00:hum1:0.9000#-0.2500#0.8025#-0.0000#0.0000#-0.0000
9.00:hum1:0.9000#-0.2500#0.8025#-0.0000#0.0000#-0.0000
10.00:hum1:0.9000#-0.2500#0.8025#-0.0000#0.0000#-0.0000
11.00:hum1:0.9000#-0.2500#0.8025#0.0000#0.0000#-0.0000
12.00:hum1:0.9000#-0.2500#0.8025#0.0000#0.0000#-0.0000
13.00:hum1:0.9000#-0.2500#0.8025#0.0000#0.0000#-0.0000
14.00:hum1:0.9000#-0.2500#0.8025#0.0000#0.0000#-0.0000
15.00:hum1:0.9000#-0.2500#0.8025#0.0000#0.0000#-0.0000
16.00:hum1:0.9000#-0.2500#0.8025#0.0000#0.0000#-0.0000
17.00:hum1:1.5985#-0.6499#0.8267#0.1584#0.3389#-0.4476
18.00:hum1:2.8505#-1.1512#0.8067#0.0439#0.1498#-0.2863
19.00:hum1:3.5507#-1.3548#0.8496#-0.1573#-0.4935#-0.3227
20.00:hum1:3.5507#-1.3548#0.8496#-0.1573#-0.4935#-0.3227
21.00:hum1:4.6046#-1.4095#0.9597#-0.0235#-1.0866#-0.0262
22.00:hum1:5.7299#-1.4094#0.8496#0.0148#-0.5158#0.0303
23.00:hum1:6.7377#-1.3851#0.8071#-0.0004#0.0080#0.0473
24.00:hum1:7.8349#-1.3538#0.8215#-0.0193#0.3152#0.0626
25.00:hum1:9.0840#-1.2884#0.8161#-0.0187#0.3007#0.0635
26.00:hum1:10.4138#-1.2138#0.8069#0.0055#-0.0820#0.0672
27.00:hum1:11.7092#-1.1523#0.8763#0.0674#-0.6794#0.1073
28.00:hum1:12.4239#-1.0925#0.8048#-0.0048#0.0580#0.0836
29.00:hum1:12.4239#-1.0925#0.8048#-0.0048#0.0580#0.0836
30.00:hum1:12.4239#-1.0925#0.8048#-0.0048#0.0580#0.0836
31.00:hum1:12.4239#-1.0925#0.8048#-0.0048#0.0580#0.0836
32.00:hum1:12.4239#-1.0925#0.8048#-0.0048#0.0580#0.0836
33.00:hum1:12.4239#-1.0925#0.8048#-0.0048#0.0580#0.0836
34.00:hum1:13.1890#-1.6223#0.8044#-0.0040#-0.0060#-0.5849
35.00:hum1:13.7213#-1.9748#0.9191#-0.6096#-0.7126#-0.8180
36.00:hum1:13.5831#-1.8833#0.8025#0.0000#0.0000#-0.5849
37.00:hum1:13.5831#-1.8833#0.8025#0.0000#0.0000#-0.5849
38.00:hum1:13.4489#-1.9347#0.8204#0.3314#-0.0268#-1.6481
39.00:hum1:13.3211#-3.2782#0.8044#-0.0072#0.0005#-1.6465
40.00:hum1:13.7492#-4.5774#0.8618#-0.4828#-0.3632#-0.9748
41.00:hum1:13.6775#-4.4898#0.8025#0.0000#0.0000#-0.8845
42.00:hum1:13.6775#-4.4898#0.8025#0.0000#0.0000#-0.8845
43.00:hum1:13.6775#-4.4898#0.8025#0.0000#0.0000#-0.8845
44.00:hum1:13.6775#-4.4898#0.8025#0.0000#0.0000#-0.8845
45.00:hum1:13.6775#-4.4898#0.8025#0.0000#0.0000#-0.8845
46.00:hum1:13.6775#-4.4898#0.8025#0.0000#0.0000#-0.8845
47.00:hum1:13.6775#-4.4898#0.8025#0.0000#0.0000#-0.8845
48.00:hum1:13.6775#-4.4898#0.8025#0.0000#0.0000#-0.8845
49.00:hum1:13.6976#-4.5621#0.8025#0.0000#0.0000#-1.1667
50.00:hum1:13.6976#-4.5621#0.8025#0.0000#0.0000#-1.1667
51.00:hum1:13.6976#-4.5621#0.8025#0.0000#0.0000#-1.1667
52.00:hum1:13.6976#-4.5621#0.8025#0.0000#0.0000#-1.1667
53.00:hum1:13.6976#-4.5621#0.8025#0.0000#0.0000#-1.1667
54.00:hum1:13.6976#-4.5621#0.8025#0.0000#0.0000#-1.1667
55.00:hum1:13.6976#-4.5621#0.8025#0.0000#0.0000#-1.1667
56.00:hum1:13.6976#-4.5621#0.8025#0.0000#0.0000#-1.1667
57.00:hum1:13.6976#-4.5621#0.8025#0.0000#0.0000#-1.1667
58.00:hum1:13.7329#-4.6444#0.8025#0.0000#0.0000#-1.1667
59.00:hum1:13.7329#-4.6444#0.8025#0.0000#0.0000#-1.1667
60.00:hum1:13.8567#-3.5107#0.8763#0.6042#0.3387#2.0198
61.00:hum1:13.0398#-2.4254#0.9597#0.9578#0.6286#1.9633
62.00:hum1:13.1171#-2.5124#0.8025#-0.0000#-0.0000#2.2976
63.00:hum1:13.1171#-2.5124#0.8025#-0.0000#-0.0000#2.2976
64.00:hum1:13.1171#-2.5124#0.8025#-0.0000#-0.0000#2.2976
65.00:hum1:13.1171#-2.5124#0.8025#-0.0000#-0.0000#2.2976
66.00:hum1:13.1171#-2.5124#0.8025#-0.0000#-0.0000#2.2976
67.00:hum1:13.1171#-2.5124#0.8025#-0.0000#-0.0000#2.2976
68.00:hum1:13.0347#-2.4291#0.8025#-0.0000#-0.0000#2.3536
69.00:hum1:13.0347#-2.4291#0.8025#-0.0000#-0.0000#2.3536
70.00:hum1:13.0347#-2.4291#0.8025#-0.0000#-0.0000#2.3536
71.00:hum1:13.0347#-2.4291#0.8025#-0.0000#-0.0000#2.3536
72.00:hum1:13.0347#-2.4291#0.8025#-0.0000#-0.0000#2.3536
73.00:hum1:13.0347#-2.4291#0.8025#-0.0000#-0.0000#2.3536
74.00:hum1:13.0347#-2.4291#0.8025#-0.0000#-0.0000#2.3536
75.00:hum1:13.0347#-2.4291#0.8025#-0.0000#-0.0000#2.3536
76.00:hum1:13.0347#-2.4291#0.8025#-0.0000#-0.0000#2.3536
77.00:hum1:13.0347#-2.4291#0.8025#-0.0000#-0.0000#2.3536
78.00:hum1:13.0347#-2.4291#0.8025#-0.0000#-0.0000#2.3536
79.00:hum1:13.0347#-2.4291#0.8025#-0.0000#-0.0000#2.3536
80.00:hum1:13.0347#-2.4291#0.8025#-0.0000#-0.0000#2.3536
81.00:hum1:13.0347#-2.4291#0.8025#-0.0000#-0.0000#2.3536
82.00:hum1:13.0347#-2.4291#0.8025#-0.0000#-0.0000#2.3536
83.00:hum1:13.0347#-2.4291#0.8025#-0.0000#-0.0000#2.3536
84.00:hum1:13.0599#-2.7664#0.8168#0.1360#-0.1805#0.6518
85.00:hum1:13.9261#-2.1222#0.9191#0.6462#-0.6809#0.8756
86.00:hum1:13.9261#-2.1222#0.9191#0.6462#-0.6809#0.8756
87.00:hum1:13.9261#-2.1222#0.9191#0.6462#-0.6809#0.8756
88.00:hum1:13.9261#-2.1222#0.9191#0.6462#-0.6809#0.8756
89.00:hum1:12.8941#-1.4269#0.8908#0.3575#0.6883#2.6103
90.00:hum1:11.9129#-1.0766#0.8763#0.1658#0.6649#2.8771
91.00:hum1:10.5949#-0.8513#0.9597#0.2540#1.0693#2.8541
92.00:hum1:10.0223#-0.7730#0.8115#0.0222#0.1605#3.0042
93.00:hum1:10.0223#-0.7730#0.8115#0.0222#0.1605#3.0042
94.00:hum1:9.3007#-0.7710#0.8204#0.0245#-0.3316#-3.0662
95.00:hum1:7.9440#-0.8655#0.8044#-0.0009#0.0071#-3.0212
96.00:hum1:6.6543#-1.0338#0.8618#-0.0977#0.5883#-2.9665
97.00:hum1:5.3408#-1.2152#0.9598#-0.2986#1.0627#-2.8025
98.00:hum1:5.5324#-1.1839#0.8025#0.0000#-0.0000#-2.9789
99.00:hum1:5.5324#-1.1839#0.8025#0.0000#-0.0000#-2.9789
100.00:hum1:5.5324#-1.1839#0.8025#0.0000#-0.0000#-2.9789
101.00:hum1:5.5324#-1.1839#0.8025#0.0000#-0.0000#-2.9789
102.00:hum1:5.5324#-1.1839#0.8025#0.0000#-0.0000#-2.9789
103.00:hum1:5.5324#-1.1839#0.8025#0.0000#-0.0000#-2.9789
104.00:hum1:5.5324#-1.1839#0.8025#0.0000#-0.0000#-2.9789
105.00:hum1:5.5324#-1.1839#0.8025#0.0000#-0.0000#-2.9789
106.00:hum1:5.5324#-1.1839#0.8025#0.0000#-0.0000#-2.9789
107.00:hum1:5.5324#-1.1839#0.8025#0.0000#-0.0000#-2.9789
108.00:hum1:5.5324#-1.1839#0.8025#0.0000#-0.0000#-2.9789
109.00:hum1:5.3011#-1.1477#0.8496#0.0648#0.5123#3.0104
110.00:hum1:4.2750#-1.0874#0.8071#-0.0001#-0.0080#3.1299
111.00:hum1:3.1759#-1.0776#0.8215#0.0009#-0.3158#-3.1384
112.00:hum1:1.9163#-1.0959#0.8161#0.0119#-0.3010#-3.1013
113.00:hum1:0.6151#-1.1484#0.8025#0.0000#-0.0000#-3.0703
114.00:hum1:0.6151#-1.1484#0.8025#0.0000#-0.0000#-3.0703
115.00:hum1:0.6151#-1.1484#0.8025#0.0000#-0.0000#-3.0703
116.00:hum1:0.0350#-1.1407#0.8168#0.0027#0.2256#3.1300
117.00:hum1:-0.9811#-1.1859#0.8153#0.0165#-0.2465#-3.0736