
1.00:0.2653#-1.1873#0.2401#-0.0001#-0.0023#-0.0001
2.00:0.2653#-1.1874#0.2401#-0.0001#-0.0023#-0.0001
3.00:0.2652#-1.1874#0.2401#-0.0001#-0.0021#-0.0001
4.00:0.2651#-1.1874#0.2401#-0.0001#-0.0022#-0.0001
5.00:0.2650#-1.1874#0.2401#-0.0001#-0.0022#-0.0001
6.00:0.2650#-1.1874#0.2401#-0.0001#-0.0020#-0.0002
7.00:0.2649#-1.1874#0.2401#-0.0001#-0.0021#-0.0002
8.00:0.2649#-1.1874#0.2401#-0.0001#-0.0021#-0.0002
9.00:0.5866#-1.1581#0.2401#0.0005#-0.0023#0.2452
10.00:0.9751#-0.8546#0.2401#0.0020#-0.0014#0.9848
11.00:1.0144#-0.8256#0.2401#0.0015#-0.0018#0.7137
12.00:1.0572#-0.8133#0.2401#0.0008#-0.0021#0.4108
13.00:1.1012#-0.8144#0.2401#0.0001#-0.0022#0.1062
14.00:1.2159#-0.8373#0.2401#-0.0004#-0.0022#-0.1617
15.00:2.2321#-0.9965#0.2401#-0.0004#-0.0016#-0.1534
16.00:3.3842#-1.1745#0.2401#-0.0004#-0.0016#-0.1531
17.00:4.3128#-1.3161#0.2400#-0.0003#-0.0010#-0.1501
18.00:4.3957#-1.3139#0.2401#0.0001#-0.0026#0.0686
19.00:5.2117#-1.2499#0.2400#0.0000#-0.0015#0.0588
20.00:6.3755#-1.1808#0.2400#0.0001#-0.0015#0.0594
21.00:7.5393#-1.1115#0.2401#-0.0000#-0.0016#0.0597
22.00:8.7030#-1.0419#0.2400#-0.0000#-0.0015#0.0596
23.00:9.8706#-0.9724#0.2400#-0.0000#-0.0016#0.0597
24.00:11.0343#-0.9035#0.2400#0.0000#-0.0016#0.0591
25.00:12.1981#-0.8345#0.2400#0.0000#-0.0016#0.0592
26.00:13.2715#-0.7707#0.2400#-0.0000#-0.0012#0.0609
27.00:13.4332#-0.7692#0.2401#-0.0003#-0.0022#-0.1017
28.00:13.6961#-0.8528#0.2400#-0.0004#-0.0011#-0.2879
29.00:13.8898#-0.9158#0.2401#-0.0009#-0.0019#-0.4171
30.00:13.9185#-0.9480#0.2401#-0.0015#-0.0016#-0.7117
31.00:13.9363#-0.9869#0.2401#-0.0018#-0.0011#-1.0024
32.00:14.0196#-1.2110#0.2401#-0.0018#-0.0007#-1.1949
33.00:14.3831#-2.1132#0.2400#-0.0010#-0.0003#-1.1780
34.00:14.4164#-2.2179#0.2401#-0.0021#-0.0003#-1.3598
35.00:14.4173#-2.4999#0.2401#-0.0019#0.0000#-1.5545
36.00:14.4263#-3.6401#0.2400#-0.0015#0.0001#-1.5633
37.00:14.4348#-4.7788#0.2400#-0.0011#0.0001#-1.5604
38.00:14.4408#-5.0272#0.2400#-0.0014#0.0000#-1.5280
39.00:14.4408#-5.0272#0.2400#-0.0014#-0.0000#-1.5280
40.00:14.4408#-5.0271#0.2400#-0.0014#0.0000#-1.5281
41.00:14.4408#-5.0271#0.2400#-0.0014#0.0000#-1.5281
42.00:14.4260#-5.0639#0.2401#-0.0021#0.0006#-1.8018
43.00:14.3999#-5.0977#0.2401#-0.0018#0.0012#-2.0955
44.00:14.3643#-5.1229#0.2401#-0.0014#0.0017#-2.3908
45.00:14.3228#-5.1367#0.2401#-0.0009#0.0020#-2.6891
46.00:14.2790#-5.1374#0.2401#-0.0002#0.0022#-2.9905
47.00:14.2368#-5.1249#0.2401#0.0005#0.0022#2.9883
48.00:14.1998#-5.1005#0.2401#0.0011#0.0019#2.6841
49.00:14.1724#-5.0662#0.2401#0.0016#0.0015#2.3786
50.00:14.1565#-5.0260#0.2401#0.0020#0.0010#2.0805
51.00:14.1530#-4.9825#0.2401#0.0022#0.0004#1.7825
52.00:14.1631#-4.9077#0.2401#0.0021#-0.0002#1.5056
53.00:14.0494#-4.3624#0.2624#-0.0573#0.1590#2.7315
54.00:13.8260#-4.4509#0.2572#-0.1146#-0.0050#-2.4238
55.00:13.8255#-4.4443#0.2569#-0.1211#0.0135#-2.4498
56.00:13.8249#-4.4424#0.2571#-0.1241#0.0161#-2.4533
57.00:13.8250#-4.4404#0.2573#-0.1264#0.0189#-2.4598
58.00:12.8253#-3.1591#0.7192#-0.1539#-0.2223#-1.3837
59.00:12.4711#-1.7594#0.3043#-0.3199#0.6499#-1.9270
60.00:12.4216#-2.1087#0.3037#1.1589#0.6321#2.4124
61.00:12.4000#-1.8247#0.3430#0.5589#0.2332#1.9529
62.00:12.6581#-1.8400#0.2795#1.2213#0.5675#1.4725
63.00:12.5000#-1.5411#0.3307#0.3697#0.7069#2.7843
64.00:12.3443#-1.6375#0.3092#-0.4515#0.2084#-2.2450
65.00:12.4770#-1.8877#0.3045#-0.0274#-1.0432#-0.3426
66.00:12.5723#-1.8638#0.2922#1.3420#0.4439#1.7585
67.00:12.2864#-2.0333#0.2051#1.7601#-1.0023#1.0028
68.00:12.0405#-2.0315#0.0416#-2.0541#-1.2750#1.0864
69.00:12.1029#-1.6980#0.2948#0.0518#-0.3627#0.9474
70.00:12.8678#-1.7874#0.2401#-0.0007#-0.0017#-0.3363
71.00:13.8481#-2.1464#0.2400#-0.0005#-0.0010#-0.3471
72.00:13.9838#-2.1826#0.2401#-0.0004#-0.0021#-0.1532
73.00:14.0381#-2.1717#0.2401#0.0003#-0.0022#0.1336
74.00:14.0858#-2.1460#0.2401#0.0009#-0.0020#0.4213
75.00:14.1243#-2.1076#0.2401#0.0014#-0.0017#0.7105
76.00:14.3827#-1.8514#0.2400#0.0007#-0.0008#0.7443
77.00:14.4140#-1.8007#0.2401#0.0018#-0.0012#0.9963
78.00:14.4254#-1.7514#0.2401#0.0022#-0.0008#1.2606
79.00:14.4232#-1.6968#0.2401#0.0022#-0.0001#1.5458
80.00:14.4053#-1.6453#0.2401#0.0021#0.0005#1.8346
81.00:14.3732#-1.6003#0.2401#0.0018#0.0011#2.1234
82.00:14.3302#-1.5676#0.2401#0.0014#0.0016#2.4159
83.00:14.2796#-1.5477#0.2401#0.0012#0.0023#2.6960
84.00:13.6556#-1.2719#0.2400#0.0005#0.0009#2.6895
85.00:13.4920#-1.1988#0.2401#0.0007#0.0019#2.8200
86.00:13.4279#-1.1990#0.2401#0.0002#0.0024#3.0870
87.00:12.5604#-1.1484#0.2400#0.0001#0.0016#3.0701
88.00:11.3975#-1.0654#0.2400#0.0002#0.0015#3.0704
89.00:10.2346#-0.9824#0.2401#0.0002#0.0017#3.0705
90.00:9.1159#-0.9032#0.2400#0.0001#0.0011#3.0732
91.00:8.8823#-0.8970#0.2401#-0.0001#0.0021#-3.0553
92.00:8.4009#-0.9868#0.2400#-0.0001#0.0015#-2.9826
93.00:7.2499#-1.1712#0.2400#-0.0001#0.0015#-2.9827
94.00:6.0990#-1.3556#0.2400#-0.0001#0.0015#-2.9831
95.00:4.9441#-1.5401#0.2401#-0.0002#0.0017#-2.9833
96.00:4.4289#-1.6203#0.2400#-0.0001#0.0017#-3.0231
97.00:4.3767#-1.6070#0.2401#0.0004#0.0023#2.9851
98.00:3.5297#-1.4219#0.2400#0.0004#0.0016#2.9245
99.00:2.9624#-1.2997#0.2401#0.0004#0.0018#2.9686
100.00:2.7783#-1.3139#0.2400#-0.0000#0.0018#-3.0871
101.00:1.6933#-1.3652#0.2400#0.0000#0.0013#-3.0959
102.00:0.5250#-1.4187#0.2400#-0.0000#0.0015#-3.0958
103.00:-0.2166#-1.4600#0.2400#-0.0001#0.0011#-3.0341
104.00:-0.2176#-1.4602#0.2400#-0.0001#0.0016#-3.0279
105.00:-0.2175#-1.4602#0.2400#-0.0001#0.0017#-3.0279
106.00:-0.2174#-1.4601#0.2400#-0.0001#0.0016#-3.0279
107.00:-0.2173#-1.4601#0.2400#-0.0001#0.0017#-3.0280
108.00:-0.2172#-1.4601#0.2400#-0.0001#0.0016#-3.0280
109.00:-0.2171#-1.4601#0.2400#-0.0001#0.0016#-3.0280
110.00:-0.2170#-1.4600#0.2400#-0.0001#0.0017#-3.0280
111.00:-0.2170#-1.4600#0.2400#-0.0001#0.0016#-3.0280
112.00:-0.2169#-1.4600#0.2400#-0.0001#0.0017#-3.0280
113.00:-0.2168#-1.4600#0.2400#-0.0001#0.0017#-3.0280
114.00:-0.5344#-1.4860#0.2400#-0.0000#0.0020#-3.0890
115.00:-1.6861#-1.5067#0.2400#0.0001#0.0014#-3.1243
116.00:-2.3172#-1.5267#0.2400#-0.0001#0.0016#-3.0514
117.00:-2.3171#-1.5266#0.2400#-0.0001#0.0015#-3.0511