
1.00:hum1:-0.2750#-0.5250#0.8025#-0.0000#0.0000#-0.0000
2.00:hum1:-0.2750#-0.5250#0.8025#-0.0000#0.0000#-0.0000
3.00:hum1:-0.2750#-0.5250#0.8025#-0.0000#0.0000#-0.0000
4.00:hum1:-0.2750#-0.5250#0.8025#-0.0000#0.0000#-0.0000
5.00:hum1:-0.2750#-0.5250#0.8025#-0.0000#0.0000#-0.0000
6.00:hum1:-0.2750#-0.5250#0.8025#-0.0000#0.0000#-0.0000
7.00:hum1:0.4705#-0.6840#0.9484#-0.3297#-1.0030#-0.3852
8.00:hum1:1.5079#-0.7926#0.9597#-0.2222#-1.0735#-0.2513
9.00:hum1:2.4670#-0.9447#0.9598#-0.4536#-1.0271#-0.5175
10.00:hum1:3.6745#-1.0352#0.8721#-0.0755#-0.6537#-0.1234
11.00:hum1:6.7481#-1.2813#0.9484#-0.0421#-1.0365#-0.0485
12.00:hum1:10.0326#-1.4288#0.8281#0.0012#0.3710#-0.0029
13.00:hum1:13.3763#-1.4615#0.8908#0.0831#-0.7583#0.1208
14.00:hum1:13.4603#-3.3774#0.8466#-0.4742#0.1460#-1.8467
15.00:hum1:13.8883#-5.3262#0.8763#-0.5582#-0.4150#-0.9971
16.00:hum1:13.8038#-5.2247#0.8025#0.0000#0.0000#-0.8767
17.00:hum1:14.0688#-5.5431#0.8262#-0.2565#-0.2080#-0.9036
18.00:hum1:14.0341#-5.5014#0.8025#0.0000#0.0000#-0.8767
19.00:hum1:14.0341#-5.5014#0.8025#0.0000#0.0000#-0.8767
20.00:hum1:14.0341#-5.5014#0.8025#0.0000#0.0000#-0.8767
21.00:hum1:14.0341#-5.5014#0.8025#0.0000#0.0000#-0.8767
22.00:hum1:14.0341#-5.5014#0.8025#0.0000#0.0000#-0.8767
23.00:hum1:14.0341#-5.5014#0.8025#0.0000#0.0000#-0.8767
24.00:hum1:14.0341#-5.5014#0.8025#0.0000#0.0000#-0.8767
25.00:hum1:14.0341#-5.5014#0.8025#0.0000#0.0000#-0.8767
26.00:hum1:14.0341#-5.5014#0.8025#0.0000#0.0000#-0.8767
27.00:hum1:14.0341#-5.5014#0.8025#0.0000#0.0000#-0.8767
28.00:hum1:14.0341#-5.5014#0.8025#0.0000#0.0000#-0.8767
29.00:hum1:14.0341#-5.5014#0.8025#0.0000#0.0000#-0.8767
30.00:hum1:14.0341#-5.5014#0.8025#0.0000#0.0000#-0.8767
31.00:hum1:14.0341#-5.5014#0.8025#0.0000#0.0000#-0.8767
32.00:hum1:14.0341#-5.5014#0.8025#0.0000#0.0000#-0.8767