
1.00:hum1:-0.2750#-0.5250#0.8025#-0.0000#0.0000#-0.0000
2.00:hum1:-0.2750#-0.5250#0.8025#-0.0000#0.0000#-0.0000
3.00:hum1:-0.2750#-0.5250#0.8025#-0.0000#0.0000#-0.0000
4.00:hum1:-0.2750#-0.5250#0.8025#-0.0000#0.0000#-0.0000
5.00:hum1:-0.2750#-0.5250#0.8025#-0.0000#0.0000#-0.0000
6.00:hum1:-0.2750#-0.5250#0.8025#-0.0000#0.0000#-0.0000
7.00:hum1:-0.2750#-0.5250#0.8025#-0.0000#0.0000#-0.0000
8.00:hum1:-0.2750#-0.5250#0.8025#-0.0000#0.0000#-0.0000
9.00:hum1:-0.2750#-0.5250#0.8025#-0.0000#0.0000#-0.0000
10.00:hum1:-0.2750#-0.5250#0.8025#-0.0000#0.0000#-0.0000
11.00:hum1:-0.2750#-0.5250#0.8025#-0.0000#0.0000#-0.0000
12.00:hum1:-0.2750#-0.5250#0.8025#-0.0000#0.0000#-0.0000
13.00:hum1:-0.2750#-0.5250#0.8025#-0.0000#0.0000#-0.0000
14.00:hum1:0.5560#-0.6748#0.8025#0.0000#0.0000#-0.1011
15.00:hum1:1.4420#-0.7570#0.8116#0.0696#0.1819#-0.3673
16.00:hum1:3.8555#-0.5271#0.9191#-0.0248#0.9013#-3.1096
17.00:hum1:5.9150#-0.9650#0.8618#0.0170#-0.5952#0.0306
18.00:hum1:8.7985#-1.2177#0.8102#-0.0051#-0.1103#-0.0457
19.00:hum1:11.9829#-1.3990#0.8044#0.0001#-0.0072#0.0122
20.00:hum1:13.3704#-3.8506#0.8721#-0.6203#-0.2335#-1.2573
21.00:hum1:16.1208#-2.9711#0.9484#0.7365#-0.8136#0.8955
22.00:hum1:16.5928#-2.6712#0.8025#-0.0000#0.0000#0.5659
23.00:hum1:16.7893#-2.5464#0.8025#-0.0000#0.0000#0.5659
24.00:hum1:17.0972#-2.3508#0.8025#-0.0000#0.0000#0.5659
25.00:hum1:17.8692#-1.8604#0.9191#0.5955#-0.7237#0.7972
26.00:hum1:18.7914#1.3255#0.9597#1.0852#-0.0783#1.5299
27.00:hum1:18.8406#4.1676#0.9141#0.8783#-0.0148#1.5589
28.00:hum1:18.8447#4.3862#0.9191#0.9015#-0.0151#1.5592
29.00:hum1:18.3750#4.6735#0.4025#0.0000#0.0000#-1.5700
30.00:hum1:18.3750#4.6735#0.4025#0.0000#0.0000#-1.5700
31.00:hum1:18.3750#4.6735#0.4025#0.0000#0.0000#-1.5700
32.00:hum1:18.3750#4.6735#0.4025#0.0000#0.0000#-1.5700
33.00:hum1:18.3750#4.6735#0.4025#0.0000#0.0000#-1.5700
34.00:hum1:18.3750#4.6735#0.4025#0.0000#0.0000#-1.5700
35.00:hum1:18.3750#4.6735#0.4025#0.0000#0.0000#-1.5700
36.00:hum1:18.3750#4.6735#0.4025#0.0000#0.0000#-1.5700
37.00:hum1:18.3750#4.6735#0.4025#0.0000#0.0000#-1.5700
38.00:hum1:18.3750#4.6735#0.4025#0.0000#0.0000#-1.5700
39.00:hum1:18.3750#4.6735#0.4025#0.0000#0.0000#-1.5700
40.00:hum1:18.3750#4.6735#0.4025#0.0000#0.0000#-1.5700
41.00:hum1:18.3751#4.0644#0.8102#-0.1104#-0.0001#-1.5700
42.00:hum1:18.1673#1.6837#0.8267#0.3727#-0.0080#-1.5909
43.00:hum1:16.4571#-1.4183#0.9141#-0.7944#0.4250#-1.9553
44.00:hum1:14.6298#-4.3089#0.8116#0.1679#-0.0989#-2.0981
45.00:hum1:14.1043#-5.1959#0.8262#-0.2856#0.1652#-2.0810
46.00:hum1:14.6369#-5.3290#0.8069#0.0663#-0.0485#0.9402
47.00:hum1:14.6392#-5.3259#0.8025#-0.0000#0.0000#0.9386
48.00:hum1:14.6392#-5.3259#0.8025#-0.0000#0.0000#0.9386
49.00:hum1:14.6392#-5.3259#0.8025#-0.0000#0.0000#0.9386
50.00:hum1:14.6392#-5.3259#0.8025#-0.0000#0.0000#0.9386
51.00:hum1:14.6392#-5.3259#0.8025#-0.0000#0.0000#0.9386
52.00:hum1:14.6392#-5.3259#0.8025#-0.0000#0.0000#0.9386
53.00:hum1:14.6392#-5.3259#0.8025#-0.0000#0.0000#0.9386