
1.00:hum1:-0.2750#-0.5250#0.8025#-0.0000#0.0000#-0.0000
2.00:hum1:-0.2750#-0.5250#0.8025#-0.0000#0.0000#-0.0000
3.00:hum1:-0.2750#-0.5250#0.8025#-0.0000#0.0000#-0.0000
4.00:hum1:-0.2750#-0.5250#0.8025#-0.0000#0.0000#-0.0000
5.00:hum1:-0.2750#-0.5250#0.8025#-0.0000#0.0000#-0.0000
6.00:hum1:-0.2750#-0.5250#0.8025#-0.0000#0.0000#-0.0000
7.00:hum1:-0.2750#-0.5250#0.8025#-0.0000#0.0000#-0.0000
8.00:hum1:-0.2750#-0.5250#0.8025#-0.0000#0.0000#-0.0000
9.00:hum1:-0.2750#-0.5250#0.8025#-0.0000#0.0000#-0.0000
10.00:hum1:-0.2750#-0.5250#0.8025#-0.0000#0.0000#-0.0000
11.00:hum1:0.4453#-0.8139#0.9191#-0.4199#-0.8239#-0.5463
12.00:hum1:1.4925#-1.0664#0.8374#-0.0841#-0.4181#-0.2043
13.00:hum1:2.5412#-1.2424#0.8496#-0.0798#-0.5103#-0.1619
14.00:hum1:3.5867#-1.3911#0.8374#-0.0536#-0.4228#-0.1297
15.00:hum1:4.6300#-1.5222#0.8262#-0.0365#-0.3268#-0.1131
16.00:hum1:4.8887#-1.5500#0.8120#0.0297#0.2684#-0.1111
17.00:hum1:4.8887#-1.5500#0.8120#0.0297#0.2684#-0.1111
18.00:hum1:6.0465#-1.5499#0.8067#-0.0101#0.1557#0.0657
19.00:hum1:7.3568#-1.4752#0.8273#0.0317#-0.3400#0.0953
20.00:hum1:8.6518#-1.3692#0.9141#0.1292#-0.8714#0.1685
21.00:hum1:9.9256#-1.2333#0.9413#0.1762#-0.9946#0.2095
22.00:hum1:10.9656#-1.1163#0.8262#0.0358#-0.3269#0.1113
23.00:hum1:10.9045#-1.1227#0.8153#-0.0264#0.2456#0.1086
24.00:hum1:11.9406#-1.2341#0.8171#0.0239#0.2700#-0.0891
25.00:hum1:13.2255#-1.4067#0.8025#0.0000#0.0000#-0.1526
26.00:hum1:13.2255#-1.4067#0.8025#0.0000#0.0000#-0.1526
27.00:hum1:13.2255#-1.4067#0.8025#0.0000#0.0000#-0.1526
28.00:hum1:13.2255#-1.4067#0.8025#0.0000#0.0000#-0.1526
29.00:hum1:13.2255#-1.4067#0.8025#0.0000#0.0000#-0.1526
30.00:hum1:13.2255#-1.4067#0.8025#0.0000#0.0000#-0.1526
31.00:hum1:13.2255#-1.4067#0.8025#0.0000#0.0000#-0.1526
32.00:hum1:13.2255#-1.4067#0.8025#0.0000#0.0000#-0.1526
33.00:hum1:13.2255#-1.4067#0.8025#0.0000#0.0000#-0.1526
34.00:hum1:13.2255#-1.4067#0.8025#0.0000#0.0000#-0.1526
35.00:hum1:13.2255#-1.4067#0.8025#0.0000#0.0000#-0.1526
36.00:hum1:14.1788#-1.3993#0.8244#-0.0041#0.3636#0.0119
37.00:hum1:15.5129#-1.3845#0.8048#-0.0006#0.0582#0.0112
38.00:hum1:16.8100#-1.3700#0.8466#0.0059#-0.4945#0.0127
39.00:hum1:18.1456#-0.9310#0.9377#0.8611#-0.5668#1.1390
40.00:hum1:18.5002#0.3655#0.9191#0.8903#-0.1678#1.4368
41.00:hum1:18.6833#1.4115#0.8168#0.2253#-0.0115#1.5209
42.00:hum1:18.7344#2.4087#0.8153#-0.2467#0.0126#1.5211
43.00:hum1:18.7967#3.6244#0.8244#-0.3632#0.0183#1.5229
44.00:hum1:18.8135#3.9524#0.8044#0.0072#-0.0004#1.5196
45.00:hum1:18.3750#4.6735#0.4025#0.0000#0.0000#-1.5700
46.00:hum1:18.3750#4.6735#0.4025#0.0000#0.0000#-1.5700
47.00:hum1:18.3750#4.6735#0.4025#0.0000#0.0000#-1.5700
48.00:hum1:18.3750#4.6735#0.4025#0.0000#0.0000#-1.5700
49.00:hum1:18.3750#4.6735#0.4025#0.0000#0.0000#-1.5700
50.00:hum1:18.3750#4.6735#0.4025#0.0000#0.0000#-1.5700
51.00:hum1:18.3750#4.6735#0.4025#0.0000#0.0000#-1.5700
52.00:hum1:18.3750#4.6735#0.4025#0.0000#0.0000#-1.5700
53.00:hum1:18.3750#4.6735#0.4025#0.0000#0.0000#-1.5700
54.00:hum1:18.3750#4.6735#0.4025#0.0000#0.0000#-1.5700
55.00:hum1:18.3750#4.6735#0.4025#0.0000#0.0000#-1.5700
56.00:hum1:18.3750#4.6735#0.4025#0.0000#0.0000#-1.5700
57.00:hum1:18.3750#4.6735#0.4025#0.0000#0.0000#-1.5700
58.00:hum1:18.3750#4.6735#0.4025#0.0000#0.0000#-1.5700
59.00:hum1:18.3750#4.6735#0.4025#0.0000#0.0000#-1.5700
60.00:hum1:18.3750#4.6735#0.4025#0.0000#0.0000#-1.5700
61.00:hum1:18.3750#4.6735#0.4025#0.0000#0.0000#-1.5700
62.00:hum1:18.3750#4.6735#0.4025#0.0000#0.0000#-1.5700
63.00:hum1:18.3750#4.6735#0.4025#0.0000#0.0000#-1.5700
64.00:hum1:18.3750#4.6735#0.4025#0.0000#0.0000#-1.5700
65.00:hum1:18.3104#3.6424#0.9484#-1.0349#0.0831#-1.6197
66.00:hum1:18.2475#2.9868#0.8025#0.0000#-0.0000#-1.6663
67.00:hum1:18.2475#2.9868#0.8025#0.0000#-0.0000#-1.6663
68.00:hum1:18.2475#2.9868#0.8025#0.0000#-0.0000#-1.6663
69.00:hum1:18.2475#2.9868#0.8025#0.0000#-0.0000#-1.6663
70.00:hum1:18.2475#2.9868#0.8025#0.0000#-0.0000#-1.6663
71.00:hum1:18.2475#2.9868#0.8025#0.0000#-0.0000#-1.6663
72.00:hum1:18.2475#2.9868#0.8025#0.0000#-0.0000#-1.6663
73.00:hum1:18.2475#2.9868#0.8025#0.0000#-0.0000#-1.6663
74.00:hum1:18.2475#2.9868#0.8025#0.0000#-0.0000#-1.6663
75.00:hum1:18.2475#2.9868#0.8025#0.0000#-0.0000#-1.6663
76.00:hum1:18.2475#2.9868#0.8025#0.0000#-0.0000#-1.6663
77.00:hum1:18.2475#2.9868#0.8025#0.0000#-0.0000#-1.6663
78.00:hum1:18.2475#2.9868#0.8025#0.0000#-0.0000#-1.6663
79.00:hum1:18.2475#2.9868#0.8025#0.0000#-0.0000#-1.6663
80.00:hum1:18.2475#2.9868#0.8025#0.0000#-0.0000#-1.6663
81.00:hum1:18.2475#2.9868#0.8025#0.0000#-0.0000#-1.6663
82.00:hum1:18.2475#2.9868#0.8025#0.0000#-0.0000#-1.6663
83.00:hum1:18.1767#2.5746#0.8721#-0.6505#0.1027#-1.7044
84.00:hum1:18.0801#1.5438#0.8102#-0.1100#0.0088#-1.6500
85.00:hum1:18.0230#0.6434#0.8171#0.2095#-0.1732#-2.2518
86.00:hum1:17.2931#-0.3413#0.8204#0.2745#-0.1899#-2.1611
87.00:hum1:16.4883#-1.4172#0.8044#-0.0061#0.0037#-2.1163
88.00:hum1:16.2214#-1.8275#0.8618#-0.5270#0.2912#-2.0288
89.00:hum1:15.8338#-3.1839#0.9598#-1.0858#-0.0732#-1.5319
90.00:hum1:15.7552#-3.9861#0.8721#-0.3935#0.5412#-2.4629
91.00:hum1:15.1568#-4.3686#0.8763#-0.4124#0.5601#-2.4524
92.00:hum1:15.2681#-4.2975#0.8025#0.0000#-0.0000#-2.5726