
1.00:hum1:-5.8750#-0.1250#0.8025#-0.0000#0.0000#-0.0000
2.00:hum1:-5.8750#-0.1250#0.8025#-0.0000#0.0000#-0.0000
3.00:hum1:-5.8750#-0.1250#0.8025#-0.0000#0.0000#-0.0000
4.00:hum1:-5.8750#-0.1250#0.8025#-0.0000#0.0000#-0.0000
5.00:hum1:-5.8750#-0.1250#0.8025#-0.0000#0.0000#-0.0000
6.00:hum1:-5.8750#-0.1250#0.8025#-0.0000#0.0000#-0.0000
7.00:hum1:-5.8750#-0.1250#0.8025#-0.0000#0.0000#-0.0000
8.00:hum1:-5.8750#-0.1250#0.8025#-0.0000#0.0000#-0.0000
9.00:hum1:-5.8750#-0.1250#0.8025#-0.0000#0.0000#-0.0000
10.00:hum1:-5.8750#-0.1250#0.8025#-0.0000#0.0000#-0.0000
11.00:hum1:-5.8750#-0.1250#0.8025#-0.0000#0.0000#-0.0000
12.00:hum1:-5.8750#-0.1250#0.8025#-0.0000#0.0000#-0.0000
13.00:hum1:-5.8750#-0.1250#0.8025#-0.0000#0.0000#-0.0000
14.00:hum1:-5.0109#-0.1250#0.9191#-0.0004#-0.9016#-0.0001
15.00:hum1:-3.9871#-0.1250#0.8168#-0.0001#-0.2256#0.0000
16.00:hum1:-2.9886#-0.1250#0.8153#0.0001#0.2470#-0.0000
17.00:hum1:-1.7713#-0.1249#0.8244#0.0001#0.3636#-0.0000
18.00:hum1:-0.4370#-0.1250#0.8048#0.0000#0.0582#-0.0000
19.00:hum1:0.8601#-0.1250#0.8466#-0.0002#-0.4946#-0.0000
20.00:hum1:2.1656#-0.1250#0.9377#-0.0005#-0.9888#-0.0002
21.00:hum1:3.4019#-0.1250#0.9191#-0.0004#-0.9016#-0.0001
22.00:hum1:4.4257#-0.1250#0.8168#-0.0001#-0.2256#0.0000
23.00:hum1:5.4242#-0.1250#0.8153#0.0001#0.2470#-0.0000
24.00:hum1:5.6940#0.2367#0.8116#0.0683#-0.1824#-2.7805
25.00:hum1:5.1096#-0.7681#0.8267#0.3245#0.1868#-1.0661
26.00:hum1:5.7814#-1.9006#0.8067#0.1345#0.0793#-1.0407
27.00:hum1:6.2846#-2.7488#0.8120#0.2337#0.1364#-1.0514
28.00:hum1:6.3960#-2.9367#0.8069#-0.0707#-0.0419#-1.0369
29.00:hum1:6.4485#-3.0253#0.8273#-0.2966#-0.1716#-1.0611
30.00:hum1:6.8188#-3.0742#0.8618#0.0902#-0.5893#0.1616
31.00:hum1:6.8188#-3.0742#0.8618#0.0902#-0.5893#0.1616
32.00:hum1:6.8188#-3.0742#0.8618#0.0902#-0.5893#0.1616
33.00:hum1:6.8188#-3.0742#0.8618#0.0902#-0.5893#0.1616
34.00:hum1:6.8188#-3.0742#0.8618#0.0902#-0.5893#0.1616
35.00:hum1:6.8188#-3.0742#0.8618#0.0902#-0.5893#0.1616
36.00:hum1:6.8188#-3.0742#0.8618#0.0902#-0.5893#0.1616
37.00:hum1:6.8188#-3.0742#0.8618#0.0902#-0.5893#0.1616
38.00:hum1:7.1941#-3.0452#0.8721#0.0697#-0.6542#0.1145
39.00:hum1:8.2066#-2.9486#0.8102#0.0109#-0.1098#0.0996
40.00:hum1:9.2650#-2.8231#0.8171#-0.0368#0.2686#0.1381
41.00:hum1:9.6143#-1.6498#0.8204#-0.3214#-0.0863#1.8245
42.00:hum1:9.0477#-1.6139#0.8044#-0.0071#-0.0008#-1.4528
43.00:hum1:10.0078#-2.1156#0.8618#0.3854#-0.4658#0.7349
44.00:hum1:10.5693#-1.6954#0.8067#-0.0939#0.1248#0.6483
45.00:hum1:10.6550#-1.6313#0.8044#0.0043#-0.0058#0.6424
46.00:hum1:11.0987#-1.2992#0.8081#-0.0769#0.1024#0.6464
47.00:hum1:11.9567#-0.6572#0.8071#-0.0048#0.0064#0.6424
48.00:hum1:12.8340#-0.0007#0.8215#-0.1932#0.2514#0.6669
49.00:hum1:13.8361#0.7492#0.8161#-0.1839#0.2399#0.6646
50.00:hum1:14.9018#1.5465#0.8069#0.0493#-0.0658#0.6440
51.00:hum1:15.9380#2.3220#0.8763#0.4528#-0.5293#0.7671
52.00:hum1:16.5122#2.7517#0.8048#-0.0349#0.0466#0.6432
53.00:hum1:16.1596#2.9339#0.8069#-0.0820#-0.0049#-1.5104
54.00:hum1:16.1944#2.3592#0.9413#-1.0038#-0.0509#-1.5380
55.00:hum1:16.2580#1.3124#0.8262#-0.3282#-0.0195#-1.5134
56.00:hum1:16.6837#1.6322#0.9413#0.9999#0.1208#1.6484
57.00:hum1:16.2327#1.3387#0.8262#-0.3248#-0.0521#-1.4169
58.00:hum1:16.7320#1.3846#0.8081#-0.1263#-0.0210#1.7354
59.00:hum1:16.2196#1.4170#0.8215#0.3117#0.0517#-1.4116
60.00:hum1:16.7569#1.2367#0.8267#-0.3682#-0.0600#1.7254
61.00:hum1:16.2365#1.3176#0.8120#0.2664#0.0443#-1.4095
62.00:hum1:16.7516#1.2700#0.8048#-0.0574#-0.0096#1.7364
63.00:hum1:16.2882#1.0118#0.8618#-0.5889#-0.0934#-1.4317
64.00:hum1:16.7272#1.4170#0.8908#0.7551#0.1140#1.6915
65.00:hum1:16.3194#0.8281#0.9597#-1.0810#-0.1480#-1.4920
66.00:hum1:16.7375#1.3572#0.9413#0.9983#0.1396#1.6606
67.00:hum1:16.3043#0.9183#0.8374#-0.4207#-0.0689#-1.4178
68.00:hum1:16.7736#1.1426#0.8168#0.2226#0.0369#1.7326
69.00:hum1:16.2787#1.0703#0.8116#0.1920#0.0322#-1.4064
70.00:hum1:16.8019#0.9740#0.8171#-0.2675#-0.0441#1.7307
71.00:hum1:16.2810#1.0577#0.8244#0.3590#0.0591#-1.4143
72.00:hum1:16.8167#0.8867#0.8161#-0.2973#-0.0489#1.7293
73.00:hum1:16.1480#1.8500#0.8048#0.0574#0.0097#-1.4041
74.00:hum1:16.2589#1.1923#0.8374#-0.4207#-0.0686#-1.4185
75.00:hum1:16.7282#1.4164#0.8168#0.2226#0.0369#1.7325
76.00:hum1:16.2334#1.3441#0.8116#0.1920#0.0322#-1.4064
77.00:hum1:16.2334#1.3441#0.8116#0.1920#0.0322#-1.4064
78.00:hum1:16.2334#1.3441#0.8116#0.1920#0.0322#-1.4064
79.00:hum1:16.2334#1.3441#0.8116#0.1920#0.0322#-1.4064
80.00:hum1:16.2334#1.3441#0.8116#0.1920#0.0322#-1.4064
81.00:hum1:16.2334#1.3441#0.8116#0.1920#0.0322#-1.4064
82.00:hum1:16.2334#1.3441#0.8116#0.1920#0.0322#-1.4064
83.00:hum1:16.2334#1.3441#0.8116#0.1920#0.0322#-1.4064
84.00:hum1:16.2334#1.3441#0.8116#0.1920#0.0322#-1.4064
85.00:hum1:16.7565#1.2479#0.8171#-0.2675#-0.0441#1.7307
86.00:hum1:16.2356#1.3316#0.8244#0.3590#0.0591#-1.4143
87.00:hum1:16.2356#1.3316#0.8244#0.3590#0.0591#-1.4143
88.00:hum1:16.2356#1.3316#0.8244#0.3590#0.0591#-1.4143