
2.00:-4.8099#-1.1623#0.2401#-0.0001#-0.0025#-0.0001
3.00:-4.8100#-1.1623#0.2401#-0.0001#-0.0024#-0.0001
4.00:-4.8100#-1.1623#0.2401#-0.0001#-0.0022#-0.0001
5.00:-4.8102#-1.1623#0.2401#-0.0001#-0.0025#-0.0002
6.00:-4.8103#-1.1623#0.2401#-0.0001#-0.0023#-0.0002
7.00:-4.8104#-1.1623#0.2401#-0.0001#-0.0025#-0.0002
8.00:-4.8105#-1.1623#0.2401#-0.0001#-0.0025#-0.0001
9.00:-4.8106#-1.1623#0.2401#-0.0001#-0.0023#-0.0002
10.00:-4.8106#-1.1624#0.2401#-0.0001#-0.0021#-0.0002
11.00:-4.6909#-1.1636#0.2402#-0.0001#-0.0033#-0.0174
12.00:-4.2209#-1.3953#0.2401#-0.0011#-0.0008#-0.8782
13.00:-4.1464#-1.4560#0.2401#-0.0013#-0.0017#-0.6509
14.00:-4.0578#-1.4892#0.2401#-0.0008#-0.0020#-0.3640
15.00:-3.9633#-1.4959#0.2401#-0.0002#-0.0021#-0.0778
16.00:-3.5609#-1.4613#0.2401#0.0000#-0.0019#0.0774
17.00:-2.4037#-1.3683#0.2401#0.0001#-0.0015#0.0800
18.00:-1.2377#-1.2749#0.2401#0.0000#-0.0014#0.0800
19.00:-0.0759#-1.1815#0.2401#0.0001#-0.0016#0.0801
20.00:1.0861#-1.0883#0.2401#0.0001#-0.0015#0.0799
21.00:2.1580#-1.0024#0.2400#0.0000#-0.0012#0.0803
22.00:2.2971#-0.9993#0.2401#-0.0003#-0.0022#-0.0835
23.00:2.8063#-1.1091#0.2401#-0.0004#-0.0016#-0.2056
24.00:3.9476#-1.3468#0.2401#-0.0004#-0.0015#-0.2052
25.00:5.0465#-1.5752#0.2400#-0.0002#-0.0010#-0.2029
26.00:5.3007#-1.6155#0.2401#-0.0002#-0.0020#-0.0540
27.00:5.4821#-1.5809#0.2401#0.0004#-0.0022#0.1763
28.00:6.5227#-1.4385#0.2400#0.0001#-0.0014#0.1305
29.00:7.6824#-1.2862#0.2401#0.0001#-0.0014#0.1307
30.00:8.8381#-1.1344#0.2401#0.0002#-0.0015#0.1305
31.00:9.7694#-1.0109#0.2400#0.0001#-0.0010#0.1393
32.00:9.8129#-1.0157#0.2401#-0.0003#-0.0022#-0.0774
33.00:10.3719#-1.1372#0.2401#-0.0004#-0.0015#-0.2224
34.00:11.1562#-1.3080#0.2400#-0.0003#-0.0011#-0.1793
35.00:11.1613#-1.3086#0.2401#-0.0003#-0.0014#-0.1712
36.00:11.1612#-1.3086#0.2401#-0.0003#-0.0014#-0.1712
37.00:11.1612#-1.3086#0.2401#-0.0003#-0.0014#-0.1713
38.00:11.1611#-1.3085#0.2401#-0.0003#-0.0014#-0.1713
39.00:11.1610#-1.3085#0.2401#-0.0003#-0.0014#-0.1713
40.00:11.1610#-1.3085#0.2401#-0.0003#-0.0014#-0.1713
41.00:11.1609#-1.3085#0.2401#-0.0003#-0.0014#-0.1713
42.00:11.2408#-1.3002#0.2401#0.0001#-0.0021#0.0721
43.00:11.3298#-1.2659#0.2401#0.0007#-0.0020#0.3606
44.00:11.4057#-1.2073#0.2401#0.0013#-0.0017#0.6522
45.00:11.4661#-1.1265#0.2401#0.0019#-0.0015#0.9186
46.00:12.0042#-0.4540#0.2401#0.0010#-0.0009#0.8794
47.00:12.7474#0.4442#0.2401#0.0010#-0.0009#0.8797
48.00:13.4930#1.3455#0.2401#0.0012#-0.0011#0.8796
49.00:14.2363#2.2435#0.2401#0.0010#-0.0010#0.8794
50.00:14.8603#2.9981#0.2400#0.0008#-0.0007#0.8811
51.00:14.8962#3.0425#0.2401#0.0010#-0.0009#0.8882
52.00:14.8961#3.0424#0.2401#0.0011#-0.0010#0.8882
53.00:14.8961#3.0424#0.2401#0.0011#-0.0010#0.8882
54.00:14.8960#3.0423#0.2401#0.0012#-0.0010#0.8882
55.00:14.8960#3.0422#0.2401#0.0011#-0.0010#0.8882
56.00:14.8959#3.0422#0.2401#0.0011#-0.0010#0.8881
57.00:14.8959#3.0421#0.2401#0.0010#-0.0009#0.8882
58.00:14.8958#3.0421#0.2401#0.0011#-0.0010#0.8882
59.00:14.8958#3.0420#0.2401#0.0010#-0.0009#0.8882
60.00:14.8957#3.0420#0.2401#0.0011#-0.0010#0.8882
61.00:14.8957#3.0419#0.2401#0.0011#-0.0010#0.8882
62.00:14.8956#3.0419#0.2401#0.0011#-0.0010#0.8882
63.00:14.8956#3.0418#0.2401#0.0011#-0.0010#0.8882
64.00:14.8956#3.0418#0.2401#0.0011#-0.0010#0.8882
65.00:14.8955#3.0417#0.2401#0.0010#-0.0009#0.8882
66.00:14.8955#3.0417#0.2401#0.0010#-0.0009#0.8882
67.00:14.8954#3.0416#0.2401#0.0011#-0.0010#0.8883
68.00:14.8954#3.0416#0.2401#0.0011#-0.0010#0.8882
69.00:14.8954#3.0415#0.2401#0.0010#-0.0009#0.8882
70.00:14.8953#3.0415#0.2401#0.0011#-0.0010#0.8882
71.00:14.8953#3.0414#0.2401#0.0010#-0.0009#0.8882
72.00:14.8952#3.0414#0.2401#0.0011#-0.0010#0.8882
73.00:14.8952#3.0413#0.2401#0.0011#-0.0010#0.8883
74.00:14.8951#3.0413#0.2401#0.0011#-0.0009#0.8883
75.00:14.8951#3.0412#0.2401#0.0010#-0.0009#0.8883
76.00:14.8951#3.0412#0.2401#0.0010#-0.0009#0.8882
77.00:14.8950#3.0411#0.2401#0.0010#-0.0009#0.8882
78.00:14.8950#3.0410#0.2401#0.0011#-0.0009#0.8882
79.00:14.8949#3.0410#0.2401#0.0010#-0.0009#0.8882
80.00:14.8949#3.0409#0.2401#0.0011#-0.0010#0.8882
81.00:14.8948#3.0409#0.2401#0.0011#-0.0010#0.8882
82.00:14.8948#3.0408#0.2401#0.0010#-0.0009#0.8882
83.00:14.8948#3.0408#0.2401#0.0010#-0.0009#0.8882
84.00:14.8947#3.0407#0.2401#0.0011#-0.0010#0.8882
85.00:14.8947#3.0407#0.2401#0.0010#-0.0009#0.8882
86.00:14.8947#3.0406#0.2401#0.0010#-0.0009#0.8882
87.00:14.8946#3.0405#0.2401#0.0011#-0.0009#0.8881
88.00:14.8946#3.0405#0.2401#0.0010#-0.0009#0.8881