
1.00:hum1:3.8000#2.2500#0.8025#-0.0000#-0.0000#-1.5708
2.00:hum1:3.8000#2.2500#0.8025#-0.0000#-0.0000#-1.5708
3.00:hum1:3.8000#2.2500#0.8025#-0.0000#-0.0000#-1.5708
4.00:hum1:3.8000#2.2500#0.8025#-0.0000#-0.0000#-1.5708
5.00:hum1:3.8000#2.2500#0.8025#-0.0000#-0.0000#-1.5708
6.00:hum1:3.8000#2.2500#0.8025#-0.0000#-0.0000#-1.5708
7.00:hum1:3.8000#2.2500#0.8025#-0.0000#-0.0000#-1.5708
8.00:hum1:3.8000#2.2500#0.8025#-0.0000#-0.0000#-1.5708
9.00:hum1:3.8000#2.2500#0.8025#-0.0000#-0.0000#-1.5708
10.00:hum1:3.8000#2.2500#0.8025#-0.0000#-0.0000#-1.5708
11.00:hum1:5.5475#1.4597#0.8025#0.0000#0.0000#-0.3187
12.00:hum1:5.6283#1.4198#0.8025#0.0000#0.0000#-0.4387
13.00:hum1:6.1891#1.1570#0.8025#0.0000#0.0000#-0.4381
14.00:hum1:6.4100#1.0564#0.8025#0.0000#0.0000#-0.4272
15.00:hum1:7.5458#0.5999#0.8171#0.0860#0.2573#-0.3263
16.00:hum1:11.3481#-0.5777#0.8618#-0.1715#-0.5730#-0.3088
17.00:hum1:14.4321#-0.7752#0.8102#0.1058#-0.0316#1.2815
18.00:hum1:14.6339#2.6741#0.8044#0.0071#0.0008#1.6844
19.00:hum1:14.3985#4.7374#0.8025#-0.0000#-0.0000#1.6844
20.00:hum1:14.3985#4.7374#0.8025#-0.0000#-0.0000#1.6844
21.00:hum1:14.3985#4.7374#0.8025#-0.0000#-0.0000#1.6844
22.00:hum1:14.3985#4.7374#0.8025#-0.0000#-0.0000#1.6844
23.00:hum1:14.3985#4.7374#0.8025#-0.0000#-0.0000#1.6844
24.00:hum1:14.3985#4.7374#0.8025#-0.0000#-0.0000#1.6844
25.00:hum1:14.3985#4.7374#0.8025#-0.0000#-0.0000#1.6844
26.00:hum1:14.3985#4.7374#0.8025#-0.0000#-0.0000#1.6844
27.00:hum1:14.3985#4.7374#0.8025#-0.0000#-0.0000#1.6844
28.00:hum1:14.3985#4.7374#0.8025#-0.0000#-0.0000#1.6844
29.00:hum1:14.3985#4.7374#0.8025#-0.0000#-0.0000#1.6844
30.00:hum1:14.3985#4.7374#0.8025#-0.0000#-0.0000#1.6844
31.00:hum1:13.9960#4.0725#0.8025#0.0000#0.0000#-1.5058
32.00:hum1:13.9676#3.2157#0.9413#-0.9746#0.2997#-1.7682
33.00:hum1:13.8751#2.1305#0.9484#-1.0354#0.0729#-1.6136
34.00:hum1:13.7520#1.0489#0.8374#-0.4251#0.0282#-1.6327
35.00:hum1:13.7648#-0.0368#0.8081#0.1169#0.0522#-1.1523
36.00:hum1:13.5724#-0.1175#0.8281#-0.0623#-0.3660#2.9695
37.00:hum1:12.2410#-0.0614#0.8120#0.0065#-0.2699#-3.1170
38.00:hum1:10.9402#-0.0756#0.8115#-0.0001#0.1620#-3.1408
39.00:hum1:9.6242#-0.0721#0.8908#-0.0230#0.7617#-3.1080
40.00:hum1:8.3292#-0.0965#0.9484#-0.0440#1.0364#-3.0901
41.00:hum1:7.2383#-0.0975#0.8374#-0.0234#0.4254#-3.0847
42.00:hum1:6.2559#-0.1360#0.8081#0.0063#-0.1279#-3.0915
43.00:hum1:5.1162#-0.1797#0.8281#0.0260#-0.3702#-3.0695
44.00:hum1:3.8260#-0.2599#0.8120#0.0214#-0.2692#-3.0609
45.00:hum1:2.5185#-0.3648#0.8115#-0.0156#0.1612#-3.0442
46.00:hum1:1.8410#-0.3979#0.8204#0.0446#-0.3295#-3.0043
47.00:hum1:0.8263#-0.5231#0.8244#0.0525#-0.3600#-2.9931
48.00:hum1:-0.0595#-0.6242#0.8081#0.0229#-0.1260#-2.9613
49.00:hum1:-1.0712#-0.7599#0.8025#0.0000#-0.0000#-3.0433
50.00:hum1:-2.2114#-0.8722#0.9191#-0.1230#0.8955#-2.9841
51.00:hum1:-2.8155#-0.9318#0.8025#0.0000#-0.0000#-3.0433
52.00:hum1:-2.8155#-0.9318#0.8025#0.0000#-0.0000#-3.0433
53.00:hum1:-2.8155#-0.9318#0.8025#0.0000#-0.0000#-3.0433
54.00:hum1:-2.8155#-0.9318#0.8025#0.0000#-0.0000#-3.0433
55.00:hum1:-2.8155#-0.9318#0.8025#0.0000#-0.0000#-3.0433
56.00:hum1:-2.8155#-0.9318#0.8025#0.0000#-0.0000#-3.0433
57.00:hum1:-2.8155#-0.9318#0.8025#0.0000#-0.0000#-3.0433
58.00:hum1:-2.8155#-0.9318#0.8025#0.0000#-0.0000#-3.0433