
1.00:0.2653#-1.1873#0.2401#-0.0001#-0.0023#-0.0001
2.00:0.2653#-1.1874#0.2401#-0.0001#-0.0023#-0.0001
3.00:0.2652#-1.1874#0.2401#-0.0001#-0.0021#-0.0001
4.00:0.2651#-1.1874#0.2401#-0.0001#-0.0022#-0.0001
5.00:0.2650#-1.1874#0.2401#-0.0001#-0.0022#-0.0001
6.00:0.2650#-1.1874#0.2401#-0.0001#-0.0020#-0.0002
7.00:0.2649#-1.1874#0.2401#-0.0001#-0.0021#-0.0002
8.00:0.2726#-1.1875#0.2401#-0.0001#-0.0033#-0.0008
9.00:0.8781#-1.0044#0.2401#0.0019#-0.0024#0.6667
10.00:1.0230#-0.8499#0.2401#0.0018#-0.0017#0.8593
11.00:1.0631#-0.8320#0.2401#0.0011#-0.0019#0.5543
12.00:1.1067#-0.8271#0.2401#0.0004#-0.0022#0.2493
13.00:1.1495#-0.8350#0.2401#-0.0002#-0.0023#-0.0536
14.00:1.7359#-0.9238#0.2401#-0.0003#-0.0017#-0.1409
15.00:2.8903#-1.0872#0.2400#-0.0003#-0.0016#-0.1404
16.00:3.6161#-1.5001#0.2400#-0.0014#-0.0000#-1.4686
17.00:3.3263#-1.6231#0.2400#0.0006#0.0015#2.8211
18.00:3.2717#-1.5841#0.2401#0.0014#0.0017#2.5212
19.00:3.2497#-1.5464#0.2401#0.0018#0.0012#2.2309
20.00:3.2389#-1.5039#0.2401#0.0021#0.0007#1.9423
21.00:3.2410#-1.4600#0.2401#0.0021#0.0001#1.6516
22.00:3.2560#-1.4183#0.2401#0.0019#-0.0005#1.3556
23.00:3.2823#-1.3826#0.2401#0.0019#-0.0012#1.0621
24.00:3.3176#-1.3562#0.2401#0.0014#-0.0016#0.7685
25.00:3.3590#-1.3419#0.2401#0.0009#-0.0020#0.4663
26.00:3.4029#-1.3405#0.2401#0.0003#-0.0021#0.1622
27.00:3.7293#-1.3497#0.2401#-0.0001#-0.0019#-0.0091
28.00:4.8815#-1.3557#0.2400#-0.0000#-0.0017#-0.0050
29.00:6.0474#-1.3615#0.2400#-0.0000#-0.0014#-0.0049
30.00:7.2133#-1.3674#0.2400#-0.0001#-0.0015#-0.0051
31.00:8.1089#-1.3711#0.2400#-0.0001#-0.0010#0.0028
32.00:8.9120#-1.3632#0.2401#-0.0001#-0.0015#0.0092
33.00:10.0779#-1.3523#0.2400#-0.0001#-0.0015#0.0094
34.00:11.2437#-1.3414#0.2400#-0.0001#-0.0014#0.0097
35.00:12.0779#-1.6099#0.2400#-0.0012#-0.0005#-1.1719
36.00:11.7403#-1.6572#0.2401#0.0017#0.0005#1.8859
37.00:12.1301#-1.6614#0.2401#-0.0015#-0.0006#-1.1312
38.00:12.0051#-2.0688#0.2400#-0.0007#0.0015#-2.6453
39.00:11.9507#-2.1097#0.2401#-0.0013#0.0017#-2.4586
40.00:11.9234#-2.1569#0.2401#-0.0018#0.0013#-2.1722
41.00:11.8949#-2.1886#0.2401#-0.0015#0.0015#-2.2997
42.00:11.8553#-2.2057#0.2401#-0.0011#0.0019#-2.5960
43.00:11.8124#-2.2105#0.2401#-0.0004#0.0022#-2.8953
44.00:11.7699#-2.2025#0.2401#0.0002#0.0022#3.0904
45.00:11.7118#-2.1763#0.2401#0.0008#0.0020#2.8053
46.00:10.8544#-1.8723#0.2400#0.0005#0.0012#2.8100
47.00:9.8936#-1.5425#0.2400#0.0004#0.0010#2.8139
48.00:9.7785#-1.5161#0.2401#0.0003#0.0021#3.0133
49.00:9.1250#-1.4762#0.2400#0.0002#0.0015#3.0686
50.00:7.9625#-1.3915#0.2400#0.0001#0.0015#3.0692
51.00:6.7997#-1.3077#0.2400#0.0002#0.0015#3.0701
52.00:5.6368#-1.2246#0.2400#0.0002#0.0016#3.0703
53.00:4.4701#-1.1410#0.2400#-0.0001#0.0015#3.0702
54.00:3.3077#-1.0582#0.2400#0.0002#0.0013#3.0705
55.00:2.1449#-0.9755#0.2400#0.0002#0.0014#3.0706
56.00:0.9818#-0.8926#0.2400#0.0002#0.0013#3.0705
57.00:-0.1847#-0.8096#0.2400#0.0002#0.0014#3.0705
58.00:-1.3475#-0.7270#0.2400#0.0002#0.0014#3.0706