
1.00:hum1:-0.2750#-0.5250#0.8025#-0.0000#0.0000#-0.0000
2.00:hum1:-0.2750#-0.5250#0.8025#-0.0000#0.0000#-0.0000
3.00:hum1:-0.2750#-0.5250#0.8025#-0.0000#0.0000#-0.0000
4.00:hum1:-0.2750#-0.5250#0.8025#-0.0000#0.0000#-0.0000
5.00:hum1:-0.2750#-0.5250#0.8025#-0.0000#0.0000#-0.0000
6.00:hum1:-0.2750#-0.5250#0.8025#-0.0000#0.0000#-0.0000
7.00:hum1:-0.2750#-0.5250#0.8025#-0.0000#0.0000#-0.0000
8.00:hum1:-0.2750#-0.5250#0.8025#-0.0000#0.0000#-0.0000
9.00:hum1:-0.2750#-0.5250#0.8025#-0.0000#0.0000#-0.0000
10.00:hum1:-0.2750#-0.5250#0.8025#-0.0000#0.0000#-0.0000
11.00:hum1:-0.2750#-0.5250#0.8025#-0.0000#0.0000#-0.0000
12.00:hum1:1.1971#-0.7493#0.8618#-0.0643#-0.5923#-0.1145
13.00:hum1:4.0021#-1.0319#0.8115#-0.0087#-0.1617#-0.0535
14.00:hum1:7.2025#-1.2814#0.8048#0.0015#0.0582#-0.0262
15.00:hum1:10.6086#-1.4329#0.9191#0.0076#-0.9016#0.0100
16.00:hum1:12.3609#-3.5199#0.8025#0.0000#0.0000#-0.8959
17.00:hum1:14.1985#-4.3477#0.9141#0.8781#0.0252#1.5921
18.00:hum1:13.8132#-3.8511#0.8618#-0.5912#-0.0751#-1.4592
19.00:hum1:13.9572#-5.1550#0.8262#-0.3199#-0.0771#-1.3420
20.00:hum1:14.0194#-5.4076#0.8025#0.0000#0.0000#-1.3295
21.00:hum1:14.0194#-5.4076#0.8025#0.0000#0.0000#-1.3295
22.00:hum1:14.0194#-5.4076#0.8025#0.0000#0.0000#-1.3295
23.00:hum1:14.0194#-5.4076#0.8025#0.0000#0.0000#-1.3295
24.00:hum1:14.0194#-5.4076#0.8025#0.0000#0.0000#-1.3295
25.00:hum1:14.0194#-5.4076#0.8025#0.0000#0.0000#-1.3295
26.00:hum1:14.0194#-5.4076#0.8025#0.0000#0.0000#-1.3295
27.00:hum1:14.0194#-5.4076#0.8025#0.0000#0.0000#-1.3295
28.00:hum1:14.0194#-5.4076#0.8025#0.0000#0.0000#-1.3295