
2.00:-4.1099#-1.2873#0.2401#-0.0001#-0.0024#-0.0002
3.00:-4.1101#-1.2873#0.2401#-0.0001#-0.0025#-0.0002
4.00:-4.1102#-1.2874#0.2401#-0.0001#-0.0025#-0.0002
5.00:-4.1103#-1.2874#0.2401#-0.0001#-0.0025#-0.0003
6.00:-4.1104#-1.2874#0.2401#-0.0001#-0.0026#-0.0003
7.00:-4.1105#-1.2874#0.2401#-0.0001#-0.0026#-0.0003
8.00:-4.1106#-1.2874#0.2401#-0.0001#-0.0024#-0.0004
9.00:-4.1108#-1.2874#0.2401#-0.0001#-0.0024#-0.0006
10.00:-4.1108#-1.2874#0.2401#-0.0001#-0.0021#-0.0007
11.00:-3.8369#-1.2719#0.2401#0.0003#-0.0022#0.1433
12.00:-3.2284#-0.8194#0.2401#0.0022#-0.0016#0.9661
13.00:-3.2025#-0.7964#0.2401#0.0014#-0.0017#0.7640
14.00:-3.1935#-0.8087#0.2401#0.0009#-0.0021#0.4548
15.00:-3.1884#-0.8229#0.2401#0.0002#-0.0022#0.1475
16.00:-3.1873#-0.8375#0.2401#-0.0004#-0.0020#-0.1498
17.00:-2.5055#-0.9833#0.2401#-0.0004#-0.0016#-0.1978
18.00:-1.3626#-1.2127#0.2401#-0.0004#-0.0016#-0.1981
19.00:-0.2624#-1.4324#0.2400#-0.0003#-0.0010#-0.1957
20.00:-0.0106#-1.4690#0.2401#-0.0001#-0.0021#-0.0424
21.00:0.4960#-1.4244#0.2401#0.0000#-0.0015#0.0833
22.00:1.6574#-1.3274#0.2401#0.0001#-0.0017#0.0833
23.00:2.8192#-1.2304#0.2401#0.0001#-0.0015#0.0832
24.00:3.9847#-1.1333#0.2401#0.0000#-0.0015#0.0829
25.00:5.1463#-1.0365#0.2400#0.0001#-0.0014#0.0831
26.00:5.9945#-0.9638#0.2400#0.0001#-0.0011#0.0920
27.00:6.0127#-0.9747#0.2401#-0.0004#-0.0019#-0.1531
28.00:6.7501#-1.1399#0.2400#-0.0004#-0.0013#-0.2145
29.00:7.8895#-1.3883#0.2401#-0.0003#-0.0014#-0.2148
30.00:8.8845#-1.6017#0.2400#-0.0002#-0.0009#-0.1930
31.00:9.0338#-1.6096#0.2401#0.0000#-0.0021#0.0401
32.00:9.4724#-1.5426#0.2401#0.0001#-0.0017#0.1201
33.00:10.6287#-1.4109#0.2401#0.0001#-0.0015#0.1136
34.00:11.7870#-1.2788#0.2401#0.0001#-0.0013#0.1137
35.00:12.9491#-1.1461#0.2401#0.0001#-0.0014#0.1136
36.00:13.4626#-1.0867#0.2401#0.0001#-0.0017#0.0920
37.00:13.5388#-1.1116#0.2401#-0.0004#-0.0017#-0.1756
38.00:13.8092#-1.1710#0.2401#-0.0007#-0.0019#-0.3007
39.00:13.8042#-1.1844#0.2401#-0.0013#-0.0018#-0.5891
40.00:13.7959#-1.1959#0.2401#-0.0017#-0.0013#-0.8762
41.00:13.8008#-1.2366#0.2401#-0.0019#-0.0008#-1.1491
42.00:14.1500#-2.0710#0.2400#-0.0009#-0.0003#-1.1710
43.00:14.2316#-2.2734#0.2401#-0.0019#-0.0005#-1.2763
44.00:14.2261#-2.2752#0.2401#-0.0022#-0.0003#-1.3938
45.00:14.2260#-2.2750#0.2401#-0.0022#-0.0003#-1.3938
46.00:14.2260#-2.2748#0.2401#-0.0022#-0.0003#-1.3939
47.00:14.2259#-2.2746#0.2401#-0.0022#-0.0003#-1.3940
48.00:14.2259#-2.2744#0.2401#-0.0022#-0.0003#-1.3941
49.00:14.2258#-2.2742#0.2401#-0.0022#-0.0003#-1.3942
50.00:14.2258#-2.2741#0.2401#-0.0022#-0.0003#-1.3943
51.00:14.2258#-2.2739#0.2401#-0.0022#-0.0003#-1.3944
52.00:14.2257#-2.2737#0.2401#-0.0022#-0.0003#-1.3945
53.00:14.2257#-2.2735#0.2401#-0.0022#-0.0003#-1.3945
54.00:14.2257#-2.2733#0.2401#-0.0022#-0.0003#-1.3945
55.00:14.2256#-2.2732#0.2401#-0.0022#-0.0003#-1.3946
56.00:14.2256#-2.2730#0.2401#-0.0022#-0.0003#-1.3948
57.00:14.2256#-2.2728#0.2401#-0.0022#-0.0003#-1.3949
58.00:14.2255#-2.2726#0.2401#-0.0022#-0.0003#-1.3950
59.00:14.2255#-2.2724#0.2401#-0.0022#-0.0003#-1.3951
60.00:14.2254#-2.2722#0.2401#-0.0022#-0.0003#-1.3952
61.00:14.2254#-2.2720#0.2401#-0.0022#-0.0003#-1.3952
62.00:14.2254#-2.2718#0.2401#-0.0022#-0.0003#-1.3953
63.00:14.2253#-2.2716#0.2401#-0.0022#-0.0003#-1.3954
64.00:14.2253#-2.2714#0.2401#-0.0022#-0.0003#-1.3954
65.00:14.2253#-2.2713#0.2401#-0.0022#-0.0003#-1.3955
66.00:14.2252#-2.2711#0.2401#-0.0022#-0.0003#-1.3956
67.00:14.2252#-2.2709#0.2401#-0.0022#-0.0003#-1.3957
68.00:14.2251#-2.2707#0.2401#-0.0022#-0.0003#-1.3959
69.00:14.2251#-2.2705#0.2401#-0.0022#-0.0003#-1.3960
70.00:14.2250#-2.2703#0.2401#-0.0022#-0.0003#-1.3961
71.00:14.2250#-2.2701#0.2401#-0.0022#-0.0003#-1.3961
72.00:14.2250#-2.2700#0.2401#-0.0022#-0.0003#-1.3962
73.00:14.2249#-2.2698#0.2401#-0.0022#-0.0003#-1.3962
74.00:14.2249#-2.2696#0.2401#-0.0022#-0.0003#-1.3963
75.00:14.2136#-2.2714#0.2401#-0.0022#0.0002#-1.6272
76.00:14.3262#-2.6450#0.2401#-0.0017#-0.0008#-1.1164
77.00:14.8783#-3.4034#0.2400#-0.0008#-0.0006#-0.8990
78.00:14.8995#-3.4460#0.2401#-0.0020#-0.0009#-1.1011
79.00:14.8865#-3.4521#0.2401#-0.0022#-0.0003#-1.3917
80.00:14.8721#-3.4539#0.2401#-0.0022#0.0004#-1.6848
81.00:14.7926#-3.6992#0.2400#-0.0016#0.0005#-1.8460
82.00:14.4973#-4.8021#0.2401#-0.0015#0.0005#-1.8319
83.00:14.1959#-5.9301#0.2400#-0.0010#0.0003#-1.8318
84.00:14.0934#-6.3429#0.2401#-0.0017#0.0003#-1.7404
85.00:14.1055#-6.4365#0.2401#-0.0022#-0.0002#-1.4512
86.00:14.1757#-6.6345#0.2401#-0.0018#-0.0005#-1.2509
87.00:14.2321#-6.8352#0.2401#-0.0014#-0.0003#-1.3202
88.00:14.2320#-6.8351#0.2401#-0.0014#-0.0003#-1.3202