
2.00:-4.8099#-1.1623#0.2401#-0.0001#-0.0025#-0.0001
3.00:-4.8100#-1.1623#0.2401#-0.0001#-0.0024#-0.0001
4.00:-4.8100#-1.1623#0.2401#-0.0001#-0.0022#-0.0001
5.00:-4.8102#-1.1623#0.2401#-0.0001#-0.0025#-0.0002
6.00:-4.8103#-1.1623#0.2401#-0.0001#-0.0023#-0.0002
7.00:-4.8104#-1.1623#0.2401#-0.0001#-0.0025#-0.0002
8.00:-4.8105#-1.1623#0.2401#-0.0001#-0.0025#-0.0001
9.00:-4.7167#-1.1629#0.2402#-0.0001#-0.0032#-0.0003
10.00:-3.9608#-0.7977#0.2400#0.0009#-0.0009#0.8254
11.00:-3.8831#-0.6955#0.2401#0.0016#-0.0015#0.8701
12.00:-3.8726#-0.7062#0.2401#0.0011#-0.0019#0.5602
13.00:-3.8651#-0.7191#0.2401#0.0005#-0.0022#0.2557
14.00:-3.8621#-0.7338#0.2401#-0.0002#-0.0022#-0.0495
15.00:-3.5692#-0.8082#0.2401#-0.0005#-0.0018#-0.2153
16.00:-2.4413#-1.0459#0.2401#-0.0004#-0.0015#-0.2078
17.00:-1.2968#-1.2872#0.2401#-0.0004#-0.0016#-0.2079
18.00:-0.7763#-1.3909#0.2401#-0.0003#-0.0017#-0.1419
19.00:-0.5647#-1.3710#0.2401#0.0001#-0.0018#0.0810
20.00:0.5155#-1.2845#0.2401#0.0000#-0.0014#0.0796
21.00:1.0784#-1.2381#0.2401#0.0000#-0.0016#0.0731
22.00:1.0782#-1.2381#0.2401#0.0001#-0.0018#0.0730
23.00:1.0781#-1.2382#0.2401#0.0000#-0.0017#0.0728
24.00:1.0780#-1.2382#0.2401#0.0000#-0.0016#0.0728
25.00:1.6756#-1.2024#0.2401#0.0000#-0.0017#0.0570
26.00:2.8395#-1.1360#0.2401#-0.0000#-0.0016#0.0570
27.00:4.0035#-1.0693#0.2401#-0.0000#-0.0016#0.0573
28.00:5.0747#-1.0072#0.2401#0.0000#-0.0016#0.0623
29.00:5.2180#-1.0046#0.2401#-0.0003#-0.0018#-0.0836
30.00:5.6744#-1.1117#0.2400#-0.0004#-0.0017#-0.2200
31.00:6.5954#-1.3166#0.2400#-0.0003#-0.0010#-0.2089
32.00:6.7177#-1.3217#0.2401#-0.0001#-0.0022#0.0034
33.00:7.5926#-1.2990#0.2401#-0.0001#-0.0014#0.0189
34.00:8.1593#-1.2877#0.2401#-0.0000#-0.0016#0.0256
35.00:8.1592#-1.2877#0.2401#-0.0000#-0.0016#0.0256
36.00:8.1590#-1.2877#0.2401#-0.0000#-0.0017#0.0256
37.00:8.1589#-1.2877#0.2401#-0.0000#-0.0016#0.0255
38.00:8.1588#-1.2877#0.2401#-0.0000#-0.0017#0.0255
39.00:8.1587#-1.2877#0.2401#-0.0000#-0.0016#0.0255
40.00:8.1586#-1.2877#0.2401#-0.0000#-0.0016#0.0255
41.00:8.1585#-1.2877#0.2401#-0.0000#-0.0016#0.0255
42.00:8.1584#-1.2877#0.2401#-0.0000#-0.0016#0.0254
43.00:8.6364#-1.2830#0.2401#-0.0001#-0.0017#-0.0051
44.00:9.8020#-1.2894#0.2401#-0.0001#-0.0015#-0.0054
45.00:10.9679#-1.2954#0.2401#-0.0000#-0.0013#-0.0052
46.00:12.1333#-1.3018#0.2401#-0.0001#-0.0016#-0.0057
47.00:13.3030#-1.3085#0.2400#-0.0001#-0.0013#-0.0057
48.00:13.9282#-1.3085#0.2401#-0.0000#-0.0014#0.0158
49.00:13.9281#-1.3085#0.2401#-0.0000#-0.0014#0.0158
50.00:13.9280#-1.3085#0.2401#-0.0000#-0.0015#0.0158
51.00:13.9280#-1.3085#0.2401#-0.0000#-0.0015#0.0158
52.00:13.9279#-1.3085#0.2401#-0.0000#-0.0016#0.0158
53.00:13.9278#-1.3085#0.2401#-0.0000#-0.0015#0.0158
54.00:13.9278#-1.3085#0.2401#-0.0000#-0.0014#0.0159
55.00:13.9277#-1.3085#0.2401#-0.0000#-0.0015#0.0158
56.00:13.9276#-1.3085#0.2401#-0.0000#-0.0015#0.0158
57.00:13.9275#-1.3085#0.2401#-0.0000#-0.0015#0.0158
58.00:13.9274#-1.3085#0.2401#-0.0000#-0.0016#0.0159
59.00:13.9274#-1.3085#0.2401#-0.0001#-0.0015#0.0159
60.00:13.9273#-1.3085#0.2401#-0.0001#-0.0015#0.0159
61.00:13.9272#-1.3085#0.2401#-0.0000#-0.0015#0.0160
62.00:13.9271#-1.3085#0.2401#-0.0001#-0.0015#0.0159
63.00:13.9270#-1.3085#0.2401#-0.0000#-0.0016#0.0159
64.00:13.9270#-1.3085#0.2401#-0.0000#-0.0014#0.0159
65.00:13.9269#-1.3085#0.2401#-0.0000#-0.0015#0.0159
66.00:13.9271#-1.3178#0.2401#-0.0005#-0.0021#-0.1667
67.00:13.9234#-1.3318#0.2401#-0.0011#-0.0020#-0.4571
68.00:13.9161#-1.3441#0.2401#-0.0016#-0.0016#-0.7458
69.00:13.9058#-1.3542#0.2401#-0.0019#-0.0010#-1.0352
70.00:13.8928#-1.3607#0.2401#-0.0021#-0.0004#-1.3272
71.00:13.8797#-1.4186#0.2401#-0.0019#0.0001#-1.5919
72.00:13.8654#-2.4099#0.2400#-0.0013#0.0001#-1.5834
73.00:13.8508#-3.5758#0.2400#-0.0012#0.0001#-1.5833
74.00:13.8361#-4.7453#0.2400#-0.0013#0.0001#-1.5833
75.00:13.8217#-5.9111#0.2400#-0.0013#0.0001#-1.5830
76.00:13.8125#-6.8536#0.2400#-0.0010#0.0001#-1.5723
77.00:13.8332#-6.9683#0.2401#-0.0021#-0.0005#-1.3375
78.00:13.8820#-7.0517#0.2401#-0.0018#-0.0010#-1.0456
79.00:13.9226#-7.0941#0.2401#-0.0017#-0.0014#-0.8673
80.00:13.9225#-7.0939#0.2401#-0.0017#-0.0013#-0.8673
81.00:13.9223#-7.0938#0.2401#-0.0017#-0.0014#-0.8674
82.00:13.9222#-7.0937#0.2401#-0.0017#-0.0014#-0.8674
83.00:13.9221#-7.0935#0.2401#-0.0017#-0.0014#-0.8674
84.00:13.9219#-7.0934#0.2401#-0.0017#-0.0014#-0.8675
85.00:13.9218#-7.0932#0.2401#-0.0017#-0.0014#-0.8674
86.00:13.9217#-7.0931#0.2401#-0.0017#-0.0014#-0.8674
87.00:13.9215#-7.0929#0.2401#-0.0017#-0.0014#-0.8675
88.00:13.9214#-7.0928#0.2401#-0.0017#-0.0014#-0.8675
89.00:13.9212#-7.0926#0.2401#-0.0017#-0.0014#-0.8675
90.00:13.9211#-7.0925#0.2401#-0.0017#-0.0014#-0.8676
91.00:13.9209#-7.0923#0.2401#-0.0017#-0.0014#-0.8676
92.00:13.9208#-7.0922#0.2401#-0.0017#-0.0014#-0.8677
93.00:13.9206#-7.0920#0.2401#-0.0017#-0.0014#-0.8677
94.00:13.9205#-7.0919#0.2401#-0.0017#-0.0014#-0.8677
95.00:13.9204#-7.0917#0.2401#-0.0017#-0.0014#-0.8678
96.00:13.9202#-7.0915#0.2401#-0.0017#-0.0014#-0.8678
97.00:13.9201#-7.0914#0.2401#-0.0017#-0.0014#-0.8678
98.00:13.9199#-7.0912#0.2401#-0.0017#-0.0014#-0.8679
99.00:13.9198#-7.0911#0.2401#-0.0017#-0.0014#-0.8679
100.00:13.9197#-7.0909#0.2401#-0.0017#-0.0014#-0.8680
101.00:13.9195#-7.0907#0.2401#-0.0017#-0.0014#-0.8680
102.00:13.9194#-7.0906#0.2401#-0.0017#-0.0014#-0.8680
103.00:13.9192#-7.0904#0.2401#-0.0017#-0.0014#-0.8680
104.00:13.9191#-7.0903#0.2401#-0.0017#-0.0014#-0.8681
105.00:13.9189#-7.0901#0.2401#-0.0017#-0.0014#-0.8681
106.00:13.9188#-7.0900#0.2401#-0.0017#-0.0014#-0.8680
107.00:13.9187#-7.0898#0.2401#-0.0017#-0.0014#-0.8680
108.00:13.9185#-7.0897#0.2401#-0.0017#-0.0014#-0.8680
109.00:13.9184#-7.0895#0.2401#-0.0017#-0.0014#-0.8680
110.00:13.9182#-7.0894#0.2401#-0.0017#-0.0014#-0.8680
111.00:13.9181#-7.0892#0.2401#-0.0017#-0.0014#-0.8681
112.00:13.9179#-7.0890#0.2401#-0.0017#-0.0014#-0.8681
113.00:13.9178#-7.0889#0.2401#-0.0017#-0.0014#-0.8681
114.00:13.9177#-7.0888#0.2401#-0.0017#-0.0014#-0.8681
115.00:13.9175#-7.0886#0.2401#-0.0017#-0.0014#-0.8681