
1.00:-4.1098#-1.2873#0.2401#-0.0001#-0.0023#-0.0001
2.00:-4.1099#-1.2873#0.2401#-0.0001#-0.0024#-0.0002
3.00:-4.1101#-1.2873#0.2401#-0.0001#-0.0025#-0.0002
4.00:-4.1102#-1.2874#0.2401#-0.0001#-0.0025#-0.0002
5.00:-4.1103#-1.2874#0.2401#-0.0001#-0.0025#-0.0003
6.00:-4.1104#-1.2874#0.2401#-0.0001#-0.0026#-0.0003
7.00:-4.1029#-1.2875#0.2401#-0.0001#-0.0033#-0.0017
8.00:-3.3474#-1.1157#0.2401#0.0008#-0.0013#0.5837
9.00:-3.1902#-0.9155#0.2401#0.0014#-0.0010#1.0430
10.00:-3.1781#-0.9248#0.2401#0.0014#-0.0017#0.7333
11.00:-3.1692#-0.9372#0.2401#0.0008#-0.0021#0.4276
12.00:-3.1641#-0.9513#0.2401#0.0001#-0.0022#0.1199
13.00:-3.1279#-0.9706#0.2401#-0.0005#-0.0024#-0.1652
14.00:-2.1902#-1.1391#0.2401#-0.0003#-0.0013#-0.1732
15.00:-1.0418#-1.3397#0.2401#-0.0003#-0.0014#-0.1730
16.00:-0.1153#-1.5004#0.2400#-0.0002#-0.0009#-0.1644
17.00:-0.0015#-1.5005#0.2401#0.0001#-0.0026#0.0482
18.00:0.8242#-1.4072#0.2401#0.0001#-0.0016#0.1139
19.00:1.9824#-1.2746#0.2401#0.0001#-0.0015#0.1139
20.00:3.1405#-1.1421#0.2401#0.0001#-0.0016#0.1139
21.00:4.2721#-1.0120#0.2400#0.0001#-0.0012#0.1157
22.00:4.5244#-0.9868#0.2401#-0.0001#-0.0021#-0.0030
23.00:4.7284#-1.0423#0.2401#-0.0006#-0.0018#-0.2226
24.00:5.7614#-1.2833#0.2400#-0.0003#-0.0010#-0.2275
25.00:5.9830#-1.3202#0.2401#-0.0002#-0.0021#-0.0649
26.00:6.5430#-1.2986#0.2400#0.0000#-0.0013#0.0264
27.00:7.7083#-1.2679#0.2401#0.0000#-0.0015#0.0262
28.00:8.8736#-1.2376#0.2401#-0.0000#-0.0016#0.0260
29.00:10.0429#-1.2071#0.2401#-0.0000#-0.0015#0.0260
30.00:11.2083#-1.1766#0.2401#0.0000#-0.0018#0.0262
31.00:12.3738#-1.1459#0.2401#0.0000#-0.0015#0.0262
32.00:13.5391#-1.1149#0.2401#-0.0001#-0.0015#0.0262
33.00:14.1124#-1.1007#0.2401#-0.0001#-0.0018#0.0051
34.00:14.1124#-1.1136#0.2401#-0.0007#-0.0021#-0.2561
35.00:14.1083#-1.1273#0.2401#-0.0012#-0.0018#-0.5442
36.00:14.1006#-1.1393#0.2401#-0.0017#-0.0014#-0.8311
37.00:14.0895#-1.1486#0.2401#-0.0020#-0.0009#-1.1214
38.00:14.0927#-1.2289#0.2401#-0.0017#-0.0002#-1.3847
39.00:14.2744#-2.2364#0.2400#-0.0012#-0.0002#-1.3942
40.00:14.4785#-3.3803#0.2400#-0.0008#-0.0001#-1.3934
41.00:14.5412#-3.7293#0.2401#-0.0019#-0.0001#-1.4511
42.00:14.5161#-3.8347#0.2401#-0.0018#0.0004#-1.7018
43.00:14.3805#-4.8830#0.2400#-0.0013#0.0002#-1.6979
44.00:14.3099#-5.4502#0.2401#-0.0015#0.0002#-1.6907
45.00:14.3099#-5.4501#0.2401#-0.0014#0.0002#-1.6906
46.00:14.3099#-5.4501#0.2401#-0.0014#0.0002#-1.6907
47.00:14.3099#-5.4500#0.2401#-0.0014#0.0002#-1.6907
48.00:14.3099#-5.4499#0.2401#-0.0015#0.0002#-1.6907
49.00:14.3099#-5.4499#0.2401#-0.0015#0.0002#-1.6907
50.00:14.3099#-5.4498#0.2401#-0.0014#0.0002#-1.6907
51.00:14.3099#-5.4497#0.2401#-0.0015#0.0003#-1.6907
52.00:14.3099#-5.4497#0.2401#-0.0015#0.0003#-1.6907
53.00:14.3099#-5.4496#0.2401#-0.0015#0.0002#-1.6907
54.00:14.3099#-5.4496#0.2401#-0.0014#0.0002#-1.6907
55.00:14.3100#-5.4495#0.2401#-0.0015#0.0002#-1.6907
56.00:14.3100#-5.4494#0.2401#-0.0014#0.0002#-1.6907
57.00:14.3100#-5.4494#0.2401#-0.0015#0.0002#-1.6907
58.00:14.3100#-5.4493#0.2401#-0.0014#0.0002#-1.6907
59.00:14.3100#-5.4492#0.2401#-0.0015#0.0002#-1.6907
60.00:14.3100#-5.4492#0.2401#-0.0015#0.0002#-1.6907
61.00:14.3100#-5.4491#0.2401#-0.0015#0.0002#-1.6907
62.00:14.3100#-5.4491#0.2401#-0.0014#0.0002#-1.6907
63.00:14.3100#-5.4491#0.2401#-0.0014#0.0002#-1.6907
64.00:14.3100#-5.4490#0.2401#-0.0014#0.0002#-1.6907
65.00:14.3100#-5.4489#0.2401#-0.0014#0.0002#-1.6907
66.00:14.3100#-5.4489#0.2401#-0.0014#0.0002#-1.6907
67.00:14.3100#-5.4488#0.2401#-0.0014#0.0002#-1.6908
68.00:14.3100#-5.4488#0.2401#-0.0015#0.0003#-1.6908
69.00:14.3100#-5.4487#0.2401#-0.0015#0.0002#-1.6908
70.00:14.3100#-5.4486#0.2401#-0.0015#0.0002#-1.6908
71.00:14.3100#-5.4486#0.2401#-0.0015#0.0002#-1.6908
72.00:14.3100#-5.4485#0.2401#-0.0014#0.0002#-1.6908
73.00:14.3101#-5.4485#0.2401#-0.0015#0.0002#-1.6908
74.00:14.3101#-5.4484#0.2401#-0.0015#0.0002#-1.6909
75.00:14.3101#-5.4483#0.2401#-0.0015#0.0002#-1.6909
76.00:14.3101#-5.4483#0.2401#-0.0014#0.0002#-1.6909
77.00:14.3101#-5.4482#0.2401#-0.0014#0.0002#-1.6910
78.00:14.3101#-5.4482#0.2401#-0.0015#0.0002#-1.6910
79.00:14.3101#-5.4481#0.2401#-0.0014#0.0002#-1.6910
80.00:14.3101#-5.4481#0.2401#-0.0014#0.0002#-1.6910
81.00:14.2320#-6.0429#0.2400#-0.0014#0.0003#-1.7074
82.00:14.1728#-6.4932#0.2401#-0.0015#0.0002#-1.6928