
1.00:hum1:-6.4000#-1.4250#0.8025#-0.0000#0.0000#-0.0000
2.00:hum1:-6.4000#-1.4250#0.8025#-0.0000#0.0000#-0.0000
3.00:hum1:-6.4000#-1.4250#0.8025#-0.0000#0.0000#-0.0000
4.00:hum1:-6.4000#-1.4250#0.8025#-0.0000#0.0000#-0.0000
5.00:hum1:-6.4000#-1.4250#0.8025#-0.0000#0.0000#-0.0000
6.00:hum1:-6.4000#-1.4250#0.8025#-0.0000#0.0000#-0.0000
7.00:hum1:-6.4000#-1.4250#0.8025#-0.0000#0.0000#-0.0000
8.00:hum1:-6.4000#-1.4250#0.8025#-0.0000#0.0000#-0.0000
9.00:hum1:-6.4000#-1.4250#0.8025#-0.0000#0.0000#-0.0000
10.00:hum1:-6.4000#-1.4250#0.8025#-0.0000#0.0000#-0.0000
11.00:hum1:-6.4000#-1.4250#0.8025#-0.0000#0.0000#-0.0000
12.00:hum1:-6.4000#-1.4250#0.8025#-0.0000#0.0000#-0.0000
13.00:hum1:-6.4000#-1.4250#0.8025#-0.0000#0.0000#-0.0000
14.00:hum1:-6.1386#-1.4747#0.8115#-0.0283#-0.1595#-0.1760
15.00:hum1:-4.8457#-1.6996#0.8908#-0.1602#-0.7483#-0.2328
16.00:hum1:-4.5628#-1.7481#0.8721#-0.1300#-0.6463#-0.2134
17.00:hum1:-4.5535#-1.7496#0.8281#0.0658#0.3654#-0.1820
18.00:hum1:-3.4509#-1.8464#0.8215#-0.0594#0.3104#0.1927
19.00:hum1:-2.6385#-1.7744#0.8161#-0.0005#0.3012#0.0020
20.00:hum1:-1.3064#-1.7685#0.8069#0.0005#-0.0822#0.0067
21.00:hum1:-0.1843#-1.7335#0.8763#0.0302#-0.6816#0.0482
22.00:hum1:1.1339#-1.6916#0.9597#0.0588#-1.0859#0.0668
23.00:hum1:1.5066#-1.6771#0.8496#0.0266#-0.5154#0.0543
24.00:hum1:2.4765#-1.6381#0.8071#0.0007#0.0080#-0.0826
25.00:hum1:3.1111#-1.6790#0.8215#-0.0083#0.3157#0.0271
26.00:hum1:4.1338#-1.6685#0.8161#0.0193#0.3006#-0.0646
27.00:hum1:4.9959#-1.6914#0.8069#0.0010#-0.0822#0.0121
28.00:hum1:6.1340#-1.6691#0.8763#0.0228#-0.6819#0.0366
29.00:hum1:7.2904#-1.5973#0.9597#0.1507#-1.0807#0.1708
30.00:hum1:8.3435#-1.6754#0.8496#-0.0784#-0.5105#-0.1591
31.00:hum1:9.2182#-1.7975#0.9377#-0.2075#-0.9743#-0.2489
32.00:hum1:9.7043#-1.8653#0.8067#0.0218#0.1545#-0.1404
33.00:hum1:10.9993#-2.0461#0.8273#-0.0492#-0.3380#-0.1471
34.00:hum1:12.2829#-2.2253#0.9141#-0.1655#-0.8668#-0.2154
35.00:hum1:13.5506#-2.4023#0.9413#-0.2146#-0.9896#-0.2547
36.00:hum1:14.5893#-2.5472#0.8262#-0.0472#-0.3255#-0.1464
37.00:hum1:15.5598#-2.6826#0.8116#0.0273#0.1927#-0.1413
38.00:hum1:16.6407#-2.8336#0.9484#-0.2302#-1.0209#-0.2680
39.00:hum1:16.7672#-2.3538#0.9191#0.8979#-0.0961#1.4948
40.00:hum1:16.7814#-2.4242#0.8262#0.3143#-0.0980#1.2787
41.00:hum1:16.7814#-2.4242#0.8262#0.3143#-0.0980#1.2787
42.00:hum1:16.7814#-2.4242#0.8262#0.3143#-0.0980#1.2787
43.00:hum1:16.7814#-2.4242#0.8262#0.3143#-0.0980#1.2787
44.00:hum1:16.7814#-2.4242#0.8262#0.3143#-0.0980#1.2787
45.00:hum1:16.7814#-2.4242#0.8262#0.3143#-0.0980#1.2787
46.00:hum1:16.7814#-2.4242#0.8262#0.3143#-0.0980#1.2787
47.00:hum1:16.7814#-2.4242#0.8262#0.3143#-0.0980#1.2787
48.00:hum1:16.7814#-2.4242#0.8262#0.3143#-0.0980#1.2787
49.00:hum1:16.7737#-2.4481#0.8102#0.1052#-0.0334#1.2649
50.00:hum1:16.7617#-2.4859#0.8081#-0.1221#0.0387#1.2655
51.00:hum1:16.7627#-2.4827#0.8153#-0.2358#0.0742#1.2720
52.00:hum1:16.7811#-2.4248#0.8215#-0.3019#0.0943#1.2775
53.00:hum1:16.7996#-2.3665#0.8267#-0.3568#0.1106#1.2831
54.00:hum1:17.1060#-1.4020#0.8281#-0.3550#0.1101#1.2829
55.00:hum1:17.8057#-1.5552#0.8120#0.0863#0.2562#-0.3286
56.00:hum1:18.8804#-1.8563#0.8115#-0.0170#-0.1611#-0.1055
57.00:hum1:19.3084#-1.9010#0.9598#-0.1959#-1.0769#-0.2213