
2.00:-4.8099#-1.1623#0.2401#-0.0001#-0.0025#-0.0001
3.00:-4.8100#-1.1623#0.2401#-0.0001#-0.0024#-0.0001
4.00:-4.8100#-1.1623#0.2401#-0.0001#-0.0022#-0.0001
5.00:-4.8102#-1.1623#0.2401#-0.0001#-0.0025#-0.0002
6.00:-4.8103#-1.1623#0.2401#-0.0001#-0.0023#-0.0002
7.00:-4.8104#-1.1623#0.2401#-0.0001#-0.0025#-0.0002
8.00:-4.8105#-1.1623#0.2401#-0.0001#-0.0025#-0.0001
9.00:-4.8106#-1.1623#0.2401#-0.0001#-0.0023#-0.0002
10.00:-4.8106#-1.1624#0.2401#-0.0001#-0.0021#-0.0002
11.00:-4.5912#-1.1666#0.2401#-0.0002#-0.0027#-0.0569
12.00:-4.1990#-1.3800#0.2401#-0.0018#-0.0011#-0.9713
13.00:-4.1269#-1.4452#0.2401#-0.0012#-0.0013#-0.7196
14.00:-4.0407#-1.4841#0.2401#-0.0009#-0.0019#-0.4286
15.00:-3.9473#-1.4968#0.2401#-0.0003#-0.0021#-0.1403
16.00:-3.6726#-1.4807#0.2401#0.0000#-0.0023#0.0422
17.00:-2.5494#-1.4408#0.2401#0.0000#-0.0020#0.0346
18.00:-1.3804#-1.4001#0.2401#0.0000#-0.0017#0.0348
19.00:-0.2156#-1.3593#0.2401#0.0000#-0.0016#0.0350
20.00:0.9491#-1.3183#0.2401#-0.0000#-0.0017#0.0353
21.00:2.1142#-1.2772#0.2401#-0.0000#-0.0018#0.0354
22.00:3.2831#-1.2358#0.2401#-0.0000#-0.0016#0.0355
23.00:4.4481#-1.1948#0.2399#0.0005#-0.0014#0.0348
24.00:5.6125#-1.1542#0.2401#-0.0000#-0.0016#0.0349
25.00:6.7778#-1.1133#0.2400#-0.0000#-0.0017#0.0353
26.00:7.9447#-1.0719#0.2400#-0.0000#-0.0010#0.0354
27.00:8.3422#-1.0607#0.2401#-0.0002#-0.0018#-0.0356
28.00:8.5045#-1.1156#0.2401#-0.0005#-0.0017#-0.2733
29.00:9.5120#-1.4314#0.2400#-0.0004#-0.0012#-0.3005
30.00:9.7651#-1.4908#0.2401#-0.0003#-0.0021#-0.1090
31.00:10.2137#-1.4838#0.2401#-0.0001#-0.0019#-0.0145
32.00:11.3766#-1.5107#0.2401#-0.0001#-0.0014#-0.0226
33.00:12.5422#-1.5370#0.2400#-0.0000#-0.0014#-0.0220
34.00:13.7116#-1.5628#0.2401#-0.0001#-0.0015#-0.0222
35.00:14.8773#-1.5880#0.2401#-0.0001#-0.0017#-0.0216
36.00:16.0429#-1.6128#0.2401#-0.0001#-0.0015#-0.0209
37.00:17.2086#-1.6369#0.2401#-0.0001#-0.0016#-0.0207
38.00:18.3759#-1.6610#0.2400#-0.0001#-0.0012#-0.0207
39.00:19.5355#-1.6852#0.2400#-0.0001#-0.0012#-0.0201
40.00:19.8864#-1.6854#0.2401#-0.0000#-0.0014#0.0371
41.00:19.8863#-1.6854#0.2401#-0.0000#-0.0014#0.0371
42.00:19.8863#-1.6854#0.2401#-0.0000#-0.0014#0.0371
43.00:19.8862#-1.6855#0.2401#-0.0000#-0.0014#0.0370
44.00:19.8862#-1.6855#0.2401#-0.0000#-0.0015#0.0370
45.00:19.8861#-1.6855#0.2401#-0.0000#-0.0014#0.0369
46.00:19.8860#-1.6855#0.2401#-0.0000#-0.0015#0.0369
47.00:19.8858#-1.6855#0.2401#-0.0000#-0.0015#0.0368
48.00:19.8857#-1.6856#0.2401#-0.0000#-0.0016#0.0368
49.00:19.8857#-1.6856#0.2401#-0.0000#-0.0015#0.0368
50.00:19.8855#-1.6856#0.2401#-0.0000#-0.0017#0.0368
51.00:19.8854#-1.6856#0.2401#-0.0000#-0.0016#0.0367
52.00:19.8853#-1.6856#0.2401#-0.0000#-0.0017#0.0367
53.00:19.8853#-1.6857#0.2401#-0.0000#-0.0015#0.0367
54.00:19.8853#-1.6857#0.2401#-0.0000#-0.0014#0.0367
55.00:19.8852#-1.6857#0.2401#-0.0000#-0.0015#0.0367
56.00:19.8851#-1.6857#0.2401#-0.0000#-0.0016#0.0367
57.00:19.9436#-1.6996#0.3594#0.0798#-0.5692#0.1430