
1.00:hum1:-0.2750#-0.5250#0.8025#-0.0000#0.0000#-0.0000
2.00:hum1:-0.2750#-0.5250#0.8025#-0.0000#0.0000#-0.0000
3.00:hum1:-0.2750#-0.5250#0.8025#-0.0000#0.0000#-0.0000
4.00:hum1:-0.2750#-0.5250#0.8025#-0.0000#0.0000#-0.0000
5.00:hum1:-0.2750#-0.5250#0.8025#-0.0000#0.0000#-0.0000
6.00:hum1:-0.2750#-0.5250#0.8025#-0.0000#0.0000#-0.0000
7.00:hum1:-0.2750#-0.5250#0.8025#-0.0000#0.0000#-0.0000
8.00:hum1:-0.2750#-0.5250#0.8025#-0.0000#0.0000#-0.0000
9.00:hum1:-0.2750#-0.5250#0.8025#-0.0000#0.0000#-0.0000
10.00:hum1:-0.2750#-0.5250#0.8025#-0.0000#0.0000#-0.0000
11.00:hum1:-0.2750#-0.5250#0.8025#-0.0000#0.0000#-0.0000
12.00:hum1:-0.2750#-0.5250#0.8025#-0.0000#0.0000#-0.0000
13.00:hum1:-0.2750#-0.5250#0.8025#-0.0000#0.0000#-0.0000
14.00:hum1:0.5560#-0.6748#0.8025#0.0000#0.0000#-0.1011
15.00:hum1:1.5421#-0.7749#0.8025#0.0000#0.0000#-0.1011
16.00:hum1:4.4560#-0.5469#0.8496#-0.0054#0.5160#-3.1302
17.00:hum1:6.2689#-0.9824#0.9413#0.0228#-1.0044#0.0273
18.00:hum1:8.5900#-1.1695#0.8267#0.0239#0.3721#-0.0655
19.00:hum1:11.9638#-1.3518#0.9141#-0.0246#-0.8781#-0.0316
20.00:hum1:13.5287#-2.4736#0.8116#0.1904#-0.0406#-1.7782
21.00:hum1:15.1982#-3.5138#0.8102#0.0585#-0.0937#0.5599
22.00:hum1:16.7169#-2.5677#0.8025#-0.0000#0.0000#0.5571
23.00:hum1:16.9511#-2.4217#0.8025#-0.0000#0.0000#0.5571
24.00:hum1:17.0836#-2.3392#0.8025#-0.0000#0.0000#0.5571
25.00:hum1:17.9579#-1.7945#0.8116#-0.1038#0.1649#0.5657
26.00:hum1:18.7686#1.3025#0.8102#0.1096#-0.0131#1.4528
27.00:hum1:18.8345#4.0095#0.8048#-0.0582#0.0014#1.5473
28.00:hum1:18.8413#4.2983#0.8618#0.5952#-0.0134#1.5514
29.00:hum1:18.3750#4.6735#0.4025#0.0000#0.0000#-1.5700
30.00:hum1:18.3750#4.6735#0.4025#0.0000#0.0000#-1.5700
31.00:hum1:18.3750#4.6735#0.4025#0.0000#0.0000#-1.5700
32.00:hum1:18.3750#4.6735#0.4025#0.0000#0.0000#-1.5700
33.00:hum1:18.3750#4.6735#0.4025#0.0000#0.0000#-1.5700
34.00:hum1:18.3750#4.6735#0.4025#0.0000#0.0000#-1.5700
35.00:hum1:18.3750#4.6735#0.4025#0.0000#0.0000#-1.5700
36.00:hum1:18.3750#4.6735#0.4025#0.0000#0.0000#-1.5700
37.00:hum1:18.3750#4.6735#0.4025#0.0000#0.0000#-1.5700
38.00:hum1:18.3750#4.6735#0.4025#0.0000#0.0000#-1.5700
39.00:hum1:18.3750#4.6735#0.4025#0.0000#0.0000#-1.5700
40.00:hum1:18.3750#4.6735#0.4025#0.0000#0.0000#-1.5700
41.00:hum1:18.3750#4.6735#0.4025#0.0000#0.0000#-1.5700
42.00:hum1:18.3750#4.6735#0.4025#0.0000#0.0000#-1.5700
43.00:hum1:18.3750#4.6735#0.4025#0.0000#0.0000#-1.5700
44.00:hum1:18.3753#3.7107#0.9597#-1.0868#-0.0004#-1.5702
45.00:hum1:18.2183#2.6772#0.8204#0.3320#-0.0161#-1.6171
46.00:hum1:16.9725#-0.6207#0.9598#-0.9582#0.6290#-1.9625
47.00:hum1:15.2823#-3.2120#0.8171#0.2343#-0.1375#-2.0917
48.00:hum1:14.2979#-4.9592#0.9377#-0.8768#0.5366#-1.9726
49.00:hum1:14.1856#-5.1053#0.8281#0.2990#-0.2230#-2.1928
50.00:hum1:14.0721#-5.2528#0.8025#0.0000#-0.0000#-2.2265
51.00:hum1:14.0721#-5.2528#0.8025#0.0000#-0.0000#-2.2265
52.00:hum1:14.0721#-5.2528#0.8025#0.0000#-0.0000#-2.2265
53.00:hum1:14.0721#-5.2528#0.8025#0.0000#-0.0000#-2.2265
54.00:hum1:14.0721#-5.2528#0.8025#0.0000#-0.0000#-2.2265
55.00:hum1:14.0721#-5.2528#0.8025#0.0000#-0.0000#-2.2265
56.00:hum1:14.0721#-5.2528#0.8025#0.0000#-0.0000#-2.2265
57.00:hum1:14.0721#-5.2528#0.8025#0.0000#-0.0000#-2.2265
58.00:hum1:14.0721#-5.2528#0.8025#0.0000#-0.0000#-2.2265
59.00:hum1:14.0721#-5.2528#0.8025#0.0000#-0.0000#-2.2265
60.00:hum1:14.0721#-5.2528#0.8025#0.0000#-0.0000#-2.2265
61.00:hum1:14.0721#-5.2528#0.8025#0.0000#-0.0000#-2.2265
62.00:hum1:14.0721#-5.2528#0.8025#0.0000#-0.0000#-2.2265
63.00:hum1:14.0721#-5.2528#0.8025#0.0000#-0.0000#-2.2265
64.00:hum1:14.0721#-5.2528#0.8025#0.0000#-0.0000#-2.2265
65.00:hum1:14.0721#-5.2528#0.8025#0.0000#-0.0000#-2.2265