
2.00:hum1:-0.2750#-0.5250#0.8025#-0.0000#0.0000#-0.0000
3.00:hum1:-0.2750#-0.5250#0.8025#-0.0000#0.0000#-0.0000
4.00:hum1:-0.2750#-0.5250#0.8025#-0.0000#0.0000#-0.0000
5.00:hum1:-0.2750#-0.5250#0.8025#-0.0000#0.0000#-0.0000
6.00:hum1:-0.2750#-0.5250#0.8025#-0.0000#0.0000#-0.0000
7.00:hum1:0.5905#-0.6782#0.8267#0.0396#0.3708#-0.1086
8.00:hum1:1.5908#-0.8290#0.8281#0.0376#0.3692#-0.1034
9.00:hum1:2.6119#-0.9653#0.8215#0.0297#0.3145#-0.0954
10.00:hum1:3.6380#-1.0886#0.8171#0.0231#0.2701#-0.0860
11.00:hum1:4.8386#-1.2013#0.8204#0.0276#0.3313#-0.0845
12.00:hum1:6.1856#-1.3177#0.8044#-0.0005#-0.0072#-0.0639
13.00:hum1:7.4797#-1.3990#0.8618#-0.0376#-0.5943#-0.0667
14.00:hum1:8.8047#-1.4663#0.9598#-0.0684#-1.0859#-0.0769
15.00:hum1:9.9768#-1.5007#0.8721#-0.0123#-0.6573#-0.0198
16.00:hum1:11.0429#-1.5186#0.9191#0.0165#-0.9015#0.0214
17.00:hum1:12.0003#-1.5058#0.8025#-0.0000#0.0000#0.0133
18.00:hum1:12.3064#-2.3671#0.8262#-0.2924#-0.1525#-1.1032
19.00:hum1:13.4672#-2.0900#0.8374#0.2418#-0.3542#0.6184
20.00:hum1:13.2713#-3.1363#0.9413#-1.0009#0.1066#-1.6385
21.00:hum1:14.6651#-4.7310#0.8067#-0.1008#0.1193#0.7046
22.00:hum1:16.6939#-3.0272#0.8025#-0.0000#0.0000#0.6985
23.00:hum1:16.8097#-2.9300#0.8025#-0.0000#0.0000#0.6985
24.00:hum1:16.9347#-2.8250#0.8025#-0.0000#0.0000#0.6985
25.00:hum1:17.0266#-2.7478#0.8025#-0.0000#0.0000#0.6985
26.00:hum1:17.1736#-2.6244#0.8025#-0.0000#0.0000#0.6985
27.00:hum1:17.8865#-2.0257#0.8115#0.1047#-0.1239#0.7050
28.00:hum1:18.7798#1.1409#0.8048#-0.0580#0.0048#1.4884
29.00:hum1:18.8397#4.1205#0.8025#-0.0000#0.0000#1.5520
30.00:hum1:18.8423#4.2570#0.8115#0.1620#-0.0031#1.5523
31.00:hum1:18.3750#4.6735#0.4025#0.0000#0.0000#-1.5700
32.00:hum1:18.3750#4.6735#0.4025#0.0000#0.0000#-1.5700
33.00:hum1:18.3750#4.6735#0.4025#0.0000#0.0000#-1.5700
34.00:hum1:18.3750#4.6735#0.4025#0.0000#0.0000#-1.5700
35.00:hum1:18.3750#4.6735#0.4025#0.0000#0.0000#-1.5700
36.00:hum1:18.3750#4.6735#0.4025#0.0000#0.0000#-1.5700
37.00:hum1:18.3750#4.6735#0.4025#0.0000#0.0000#-1.5700
38.00:hum1:18.3750#4.6735#0.4025#0.0000#0.0000#-1.5700
39.00:hum1:18.3750#4.6735#0.4025#0.0000#0.0000#-1.5700
40.00:hum1:18.3750#4.6735#0.4025#0.0000#0.0000#-1.5700
41.00:hum1:18.3750#4.6735#0.4025#0.0000#0.0000#-1.5700
42.00:hum1:18.3750#4.6735#0.4025#0.0000#0.0000#-1.5700
43.00:hum1:18.3750#4.6735#0.4025#0.0000#0.0000#-1.5700
44.00:hum1:18.3750#4.6735#0.4025#0.0000#0.0000#-1.5700
45.00:hum1:18.3750#4.6735#0.4025#0.0000#0.0000#-1.5700
46.00:hum1:18.3750#4.6735#0.4025#0.0000#0.0000#-1.5700
47.00:hum1:18.3750#4.6735#0.4025#0.0000#0.0000#-1.5700
48.00:hum1:18.3750#4.6735#0.4025#0.0000#0.0000#-1.5700
49.00:hum1:18.3750#4.6735#0.4025#0.0000#0.0000#-1.5700
50.00:hum1:18.3753#3.7944#0.9141#-0.8784#-0.0004#-1.5701
51.00:hum1:18.1515#1.3979#0.9598#-1.0867#0.0416#-1.5923
52.00:hum1:16.9223#-0.7790#0.8908#-0.6728#0.3895#-2.0151
53.00:hum1:15.1525#-3.4418#0.8466#-0.4332#0.2466#-2.0561
54.00:hum1:14.5364#-4.5948#0.8116#0.1596#-0.1119#-2.1772
55.00:hum1:14.2822#-4.9546#0.8044#-0.0059#0.0041#-2.1856
56.00:hum1:14.2665#-4.9767#0.8025#0.0000#-0.0000#-2.1856
57.00:hum1:14.2665#-4.9767#0.8025#0.0000#-0.0000#-2.1856
58.00:hum1:14.2665#-4.9767#0.8025#0.0000#-0.0000#-2.1856
59.00:hum1:14.2665#-4.9767#0.8025#0.0000#-0.0000#-2.1856
60.00:hum1:14.2665#-4.9767#0.8025#0.0000#-0.0000#-2.1856
61.00:hum1:14.2665#-4.9767#0.8025#0.0000#-0.0000#-2.1856
62.00:hum1:14.2665#-4.9767#0.8025#0.0000#-0.0000#-2.1856
63.00:hum1:14.2665#-4.9767#0.8025#0.0000#-0.0000#-2.1856
64.00:hum1:14.2665#-4.9767#0.8025#0.0000#-0.0000#-2.1856
65.00:hum1:14.2665#-4.9767#0.8025#0.0000#-0.0000#-2.1856
66.00:hum1:14.2665#-4.9767#0.8025#0.0000#-0.0000#-2.1856
67.00:hum1:14.2665#-4.9767#0.8025#0.0000#-0.0000#-2.1856
68.00:hum1:14.2665#-4.9767#0.8025#0.0000#-0.0000#-2.1856