
1.00:hum1:-0.2750#-0.5250#0.8025#-0.0000#0.0000#-0.0000
2.00:hum1:-0.2750#-0.5250#0.8025#-0.0000#0.0000#-0.0000
3.00:hum1:-0.2750#-0.5250#0.8025#-0.0000#0.0000#-0.0000
4.00:hum1:-0.2750#-0.5250#0.8025#-0.0000#0.0000#-0.0000
5.00:hum1:-0.2750#-0.5250#0.8025#-0.0000#0.0000#-0.0000
6.00:hum1:-0.2750#-0.5250#0.8025#-0.0000#0.0000#-0.0000
7.00:hum1:0.5297#-0.6721#0.8215#0.0331#0.3141#-0.1064
8.00:hum1:1.5512#-0.8094#0.8171#0.0291#0.2695#-0.1087
9.00:hum1:2.5539#-0.9279#0.8153#0.0255#0.2457#-0.1041
10.00:hum1:3.5905#-1.0360#0.8116#0.0189#0.1937#-0.0976
11.00:hum1:4.7703#-1.1590#0.8267#0.0318#0.3715#-0.0872
12.00:hum1:6.0831#-1.2690#0.8067#0.0117#0.1556#-0.0752
13.00:hum1:7.3895#-1.3634#0.8273#-0.0210#-0.3408#-0.0623
14.00:hum1:8.6868#-1.4363#0.9141#-0.0503#-0.8773#-0.0651
15.00:hum1:9.9701#-1.4917#0.9413#-0.0250#-1.0044#-0.0293
16.00:hum1:11.0298#-1.4982#0.8262#0.0099#-0.3286#0.0311
17.00:hum1:11.4434#-2.2557#0.8374#-0.3497#-0.2485#-0.9771
18.00:hum1:11.9266#-2.9250#0.8025#0.0000#0.0000#-0.9518
19.00:hum1:12.0250#-3.0561#0.8153#0.1990#0.1473#-0.9413
20.00:hum1:13.1122#-3.9496#0.8116#-0.1852#0.0603#1.2599
21.00:hum1:13.4514#-2.9050#0.8267#-0.3003#0.2244#0.9480
22.00:hum1:13.1709#-3.3460#0.8281#0.3709#0.0103#-1.5440
23.00:hum1:13.4183#-4.4097#0.8215#0.2762#0.1552#-1.0713
24.00:hum1:13.7081#-4.9147#0.8273#-0.2989#-0.1674#-1.0749
25.00:hum1:13.7550#-4.9964#0.8618#-0.5312#-0.2828#-1.1270
26.00:hum1:13.8049#-5.0833#0.8908#-0.6914#-0.3507#-1.1771
27.00:hum1:13.7305#-4.9536#0.8025#0.0000#0.0000#-1.0497
28.00:hum1:13.7305#-4.9536#0.8025#0.0000#0.0000#-1.0497
29.00:hum1:13.7305#-4.9536#0.8025#0.0000#0.0000#-1.0497
30.00:hum1:13.7305#-4.9536#0.8025#0.0000#0.0000#-1.0497
31.00:hum1:13.7305#-4.9536#0.8025#0.0000#0.0000#-1.0497
32.00:hum1:13.7305#-4.9536#0.8025#0.0000#0.0000#-1.0497
33.00:hum1:13.7305#-4.9536#0.8025#0.0000#0.0000#-1.0497
34.00:hum1:13.7305#-4.9536#0.8025#0.0000#0.0000#-1.0497
35.00:hum1:13.7305#-4.9536#0.8025#0.0000#0.0000#-1.0497
36.00:hum1:13.7305#-4.9536#0.8025#0.0000#0.0000#-1.0497
37.00:hum1:13.7305#-4.9536#0.8025#0.0000#0.0000#-1.0497