
2.00:hum1:-6.4000#-1.4250#0.8025#-0.0000#0.0000#-0.0000
3.00:hum1:-6.4000#-1.4250#0.8025#-0.0000#0.0000#-0.0000
4.00:hum1:-6.4000#-1.4250#0.8025#-0.0000#0.0000#-0.0000
5.00:hum1:-6.4000#-1.4250#0.8025#-0.0000#0.0000#-0.0000
6.00:hum1:-6.4000#-1.4250#0.8025#-0.0000#0.0000#-0.0000
7.00:hum1:-6.4000#-1.4250#0.8025#-0.0000#0.0000#-0.0000
8.00:hum1:-6.4000#-1.4250#0.8025#-0.0000#0.0000#-0.0000
9.00:hum1:-6.4000#-1.4250#0.8025#-0.0000#0.0000#-0.0000
10.00:hum1:-6.4000#-1.4250#0.8025#-0.0000#0.0000#-0.0000
11.00:hum1:-6.4000#-1.4250#0.8025#-0.0000#0.0000#-0.0000
12.00:hum1:-6.4000#-1.4250#0.8025#-0.0000#0.0000#-0.0000
13.00:hum1:-6.4000#-1.4250#0.8025#-0.0000#0.0000#-0.0000
14.00:hum1:-6.1458#-1.3960#0.8044#0.0009#-0.0071#0.1208
15.00:hum1:-4.8545#-1.2171#0.8618#0.1055#-0.5871#0.1892
16.00:hum1:-4.4721#-1.1564#0.8721#0.1201#-0.6479#0.1977
17.00:hum1:-4.4721#-1.1564#0.8721#0.1201#-0.6479#0.1977
18.00:hum1:-4.4721#-1.1564#0.8721#0.1201#-0.6479#0.1977
19.00:hum1:-4.4721#-1.1564#0.8721#0.1201#-0.6479#0.1977
20.00:hum1:-4.4721#-1.1564#0.8721#0.1201#-0.6479#0.1977
21.00:hum1:-4.4721#-1.1564#0.8721#0.1201#-0.6479#0.1977
22.00:hum1:-4.4721#-1.1564#0.8721#0.1201#-0.6479#0.1977
23.00:hum1:-4.4721#-1.1564#0.8721#0.1201#-0.6479#0.1977
24.00:hum1:-4.5430#-1.1980#0.8281#0.0638#0.3657#-0.1764
25.00:hum1:-3.2893#-1.4343#0.8120#0.0613#0.2631#-0.2315
26.00:hum1:-2.3555#-1.5698#0.8115#-0.0210#-0.1606#-0.1301
27.00:hum1:-1.0356#-1.6813#0.8908#-0.0710#-0.7593#-0.1026
28.00:hum1:-0.6336#-1.6893#0.9484#0.0361#-1.0366#0.0423
29.00:hum1:-0.7723#-1.6979#0.8374#-0.0202#-0.4255#-0.0486
30.00:hum1:-0.7842#-1.1985#0.8081#-0.0093#-0.1277#3.0690
31.00:hum1:-0.6699#-1.2126#0.8281#-0.0422#-0.3687#3.0254
32.00:hum1:-0.7281#-1.2122#0.8120#-0.0472#-0.2660#2.9640
33.00:hum1:-0.8583#-1.6985#0.8115#-0.0328#-0.1587#-0.2044
34.00:hum1:-0.9797#-1.1604#0.8908#0.2034#0.7397#2.8450
35.00:hum1:0.2829#-1.5171#0.8763#0.1175#-0.6736#0.1874
36.00:hum1:0.9567#-1.5651#0.9597#-0.3587#-1.0507#-0.4075
37.00:hum1:2.0920#-1.7192#0.8496#-0.0404#-0.5145#-0.0817
38.00:hum1:3.0036#-1.7530#0.8071#0.0001#0.0080#-0.0126
39.00:hum1:3.6808#-1.7616#0.8466#-0.0070#-0.4945#-0.0143
40.00:hum1:4.4868#-1.7717#0.8048#0.0008#0.0582#-0.0126
41.00:hum1:4.6815#-1.7742#0.8273#-0.0046#-0.3414#-0.0134
42.00:hum1:5.1543#-1.7802#0.9413#-0.0203#-1.0044#-0.0237
43.00:hum1:6.1710#-1.7930#0.9484#-0.0218#-1.0368#-0.0250
44.00:hum1:7.2568#-1.8067#0.8374#-0.0059#-0.4259#-0.0138
45.00:hum1:8.2412#-1.8190#0.8081#0.0017#0.1280#-0.0127
46.00:hum1:9.3784#-1.8333#0.8281#0.0050#0.3710#-0.0136
47.00:hum1:10.6692#-1.8496#0.8120#0.0036#0.2700#-0.0131
48.00:hum1:11.9768#-1.8661#0.8115#-0.0021#-0.1620#-0.0128
49.00:hum1:13.2880#-1.8827#0.8908#-0.0123#-0.7619#-0.0175
50.00:hum1:14.5832#-1.8990#0.9484#-0.0218#-1.0368#-0.0250
51.00:hum1:15.6690#-1.9126#0.8374#-0.0059#-0.4259#-0.0138
52.00:hum1:16.6862#-1.9255#0.9484#-0.0218#-1.0368#-0.0250
53.00:hum1:16.8438#-1.6204#0.9191#0.8035#-0.4653#1.1627
54.00:hum1:17.0539#-1.3189#0.8048#-0.0478#0.0333#0.9628
55.00:hum1:17.7958#-0.2549#0.8466#0.4164#-0.2750#1.0205
56.00:hum1:18.5424#0.8161#0.9377#0.8946#-0.4983#1.2050
57.00:hum1:19.2494#1.8302#0.9191#0.8035#-0.4653#1.1627
58.00:hum1:19.8349#2.6700#0.8168#0.1860#-0.1283#0.9740
59.00:hum1:20.4059#3.4892#0.8153#-0.2039#0.1404#0.9764
60.00:hum1:20.4059#3.4892#0.8153#-0.2039#0.1404#0.9764
61.00:hum1:20.4059#3.4892#0.8153#-0.2039#0.1404#0.9764
62.00:hum1:20.1078#3.9422#0.8215#0.2706#-0.1649#-2.1047
63.00:hum1:19.4511#2.9266#0.8161#0.2297#-0.1966#-2.2664
64.00:hum1:18.5968#1.8775#0.8069#-0.0667#0.0481#-2.1942
65.00:hum1:18.3160#0.5193#0.8763#-0.6739#-0.1156#-1.4271
66.00:hum1:18.1555#-0.5204#0.9597#-1.0779#0.1821#-1.6674
67.00:hum1:18.0501#-1.0309#0.8496#-0.5069#0.1006#-1.7494
68.00:hum1:18.0842#-0.8805#0.8071#0.0077#-0.0021#-1.8373
69.00:hum1:18.3747#-1.2389#0.8215#-0.1718#0.2663#0.5831
70.00:hum1:18.3225#-1.2603#0.8161#-0.1446#0.2651#0.5077
71.00:hum1:18.4530#-1.1919#0.8069#0.0364#-0.0737#0.4594
72.00:hum1:18.0576#-0.8229#0.8763#-0.3220#0.6124#-2.6154
73.00:hum1:18.5756#-1.2097#0.9597#0.1583#-1.0801#0.1794
74.00:hum1:19.4248#-1.1421#0.9598#0.1514#-1.0811#0.1715
75.00:hum1:18.2318#-0.9285#0.8721#-0.1844#0.6347#-2.8364
76.00:hum1:17.4414#-1.1258#0.9141#-0.2838#0.8433#-2.7690
77.00:hum1:17.2535#-1.1727#0.9484#-0.3884#0.9887#-2.6857
78.00:hum1:17.2036#-1.1851#0.9191#-0.2968#0.8649#-2.7592
79.00:hum1:17.2194#-1.1812#0.8496#-0.1363#0.4992#-2.8622
80.00:hum1:17.2225#-1.1804#0.8262#-0.0823#0.3187#-2.8837
81.00:hum1:16.7581#-1.2964#0.8069#-0.0199#0.0797#-2.8962
82.00:hum1:15.7824#-1.5399#0.8044#-0.0017#0.0070#-2.8970
83.00:hum1:14.5262#-1.8534#0.8618#-0.1624#0.5754#-2.8488
84.00:hum1:13.2432#-2.1737#0.9598#-0.4316#1.0334#-2.6491
85.00:hum1:12.1100#-2.4565#0.8721#-0.1846#0.6346#-2.8362
86.00:hum1:11.0818#-2.7131#0.9191#-0.2968#0.8649#-2.7592
87.00:hum1:11.0818#-2.7131#0.9191#-0.2968#0.8649#-2.7592
88.00:hum1:11.0818#-2.7131#0.9191#-0.2968#0.8649#-2.7592
89.00:hum1:11.0818#-2.7131#0.9191#-0.2968#0.8649#-2.7592
90.00:hum1:11.5409#-3.0811#0.8262#0.1422#-0.2974#0.4547
91.00:hum1:12.4333#-2.6638#0.8116#-0.0863#0.1747#0.4621
92.00:hum1:13.3905#-2.3692#0.8267#0.0477#0.3699#-0.1310
93.00:hum1:14.7714#-2.1829#0.8067#-0.0459#0.1491#0.3004
94.00:hum1:14.7566#-1.6629#0.8273#-0.0953#0.3283#-2.8530
95.00:hum1:15.1408#-2.0794#0.9141#0.2888#-0.8420#0.3793
96.00:hum1:14.6305#-1.6807#0.9413#-0.2906#0.9765#-2.7948
97.00:hum1:14.7512#-1.6579#0.8262#-0.0664#0.3222#-2.9344
98.00:hum1:14.9367#-1.6242#0.8116#0.0319#-0.1920#-2.9758
99.00:hum1:15.0331#-1.6145#0.8267#0.0499#-0.3696#-3.0039
100.00:hum1:14.9086#-1.6328#0.8067#0.0127#-0.1555#-3.0593
101.00:hum1:15.3988#-2.0270#0.8120#-0.0661#0.2620#0.2504
102.00:hum1:15.2395#-1.1325#0.8115#0.0617#0.1499#2.7494
103.00:hum1:15.8565#-1.4543#0.8908#0.0381#-0.7612#0.0556
104.00:hum1:17.1003#-1.6001#0.9484#-0.2114#-1.0235#-0.2458
105.00:hum1:17.6743#-1.6483#0.8374#-0.0116#-0.4258#-0.0279
106.00:hum1:18.6717#-1.6607#0.8081#-0.0035#0.1280#0.0281
107.00:hum1:19.3179#-1.6427#0.8273#0.0098#-0.3413#0.0297
108.00:hum1:19.4121#-1.6401#0.8618#0.0187#-0.5951#0.0337