
1.00:hum1:-6.4000#-1.4250#0.8025#-0.0000#0.0000#-0.0000
2.00:hum1:-6.4000#-1.4250#0.8025#-0.0000#0.0000#-0.0000
3.00:hum1:-6.4000#-1.4250#0.8025#-0.0000#0.0000#-0.0000
4.00:hum1:-6.4000#-1.4250#0.8025#-0.0000#0.0000#-0.0000
5.00:hum1:-6.4000#-1.4250#0.8025#-0.0000#0.0000#-0.0000
6.00:hum1:-6.4000#-1.4250#0.8025#-0.0000#0.0000#-0.0000
7.00:hum1:-6.4000#-1.4250#0.8025#-0.0000#0.0000#-0.0000
8.00:hum1:-6.4000#-1.4250#0.8025#-0.0000#0.0000#-0.0000
9.00:hum1:-6.4000#-1.4250#0.8025#-0.0000#0.0000#-0.0000
10.00:hum1:-6.4000#-1.4250#0.8025#-0.0000#0.0000#-0.0000
11.00:hum1:-6.4000#-1.4250#0.8025#-0.0000#0.0000#-0.0000
12.00:hum1:-6.4000#-1.4250#0.8025#-0.0000#0.0000#-0.0000
13.00:hum1:-6.4000#-1.4250#0.8025#-0.0000#0.0000#-0.0000
14.00:hum1:-6.4000#-1.4250#0.8025#-0.0000#0.0000#-0.0000
15.00:hum1:-6.4000#-1.4250#0.8025#-0.0000#0.0000#-0.0000
16.00:hum1:-5.3845#-1.3192#0.8204#-0.0565#0.3278#0.1741
17.00:hum1:-4.8040#-1.2237#0.8044#0.0011#-0.0071#0.1482
18.00:hum1:-4.6064#-1.1942#0.8466#0.0793#-0.4887#0.1680
19.00:hum1:-4.4150#-1.1657#0.9141#0.1758#-0.8653#0.2296
20.00:hum1:-3.2125#-0.9862#0.9597#0.2733#-1.0664#0.3102
21.00:hum1:-2.2156#-0.8373#0.9598#0.2736#-1.0668#0.3104
22.00:hum1:-1.2350#-0.6909#0.9377#0.2203#-0.9724#0.2650
23.00:hum1:-0.0631#-0.5160#0.9484#0.2443#-1.0188#0.2852
24.00:hum1:1.0113#-0.3555#0.9413#0.2278#-0.9876#0.2713
25.00:hum1:2.0485#-0.2007#0.8262#0.0502#-0.3251#0.1565
26.00:hum1:3.0177#-0.0559#0.8116#-0.0290#0.1925#0.1510
27.00:hum1:4.1885#0.1189#0.8267#-0.0576#0.3686#0.1589
28.00:hum1:5.4908#0.3133#0.8067#-0.0232#0.1543#0.1500
29.00:hum1:6.7841#0.5063#0.8273#0.0523#-0.3375#0.1571
30.00:hum1:5.6143#0.0083#0.9141#-0.7013#0.5816#-2.1471
31.00:hum1:4.7123#-0.9151#0.9413#-0.8552#0.6135#-2.0345
32.00:hum1:3.9972#-1.6821#0.8262#-0.2445#0.2221#-2.2938
33.00:hum1:4.4000#-2.2970#0.8116#-0.0583#0.1858#0.3061
34.00:hum1:5.4728#-2.1826#0.8267#0.0194#0.3723#-0.0529
35.00:hum1:6.8190#-2.1227#0.8067#-0.0131#0.1555#0.0847
36.00:hum1:7.2516#-2.0901#0.8273#0.0270#-0.3404#0.0811
37.00:hum1:8.5272#-2.0265#0.9141#0.0050#-0.8784#0.0068
38.00:hum1:9.5613#-1.9710#0.9413#0.1115#-1.0006#0.1326
39.00:hum1:10.6077#-1.8945#0.8262#0.0249#-0.3279#0.0776
40.00:hum1:11.5984#-1.7603#0.8116#-0.0304#0.1923#0.1582
41.00:hum1:12.2419#-1.1581#0.8267#0.0500#-0.3696#-3.0035
42.00:hum1:12.1134#-1.1758#0.8067#0.0153#-0.1553#-3.0429
43.00:hum1:12.1824#-1.6748#0.8273#0.0141#-0.3411#0.0425
44.00:hum1:11.9060#-1.1796#0.9141#-0.0123#0.8783#-3.1252
45.00:hum1:11.9582#-1.1347#0.9413#0.3510#0.9627#2.7223
46.00:hum1:12.0866#-1.1629#0.8262#0.0888#0.3170#2.8637
47.00:hum1:11.9982#-1.6553#0.8071#0.0024#0.0077#-0.3031
48.00:hum1:13.0661#-1.7951#0.8081#0.0151#0.1271#-0.1186
49.00:hum1:13.7203#-1.8629#0.8281#0.0248#0.3702#-0.0680
50.00:hum1:15.0191#-1.9239#0.8120#0.0071#0.2699#-0.0264
51.00:hum1:16.1405#-1.8594#0.8115#0.0117#-0.1616#0.0729
52.00:hum1:16.6427#-1.8233#0.9484#0.1206#-1.0326#0.1405
53.00:hum1:17.2805#-1.0312#0.8374#0.3729#0.2110#2.0626
54.00:hum1:17.0635#-0.6604#0.8763#0.6125#0.3219#1.9942
55.00:hum1:17.6080#-1.2199#0.8120#0.0273#0.2687#-0.1021
56.00:hum1:18.8362#-1.5134#0.8115#-0.0431#-0.1562#-0.2698
57.00:hum1:19.0341#-1.5674#0.8763#-0.2110#-0.6538#-0.3382