
1.00:hum1:-0.2750#-0.5250#0.8025#-0.0000#0.0000#-0.0000
2.00:hum1:-0.2750#-0.5250#0.8025#-0.0000#0.0000#-0.0000
3.00:hum1:-0.2750#-0.5250#0.8025#-0.0000#0.0000#-0.0000
4.00:hum1:-0.2750#-0.5250#0.8025#-0.0000#0.0000#-0.0000
5.00:hum1:-0.2750#-0.5250#0.8025#-0.0000#0.0000#-0.0000
6.00:hum1:-0.2750#-0.5250#0.8025#-0.0000#0.0000#-0.0000
7.00:hum1:0.2808#-0.6449#0.9141#-0.2392#-0.8538#-0.3125
8.00:hum1:1.5707#-0.8151#0.8168#-0.0240#-0.2243#-0.1071
9.00:hum1:4.9961#-1.0399#0.8025#0.0000#0.0000#-0.0398
10.00:hum1:5.6627#-1.1495#0.8161#0.0086#0.3011#-0.0287
11.00:hum1:8.8589#-1.3541#0.8267#0.0077#0.3727#-0.0209
12.00:hum1:12.6003#-1.4253#0.9141#0.0237#-0.8781#0.0312
13.00:hum1:15.7310#-1.3679#0.8618#0.0040#-0.5954#0.0075
14.00:hum1:18.4297#-0.5477#0.8115#0.1598#-0.0265#1.4081
15.00:hum1:18.7743#2.6678#0.8048#-0.0582#0.0022#1.5330
16.00:hum1:18.8354#4.2774#0.9484#1.0367#-0.0329#1.5517
17.00:hum1:18.8348#4.2645#0.8262#0.3286#-0.0123#1.5350
18.00:hum1:18.3750#4.6735#0.4025#0.0000#0.0000#-1.5700
19.00:hum1:18.3750#4.6735#0.4025#0.0000#0.0000#-1.5700
20.00:hum1:18.3750#4.6735#0.4025#0.0000#0.0000#-1.5700
21.00:hum1:18.3750#4.6735#0.4025#0.0000#0.0000#-1.5700
22.00:hum1:18.3750#4.6735#0.4025#0.0000#0.0000#-1.5700
23.00:hum1:18.3750#4.6735#0.4025#0.0000#0.0000#-1.5700
24.00:hum1:18.3750#4.6735#0.4025#0.0000#0.0000#-1.5700
25.00:hum1:18.3750#4.6735#0.4025#0.0000#0.0000#-1.5700
26.00:hum1:18.3750#4.6735#0.4025#0.0000#0.0000#-1.5700
27.00:hum1:18.3750#4.6735#0.4025#0.0000#0.0000#-1.5700
28.00:hum1:18.3750#4.6735#0.4025#0.0000#0.0000#-1.5700
29.00:hum1:18.3750#4.6735#0.4025#0.0000#0.0000#-1.5700
30.00:hum1:18.3750#4.6735#0.4025#0.0000#0.0000#-1.5700
31.00:hum1:18.3750#4.6735#0.4025#0.0000#0.0000#-1.5700
32.00:hum1:18.3750#4.6735#0.4025#0.0000#0.0000#-1.5700
33.00:hum1:18.3750#4.6735#0.4025#0.0000#0.0000#-1.5700
34.00:hum1:18.3750#4.6735#0.4025#0.0000#0.0000#-1.5700
35.00:hum1:18.3750#4.6735#0.4025#0.0000#0.0000#-1.5700
36.00:hum1:18.3750#4.6735#0.4025#0.0000#0.0000#-1.5700
37.00:hum1:18.3750#4.6735#0.4025#0.0000#0.0000#-1.5700
38.00:hum1:18.3751#4.1599#0.8153#0.2470#0.0001#-1.5700
39.00:hum1:18.2069#2.6436#0.8115#-0.1617#0.0092#-1.6271
40.00:hum1:17.7201#0.1220#0.8048#0.0415#-0.0408#-2.3464
41.00:hum1:15.9403#-2.2952#0.8025#0.0000#-0.0000#-2.1613
42.00:hum1:14.4258#-4.6840#0.8267#0.3203#-0.1943#-2.0976
43.00:hum1:14.1216#-5.1718#0.8618#-0.5217#0.3012#-2.0469
44.00:hum1:14.1815#-5.0757#0.8025#0.0000#-0.0000#-2.1279
45.00:hum1:14.1815#-5.0757#0.8025#0.0000#-0.0000#-2.1279
46.00:hum1:14.1815#-5.0757#0.8025#0.0000#-0.0000#-2.1279
47.00:hum1:14.1815#-5.0757#0.8025#0.0000#-0.0000#-2.1279
48.00:hum1:14.1815#-5.0757#0.8025#0.0000#-0.0000#-2.1279
49.00:hum1:14.1815#-5.0757#0.8025#0.0000#-0.0000#-2.1279
50.00:hum1:14.1815#-5.0757#0.8025#0.0000#-0.0000#-2.1279
51.00:hum1:14.1815#-5.0757#0.8025#0.0000#-0.0000#-2.1279
52.00:hum1:14.1815#-5.0757#0.8025#0.0000#-0.0000#-2.1279
53.00:hum1:14.1815#-5.0757#0.8025#0.0000#-0.0000#-2.1279
54.00:hum1:14.1815#-5.0757#0.8025#0.0000#-0.0000#-2.1279
55.00:hum1:14.1815#-5.0757#0.8025#0.0000#-0.0000#-2.1279
56.00:hum1:14.1815#-5.0757#0.8025#0.0000#-0.0000#-2.1279
57.00:hum1:14.1815#-5.0757#0.8025#0.0000#-0.0000#-2.1279
58.00:hum1:14.1815#-5.0757#0.8025#0.0000#-0.0000#-2.1279
59.00:hum1:14.1815#-5.0757#0.8025#0.0000#-0.0000#-2.1279
60.00:hum1:14.1815#-5.0757#0.8025#0.0000#-0.0000#-2.1279
61.00:hum1:14.1815#-5.0757#0.8025#0.0000#-0.0000#-2.1279