
1.00:hum1:-0.2750#-0.5250#0.8025#-0.0000#0.0000#-0.0000
2.00:hum1:-0.2750#-0.5250#0.8025#-0.0000#0.0000#-0.0000
3.00:hum1:-0.2750#-0.5250#0.8025#-0.0000#0.0000#-0.0000
4.00:hum1:-0.0226#-0.5823#0.8115#-0.0330#-0.1586#-0.2060
5.00:hum1:1.5243#-0.7953#0.8171#0.0281#0.2696#-0.1047
6.00:hum1:4.5413#-1.0703#0.8081#0.0074#0.1278#-0.0573
7.00:hum1:7.2008#-1.2573#0.8168#-0.0102#-0.2254#-0.0452
8.00:hum1:9.8682#-1.4111#0.8048#0.0002#0.0582#-0.0031
9.00:hum1:12.4935#-1.4649#0.9191#-0.0075#-0.9016#-0.0092
10.00:hum1:14.3750#-1.5416#0.9597#1.0638#0.2895#1.7284
11.00:hum1:14.1467#-4.1612#0.8025#0.0000#-0.0000#-1.6715
12.00:hum1:14.0644#-4.9109#0.8025#0.0000#-0.0000#-1.6559
13.00:hum1:14.0499#-5.0846#0.8281#0.3698#-0.0304#-1.6488
14.00:hum1:14.0343#-5.2700#0.8025#0.0000#-0.0000#-1.6544
15.00:hum1:14.0343#-5.2700#0.8025#0.0000#-0.0000#-1.6544
16.00:hum1:14.0343#-5.2700#0.8025#0.0000#-0.0000#-1.6544
17.00:hum1:14.0343#-5.2700#0.8025#0.0000#-0.0000#-1.6544
18.00:hum1:14.0343#-5.2700#0.8025#0.0000#-0.0000#-1.6544
19.00:hum1:14.0343#-5.2700#0.8025#0.0000#-0.0000#-1.6544
20.00:hum1:14.0343#-5.2700#0.8025#0.0000#-0.0000#-1.6544
21.00:hum1:14.0343#-5.2700#0.8025#0.0000#-0.0000#-1.6544
22.00:hum1:14.0343#-5.2700#0.8025#0.0000#-0.0000#-1.6544
23.00:hum1:14.0343#-5.2700#0.8025#0.0000#-0.0000#-1.6544
24.00:hum1:14.0343#-5.2700#0.8025#0.0000#-0.0000#-1.6544
25.00:hum1:14.0343#-5.2700#0.8025#0.0000#-0.0000#-1.6544
26.00:hum1:14.0343#-5.2700#0.8025#0.0000#-0.0000#-1.6544
27.00:hum1:14.0343#-5.2700#0.8025#0.0000#-0.0000#-1.6544
28.00:hum1:14.0343#-5.2700#0.8025#0.0000#-0.0000#-1.6544
29.00:hum1:14.0343#-5.2700#0.8025#0.0000#-0.0000#-1.6544