
1.00:-4.8097#-1.1623#0.2401#-0.0001#-0.0023#-0.0000
2.00:-4.8099#-1.1623#0.2401#-0.0001#-0.0025#-0.0001
3.00:-4.8100#-1.1623#0.2401#-0.0001#-0.0024#-0.0001
4.00:-4.8100#-1.1623#0.2401#-0.0001#-0.0022#-0.0001
5.00:-4.8102#-1.1623#0.2401#-0.0001#-0.0025#-0.0002
6.00:-4.8103#-1.1623#0.2401#-0.0001#-0.0023#-0.0002
7.00:-4.8104#-1.1623#0.2401#-0.0001#-0.0025#-0.0002
8.00:-4.8105#-1.1623#0.2401#-0.0001#-0.0025#-0.0001
9.00:-4.8106#-1.1623#0.2401#-0.0001#-0.0023#-0.0002
10.00:-4.7630#-1.1623#0.2402#-0.0001#-0.0034#-0.0045
11.00:-4.2095#-1.3479#0.2400#-0.0010#-0.0010#-0.7878
12.00:-4.1482#-1.4292#0.2401#-0.0015#-0.0013#-0.8144
13.00:-4.0657#-1.4760#0.2401#-0.0011#-0.0018#-0.5210
14.00:-3.9740#-1.4967#0.2401#-0.0005#-0.0021#-0.2284
15.00:-3.8634#-1.4908#0.2401#0.0000#-0.0024#0.0429
16.00:-2.9482#-1.4317#0.2401#0.0001#-0.0017#0.0614
17.00:-1.7848#-1.3605#0.2401#0.0000#-0.0015#0.0613
18.00:-0.6212#-1.2890#0.2401#0.0000#-0.0017#0.0612
19.00:0.5425#-1.2178#0.2401#0.0000#-0.0016#0.0610
20.00:1.7100#-1.1467#0.2401#0.0000#-0.0016#0.0608
21.00:2.8736#-1.0754#0.2401#0.0000#-0.0015#0.0612
22.00:4.0370#-1.0043#0.2401#0.0000#-0.0017#0.0611
23.00:5.1348#-0.9361#0.2400#0.0000#-0.0010#0.0688
24.00:5.3136#-0.9285#0.2401#-0.0002#-0.0020#-0.0491
25.00:5.6042#-1.0091#0.2401#-0.0005#-0.0018#-0.2410
26.00:6.6107#-1.2566#0.2400#-0.0003#-0.0009#-0.2371
27.00:6.7776#-1.2814#0.2401#-0.0001#-0.0021#-0.0519
28.00:7.3890#-1.2634#0.2401#-0.0000#-0.0015#0.0142
29.00:8.5546#-1.2468#0.2401#-0.0000#-0.0015#0.0141
30.00:9.1221#-1.2377#0.2401#-0.0000#-0.0016#0.0240
31.00:9.1220#-1.2377#0.2401#-0.0000#-0.0016#0.0239
32.00:9.1220#-1.2377#0.2401#-0.0000#-0.0014#0.0239
33.00:9.1219#-1.2377#0.2401#-0.0000#-0.0015#0.0239
34.00:9.1218#-1.2377#0.2401#-0.0000#-0.0014#0.0239
35.00:9.1218#-1.2377#0.2401#-0.0000#-0.0014#0.0239
36.00:9.1217#-1.2378#0.2401#-0.0000#-0.0014#0.0238
37.00:9.1217#-1.2378#0.2401#-0.0000#-0.0014#0.0238
38.00:9.1216#-1.2378#0.2401#-0.0000#-0.0014#0.0238
39.00:9.1215#-1.2378#0.2401#-0.0000#-0.0014#0.0238
40.00:9.1215#-1.2378#0.2401#-0.0000#-0.0014#0.0238
41.00:9.1214#-1.2378#0.2401#-0.0000#-0.0014#0.0238
42.00:9.1213#-1.2378#0.2401#-0.0000#-0.0014#0.0238
43.00:9.1213#-1.2378#0.2401#-0.0000#-0.0014#0.0237
44.00:9.1212#-1.2378#0.2401#-0.0000#-0.0014#0.0237
45.00:9.1212#-1.2378#0.2401#-0.0000#-0.0014#0.0237
46.00:9.4377#-1.2339#0.2401#-0.0000#-0.0015#0.0035
47.00:10.5885#-1.2473#0.2401#-0.0000#-0.0015#-0.0119
48.00:11.7542#-1.2611#0.2401#-0.0001#-0.0015#-0.0118
49.00:12.9200#-1.2748#0.2401#-0.0001#-0.0015#-0.0117
50.00:13.9694#-1.2851#0.2400#-0.0001#-0.0011#0.0019
51.00:14.0823#-1.2924#0.2401#-0.0004#-0.0021#-0.1533
52.00:14.0787#-1.3066#0.2401#-0.0010#-0.0019#-0.4449
53.00:14.0714#-1.3188#0.2401#-0.0016#-0.0016#-0.7340
54.00:14.0603#-1.3283#0.2401#-0.0020#-0.0011#-1.0282
55.00:14.2990#-1.8527#0.2400#-0.0009#-0.0004#-1.1399
56.00:14.4731#-2.2230#0.2401#-0.0016#-0.0006#-1.1643
57.00:14.4594#-2.2279#0.2401#-0.0022#-0.0001#-1.4558
58.00:14.4354#-2.5800#0.2400#-0.0016#0.0001#-1.6180
59.00:14.3890#-3.5904#0.2400#-0.0010#0.0001#-1.6150
60.00:14.3988#-3.7359#0.2401#-0.0021#-0.0003#-1.4167
61.00:14.4705#-3.9044#0.2401#-0.0017#-0.0007#-1.1867
62.00:14.7858#-4.8698#0.2400#-0.0009#-0.0002#-1.2620
63.00:14.8673#-5.1121#0.2401#-0.0015#-0.0004#-1.2276
64.00:14.8673#-5.1121#0.2401#-0.0015#-0.0005#-1.2276
65.00:14.8673#-5.1120#0.2401#-0.0014#-0.0004#-1.2276
66.00:14.8673#-5.1120#0.2400#-0.0013#-0.0004#-1.2276
67.00:14.8672#-5.1119#0.2401#-0.0014#-0.0004#-1.2277
68.00:14.8672#-5.1118#0.2401#-0.0014#-0.0004#-1.2277
69.00:14.8672#-5.1118#0.2401#-0.0014#-0.0004#-1.2277