
1.00:hum1:3.8000#2.2500#0.8025#-0.0000#-0.0000#-1.5708
2.00:hum1:3.8000#2.2500#0.8025#-0.0000#-0.0000#-1.5708
3.00:hum1:3.8000#2.2500#0.8025#-0.0000#-0.0000#-1.5708
4.00:hum1:3.8000#2.2500#0.8025#-0.0000#-0.0000#-1.5708
5.00:hum1:3.8000#2.2500#0.8025#-0.0000#-0.0000#-1.5708
6.00:hum1:3.8000#2.2500#0.8025#-0.0000#-0.0000#-1.5708
7.00:hum1:3.8000#2.2500#0.8025#-0.0000#-0.0000#-1.5708
8.00:hum1:3.8000#2.2500#0.8025#-0.0000#-0.0000#-1.5708
9.00:hum1:3.8000#2.2500#0.8025#-0.0000#-0.0000#-1.5708
10.00:hum1:3.8000#2.2500#0.8025#-0.0000#-0.0000#-1.5708
11.00:hum1:5.2923#1.5439#0.8025#0.0000#0.0000#-0.3187
12.00:hum1:5.6160#1.3896#0.8025#0.0000#0.0000#-0.4397
13.00:hum1:5.7259#1.3385#0.8025#0.0000#0.0000#-0.4348
14.00:hum1:6.3973#1.0275#0.8025#0.0000#0.0000#-0.4319
15.00:hum1:6.9031#0.8021#0.8069#-0.0335#-0.0750#-0.4204
16.00:hum1:10.2725#-0.3114#0.8496#-0.1327#-0.5001#-0.2711
17.00:hum1:13.3542#-1.1147#0.8161#0.0654#0.2942#-0.2218
18.00:hum1:13.8101#1.9078#0.8025#-0.0000#-0.0000#1.7060
19.00:hum1:14.1991#4.2488#0.8171#-0.2677#0.0428#1.4164
20.00:hum1:14.6446#7.0064#0.8025#-0.0000#0.0000#1.4107
21.00:hum1:14.6446#7.0064#0.8025#-0.0000#0.0000#1.4107
22.00:hum1:14.6446#7.0064#0.8025#-0.0000#0.0000#1.4107
23.00:hum1:14.6446#7.0064#0.8025#-0.0000#0.0000#1.4107
24.00:hum1:14.6446#7.0064#0.8025#-0.0000#0.0000#1.4107
25.00:hum1:14.1797#6.8274#0.8763#-0.6760#-0.0998#-1.4469
26.00:hum1:14.1792#6.1028#0.8069#-0.0817#0.0092#-1.6819
27.00:hum1:14.0847#5.2008#0.8067#0.1556#-0.0118#-1.6458
28.00:hum1:13.9915#4.4812#0.8215#0.3151#-0.0220#-1.6378
29.00:hum1:13.8796#3.5113#0.8025#0.0000#-0.0000#-1.6406
30.00:hum1:13.7789#2.3746#0.9191#-0.8999#0.0647#-1.6217
31.00:hum1:13.6818#1.4085#0.9597#-1.0855#0.0686#-1.6066
32.00:hum1:13.7941#0.2285#0.8496#-0.4923#-0.1614#-1.2794
33.00:hum1:13.0372#0.4239#0.8071#0.0008#-0.0080#-3.0367
34.00:hum1:11.9705#0.3556#0.8215#0.0043#-0.3158#-3.1275
35.00:hum1:10.7122#0.3262#0.8161#0.0135#-0.3009#-3.0959
36.00:hum1:9.3825#0.2729#0.8069#-0.0039#0.0821#-3.0941
37.00:hum1:8.0847#0.2317#0.8763#-0.0566#0.6802#-3.0514
38.00:hum1:6.7656#0.1642#0.9597#-0.1466#1.0811#-2.9754
39.00:hum1:5.6517#0.0811#0.8496#-0.0469#0.5140#-3.0461
40.00:hum1:4.6464#0.0128#0.8071#0.0008#-0.0080#-3.0379
41.00:hum1:3.5543#-0.0913#0.8215#0.0367#-0.3138#-3.0229
42.00:hum1:2.3075#-0.2351#0.8161#0.0397#-0.2987#-3.0071
43.00:hum1:0.9801#-0.4005#0.8069#-0.0132#0.0811#-2.9794
44.00:hum1:-0.3012#-0.6241#0.8763#-0.1508#0.6679#-2.9006
45.00:hum1:-1.0941#-0.7456#0.8025#0.0000#-0.0000#-2.9950
46.00:hum1:-1.9792#-0.8763#0.8067#0.0229#-0.1543#-2.9932
47.00:hum1:-2.9549#-1.0203#0.8120#0.0403#-0.2671#-2.9896
48.00:hum1:-3.1748#-1.0528#0.8025#0.0000#-0.0000#-2.9950
49.00:hum1:-3.1748#-1.0528#0.8025#0.0000#-0.0000#-2.9950
50.00:hum1:-3.1748#-1.0528#0.8025#0.0000#-0.0000#-2.9950
51.00:hum1:-3.1748#-1.0528#0.8025#0.0000#-0.0000#-2.9950
52.00:hum1:-3.1748#-1.0528#0.8025#0.0000#-0.0000#-2.9950
53.00:hum1:-3.1748#-1.0528#0.8025#0.0000#-0.0000#-2.9950