
1.00:0.2653#-1.1873#0.2401#-0.0001#-0.0023#-0.0001
2.00:0.2653#-1.1874#0.2401#-0.0001#-0.0023#-0.0001
3.00:0.2652#-1.1874#0.2401#-0.0001#-0.0021#-0.0001
4.00:0.2651#-1.1874#0.2401#-0.0001#-0.0022#-0.0001
5.00:0.2650#-1.1874#0.2401#-0.0001#-0.0022#-0.0001
6.00:0.2650#-1.1874#0.2401#-0.0001#-0.0020#-0.0002
7.00:0.2649#-1.1874#0.2401#-0.0001#-0.0021#-0.0002
8.00:0.2649#-1.1874#0.2401#-0.0001#-0.0021#-0.0002
9.00:0.5673#-1.1765#0.2401#0.0002#-0.0022#0.1390
10.00:1.0097#-0.8913#0.2401#0.0014#-0.0012#0.9066
11.00:1.0486#-0.8714#0.2401#0.0012#-0.0019#0.6037
12.00:1.0925#-0.8637#0.2401#0.0005#-0.0022#0.2997
13.00:1.1360#-0.8694#0.2401#-0.0001#-0.0022#-0.0021
14.00:1.6113#-0.9328#0.2401#-0.0003#-0.0018#-0.1156
15.00:2.7694#-1.0674#0.2400#-0.0002#-0.0015#-0.1157
16.00:3.9272#-1.2018#0.2400#-0.0002#-0.0016#-0.1153
17.00:4.6651#-1.5963#0.2400#-0.0015#0.0000#-1.4399
18.00:4.3370#-1.6626#0.2400#0.0012#0.0011#2.3638
19.00:4.3106#-1.5864#0.2401#0.0021#0.0005#1.8760
20.00:4.3160#-1.5437#0.2401#0.0022#-0.0001#1.5760
21.00:4.3342#-1.5044#0.2401#0.0021#-0.0007#1.2776
22.00:4.3628#-1.4723#0.2401#0.0018#-0.0013#0.9821
23.00:4.4004#-1.4494#0.2401#0.0013#-0.0017#0.6855
24.00:4.4420#-1.4382#0.2401#0.0007#-0.0020#0.3932
25.00:4.4850#-1.4396#0.2401#0.0001#-0.0022#0.1013
26.00:4.6549#-1.4296#0.2401#0.0001#-0.0022#0.0811
27.00:5.7411#-1.2885#0.2400#0.0002#-0.0015#0.1340
28.00:6.8529#-1.1374#0.2400#0.0001#-0.0010#0.1410
29.00:7.0854#-1.1054#0.2401#0.0000#-0.0021#0.0608
30.00:7.4701#-1.1755#0.2401#-0.0005#-0.0020#-0.1946
31.00:8.1394#-1.3131#0.2400#-0.0004#-0.0017#-0.1858
32.00:8.2029#-1.3046#0.2401#0.0001#-0.0024#0.0783
33.00:9.0482#-1.2355#0.2400#-0.0000#-0.0010#0.0730
34.00:9.3611#-1.2080#0.2401#0.0003#-0.0020#0.1724
35.00:9.5254#-1.1384#0.2401#0.0006#-0.0017#0.3772
36.00:9.7419#-1.0520#0.2400#0.0007#-0.0015#0.4494
37.00:9.7425#-1.0516#0.2400#0.0006#-0.0014#0.4538
38.00:9.7710#-1.0238#0.2401#0.0013#-0.0017#0.6655
39.00:9.7981#-0.9784#0.2401#0.0018#-0.0013#0.9523
40.00:9.8111#-0.9271#0.2401#0.0021#-0.0007#1.2456
41.00:9.8087#-0.8735#0.2401#0.0022#-0.0001#1.5408
42.00:9.7910#-0.8235#0.2401#0.0021#0.0005#1.8314
43.00:9.7598#-0.7807#0.2401#0.0019#0.0011#2.1212
44.00:9.7174#-0.7485#0.2401#0.0015#0.0016#2.4132
45.00:9.6685#-0.7309#0.2401#0.0009#0.0020#2.7098
46.00:9.6145#-0.7271#0.2401#0.0003#0.0021#3.0016
47.00:9.1856#-0.7177#0.2401#0.0002#0.0019#3.0869
48.00:8.0292#-0.6381#0.2401#0.0002#0.0016#3.0725
49.00:6.8662#-0.5576#0.2400#0.0002#0.0014#3.0728
50.00:5.6993#-0.4773#0.2400#0.0002#0.0015#3.0730
51.00:5.0680#-0.4378#0.2400#0.0001#0.0017#3.1129
52.00:4.9663#-0.4665#0.2401#-0.0005#0.0022#-2.8986
53.00:3.9964#-0.6561#0.2400#-0.0001#0.0011#-2.9620