
1.00:hum1:-6.4000#-1.4250#0.8025#-0.0000#0.0000#-0.0000
2.00:hum1:-6.4000#-1.4250#0.8025#-0.0000#0.0000#-0.0000
3.00:hum1:-6.4000#-1.4250#0.8025#-0.0000#0.0000#-0.0000
4.00:hum1:-6.4000#-1.4250#0.8025#-0.0000#0.0000#-0.0000
5.00:hum1:-6.4000#-1.4250#0.8025#-0.0000#0.0000#-0.0000
6.00:hum1:-6.4000#-1.4250#0.8025#-0.0000#0.0000#-0.0000
7.00:hum1:-6.4000#-1.4250#0.8025#-0.0000#0.0000#-0.0000
8.00:hum1:-6.4000#-1.4250#0.8025#-0.0000#0.0000#-0.0000
9.00:hum1:-6.4000#-1.4250#0.8025#-0.0000#0.0000#-0.0000
10.00:hum1:-6.4000#-1.4250#0.8025#-0.0000#0.0000#-0.0000
11.00:hum1:-6.4000#-1.4250#0.8025#-0.0000#0.0000#-0.0000
12.00:hum1:-6.4000#-1.4250#0.8025#-0.0000#0.0000#-0.0000
13.00:hum1:-6.4000#-1.4250#0.8025#-0.0000#0.0000#-0.0000
14.00:hum1:-5.8566#-1.3535#0.8763#0.1087#-0.6748#0.1732
15.00:hum1:-4.5482#-1.1758#0.9597#0.2502#-1.0698#0.2838
16.00:hum1:-4.4850#-1.1672#0.8374#0.0609#-0.4219#0.1481
17.00:hum1:-4.0587#-1.1092#0.8044#0.0010#-0.0071#0.1350
18.00:hum1:-3.4460#-1.0259#0.8215#-0.0439#0.3129#0.1419
19.00:hum1:-2.4224#-0.8869#0.8171#-0.0373#0.2685#0.1401
20.00:hum1:-1.2275#-0.7245#0.8204#-0.0463#0.3293#0.1427
21.00:hum1:0.1095#-0.5429#0.8044#0.0010#-0.0071#0.1350
22.00:hum1:1.1062#-0.4075#0.8048#-0.0078#0.0577#0.1353
23.00:hum1:2.0874#-0.2742#0.8067#-0.0211#0.1546#0.1367
24.00:hum1:3.0647#-0.1414#0.8120#-0.0372#0.2675#0.1400
25.00:hum1:4.1715#0.0089#0.8067#-0.0211#0.1546#0.1367
26.00:hum1:5.3652#0.1711#0.8069#0.0111#-0.0814#0.1355
27.00:hum1:6.3616#0.3064#0.8044#0.0010#-0.0071#0.1350
28.00:hum1:6.3605#-0.1228#0.8618#-0.5823#0.1319#-1.7676
29.00:hum1:6.2483#-0.5898#0.8244#0.3544#-0.0832#-1.7914
30.00:hum1:6.2261#-0.6823#0.8161#0.2934#-0.0694#-1.7960
31.00:hum1:6.1043#-1.1899#0.8763#-0.6685#0.1478#-1.7548
32.00:hum1:5.7962#-2.4738#0.9597#-1.0751#0.2082#-1.6818
33.00:hum1:5.7772#-2.5539#0.8281#0.3616#-0.0848#-1.7908
34.00:hum1:6.0257#-3.0589#0.8244#-0.2030#0.3038#0.6031
35.00:hum1:6.8153#-2.9832#0.8215#-0.0084#0.3157#0.0272
36.00:hum1:7.5646#-2.9594#0.8161#-0.0365#0.2991#0.1237
37.00:hum1:8.6984#-2.8403#0.8069#0.0065#-0.0819#0.0792
38.00:hum1:9.8023#-2.4529#0.8763#0.3722#-0.5859#0.6151
39.00:hum1:10.8690#-1.8680#0.9377#0.6308#-0.8221#0.7842
40.00:hum1:10.9600#-1.8181#0.9597#0.7405#-0.8887#0.8671
41.00:hum1:11.5685#-1.4844#0.8466#0.2536#-0.4293#0.5572
42.00:hum1:12.4459#-1.0032#0.8273#0.1691#-0.2980#0.5270
43.00:hum1:13.3106#-0.5290#0.8115#0.0784#-0.1419#0.5072
44.00:hum1:14.1998#-0.0414#0.8069#0.0396#-0.0721#0.5030
45.00:hum1:14.7088#0.5721#0.8763#-0.6511#0.2201#-1.8495
46.00:hum1:14.4454#-0.8045#0.9597#-1.0848#-0.0862#-1.5250
47.00:hum1:15.2007#-1.3251#0.8496#-0.1201#-0.5030#-0.2450
48.00:hum1:16.1700#-1.5526#0.8071#0.0020#0.0078#-0.2457
49.00:hum1:17.2788#-1.7399#0.8215#0.0402#0.3133#-0.1295
50.00:hum1:16.7271#-1.1303#0.8161#0.1824#0.2410#-0.6576
51.00:hum1:17.1215#-1.3099#0.8069#-0.0190#-0.0800#-0.2332
52.00:hum1:18.3743#-1.6152#0.8763#-0.1998#-0.6568#-0.3199
53.00:hum1:17.9202#-0.9881#0.9597#0.4315#1.0329#2.6499
54.00:hum1:16.8371#-0.7183#0.8496#0.1365#0.4992#2.8626
55.00:hum1:17.4306#-1.2667#0.8071#0.0009#0.0080#-0.1143
56.00:hum1:18.4461#-1.5378#0.8215#0.0918#0.3026#-0.2993
57.00:hum1:18.8180#-1.6469#0.8048#0.0164#0.0559#-0.2858
58.00:hum1:18.8180#-1.6469#0.8048#0.0164#0.0559#-0.2858