
2.00:hum1:-6.4000#-1.4250#0.8025#-0.0000#0.0000#-0.0000
3.00:hum1:-6.4000#-1.4250#0.8025#-0.0000#0.0000#-0.0000
4.00:hum1:-6.4000#-1.4250#0.8025#-0.0000#0.0000#-0.0000
5.00:hum1:-6.4000#-1.4250#0.8025#-0.0000#0.0000#-0.0000
6.00:hum1:-6.4000#-1.4250#0.8025#-0.0000#0.0000#-0.0000
7.00:hum1:-6.4000#-1.4250#0.8025#-0.0000#0.0000#-0.0000
8.00:hum1:-6.4000#-1.4250#0.8025#-0.0000#0.0000#-0.0000
9.00:hum1:-6.4000#-1.4250#0.8025#-0.0000#0.0000#-0.0000
10.00:hum1:-6.4000#-1.4250#0.8025#-0.0000#0.0000#-0.0000
11.00:hum1:-6.4000#-1.4250#0.8025#-0.0000#0.0000#-0.0000
12.00:hum1:-6.4000#-1.4250#0.8025#-0.0000#0.0000#-0.0000
13.00:hum1:-6.4000#-1.4250#0.8025#-0.0000#0.0000#-0.0000
14.00:hum1:-6.4000#-1.4250#0.8025#-0.0000#0.0000#-0.0000
15.00:hum1:-6.4000#-1.4250#0.8025#-0.0000#0.0000#-0.0000
16.00:hum1:-6.4000#-1.4250#0.8025#-0.0000#0.0000#-0.0000
17.00:hum1:-5.2730#-1.2891#0.8120#-0.0335#0.2680#0.1261
18.00:hum1:-4.9903#-0.7523#0.8115#-0.0235#0.1603#-2.9951
19.00:hum1:-4.6973#-1.2206#0.8908#0.1059#-0.7561#0.1541
20.00:hum1:-5.1322#-0.7604#0.9484#-0.1413#1.0310#-2.9769
21.00:hum1:-4.9912#-0.7422#0.8374#-0.0024#0.4260#-3.1355
22.00:hum1:-4.8530#-0.7408#0.8081#0.0026#-0.1280#-3.1209
23.00:hum1:-4.7386#-0.7438#0.8281#-0.0052#-0.3710#3.1276
24.00:hum1:-4.8002#-0.7473#0.8120#-0.0169#-0.2695#3.0784
25.00:hum1:-4.8756#-1.2449#0.8115#-0.0147#-0.1613#-0.0908
26.00:hum1:-5.0635#-0.7279#0.8908#0.0754#0.7590#3.0325
27.00:hum1:-4.1707#-1.2343#0.8763#0.0093#-0.6821#0.0151
28.00:hum1:-3.8133#-0.7277#0.9597#-0.0051#1.0868#-3.1354
29.00:hum1:-3.5063#-1.2362#0.8496#-0.0704#-0.5116#-0.1427
30.00:hum1:-3.4904#-0.7357#0.8071#-0.0013#-0.0079#2.9777
31.00:hum1:-3.7106#-1.1983#0.8215#0.0777#0.3064#-0.2522
32.00:hum1:-3.7578#-1.1799#0.8161#0.0888#0.2882#-0.3031
33.00:hum1:-3.6105#-1.2240#0.8069#-0.0239#-0.0786#-0.2955
34.00:hum1:-3.6492#-0.6850#0.8763#0.2512#0.6413#2.7367
35.00:hum1:-3.4377#-1.2975#0.9597#-0.6192#-0.9626#-0.7148
36.00:hum1:-2.7221#-1.4437#0.9598#-0.4337#-1.0328#-0.4942
37.00:hum1:-1.5496#-1.6539#0.8721#-0.1136#-0.6489#-0.1862
38.00:hum1:-1.5691#-1.6510#0.8168#-0.0339#-0.2231#-0.1518
39.00:hum1:-1.4577#-1.6675#0.8244#0.0562#0.3594#-0.1582
40.00:hum1:-0.4610#-1.8161#0.8267#0.0577#0.3685#-0.1588
41.00:hum1:0.8414#-2.0103#0.8067#0.0232#0.1543#-0.1498
42.00:hum1:0.9473#-2.0261#0.8044#-0.0011#-0.0071#-0.1480
43.00:hum1:1.9422#-2.1744#0.8048#0.0086#0.0576#-0.1482
44.00:hum1:3.2251#-2.3657#0.8466#-0.0795#-0.4887#-0.1678
45.00:hum1:4.5164#-2.5582#0.9377#-0.2209#-0.9723#-0.2650
46.00:hum1:5.7392#-2.7405#0.9191#-0.1847#-0.8878#-0.2359
47.00:hum1:6.7517#-2.8914#0.8168#-0.0339#-0.2231#-0.1518
48.00:hum1:7.7393#-3.0386#0.8153#0.0372#0.2443#-0.1526
49.00:hum1:9.0301#-2.9303#0.8244#-0.1024#0.3495#0.2917
50.00:hum1:8.3844#-2.5848#0.8048#0.0152#-0.0562#-2.8763
51.00:hum1:7.8021#-2.7426#0.9597#-0.4616#1.0243#-2.6140
52.00:hum1:7.7401#-2.7595#0.9413#-0.3903#0.9520#-2.6736
53.00:hum1:8.2799#-3.0452#0.8721#0.4247#-0.5181#0.7404
54.00:hum1:8.1205#-3.1538#0.8116#-0.0372#0.1911#0.1936
55.00:hum1:9.2830#-2.9301#0.8267#-0.0736#0.3658#0.2037
56.00:hum1:9.8017#-2.8301#0.8067#-0.0279#0.1535#0.1806
57.00:hum1:9.8911#-2.8120#0.8273#0.0735#-0.3337#0.2215
58.00:hum1:9.5346#-2.3712#0.9141#-0.2164#0.8584#-2.8585
59.00:hum1:9.5353#-2.3563#0.9413#-0.1769#0.9945#-2.9312
60.00:hum1:9.6432#-2.3508#0.8262#-0.0610#0.3233#-2.9514
61.00:hum1:9.8286#-2.3200#0.8116#0.0291#-0.1925#-2.9901
62.00:hum1:9.9233#-2.3106#0.8267#0.0471#-0.3700#-3.0116
63.00:hum1:9.7977#-2.3279#0.8067#0.0122#-0.1555#-3.0626
64.00:hum1:9.6739#-2.3429#0.8273#-0.0518#0.3376#-2.9861
65.00:hum1:10.3563#-2.5318#0.8115#0.0835#-0.1390#0.5436
66.00:hum1:11.4747#-1.9870#0.8908#0.2759#-0.7199#0.4059
67.00:hum1:11.7194#-1.9108#0.8171#-0.0822#0.2585#0.3122
68.00:hum1:11.7194#-1.9108#0.8171#-0.0822#0.2585#0.3122
69.00:hum1:11.7194#-1.9108#0.8171#-0.0822#0.2585#0.3122
70.00:hum1:11.7194#-1.9108#0.8171#-0.0822#0.2585#0.3122
71.00:hum1:11.7194#-1.9108#0.8171#-0.0822#0.2585#0.3122
72.00:hum1:11.7194#-1.9108#0.8171#-0.0822#0.2585#0.3122
73.00:hum1:11.7194#-1.9108#0.8171#-0.0822#0.2585#0.3122
74.00:hum1:11.7194#-1.9108#0.8171#-0.0822#0.2585#0.3122
75.00:hum1:11.7194#-1.9108#0.8171#-0.0822#0.2585#0.3122
76.00:hum1:11.7194#-1.9108#0.8171#-0.0822#0.2585#0.3122
77.00:hum1:11.7194#-1.9108#0.8171#-0.0822#0.2585#0.3122
78.00:hum1:12.6504#-1.9608#0.9484#-0.1567#-1.0296#-0.1820
79.00:hum1:13.1540#-1.5048#0.8374#0.0466#0.4236#3.0290
80.00:hum1:12.9660#-1.7339#0.8081#0.1276#0.0109#-1.4854
81.00:hum1:12.9681#-1.6085#0.8281#0.3710#0.0031#-1.5625
82.00:hum1:12.9735#-1.6682#0.8120#0.2697#-0.0124#-1.6151
83.00:hum1:13.4721#-1.7358#0.8115#0.1616#-0.0118#1.4989
84.00:hum1:12.9739#-1.9541#0.8908#-0.7618#-0.0164#-1.5532
85.00:hum1:13.4715#-1.5629#0.9484#1.0370#-0.0089#1.5659
86.00:hum1:12.9644#-1.8394#0.8374#-0.4253#0.0242#-1.6238
87.00:hum1:12.9674#-1.7237#0.8081#0.1279#0.0058#-1.5253
88.00:hum1:13.8125#-1.9448#0.8071#-0.0011#0.0080#0.1377
89.00:hum1:14.8583#-1.9022#0.8215#0.0137#0.3155#-0.0437
90.00:hum1:15.8904#-1.9451#0.8171#0.0116#0.2708#-0.0430
91.00:hum1:16.3419#-1.9638#0.8044#-0.0003#-0.0072#-0.0414
92.00:hum1:16.5416#-1.9721#0.8466#-0.0225#-0.4941#-0.0471
93.00:hum1:16.7683#-1.7157#0.8763#0.5843#-0.3749#1.0654
94.00:hum1:16.9600#-1.4468#0.8262#0.2709#-0.1886#0.9773
95.00:hum1:17.3083#-1.3494#0.8116#0.0539#0.1871#-0.2822
96.00:hum1:18.5065#-1.5925#0.8267#0.0406#0.3707#-0.1113
97.00:hum1:18.7031#-1.6015#0.8067#0.0476#0.1486#-0.3106
98.00:hum1:18.8287#-1.1149#0.8273#0.1165#0.3216#2.7874
99.00:hum1:18.9029#-1.6773#0.9141#-0.4107#-0.8006#-0.5449