
2.00:-4.8099#-1.1623#0.2401#-0.0001#-0.0025#-0.0001
3.00:-4.8100#-1.1623#0.2401#-0.0001#-0.0024#-0.0001
4.00:-4.8100#-1.1623#0.2401#-0.0001#-0.0022#-0.0001
5.00:-4.8102#-1.1623#0.2401#-0.0001#-0.0025#-0.0002
6.00:-4.8103#-1.1623#0.2401#-0.0001#-0.0023#-0.0002
7.00:-4.8104#-1.1623#0.2401#-0.0001#-0.0025#-0.0002
8.00:-4.8105#-1.1623#0.2401#-0.0001#-0.0025#-0.0001
9.00:-4.8106#-1.1623#0.2401#-0.0001#-0.0023#-0.0002
10.00:-4.8106#-1.1624#0.2401#-0.0001#-0.0021#-0.0002
11.00:-4.8108#-1.1624#0.2401#-0.0001#-0.0022#-0.0003
12.00:-4.8109#-1.1624#0.2401#-0.0001#-0.0024#-0.0002
13.00:-4.6544#-1.1629#0.2402#-0.0001#-0.0028#0.0184
14.00:-3.9416#-0.7634#0.2400#0.0009#-0.0009#0.8840
15.00:-3.8927#-0.7008#0.2401#0.0014#-0.0014#0.8316
16.00:-3.8831#-0.7130#0.2401#0.0010#-0.0020#0.5204
17.00:-3.8766#-0.7268#0.2401#0.0004#-0.0022#0.2137
18.00:-3.8743#-0.7418#0.2401#-0.0003#-0.0022#-0.0895
19.00:-3.4810#-0.8424#0.2401#-0.0006#-0.0021#-0.2243
20.00:-2.3443#-1.0987#0.2401#-0.0003#-0.0014#-0.2219
21.00:-1.2034#-1.3560#0.2401#-0.0005#-0.0017#-0.2219
22.00:-0.7407#-1.4541#0.2401#-0.0003#-0.0016#-0.1528
23.00:-0.7027#-1.4521#0.2401#-0.0001#-0.0022#-0.0366
24.00:-0.7029#-1.4521#0.2401#-0.0001#-0.0022#-0.0365
25.00:-0.7031#-1.4521#0.2401#-0.0001#-0.0022#-0.0365
26.00:-0.7033#-1.4521#0.2401#-0.0001#-0.0022#-0.0365
27.00:-0.7035#-1.4521#0.2401#-0.0001#-0.0022#-0.0364
28.00:-0.7037#-1.4521#0.2401#-0.0001#-0.0022#-0.0364
29.00:-0.7039#-1.4521#0.2401#-0.0001#-0.0022#-0.0365
30.00:-0.7041#-1.4521#0.2401#-0.0001#-0.0022#-0.0365
31.00:-0.7043#-1.4521#0.2401#-0.0001#-0.0022#-0.0364
32.00:-0.7046#-1.4521#0.2401#-0.0001#-0.0022#-0.0364
33.00:-0.7048#-1.4522#0.2401#-0.0001#-0.0022#-0.0364
34.00:-0.7050#-1.4521#0.2401#-0.0001#-0.0022#-0.0363
35.00:-0.7052#-1.4521#0.2401#-0.0001#-0.0022#-0.0362
36.00:-0.7054#-1.4521#0.2401#-0.0001#-0.0022#-0.0360
37.00:-0.7056#-1.4521#0.2401#-0.0001#-0.0022#-0.0361
38.00:-0.6238#-1.4534#0.2401#-0.0001#-0.0021#-0.0269
39.00:0.3516#-1.5920#0.2401#-0.0003#-0.0016#-0.1591
40.00:1.4988#-1.7758#0.2400#-0.0002#-0.0011#-0.1582
41.00:1.8722#-1.8258#0.2401#-0.0001#-0.0020#-0.0448
42.00:2.1482#-1.7820#0.2401#0.0002#-0.0022#0.1467
43.00:3.2630#-1.6269#0.2401#0.0001#-0.0014#0.1380
44.00:4.4213#-1.4662#0.2401#0.0001#-0.0016#0.1376
45.00:4.8776#-1.3978#0.2401#0.0001#-0.0017#0.1328
46.00:4.9568#-1.4196#0.2401#-0.0003#-0.0019#-0.1311
47.00:5.9774#-1.5523#0.2400#-0.0002#-0.0011#-0.1264
48.00:7.1357#-1.6998#0.2401#-0.0003#-0.0018#-0.1268
49.00:7.8820#-1.7863#0.2401#-0.0001#-0.0014#-0.0631
50.00:8.1227#-1.7498#0.2401#0.0002#-0.0015#0.1343
51.00:9.2188#-1.6252#0.2401#0.0001#-0.0014#0.1106
52.00:10.3813#-1.4960#0.2401#0.0001#-0.0015#0.1110
53.00:11.5399#-1.3666#0.2401#0.0001#-0.0015#0.1113
54.00:12.3847#-1.2701#0.2400#0.0001#-0.0011#0.1277
55.00:12.4019#-1.2701#0.2401#0.0000#-0.0014#0.0840
56.00:12.4019#-1.2702#0.2401#0.0001#-0.0014#0.0840
57.00:12.4018#-1.2702#0.2401#0.0001#-0.0014#0.0840
58.00:12.4017#-1.2702#0.2401#0.0001#-0.0014#0.0839
59.00:12.4017#-1.2702#0.2401#0.0000#-0.0014#0.0840
60.00:12.4016#-1.2702#0.2401#0.0000#-0.0014#0.0840
61.00:12.4015#-1.2702#0.2401#0.0000#-0.0015#0.0839
62.00:12.4014#-1.2703#0.2401#0.0001#-0.0015#0.0839
63.00:12.4014#-1.2703#0.2401#0.0000#-0.0014#0.0839
64.00:12.4013#-1.2703#0.2401#0.0001#-0.0015#0.0839
65.00:12.4013#-1.2703#0.2401#0.0000#-0.0014#0.0839
66.00:12.4012#-1.2703#0.2401#0.0001#-0.0016#0.0839
67.00:12.4029#-1.2806#0.2401#-0.0004#-0.0026#-0.1210
68.00:13.1209#-1.4496#0.2400#-0.0004#-0.0011#-0.2409
69.00:13.4927#-1.5276#0.2401#-0.0003#-0.0018#-0.1038
70.00:13.8493#-1.5052#0.2401#0.0000#-0.0019#0.0435
71.00:14.9994#-1.4724#0.2401#0.0000#-0.0017#0.0283
72.00:16.1650#-1.4392#0.2401#-0.0001#-0.0020#0.0287
73.00:16.6766#-1.4220#0.2401#0.0000#-0.0014#0.0527
74.00:16.6766#-1.4220#0.2401#0.0000#-0.0015#0.0527
75.00:16.6765#-1.4220#0.2401#0.0000#-0.0014#0.0527
76.00:16.6764#-1.4220#0.2401#0.0000#-0.0015#0.0526
77.00:16.6763#-1.4220#0.2401#0.0000#-0.0015#0.0525
78.00:16.6761#-1.4220#0.2401#0.0000#-0.0016#0.0525
79.00:16.6761#-1.4221#0.2401#0.0000#-0.0014#0.0525
80.00:16.6760#-1.4221#0.2401#0.0000#-0.0015#0.0525
81.00:16.6759#-1.4221#0.2401#0.0000#-0.0016#0.0525
82.00:16.6758#-1.4221#0.2401#0.0000#-0.0016#0.0525
83.00:16.6758#-1.4221#0.2401#0.0000#-0.0016#0.0525
84.00:16.6756#-1.4221#0.2401#0.0000#-0.0017#0.0525
85.00:16.6756#-1.4221#0.2401#0.0000#-0.0016#0.0525
86.00:16.6755#-1.4221#0.2401#0.0000#-0.0015#0.0525
87.00:16.6754#-1.4221#0.2401#0.0000#-0.0016#0.0525
88.00:16.6753#-1.4221#0.2401#0.0000#-0.0016#0.0524
89.00:16.6752#-1.4221#0.2401#0.0000#-0.0016#0.0524
90.00:16.9435#-1.4126#0.2401#-0.0001#-0.0018#0.0259
91.00:18.0824#-1.4050#0.2401#-0.0001#-0.0017#0.0055
92.00:19.2481#-1.3982#0.2401#-0.0001#-0.0016#0.0059
93.00:19.8744#-1.3891#0.2401#-0.0000#-0.0015#0.0352
94.00:19.8743#-1.3891#0.2401#-0.0000#-0.0015#0.0352
95.00:19.8743#-1.3891#0.2401#-0.0000#-0.0015#0.0352
96.00:19.8742#-1.3891#0.2401#-0.0000#-0.0016#0.0353
97.00:19.8741#-1.3891#0.2401#-0.0000#-0.0016#0.0352
98.00:19.8741#-1.3891#0.2401#-0.0000#-0.0015#0.0353
99.00:19.8740#-1.3891#0.2401#-0.0000#-0.0015#0.0353