
1.00:hum1:-0.2750#-0.5250#0.8025#-0.0000#0.0000#-0.0000
2.00:hum1:-0.2750#-0.5250#0.8025#-0.0000#0.0000#-0.0000
3.00:hum1:-0.2750#-0.5250#0.8025#-0.0000#0.0000#-0.0000
4.00:hum1:-0.2750#-0.5250#0.8025#-0.0000#0.0000#-0.0000
5.00:hum1:-0.2750#-0.5250#0.8025#-0.0000#0.0000#-0.0000
6.00:hum1:-0.2750#-0.5250#0.8025#-0.0000#0.0000#-0.0000
7.00:hum1:-0.2750#-0.5250#0.8025#-0.0000#0.0000#-0.0000
8.00:hum1:-0.2750#-0.5250#0.8025#-0.0000#0.0000#-0.0000
9.00:hum1:-0.2750#-0.5250#0.8025#-0.0000#0.0000#-0.0000
10.00:hum1:-0.2750#-0.5250#0.8025#-0.0000#0.0000#-0.0000
11.00:hum1:-0.2750#-0.5250#0.8025#-0.0000#0.0000#-0.0000
12.00:hum1:-0.2750#-0.5250#0.8025#-0.0000#0.0000#-0.0000
13.00:hum1:-0.2750#-0.5250#0.8025#-0.0000#0.0000#-0.0000
14.00:hum1:-0.2750#-0.5250#0.8025#-0.0000#0.0000#-0.0000
15.00:hum1:0.5147#-0.8098#0.8267#0.1028#0.3590#-0.2854
16.00:hum1:1.2992#-1.0242#0.8025#0.0000#0.0000#-0.2667
17.00:hum1:1.2992#-1.0242#0.8025#0.0000#0.0000#-0.2667
18.00:hum1:1.2992#-1.0242#0.8025#0.0000#0.0000#-0.2667
19.00:hum1:1.2992#-1.0242#0.8025#0.0000#0.0000#-0.2667
20.00:hum1:1.2992#-1.0242#0.8025#0.0000#0.0000#-0.2667
21.00:hum1:1.2992#-1.0242#0.8025#0.0000#0.0000#-0.2667
22.00:hum1:1.2992#-1.0242#0.8025#0.0000#0.0000#-0.2667
23.00:hum1:1.2992#-1.0242#0.8025#0.0000#0.0000#-0.2667
24.00:hum1:1.6620#-1.1245#0.8161#0.0827#0.2900#-0.2820
25.00:hum1:2.9946#-1.3873#0.8069#-0.0126#-0.0812#-0.1533
26.00:hum1:4.2849#-1.5772#0.8763#-0.0879#-0.6774#-0.1394
27.00:hum1:5.0532#-1.6607#0.8025#0.0000#0.0000#-0.1084
28.00:hum1:5.0532#-1.6607#0.8025#0.0000#0.0000#-0.1084
29.00:hum1:5.0532#-1.6607#0.8025#0.0000#0.0000#-0.1084
30.00:hum1:5.0532#-1.6607#0.8025#0.0000#0.0000#-0.1084
31.00:hum1:5.6590#-1.7306#0.8374#-0.0520#-0.4230#-0.1258
32.00:hum1:6.6809#-1.7349#0.8081#-0.0049#0.1279#0.0383
33.00:hum1:7.8265#-1.6943#0.8281#-0.0299#0.3699#0.0829
34.00:hum1:9.1181#-1.5933#0.8120#-0.0272#0.2687#0.1023
35.00:hum1:10.4258#-1.4782#0.8115#0.0204#-0.1607#0.1269
36.00:hum1:11.7295#-1.3082#0.8908#0.1323#-0.7527#0.1926
37.00:hum1:12.1057#-1.2550#0.8244#-0.0530#0.3599#0.1499
38.00:hum1:12.1057#-1.2550#0.8244#-0.0530#0.3599#0.1499
39.00:hum1:12.8755#-1.3130#0.9598#-0.2307#-1.0728#-0.2609
40.00:hum1:13.2966#-1.3218#0.8025#0.0000#0.0000#-0.0523
41.00:hum1:13.2966#-1.3218#0.8025#0.0000#0.0000#-0.0523
42.00:hum1:13.2966#-1.3218#0.8025#0.0000#0.0000#-0.0523
43.00:hum1:13.2966#-1.3218#0.8025#0.0000#0.0000#-0.0523
44.00:hum1:13.2966#-1.3218#0.8025#0.0000#0.0000#-0.0523
45.00:hum1:13.2966#-1.3218#0.8025#0.0000#0.0000#-0.0523
46.00:hum1:13.0537#-1.7522#0.8116#0.1946#-0.0016#-1.5788
47.00:hum1:13.5444#-2.8146#0.8267#0.3547#0.1172#-1.2647
48.00:hum1:13.8077#-4.0582#0.8067#0.1468#0.0531#-1.2261