
1.00:hum1:0.9000#-0.2500#0.8025#-0.0000#0.0000#-0.0000
2.00:hum1:0.9000#-0.2500#0.8025#-0.0000#0.0000#-0.0000
3.00:hum1:0.9000#-0.2500#0.8025#-0.0000#0.0000#-0.0000
4.00:hum1:0.9000#-0.2500#0.8025#-0.0000#0.0000#-0.0000
5.00:hum1:0.9000#-0.2500#0.8025#-0.0000#0.0000#-0.0000
6.00:hum1:0.9000#-0.2500#0.8025#-0.0000#0.0000#-0.0000
7.00:hum1:0.9000#-0.2500#0.8025#-0.0000#0.0000#-0.0000
8.00:hum1:0.9000#-0.2500#0.8025#-0.0000#0.0000#-0.0000
9.00:hum1:0.9000#-0.2500#0.8025#-0.0000#0.0000#-0.0000
10.00:hum1:0.9000#-0.2500#0.8025#-0.0000#0.0000#-0.0000
11.00:hum1:1.7153#-0.4179#0.9191#-0.1562#-0.8918#-0.1993
12.00:hum1:2.7347#-0.6038#0.9413#-0.1784#-0.9943#-0.2115
13.00:hum1:3.7384#-0.7768#0.9484#-0.1734#-1.0280#-0.2015
14.00:hum1:4.8135#-0.9047#0.8374#-0.0508#-0.4231#-0.1228
15.00:hum1:5.7943#-1.0161#0.8081#0.0129#0.1274#-0.1011
16.00:hum1:6.9279#-1.1297#0.8281#0.0353#0.3694#-0.0973
17.00:hum1:10.2046#-1.3485#0.8081#0.0021#0.1280#-0.0161
18.00:hum1:13.3669#-1.3879#0.8115#0.0039#-0.1619#0.0245
19.00:hum1:13.6329#-4.1993#0.8374#-0.4083#-0.1248#-1.2902
20.00:hum1:13.9092#-5.0724#0.8153#0.2360#0.0737#-1.2731
21.00:hum1:14.0349#-5.4700#0.8069#-0.0784#-0.0247#-1.2654
22.00:hum1:14.0361#-5.4736#0.8025#0.0000#0.0000#-1.2644
23.00:hum1:14.0361#-5.4736#0.8025#0.0000#0.0000#-1.2644
24.00:hum1:14.0361#-5.4736#0.8025#0.0000#0.0000#-1.2644
25.00:hum1:14.0361#-5.4736#0.8025#0.0000#0.0000#-1.2644
26.00:hum1:14.0361#-5.4736#0.8025#0.0000#0.0000#-1.2644
27.00:hum1:14.0361#-5.4736#0.8025#0.0000#0.0000#-1.2644
28.00:hum1:14.0361#-5.4736#0.8025#0.0000#0.0000#-1.2644
29.00:hum1:14.4317#-4.7161#0.8244#-0.3630#-0.0223#1.6298
30.00:hum1:14.4399#-3.4427#0.8048#-0.0576#0.0082#1.4305
31.00:hum1:14.4598#-2.0964#0.8466#0.4928#0.0442#1.6533
32.00:hum1:14.4204#-1.6790#0.8262#0.3274#0.0303#1.6600
33.00:hum1:14.4255#-1.7330#0.8025#-0.0000#-0.0000#1.6649
34.00:hum1:14.4255#-1.7330#0.8025#-0.0000#-0.0000#1.6649
35.00:hum1:14.4255#-1.7330#0.8025#-0.0000#-0.0000#1.6649
36.00:hum1:14.4290#-1.6845#0.8025#-0.0000#0.0000#1.5387
37.00:hum1:14.4290#-1.6845#0.8025#-0.0000#0.0000#1.5387
38.00:hum1:14.4290#-1.6845#0.8025#-0.0000#0.0000#1.5387
39.00:hum1:14.4290#-1.6845#0.8025#-0.0000#0.0000#1.5387
40.00:hum1:14.4290#-1.6845#0.8025#-0.0000#0.0000#1.5387
41.00:hum1:14.4290#-1.6845#0.8025#-0.0000#0.0000#1.5387
42.00:hum1:14.4290#-1.6845#0.8025#-0.0000#0.0000#1.5387
43.00:hum1:14.4290#-1.6845#0.8025#-0.0000#0.0000#1.5387
44.00:hum1:14.4290#-1.6845#0.8025#-0.0000#0.0000#1.5387
45.00:hum1:13.7073#-1.1189#0.8025#-0.0000#-0.0000#2.6447
46.00:hum1:13.7073#-1.1189#0.8025#-0.0000#-0.0000#2.6447
47.00:hum1:13.7073#-1.1189#0.8025#-0.0000#-0.0000#2.6447
48.00:hum1:13.7073#-1.1189#0.8025#-0.0000#-0.0000#2.6447
49.00:hum1:13.7073#-1.1189#0.8025#-0.0000#-0.0000#2.6447
50.00:hum1:13.7073#-1.1189#0.8025#-0.0000#-0.0000#2.6447
51.00:hum1:13.7073#-1.1189#0.8025#-0.0000#-0.0000#2.6447
52.00:hum1:13.7073#-1.1189#0.8025#-0.0000#-0.0000#2.6447
53.00:hum1:13.2954#-1.0258#0.9413#0.2969#0.9752#2.7879
54.00:hum1:12.2306#-0.8861#0.8262#0.0303#0.3274#3.0479
55.00:hum1:11.2502#-0.7762#0.8116#-0.0113#-0.1943#3.0835
56.00:hum1:10.0610#-0.7042#0.8267#-0.0089#-0.3727#3.1176
57.00:hum1:8.9401#-0.6826#0.8025#-0.0000#-0.0000#3.1316
58.00:hum1:8.7865#-0.6810#0.8025#-0.0000#-0.0000#3.1316
59.00:hum1:8.7865#-0.6810#0.8025#-0.0000#-0.0000#3.1316
60.00:hum1:8.0006#-0.6592#0.9191#0.0349#0.9011#3.0975
61.00:hum1:7.1999#-0.6736#0.8025#0.0000#-0.0000#-3.0688
62.00:hum1:7.1999#-0.6736#0.8025#0.0000#-0.0000#-3.0688
63.00:hum1:7.1999#-0.6736#0.8025#0.0000#-0.0000#-3.0688
64.00:hum1:7.1999#-0.6736#0.8025#0.0000#-0.0000#-3.0688
65.00:hum1:7.1999#-0.6736#0.8025#0.0000#-0.0000#-3.0688
66.00:hum1:7.1999#-0.6736#0.8025#0.0000#-0.0000#-3.0688
67.00:hum1:7.1999#-0.6736#0.8025#0.0000#-0.0000#-3.0688
68.00:hum1:7.1999#-0.6736#0.8025#0.0000#-0.0000#-3.0688
69.00:hum1:6.9742#-0.6589#0.9413#0.0882#1.0021#3.0374
70.00:hum1:5.9004#-0.6687#0.8262#-0.0169#0.3284#-3.0889
71.00:hum1:4.9156#-0.7187#0.8116#0.0152#-0.1940#-3.0627
72.00:hum1:3.7286#-0.8104#0.8267#0.0419#-0.3706#-3.0261
73.00:hum1:3.2293#-0.8644#0.8025#0.0000#-0.0000#-3.0334
74.00:hum1:3.2293#-0.8644#0.8025#0.0000#-0.0000#-3.0334
75.00:hum1:2.2314#-0.8956#0.8115#-0.0137#0.1614#-3.0564
76.00:hum1:1.2258#-0.9603#0.8069#-0.0051#0.0820#-3.0794
77.00:hum1:-0.0641#-1.0235#0.8763#-0.0428#0.6811#-3.0734
78.00:hum1:-1.3870#-1.0747#0.9597#-0.1337#1.0820#-2.9901
79.00:hum1:-1.4138#-1.0768#0.8025#0.0000#-0.0000#-3.0702