
2.00:0.2653#-1.1874#0.2401#-0.0001#-0.0023#-0.0001
3.00:0.2652#-1.1874#0.2401#-0.0001#-0.0021#-0.0001
4.00:0.2651#-1.1874#0.2401#-0.0001#-0.0022#-0.0001
5.00:0.2650#-1.1874#0.2401#-0.0001#-0.0022#-0.0001
6.00:0.2650#-1.1874#0.2401#-0.0001#-0.0020#-0.0002
7.00:0.2649#-1.1874#0.2401#-0.0001#-0.0021#-0.0002
8.00:0.2649#-1.1874#0.2401#-0.0001#-0.0021#-0.0002
9.00:0.2648#-1.1874#0.2401#-0.0001#-0.0021#-0.0002
10.00:0.2647#-1.1874#0.2401#-0.0001#-0.0022#-0.0003
11.00:0.2646#-1.1874#0.2401#-0.0001#-0.0022#-0.0003
12.00:0.2646#-1.1874#0.2401#-0.0001#-0.0021#-0.0003
13.00:0.3067#-1.1730#0.2401#0.0004#-0.0021#0.2262
14.00:0.9846#-1.0126#0.2400#0.0001#-0.0011#0.2005
15.00:2.0991#-0.7865#0.2400#0.0001#-0.0010#0.1996
16.00:2.3649#-0.7406#0.2400#0.0000#-0.0017#0.0674
17.00:2.5037#-0.7719#0.2401#-0.0005#-0.0020#-0.1938
18.00:3.5404#-0.9706#0.2401#-0.0004#-0.0017#-0.1874
19.00:4.5375#-1.1583#0.2400#-0.0004#-0.0007#-0.1804
20.00:4.6532#-1.1673#0.2401#-0.0000#-0.0025#0.0183
21.00:5.4187#-1.1329#0.2400#-0.0000#-0.0014#0.0298
22.00:6.5877#-1.0981#0.2400#0.0000#-0.0015#0.0298
23.00:7.7529#-1.0633#0.2400#-0.0000#-0.0016#0.0299
24.00:8.9183#-1.0286#0.2401#-0.0000#-0.0017#0.0295
25.00:10.0834#-0.9943#0.2401#0.0000#-0.0016#0.0295
26.00:11.2526#-0.9594#0.2401#0.0000#-0.0016#0.0296
27.00:12.4177#-0.9251#0.2401#-0.0000#-0.0016#0.0294
28.00:13.5830#-0.8906#0.2401#-0.0001#-0.0016#0.0296
29.00:14.0917#-0.8739#0.2400#-0.0000#-0.0016#0.0420
30.00:14.0917#-0.8739#0.2400#-0.0000#-0.0016#0.0420
31.00:14.0916#-0.8739#0.2400#-0.0000#-0.0014#0.0420
32.00:14.1312#-0.8584#0.2401#0.0005#-0.0021#0.2652
33.00:14.1749#-0.8270#0.2401#0.0011#-0.0019#0.5497
34.00:14.2078#-0.7843#0.2401#0.0016#-0.0015#0.8421
35.00:14.2267#-0.7338#0.2401#0.0020#-0.0009#1.1370
36.00:14.2307#-0.6792#0.2401#0.0022#-0.0003#1.4287
37.00:14.2188#-0.6261#0.2401#0.0022#0.0003#1.7204
38.00:14.1920#-0.5778#0.2401#0.0020#0.0009#2.0104
39.00:14.1528#-0.5397#0.2401#0.0016#0.0014#2.3004
40.00:14.1039#-0.5141#0.2401#0.0011#0.0018#2.5899
41.00:14.0501#-0.5034#0.2401#0.0006#0.0021#2.8760
42.00:13.9952#-0.5081#0.2401#-0.0000#0.0021#-3.1223
43.00:13.4539#-0.5601#0.2400#-0.0000#0.0016#-3.0746
44.00:12.2908#-0.6380#0.2400#-0.0000#0.0015#-3.0745
45.00:11.1276#-0.7160#0.2400#0.0000#0.0015#-3.0747
46.00:9.9644#-0.7942#0.2400#-0.0000#0.0015#-3.0742
47.00:8.8012#-0.8727#0.2400#-0.0000#0.0016#-3.0739
48.00:8.0609#-0.9253#0.2400#-0.0000#0.0011#-3.0550
49.00:8.0606#-0.9255#0.2400#-0.0001#0.0014#-3.0537
50.00:8.0607#-0.9255#0.2400#-0.0001#0.0014#-3.0537
51.00:8.0608#-0.9255#0.2400#-0.0001#0.0015#-3.0537
52.00:8.0608#-0.9254#0.2400#-0.0001#0.0014#-3.0537
53.00:8.0609#-0.9254#0.2400#-0.0001#0.0014#-3.0537
54.00:8.0609#-0.9254#0.2400#-0.0001#0.0015#-3.0537
55.00:8.0610#-0.9254#0.2400#-0.0001#0.0015#-3.0537
56.00:8.0610#-0.9254#0.2400#-0.0001#0.0014#-3.0537
57.00:8.0611#-0.9254#0.2400#-0.0001#0.0015#-3.0537
58.00:7.5790#-0.9573#0.2400#-0.0000#0.0016#-3.0935
59.00:6.4146#-1.0137#0.2400#-0.0000#0.0015#-3.0934
60.00:5.2499#-1.0698#0.2400#-0.0001#0.0015#-3.0936
61.00:4.0856#-1.1257#0.2400#-0.0001#0.0015#-3.0928
62.00:2.9173#-1.1826#0.2400#0.0000#0.0014#-3.0929
63.00:2.3553#-1.2124#0.2400#-0.0000#0.0017#-3.0825
64.00:2.3553#-1.2124#0.2400#-0.0000#0.0015#-3.0825
65.00:2.3555#-1.2124#0.2401#-0.0000#0.0017#-3.0825
66.00:2.3555#-1.2124#0.2400#-0.0000#0.0015#-3.0825
67.00:2.3557#-1.2124#0.2400#-0.0000#0.0017#-3.0825
68.00:2.3557#-1.2123#0.2400#-0.0000#0.0017#-3.0826
69.00:2.3558#-1.2123#0.2400#-0.0000#0.0015#-3.0825
70.00:2.3558#-1.2123#0.2400#-0.0000#0.0014#-3.0825
71.00:2.3559#-1.2123#0.2400#-0.0000#0.0014#-3.0826
72.00:2.3559#-1.2123#0.2400#-0.0000#0.0014#-3.0826
73.00:1.9287#-1.2311#0.2400#0.0000#0.0019#-3.1041
74.00:0.7639#-1.2727#0.2400#0.0000#0.0015#-3.1061
75.00:-0.4012#-1.3144#0.2400#0.0000#0.0014#-3.1057
76.00:-1.5661#-1.3563#0.2400#0.0000#0.0015#-3.1050
77.00:-2.3131#-1.3933#0.2400#-0.0001#0.0012#-3.0273
78.00:-2.3145#-1.3937#0.2400#-0.0001#0.0015#-3.0174
79.00:-2.3144#-1.3937#0.2400#-0.0001#0.0017#-3.0175