
1.00:hum1:-0.2750#-0.5250#0.8025#-0.0000#0.0000#-0.0000
2.00:hum1:-0.2750#-0.5250#0.8025#-0.0000#0.0000#-0.0000
3.00:hum1:-0.2750#-0.5250#0.8025#-0.0000#0.0000#-0.0000
4.00:hum1:-0.2750#-0.5250#0.8025#-0.0000#0.0000#-0.0000
5.00:hum1:-0.2750#-0.5250#0.8025#-0.0000#0.0000#-0.0000
6.00:hum1:-0.2750#-0.5250#0.8025#-0.0000#0.0000#-0.0000
7.00:hum1:-0.2750#-0.5250#0.8025#-0.0000#0.0000#-0.0000
8.00:hum1:-0.2750#-0.5250#0.8025#-0.0000#0.0000#-0.0000
9.00:hum1:-0.2750#-0.5250#0.8025#-0.0000#0.0000#-0.0000
10.00:hum1:-0.5113#-0.4060#0.8244#0.2335#0.2814#-0.7079
11.00:hum1:0.1464#-0.9323#0.9598#-0.8718#-0.7631#-1.0442
12.00:hum1:-0.0051#-0.8110#0.8025#0.0000#0.0000#-0.6747
13.00:hum1:-0.0051#-0.8110#0.8025#0.0000#0.0000#-0.6747
14.00:hum1:-0.0051#-0.8110#0.8025#0.0000#0.0000#-0.6747
15.00:hum1:-0.0051#-0.8110#0.8025#0.0000#0.0000#-0.6747
16.00:hum1:-0.0051#-0.8110#0.8025#0.0000#0.0000#-0.6747
17.00:hum1:-0.0051#-0.8110#0.8025#0.0000#0.0000#-0.6747
18.00:hum1:-0.0051#-0.8110#0.8025#0.0000#0.0000#-0.6747
19.00:hum1:-0.0051#-0.8110#0.8025#0.0000#0.0000#-0.6747
20.00:hum1:-0.0051#-0.8110#0.8025#0.0000#0.0000#-0.6747
21.00:hum1:0.3787#-0.9316#0.8215#0.0804#0.3057#-0.2613
22.00:hum1:1.6340#-1.1534#0.8161#0.0470#0.2976#-0.1587
23.00:hum1:2.9613#-1.3481#0.8069#-0.0085#-0.0817#-0.1032
24.00:hum1:3.7311#-1.4276#0.8161#0.0300#0.2998#-0.1010
25.00:hum1:3.7311#-1.4276#0.8161#0.0300#0.2998#-0.1010
26.00:hum1:4.5172#-1.5426#0.8153#0.0198#0.2462#-0.0807
27.00:hum1:5.6439#-1.6427#0.8281#0.0321#0.3697#-0.0884
28.00:hum1:6.6906#-1.7292#0.9191#-0.1040#-0.8973#-0.1324
29.00:hum1:6.6906#-1.7292#0.9191#-0.1040#-0.8973#-0.1324
30.00:hum1:7.3751#-1.6920#0.8618#0.0198#-0.5951#0.0357
31.00:hum1:8.7205#-1.5310#0.9598#0.3045#-1.0617#0.3459
32.00:hum1:9.5894#-1.3853#0.8908#0.1562#-0.7490#0.2277
33.00:hum1:9.4420#-1.4100#0.8025#-0.0000#0.0000#0.1661
34.00:hum1:9.4420#-1.4100#0.8025#-0.0000#0.0000#0.1661
35.00:hum1:9.4420#-1.4100#0.8025#-0.0000#0.0000#0.1661
36.00:hum1:9.4420#-1.4100#0.8025#-0.0000#0.0000#0.1661
37.00:hum1:9.4420#-1.4100#0.8025#-0.0000#0.0000#0.1661
38.00:hum1:9.4420#-1.4100#0.8025#-0.0000#0.0000#0.1661
39.00:hum1:9.4420#-1.4100#0.8025#-0.0000#0.0000#0.1661
40.00:hum1:10.3302#-1.5081#0.8115#-0.0040#-0.1619#-0.0245
41.00:hum1:11.6448#-1.5398#0.8908#-0.0068#-0.7620#-0.0094
42.00:hum1:12.9486#-1.5393#0.9484#0.0511#-1.0362#0.0598
43.00:hum1:13.0566#-1.5359#0.8025#-0.0000#0.0000#0.0305
44.00:hum1:13.0566#-1.5359#0.8025#-0.0000#0.0000#0.0305
45.00:hum1:13.0566#-1.5359#0.8025#-0.0000#0.0000#0.0305
46.00:hum1:13.0566#-1.5359#0.8025#-0.0000#0.0000#0.0305
47.00:hum1:13.0566#-1.5359#0.8025#-0.0000#0.0000#0.0305
48.00:hum1:13.0566#-1.5359#0.8025#-0.0000#0.0000#0.0305
49.00:hum1:14.0437#-1.5029#0.8721#0.0256#-0.6570#0.0423
50.00:hum1:14.5717#-1.4851#0.8025#-0.0000#0.0000#0.0335
51.00:hum1:14.3165#-1.8833#0.8204#0.3324#0.0015#-1.5663
52.00:hum1:14.0572#-2.6435#0.8168#-0.2098#0.0835#-1.9436
53.00:hum1:14.0572#-2.6435#0.8168#-0.2098#0.0835#-1.9436
54.00:hum1:14.0572#-2.6435#0.8168#-0.2098#0.0835#-1.9436
55.00:hum1:14.7967#-2.4434#0.8102#-0.0943#0.0574#-2.1152
56.00:hum1:14.5118#-2.9113#0.8025#0.0000#-0.0000#-2.1174
57.00:hum1:14.5118#-2.9113#0.8025#0.0000#-0.0000#-2.1174
58.00:hum1:14.5118#-2.9113#0.8025#0.0000#-0.0000#-2.1174
59.00:hum1:14.5118#-2.9113#0.8025#0.0000#-0.0000#-2.1174
60.00:hum1:14.5118#-2.9113#0.8025#0.0000#-0.0000#-2.1174
61.00:hum1:14.5118#-2.9113#0.8025#0.0000#-0.0000#-2.1174
62.00:hum1:14.5118#-2.9113#0.8025#0.0000#-0.0000#-2.1174
63.00:hum1:14.5118#-2.9113#0.8025#0.0000#-0.0000#-2.1174
64.00:hum1:14.5118#-2.9113#0.8025#0.0000#-0.0000#-2.1174
65.00:hum1:14.5118#-2.9113#0.8025#0.0000#-0.0000#-2.1174
66.00:hum1:14.5118#-2.9113#0.8025#0.0000#-0.0000#-2.1174
67.00:hum1:15.3290#-3.0184#0.8281#-0.1724#0.3302#0.4932
68.00:hum1:15.7680#-3.4740#0.8120#-0.1616#0.2173#0.6476
69.00:hum1:15.7535#-3.5530#0.8115#-0.1597#0.0271#-1.7369
70.00:hum1:15.0940#-4.3347#0.8908#-0.4964#0.6045#-2.3798