
1.00:hum1:-0.2750#-0.5250#0.8025#-0.0000#0.0000#-0.0000
2.00:hum1:-0.2750#-0.5250#0.8025#-0.0000#0.0000#-0.0000
3.00:hum1:-0.2750#-0.5250#0.8025#-0.0000#0.0000#-0.0000
4.00:hum1:-0.2750#-0.5250#0.8025#-0.0000#0.0000#-0.0000
5.00:hum1:-0.2750#-0.5250#0.8025#-0.0000#0.0000#-0.0000
6.00:hum1:-0.3329#-0.5183#0.8161#0.0628#0.2948#-0.2127
7.00:hum1:0.9181#-0.7115#0.8025#0.0000#0.0000#-0.1011
8.00:hum1:2.0139#-0.8228#0.8044#-0.0004#-0.0072#-0.0581
9.00:hum1:3.0007#-0.9648#0.8048#0.0051#0.0580#-0.0883
10.00:hum1:3.9834#-1.0913#0.8067#0.0126#0.1555#-0.0812
11.00:hum1:5.2846#-1.2136#0.8273#-0.0280#-0.3403#-0.0834
12.00:hum1:6.5789#-1.3224#0.9141#-0.0765#-0.8759#-0.0991
13.00:hum1:7.8591#-1.4240#0.9413#-0.0629#-1.0033#-0.0742
14.00:hum1:8.9088#-1.4881#0.8262#-0.0079#-0.3287#-0.0241
15.00:hum1:9.8907#-1.5108#0.8116#0.0025#0.1946#-0.0127
16.00:hum1:10.9554#-1.5338#0.8081#-0.0021#0.1280#0.0171
17.00:hum1:12.0877#-1.5110#0.8025#-0.0000#0.0000#0.0604
18.00:hum1:12.0291#-2.4321#0.8215#0.2700#0.1659#-1.0324
19.00:hum1:13.8294#-5.1985#0.8721#-0.5644#-0.3572#-1.0659
20.00:hum1:13.8569#-5.2377#0.8281#0.3089#0.2090#-0.9940
21.00:hum1:13.9634#-5.3903#0.8025#0.0000#0.0000#-0.9614
22.00:hum1:13.9634#-5.3903#0.8025#0.0000#0.0000#-0.9614
23.00:hum1:13.9634#-5.3903#0.8025#0.0000#0.0000#-0.9614
24.00:hum1:13.9634#-5.3903#0.8025#0.0000#0.0000#-0.9614
25.00:hum1:13.9634#-5.3903#0.8025#0.0000#0.0000#-0.9614
26.00:hum1:13.9634#-5.3903#0.8025#0.0000#0.0000#-0.9614
27.00:hum1:13.9634#-5.3903#0.8025#0.0000#0.0000#-0.9614
28.00:hum1:13.9634#-5.3903#0.8025#0.0000#0.0000#-0.9614
29.00:hum1:13.9634#-5.3903#0.8025#0.0000#0.0000#-0.9614
30.00:hum1:13.9634#-5.3903#0.8025#0.0000#0.0000#-0.9614
31.00:hum1:13.9634#-5.3903#0.8025#0.0000#0.0000#-0.9614
32.00:hum1:13.9634#-5.3903#0.8025#0.0000#0.0000#-0.9614
33.00:hum1:13.9634#-5.3903#0.8025#0.0000#0.0000#-0.9614