
2.00:-4.8099#-1.1623#0.2401#-0.0001#-0.0025#-0.0001
3.00:-4.8100#-1.1623#0.2401#-0.0001#-0.0024#-0.0001
4.00:-4.8100#-1.1623#0.2401#-0.0001#-0.0022#-0.0001
5.00:-4.8102#-1.1623#0.2401#-0.0001#-0.0025#-0.0002
6.00:-4.8103#-1.1623#0.2401#-0.0001#-0.0023#-0.0002
7.00:-4.8104#-1.1623#0.2401#-0.0001#-0.0025#-0.0002
8.00:-4.8105#-1.1623#0.2401#-0.0001#-0.0025#-0.0001
9.00:-4.8106#-1.1623#0.2401#-0.0001#-0.0023#-0.0002
10.00:-4.8106#-1.1624#0.2401#-0.0001#-0.0021#-0.0002
11.00:-4.8108#-1.1624#0.2401#-0.0001#-0.0022#-0.0003
12.00:-4.4466#-1.1327#0.2401#0.0004#-0.0022#0.2149
13.00:-3.9044#-0.7062#0.2401#0.0022#-0.0014#1.0084
14.00:-3.8834#-0.6944#0.2401#0.0011#-0.0013#0.7707
15.00:-3.8751#-0.7073#0.2401#0.0009#-0.0020#0.4585
16.00:-3.8696#-0.7214#0.2401#0.0002#-0.0022#0.1513
17.00:-3.8689#-0.7364#0.2401#-0.0004#-0.0022#-0.1499
18.00:-3.2466#-0.8803#0.2401#-0.0004#-0.0015#-0.2129
19.00:-2.1071#-1.1264#0.2401#-0.0004#-0.0016#-0.2127
20.00:-0.9936#-1.3670#0.2400#-0.0003#-0.0011#-0.2114
21.00:-0.7072#-1.4170#0.2401#-0.0002#-0.0020#-0.0739
22.00:-0.2523#-1.3820#0.2401#0.0000#-0.0019#0.0693
23.00:0.5937#-1.3223#0.2400#-0.0000#-0.0011#0.0726
24.00:0.6051#-1.3214#0.2401#0.0000#-0.0016#0.0739
25.00:0.6050#-1.3214#0.2401#0.0000#-0.0015#0.0739
26.00:0.6049#-1.3214#0.2401#0.0000#-0.0016#0.0738
27.00:0.6048#-1.3214#0.2401#0.0000#-0.0015#0.0738
28.00:1.0284#-1.2911#0.2401#0.0001#-0.0020#0.0689
29.00:2.1909#-1.2116#0.2401#0.0000#-0.0016#0.0683
30.00:3.1682#-1.1440#0.2400#0.0000#-0.0010#0.0748
31.00:3.2296#-1.1485#0.2401#-0.0004#-0.0019#-0.1302
32.00:3.8512#-1.2943#0.2401#-0.0004#-0.0016#-0.2246
33.00:4.3462#-1.4055#0.2401#-0.0004#-0.0014#-0.2150
34.00:4.3462#-1.4055#0.2400#-0.0003#-0.0013#-0.2150
35.00:4.3461#-1.4055#0.2401#-0.0004#-0.0013#-0.2151
36.00:4.3460#-1.4055#0.2401#-0.0004#-0.0014#-0.2151
37.00:4.3460#-1.4055#0.2401#-0.0004#-0.0013#-0.2152
38.00:4.3459#-1.4054#0.2401#-0.0004#-0.0014#-0.2152
39.00:4.7027#-1.4903#0.2400#-0.0004#-0.0015#-0.2424
40.00:5.3691#-1.6565#0.2401#-0.0005#-0.0017#-0.2376
41.00:5.4652#-1.6524#0.2401#0.0000#-0.0025#0.0331
42.00:6.2890#-1.6021#0.2400#-0.0001#-0.0013#0.0499
43.00:7.4533#-1.5438#0.2401#0.0000#-0.0016#0.0501
44.00:8.6180#-1.4847#0.2401#-0.0000#-0.0014#0.0508
45.00:9.7823#-1.4259#0.2401#0.0000#-0.0015#0.0507
46.00:10.9504#-1.3664#0.2401#0.0000#-0.0015#0.0508
47.00:12.1149#-1.3069#0.2401#0.0001#-0.0015#0.0509
48.00:13.2791#-1.2474#0.2401#-0.0000#-0.0016#0.0510
49.00:14.3541#-1.1916#0.2400#-0.0000#-0.0012#0.0550
50.00:14.4942#-1.1910#0.2401#-0.0003#-0.0021#-0.1000
51.00:14.9372#-1.3095#0.2401#-0.0005#-0.0015#-0.2671
52.00:15.8471#-1.5551#0.2400#-0.0003#-0.0010#-0.2441
53.00:15.9647#-1.5620#0.2401#-0.0001#-0.0024#-0.0128
54.00:16.2923#-1.5423#0.2396#0.0030#0.0076#-0.3950
55.00:16.6808#-1.8914#0.2402#-0.0024#-0.0027#-0.6975
56.00:16.6838#-1.8954#0.2400#-0.0007#-0.0008#-0.6744
57.00:16.6835#-1.8957#0.2400#-0.0007#-0.0008#-0.6748
58.00:16.6834#-1.8955#0.2401#-0.0010#-0.0011#-0.6748
59.00:16.6834#-1.8954#0.2401#-0.0009#-0.0011#-0.6748
60.00:16.6833#-1.8954#0.2401#-0.0010#-0.0011#-0.6748
61.00:16.6833#-1.8953#0.2401#-0.0010#-0.0011#-0.6748
62.00:16.6832#-1.8953#0.2401#-0.0009#-0.0010#-0.6749
63.00:16.6832#-1.8953#0.2401#-0.0009#-0.0010#-0.6749
64.00:16.6831#-1.8952#0.2401#-0.0010#-0.0011#-0.6749
65.00:16.6830#-1.8952#0.2401#-0.0009#-0.0011#-0.6749
66.00:16.6829#-1.8951#0.2401#-0.0010#-0.0012#-0.6749
67.00:16.6829#-1.7951#0.2401#-0.0009#-0.0011#-0.6749
68.00:16.6452#-1.5384#0.2401#-0.0012#-0.0020#-0.5489
69.00:16.7365#-1.5622#0.2401#-0.0005#-0.0019#-0.2608
70.00:16.8306#-1.5593#0.2401#0.0000#-0.0025#0.0246
71.00:16.9183#-1.5306#0.2401#0.0006#-0.0020#0.3061
72.00:16.9947#-1.4781#0.2401#0.0013#-0.0019#0.5920
73.00:17.0525#-1.4068#0.2401#0.0018#-0.0016#0.8788
74.00:17.0854#-1.3317#0.2401#0.0018#-0.0009#1.1342
75.00:17.0977#-1.2472#0.2401#0.0022#-0.0004#1.4028
76.00:17.1104#-1.2503#0.2401#0.0022#-0.0011#1.1326
77.00:17.1231#-1.2578#0.2401#0.0014#-0.0014#0.8372
78.00:17.1325#-1.2691#0.2401#0.0012#-0.0022#0.5417
79.00:17.1393#-1.2821#0.2401#0.0004#-0.0022#0.2472
80.00:17.2476#-1.2934#0.2401#-0.0001#-0.0020#-0.0037
81.00:16.6962#-0.9996#0.2539#-0.0636#-0.0149#-1.2821
82.00:16.4150#-0.8841#0.2401#-0.0003#0.0026#-2.9597
83.00:15.9105#-0.4294#0.2401#0.0018#0.0013#2.2352
84.00:15.4333#0.5406#0.2401#0.0016#0.0007#1.9839
85.00:14.9643#1.6121#0.2401#0.0018#0.0007#1.9831
86.00:14.7587#2.0782#0.2401#0.0018#0.0007#1.9948
87.00:14.7588#2.0782#0.2401#0.0017#0.0007#1.9948
88.00:17.4088#-1.0719#0.2401#0.0021#0.0009#1.9948
89.00:17.4089#-1.0720#0.2401#0.0021#0.0009#1.9948
90.00:17.4089#-1.0720#0.2401#0.0020#0.0008#1.9947
91.00:17.4089#-1.0721#0.2401#0.0020#0.0008#1.9947
92.00:17.4090#-1.0722#0.2401#0.0021#0.0008#1.9947
93.00:20.0590#-1.1722#0.2401#0.0022#0.0009#1.9947
94.00:20.0591#-1.2474#0.2401#0.0025#0.0010#1.9947
95.00:20.0591#-1.2475#0.2401#0.0025#0.0010#1.9946
96.00:20.0591#-1.2476#0.2401#0.0025#0.0011#1.9946
97.00:20.0592#-1.2476#0.2401#0.0025#0.0010#1.9946
98.00:20.0592#-1.2476#0.2401#0.0024#0.0010#1.9946
99.00:20.0592#-1.2477#0.2401#0.0025#0.0010#1.9946
100.00:20.0592#-1.2477#0.2401#0.0025#0.0010#1.9947
101.00:20.0593#-1.2478#0.2401#0.0025#0.0010#1.9946
102.00:20.0593#-1.2479#0.2401#0.0024#0.0010#1.9947
103.00:20.0593#-1.2480#0.2401#0.0025#0.0011#1.9947
104.00:20.0594#-1.2481#0.2401#0.0025#0.0011#1.9947
105.00:20.0594#-1.2481#0.2401#0.0026#0.0011#1.9947
106.00:20.0594#-1.2482#0.2401#0.0025#0.0010#1.9947
107.00:20.0673#-1.2431#0.2401#0.0026#0.0005#1.8125
108.00:20.0724#-1.2417#0.2401#0.0020#0.0002#1.7055