
2.00:hum1:-0.2750#-0.5250#0.8025#-0.0000#0.0000#-0.0000
3.00:hum1:-0.2750#-0.5250#0.8025#-0.0000#0.0000#-0.0000
4.00:hum1:-0.2750#-0.5250#0.8025#-0.0000#0.0000#-0.0000
5.00:hum1:-0.2750#-0.5250#0.8025#-0.0000#0.0000#-0.0000
6.00:hum1:-0.2750#-0.5250#0.8025#-0.0000#0.0000#-0.0000
7.00:hum1:-0.2750#-0.5250#0.8025#-0.0000#0.0000#-0.0000
8.00:hum1:-0.2750#-0.5250#0.8025#-0.0000#0.0000#-0.0000
9.00:hum1:-0.2750#-0.5250#0.8025#-0.0000#0.0000#-0.0000
10.00:hum1:-0.2750#-0.5250#0.8025#-0.0000#0.0000#-0.0000
11.00:hum1:0.3002#-0.8030#0.9598#-0.6567#-0.9433#-0.7606
12.00:hum1:0.1228#-0.7244#0.8025#0.0000#0.0000#-0.4166
13.00:hum1:0.1228#-0.7244#0.8025#0.0000#0.0000#-0.4166
14.00:hum1:0.2985#-0.7791#0.8025#0.0000#0.0000#-0.2914
15.00:hum1:0.2985#-0.7791#0.8025#0.0000#0.0000#-0.2914
16.00:hum1:0.2985#-0.7791#0.8025#0.0000#0.0000#-0.2914
17.00:hum1:0.6953#-0.8891#0.8120#0.0739#0.2600#-0.2800
18.00:hum1:1.9995#-1.1589#0.8115#-0.0272#-0.1597#-0.1688
19.00:hum1:3.2931#-1.3999#0.8908#-0.1342#-0.7524#-0.1947
20.00:hum1:4.5790#-1.5815#0.9484#-0.2105#-1.0236#-0.2448
21.00:hum1:4.9945#-1.6342#0.8048#0.0074#0.0578#-0.1265
22.00:hum1:4.9945#-1.6342#0.8048#0.0074#0.0578#-0.1265
23.00:hum1:5.9056#-1.6375#0.8161#-0.0210#0.3005#0.0711
24.00:hum1:7.2363#-1.5503#0.8069#0.0067#-0.0819#0.0821
25.00:hum1:8.5304#-1.4414#0.8763#0.0825#-0.6780#0.1315
26.00:hum1:9.8517#-1.3386#0.9597#0.2391#-1.0713#0.2712
27.00:hum1:10.9598#-1.2078#0.8496#0.0724#-0.5113#0.1475
28.00:hum1:10.9822#-1.2049#0.8025#-0.0000#0.0000#0.1285
29.00:hum1:10.9822#-1.2049#0.8025#-0.0000#0.0000#0.1285
30.00:hum1:10.9822#-1.2049#0.8025#-0.0000#0.0000#0.1285
31.00:hum1:10.9822#-1.2049#0.8025#-0.0000#0.0000#0.1285
32.00:hum1:10.9822#-1.2049#0.8025#-0.0000#0.0000#0.1285
33.00:hum1:10.9822#-1.2049#0.8025#-0.0000#0.0000#0.1285
34.00:hum1:10.9822#-1.2049#0.8025#-0.0000#0.0000#0.1285
35.00:hum1:10.9822#-1.2049#0.8025#-0.0000#0.0000#0.1285
36.00:hum1:10.9822#-1.2049#0.8025#-0.0000#0.0000#0.1285
37.00:hum1:10.9822#-1.2049#0.8025#-0.0000#0.0000#0.1285
38.00:hum1:11.6963#-1.6218#0.8171#0.1543#0.2237#-0.6113
39.00:hum1:12.6359#-2.3542#0.8204#0.2030#0.2651#-0.6658
40.00:hum1:13.7189#-3.1632#0.8044#-0.0042#-0.0058#-0.6268
41.00:hum1:14.0427#-3.3978#0.8025#0.0000#0.0000#-0.6268
42.00:hum1:14.0427#-3.3978#0.8025#0.0000#0.0000#-0.6268
43.00:hum1:14.0427#-3.3978#0.8025#0.0000#0.0000#-0.6268
44.00:hum1:14.0427#-3.3978#0.8025#0.0000#0.0000#-0.6268
45.00:hum1:14.0427#-3.3978#0.8025#0.0000#0.0000#-0.6268
46.00:hum1:14.0427#-3.3978#0.8025#0.0000#0.0000#-0.6268
47.00:hum1:14.0427#-3.3978#0.8025#0.0000#0.0000#-0.6268
48.00:hum1:14.0427#-3.3978#0.8025#0.0000#0.0000#-0.6268
49.00:hum1:14.0427#-3.3978#0.8025#0.0000#0.0000#-0.6268
50.00:hum1:14.0427#-3.3978#0.8025#0.0000#0.0000#-0.6268
51.00:hum1:13.8986#-3.6511#0.8120#0.2690#-0.0233#-1.6546