
1.00:hum1:-0.2750#-0.5250#0.8025#-0.0000#0.0000#-0.0000
2.00:hum1:-0.2750#-0.5250#0.8025#-0.0000#0.0000#-0.0000
3.00:hum1:-0.2750#-0.5250#0.8025#-0.0000#0.0000#-0.0000
4.00:hum1:-0.2750#-0.5250#0.8025#-0.0000#0.0000#-0.0000
5.00:hum1:-0.2750#-0.5250#0.8025#-0.0000#0.0000#-0.0000
6.00:hum1:-0.2750#-0.5250#0.8025#-0.0000#0.0000#-0.0000
7.00:hum1:-0.2750#-0.5250#0.8025#-0.0000#0.0000#-0.0000
8.00:hum1:-0.2750#-0.5250#0.8025#-0.0000#0.0000#-0.0000
9.00:hum1:-0.2750#-0.5250#0.8025#-0.0000#0.0000#-0.0000
10.00:hum1:-0.2750#-0.5250#0.8025#-0.0000#0.0000#-0.0000
11.00:hum1:-0.2750#-0.5250#0.8025#-0.0000#0.0000#-0.0000
12.00:hum1:0.6027#-0.8081#0.8204#0.0788#0.3233#-0.2435
13.00:hum1:1.9321#-1.1021#0.8044#-0.0013#-0.0071#-0.1751
14.00:hum1:3.2157#-1.3275#0.8618#-0.0914#-0.5892#-0.1631
15.00:hum1:4.5330#-1.5008#0.9598#-0.2023#-1.0762#-0.2285
16.00:hum1:4.4920#-1.4963#0.8025#0.0000#0.0000#-0.1076
17.00:hum1:4.4920#-1.4963#0.8025#0.0000#0.0000#-0.1076
18.00:hum1:4.4920#-1.4963#0.8025#0.0000#0.0000#-0.1076
19.00:hum1:4.4920#-1.4963#0.8025#0.0000#0.0000#-0.1076
20.00:hum1:4.4920#-1.4963#0.8025#0.0000#0.0000#-0.1076
21.00:hum1:4.4920#-1.4963#0.8025#0.0000#0.0000#-0.1076
22.00:hum1:4.4920#-1.4963#0.8025#0.0000#0.0000#-0.1076
23.00:hum1:4.4920#-1.4963#0.8025#0.0000#0.0000#-0.1076
24.00:hum1:5.7204#-1.5765#0.8721#-0.0112#-0.6573#-0.0179
25.00:hum1:6.7400#-1.6161#0.8102#0.0014#-0.1104#0.0127
26.00:hum1:7.8023#-1.5968#0.8171#-0.0093#0.2709#0.0352
27.00:hum1:9.0154#-1.5544#0.8204#-0.0233#0.3316#0.0716
28.00:hum1:9.4419#-1.5255#0.8025#-0.0000#0.0000#0.0677
29.00:hum1:9.4419#-1.5255#0.8025#-0.0000#0.0000#0.0677
30.00:hum1:9.4419#-1.5255#0.8025#-0.0000#0.0000#0.0677
31.00:hum1:9.4419#-1.5255#0.8025#-0.0000#0.0000#0.0677
32.00:hum1:9.4419#-1.5255#0.8025#-0.0000#0.0000#0.0677
33.00:hum1:9.4419#-1.5255#0.8025#-0.0000#0.0000#0.0677
34.00:hum1:9.6815#-1.7732#0.8721#-0.4275#-0.5158#-0.7455
35.00:hum1:10.7483#-2.3049#0.8102#0.0366#-0.1041#0.3392
36.00:hum1:11.7461#-1.9549#0.8171#-0.0916#0.2554#0.3491
37.00:hum1:12.8944#-1.7223#0.8204#-0.0737#0.3244#0.2279
38.00:hum1:12.8329#-2.2417#0.8044#-0.0070#0.0014#-1.7671
39.00:hum1:13.1660#-3.6121#0.8618#-0.5256#-0.2939#-1.1073
40.00:hum1:14.3953#-3.9975#0.9598#0.7863#-0.8524#0.9267
41.00:hum1:15.3884#-3.3826#0.8721#0.3858#-0.5464#0.6638