
2.00:hum1:-0.2750#-0.5250#0.8025#-0.0000#0.0000#-0.0000
3.00:hum1:-0.2750#-0.5250#0.8025#-0.0000#0.0000#-0.0000
4.00:hum1:-0.2750#-0.5250#0.8025#-0.0000#0.0000#-0.0000
5.00:hum1:-0.2750#-0.5250#0.8025#-0.0000#0.0000#-0.0000
6.00:hum1:-0.2750#-0.5250#0.8025#-0.0000#0.0000#-0.0000
7.00:hum1:0.5336#-0.6725#0.8496#-0.0574#-0.5131#-0.1162
8.00:hum1:1.5818#-0.8126#0.8721#-0.0807#-0.6531#-0.1320
9.00:hum1:2.6343#-0.9404#0.9191#-0.1240#-0.8954#-0.1581
10.00:hum1:3.6641#-1.0493#0.9413#-0.1465#-0.9977#-0.1735
11.00:hum1:4.7094#-1.1568#0.8262#-0.0280#-0.3276#-0.0863
12.00:hum1:5.6866#-1.2452#0.8116#0.0144#0.1941#-0.0744
13.00:hum1:6.8643#-1.3614#0.8267#0.0190#0.3724#-0.0519
14.00:hum1:8.0202#-1.3191#0.8067#0.1116#0.1093#-0.7988
15.00:hum1:9.4801#-1.4770#0.8273#0.0024#-0.3414#0.0075
16.00:hum1:13.2455#-1.4399#0.9598#0.1029#-1.0844#0.1166
17.00:hum1:13.0394#-3.5603#0.8908#-0.7613#0.0365#-1.6087
18.00:hum1:15.5516#-3.6470#0.8466#0.3087#-0.3928#0.6950
19.00:hum1:16.7500#-2.7676#0.8025#-0.0000#0.0000#0.6330
20.00:hum1:16.9280#-2.6369#0.8025#-0.0000#0.0000#0.6330
21.00:hum1:16.9280#-2.6369#0.8025#-0.0000#0.0000#0.6330
22.00:hum1:17.0325#-2.5603#0.8025#-0.0000#0.0000#0.6330
23.00:hum1:18.6052#-0.3607#0.9191#0.8989#-0.0817#1.5063
24.00:hum1:18.8108#2.9164#0.9597#1.0867#-0.0201#1.5606
25.00:hum1:18.8344#3.9729#0.8204#-0.3323#0.0074#1.5496
26.00:hum1:18.3750#4.6735#0.4025#0.0000#0.0000#-1.5700
27.00:hum1:18.3750#4.6735#0.4025#0.0000#0.0000#-1.5700
28.00:hum1:18.3750#4.6735#0.4025#0.0000#0.0000#-1.5700
29.00:hum1:18.3750#4.6735#0.4025#0.0000#0.0000#-1.5700
30.00:hum1:18.3750#4.6735#0.4025#0.0000#0.0000#-1.5700
31.00:hum1:18.3750#4.6735#0.4025#0.0000#0.0000#-1.5700
32.00:hum1:18.3750#4.6735#0.4025#0.0000#0.0000#-1.5700
33.00:hum1:18.3750#4.6735#0.4025#0.0000#0.0000#-1.5700
34.00:hum1:18.3750#4.6735#0.4025#0.0000#0.0000#-1.5700
35.00:hum1:18.3750#4.6735#0.4025#0.0000#0.0000#-1.5700
36.00:hum1:18.3750#4.6735#0.4025#0.0000#0.0000#-1.5700
37.00:hum1:18.3750#4.6735#0.4025#0.0000#0.0000#-1.5700
38.00:hum1:18.3750#4.6735#0.4025#0.0000#0.0000#-1.5700
39.00:hum1:18.3750#4.6735#0.4025#0.0000#0.0000#-1.5700
40.00:hum1:18.3750#4.6735#0.4025#0.0000#0.0000#-1.5700
41.00:hum1:18.3750#4.6735#0.4025#0.0000#0.0000#-1.5700
42.00:hum1:18.3750#4.6735#0.4025#0.0000#0.0000#-1.5700
43.00:hum1:18.3750#4.6735#0.4025#0.0000#0.0000#-1.5700
44.00:hum1:18.3750#4.6735#0.4025#0.0000#0.0000#-1.5700
45.00:hum1:18.3750#4.6735#0.4025#0.0000#0.0000#-1.5700
46.00:hum1:18.3751#4.0573#0.8069#-0.0822#-0.0000#-1.5700
47.00:hum1:18.3751#4.0573#0.8069#-0.0822#-0.0000#-1.5700
48.00:hum1:18.1450#0.8455#0.8067#0.1560#-0.0027#-1.5877
49.00:hum1:16.6640#-1.3219#0.8025#0.0000#-0.0000#-2.1865
50.00:hum1:15.6109#-2.8117#0.9191#-0.8014#0.4696#-1.9835
51.00:hum1:14.2939#-5.0045#0.9597#-0.9537#0.6365#-1.9696
52.00:hum1:14.2919#-5.0072#0.8374#-0.3247#0.2808#-2.2592
53.00:hum1:14.2631#-5.0391#0.8025#0.0000#-0.0000#-2.3056
54.00:hum1:14.2631#-5.0391#0.8025#0.0000#-0.0000#-2.3056
55.00:hum1:14.2631#-5.0391#0.8025#0.0000#-0.0000#-2.3056
56.00:hum1:14.2631#-5.0391#0.8025#0.0000#-0.0000#-2.3056
57.00:hum1:14.2631#-5.0391#0.8025#0.0000#-0.0000#-2.3056
58.00:hum1:14.2631#-5.0391#0.8025#0.0000#-0.0000#-2.3056
59.00:hum1:14.2631#-5.0391#0.8025#0.0000#-0.0000#-2.3056
60.00:hum1:14.2631#-5.0391#0.8025#0.0000#-0.0000#-2.3056
61.00:hum1:14.2631#-5.0391#0.8025#0.0000#-0.0000#-2.3056
62.00:hum1:14.2631#-5.0391#0.8025#0.0000#-0.0000#-2.3056
63.00:hum1:14.2631#-5.0391#0.8025#0.0000#-0.0000#-2.3056
64.00:hum1:14.2631#-5.0391#0.8025#0.0000#-0.0000#-2.3056
65.00:hum1:14.2631#-5.0391#0.8025#0.0000#-0.0000#-2.3056
66.00:hum1:14.2631#-5.0391#0.8025#0.0000#-0.0000#-2.3056
67.00:hum1:14.2631#-5.0391#0.8025#0.0000#-0.0000#-2.3056
68.00:hum1:14.2631#-5.0391#0.8025#0.0000#-0.0000#-2.3056
69.00:hum1:14.2631#-5.0391#0.8025#0.0000#-0.0000#-2.3056
70.00:hum1:14.2631#-5.0391#0.8025#0.0000#-0.0000#-2.3056
71.00:hum1:14.2631#-5.0391#0.8025#0.0000#-0.0000#-2.3056
72.00:hum1:14.2631#-5.0391#0.8025#0.0000#-0.0000#-2.3056