
1.00:hum1:-6.4000#-1.4250#0.8025#-0.0000#0.0000#-0.0000
2.00:hum1:-6.4000#-1.4250#0.8025#-0.0000#0.0000#-0.0000
3.00:hum1:-6.4000#-1.4250#0.8025#-0.0000#0.0000#-0.0000
4.00:hum1:-6.4000#-1.4250#0.8025#-0.0000#0.0000#-0.0000
5.00:hum1:-6.4000#-1.4250#0.8025#-0.0000#0.0000#-0.0000
6.00:hum1:-6.4000#-1.4250#0.8025#-0.0000#0.0000#-0.0000
7.00:hum1:-6.4000#-1.4250#0.8025#-0.0000#0.0000#-0.0000
8.00:hum1:-6.4000#-1.4250#0.8025#-0.0000#0.0000#-0.0000
9.00:hum1:-6.4000#-1.4250#0.8025#-0.0000#0.0000#-0.0000
10.00:hum1:-6.4000#-1.4250#0.8025#-0.0000#0.0000#-0.0000
11.00:hum1:-6.4000#-1.4250#0.8025#-0.0000#0.0000#-0.0000
12.00:hum1:-6.4000#-1.4250#0.8025#-0.0000#0.0000#-0.0000
13.00:hum1:-6.4000#-1.4250#0.8025#-0.0000#0.0000#-0.0000
14.00:hum1:-5.8582#-1.3583#0.8763#0.1017#-0.6758#0.1620
15.00:hum1:-4.5483#-1.1921#0.9597#0.2345#-1.0719#0.2660
16.00:hum1:-4.4845#-1.1840#0.9413#0.1951#-0.9922#0.2321
17.00:hum1:-4.4845#-1.1840#0.9413#0.1951#-0.9922#0.2321
18.00:hum1:-4.4845#-1.1840#0.9413#0.1951#-0.9922#0.2321
19.00:hum1:-4.4845#-1.1840#0.9413#0.1951#-0.9922#0.2321
20.00:hum1:-4.4845#-1.1840#0.9413#0.1951#-0.9922#0.2321
21.00:hum1:-4.4845#-1.1840#0.9413#0.1951#-0.9922#0.2321
22.00:hum1:-4.4845#-1.1840#0.9413#0.1951#-0.9922#0.2321
23.00:hum1:-4.4845#-1.1840#0.9413#0.1951#-0.9922#0.2321
24.00:hum1:-4.4845#-1.1840#0.9413#0.1951#-0.9922#0.2321
25.00:hum1:-4.4845#-1.1840#0.9413#0.1951#-0.9922#0.2321
26.00:hum1:-4.2352#-1.2816#0.8067#0.0237#0.1542#-0.1529
27.00:hum1:-2.9425#-1.4785#0.8273#-0.0535#-0.3373#-0.1602
28.00:hum1:-3.1381#-0.9454#0.9141#0.1638#0.8671#2.9284
29.00:hum1:-2.8177#-1.5085#0.9413#-0.3060#-0.9733#-0.3647
30.00:hum1:-3.0155#-0.9549#0.8262#0.0786#0.3196#2.8962
31.00:hum1:-2.8323#-1.0018#0.8116#-0.0523#-0.1875#2.8679
32.00:hum1:-2.7388#-1.0360#0.8267#-0.1202#-0.3538#2.8064
33.00:hum1:-2.8580#-0.9999#0.8067#-0.0563#-0.1456#2.7714
34.00:hum1:-2.9557#-0.9616#0.8273#0.1301#0.3165#2.7439
35.00:hum1:-1.9310#-1.3828#0.8115#0.0128#-0.1615#0.0798
36.00:hum1:-1.2525#-1.3308#0.8908#0.0671#-0.7596#0.0976
37.00:hum1:-1.6630#-0.8490#0.9484#-0.0373#1.0366#-3.0979
38.00:hum1:-1.3676#-1.3459#0.8374#-0.0071#-0.4259#-0.0168
39.00:hum1:-1.3949#-0.8468#0.8081#-0.0051#-0.1279#3.1020
40.00:hum1:-1.2814#-0.8563#0.8281#-0.0277#-0.3700#3.0656
41.00:hum1:-1.3450#-0.8552#0.8120#-0.0305#-0.2683#3.0272
42.00:hum1:-1.4446#-1.3485#0.8115#-0.0225#-0.1604#-0.1394
43.00:hum1:-1.6341#-0.8397#0.8908#0.0250#0.7617#3.1057
44.00:hum1:-0.6529#-1.3531#0.8763#-0.0086#-0.6821#-0.0134
45.00:hum1:0.6674#-1.3668#0.9597#-0.0202#-1.0867#-0.0225
46.00:hum1:1.7835#-1.3783#0.8496#-0.0060#-0.5159#-0.0119
47.00:hum1:1.7835#-1.3783#0.8496#-0.0060#-0.5159#-0.0119
48.00:hum1:1.7835#-1.3783#0.8496#-0.0060#-0.5159#-0.0119
49.00:hum1:1.7835#-1.3783#0.8496#-0.0060#-0.5159#-0.0119
50.00:hum1:1.7835#-1.3783#0.8496#-0.0060#-0.5159#-0.0119
51.00:hum1:1.7835#-1.3783#0.8496#-0.0060#-0.5159#-0.0119
52.00:hum1:1.7835#-1.3783#0.8496#-0.0060#-0.5159#-0.0119
53.00:hum1:1.7835#-1.3783#0.8496#-0.0060#-0.5159#-0.0119
54.00:hum1:2.2323#-1.4359#0.8069#-0.0087#-0.0817#-0.1053
55.00:hum1:3.1319#-1.0273#0.8763#0.0878#0.6774#3.0024
56.00:hum1:3.4761#-1.5755#0.9597#-0.2641#-1.0678#-0.2991
57.00:hum1:3.2270#-1.0315#0.8496#0.0975#0.5075#2.9434
58.00:hum1:3.3833#-1.0630#0.8071#-0.0020#-0.0078#2.8856
59.00:hum1:3.4308#-1.0746#0.8215#-0.0795#-0.3060#2.8833
60.00:hum1:3.4754#-1.0907#0.8161#-0.0866#-0.2889#2.8459
61.00:hum1:3.3388#-1.0499#0.8069#0.0269#0.0777#2.8082
62.00:hum1:3.3553#-1.5904#0.8763#-0.2824#-0.6297#-0.4575
63.00:hum1:4.1459#-1.5955#0.8618#-0.0254#-0.5949#-0.0450
64.00:hum1:5.4892#-1.5637#0.9598#0.0991#-1.0846#0.1124
65.00:hum1:5.4823#-1.0595#0.8721#-0.0217#0.6571#-3.1058
66.00:hum1:5.6482#-1.0550#0.8102#-0.0016#0.1104#-3.1270
67.00:hum1:5.7471#-1.0591#0.8171#-0.0116#-0.2708#3.0985
68.00:hum1:5.7431#-1.0489#0.8204#0.0203#-0.3318#-3.0790
69.00:hum1:5.6738#-1.0543#0.8044#-0.0002#0.0072#-3.1200
70.00:hum1:5.5032#-1.0530#0.8618#0.0098#0.5953#3.1244
71.00:hum1:5.8880#-1.5666#0.9598#-0.0882#-1.0851#-0.0993
72.00:hum1:5.4776#-1.0627#0.8721#-0.0365#0.6565#-3.0815
73.00:hum1:6.1223#-1.4632#0.9191#0.2299#-0.8800#0.2951
74.00:hum1:6.9057#-0.8064#0.8168#-0.0421#0.2217#-2.9518
75.00:hum1:6.7018#-1.0632#0.8153#0.2181#0.1169#-1.0862
76.00:hum1:6.6994#-1.0343#0.8244#0.3359#0.1420#-1.1853
77.00:hum1:7.2271#-0.9971#0.8048#-0.0539#-0.0219#1.9569
78.00:hum1:6.7777#-1.2290#0.8466#-0.4690#-0.1631#-1.2603
79.00:hum1:7.1602#-0.7644#0.9377#0.9725#0.2193#1.7184
80.00:hum1:6.7818#-1.3181#0.9191#-0.8898#-0.1712#-1.4332
81.00:hum1:6.7778#-1.3111#0.9413#-0.9946#-0.1755#-1.4575
82.00:hum1:8.1862#-1.4448#0.8262#-0.0315#-0.3273#-0.0975
83.00:hum1:8.3820#-0.9563#0.8116#-0.0169#-0.1939#3.0544
84.00:hum1:8.4710#-0.9647#0.8267#-0.0355#-0.3712#3.0444
85.00:hum1:8.3425#-0.9544#0.8067#-0.0197#-0.1548#3.0148
86.00:hum1:8.2889#-1.4572#0.8273#-0.0788#-0.3325#-0.2371
87.00:hum1:8.1530#-0.9064#0.9141#0.3003#0.8389#2.7475
88.00:hum1:8.4192#-1.4966#0.9413#-0.3961#-0.9503#-0.4745
89.00:hum1:8.2946#-1.4639#0.8262#-0.0965#-0.3148#-0.3027
90.00:hum1:8.1063#-1.4006#0.8116#0.0698#0.1818#-0.3685
91.00:hum1:8.0731#-1.3881#0.8153#0.0889#0.2308#-0.3715
92.00:hum1:9.2902#-1.4372#0.8281#-0.0060#0.3710#0.0167
93.00:hum1:9.6902#-0.9342#0.8120#-0.0067#-0.2699#3.1168
94.00:hum1:9.6349#-1.4339#0.8115#-0.0076#-0.1618#-0.0470
95.00:hum1:9.7569#-1.4513#0.8908#-0.1087#-0.7557#-0.1574
96.00:hum1:9.4378#-0.9045#0.9484#0.2437#1.0189#2.8579
97.00:hum1:9.6904#-1.4331#0.8374#-0.0041#-0.4260#-0.0097
98.00:hum1:9.5428#-1.4304#0.8081#0.0041#0.1280#-0.0317
99.00:hum1:9.4261#-1.4192#0.8281#0.0298#0.3699#-0.0820
100.00:hum1:9.5348#-1.4376#0.8120#-0.0182#0.2694#0.0687
101.00:hum1:9.8626#-1.4586#0.8161#0.0318#0.2996#-0.1072
102.00:hum1:11.0605#-1.0790#0.8069#0.0084#0.0818#3.0396
103.00:hum1:10.9110#-1.0524#0.8763#0.1384#0.6702#2.9214
104.00:hum1:10.8516#-1.0348#0.9597#0.3657#1.0492#2.7261
105.00:hum1:11.0713#-1.5920#0.8496#-0.1231#-0.5024#-0.2511
106.00:hum1:11.1387#-1.0973#0.8071#-0.0022#-0.0077#2.8651
107.00:hum1:11.1812#-1.1066#0.8215#-0.0791#-0.3061#2.8846
108.00:hum1:11.2256#-1.1225#0.8161#-0.0859#-0.2891#2.8486
109.00:hum1:11.0875#-1.0816#0.8069#0.0263#0.0779#2.8164
110.00:hum1:11.4852#-1.4992#0.8044#0.0012#-0.0071#0.1662
111.00:hum1:12.7622#-1.2850#0.8618#0.1114#-0.5861#0.1999
112.00:hum1:12.8197#-1.3406#0.9598#-0.2243#-1.0737#-0.2535
113.00:hum1:12.5090#-0.7817#0.8721#0.1932#0.6324#2.8223
114.00:hum1:12.5105#-1.2987#0.8102#-0.0317#-0.1057#-0.2913
115.00:hum1:12.4202#-1.2675#0.8171#0.0905#0.2558#-0.3439
116.00:hum1:12.3674#-1.2239#0.8204#0.1676#0.2885#-0.5361
117.00:hum1:12.4290#-1.2570#0.8044#-0.0037#-0.0061#-0.5474
118.00:hum1:12.5722#-1.3501#0.8618#-0.3569#-0.4873#-0.6721
119.00:hum1:12.6762#-1.3037#0.8466#-0.0422#-0.4929#-0.0887
120.00:hum1:13.9778#-1.4056#0.9377#-0.1184#-0.9841#-0.1416
121.00:hum1:14.1633#-1.4200#0.8281#0.0305#0.3698#-0.0838
122.00:hum1:15.1902#-1.5004#0.8215#0.0256#0.3148#-0.0822
123.00:hum1:16.4380#-1.5980#0.8161#0.0243#0.3003#-0.0818
124.00:hum1:17.7649#-1.7019#0.8069#-0.0065#-0.0819#-0.0784
125.00:hum1:19.0553#-1.8029#0.8763#-0.0635#-0.6797#-0.1005
126.00:hum1:20.3716#-1.9059#0.9597#-0.1479#-1.0810#-0.1669