
2.00:hum1:-5.5750#-1.5000#0.8025#-0.0000#0.0000#-0.0000
3.00:hum1:-5.5750#-1.5000#0.8025#-0.0000#0.0000#-0.0000
4.00:hum1:-5.5750#-1.5000#0.8025#-0.0000#0.0000#-0.0000
5.00:hum1:-5.5750#-1.5000#0.8025#-0.0000#0.0000#-0.0000
6.00:hum1:-5.5750#-1.5000#0.8025#-0.0000#0.0000#-0.0000
7.00:hum1:-5.5750#-1.5000#0.8025#-0.0000#0.0000#-0.0000
8.00:hum1:-5.5750#-1.5000#0.8025#-0.0000#0.0000#-0.0000
9.00:hum1:-5.5750#-1.5000#0.8025#-0.0000#0.0000#-0.0000
10.00:hum1:-5.5750#-1.5000#0.8025#-0.0000#0.0000#-0.0000
11.00:hum1:-5.5750#-1.5000#0.8025#-0.0000#0.0000#-0.0000
12.00:hum1:-5.5750#-1.5000#0.8025#-0.0000#0.0000#-0.0000
13.00:hum1:-5.5750#-1.5000#0.8025#-0.0000#0.0000#-0.0000
14.00:hum1:-5.5750#-1.5000#0.8025#-0.0000#0.0000#-0.0000
15.00:hum1:-4.3682#-1.5136#0.8120#-0.1091#0.2475#0.4207
16.00:hum1:-3.7932#-1.2657#0.9377#0.5414#-0.8744#0.6652
17.00:hum1:-3.6979#-1.2246#0.9597#0.6452#-0.9491#0.7473
18.00:hum1:-3.6389#-1.1991#0.9413#0.5568#-0.8868#0.6771
19.00:hum1:-3.4585#-1.1212#0.8161#-0.1223#0.2760#0.4241
20.00:hum1:-2.5520#-0.7303#0.8204#-0.1358#0.3044#0.4280
21.00:hum1:-1.7477#-0.3672#0.8044#-0.0065#-0.0031#-1.1259
22.00:hum1:-1.1905#-1.5359#0.8618#-0.5488#-0.2436#-1.1947
23.00:hum1:-0.6213#-2.7296#0.9598#-1.0439#-0.3907#-1.3524
24.00:hum1:-0.6039#-2.7658#0.8081#0.1157#0.0549#-1.1290
25.00:hum1:-0.2933#-3.0006#0.8153#-0.1225#0.2150#0.5238
26.00:hum1:0.6950#-2.9842#0.8374#0.0260#-0.4252#0.0633
27.00:hum1:1.6782#-2.9477#0.8081#-0.0076#0.1278#0.0598
28.00:hum1:2.8147#-2.8931#0.8281#-0.0257#0.3702#0.0714
29.00:hum1:3.8261#-2.2014#0.8120#-0.2085#-0.1728#2.2534
30.00:hum1:2.9826#-1.2021#0.8115#0.1243#0.1042#2.2655
31.00:hum1:2.1367#-0.2000#0.8908#0.6301#0.4614#2.1192
32.00:hum1:1.3011#0.7897#0.9484#0.9125#0.5885#1.9767
33.00:hum1:2.2510#-0.3159#0.8374#-0.2035#-0.3769#-0.5108
34.00:hum1:3.1709#-0.7360#0.8081#0.0454#0.1197#-0.3630
35.00:hum1:4.1983#-1.1765#0.8281#0.1625#0.3350#-0.4623
36.00:hum1:4.5717#-1.3500#0.8044#-0.0030#-0.0065#-0.4348
37.00:hum1:5.0774#-1.5848#0.8153#0.1059#0.2236#-0.4467
38.00:hum1:6.1815#-2.0975#0.8244#0.1590#0.3284#-0.4612
39.00:hum1:7.3916#-2.6596#0.8048#0.0246#0.0528#-0.4354
40.00:hum1:8.1752#-3.0235#0.8161#0.1302#0.2724#-0.4526
41.00:hum1:8.4491#-3.1069#0.8067#-0.0349#0.1521#0.2267
42.00:hum1:8.5368#-3.0874#0.8044#0.0011#-0.0071#0.1552
43.00:hum1:9.7728#-2.8486#0.8618#0.0173#-0.5952#0.0311
44.00:hum1:11.1091#-2.4543#0.9598#0.5096#-1.0090#0.5840
45.00:hum1:11.1091#-2.4543#0.9598#0.5096#-1.0090#0.5840
46.00:hum1:11.1091#-2.4543#0.9598#0.5096#-1.0090#0.5840
47.00:hum1:11.1091#-2.4543#0.9598#0.5096#-1.0090#0.5840
48.00:hum1:11.1091#-2.4543#0.9598#0.5096#-1.0090#0.5840
49.00:hum1:11.1091#-2.4543#0.9598#0.5096#-1.0090#0.5840
50.00:hum1:11.1091#-2.4543#0.9598#0.5096#-1.0090#0.5840
51.00:hum1:11.1091#-2.4543#0.9598#0.5096#-1.0090#0.5840
52.00:hum1:11.1091#-2.4543#0.9598#0.5096#-1.0090#0.5840
53.00:hum1:11.1091#-2.4543#0.9598#0.5096#-1.0090#0.5840
54.00:hum1:11.1091#-2.4543#0.9598#0.5096#-1.0090#0.5840
55.00:hum1:11.1091#-2.4543#0.9598#0.5096#-1.0090#0.5840
56.00:hum1:11.1091#-2.4543#0.9598#0.5096#-1.0090#0.5840
57.00:hum1:11.1091#-2.4543#0.9598#0.5096#-1.0090#0.5840
58.00:hum1:11.1091#-2.4543#0.9598#0.5096#-1.0090#0.5840
59.00:hum1:11.1091#-2.4543#0.9598#0.5096#-1.0090#0.5840
60.00:hum1:12.2262#-2.2404#0.9413#0.3107#-0.9723#0.3711
61.00:hum1:13.2719#-2.0220#0.9191#0.2526#-0.8754#0.3246
62.00:hum1:13.2386#-2.0401#0.8496#0.0719#-0.5114#0.1465
63.00:hum1:13.2354#-2.0405#0.8262#0.0433#-0.3260#0.1348
64.00:hum1:13.2105#-2.0437#0.8102#0.0141#-0.1095#0.1284
65.00:hum1:13.1712#-2.0487#0.8081#-0.0163#0.1270#0.1287
66.00:hum1:13.1744#-2.0483#0.8153#-0.0320#0.2450#0.1316
67.00:hum1:13.1744#-2.0483#0.8153#-0.0320#0.2450#0.1316
68.00:hum1:13.2347#-2.0405#0.8215#-0.0415#0.3132#0.1342
69.00:hum1:13.6192#-1.9912#0.8048#-0.0074#0.0577#0.1278
70.00:hum1:14.2593#-1.9090#0.8171#-0.0353#0.2688#0.1324
71.00:hum1:15.2605#-1.7806#0.8153#-0.0320#0.2450#0.1316
72.00:hum1:16.2934#-1.6480#0.8116#-0.0250#0.1930#0.1300
73.00:hum1:17.4675#-1.4973#0.8267#-0.0496#0.3697#0.1369
74.00:hum1:18.3898#-0.3280#0.8067#-0.1530#0.0305#1.3759
75.00:hum1:18.6460#0.9542#0.8273#0.3352#-0.0657#1.3848
76.00:hum1:18.9000#2.2252#0.9141#0.8687#-0.1516#1.4441
77.00:hum1:19.1507#3.4804#0.9413#0.9957#-0.1663#1.4642
78.00:hum1:19.1705#3.5798#0.8244#-0.3571#0.0698#1.3862
79.00:hum1:18.3750#4.6735#0.4025#0.0000#0.0000#-1.5700
80.00:hum1:18.3750#4.6735#0.4025#0.0000#0.0000#-1.5700
81.00:hum1:18.3750#4.6735#0.4025#0.0000#0.0000#-1.5700
82.00:hum1:18.3750#4.6735#0.4025#0.0000#0.0000#-1.5700
83.00:hum1:18.3750#4.6735#0.4025#0.0000#0.0000#-1.5700
84.00:hum1:18.3750#4.6735#0.4025#0.0000#0.0000#-1.5700
85.00:hum1:18.3750#4.6735#0.4025#0.0000#0.0000#-1.5700
86.00:hum1:18.3750#4.6735#0.4025#0.0000#0.0000#-1.5700
87.00:hum1:18.3750#4.6735#0.4025#0.0000#0.0000#-1.5700
88.00:hum1:18.3750#4.6735#0.4025#0.0000#0.0000#-1.5700
89.00:hum1:18.3750#4.6735#0.4025#0.0000#0.0000#-1.5700
90.00:hum1:18.3750#4.6735#0.4025#0.0000#0.0000#-1.5700
91.00:hum1:18.3750#4.6735#0.4025#0.0000#0.0000#-1.5700
92.00:hum1:18.3750#4.6735#0.4025#0.0000#0.0000#-1.5700
93.00:hum1:18.3750#4.6735#0.4025#0.0000#0.0000#-1.5700
94.00:hum1:18.3750#4.6735#0.4025#0.0000#0.0000#-1.5700
95.00:hum1:18.3750#4.6735#0.4025#0.0000#0.0000#-1.5700
96.00:hum1:18.3750#4.6735#0.4025#0.0000#0.0000#-1.5700
97.00:hum1:18.3750#4.6735#0.4025#0.0000#0.0000#-1.5700
98.00:hum1:18.3750#4.6735#0.4025#0.0000#0.0000#-1.5700
99.00:hum1:18.3750#4.2547#0.8161#0.3012#0.0001#-1.5700
100.00:hum1:18.2715#3.4287#0.8262#-0.3280#0.0224#-1.6363
101.00:hum1:18.1889#2.4568#0.8116#0.1939#-0.0163#-1.6535
102.00:hum1:18.0784#1.2781#0.8267#0.3718#-0.0286#-1.6437
103.00:hum1:17.8305#0.2204#0.8067#0.1110#-0.1099#-2.3479
104.00:hum1:16.9546#-0.6993#0.8273#-0.2104#0.2709#-2.4677
105.00:hum1:16.0755#-1.7248#0.9141#-0.7419#0.5237#-2.0699
106.00:hum1:15.2205#-2.6676#0.9413#-0.8616#0.6027#-2.0232
107.00:hum1:15.0075#-3.8357#0.8262#-0.3265#0.0391#-1.6854
108.00:hum1:14.8892#-4.8084#0.8116#0.1932#-0.0234#-1.6896
109.00:hum1:14.7463#-5.9835#0.8267#0.3703#-0.0441#-1.6836
110.00:hum1:14.5872#-7.2906#0.8067#0.1549#-0.0188#-1.6904