
1.00:hum1:-0.2750#-0.5250#0.8025#-0.0000#0.0000#-0.0000
2.00:hum1:-0.2750#-0.5250#0.8025#-0.0000#0.0000#-0.0000
3.00:hum1:-0.2750#-0.5250#0.8025#-0.0000#0.0000#-0.0000
4.00:hum1:-0.2750#-0.5250#0.8025#-0.0000#0.0000#-0.0000
5.00:hum1:-0.2750#-0.5250#0.8025#-0.0000#0.0000#-0.0000
6.00:hum1:-0.2750#-0.5250#0.8025#-0.0000#0.0000#-0.0000
7.00:hum1:0.3989#-0.6693#0.9598#-0.3676#-1.0492#-0.4176
8.00:hum1:1.4056#-0.7748#0.9377#-0.1801#-0.9779#-0.2158
9.00:hum1:2.3167#-0.8845#0.8025#0.0000#0.0000#-0.1198
10.00:hum1:3.6665#-1.0315#0.9413#-0.1503#-0.9973#-0.1780
11.00:hum1:4.6794#-1.1622#0.9484#-0.1202#-1.0327#-0.1394
12.00:hum1:5.7598#-1.2641#0.8374#-0.0315#-0.4249#-0.0758
13.00:hum1:6.7428#-1.3428#0.8081#0.0076#0.1278#-0.0594
14.00:hum1:7.8791#-1.4203#0.8281#0.0174#0.3706#-0.0477
15.00:hum1:9.1807#-1.4616#0.8120#-0.0004#0.2700#0.0018
16.00:hum1:10.4847#-1.5116#0.8115#-0.0003#-0.1620#-0.0015
17.00:hum1:11.5055#-1.5237#0.8069#0.0025#-0.0821#0.0307
18.00:hum1:11.9652#-1.8233#0.8044#-0.0066#-0.0028#-1.1673
19.00:hum1:12.3948#-2.7623#0.8048#0.0507#0.0286#-1.0565
20.00:hum1:12.9614#-3.7441#0.8025#0.0000#0.0000#-1.0187
21.00:hum1:14.3442#-3.3467#0.8273#0.1481#-0.3087#0.4568
22.00:hum1:15.2391#-2.9322#0.8115#0.0685#-0.1469#0.4388
23.00:hum1:16.1592#-2.5060#0.8069#0.0346#-0.0746#0.4350
24.00:hum1:16.6113#-2.2966#0.8025#-0.0000#0.0000#0.4337
25.00:hum1:16.6113#-2.2966#0.8025#-0.0000#0.0000#0.4337
26.00:hum1:16.6839#-2.2630#0.8025#-0.0000#0.0000#0.4337
27.00:hum1:16.7943#-2.2119#0.8025#-0.0000#0.0000#0.4337
28.00:hum1:17.4287#-1.9181#0.9141#0.4687#-0.7733#0.6276
29.00:hum1:18.3320#-1.0144#0.8116#-0.1714#0.0927#1.0799
30.00:hum1:18.7948#2.1116#0.8025#-0.0000#0.0000#1.5492
31.00:hum1:18.8434#4.3595#0.9598#1.0871#-0.0194#1.5610
32.00:hum1:18.8447#4.4189#0.8496#0.5159#-0.0108#1.5521
33.00:hum1:18.3750#4.6735#0.4025#0.0000#0.0000#-1.5700
34.00:hum1:18.3750#4.6735#0.4025#0.0000#0.0000#-1.5700
35.00:hum1:18.3750#4.6735#0.4025#0.0000#0.0000#-1.5700
36.00:hum1:18.3750#4.6735#0.4025#0.0000#0.0000#-1.5700
37.00:hum1:18.3750#4.6735#0.4025#0.0000#0.0000#-1.5700
38.00:hum1:18.3750#4.6735#0.4025#0.0000#0.0000#-1.5700
39.00:hum1:18.3750#4.6735#0.4025#0.0000#0.0000#-1.5700
40.00:hum1:18.3750#4.6735#0.4025#0.0000#0.0000#-1.5700
41.00:hum1:18.3750#4.6735#0.4025#0.0000#0.0000#-1.5700
42.00:hum1:18.3750#4.6735#0.4025#0.0000#0.0000#-1.5700
43.00:hum1:18.3750#4.6735#0.4025#0.0000#0.0000#-1.5700
44.00:hum1:18.3750#4.6735#0.4025#0.0000#0.0000#-1.5700
45.00:hum1:18.3750#4.6735#0.4025#0.0000#0.0000#-1.5700
46.00:hum1:18.3750#4.6735#0.4025#0.0000#0.0000#-1.5700
47.00:hum1:18.3750#4.6735#0.4025#0.0000#0.0000#-1.5700
48.00:hum1:18.3750#4.6735#0.4025#0.0000#0.0000#-1.5700
49.00:hum1:18.3750#4.6735#0.4025#0.0000#0.0000#-1.5700
50.00:hum1:18.3750#4.6735#0.4025#0.0000#0.0000#-1.5700
51.00:hum1:18.3750#4.6735#0.4025#0.0000#0.0000#-1.5700
52.00:hum1:18.3750#4.6735#0.4025#0.0000#0.0000#-1.5700
53.00:hum1:18.3751#4.1440#0.8081#0.1280#0.0001#-1.5700
54.00:hum1:18.2305#3.1695#0.8116#0.1943#-0.0105#-1.6235
55.00:hum1:18.5943#0.7832#0.8102#0.1095#0.0136#1.6938
56.00:hum1:16.3357#-1.6098#0.8025#0.0000#-0.0000#-2.1355
57.00:hum1:14.6461#-4.2654#0.8120#0.2345#-0.1351#-2.0837
58.00:hum1:14.2685#-4.9125#0.8071#0.0069#-0.0040#-2.0984
59.00:hum1:14.0621#-5.2677#0.8067#0.1352#-0.0782#-2.0918
60.00:hum1:14.0164#-5.3463#0.8025#0.0000#-0.0000#-2.0971
61.00:hum1:14.0164#-5.3463#0.8025#0.0000#-0.0000#-2.0971
62.00:hum1:14.0164#-5.3463#0.8025#0.0000#-0.0000#-2.0971
63.00:hum1:14.0164#-5.3463#0.8025#0.0000#-0.0000#-2.0971
64.00:hum1:14.0164#-5.3463#0.8025#0.0000#-0.0000#-2.0971
65.00:hum1:14.0164#-5.3463#0.8025#0.0000#-0.0000#-2.0971
66.00:hum1:14.0164#-5.3463#0.8025#0.0000#-0.0000#-2.0971
67.00:hum1:14.0164#-5.3463#0.8025#0.0000#-0.0000#-2.0971
68.00:hum1:14.0164#-5.3463#0.8025#0.0000#-0.0000#-2.0971
69.00:hum1:14.0164#-5.3463#0.8025#0.0000#-0.0000#-2.0971
70.00:hum1:14.0164#-5.3463#0.8025#0.0000#-0.0000#-2.0971
71.00:hum1:14.0164#-5.3463#0.8025#0.0000#-0.0000#-2.0971
72.00:hum1:14.0164#-5.3463#0.8025#0.0000#-0.0000#-2.0971
73.00:hum1:14.0164#-5.3463#0.8025#0.0000#-0.0000#-2.0971
74.00:hum1:14.0164#-5.3463#0.8025#0.0000#-0.0000#-2.0971
75.00:hum1:14.0164#-5.3463#0.8025#0.0000#-0.0000#-2.0971
76.00:hum1:14.0164#-5.3463#0.8025#0.0000#-0.0000#-2.0971
77.00:hum1:14.0164#-5.3463#0.8025#0.0000#-0.0000#-2.0971
78.00:hum1:14.0164#-5.3463#0.8025#0.0000#-0.0000#-2.0971