
1.00:hum1:-0.2750#-0.5250#0.8025#-0.0000#0.0000#-0.0000
2.00:hum1:-0.2750#-0.5250#0.8025#-0.0000#0.0000#-0.0000
3.00:hum1:-0.2750#-0.5250#0.8025#-0.0000#0.0000#-0.0000
4.00:hum1:-0.2750#-0.5250#0.8025#-0.0000#0.0000#-0.0000
5.00:hum1:-0.2750#-0.5250#0.8025#-0.0000#0.0000#-0.0000
6.00:hum1:-0.2750#-0.5250#0.8025#-0.0000#0.0000#-0.0000
7.00:hum1:-0.2750#-0.5250#0.8025#-0.0000#0.0000#-0.0000
8.00:hum1:-0.2750#-0.5250#0.8025#-0.0000#0.0000#-0.0000
9.00:hum1:-0.2750#-0.5250#0.8025#-0.0000#0.0000#-0.0000
10.00:hum1:-0.2750#-0.5250#0.8025#-0.0000#0.0000#-0.0000
11.00:hum1:0.5304#-0.6722#0.8262#-0.0345#-0.3270#-0.1068
12.00:hum1:1.5091#-0.8264#0.9597#-0.1775#-1.0784#-0.2005
13.00:hum1:2.5081#-0.9362#0.9598#-0.1940#-1.0771#-0.2191
14.00:hum1:3.4951#-1.0659#0.9377#-0.1237#-0.9837#-0.1479
15.00:hum1:4.7249#-1.2070#0.9191#-0.0868#-0.8986#-0.1104
16.00:hum1:5.7443#-1.2909#0.8168#-0.0159#-0.2250#-0.0708
17.00:hum1:6.7424#-1.3673#0.8153#0.0142#0.2466#-0.0577
18.00:hum1:10.1507#-1.4835#0.8281#-0.0052#0.3710#0.0148
19.00:hum1:13.6567#-1.4069#0.8908#0.0510#-0.7606#0.0742
20.00:hum1:13.4811#-3.3940#0.8025#0.0000#-0.0000#-1.6468
21.00:hum1:14.6601#-4.6054#0.8244#-0.2347#0.2804#0.7129
22.00:hum1:16.6583#-2.9906#0.8025#-0.0000#0.0000#0.6797
23.00:hum1:16.8281#-2.8534#0.8025#-0.0000#0.0000#0.6797
24.00:hum1:17.1249#-2.6135#0.8025#-0.0000#0.0000#0.6797
25.00:hum1:18.4869#-1.0684#0.9598#1.0624#-0.3003#1.4078
26.00:hum1:18.7834#1.2491#0.8025#-0.0000#0.0000#1.4810
27.00:hum1:18.8421#4.2578#0.8721#0.6573#-0.0120#1.5556
28.00:hum1:18.3750#4.6735#0.4025#0.0000#0.0000#-1.5700
29.00:hum1:18.3750#4.6735#0.4025#0.0000#0.0000#-1.5700
30.00:hum1:18.3750#4.6735#0.4025#0.0000#0.0000#-1.5700
31.00:hum1:18.3750#4.6735#0.4025#0.0000#0.0000#-1.5700
32.00:hum1:18.3750#4.6735#0.4025#0.0000#0.0000#-1.5700
33.00:hum1:18.3750#4.6735#0.4025#0.0000#0.0000#-1.5700
34.00:hum1:18.3750#4.6735#0.4025#0.0000#0.0000#-1.5700
35.00:hum1:18.3750#4.6735#0.4025#0.0000#0.0000#-1.5700
36.00:hum1:18.3750#4.6735#0.4025#0.0000#0.0000#-1.5700
37.00:hum1:18.3750#4.6735#0.4025#0.0000#0.0000#-1.5700
38.00:hum1:18.3750#4.6735#0.4025#0.0000#0.0000#-1.5700
39.00:hum1:18.3751#4.1196#0.8281#0.3710#0.0002#-1.5701
40.00:hum1:18.1777#2.1684#0.8116#0.1944#-0.0101#-1.6218
41.00:hum1:16.9855#-0.8965#0.8025#0.0000#-0.0000#-2.1924
42.00:hum1:16.8454#-1.0889#0.8025#0.0000#-0.0000#-2.2002
43.00:hum1:15.3877#-3.1463#0.8244#0.3119#-0.1901#-2.1007
44.00:hum1:14.5015#-4.6932#0.8171#0.2167#-0.1640#-2.2086
45.00:hum1:13.9886#-5.3619#0.9141#-0.7636#0.4869#-2.0251
46.00:hum1:14.0892#-5.2305#0.8025#0.0000#-0.0000#-2.2239
47.00:hum1:14.0892#-5.2305#0.8025#0.0000#-0.0000#-2.2239
48.00:hum1:14.0892#-5.2305#0.8025#0.0000#-0.0000#-2.2239
49.00:hum1:14.0892#-5.2305#0.8025#0.0000#-0.0000#-2.2239
50.00:hum1:14.0892#-5.2305#0.8025#0.0000#-0.0000#-2.2239
51.00:hum1:14.0892#-5.2305#0.8025#0.0000#-0.0000#-2.2239
52.00:hum1:14.0892#-5.2305#0.8025#0.0000#-0.0000#-2.2239
53.00:hum1:14.0892#-5.2305#0.8025#0.0000#-0.0000#-2.2239
54.00:hum1:14.0892#-5.2305#0.8025#0.0000#-0.0000#-2.2239