
1.00:hum1:0.9000#-0.2500#0.8025#-0.0000#0.0000#-0.0000
2.00:hum1:0.9000#-0.2500#0.8025#-0.0000#0.0000#-0.0000
3.00:hum1:0.9000#-0.2500#0.8025#-0.0000#0.0000#-0.0000
4.00:hum1:0.9000#-0.2500#0.8025#-0.0000#0.0000#-0.0000
5.00:hum1:0.9000#-0.2500#0.8025#-0.0000#0.0000#-0.0000
6.00:hum1:0.9000#-0.2500#0.8025#-0.0000#0.0000#-0.0000
7.00:hum1:0.9000#-0.2500#0.8025#-0.0000#0.0000#-0.0000
8.00:hum1:0.9000#-0.2500#0.8025#-0.0000#0.0000#-0.0000
9.00:hum1:0.9000#-0.2500#0.8025#-0.0000#0.0000#-0.0000
10.00:hum1:0.9000#-0.2500#0.8025#-0.0000#0.0000#-0.0000
11.00:hum1:1.3454#-0.3589#0.8763#-0.1802#-0.6617#-0.2879
12.00:hum1:2.3603#-0.5353#0.8618#-0.0835#-0.5902#-0.1489
13.00:hum1:3.6006#-0.7409#0.9141#-0.1275#-0.8716#-0.1656
14.00:hum1:6.6991#-1.0391#0.8116#0.0147#0.1941#-0.0759
15.00:hum1:10.4709#-1.3095#0.8273#-0.0101#-0.3412#-0.0299
16.00:hum1:12.4202#-1.7347#0.8262#-0.2810#0.1729#-2.1079
17.00:hum1:13.9742#-1.9111#0.8721#0.4669#-0.4811#0.8284
18.00:hum1:13.7803#-4.0058#0.9484#-1.0360#0.0560#-1.6036
19.00:hum1:13.9712#-5.0568#0.8171#0.2682#0.0394#-1.4282
20.00:hum1:14.0418#-5.5311#0.8115#-0.1603#-0.0237#-1.4248
21.00:hum1:14.0393#-5.5148#0.8025#0.0000#0.0000#-1.4229
22.00:hum1:14.0393#-5.5148#0.8025#0.0000#0.0000#-1.4229
23.00:hum1:14.0393#-5.5148#0.8025#0.0000#0.0000#-1.4229
24.00:hum1:14.0393#-5.5148#0.8025#0.0000#0.0000#-1.4229
25.00:hum1:14.0393#-5.5148#0.8025#0.0000#0.0000#-1.4229
26.00:hum1:14.0393#-5.5148#0.8025#0.0000#0.0000#-1.4229
27.00:hum1:14.0393#-5.5148#0.8025#0.0000#0.0000#-1.4229
28.00:hum1:14.0393#-5.5148#0.8025#0.0000#0.0000#-1.4229
29.00:hum1:14.4793#-5.1148#0.9141#0.8716#0.1273#1.6775
30.00:hum1:14.5458#-3.9155#0.9413#1.0022#-0.0866#1.5160
31.00:hum1:14.6649#-2.8645#0.8262#0.3282#-0.0195#1.5139
32.00:hum1:14.1173#-1.9981#0.8116#0.0648#-0.1837#-2.8000
33.00:hum1:13.1144#-1.8869#0.8267#-0.0894#-0.3624#2.8944
34.00:hum1:11.8136#-1.6129#0.8067#-0.0276#-0.1536#2.9636
35.00:hum1:10.5271#-1.3747#0.8273#0.0592#0.3364#2.9642
36.00:hum1:9.2461#-1.1526#0.9141#0.1747#0.8655#2.9141
37.00:hum1:7.9772#-0.9395#0.9413#0.1759#0.9946#2.9331
38.00:hum1:6.9329#-0.8035#0.8262#0.0308#0.3274#3.0465
39.00:hum1:5.9508#-0.6950#0.8116#-0.0104#-0.1944#3.0883
40.00:hum1:4.7623#-0.6313#0.8267#-0.0095#-0.3727#3.1159
41.00:hum1:4.2412#-0.6188#0.8273#0.0085#0.3413#3.1167
42.00:hum1:4.3003#-0.6202#0.8025#-0.0000#-0.0000#3.1181
43.00:hum1:4.3003#-0.6202#0.8025#-0.0000#-0.0000#3.1181
44.00:hum1:4.3003#-0.6202#0.8025#-0.0000#-0.0000#3.1181
45.00:hum1:4.3003#-0.6202#0.8025#-0.0000#-0.0000#3.1181
46.00:hum1:4.3003#-0.6202#0.8025#-0.0000#-0.0000#3.1181
47.00:hum1:4.3003#-0.6202#0.8025#-0.0000#-0.0000#3.1181
48.00:hum1:4.3003#-0.6202#0.8025#-0.0000#-0.0000#3.1181
49.00:hum1:4.3003#-0.6202#0.8025#-0.0000#-0.0000#3.1181
50.00:hum1:4.3003#-0.6202#0.8025#-0.0000#-0.0000#3.1181
51.00:hum1:4.3003#-0.6202#0.8025#-0.0000#-0.0000#3.1181
52.00:hum1:4.3003#-0.6202#0.8025#-0.0000#-0.0000#3.1181
53.00:hum1:3.4059#-0.7271#0.8067#0.0255#-0.1539#-2.9767
54.00:hum1:2.7003#-0.7920#0.8215#0.0336#-0.3141#-3.0330
55.00:hum1:1.4597#-0.8823#0.8161#0.0239#-0.3003#-3.0607
56.00:hum1:0.6767#-0.9362#0.8153#0.0140#-0.2466#-3.0840
57.00:hum1:-0.5383#-0.9891#0.8244#0.0212#-0.3630#-3.0815
58.00:hum1:-1.3902#-1.0373#0.8025#0.0000#-0.0000#-3.0846