
1.00:0.2653#-1.1873#0.2401#-0.0001#-0.0023#-0.0001
2.00:0.2653#-1.1874#0.2401#-0.0001#-0.0023#-0.0001
3.00:0.2652#-1.1874#0.2401#-0.0001#-0.0021#-0.0001
4.00:0.2651#-1.1874#0.2401#-0.0001#-0.0022#-0.0001
5.00:0.2650#-1.1874#0.2401#-0.0001#-0.0022#-0.0001
6.00:0.2650#-1.1874#0.2401#-0.0001#-0.0020#-0.0002
7.00:0.2649#-1.1874#0.2401#-0.0001#-0.0021#-0.0002
8.00:0.2649#-1.1874#0.2401#-0.0001#-0.0021#-0.0002
9.00:0.2648#-1.1874#0.2401#-0.0001#-0.0021#-0.0002
10.00:0.2647#-1.1874#0.2401#-0.0001#-0.0022#-0.0003
11.00:0.2646#-1.1874#0.2401#-0.0001#-0.0022#-0.0003
12.00:0.2646#-1.1874#0.2401#-0.0001#-0.0021#-0.0003
13.00:0.3046#-1.1740#0.2401#0.0005#-0.0023#0.2160
14.00:0.6563#-1.0436#0.2401#0.0005#-0.0017#0.3302
15.00:1.3713#-0.5035#0.2400#0.0014#0.0000#1.4967
16.00:1.0243#-0.3698#0.2400#-0.0006#0.0015#-2.7080
17.00:0.9510#-0.4045#0.2401#-0.0006#0.0020#-2.7845
18.00:0.9081#-0.4247#0.2401#-0.0009#0.0019#-2.6848
19.00:0.8708#-0.4655#0.2401#-0.0015#0.0016#-2.3816
20.00:0.8459#-0.5169#0.2401#-0.0018#0.0011#-2.0867
21.00:0.8370#-0.5736#0.2401#-0.0021#0.0005#-1.7913
22.00:0.8444#-0.6299#0.2401#-0.0022#-0.0001#-1.4983
23.00:0.8673#-0.6790#0.2401#-0.0020#-0.0007#-1.2058
24.00:0.9037#-0.7194#0.2401#-0.0017#-0.0013#-0.9076
25.00:0.9502#-0.7472#0.2401#-0.0013#-0.0018#-0.6102
26.00:1.0033#-0.7609#0.2401#-0.0007#-0.0020#-0.3244
27.00:1.0580#-0.7598#0.2401#-0.0002#-0.0026#-0.0490
28.00:1.8181#-0.7789#0.2400#-0.0001#-0.0015#-0.0452
29.00:2.9845#-0.8316#0.2400#-0.0001#-0.0012#-0.0455
30.00:3.3775#-0.8502#0.2400#-0.0001#-0.0015#-0.0316
31.00:3.3775#-0.8502#0.2400#-0.0001#-0.0015#-0.0316
32.00:3.3774#-0.8502#0.2400#-0.0001#-0.0015#-0.0316
33.00:3.3774#-0.8502#0.2400#-0.0001#-0.0014#-0.0316
34.00:3.3773#-0.8502#0.2400#-0.0001#-0.0014#-0.0315
35.00:3.3772#-0.8502#0.2400#-0.0001#-0.0015#-0.0316
36.00:3.3772#-0.8502#0.2400#-0.0001#-0.0015#-0.0316
37.00:3.3772#-0.8502#0.2400#-0.0001#-0.0013#-0.0316
38.00:3.3771#-0.8502#0.2400#-0.0001#-0.0015#-0.0315
39.00:3.3771#-0.8502#0.2400#-0.0001#-0.0015#-0.0315
40.00:3.3770#-0.8502#0.2400#-0.0001#-0.0014#-0.0315
41.00:3.4005#-0.8601#0.2401#-0.0005#-0.0020#-0.2051
42.00:3.4354#-0.8861#0.2401#-0.0012#-0.0019#-0.5050
43.00:3.4617#-0.9212#0.2401#-0.0017#-0.0015#-0.8018
44.00:3.4771#-0.9630#0.2401#-0.0020#-0.0009#-1.0912
45.00:3.4804#-1.0074#0.2401#-0.0022#-0.0003#-1.3829
46.00:3.4705#-1.0505#0.2401#-0.0022#0.0003#-1.6714
47.00:3.4488#-1.0877#0.2401#-0.0020#0.0009#-1.9631
48.00:3.4174#-1.1169#0.2401#-0.0016#0.0015#-2.2554
49.00:3.3786#-1.1363#0.2401#-0.0011#0.0019#-2.5494
50.00:3.3360#-1.1434#0.2401#-0.0005#0.0021#-2.8421
51.00:3.2420#-1.1414#0.2401#0.0000#0.0022#-3.1142
52.00:2.2529#-1.1719#0.2400#0.0000#0.0013#-3.1067
53.00:1.0881#-1.2129#0.2400#-0.0000#0.0015#-3.1059
54.00:-0.0807#-1.2547#0.2400#0.0001#0.0015#-3.1058
55.00:-1.2458#-1.2970#0.2400#0.0000#0.0015#-3.1051
56.00:-2.2199#-1.3366#0.2400#-0.0000#0.0010#-3.0726
57.00:-2.2777#-1.3432#0.2400#-0.0001#0.0017#-3.0252
58.00:-2.2776#-1.3432#0.2400#-0.0001#0.0017#-3.0252