
2.00:hum1:-0.2750#-0.5250#0.8025#-0.0000#0.0000#-0.0000
3.00:hum1:-0.2750#-0.5250#0.8025#-0.0000#0.0000#-0.0000
4.00:hum1:-0.2750#-0.5250#0.8025#-0.0000#0.0000#-0.0000
5.00:hum1:-0.2750#-0.5250#0.8025#-0.0000#0.0000#-0.0000
6.00:hum1:-0.2750#-0.5250#0.8025#-0.0000#0.0000#-0.0000
7.00:hum1:-0.2750#-0.5250#0.8025#-0.0000#0.0000#-0.0000
8.00:hum1:-0.2750#-0.5250#0.8025#-0.0000#0.0000#-0.0000
9.00:hum1:-0.2750#-0.5250#0.8025#-0.0000#0.0000#-0.0000
10.00:hum1:-0.2750#-0.5250#0.8025#-0.0000#0.0000#-0.0000
11.00:hum1:0.4572#-0.7977#0.9191#-0.3976#-0.8327#-0.5159
12.00:hum1:1.4917#-1.0335#0.8168#-0.0430#-0.2215#-0.1933
13.00:hum1:2.4823#-1.2125#0.8153#0.0389#0.2440#-0.1594
14.00:hum1:3.6882#-1.4073#0.8244#0.0506#0.3602#-0.1424
15.00:hum1:4.7631#-1.5538#0.8204#0.0421#0.3298#-0.1291
16.00:hum1:4.8874#-1.5690#0.8120#0.0338#0.2679#-0.1267
17.00:hum1:5.2321#-1.5914#0.8273#-0.0088#-0.3413#-0.0260
18.00:hum1:6.3518#-1.5587#0.8466#0.0262#-0.4939#0.0555
19.00:hum1:7.5531#-1.4534#0.8908#0.0904#-0.7577#0.1314
20.00:hum1:8.5562#-1.3814#0.8763#0.1086#-0.6749#0.1730
21.00:hum1:9.6524#-1.2326#0.8908#0.1273#-0.7534#0.1854
22.00:hum1:9.6524#-1.2326#0.8908#0.1273#-0.7534#0.1854
23.00:hum1:10.5956#-1.3780#0.8763#-0.0461#-0.6809#-0.0728
24.00:hum1:11.9006#-1.5284#0.9597#-0.1453#-1.0812#-0.1640
25.00:hum1:12.3932#-1.5662#0.8044#-0.0006#-0.0072#-0.0767
26.00:hum1:12.3932#-1.5662#0.8044#-0.0006#-0.0072#-0.0767
27.00:hum1:12.3932#-1.5662#0.8044#-0.0006#-0.0072#-0.0767
28.00:hum1:12.3932#-1.5662#0.8044#-0.0006#-0.0072#-0.0767
29.00:hum1:12.3932#-1.5662#0.8044#-0.0006#-0.0072#-0.0767
30.00:hum1:12.3932#-1.5662#0.8044#-0.0006#-0.0072#-0.0767
31.00:hum1:12.3932#-1.5662#0.8044#-0.0006#-0.0072#-0.0767
32.00:hum1:13.2998#-1.5385#0.8120#-0.0097#0.2698#0.0368
33.00:hum1:14.6066#-1.4921#0.8115#0.0058#-0.1619#0.0360
34.00:hum1:15.9171#-1.4456#0.8908#0.0336#-0.7614#0.0490
35.00:hum1:17.2116#-1.3996#0.9484#0.0595#-1.0359#0.0695
36.00:hum1:18.2569#-0.8168#0.8374#0.3382#-0.2642#0.9324
37.00:hum1:18.4823#0.2665#0.8081#-0.1252#0.0269#1.3603
38.00:hum1:18.6831#1.4238#0.8281#-0.3706#0.0188#1.5228
39.00:hum1:18.7495#2.7131#0.8120#-0.2697#0.0138#1.5212
40.00:hum1:18.8004#3.7025#0.8161#-0.3008#0.0154#1.5216
41.00:hum1:18.3750#4.6735#0.4025#0.0000#0.0000#-1.5700
42.00:hum1:18.3750#4.6735#0.4025#0.0000#0.0000#-1.5700
43.00:hum1:18.3750#4.6735#0.4025#0.0000#0.0000#-1.5700
44.00:hum1:18.3750#4.6735#0.4025#0.0000#0.0000#-1.5700
45.00:hum1:18.3750#4.6735#0.4025#0.0000#0.0000#-1.5700
46.00:hum1:18.3750#4.6735#0.4025#0.0000#0.0000#-1.5700
47.00:hum1:18.3750#4.6735#0.4025#0.0000#0.0000#-1.5700
48.00:hum1:18.3750#4.6735#0.4025#0.0000#0.0000#-1.5700
49.00:hum1:18.3750#4.6735#0.4025#0.0000#0.0000#-1.5700
50.00:hum1:18.3750#4.6735#0.4025#0.0000#0.0000#-1.5700
51.00:hum1:18.3750#4.6735#0.4025#0.0000#0.0000#-1.5700
52.00:hum1:18.3750#4.6735#0.4025#0.0000#0.0000#-1.5700
53.00:hum1:18.3750#4.6735#0.4025#0.0000#0.0000#-1.5700
54.00:hum1:18.3750#4.6735#0.4025#0.0000#0.0000#-1.5700
55.00:hum1:18.3750#4.6735#0.4025#0.0000#0.0000#-1.5700
56.00:hum1:18.2480#3.0210#0.8069#-0.0818#0.0077#-1.6639
57.00:hum1:18.1372#1.7307#0.8763#-0.6805#0.0528#-1.6356
58.00:hum1:18.1035#1.3256#0.8025#0.0000#-0.0000#-1.6537
59.00:hum1:18.1035#1.3256#0.8025#0.0000#-0.0000#-1.6537
60.00:hum1:18.1035#1.3256#0.8025#0.0000#-0.0000#-1.6537
61.00:hum1:18.1035#1.3256#0.8025#0.0000#-0.0000#-1.6537
62.00:hum1:18.1035#1.3256#0.8025#0.0000#-0.0000#-1.6537
63.00:hum1:18.1035#1.3256#0.8025#0.0000#-0.0000#-1.6537
64.00:hum1:18.0387#0.9498#0.8069#-0.0810#0.0137#-1.7382
65.00:hum1:17.4219#-0.0142#0.8763#-0.5693#0.3988#-2.1159
66.00:hum1:16.6742#-1.1304#0.9597#-1.0136#0.4950#-1.8582
67.00:hum1:16.0648#-2.0620#0.8496#-0.4433#0.2732#-2.0872
68.00:hum1:15.5741#-2.9128#0.8071#0.0068#-0.0043#-2.1296
69.00:hum1:15.0599#-3.8354#0.8215#0.2631#-0.1768#-2.1489
70.00:hum1:14.8390#-4.1573#0.8025#0.0000#-0.0000#-2.1721