
1.00:hum1:-5.5750#-1.5000#0.8025#-0.0000#0.0000#-0.0000
2.00:hum1:-5.5750#-1.5000#0.8025#-0.0000#0.0000#-0.0000
3.00:hum1:-5.5750#-1.5000#0.8025#-0.0000#0.0000#-0.0000
4.00:hum1:-5.5750#-1.5000#0.8025#-0.0000#0.0000#-0.0000
5.00:hum1:-5.5750#-1.5000#0.8025#-0.0000#0.0000#-0.0000
6.00:hum1:-5.5750#-1.5000#0.8025#-0.0000#0.0000#-0.0000
7.00:hum1:-5.5750#-1.5000#0.8025#-0.0000#0.0000#-0.0000
8.00:hum1:-5.5750#-1.5000#0.8025#-0.0000#0.0000#-0.0000
9.00:hum1:-5.5750#-1.5000#0.8025#-0.0000#0.0000#-0.0000
10.00:hum1:-5.5750#-1.5000#0.8025#-0.0000#0.0000#-0.0000
11.00:hum1:-5.5750#-1.5000#0.8025#-0.0000#0.0000#-0.0000
12.00:hum1:-5.5750#-1.5000#0.8025#-0.0000#0.0000#-0.0000
13.00:hum1:-5.5750#-1.5000#0.8025#-0.0000#0.0000#-0.0000
14.00:hum1:-4.7909#-1.4973#0.8153#-0.0008#0.2470#0.0035
15.00:hum1:-3.6750#-1.4936#0.9413#0.0049#-1.0046#0.0062
16.00:hum1:-3.6665#-1.4935#0.8721#0.0024#-0.6574#0.0043
17.00:hum1:-3.4785#-1.4928#0.8161#-0.0010#0.3012#0.0035
18.00:hum1:-2.1476#-1.4883#0.8069#0.0003#-0.0822#0.0034
19.00:hum1:-0.8533#-1.4839#0.8763#0.0025#-0.6822#0.0043
20.00:hum1:-0.5550#-1.4829#0.9484#0.0053#-1.0370#0.0065
21.00:hum1:0.3633#-1.4798#0.9377#0.0047#-0.9888#0.0060
22.00:hum1:1.3545#-1.4764#0.9141#0.0038#-0.8784#0.0052
23.00:hum1:2.0588#-1.4739#0.8069#0.0003#-0.0822#0.0034
24.00:hum1:2.1617#-1.4736#0.8273#0.0011#-0.3414#0.0036
25.00:hum1:2.7359#-1.4716#0.8244#-0.0012#0.3636#0.0036
26.00:hum1:4.0702#-1.4670#0.8048#-0.0002#0.0582#0.0034
27.00:hum1:5.1675#-1.4633#0.8044#0.0000#-0.0072#0.0034
28.00:hum1:5.2511#-1.4630#0.8115#0.0005#-0.1620#0.0035
29.00:hum1:5.7864#-1.4612#0.8262#0.0011#-0.3288#0.0036
30.00:hum1:6.8404#-1.4576#0.8374#0.0014#-0.4260#0.0037
31.00:hum1:7.8249#-1.4542#0.8081#-0.0004#0.1280#0.0034
32.00:hum1:8.9621#-1.4503#0.8281#-0.0012#0.3710#0.0036
33.00:hum1:10.2530#-1.4459#0.8120#-0.0009#0.2700#0.0035
34.00:hum1:11.0652#-1.4431#0.8281#-0.0012#0.3710#0.0036
35.00:hum1:11.1487#-1.4428#0.8244#-0.0012#0.3636#0.0036
36.00:hum1:12.0709#-1.4397#0.8102#0.0003#-0.1104#0.0034
37.00:hum1:12.4829#-1.4383#0.8048#-0.0002#0.0582#0.0034
38.00:hum1:12.9851#-1.4317#0.9377#0.0216#-0.9886#0.0263
39.00:hum1:13.1617#-1.4291#0.8721#0.0110#-0.6573#0.0183
40.00:hum1:13.1527#-1.4292#0.8374#0.0065#-0.4259#0.0160
41.00:hum1:13.1419#-1.4294#0.8168#0.0033#-0.2256#0.0149
42.00:hum1:13.1055#-1.4299#0.8071#-0.0001#0.0080#0.0145
43.00:hum1:13.0786#-1.4303#0.8116#-0.0028#0.1946#0.0148
44.00:hum1:14.1767#-1.4143#0.8102#0.0016#-0.1104#0.0146
45.00:hum1:15.2340#-1.3989#0.8171#-0.0039#0.2710#0.0151
46.00:hum1:16.2433#-1.3842#0.8153#-0.0036#0.2470#0.0150
47.00:hum1:17.4605#-1.3665#0.8244#-0.0054#0.3636#0.0155
48.00:hum1:18.4026#-0.2064#0.8048#-0.0570#0.0117#1.3688
49.00:hum1:18.6633#1.0643#0.8466#0.4860#-0.0957#1.3923
50.00:hum1:18.9257#2.3432#0.9377#0.9793#-0.1689#1.4587
51.00:hum1:19.1740#3.5543#0.9191#0.8915#-0.1585#1.4444
52.00:hum1:19.1972#3.6674#0.8204#-0.3261#0.0657#1.3793
53.00:hum1:18.7653#4.0020#0.8120#0.2527#-0.0962#-1.9267
54.00:hum1:18.3926#2.7466#0.8044#-0.0072#-0.0005#-1.5009
55.00:hum1:18.3631#1.5125#0.8618#-0.5916#0.0713#-1.6761
56.00:hum1:18.3750#4.6735#0.4025#0.0000#0.0000#-1.5700
57.00:hum1:18.3750#4.6735#0.4025#0.0000#0.0000#-1.5700
58.00:hum1:18.3750#4.6735#0.4025#0.0000#0.0000#-1.5700
59.00:hum1:18.3750#4.6735#0.4025#0.0000#0.0000#-1.5700
60.00:hum1:18.3750#4.6735#0.4025#0.0000#0.0000#-1.5700
61.00:hum1:18.3750#4.6735#0.4025#0.0000#0.0000#-1.5700
62.00:hum1:18.3750#4.6735#0.4025#0.0000#0.0000#-1.5700
63.00:hum1:18.3750#4.6735#0.4025#0.0000#0.0000#-1.5700
64.00:hum1:18.3750#4.6735#0.4025#0.0000#0.0000#-1.5700
65.00:hum1:18.3750#4.6735#0.4025#0.0000#0.0000#-1.5700
66.00:hum1:18.3750#4.6735#0.4025#0.0000#0.0000#-1.5700
67.00:hum1:18.3750#4.6735#0.4025#0.0000#0.0000#-1.5700
68.00:hum1:18.3750#4.6735#0.4025#0.0000#0.0000#-1.5700
69.00:hum1:18.3750#4.6735#0.4025#0.0000#0.0000#-1.5700
70.00:hum1:18.3755#4.2399#0.8171#0.2710#-0.0018#-1.5769
71.00:hum1:18.2630#3.2584#0.8081#0.1277#-0.0089#-1.6401
72.00:hum1:18.1711#2.1312#0.8281#0.3698#-0.0313#-1.6511
73.00:hum1:18.0387#0.8481#0.8120#0.2694#-0.0188#-1.6385
74.00:hum1:17.6226#-0.0875#0.8115#-0.1078#0.1211#-2.4106
75.00:hum1:16.7609#-1.1384#0.8908#-0.6556#0.4210#-2.0589
76.00:hum1:16.0060#-2.1951#0.9484#-0.9426#0.5239#-1.9189
77.00:hum1:15.6966#-3.3496#0.8374#-0.4211#-0.0662#-1.4238
78.00:hum1:15.6391#-4.1907#0.8081#0.1222#-0.0382#-1.8715
79.00:hum1:15.2998#-5.2761#0.8281#0.3555#-0.1085#-1.8543
80.00:hum1:14.9145#-6.5083#0.8120#0.2582#-0.0798#-1.8635
81.00:hum1:14.6774#-7.2663#0.9413#-0.9832#0.2548#-1.7368