
1.00:hum1:-0.2750#-0.5250#0.8025#-0.0000#0.0000#-0.0000
2.00:hum1:-0.2750#-0.5250#0.8025#-0.0000#0.0000#-0.0000
3.00:hum1:-0.2750#-0.5250#0.8025#-0.0000#0.0000#-0.0000
4.00:hum1:-0.2750#-0.5250#0.8025#-0.0000#0.0000#-0.0000
5.00:hum1:-0.2750#-0.5250#0.8025#-0.0000#0.0000#-0.0000
6.00:hum1:-0.2750#-0.5250#0.8025#-0.0000#0.0000#-0.0000
7.00:hum1:0.5304#-0.6722#0.8262#-0.0345#-0.3270#-0.1068
8.00:hum1:2.6050#-0.9260#0.8081#0.0127#0.1274#-0.0991
9.00:hum1:5.2187#-1.2208#0.8168#-0.0031#-0.2256#-0.0135
10.00:hum1:8.4981#-1.3742#0.8048#0.0021#0.0582#-0.0354
11.00:hum1:11.9511#-1.4350#0.9191#0.0095#-0.9015#0.0124
12.00:hum1:13.8260#-2.0958#0.9597#-1.0640#0.2881#-1.7269
13.00:hum1:13.8963#-4.9937#0.8025#0.0000#0.0000#-1.2875
14.00:hum1:16.5536#-3.1822#0.8025#-0.0000#0.0000#0.7083
15.00:hum1:16.7578#-3.0074#0.8025#-0.0000#0.0000#0.7083
16.00:hum1:16.8489#-2.9293#0.8025#-0.0000#0.0000#0.7083
17.00:hum1:16.9400#-2.8512#0.8025#-0.0000#0.0000#0.7083
18.00:hum1:17.1077#-2.7076#0.8025#-0.0000#0.0000#0.7083
19.00:hum1:17.4195#-2.4406#0.8763#0.4860#-0.4994#0.8347
20.00:hum1:18.7389#0.7041#0.8025#-0.0000#0.0000#1.4846
21.00:hum1:18.8362#3.9024#0.8262#0.3287#-0.0059#1.5537
22.00:hum1:18.8379#3.9998#0.8204#-0.3324#0.0060#1.5537
23.00:hum1:18.3750#4.6735#0.4025#0.0000#0.0000#-1.5700
24.00:hum1:18.3750#4.6735#0.4025#0.0000#0.0000#-1.5700
25.00:hum1:18.3750#4.6735#0.4025#0.0000#0.0000#-1.5700
26.00:hum1:18.3750#4.6735#0.4025#0.0000#0.0000#-1.5700
27.00:hum1:18.3750#4.6735#0.4025#0.0000#0.0000#-1.5700
28.00:hum1:18.3750#4.6735#0.4025#0.0000#0.0000#-1.5700
29.00:hum1:18.3750#4.6735#0.4025#0.0000#0.0000#-1.5700
30.00:hum1:18.3750#4.6735#0.4025#0.0000#0.0000#-1.5700
31.00:hum1:18.3750#4.6735#0.4025#0.0000#0.0000#-1.5700
32.00:hum1:18.3750#4.6735#0.4025#0.0000#0.0000#-1.5700
33.00:hum1:18.3750#4.6735#0.4025#0.0000#0.0000#-1.5700
34.00:hum1:18.3750#4.6735#0.4025#0.0000#0.0000#-1.5700
35.00:hum1:18.3750#4.6735#0.4025#0.0000#0.0000#-1.5700
36.00:hum1:18.3750#4.6735#0.4025#0.0000#0.0000#-1.5700
37.00:hum1:18.3750#4.6735#0.4025#0.0000#0.0000#-1.5700
38.00:hum1:18.3750#4.6735#0.4025#0.0000#0.0000#-1.5700
39.00:hum1:18.3750#4.6735#0.4025#0.0000#0.0000#-1.5700
40.00:hum1:18.3750#4.6735#0.4025#0.0000#0.0000#-1.5700
41.00:hum1:18.3750#4.6735#0.4025#0.0000#0.0000#-1.5700
42.00:hum1:18.3750#4.6735#0.4025#0.0000#0.0000#-1.5700
43.00:hum1:18.3751#4.0573#0.8069#-0.0822#-0.0000#-1.5700
44.00:hum1:18.1581#1.7053#0.8273#-0.3409#0.0180#-1.6211
45.00:hum1:17.1617#-0.4111#0.8044#-0.0053#0.0048#-2.3009
46.00:hum1:16.6862#-1.9764#0.8120#-0.2340#0.1359#1.0542
47.00:hum1:15.0978#-3.5777#0.8025#0.0000#-0.0000#-2.1220
48.00:hum1:15.8357#-2.3719#0.9377#-0.9132#0.4526#-1.8962
49.00:hum1:15.0819#-4.7438#0.8763#-0.3316#0.6078#-2.5987
50.00:hum1:14.4855#-5.0238#0.8069#-0.0350#0.0744#-2.7010
51.00:hum1:13.9340#-5.2837#0.9413#-0.5907#0.8686#-2.4205
52.00:hum1:14.0975#-5.2067#0.8025#0.0000#-0.0000#-2.7010
53.00:hum1:14.0975#-5.2067#0.8025#0.0000#-0.0000#-2.7010
54.00:hum1:14.0975#-5.2067#0.8025#0.0000#-0.0000#-2.7010
55.00:hum1:14.0975#-5.2067#0.8025#0.0000#-0.0000#-2.7010
56.00:hum1:14.0975#-5.2067#0.8025#0.0000#-0.0000#-2.7010
57.00:hum1:14.0975#-5.2067#0.8025#0.0000#-0.0000#-2.7010
58.00:hum1:14.0975#-5.2067#0.8025#0.0000#-0.0000#-2.7010
59.00:hum1:14.0975#-5.2067#0.8025#0.0000#-0.0000#-2.7010
60.00:hum1:14.0975#-5.2067#0.8025#0.0000#-0.0000#-2.7010
61.00:hum1:14.0975#-5.2067#0.8025#0.0000#-0.0000#-2.7010
62.00:hum1:14.0975#-5.2067#0.8025#0.0000#-0.0000#-2.7010