
1.00:hum1:-0.2750#-0.5250#0.8025#-0.0000#0.0000#-0.0000
2.00:hum1:-0.2750#-0.5250#0.8025#-0.0000#0.0000#-0.0000
3.00:hum1:-0.2750#-0.5250#0.8025#-0.0000#0.0000#-0.0000
4.00:hum1:-0.2750#-0.5250#0.8025#-0.0000#0.0000#-0.0000
5.00:hum1:-0.2750#-0.5250#0.8025#-0.0000#0.0000#-0.0000
6.00:hum1:-0.2750#-0.5250#0.8025#-0.0000#0.0000#-0.0000
7.00:hum1:-0.2750#-0.5250#0.8025#-0.0000#0.0000#-0.0000
8.00:hum1:-0.2750#-0.5250#0.8025#-0.0000#0.0000#-0.0000
9.00:hum1:-0.2750#-0.5250#0.8025#-0.0000#0.0000#-0.0000
10.00:hum1:-0.2750#-0.5250#0.8025#-0.0000#0.0000#-0.0000
11.00:hum1:-0.2750#-0.5250#0.8025#-0.0000#0.0000#-0.0000
12.00:hum1:0.5366#-0.7802#0.8267#0.0847#0.3635#-0.2342
13.00:hum1:1.8310#-1.0632#0.8067#0.0283#0.1535#-0.1826
14.00:hum1:3.1242#-1.2970#0.8273#-0.0530#-0.3374#-0.1584
15.00:hum1:4.4075#-1.4999#0.9141#-0.1581#-0.8679#-0.2056
16.00:hum1:4.7649#-1.5474#0.8204#0.0456#0.3294#-0.1399
17.00:hum1:4.7649#-1.5474#0.8204#0.0456#0.3294#-0.1399
18.00:hum1:5.7284#-1.5700#0.9413#0.0835#-1.0024#0.0993
19.00:hum1:6.7805#-1.5129#0.8262#0.0256#-0.3278#0.0796
20.00:hum1:7.7613#-1.4490#0.8116#-0.0178#0.1938#0.0927
21.00:hum1:8.9442#-1.3398#0.8267#-0.0420#0.3706#0.1157
22.00:hum1:10.1318#-1.2386#0.8161#-0.0368#0.2990#0.1247
23.00:hum1:10.9170#-1.1446#0.8153#-0.0299#0.2452#0.1228
24.00:hum1:10.9170#-1.1446#0.8153#-0.0299#0.2452#0.1228
25.00:hum1:11.8957#-1.2839#0.9597#-0.2059#-1.0754#-0.2327
26.00:hum1:13.0018#-1.4174#0.8496#-0.0662#-0.5121#-0.1342
27.00:hum1:13.2943#-1.4517#0.8025#0.0000#0.0000#-0.1169
28.00:hum1:13.2943#-1.4517#0.8025#0.0000#0.0000#-0.1169
29.00:hum1:13.2943#-1.4517#0.8025#0.0000#0.0000#-0.1169
30.00:hum1:13.2943#-1.4517#0.8025#0.0000#0.0000#-0.1169
31.00:hum1:13.2943#-1.4517#0.8025#0.0000#0.0000#-0.1169
32.00:hum1:13.2943#-1.4517#0.8025#0.0000#0.0000#-0.1169
33.00:hum1:13.2943#-1.4517#0.8025#0.0000#0.0000#-0.1169
34.00:hum1:13.2943#-1.4517#0.8025#0.0000#0.0000#-0.1169
35.00:hum1:14.0628#-1.4389#0.8171#-0.0054#0.2710#0.0203
36.00:hum1:15.2685#-1.4153#0.8204#-0.0067#0.3324#0.0207
37.00:hum1:16.6175#-1.3889#0.8044#0.0001#-0.0072#0.0196
38.00:hum1:18.0152#-1.0980#0.8618#0.4807#-0.3660#0.9697
39.00:hum1:18.4750#0.2388#0.9598#1.0777#-0.1885#1.4708
40.00:hum1:18.6844#1.4261#0.8721#0.6567#-0.0314#1.5304
41.00:hum1:18.7362#2.4398#0.8102#0.1102#-0.0057#1.5200
42.00:hum1:18.7902#3.4959#0.8171#-0.2707#0.0138#1.5215
43.00:hum1:18.8089#3.8609#0.8025#-0.0000#0.0000#1.5197
44.00:hum1:18.8089#3.8609#0.8025#-0.0000#0.0000#1.5197
45.00:hum1:18.8089#3.8609#0.8025#-0.0000#0.0000#1.5197
46.00:hum1:18.8089#3.8609#0.8025#-0.0000#0.0000#1.5197
47.00:hum1:18.8089#3.8609#0.8025#-0.0000#0.0000#1.5197
48.00:hum1:18.8089#3.8609#0.8025#-0.0000#0.0000#1.5197
49.00:hum1:18.8089#3.8609#0.8025#-0.0000#0.0000#1.5197
50.00:hum1:18.8089#3.8609#0.8025#-0.0000#0.0000#1.5197
51.00:hum1:18.8089#3.8609#0.8025#-0.0000#0.0000#1.5197
52.00:hum1:18.8089#3.8609#0.8025#-0.0000#0.0000#1.5197
53.00:hum1:18.8089#3.8609#0.8025#-0.0000#0.0000#1.5197
54.00:hum1:18.8089#3.8609#0.8025#-0.0000#0.0000#1.5197
55.00:hum1:18.8089#3.8609#0.8025#-0.0000#0.0000#1.5197
56.00:hum1:18.8089#3.8609#0.8025#-0.0000#0.0000#1.5197
57.00:hum1:18.8133#3.9473#0.8044#0.0072#-0.0004#1.5197
58.00:hum1:18.3750#4.6735#0.4025#0.0000#0.0000#-1.5700
59.00:hum1:18.3750#4.6735#0.4025#0.0000#0.0000#-1.5700
60.00:hum1:18.3750#4.6735#0.4025#0.0000#0.0000#-1.5700
61.00:hum1:18.3750#4.6735#0.4025#0.0000#0.0000#-1.5700
62.00:hum1:18.3750#4.6735#0.4025#0.0000#0.0000#-1.5700
63.00:hum1:18.3750#4.6735#0.4025#0.0000#0.0000#-1.5700
64.00:hum1:18.3750#4.6735#0.4025#0.0000#0.0000#-1.5700
65.00:hum1:18.3750#4.6735#0.4025#0.0000#0.0000#-1.5700
66.00:hum1:18.3750#4.6735#0.4025#0.0000#0.0000#-1.5700
67.00:hum1:18.3750#4.6735#0.4025#0.0000#0.0000#-1.5700
68.00:hum1:18.3750#4.6735#0.4025#0.0000#0.0000#-1.5700
69.00:hum1:18.3750#4.6735#0.4025#0.0000#0.0000#-1.5700
70.00:hum1:18.3750#4.6735#0.4025#0.0000#0.0000#-1.5700
71.00:hum1:18.3750#4.6735#0.4025#0.0000#0.0000#-1.5700
72.00:hum1:18.3750#4.6735#0.4025#0.0000#0.0000#-1.5700
73.00:hum1:18.3750#4.6735#0.4025#0.0000#0.0000#-1.5700
74.00:hum1:18.3750#4.6735#0.4025#0.0000#0.0000#-1.5700
75.00:hum1:18.3750#4.6735#0.4025#0.0000#0.0000#-1.5700
76.00:hum1:18.3750#4.6735#0.4025#0.0000#0.0000#-1.5700
77.00:hum1:18.3750#4.6735#0.4025#0.0000#0.0000#-1.5700
78.00:hum1:18.3174#3.7152#0.9598#-1.0853#0.0855#-1.6155
79.00:hum1:18.1960#2.5487#0.8721#-0.6561#0.0443#-1.6279
80.00:hum1:18.1282#1.5250#0.8102#-0.1103#0.0031#-1.5986
81.00:hum1:17.8140#0.6902#0.8171#0.2259#-0.1511#-2.1504
82.00:hum1:17.1555#-0.3235#0.8204#0.2860#-0.1719#-2.0973
83.00:hum1:16.4973#-1.2929#0.8044#-0.0062#0.0036#-2.1000
84.00:hum1:16.2092#-1.7918#0.8618#-0.5287#0.2879#-2.0229
85.00:hum1:15.7726#-3.1367#0.9598#-1.0846#-0.0983#-1.5186
86.00:hum1:15.6758#-3.9195#0.8721#-0.4220#0.5202#-2.4067
87.00:hum1:15.0985#-4.3331#0.8763#-0.4418#0.5382#-2.3960
88.00:hum1:15.2058#-4.2562#0.8025#0.0000#-0.0000#-2.5197