
1.00:hum1:-0.2750#-0.5250#0.8025#-0.0000#0.0000#-0.0000
2.00:hum1:-0.2750#-0.5250#0.8025#-0.0000#0.0000#-0.0000
3.00:hum1:-0.2750#-0.5250#0.8025#-0.0000#0.0000#-0.0000
4.00:hum1:-0.2750#-0.5250#0.8025#-0.0000#0.0000#-0.0000
5.00:hum1:-0.2750#-0.5250#0.8025#-0.0000#0.0000#-0.0000
6.00:hum1:-0.2750#-0.5250#0.8025#-0.0000#0.0000#-0.0000
7.00:hum1:-0.2750#-0.5250#0.8025#-0.0000#0.0000#-0.0000
8.00:hum1:-0.2750#-0.5250#0.8025#-0.0000#0.0000#-0.0000
9.00:hum1:-0.2750#-0.5250#0.8025#-0.0000#0.0000#-0.0000
10.00:hum1:-0.2750#-0.5250#0.8025#-0.0000#0.0000#-0.0000
11.00:hum1:-0.2750#-0.5250#0.8025#-0.0000#0.0000#-0.0000
12.00:hum1:0.1230#-0.6858#0.8763#-0.2710#-0.6341#-0.4382
13.00:hum1:1.4402#-1.0226#0.9597#-0.3345#-1.0557#-0.3797
14.00:hum1:2.5018#-1.2351#0.8496#-0.1732#-0.4885#-0.3565
15.00:hum1:3.5506#-1.3488#0.8071#0.0009#0.0080#-0.1143
16.00:hum1:4.6190#-1.4893#0.8102#-0.0093#-0.1100#-0.0844
17.00:hum1:5.6764#-1.5808#0.8171#0.0183#0.2704#-0.0681
18.00:hum1:6.7131#-1.6489#0.9484#-0.1109#-1.0333#-0.1286
19.00:hum1:6.9167#-1.6063#0.8204#-0.0290#0.3312#0.0894
20.00:hum1:8.0407#-1.5075#0.8161#-0.0420#0.2984#0.1423
21.00:hum1:8.9061#-1.3704#0.8267#0.0064#0.3728#-0.0171
22.00:hum1:9.7671#-1.2703#0.9377#0.2320#-0.9706#0.2791
23.00:hum1:9.7671#-1.2703#0.9377#0.2320#-0.9706#0.2791
24.00:hum1:10.7052#-1.4117#0.9141#-0.0505#-0.8773#-0.0653
25.00:hum1:11.9777#-1.5169#0.9413#-0.0768#-1.0027#-0.0906
26.00:hum1:12.4905#-1.5418#0.8115#-0.0080#-0.1618#-0.0493
27.00:hum1:12.4905#-1.5418#0.8115#-0.0080#-0.1618#-0.0493
28.00:hum1:12.4905#-1.5418#0.8115#-0.0080#-0.1618#-0.0493
29.00:hum1:12.4905#-1.5418#0.8115#-0.0080#-0.1618#-0.0493
30.00:hum1:12.4905#-1.5418#0.8115#-0.0080#-0.1618#-0.0493
31.00:hum1:12.4905#-1.5418#0.8115#-0.0080#-0.1618#-0.0493
32.00:hum1:13.0136#-1.5249#0.9484#0.0524#-1.0362#0.0612
33.00:hum1:14.0990#-1.4910#0.8374#0.0140#-0.4258#0.0343
34.00:hum1:15.0830#-1.4601#0.8081#-0.0040#0.1280#0.0315
35.00:hum1:16.2441#-1.4238#0.8025#-0.0000#0.0000#0.0313
36.00:hum1:16.2441#-1.4238#0.8025#-0.0000#0.0000#0.0313
37.00:hum1:17.1885#-1.3942#0.8153#-0.0078#0.2469#0.0322
38.00:hum1:18.3029#-0.5908#0.8244#-0.3563#0.0744#1.3740
39.00:hum1:18.5813#0.7141#0.8048#-0.0569#0.0122#1.3610
40.00:hum1:18.7169#2.0406#0.8466#0.4940#-0.0242#1.5262
41.00:hum1:18.7831#3.3444#0.9377#0.9882#-0.0426#1.5431
42.00:hum1:18.8015#3.7085#0.8161#-0.3009#0.0151#1.5224
43.00:hum1:18.8133#3.9415#0.8044#0.0072#-0.0004#1.5201
44.00:hum1:18.3750#4.6735#0.4025#0.0000#0.0000#-1.5700
45.00:hum1:18.3750#4.6735#0.4025#0.0000#0.0000#-1.5700
46.00:hum1:18.3750#4.6735#0.4025#0.0000#0.0000#-1.5700
47.00:hum1:18.3750#4.6735#0.4025#0.0000#0.0000#-1.5700
48.00:hum1:18.3750#4.6735#0.4025#0.0000#0.0000#-1.5700
49.00:hum1:18.3750#4.6735#0.4025#0.0000#0.0000#-1.5700
50.00:hum1:18.3750#4.6735#0.4025#0.0000#0.0000#-1.5700
51.00:hum1:18.3750#4.6735#0.4025#0.0000#0.0000#-1.5700
52.00:hum1:18.3750#4.6735#0.4025#0.0000#0.0000#-1.5700
53.00:hum1:18.3750#4.6735#0.4025#0.0000#0.0000#-1.5700
54.00:hum1:18.3750#4.6735#0.4025#0.0000#0.0000#-1.5700
55.00:hum1:18.3750#4.6735#0.4025#0.0000#0.0000#-1.5700
56.00:hum1:18.3750#4.6735#0.4025#0.0000#0.0000#-1.5700
57.00:hum1:18.3750#4.6735#0.4025#0.0000#0.0000#-1.5700
58.00:hum1:18.3750#4.6735#0.4025#0.0000#0.0000#-1.5700
59.00:hum1:18.3750#4.6735#0.4025#0.0000#0.0000#-1.5700
60.00:hum1:18.3750#4.6735#0.4025#0.0000#0.0000#-1.5700
61.00:hum1:18.3750#4.6735#0.4025#0.0000#0.0000#-1.5700
62.00:hum1:18.3750#4.6735#0.4025#0.0000#0.0000#-1.5700
63.00:hum1:18.3750#4.6735#0.4025#0.0000#0.0000#-1.5700
64.00:hum1:18.3075#3.6112#0.8215#0.3145#-0.0299#-1.6621
65.00:hum1:18.1838#2.3612#0.8161#0.3004#-0.0220#-1.6414
66.00:hum1:18.0678#1.0401#0.8069#-0.0819#0.0067#-1.6522
67.00:hum1:17.9292#0.2766#0.8025#0.0000#-0.0000#-2.3734
68.00:hum1:17.9292#0.2766#0.8025#0.0000#-0.0000#-2.3734
69.00:hum1:17.9292#0.2766#0.8025#0.0000#-0.0000#-2.3734
70.00:hum1:17.9292#0.2766#0.8025#0.0000#-0.0000#-2.3734
71.00:hum1:17.9292#0.2766#0.8025#0.0000#-0.0000#-2.3734
72.00:hum1:17.9292#0.2766#0.8025#0.0000#-0.0000#-2.3734
73.00:hum1:17.9292#0.2766#0.8025#0.0000#-0.0000#-2.3734
74.00:hum1:17.9292#0.2766#0.8025#0.0000#-0.0000#-2.3734
75.00:hum1:17.9292#0.2766#0.8025#0.0000#-0.0000#-2.3734
76.00:hum1:17.9292#0.2766#0.8025#0.0000#-0.0000#-2.3734
77.00:hum1:17.9292#0.2766#0.8025#0.0000#-0.0000#-2.3734
78.00:hum1:17.9292#0.2766#0.8025#0.0000#-0.0000#-2.3734
79.00:hum1:17.9292#0.2766#0.8025#0.0000#-0.0000#-2.3734
80.00:hum1:17.9292#0.2766#0.8025#0.0000#-0.0000#-2.3734
81.00:hum1:17.9292#0.2766#0.8025#0.0000#-0.0000#-2.3734
82.00:hum1:17.9292#0.2766#0.8025#0.0000#-0.0000#-2.3734
83.00:hum1:17.9292#0.2766#0.8025#0.0000#-0.0000#-2.3734
84.00:hum1:17.9292#0.2766#0.8025#0.0000#-0.0000#-2.3734
85.00:hum1:17.9292#0.2766#0.8025#0.0000#-0.0000#-2.3734
86.00:hum1:17.9292#0.2766#0.8025#0.0000#-0.0000#-2.3734
87.00:hum1:17.8949#0.2365#0.8044#-0.0057#0.0044#-2.2266
88.00:hum1:17.1056#-0.7902#0.8618#-0.4929#0.3488#-2.1371
89.00:hum1:16.8057#-1.2021#0.8025#0.0000#-0.0000#-2.1984
90.00:hum1:16.7152#-1.3297#0.8025#0.0000#-0.0000#-2.1873
91.00:hum1:16.2896#-1.9351#0.9484#-0.9451#0.5181#-1.9141
92.00:hum1:15.9364#-3.0691#0.8374#-0.4254#-0.0226#-1.5206
93.00:hum1:16.1040#-3.8240#0.8081#0.0648#-0.1105#-2.6095
94.00:hum1:15.1379#-4.3886#0.8374#-0.2252#0.3647#-2.5703
95.00:hum1:15.1379#-4.3886#0.8374#-0.2252#0.3647#-2.5703