
1.00:hum1:3.8000#2.2500#0.8025#-0.0000#-0.0000#-1.5708
2.00:hum1:3.8000#2.2500#0.8025#-0.0000#-0.0000#-1.5708
3.00:hum1:3.8000#2.2500#0.8025#-0.0000#-0.0000#-1.5708
4.00:hum1:3.8000#2.2500#0.8025#-0.0000#-0.0000#-1.5708
5.00:hum1:3.8000#2.2500#0.8025#-0.0000#-0.0000#-1.5708
6.00:hum1:3.8000#2.2500#0.8025#-0.0000#-0.0000#-1.5708
7.00:hum1:3.8000#2.2500#0.8025#-0.0000#-0.0000#-1.5708
8.00:hum1:3.8000#2.2500#0.8025#-0.0000#-0.0000#-1.5708
9.00:hum1:3.8659#2.0522#0.8244#0.1333#0.3393#-0.3826
10.00:hum1:5.1096#1.5832#0.8048#0.0213#0.0542#-0.3749
11.00:hum1:5.3140#1.4986#0.8025#0.0000#0.0000#-0.4476
12.00:hum1:5.4700#1.4256#0.8025#0.0000#0.0000#-0.4371
13.00:hum1:5.5410#1.3927#0.8025#0.0000#0.0000#-0.4344
14.00:hum1:5.6350#1.3492#0.8025#0.0000#0.0000#-0.4331
15.00:hum1:5.6717#1.3323#0.8025#0.0000#0.0000#-0.4314
16.00:hum1:6.0818#1.1439#0.8025#0.0000#0.0000#-0.4307
17.00:hum1:6.1594#1.1086#0.8025#0.0000#0.0000#-0.4225
18.00:hum1:6.1962#1.0921#0.8025#0.0000#0.0000#-0.4212
19.00:hum1:6.2417#1.0718#0.8025#0.0000#0.0000#-0.4205
20.00:hum1:6.3909#1.0052#0.8025#0.0000#0.0000#-0.4195
21.00:hum1:6.7204#0.8595#0.8267#0.1571#0.3395#-0.4435
22.00:hum1:7.9808#0.4018#0.8067#0.0484#0.1484#-0.3164
23.00:hum1:8.4614#0.5710#0.8273#-0.0396#0.3392#-3.0226
24.00:hum1:7.1673#0.4261#0.9141#-0.1680#0.8665#-2.9223
25.00:hum1:5.8911#0.2750#0.9413#-0.2574#0.9828#-2.8348
26.00:hum1:4.8549#0.1040#0.8262#-0.0599#0.3235#-2.9548
27.00:hum1:3.8840#-0.0652#0.8116#0.0395#-0.1906#-2.9355
28.00:hum1:2.7173#-0.3009#0.8267#0.0898#-0.3623#-2.8925
29.00:hum1:1.4542#-0.5591#0.8067#0.0201#-0.1547#-3.0115
30.00:hum1:0.8792#-0.6334#0.8025#0.0000#-0.0000#-3.0131
31.00:hum1:0.8792#-0.6334#0.8025#0.0000#-0.0000#-3.0131
32.00:hum1:0.8792#-0.6334#0.8025#0.0000#-0.0000#-3.0131
33.00:hum1:0.8792#-0.6334#0.8025#0.0000#-0.0000#-3.0131
34.00:hum1:0.8792#-0.6334#0.8025#0.0000#-0.0000#-3.0131
35.00:hum1:0.8792#-0.6334#0.8025#0.0000#-0.0000#-3.0131
36.00:hum1:0.8792#-0.6334#0.8025#0.0000#-0.0000#-3.0131
37.00:hum1:0.8792#-0.6334#0.8025#0.0000#-0.0000#-3.0131
38.00:hum1:1.1864#-1.1379#0.8204#0.0084#0.3323#-0.0255
39.00:hum1:2.5285#-1.2066#0.8044#-0.0003#-0.0072#-0.0392
40.00:hum1:3.8223#-1.2575#0.8618#-0.0268#-0.5949#-0.0474
41.00:hum1:5.1437#-1.3094#0.9598#-0.0751#-1.0857#-0.0845
42.00:hum1:6.3108#-1.3552#0.8721#-0.0305#-0.6568#-0.0496
43.00:hum1:6.5797#-1.3657#0.8025#0.0000#0.0000#-0.0392
44.00:hum1:6.5797#-1.3657#0.8025#0.0000#0.0000#-0.0392
45.00:hum1:6.5797#-1.3657#0.8025#0.0000#0.0000#-0.0392
46.00:hum1:7.3028#-1.4324#0.9484#-0.1537#-1.0299#-0.1784
47.00:hum1:8.4063#-1.4558#0.8374#-0.0090#-0.4259#-0.0214
48.00:hum1:9.3906#-1.4749#0.8081#0.0026#0.1280#-0.0197
49.00:hum1:10.5276#-1.4970#0.8281#0.0077#0.3709#-0.0210
50.00:hum1:11.8183#-1.5222#0.8120#0.0055#0.2700#-0.0202
51.00:hum1:12.4949#-1.5355#0.8025#0.0000#0.0000#-0.0195
52.00:hum1:12.4949#-1.5355#0.8025#0.0000#0.0000#-0.0195
53.00:hum1:12.4949#-1.5355#0.8025#0.0000#0.0000#-0.0195
54.00:hum1:12.4949#-1.5355#0.8025#0.0000#0.0000#-0.0195
55.00:hum1:12.4949#-1.5355#0.8025#0.0000#0.0000#-0.0195
56.00:hum1:12.4949#-1.5355#0.8025#0.0000#0.0000#-0.0195
57.00:hum1:12.4949#-1.5355#0.8025#0.0000#0.0000#-0.0195
58.00:hum1:12.4949#-1.5355#0.8025#0.0000#0.0000#-0.0195
59.00:hum1:12.8213#-1.5258#0.8161#-0.0093#0.3011#0.0318
60.00:hum1:14.1516#-1.4854#0.8069#0.0025#-0.0821#0.0305
61.00:hum1:15.4453#-1.4461#0.8763#0.0244#-0.6818#0.0391
62.00:hum1:16.7651#-1.4060#0.9597#0.0572#-1.0859#0.0650
63.00:hum1:18.0129#-1.1622#0.8496#0.4209#-0.3079#0.9761
64.00:hum1:18.4203#-0.1484#0.8071#-0.0079#0.0016#1.3711
65.00:hum1:18.6376#0.9257#0.8215#-0.3099#0.0617#1.3807
66.00:hum1:18.8859#2.1524#0.8161#-0.2956#0.0590#1.3799
67.00:hum1:19.1499#3.4569#0.8069#0.0806#-0.0163#1.3718
68.00:hum1:19.4067#4.7254#0.8763#0.6724#-0.1256#1.4151
69.00:hum1:18.3750#4.6735#0.4025#0.0000#0.0000#-1.5700
70.00:hum1:18.3750#4.6735#0.4025#0.0000#0.0000#-1.5700
71.00:hum1:18.3750#4.6735#0.4025#0.0000#0.0000#-1.5700
72.00:hum1:18.3750#4.6735#0.4025#0.0000#0.0000#-1.5700
73.00:hum1:18.3750#4.6735#0.4025#0.0000#0.0000#-1.5700
74.00:hum1:18.3750#4.6735#0.4025#0.0000#0.0000#-1.5700
75.00:hum1:18.3750#4.6735#0.4025#0.0000#0.0000#-1.5700
76.00:hum1:18.3750#4.6735#0.4025#0.0000#0.0000#-1.5700
77.00:hum1:18.3750#4.6735#0.4025#0.0000#0.0000#-1.5700
78.00:hum1:18.3750#4.6735#0.4025#0.0000#0.0000#-1.5700
79.00:hum1:18.3750#4.6735#0.4025#0.0000#0.0000#-1.5700
80.00:hum1:18.3750#4.6735#0.4025#0.0000#0.0000#-1.5700
81.00:hum1:18.2580#3.0965#0.8374#-0.4242#0.0396#-1.6579
82.00:hum1:18.1630#2.1130#0.8081#0.1276#-0.0101#-1.6488
83.00:hum1:18.0531#0.9818#0.8281#0.3700#-0.0279#-1.6423
84.00:hum1:17.8167#-0.0086#0.8120#0.1702#-0.2107#-2.4533
85.00:hum1:16.9161#-1.0477#0.8115#-0.1385#0.0842#-2.1133
86.00:hum1:16.7513#-1.3175#0.8025#0.0000#-0.0000#-2.1198
87.00:hum1:16.7129#-1.3810#0.8025#0.0000#-0.0000#-2.1140
88.00:hum1:16.6653#-1.4602#0.8025#0.0000#-0.0000#-2.1126
89.00:hum1:16.3381#-2.0060#0.8273#-0.2958#0.1730#-2.0847
90.00:hum1:16.1589#-3.3979#0.9141#-0.8779#0.0356#-1.6000
91.00:hum1:15.9679#-4.6113#0.9413#-0.9922#0.1951#-1.6964
92.00:hum1:15.7274#-5.6321#0.8262#-0.3206#0.0742#-1.7902
93.00:hum1:15.5027#-6.5859#0.8116#0.1895#-0.0444#-1.7980
94.00:hum1:15.2311#-7.7381#0.8267#0.3637#-0.0838#-1.7869
95.00:hum1:15.1766#-7.9690#0.8025#0.0000#-0.0000#-1.8023
96.00:hum1:15.1766#-7.9690#0.8025#0.0000#-0.0000#-1.8023
97.00:hum1:15.1766#-7.9690#0.8025#0.0000#-0.0000#-1.8023
98.00:hum1:15.1766#-7.9690#0.8025#0.0000#-0.0000#-1.8023
99.00:hum1:15.1766#-7.9690#0.8025#0.0000#-0.0000#-1.8023
100.00:hum1:15.1766#-7.9690#0.8025#0.0000#-0.0000#-1.8023
101.00:hum1:15.1766#-7.9690#0.8025#0.0000#-0.0000#-1.8023
102.00:hum1:15.1766#-7.9690#0.8025#0.0000#-0.0000#-1.8023
103.00:hum1:15.1766#-7.9690#0.8025#0.0000#-0.0000#-1.8023
104.00:hum1:15.1766#-7.9690#0.8025#0.0000#-0.0000#-1.8023
105.00:hum1:15.1766#-7.9690#0.8025#0.0000#-0.0000#-1.8023
106.00:hum1:15.1766#-7.9690#0.8025#0.0000#-0.0000#-1.8023
107.00:hum1:15.5511#-7.2407#0.8374#0.4215#0.0634#1.7115
108.00:hum1:15.7066#-6.3469#0.8081#-0.1264#0.0204#1.4123
109.00:hum1:15.8936#-5.2286#0.8281#-0.3659#0.0626#1.4093
110.00:hum1:16.1092#-3.9540#0.8120#-0.2665#0.0442#1.4105
111.00:hum1:16.3271#-2.6650#0.8115#0.1597#-0.0270#1.4053
112.00:hum1:16.5459#-1.3721#0.8908#0.7549#-0.1157#1.4491
113.00:hum1:16.7621#-0.0950#0.9484#1.0307#-0.1444#1.4851
114.00:hum1:15.6974#-0.6994#0.8374#-0.3080#0.2991#-2.3175
115.00:hum1:15.2790#-1.1111#0.8025#0.0000#-0.0000#-2.3643
116.00:hum1:15.2790#-1.1111#0.8025#0.0000#-0.0000#-2.3643
117.00:hum1:15.2790#-1.1111#0.8025#0.0000#-0.0000#-2.3643
118.00:hum1:14.9013#-0.9524#0.8204#-0.0518#-0.3285#2.9826
119.00:hum1:13.5979#-0.6796#0.8044#0.0016#0.0070#2.9227
120.00:hum1:12.3340#-0.3984#0.8618#0.1462#0.5793#2.8791
121.00:hum1:11.0431#-0.1113#0.9598#0.3925#1.0435#2.6952
122.00:hum1:9.9030#0.1423#0.8721#0.1663#0.6390#2.8677
123.00:hum1:8.9122#0.3626#0.8102#0.0241#0.1077#2.9214
124.00:hum1:7.8799#0.5921#0.8171#-0.0603#-0.2644#2.9147
125.00:hum1:7.3482#-0.2695#0.8204#0.3092#0.1240#-1.2013
126.00:hum1:7.8597#-1.5180#0.8044#-0.0066#-0.0027#-1.1819
127.00:hum1:8.3507#-2.7161#0.8618#-0.5599#-0.2141#-1.2436
128.00:hum1:8.6880#-2.5484#0.8025#-0.0000#-0.0000#2.7738
129.00:hum1:7.7048#-2.1346#0.9598#0.5669#0.9870#2.4902
130.00:hum1:6.5961#-1.7454#0.8721#0.2307#0.6213#2.7584
131.00:hum1:5.6249#-1.4202#0.8102#0.0293#0.1064#2.8728
132.00:hum1:4.6382#-1.1184#0.8171#-0.0991#-0.2527#2.7633
133.00:hum1:4.1909#-0.9471#0.8025#-0.0000#-0.0000#2.7759
134.00:hum1:4.1909#-0.9471#0.8025#-0.0000#-0.0000#2.7759
135.00:hum1:4.1909#-0.9471#0.8025#-0.0000#-0.0000#2.7759
136.00:hum1:3.4623#-0.8985#0.8267#-0.0195#-0.3723#3.0885
137.00:hum1:2.1083#-0.8965#0.8067#0.0178#-0.1550#-3.0262
138.00:hum1:0.8267#-0.9361#0.8273#-0.0054#0.3414#-3.1251
139.00:hum1:-0.4821#-1.0161#0.9141#-0.0939#0.8747#-3.0192
140.00:hum1:-1.5780#-1.1023#0.8025#0.0000#-0.0000#-3.0631