
2.00:-4.8099#-1.1623#0.2401#-0.0001#-0.0025#-0.0001
3.00:-4.8100#-1.1623#0.2401#-0.0001#-0.0024#-0.0001
4.00:-4.8100#-1.1623#0.2401#-0.0001#-0.0022#-0.0001
5.00:-4.8102#-1.1623#0.2401#-0.0001#-0.0025#-0.0002
6.00:-4.8103#-1.1623#0.2401#-0.0001#-0.0023#-0.0002
7.00:-4.8104#-1.1623#0.2401#-0.0001#-0.0025#-0.0002
8.00:-4.8105#-1.1623#0.2401#-0.0001#-0.0025#-0.0001
9.00:-4.8106#-1.1623#0.2401#-0.0001#-0.0023#-0.0002
10.00:-4.8106#-1.1624#0.2401#-0.0001#-0.0021#-0.0002
11.00:-4.7417#-1.1627#0.2401#-0.0001#-0.0031#-0.0025
12.00:-3.9484#-0.8647#0.2401#0.0010#-0.0011#0.8229
13.00:-3.8880#-0.7838#0.2401#0.0012#-0.0012#0.8157
14.00:-3.8781#-0.7954#0.2401#0.0010#-0.0020#0.5063
15.00:-3.8714#-0.8089#0.2401#0.0004#-0.0022#0.2010
16.00:-3.8700#-0.8241#0.2401#-0.0003#-0.0022#-0.1039
17.00:-3.3015#-0.9415#0.2401#-0.0004#-0.0015#-0.1882
18.00:-2.1565#-1.1597#0.2401#-0.0004#-0.0016#-0.1882
19.00:-1.0115#-1.3779#0.2401#-0.0004#-0.0017#-0.1882
20.00:-0.1306#-1.5448#0.2400#-0.0003#-0.0010#-0.1820
21.00:-0.1083#-1.5487#0.2401#-0.0003#-0.0014#-0.1780
22.00:-0.1084#-1.5487#0.2401#-0.0003#-0.0014#-0.1780
23.00:-0.1084#-1.5487#0.2401#-0.0003#-0.0013#-0.1781
24.00:-0.1086#-1.5486#0.2401#-0.0003#-0.0015#-0.1780
25.00:-0.1086#-1.5486#0.2401#-0.0003#-0.0015#-0.1780
26.00:-0.1087#-1.5486#0.2401#-0.0003#-0.0015#-0.1780
27.00:-0.1088#-1.5486#0.2401#-0.0003#-0.0014#-0.1781
28.00:-0.1088#-1.5486#0.2401#-0.0003#-0.0015#-0.1780
29.00:-0.1089#-1.5486#0.2401#-0.0003#-0.0014#-0.1781
30.00:-0.1089#-1.5485#0.2401#-0.0003#-0.0014#-0.1781
31.00:-0.1090#-1.5485#0.2401#-0.0003#-0.0014#-0.1781
32.00:-0.1091#-1.5485#0.2401#-0.0003#-0.0014#-0.1781
33.00:-0.1092#-1.5485#0.2401#-0.0003#-0.0014#-0.1782
34.00:-0.1093#-1.5485#0.2401#-0.0003#-0.0015#-0.1782
35.00:-0.1093#-1.5485#0.2401#-0.0003#-0.0016#-0.1782
36.00:-0.1094#-1.5485#0.2401#-0.0003#-0.0014#-0.1782
37.00:-0.1094#-1.5485#0.2401#-0.0003#-0.0014#-0.1782
38.00:-0.0421#-1.5604#0.2401#-0.0004#-0.0021#-0.1798
39.00:0.8142#-1.7328#0.2400#-0.0003#-0.0010#-0.2004
40.00:0.9793#-1.7506#0.2401#-0.0001#-0.0021#-0.0098
41.00:1.6441#-1.7092#0.2401#0.0000#-0.0016#0.0465
42.00:2.8085#-1.6551#0.2401#-0.0000#-0.0017#0.0463
43.00:3.9729#-1.6013#0.2400#0.0002#-0.0015#0.0461
44.00:5.1374#-1.5476#0.2401#0.0000#-0.0020#0.0465
45.00:6.3060#-1.4935#0.2400#0.0000#-0.0014#0.0461
46.00:7.4703#-1.4396#0.2401#-0.0000#-0.0016#0.0463
47.00:8.3181#-1.3997#0.2400#-0.0000#-0.0011#0.0562
48.00:8.3296#-1.3989#0.2401#0.0000#-0.0015#0.0599
49.00:8.3295#-1.3989#0.2401#0.0000#-0.0015#0.0599
50.00:8.3295#-1.3989#0.2401#0.0000#-0.0015#0.0599
51.00:8.3294#-1.3989#0.2401#0.0000#-0.0015#0.0599
52.00:8.3294#-1.3989#0.2401#0.0000#-0.0014#0.0599
53.00:8.3293#-1.3989#0.2401#0.0000#-0.0014#0.0599
54.00:8.3292#-1.3990#0.2401#0.0000#-0.0015#0.0598
55.00:8.3292#-1.3990#0.2401#0.0000#-0.0015#0.0599
56.00:8.3291#-1.3990#0.2401#0.0000#-0.0014#0.0598
57.00:8.3291#-1.3990#0.2401#0.0000#-0.0014#0.0598
58.00:8.3290#-1.3990#0.2401#0.0000#-0.0014#0.0598
59.00:8.3290#-1.3990#0.2401#0.0000#-0.0014#0.0598
60.00:8.3289#-1.3990#0.2401#0.0000#-0.0014#0.0598
61.00:8.3289#-1.3991#0.2401#0.0000#-0.0014#0.0598
62.00:8.3288#-1.3991#0.2401#0.0000#-0.0015#0.0597
63.00:8.3287#-1.3991#0.2401#0.0000#-0.0015#0.0597
64.00:8.3287#-1.3991#0.2401#0.0000#-0.0015#0.0597
65.00:8.3286#-1.3991#0.2401#0.0000#-0.0016#0.0597
66.00:8.3285#-1.3991#0.2401#0.0000#-0.0015#0.0597
67.00:8.3284#-1.3991#0.2401#0.0000#-0.0016#0.0597
68.00:8.3283#-1.3991#0.2401#0.0000#-0.0016#0.0596
69.00:8.3282#-1.3991#0.2401#0.0000#-0.0017#0.0596
70.00:8.3281#-1.3992#0.2401#0.0000#-0.0016#0.0596
71.00:8.3280#-1.3992#0.2401#0.0000#-0.0017#0.0595
72.00:8.3279#-1.3992#0.2401#0.0000#-0.0017#0.0595
73.00:8.3279#-1.3992#0.2401#0.0000#-0.0016#0.0596
74.00:8.6927#-1.3840#0.2401#-0.0001#-0.0020#0.0297
75.00:9.8523#-1.3578#0.2401#-0.0000#-0.0014#0.0225
76.00:11.0176#-1.3314#0.2401#-0.0001#-0.0015#0.0229
77.00:12.1830#-1.3047#0.2401#-0.0001#-0.0015#0.0228
78.00:13.3524#-1.2781#0.2401#-0.0000#-0.0014#0.0226
79.00:14.5181#-1.2511#0.2401#-0.0000#-0.0015#0.0233
80.00:15.6834#-1.2237#0.2401#-0.0001#-0.0015#0.0236
81.00:16.8488#-1.1961#0.2401#-0.0000#-0.0015#0.0241
82.00:18.0180#-1.1679#0.2401#-0.0000#-0.0014#0.0242
83.00:18.4737#-1.1586#0.2401#-0.0002#-0.0019#-0.0319
84.00:18.6369#-1.2144#0.2401#-0.0007#-0.0021#-0.2727
85.00:19.6342#-1.5072#0.2400#-0.0010#0.0007#-0.2797
86.00:19.8028#-1.5513#0.2401#-0.0004#-0.0014#-0.2338
87.00:19.8028#-1.5513#0.2401#-0.0004#-0.0013#-0.2339
88.00:19.8027#-1.5513#0.2401#-0.0004#-0.0014#-0.2339
89.00:19.8026#-1.5513#0.2401#-0.0004#-0.0014#-0.2339
90.00:19.8025#-1.5513#0.2401#-0.0004#-0.0014#-0.2339
91.00:19.8024#-1.5513#0.2401#-0.0004#-0.0014#-0.2340
92.00:19.8023#-1.5512#0.2401#-0.0004#-0.0014#-0.2340
93.00:19.8022#-1.5512#0.2401#-0.0004#-0.0016#-0.2342
94.00:19.8021#-1.5512#0.2401#-0.0004#-0.0015#-0.2341
95.00:19.8020#-1.5511#0.2401#-0.0004#-0.0015#-0.2341
96.00:19.8019#-1.5511#0.2401#-0.0004#-0.0016#-0.2341
97.00:19.8019#-1.5511#0.2401#-0.0004#-0.0014#-0.2340
98.00:19.8018#-1.5511#0.2401#-0.0004#-0.0015#-0.2340
99.00:19.8017#-1.5511#0.2401#-0.0004#-0.0016#-0.2340
100.00:19.8016#-1.5510#0.2401#-0.0004#-0.0015#-0.2340
101.00:19.8015#-1.5510#0.2401#-0.0004#-0.0015#-0.2340
102.00:19.8014#-1.5510#0.2401#-0.0005#-0.0016#-0.2341
103.00:19.8014#-1.5510#0.2401#-0.0004#-0.0014#-0.2341
104.00:19.8012#-1.5510#0.2401#-0.0004#-0.0016#-0.2341