
1.00:hum1:-5.5750#-1.5000#0.8025#-0.0000#0.0000#-0.0000
2.00:hum1:-5.5750#-1.5000#0.8025#-0.0000#0.0000#-0.0000
3.00:hum1:-5.5750#-1.5000#0.8025#-0.0000#0.0000#-0.0000
4.00:hum1:-5.5750#-1.5000#0.8025#-0.0000#0.0000#-0.0000
5.00:hum1:-5.5750#-1.5000#0.8025#-0.0000#0.0000#-0.0000
6.00:hum1:-5.5750#-1.5000#0.8025#-0.0000#0.0000#-0.0000
7.00:hum1:-5.5750#-1.5000#0.8025#-0.0000#0.0000#-0.0000
8.00:hum1:-5.5750#-1.5000#0.8025#-0.0000#0.0000#-0.0000
9.00:hum1:-5.5750#-1.5000#0.8025#-0.0000#0.0000#-0.0000
10.00:hum1:-5.5750#-1.5000#0.8025#-0.0000#0.0000#-0.0000
11.00:hum1:-5.5750#-1.5000#0.8025#-0.0000#0.0000#-0.0000
12.00:hum1:-5.5750#-1.5000#0.8025#-0.0000#0.0000#-0.0000
13.00:hum1:-5.5750#-1.5000#0.8025#-0.0000#0.0000#-0.0000
14.00:hum1:-4.7059#-1.3935#0.8262#0.0421#-0.3262#0.1312
15.00:hum1:-3.8263#-1.2837#0.9377#0.1856#-0.9772#0.2232
16.00:hum1:-3.7233#-1.2708#0.9597#0.2309#-1.0724#0.2619
17.00:hum1:-3.6511#-1.2618#0.8721#0.0951#-0.6515#0.1564
18.00:hum1:-3.7069#-1.2687#0.8071#-0.0010#0.0080#0.1242
19.00:hum1:-2.6438#-1.1360#0.8102#0.0137#-0.1095#0.1250
20.00:hum1:-1.5945#-1.0049#0.8171#-0.0343#0.2689#0.1288
21.00:hum1:-0.3979#-0.8556#0.8204#-0.0426#0.3298#0.1313
22.00:hum1:0.9409#-0.6884#0.8044#0.0009#-0.0071#0.1242
23.00:hum1:1.8133#-0.5795#0.8120#-0.0342#0.2679#0.1288
24.00:hum1:2.6193#-0.4789#0.8281#-0.0480#0.3680#0.1331
25.00:hum1:3.6415#-0.3513#0.8215#-0.0404#0.3133#0.1306
26.00:hum1:4.6665#-0.2233#0.8171#-0.0343#0.2689#0.1288
27.00:hum1:5.6681#-0.0982#0.8153#-0.0311#0.2451#0.1280
28.00:hum1:6.7014#0.0307#0.8116#-0.0244#0.1931#0.1266
29.00:hum1:7.8761#0.1774#0.8267#-0.0483#0.3698#0.1332
30.00:hum1:7.8968#-0.2383#0.8067#0.1511#-0.0390#-1.8211
31.00:hum1:7.5693#-1.5043#0.8273#-0.3313#0.0840#-1.8098
32.00:hum1:7.2447#-2.7590#0.9141#-0.8624#0.1942#-1.7343
33.00:hum1:7.1833#-2.9962#0.9191#-0.8857#0.1979#-1.7298
34.00:hum1:7.6699#-3.1073#0.8496#0.1297#-0.5008#0.2656
35.00:hum1:8.1181#-3.0599#0.8069#0.0107#-0.0815#0.1307
36.00:hum1:9.4113#-2.8053#0.8763#0.1840#-0.6608#0.2948
37.00:hum1:10.6964#-2.5024#0.9597#0.4110#-1.0384#0.4686
38.00:hum1:11.7829#-2.2464#0.8496#0.1292#-0.5010#0.2646
39.00:hum1:12.7597#-2.0161#0.8071#-0.0018#0.0078#0.2315
40.00:hum1:13.4189#-1.8608#0.8466#0.1229#-0.4803#0.2616
41.00:hum1:13.7682#-1.8133#0.9484#0.1592#-1.0294#0.1856
42.00:hum1:13.8194#-1.8084#0.9191#0.1194#-0.8959#0.1528
43.00:hum1:13.8031#-1.8100#0.8496#0.0538#-0.5134#0.1095
44.00:hum1:13.7999#-1.8103#0.8262#0.0324#-0.3272#0.1007
45.00:hum1:13.7749#-1.8126#0.8102#0.0105#-0.1099#0.0959
46.00:hum1:13.7993#-1.8102#0.8215#-0.0310#0.3143#0.1003
47.00:hum1:14.8275#-1.7119#0.8171#-0.0264#0.2698#0.0989
48.00:hum1:15.8324#-1.6158#0.8153#-0.0239#0.2459#0.0983
49.00:hum1:16.8690#-1.5167#0.8116#-0.0187#0.1937#0.0972
50.00:hum1:18.1117#-1.1017#0.8267#-0.3068#0.2152#0.9780
51.00:hum1:18.5047#0.2466#0.8067#-0.1530#0.0305#1.3760
52.00:hum1:18.7609#1.5289#0.8273#0.3352#-0.0657#1.3848
53.00:hum1:19.0147#2.7998#0.9141#0.8687#-0.1515#1.4441
54.00:hum1:19.2325#3.8903#0.9377#0.9797#-0.1646#1.4616
55.00:hum1:18.3750#4.6735#0.4025#0.0000#0.0000#-1.5700
56.00:hum1:18.3750#4.6735#0.4025#0.0000#0.0000#-1.5700
57.00:hum1:18.3750#4.6735#0.4025#0.0000#0.0000#-1.5700
58.00:hum1:18.3750#4.6735#0.4025#0.0000#0.0000#-1.5700
59.00:hum1:18.3750#4.6735#0.4025#0.0000#0.0000#-1.5700
60.00:hum1:18.3750#4.6735#0.4025#0.0000#0.0000#-1.5700
61.00:hum1:18.3750#4.6735#0.4025#0.0000#0.0000#-1.5700
62.00:hum1:18.3750#4.6735#0.4025#0.0000#0.0000#-1.5700
63.00:hum1:18.3750#4.6735#0.4025#0.0000#0.0000#-1.5700
64.00:hum1:18.3750#4.6735#0.4025#0.0000#0.0000#-1.5700
65.00:hum1:18.3750#4.6735#0.4025#0.0000#0.0000#-1.5700
66.00:hum1:18.3750#4.6735#0.4025#0.0000#0.0000#-1.5700
67.00:hum1:18.3750#4.6735#0.4025#0.0000#0.0000#-1.5700
68.00:hum1:18.3750#4.6735#0.4025#0.0000#0.0000#-1.5700
69.00:hum1:18.3752#3.8899#0.9597#-1.0868#-0.0004#-1.5702
70.00:hum1:18.2567#3.2192#0.8466#-0.4939#0.0278#-1.6220
71.00:hum1:18.1082#1.9249#0.9377#-0.9879#0.0517#-1.6045
72.00:hum1:17.8615#0.8752#0.9191#-0.8178#0.4341#-1.9459
73.00:hum1:17.3330#0.0114#0.8168#-0.1896#0.1229#-2.1390
74.00:hum1:16.7942#-0.8353#0.8153#0.2105#-0.1302#-2.1163
75.00:hum1:16.1331#-1.8468#0.8244#0.3053#-0.2007#-2.1344
76.00:hum1:15.8995#-3.2643#0.8048#0.0582#-0.0007#-1.5827
77.00:hum1:15.7871#-4.4245#0.8466#-0.4506#0.2113#-1.9796
78.00:hum1:15.2105#-5.5958#0.9377#-0.9379#0.3781#-1.8349
79.00:hum1:14.6646#-6.7050#0.9191#-0.8481#0.3539#-1.8670
80.00:hum1:14.2075#-7.6336#0.9413#-0.9543#0.3822#-1.8288