
1.00:hum1:-0.2750#-0.5250#0.8025#-0.0000#0.0000#-0.0000
2.00:hum1:-0.2750#-0.5250#0.8025#-0.0000#0.0000#-0.0000
3.00:hum1:-0.2750#-0.5250#0.8025#-0.0000#0.0000#-0.0000
4.00:hum1:-0.2750#-0.5250#0.8025#-0.0000#0.0000#-0.0000
5.00:hum1:-0.2750#-0.5250#0.8025#-0.0000#0.0000#-0.0000
6.00:hum1:-0.2750#-0.5250#0.8025#-0.0000#0.0000#-0.0000
7.00:hum1:-0.2750#-0.5250#0.8025#-0.0000#0.0000#-0.0000
8.00:hum1:-0.2750#-0.5250#0.8025#-0.0000#0.0000#-0.0000
9.00:hum1:-0.2750#-0.5250#0.8025#-0.0000#0.0000#-0.0000
10.00:hum1:-0.2750#-0.5250#0.8025#-0.0000#0.0000#-0.0000
11.00:hum1:-0.2750#-0.5250#0.8025#-0.0000#0.0000#-0.0000
12.00:hum1:-0.2750#-0.5250#0.8025#-0.0000#0.0000#-0.0000
13.00:hum1:-0.2750#-0.5250#0.8025#-0.0000#0.0000#-0.0000
14.00:hum1:-0.2750#-0.5250#0.8025#-0.0000#0.0000#-0.0000
15.00:hum1:-0.2750#-0.5250#0.8025#-0.0000#0.0000#-0.0000
16.00:hum1:-0.2750#-0.5250#0.8025#-0.0000#0.0000#-0.0000
17.00:hum1:0.3433#-0.7517#0.9598#-0.5542#-0.9922#-0.6362
18.00:hum1:1.5095#-1.0342#0.8721#-0.1508#-0.6424#-0.2480
19.00:hum1:2.5077#-1.2595#0.8102#-0.0177#-0.1090#-0.1606
20.00:hum1:3.5524#-1.4387#0.8171#0.0403#0.2681#-0.1508
21.00:hum1:4.7538#-1.6043#0.8204#0.0402#0.3301#-0.1231
22.00:hum1:5.0040#-1.6336#0.8048#0.0068#0.0578#-0.1166
23.00:hum1:5.6411#-1.6531#0.8116#-0.0124#0.1942#0.0646
24.00:hum1:6.8277#-1.5894#0.8267#-0.0337#0.3714#0.0928
25.00:hum1:8.1427#-1.4764#0.8067#-0.0159#0.1552#0.1025
26.00:hum1:9.4477#-1.3534#0.8273#0.0419#-0.3389#0.1259
27.00:hum1:10.7358#-1.2063#0.9141#0.1457#-0.8695#0.1901
28.00:hum1:10.8986#-1.1862#0.8153#-0.0307#0.2451#0.1261
29.00:hum1:10.8986#-1.1862#0.8153#-0.0307#0.2451#0.1261
30.00:hum1:11.7805#-1.2996#0.9377#-0.1375#-0.9825#-0.1645
31.00:hum1:13.0116#-1.4383#0.9191#-0.0972#-0.8978#-0.1237
32.00:hum1:13.2890#-1.4597#0.8025#0.0000#0.0000#-0.0769
33.00:hum1:13.2890#-1.4597#0.8025#0.0000#0.0000#-0.0769
34.00:hum1:13.2890#-1.4597#0.8025#0.0000#0.0000#-0.0769
35.00:hum1:13.2890#-1.4597#0.8025#0.0000#0.0000#-0.0769
36.00:hum1:13.2890#-1.4597#0.8025#0.0000#0.0000#-0.0769
37.00:hum1:13.7603#-1.7914#0.9597#-0.7931#-0.8457#-0.9353
38.00:hum1:13.5963#-1.6878#0.8025#0.0000#0.0000#-0.5629
39.00:hum1:13.5963#-1.6878#0.8025#0.0000#0.0000#-0.5629
40.00:hum1:13.4521#-1.8153#0.8244#0.3626#-0.0281#-1.6445
41.00:hum1:13.7594#-3.1937#0.8048#0.0499#0.0300#-1.0299
42.00:hum1:13.8067#-3.2723#0.8069#-0.0705#-0.0423#-1.0307
43.00:hum1:13.8087#-3.2756#0.8025#0.0000#0.0000#-1.0292
44.00:hum1:13.8087#-3.2756#0.8025#0.0000#0.0000#-1.0292
45.00:hum1:13.8087#-3.2756#0.8025#0.0000#0.0000#-1.0292
46.00:hum1:13.8087#-3.2756#0.8025#0.0000#0.0000#-1.0292
47.00:hum1:13.8087#-3.2756#0.8025#0.0000#0.0000#-1.0292
48.00:hum1:13.8087#-3.2756#0.8025#0.0000#0.0000#-1.0292
49.00:hum1:13.8087#-3.2756#0.8025#0.0000#0.0000#-1.0292
50.00:hum1:13.8087#-3.2756#0.8025#0.0000#0.0000#-1.0292
51.00:hum1:13.8087#-3.2756#0.8025#0.0000#0.0000#-1.0292
52.00:hum1:13.8087#-3.2756#0.8025#0.0000#0.0000#-1.0292
53.00:hum1:13.8087#-3.2756#0.8025#0.0000#0.0000#-1.0292
54.00:hum1:13.8087#-3.2756#0.8025#0.0000#0.0000#-1.0292
55.00:hum1:13.8087#-3.2756#0.8025#0.0000#0.0000#-1.0292
56.00:hum1:13.8087#-3.2756#0.8025#0.0000#0.0000#-1.0292
57.00:hum1:13.8087#-3.2756#0.8025#0.0000#0.0000#-1.0292
58.00:hum1:13.8087#-3.2756#0.8025#0.0000#0.0000#-1.0292
59.00:hum1:13.8087#-3.2756#0.8025#0.0000#0.0000#-1.0292
60.00:hum1:13.8087#-3.2756#0.8025#0.0000#0.0000#-1.0292
61.00:hum1:13.8087#-3.2756#0.8025#0.0000#0.0000#-1.0292
62.00:hum1:13.8087#-3.2756#0.8025#0.0000#0.0000#-1.0292
63.00:hum1:13.8087#-3.2756#0.8025#0.0000#0.0000#-1.0292
64.00:hum1:13.8087#-3.2756#0.8025#0.0000#0.0000#-1.0292
65.00:hum1:13.8087#-3.2756#0.8025#0.0000#0.0000#-1.0292
66.00:hum1:13.8868#-4.3123#0.8115#-0.1346#-0.0904#-0.9828