
1.00:hum1:-0.2750#-0.5250#0.8025#-0.0000#0.0000#-0.0000
2.00:hum1:-0.2750#-0.5250#0.8025#-0.0000#0.0000#-0.0000
3.00:hum1:-0.2750#-0.5250#0.8025#-0.0000#0.0000#-0.0000
4.00:hum1:-0.2750#-0.5250#0.8025#-0.0000#0.0000#-0.0000
5.00:hum1:-0.2750#-0.5250#0.8025#-0.0000#0.0000#-0.0000
6.00:hum1:-0.2750#-0.5250#0.8025#-0.0000#0.0000#-0.0000
7.00:hum1:-0.2750#-0.5250#0.8025#-0.0000#0.0000#-0.0000
8.00:hum1:-0.2750#-0.5250#0.8025#-0.0000#0.0000#-0.0000
9.00:hum1:-0.2750#-0.5250#0.8025#-0.0000#0.0000#-0.0000
10.00:hum1:-0.2750#-0.5250#0.8025#-0.0000#0.0000#-0.0000
11.00:hum1:-0.2750#-0.5250#0.8025#-0.0000#0.0000#-0.0000
12.00:hum1:-0.2750#-0.5250#0.8025#-0.0000#0.0000#-0.0000
13.00:hum1:-0.2750#-0.5250#0.8025#-0.0000#0.0000#-0.0000
14.00:hum1:-0.2750#-0.5250#0.8025#-0.0000#0.0000#-0.0000
15.00:hum1:0.3378#-0.7588#0.9598#-0.5691#-0.9861#-0.6540
16.00:hum1:1.5068#-1.0436#0.8721#-0.1505#-0.6424#-0.2475
17.00:hum1:2.5568#-1.2429#0.9191#-0.1984#-0.8857#-0.2536
18.00:hum1:3.5706#-1.4089#0.8168#-0.0327#-0.2232#-0.1465
19.00:hum1:4.5604#-1.5622#0.8153#0.0323#0.2449#-0.1320
20.00:hum1:5.0079#-1.6198#0.8025#0.0000#0.0000#-0.1280
21.00:hum1:5.0079#-1.6198#0.8025#0.0000#0.0000#-0.1280
22.00:hum1:5.0079#-1.6198#0.8025#0.0000#0.0000#-0.1280
23.00:hum1:5.0079#-1.6198#0.8025#0.0000#0.0000#-0.1280
24.00:hum1:5.0079#-1.6198#0.8025#0.0000#0.0000#-0.1280
25.00:hum1:5.8197#-1.6327#0.8244#-0.0222#0.3630#0.0627
26.00:hum1:7.1547#-1.5566#0.8048#-0.0043#0.0581#0.0736
27.00:hum1:8.4554#-1.4366#0.8466#0.0597#-0.4913#0.1264
28.00:hum1:9.0343#-1.3718#0.8025#-0.0000#0.0000#0.1114
29.00:hum1:9.0343#-1.3718#0.8025#-0.0000#0.0000#0.1114
30.00:hum1:9.0343#-1.3718#0.8025#-0.0000#0.0000#0.1114
31.00:hum1:9.0343#-1.3718#0.8025#-0.0000#0.0000#0.1114
32.00:hum1:9.4138#-1.5224#0.8618#-0.2109#-0.5611#-0.3821
33.00:hum1:10.2009#-2.0172#0.8466#-0.3001#-0.3993#-0.6720
34.00:hum1:10.4245#-2.1737#0.8025#0.0000#0.0000#-0.6109
35.00:hum1:10.4245#-2.1737#0.8025#0.0000#0.0000#-0.6109
36.00:hum1:10.4245#-2.1737#0.8025#0.0000#0.0000#-0.6109
37.00:hum1:10.4245#-2.1737#0.8025#0.0000#0.0000#-0.6109
38.00:hum1:10.4245#-2.1737#0.8025#0.0000#0.0000#-0.6109
39.00:hum1:10.4245#-2.1737#0.8025#0.0000#0.0000#-0.6109
40.00:hum1:10.4245#-2.1737#0.8025#0.0000#0.0000#-0.6109
41.00:hum1:10.4245#-2.1737#0.8025#0.0000#0.0000#-0.6109
42.00:hum1:11.6356#-2.0310#0.9377#0.3060#-0.9564#0.3693
43.00:hum1:12.1357#-1.9245#0.8025#-0.0000#0.0000#0.2097
44.00:hum1:12.1357#-1.9245#0.8025#-0.0000#0.0000#0.2097
45.00:hum1:12.1357#-1.9245#0.8025#-0.0000#0.0000#0.2097
46.00:hum1:12.1357#-1.9245#0.8025#-0.0000#0.0000#0.2097
47.00:hum1:12.1357#-1.9245#0.8025#-0.0000#0.0000#0.2097
48.00:hum1:13.3037#-1.6793#0.8069#0.0204#-0.0796#0.2513
49.00:hum1:13.2713#-2.0915#0.8763#-0.6719#0.1282#-1.7298
50.00:hum1:13.2836#-2.0320#0.8025#0.0000#-0.0000#-1.7746
51.00:hum1:13.2836#-2.0320#0.8025#0.0000#-0.0000#-1.7746
52.00:hum1:13.2836#-2.0320#0.8025#0.0000#-0.0000#-1.7746
53.00:hum1:13.2836#-2.0320#0.8025#0.0000#-0.0000#-1.7746
54.00:hum1:13.2836#-2.0320#0.8025#0.0000#-0.0000#-1.7746
55.00:hum1:13.2836#-2.0320#0.8025#0.0000#-0.0000#-1.7746
56.00:hum1:13.2836#-2.0320#0.8025#0.0000#-0.0000#-1.7746
57.00:hum1:13.2836#-2.0320#0.8025#0.0000#-0.0000#-1.7746
58.00:hum1:13.2836#-2.0320#0.8025#0.0000#-0.0000#-1.7746
59.00:hum1:13.1518#-3.0304#0.8273#-0.3408#0.0205#-1.6282
60.00:hum1:13.2819#-4.3896#0.9141#-0.8511#-0.2515#-1.3557
61.00:hum1:13.2840#-4.3958#0.8025#0.0000#0.0000#-1.2413