
1.00:hum1:-6.4000#-1.4250#0.8025#-0.0000#0.0000#-0.0000
2.00:hum1:-6.4000#-1.4250#0.8025#-0.0000#0.0000#-0.0000
3.00:hum1:-6.4000#-1.4250#0.8025#-0.0000#0.0000#-0.0000
4.00:hum1:-6.4000#-1.4250#0.8025#-0.0000#0.0000#-0.0000
5.00:hum1:-6.4000#-1.4250#0.8025#-0.0000#0.0000#-0.0000
6.00:hum1:-6.4000#-1.4250#0.8025#-0.0000#0.0000#-0.0000
7.00:hum1:-6.4000#-1.4250#0.8025#-0.0000#0.0000#-0.0000
8.00:hum1:-6.4000#-1.4250#0.8025#-0.0000#0.0000#-0.0000
9.00:hum1:-6.4000#-1.4250#0.8025#-0.0000#0.0000#-0.0000
10.00:hum1:-6.4000#-1.4250#0.8025#-0.0000#0.0000#-0.0000
11.00:hum1:-6.4000#-1.4250#0.8025#-0.0000#0.0000#-0.0000
12.00:hum1:-6.4000#-1.4250#0.8025#-0.0000#0.0000#-0.0000
13.00:hum1:-6.4000#-1.4250#0.8025#-0.0000#0.0000#-0.0000
14.00:hum1:-5.5940#-1.5745#0.9191#-0.2212#-0.8817#-0.2831
15.00:hum1:-4.6387#-1.7469#0.9597#-0.3262#-1.0573#-0.3701
16.00:hum1:-4.5755#-1.7583#0.9413#-0.2728#-0.9800#-0.3246
17.00:hum1:-4.3821#-1.7931#0.8161#0.0552#0.2963#-0.1868
18.00:hum1:-2.9755#-1.7864#0.8069#0.0198#-0.0798#0.2439
19.00:hum1:-2.1759#-1.6211#0.8763#0.1557#-0.6670#0.2489
20.00:hum1:-0.9690#-1.5853#0.9597#-0.3143#-1.0595#-0.3564
21.00:hum1:-0.0896#-1.6057#0.8496#0.0300#-0.5152#0.0612
22.00:hum1:0.5196#-1.5725#0.8071#-0.0002#0.0080#0.0218
23.00:hum1:0.4301#-1.5719#0.8215#0.0009#0.3158#-0.0026
24.00:hum1:0.6915#-1.0871#0.8161#-0.0312#-0.2996#3.0366
25.00:hum1:0.5266#-1.5739#0.8069#-0.0111#-0.0814#-0.1352
26.00:hum1:0.4048#-1.0470#0.8763#0.1362#0.6706#2.9249
27.00:hum1:0.6348#-1.6524#0.9597#-0.7005#-0.9164#-0.8154
28.00:hum1:0.5724#-1.0589#0.8496#0.2698#0.4453#2.5711
29.00:hum1:0.3726#-1.5189#0.8071#0.0041#0.0069#-0.5347
30.00:hum1:0.5680#-1.5788#0.8102#-0.0139#-0.1095#-0.1263
31.00:hum1:1.6082#-1.7090#0.8171#0.0449#0.2674#-0.1682
32.00:hum1:1.8914#-1.7520#0.8204#0.0639#0.3264#-0.1966
33.00:hum1:3.1340#-1.3442#0.8044#0.0004#0.0072#3.0816
34.00:hum1:3.6022#-1.8325#0.8618#0.1113#-0.5861#0.1996
35.00:hum1:4.6843#-1.6512#0.8763#0.1332#-0.6711#0.2125
36.00:hum1:4.9493#-1.6067#0.8153#-0.0416#0.2436#0.1711
37.00:hum1:5.5836#-1.5005#0.8273#0.0585#-0.3365#0.1760
38.00:hum1:5.8842#-1.4502#0.9377#0.2456#-0.9683#0.2957
39.00:hum1:6.4738#-1.3513#0.8044#0.0012#-0.0071#0.1660
40.00:hum1:7.7508#-1.1374#0.8618#0.1113#-0.5861#0.1996
41.00:hum1:9.0550#-0.9189#0.9598#0.3043#-1.0617#0.3456
42.00:hum1:10.2069#-0.7259#0.8721#0.1266#-0.6468#0.2085
43.00:hum1:11.2080#-0.5582#0.8102#0.0183#-0.1089#0.1670
44.00:hum1:12.2509#-0.3834#0.8171#-0.0458#0.2672#0.1721
45.00:hum1:13.4402#-0.1841#0.8204#-0.0569#0.3277#0.1754
46.00:hum1:14.7709#0.0388#0.8044#0.0012#-0.0071#0.1660
47.00:hum1:16.0479#0.2527#0.8618#0.1113#-0.5861#0.1996
48.00:hum1:16.4208#0.3152#0.8374#0.0747#-0.4198#0.1819
49.00:hum1:16.4208#0.3152#0.8374#0.0747#-0.4198#0.1819
50.00:hum1:16.4208#0.3152#0.8374#0.0747#-0.4198#0.1819
51.00:hum1:16.4208#0.3152#0.8374#0.0747#-0.4198#0.1819
52.00:hum1:16.4208#0.3152#0.8374#0.0747#-0.4198#0.1819
53.00:hum1:16.4208#0.3152#0.8374#0.0747#-0.4198#0.1819
54.00:hum1:16.4208#0.3152#0.8374#0.0747#-0.4198#0.1819
55.00:hum1:16.0586#0.4660#0.8168#-0.2251#-0.0150#-1.5050
56.00:hum1:15.9221#-0.3007#0.9141#-0.8720#0.1231#-1.6732
57.00:hum1:15.7193#-1.5648#0.9413#-0.9988#0.1343#-1.6564
58.00:hum1:15.5532#-2.6003#0.8262#-0.3249#0.0513#-1.7214
59.00:hum1:15.3981#-3.5678#0.8116#0.1922#-0.0307#-1.7269
60.00:hum1:15.7051#-4.8026#0.8267#-0.3728#-0.0069#1.5888
61.00:hum1:15.7520#-3.6707#0.8067#-0.1280#0.0895#0.9642
62.00:hum1:15.9822#-2.9458#0.8273#0.3413#-0.0087#1.5466
63.00:hum1:16.0155#-1.6502#0.9141#0.8782#-0.0200#1.5546
64.00:hum1:16.0483#-0.3706#0.9413#1.0044#-0.0219#1.5572