
1.00:-4.8097#-1.1623#0.2401#-0.0001#-0.0023#-0.0000
2.00:-4.8099#-1.1623#0.2401#-0.0001#-0.0025#-0.0001
3.00:-4.8100#-1.1623#0.2401#-0.0001#-0.0024#-0.0001
4.00:-4.8100#-1.1623#0.2401#-0.0001#-0.0022#-0.0001
5.00:-4.8102#-1.1623#0.2401#-0.0001#-0.0025#-0.0002
6.00:-4.8103#-1.1623#0.2401#-0.0001#-0.0023#-0.0002
7.00:-4.8104#-1.1623#0.2401#-0.0001#-0.0025#-0.0002
8.00:-4.8105#-1.1623#0.2401#-0.0001#-0.0025#-0.0001
9.00:-4.8106#-1.1623#0.2401#-0.0001#-0.0023#-0.0002
10.00:-4.8106#-1.1624#0.2401#-0.0001#-0.0021#-0.0002
11.00:-4.6909#-1.1636#0.2402#-0.0001#-0.0033#-0.0174
12.00:-4.2209#-1.3953#0.2401#-0.0011#-0.0008#-0.8782
13.00:-4.1464#-1.4560#0.2401#-0.0013#-0.0017#-0.6509
14.00:-4.0578#-1.4892#0.2401#-0.0008#-0.0020#-0.3640
15.00:-3.9633#-1.4959#0.2401#-0.0002#-0.0021#-0.0778
16.00:-3.5140#-1.4666#0.2401#0.0000#-0.0019#0.0535
17.00:-2.3506#-1.4038#0.2401#0.0000#-0.0016#0.0539
18.00:-1.1827#-1.3407#0.2401#0.0000#-0.0017#0.0540
19.00:-0.0187#-1.2776#0.2401#0.0000#-0.0017#0.0543
20.00:1.1453#-1.2145#0.2401#0.0000#-0.0016#0.0541
21.00:2.3095#-1.1511#0.2401#0.0000#-0.0017#0.0544
22.00:3.4696#-1.0883#0.2400#-0.0001#-0.0011#0.0542
23.00:3.8189#-1.0745#0.2401#-0.0001#-0.0017#-0.0188
24.00:4.0233#-1.1333#0.2401#-0.0005#-0.0018#-0.2384
25.00:5.0517#-1.3891#0.2400#-0.0003#-0.0011#-0.2427
26.00:5.2189#-1.4303#0.2401#-0.0004#-0.0015#-0.2316
27.00:5.2189#-1.4303#0.2400#-0.0004#-0.0013#-0.2316
28.00:5.2189#-1.4303#0.2401#-0.0004#-0.0013#-0.2316
29.00:5.2188#-1.4303#0.2401#-0.0004#-0.0014#-0.2317
30.00:5.2188#-1.4303#0.2401#-0.0004#-0.0014#-0.2316
31.00:5.2187#-1.4302#0.2401#-0.0004#-0.0013#-0.2317
32.00:5.2187#-1.4302#0.2401#-0.0004#-0.0013#-0.2317
33.00:5.2186#-1.4302#0.2401#-0.0004#-0.0013#-0.2317
34.00:5.2186#-1.4302#0.2401#-0.0004#-0.0013#-0.2317
35.00:5.4407#-1.4845#0.2400#-0.0005#-0.0018#-0.2437
36.00:6.2272#-1.6918#0.2400#-0.0003#-0.0011#-0.2475
37.00:6.3248#-1.6926#0.2401#-0.0000#-0.0021#0.0077
38.00:6.9880#-1.6444#0.2400#-0.0000#-0.0015#0.0516
39.00:8.1522#-1.5842#0.2401#0.0000#-0.0016#0.0518
40.00:9.3164#-1.5239#0.2401#-0.0000#-0.0015#0.0518
41.00:10.4808#-1.4633#0.2401#0.0000#-0.0018#0.0522
42.00:11.6490#-1.4022#0.2401#0.0000#-0.0015#0.0522
43.00:12.8132#-1.3410#0.2401#0.0000#-0.0016#0.0524
44.00:13.9775#-1.2796#0.2401#0.0000#-0.0016#0.0530
45.00:15.1146#-1.2191#0.2401#-0.0000#-0.0012#0.0549
46.00:15.3690#-1.2090#0.2401#-0.0002#-0.0020#-0.0479
47.00:15.6587#-1.2875#0.2401#-0.0006#-0.0019#-0.2515
48.00:16.6550#-1.5613#0.2400#-0.0004#-0.0010#-0.2577
49.00:16.8155#-1.5870#0.2401#-0.0002#-0.0021#-0.0716
50.00:16.8153#-1.5870#0.2401#-0.0002#-0.0021#-0.0716
51.00:16.8151#-1.5870#0.2401#-0.0002#-0.0022#-0.0715
52.00:16.8149#-1.5870#0.2401#-0.0002#-0.0021#-0.0715
53.00:16.8147#-1.5870#0.2401#-0.0002#-0.0021#-0.0715
54.00:16.8146#-1.5870#0.2401#-0.0002#-0.0021#-0.0714
55.00:16.8144#-1.5870#0.2401#-0.0002#-0.0022#-0.0714
56.00:16.8142#-1.5870#0.2401#-0.0002#-0.0021#-0.0715
57.00:16.8140#-1.5870#0.2401#-0.0002#-0.0021#-0.0715
58.00:16.8139#-1.5870#0.2401#-0.0002#-0.0021#-0.0715
59.00:16.8136#-1.5870#0.2401#-0.0002#-0.0021#-0.0715
60.00:16.8134#-1.5870#0.2401#-0.0002#-0.0021#-0.0717
61.00:16.8132#-1.5870#0.2401#-0.0002#-0.0021#-0.0715
62.00:16.8130#-1.5869#0.2401#-0.0002#-0.0022#-0.0715
63.00:16.8128#-1.5869#0.2401#-0.0002#-0.0022#-0.0715
64.00:16.8126#-1.5869#0.2401#-0.0002#-0.0022#-0.0717