
1.00:hum1:-0.2750#-0.5250#0.8025#-0.0000#0.0000#-0.0000
2.00:hum1:-0.2750#-0.5250#0.8025#-0.0000#0.0000#-0.0000
3.00:hum1:-0.2750#-0.5250#0.8025#-0.0000#0.0000#-0.0000
4.00:hum1:-0.2750#-0.5250#0.8025#-0.0000#0.0000#-0.0000
5.00:hum1:-0.2750#-0.5250#0.8025#-0.0000#0.0000#-0.0000
6.00:hum1:-0.2750#-0.5250#0.8025#-0.0000#0.0000#-0.0000
7.00:hum1:-0.2750#-0.5250#0.8025#-0.0000#0.0000#-0.0000
8.00:hum1:-0.2750#-0.5250#0.8025#-0.0000#0.0000#-0.0000
9.00:hum1:-0.2750#-0.5250#0.8025#-0.0000#0.0000#-0.0000
10.00:hum1:-0.2750#-0.5250#0.8025#-0.0000#0.0000#-0.0000
11.00:hum1:-0.2750#-0.5250#0.8025#-0.0000#0.0000#-0.0000
12.00:hum1:0.1286#-0.6803#0.8763#-0.2612#-0.6377#-0.4217
13.00:hum1:1.4384#-1.0144#0.9597#-0.3684#-1.0486#-0.4187
14.00:hum1:2.5372#-1.2359#0.8496#-0.1042#-0.5063#-0.2122
15.00:hum1:3.5340#-1.4066#0.8071#0.0012#0.0079#-0.1501
16.00:hum1:4.5618#-1.5652#0.8153#0.0323#0.2449#-0.1321
17.00:hum1:5.0065#-1.6225#0.8048#0.0075#0.0577#-0.1283
18.00:hum1:5.7063#-1.6417#0.8168#0.0113#-0.2253#0.0507
19.00:hum1:6.7113#-1.5961#0.8153#-0.0207#0.2462#0.0850
20.00:hum1:7.7462#-1.5106#0.8025#-0.0000#0.0000#0.0824
21.00:hum1:7.7462#-1.5106#0.8025#-0.0000#0.0000#0.0824
22.00:hum1:7.7462#-1.5106#0.8025#-0.0000#0.0000#0.0824
23.00:hum1:7.7462#-1.5106#0.8025#-0.0000#0.0000#0.0824
24.00:hum1:7.7462#-1.5106#0.8025#-0.0000#0.0000#0.0824
25.00:hum1:7.7462#-1.5106#0.8025#-0.0000#0.0000#0.0824
26.00:hum1:7.7462#-1.5106#0.8025#-0.0000#0.0000#0.0824
27.00:hum1:7.7462#-1.5106#0.8025#-0.0000#0.0000#0.0824
28.00:hum1:7.7462#-1.5106#0.8025#-0.0000#0.0000#0.0824
29.00:hum1:7.7462#-1.5106#0.8025#-0.0000#0.0000#0.0824
30.00:hum1:7.7462#-1.5106#0.8025#-0.0000#0.0000#0.0824
31.00:hum1:7.7462#-1.5106#0.8025#-0.0000#0.0000#0.0824
32.00:hum1:7.7462#-1.5106#0.8025#-0.0000#0.0000#0.0824
33.00:hum1:7.7462#-1.5106#0.8025#-0.0000#0.0000#0.0824
34.00:hum1:7.7462#-1.5106#0.8025#-0.0000#0.0000#0.0824
35.00:hum1:7.7462#-1.5106#0.8025#-0.0000#0.0000#0.0824
36.00:hum1:7.7462#-1.5106#0.8025#-0.0000#0.0000#0.0824
37.00:hum1:7.7462#-1.5106#0.8025#-0.0000#0.0000#0.0824
38.00:hum1:7.7462#-1.5106#0.8025#-0.0000#0.0000#0.0824
39.00:hum1:7.7462#-1.5106#0.8025#-0.0000#0.0000#0.0824
40.00:hum1:7.7892#-1.5122#0.8168#-0.0026#-0.2256#-0.0111
41.00:hum1:8.8110#-1.4722#0.8153#-0.0227#0.2460#0.0935
42.00:hum1:10.0307#-1.3603#0.8244#-0.0475#0.3606#0.1342
43.00:hum1:11.0475#-1.2312#0.8025#-0.0000#0.0000#0.1314
44.00:hum1:11.0475#-1.2312#0.8025#-0.0000#0.0000#0.1314
45.00:hum1:11.0475#-1.2312#0.8025#-0.0000#0.0000#0.1314
46.00:hum1:11.0475#-1.2312#0.8025#-0.0000#0.0000#0.1314
47.00:hum1:11.0475#-1.2312#0.8025#-0.0000#0.0000#0.1314
48.00:hum1:11.0475#-1.2312#0.8025#-0.0000#0.0000#0.1314
49.00:hum1:10.8987#-1.2124#0.8204#0.2190#0.2521#-0.7282
50.00:hum1:11.8641#-2.0262#0.8025#0.0000#0.0000#-0.7004
51.00:hum1:11.8641#-2.0262#0.8025#0.0000#0.0000#-0.7004
52.00:hum1:11.8641#-2.0262#0.8025#0.0000#0.0000#-0.7004
53.00:hum1:11.8641#-2.0262#0.8025#0.0000#0.0000#-0.7004
54.00:hum1:11.8641#-2.0262#0.8025#0.0000#0.0000#-0.7004
55.00:hum1:11.8641#-2.0262#0.8025#0.0000#0.0000#-0.7004
56.00:hum1:11.8641#-2.0262#0.8025#0.0000#0.0000#-0.7004
57.00:hum1:11.8641#-2.0262#0.8025#0.0000#0.0000#-0.7004
58.00:hum1:11.8641#-2.0262#0.8025#0.0000#0.0000#-0.7004
59.00:hum1:11.8641#-2.0262#0.8025#0.0000#0.0000#-0.7004
60.00:hum1:11.8641#-2.0262#0.8025#0.0000#0.0000#-0.7004
61.00:hum1:11.8641#-2.0262#0.8025#0.0000#0.0000#-0.7004
62.00:hum1:11.8641#-2.0262#0.8025#0.0000#0.0000#-0.7004
63.00:hum1:11.8641#-2.0262#0.8025#0.0000#0.0000#-0.7004
64.00:hum1:11.8641#-2.0262#0.8025#0.0000#0.0000#-0.7004
65.00:hum1:11.8641#-2.0262#0.8025#0.0000#0.0000#-0.7004
66.00:hum1:11.8641#-2.0262#0.8025#0.0000#0.0000#-0.7004
67.00:hum1:12.3707#-2.9011#0.8048#0.0500#0.0298#-1.0332
68.00:hum1:13.5919#-2.3725#0.8466#0.3613#-0.3455#0.8404
69.00:hum1:13.4027#-2.7949#0.9377#-0.9880#0.0493#-1.6029
70.00:hum1:13.6631#-4.0725#0.9191#-0.8839#-0.2086#-1.4022
71.00:hum1:13.7855#-4.5190#0.8025#0.0000#0.0000#-1.3033
72.00:hum1:13.7855#-4.5190#0.8025#0.0000#0.0000#-1.3033