
2.00:hum1:3.8000#2.2500#0.8025#-0.0000#-0.0000#-1.5708
3.00:hum1:3.8000#2.2500#0.8025#-0.0000#-0.0000#-1.5708
4.00:hum1:3.8000#2.2500#0.8025#-0.0000#-0.0000#-1.5708
5.00:hum1:3.8000#2.2500#0.8025#-0.0000#-0.0000#-1.5708
6.00:hum1:3.8000#2.2500#0.8025#-0.0000#-0.0000#-1.5708
7.00:hum1:3.8000#2.2500#0.8025#-0.0000#-0.0000#-1.5708
8.00:hum1:3.8000#2.2500#0.8025#-0.0000#-0.0000#-1.5708
9.00:hum1:3.8000#2.2500#0.8025#-0.0000#-0.0000#-1.5708
10.00:hum1:3.8000#2.2500#0.8025#-0.0000#-0.0000#-1.5708
11.00:hum1:4.5414#1.7980#0.9141#-0.4017#-0.8043#-0.5325
12.00:hum1:4.9996#1.6178#0.8025#0.0000#0.0000#-0.4769
13.00:hum1:5.2475#1.5010#0.8025#0.0000#0.0000#-0.4398
14.00:hum1:5.3790#1.4397#0.8025#0.0000#0.0000#-0.4356
15.00:hum1:5.4608#1.4019#0.8025#0.0000#0.0000#-0.4333
16.00:hum1:5.4608#1.4019#0.8025#0.0000#0.0000#-0.4333
17.00:hum1:5.4608#1.4019#0.8025#0.0000#0.0000#-0.4333
18.00:hum1:5.4608#1.4019#0.8025#0.0000#0.0000#-0.4333
19.00:hum1:5.4608#1.4019#0.8025#0.0000#0.0000#-0.4333
20.00:hum1:5.4608#1.4019#0.8025#0.0000#0.0000#-0.4333
21.00:hum1:5.4608#1.4019#0.8025#0.0000#0.0000#-0.4333
22.00:hum1:5.4608#1.4019#0.8025#0.0000#0.0000#-0.4333
23.00:hum1:5.4608#1.4019#0.8025#0.0000#0.0000#-0.4333
24.00:hum1:5.5317#1.3693#0.8025#0.0000#0.0000#-0.4318
25.00:hum1:5.5894#1.3427#0.8025#0.0000#0.0000#-0.4305
26.00:hum1:5.6624#1.3093#0.8025#0.0000#0.0000#-0.4295
27.00:hum1:6.0731#1.1219#0.8025#0.0000#0.0000#-0.4281
28.00:hum1:6.1509#1.0871#0.8025#0.0000#0.0000#-0.4202
29.00:hum1:6.1878#1.0707#0.8025#0.0000#0.0000#-0.4187
30.00:hum1:6.2984#1.0216#0.8025#0.0000#0.0000#-0.4179
31.00:hum1:6.3830#0.9842#0.8025#0.0000#0.0000#-0.4157
32.00:hum1:6.3830#0.9842#0.8025#0.0000#0.0000#-0.4157
33.00:hum1:7.6816#0.4995#0.8721#-0.2334#-0.6204#-0.3878
34.00:hum1:8.5624#0.6913#0.8102#-0.0128#0.1096#-3.0249
35.00:hum1:7.5650#0.5553#0.8171#-0.0266#-0.2697#3.0424
36.00:hum1:6.4442#0.3053#0.8204#-0.1369#-0.3039#2.7105
37.00:hum1:5.0971#0.1607#0.8044#0.0019#0.0069#2.8759
38.00:hum1:3.7141#-0.0851#0.8618#-0.1354#0.5816#-2.8982
39.00:hum1:2.4108#-0.3578#0.9598#-0.4323#1.0332#-2.6483
40.00:hum1:1.2761#-0.6003#0.8721#-0.1623#0.6399#-2.8736
41.00:hum1:0.8802#-0.6864#0.8025#0.0000#-0.0000#-2.9276
42.00:hum1:0.8802#-0.6864#0.8025#0.0000#-0.0000#-2.9276
43.00:hum1:0.8802#-0.6864#0.8025#0.0000#-0.0000#-2.9276
44.00:hum1:0.8802#-0.6864#0.8025#0.0000#-0.0000#-2.9276
45.00:hum1:0.8802#-0.6864#0.8025#0.0000#-0.0000#-2.9276
46.00:hum1:0.8802#-0.6864#0.8025#0.0000#-0.0000#-2.9276
47.00:hum1:0.2406#-0.8254#0.9191#-0.2620#0.8733#-2.8047
48.00:hum1:0.8711#-1.2819#0.8168#0.0011#-0.2256#0.0050
49.00:hum1:1.8648#-1.2947#0.8153#0.0022#0.2470#-0.0087
50.00:hum1:3.0891#-1.2889#0.8244#-0.0078#0.3635#0.0221
51.00:hum1:4.3981#-1.3175#0.8048#0.0043#0.0581#-0.0732
52.00:hum1:5.0264#-1.3635#0.8025#0.0000#0.0000#-0.0731
53.00:hum1:5.0264#-1.3635#0.8025#0.0000#0.0000#-0.0731
54.00:hum1:6.0411#-1.2945#0.9598#0.1327#-1.0825#0.1504
55.00:hum1:7.2095#-1.2019#0.8721#0.0665#-0.6545#0.1094
56.00:hum1:8.2207#-1.1139#0.8102#0.0096#-0.1100#0.0873
57.00:hum1:9.2742#-1.0223#0.8171#-0.0240#0.2700#0.0900
58.00:hum1:10.4756#-0.9178#0.8204#-0.0298#0.3311#0.0917
59.00:hum1:11.2115#-0.8539#0.8025#-0.0000#0.0000#0.0867
60.00:hum1:11.2115#-0.8539#0.8025#-0.0000#0.0000#0.0867
61.00:hum1:11.2115#-0.8539#0.8025#-0.0000#0.0000#0.0867
62.00:hum1:11.2115#-0.8539#0.8025#-0.0000#0.0000#0.0867
63.00:hum1:11.2837#-0.8855#0.8171#0.0668#0.2629#-0.2515
64.00:hum1:12.4544#-1.1752#0.8204#0.0828#0.3223#-0.2560
65.00:hum1:13.2328#-1.3678#0.8025#0.0000#0.0000#-0.2425
66.00:hum1:13.2328#-1.3678#0.8025#0.0000#0.0000#-0.2425
67.00:hum1:13.2328#-1.3678#0.8025#0.0000#0.0000#-0.2425
68.00:hum1:13.2328#-1.3678#0.8025#0.0000#0.0000#-0.2425
69.00:hum1:13.2328#-1.3678#0.8025#0.0000#0.0000#-0.2425
70.00:hum1:13.2328#-1.3678#0.8025#0.0000#0.0000#-0.2425
71.00:hum1:13.2328#-1.3678#0.8025#0.0000#0.0000#-0.2425
72.00:hum1:14.2347#-1.3707#0.9141#0.0054#-0.8784#0.0073
73.00:hum1:15.5147#-1.3647#0.9413#0.0070#-1.0046#0.0086
74.00:hum1:16.5634#-1.3597#0.8262#0.0015#-0.3288#0.0050
75.00:hum1:17.5433#-1.3550#0.8116#-0.0009#0.1946#0.0048
76.00:hum1:18.3504#-0.2254#0.8267#-0.3643#0.0810#1.3622
77.00:hum1:18.6423#1.0585#0.8067#-0.1522#0.0345#1.3499
78.00:hum1:18.9322#2.3336#0.8273#0.3335#-0.0744#1.3598
79.00:hum1:19.2196#3.5974#0.9141#0.8659#-0.1717#1.4268
80.00:hum1:19.5034#4.8456#0.9413#0.9931#-0.1884#1.4496
81.00:hum1:18.3750#4.6735#0.4025#0.0000#0.0000#-1.5700
82.00:hum1:18.3750#4.6735#0.4025#0.0000#0.0000#-1.5700
83.00:hum1:18.3750#4.6735#0.4025#0.0000#0.0000#-1.5700
84.00:hum1:18.3750#4.6735#0.4025#0.0000#0.0000#-1.5700
85.00:hum1:18.3750#4.6735#0.4025#0.0000#0.0000#-1.5700
86.00:hum1:18.3750#4.6735#0.4025#0.0000#0.0000#-1.5700
87.00:hum1:18.3750#4.6735#0.4025#0.0000#0.0000#-1.5700
88.00:hum1:18.3750#4.6735#0.4025#0.0000#0.0000#-1.5700
89.00:hum1:18.3750#4.6735#0.4025#0.0000#0.0000#-1.5700
90.00:hum1:18.3750#4.6735#0.4025#0.0000#0.0000#-1.5700
91.00:hum1:18.3750#4.6735#0.4025#0.0000#0.0000#-1.5700
92.00:hum1:18.3750#4.6735#0.4025#0.0000#0.0000#-1.5700
93.00:hum1:18.3750#4.6735#0.4025#0.0000#0.0000#-1.5700
94.00:hum1:18.3750#4.6735#0.4025#0.0000#0.0000#-1.5700
95.00:hum1:18.3750#4.6735#0.4025#0.0000#0.0000#-1.5700
96.00:hum1:18.3750#4.6735#0.4025#0.0000#0.0000#-1.5700
97.00:hum1:18.3750#4.6735#0.4025#0.0000#0.0000#-1.5700
98.00:hum1:18.2624#3.1834#0.8102#-0.1099#0.0103#-1.6633
99.00:hum1:18.1636#2.1286#0.8171#0.2702#-0.0213#-1.6474
100.00:hum1:18.0591#0.9285#0.8204#0.3314#-0.0270#-1.6489
101.00:hum1:17.5535#-0.0574#0.8044#-0.0051#0.0051#-2.3532
102.00:hum1:16.7734#-1.1490#0.8618#-0.5405#0.2631#-1.9793
103.00:hum1:16.6822#-1.3222#0.8025#0.0000#-0.0000#-2.0611
104.00:hum1:16.6335#-1.4140#0.8025#0.0000#-0.0000#-2.0584
105.00:hum1:16.5053#-1.6566#0.8161#0.2680#-0.1391#-2.0380
106.00:hum1:15.8867#-2.8365#0.8069#-0.0729#0.0380#-2.0503
107.00:hum1:15.5385#-4.1705#0.8763#-0.6814#-0.0367#-1.5252
108.00:hum1:15.3422#-5.3964#0.9597#-1.0765#0.1957#-1.6748
109.00:hum1:15.0974#-6.4854#0.8496#-0.5054#0.1086#-1.7639
110.00:hum1:14.9235#-7.2591#0.8025#0.0000#-0.0000#-1.7920
111.00:hum1:14.9235#-7.2591#0.8025#0.0000#-0.0000#-1.7920
112.00:hum1:14.9235#-7.2591#0.8025#0.0000#-0.0000#-1.7920
113.00:hum1:14.9235#-7.2591#0.8025#0.0000#-0.0000#-1.7920
114.00:hum1:14.9235#-7.2591#0.8025#0.0000#-0.0000#-1.7920
115.00:hum1:14.9235#-7.2591#0.8025#0.0000#-0.0000#-1.7920
116.00:hum1:14.9235#-7.2591#0.8025#0.0000#-0.0000#-1.7920
117.00:hum1:14.9235#-7.2591#0.8025#0.0000#-0.0000#-1.7920
118.00:hum1:14.9235#-7.2591#0.8025#0.0000#-0.0000#-1.7920
119.00:hum1:14.9235#-7.2591#0.8025#0.0000#-0.0000#-1.7920
120.00:hum1:14.9235#-7.2591#0.8025#0.0000#-0.0000#-1.7920
121.00:hum1:14.9235#-7.2591#0.8025#0.0000#-0.0000#-1.7920
122.00:hum1:14.9235#-7.2591#0.8025#0.0000#-0.0000#-1.7920
123.00:hum1:15.3591#-6.9200#0.8244#-0.3597#-0.0547#1.7154
124.00:hum1:15.4438#-5.6667#0.8048#-0.0580#0.0055#1.4760
125.00:hum1:15.5622#-4.3710#0.8466#0.4933#-0.0369#1.5026
126.00:hum1:15.7728#-3.1096#0.9377#0.9812#-0.1508#1.4710
127.00:hum1:15.9818#-1.8857#0.9191#0.8954#-0.1247#1.4718
128.00:hum1:16.1438#-0.8748#0.8168#0.2228#-0.0355#1.4158
129.00:hum1:16.3018#0.1111#0.8153#-0.2440#0.0388#1.4166
130.00:hum1:15.2851#-0.0240#0.8244#0.2651#-0.2519#-2.3132
131.00:hum1:14.3504#-0.9761#0.8048#0.0416#-0.0408#-2.3461
132.00:hum1:13.4416#-1.9018#0.8466#-0.3673#0.3391#-2.2834
133.00:hum1:13.3575#-1.9875#0.8025#0.0000#-0.0000#-2.3470
134.00:hum1:13.3575#-1.9875#0.8025#0.0000#-0.0000#-2.3470
135.00:hum1:12.7174#-1.4220#0.8908#0.4338#0.6480#2.4874
136.00:hum1:11.4519#-0.9512#0.9484#0.3851#0.9896#2.6904
137.00:hum1:10.3619#-0.7685#0.8374#0.0741#0.4199#2.9618
138.00:hum1:9.3571#-0.6503#0.8081#-0.0063#-0.1279#3.0926
139.00:hum1:8.2246#-0.5863#0.8281#-0.0235#-0.3703#3.0770
140.00:hum1:6.9194#-0.5308#0.8120#0.0009#-0.2700#-3.1378
141.00:hum1:5.6169#-0.5182#0.8115#0.0027#0.1620#3.1249
142.00:hum1:4.2941#-0.5148#0.8908#-0.0290#0.7615#-3.0992
143.00:hum1:3.0056#-0.5309#0.9484#-0.0067#1.0370#-3.1335
144.00:hum1:2.1000#-0.5348#0.8025#0.0000#-0.0000#-3.1373
145.00:hum1:2.1000#-0.5348#0.8025#0.0000#-0.0000#-3.1373
146.00:hum1:0.9755#-0.5395#0.9598#-0.0075#1.0872#-3.1327
147.00:hum1:-0.1925#-0.5445#0.8721#-0.0030#0.6574#-3.1363
148.00:hum1:-1.2075#-0.5488#0.8102#-0.0004#0.1104#-3.1373
149.00:hum1:-2.2650#-0.5534#0.8171#0.0011#-0.2710#-3.1372
150.00:hum1:-3.1896#-0.5573#0.8025#0.0000#-0.0000#-3.1373