
1.00:hum1:-0.2750#-0.5250#0.8025#-0.0000#0.0000#-0.0000
2.00:hum1:-0.2750#-0.5250#0.8025#-0.0000#0.0000#-0.0000
3.00:hum1:-0.2750#-0.5250#0.8025#-0.0000#0.0000#-0.0000
4.00:hum1:-0.2750#-0.5250#0.8025#-0.0000#0.0000#-0.0000
5.00:hum1:-0.2750#-0.5250#0.8025#-0.0000#0.0000#-0.0000
6.00:hum1:-0.2750#-0.5250#0.8025#-0.0000#0.0000#-0.0000
7.00:hum1:-0.2750#-0.5250#0.8025#-0.0000#0.0000#-0.0000
8.00:hum1:-0.2750#-0.5250#0.8025#-0.0000#0.0000#-0.0000
9.00:hum1:-0.2750#-0.5250#0.8025#-0.0000#0.0000#-0.0000
10.00:hum1:-0.1443#-0.5854#0.8044#-0.0024#-0.0068#-0.3357
11.00:hum1:0.4585#-0.7958#0.9191#-0.3949#-0.8337#-0.5124
12.00:hum1:0.3984#-0.7676#0.8081#0.0333#0.1236#-0.2638
13.00:hum1:1.5254#-1.0388#0.8281#0.0655#0.3655#-0.1811
14.00:hum1:2.7948#-1.2802#0.8120#0.0395#0.2672#-0.1483
15.00:hum1:4.0896#-1.4739#0.8115#-0.0201#-0.1607#-0.1247
16.00:hum1:4.8793#-1.5715#0.8120#0.0339#0.2679#-0.1271
17.00:hum1:4.8793#-1.5715#0.8120#0.0339#0.2679#-0.1271
18.00:hum1:5.9147#-1.5801#0.8161#-0.0199#0.3006#0.0675
19.00:hum1:7.2489#-1.4953#0.8069#0.0077#-0.0818#0.0938
20.00:hum1:8.5396#-1.3761#0.8763#0.0831#-0.6779#0.1323
21.00:hum1:9.8539#-1.2439#0.9597#0.1994#-1.0761#0.2260
22.00:hum1:10.8571#-1.1409#0.9598#0.2038#-1.0760#0.2310
23.00:hum1:10.9004#-1.1361#0.8153#-0.0274#0.2455#0.1124
24.00:hum1:10.9004#-1.1361#0.8153#-0.0274#0.2455#0.1124
25.00:hum1:10.9384#-1.1126#0.8267#0.0880#0.3628#-0.2433
26.00:hum1:12.2656#-1.3214#0.8067#0.0176#0.1550#-0.1130
27.00:hum1:13.2624#-1.4632#0.8025#0.0000#0.0000#-0.0985
28.00:hum1:13.2624#-1.4632#0.8025#0.0000#0.0000#-0.0985
29.00:hum1:13.2624#-1.4632#0.8025#0.0000#0.0000#-0.0985
30.00:hum1:13.2624#-1.4632#0.8025#0.0000#0.0000#-0.0985
31.00:hum1:13.2624#-1.4632#0.8025#0.0000#0.0000#-0.0985
32.00:hum1:13.2624#-1.4632#0.8025#0.0000#0.0000#-0.0985
33.00:hum1:13.2624#-1.4632#0.8025#0.0000#0.0000#-0.0985
34.00:hum1:13.2624#-1.4632#0.8025#0.0000#0.0000#-0.0985
35.00:hum1:14.2454#-1.4438#0.8161#-0.0066#0.3012#0.0225
36.00:hum1:15.5760#-1.4152#0.8069#0.0017#-0.0822#0.0216
37.00:hum1:16.8700#-1.3874#0.8763#0.0172#-0.6820#0.0277
38.00:hum1:18.1930#-0.8871#0.9597#0.9727#-0.5981#1.2048
39.00:hum1:18.4806#0.3100#0.8496#0.5057#-0.1074#1.3799
40.00:hum1:18.6696#1.3351#0.8071#-0.0080#0.0004#1.5166
41.00:hum1:18.7288#2.4293#0.8215#-0.3154#0.0169#1.5193
42.00:hum1:18.7966#3.6790#0.8161#-0.3008#0.0162#1.5191
43.00:hum1:18.8093#3.9120#0.8044#0.0072#-0.0004#1.5166
44.00:hum1:18.8201#4.1115#0.8466#0.4940#-0.0258#1.5232
45.00:hum1:18.3750#4.6735#0.4025#0.0000#0.0000#-1.5700
46.00:hum1:18.3750#4.6735#0.4025#0.0000#0.0000#-1.5700
47.00:hum1:18.3750#4.6735#0.4025#0.0000#0.0000#-1.5700
48.00:hum1:18.3750#4.6735#0.4025#0.0000#0.0000#-1.5700
49.00:hum1:18.3750#4.6735#0.4025#0.0000#0.0000#-1.5700
50.00:hum1:18.3750#4.6735#0.4025#0.0000#0.0000#-1.5700
51.00:hum1:18.3750#4.6735#0.4025#0.0000#0.0000#-1.5700
52.00:hum1:18.3750#4.6735#0.4025#0.0000#0.0000#-1.5700
53.00:hum1:18.3750#4.6735#0.4025#0.0000#0.0000#-1.5700
54.00:hum1:18.3750#4.6735#0.4025#0.0000#0.0000#-1.5700
55.00:hum1:18.3750#4.6735#0.4025#0.0000#0.0000#-1.5700
56.00:hum1:18.3750#4.6735#0.4025#0.0000#0.0000#-1.5700
57.00:hum1:18.3750#4.6735#0.4025#0.0000#0.0000#-1.5700
58.00:hum1:18.3750#4.6735#0.4025#0.0000#0.0000#-1.5700
59.00:hum1:18.3750#4.6735#0.4025#0.0000#0.0000#-1.5700
60.00:hum1:18.3750#4.6735#0.4025#0.0000#0.0000#-1.5700
61.00:hum1:18.3750#4.6735#0.4025#0.0000#0.0000#-1.5700
62.00:hum1:18.3750#4.6735#0.4025#0.0000#0.0000#-1.5700
63.00:hum1:18.3750#4.6735#0.4025#0.0000#0.0000#-1.5700
64.00:hum1:18.3044#3.6304#0.8267#0.3713#-0.0341#-1.6579
65.00:hum1:18.1789#2.3161#0.8067#0.1556#-0.0118#-1.6456
66.00:hum1:18.0687#1.0158#0.8273#-0.3403#0.0283#-1.6502
67.00:hum1:17.7171#0.0393#0.9141#-0.6877#0.5985#-2.1717
68.00:hum1:16.8808#-0.9912#0.9413#-0.9133#0.4995#-1.9247
69.00:hum1:16.2920#-1.8607#0.8262#-0.2749#0.1827#-2.1428
70.00:hum1:15.6613#-2.9712#0.8116#0.1529#0.1209#-0.9064
71.00:hum1:15.9450#-3.7377#0.8267#0.2223#-0.3018#-2.4911
72.00:hum1:15.1345#-4.3125#0.8374#-0.2568#0.3437#-2.4793
73.00:hum1:15.1345#-4.3125#0.8374#-0.2568#0.3437#-2.4793