
1.00:hum1:-0.2750#-0.5250#0.8025#-0.0000#0.0000#-0.0000
2.00:hum1:-0.2750#-0.5250#0.8025#-0.0000#0.0000#-0.0000
3.00:hum1:-0.2750#-0.5250#0.8025#-0.0000#0.0000#-0.0000
4.00:hum1:-0.2750#-0.5250#0.8025#-0.0000#0.0000#-0.0000
5.00:hum1:-0.2750#-0.5250#0.8025#-0.0000#0.0000#-0.0000
6.00:hum1:-0.2750#-0.5250#0.8025#-0.0000#0.0000#-0.0000
7.00:hum1:-0.2750#-0.5250#0.8025#-0.0000#0.0000#-0.0000
8.00:hum1:-0.2750#-0.5250#0.8025#-0.0000#0.0000#-0.0000
9.00:hum1:-0.2750#-0.5250#0.8025#-0.0000#0.0000#-0.0000
10.00:hum1:-0.2750#-0.5250#0.8025#-0.0000#0.0000#-0.0000
11.00:hum1:0.4743#-0.7780#0.8496#-0.1291#-0.5010#-0.2636
12.00:hum1:1.4640#-0.9951#0.8071#0.0015#0.0079#-0.1905
13.00:hum1:2.5472#-1.2093#0.8215#0.0503#0.3119#-0.1621
14.00:hum1:3.6737#-1.2848#0.8161#0.2094#0.2181#-0.7762
15.00:hum1:4.8882#-1.5518#0.8120#0.0266#0.2687#-0.0997
16.00:hum1:4.8882#-1.5518#0.8120#0.0266#0.2687#-0.0997
17.00:hum1:5.7411#-1.5648#0.8281#-0.0279#0.3700#0.0773
18.00:hum1:7.0306#-1.4795#0.8120#-0.0223#0.2691#0.0839
19.00:hum1:8.3382#-1.3697#0.8115#0.0165#-0.1611#0.1026
20.00:hum1:9.6446#-1.2386#0.8908#0.1032#-0.7564#0.1501
21.00:hum1:9.6446#-1.2386#0.8908#0.1032#-0.7564#0.1501
22.00:hum1:9.6446#-1.2386#0.8908#0.1032#-0.7564#0.1501
23.00:hum1:10.8169#-1.3962#0.9598#-0.1179#-1.0835#-0.1329
24.00:hum1:11.9653#-1.5514#0.8721#-0.0722#-0.6540#-0.1180
25.00:hum1:12.4680#-1.5985#0.8115#-0.0153#-0.1613#-0.0947
26.00:hum1:12.4680#-1.5985#0.8115#-0.0153#-0.1613#-0.0947
27.00:hum1:12.4680#-1.5985#0.8115#-0.0153#-0.1613#-0.0947
28.00:hum1:12.4680#-1.5985#0.8115#-0.0153#-0.1613#-0.0947
29.00:hum1:12.4680#-1.5985#0.8115#-0.0153#-0.1613#-0.0947
30.00:hum1:12.4680#-1.5985#0.8115#-0.0153#-0.1613#-0.0947
31.00:hum1:12.8637#-1.7742#0.9484#-0.5640#-0.9247#-0.6696
32.00:hum1:13.7156#-2.1173#0.9377#-0.5167#-0.8864#-0.6324
33.00:hum1:13.7156#-2.1173#0.9377#-0.5167#-0.8864#-0.6324
34.00:hum1:13.5487#-2.0500#0.8025#0.0000#0.0000#-0.3829
35.00:hum1:13.5487#-2.0500#0.8025#0.0000#0.0000#-0.3829
36.00:hum1:13.5478#-3.1668#0.9598#-1.0556#-0.3369#-1.3854
37.00:hum1:14.9021#-2.9618#0.8721#0.2957#-0.5961#0.4975
38.00:hum1:15.8347#-2.5609#0.8102#0.0437#-0.1014#0.4082
39.00:hum1:16.6605#-2.2059#0.8025#-0.0000#0.0000#0.4060
40.00:hum1:16.6605#-2.2059#0.8025#-0.0000#0.0000#0.4060
41.00:hum1:16.6605#-2.2059#0.8025#-0.0000#0.0000#0.4060
42.00:hum1:16.6605#-2.2059#0.8025#-0.0000#0.0000#0.4060
43.00:hum1:16.6605#-2.2059#0.8025#-0.0000#0.0000#0.4060
44.00:hum1:16.6605#-2.2059#0.8025#-0.0000#0.0000#0.4060
45.00:hum1:16.6605#-2.2059#0.8025#-0.0000#0.0000#0.4060
46.00:hum1:16.6605#-2.2059#0.8025#-0.0000#0.0000#0.4060
47.00:hum1:16.6605#-2.2059#0.8025#-0.0000#0.0000#0.4060
48.00:hum1:16.6605#-2.2059#0.8025#-0.0000#0.0000#0.4060
49.00:hum1:16.6605#-2.2059#0.8025#-0.0000#0.0000#0.4060
50.00:hum1:16.6605#-2.2059#0.8025#-0.0000#0.0000#0.4060
51.00:hum1:16.6605#-2.2059#0.8025#-0.0000#0.0000#0.4060
52.00:hum1:16.6605#-2.2059#0.8025#-0.0000#0.0000#0.4060
53.00:hum1:16.6605#-2.2059#0.8025#-0.0000#0.0000#0.4060
54.00:hum1:16.6605#-2.2059#0.8025#-0.0000#0.0000#0.4060
55.00:hum1:16.6605#-2.2059#0.8025#-0.0000#0.0000#0.4060
56.00:hum1:16.6605#-2.2059#0.8025#-0.0000#0.0000#0.4060
57.00:hum1:16.6605#-2.2059#0.8025#-0.0000#0.0000#0.4060
58.00:hum1:16.7185#-2.1809#0.8025#-0.0000#0.0000#0.4060
59.00:hum1:16.7553#-2.1651#0.8025#-0.0000#0.0000#0.4060
60.00:hum1:17.7929#-1.7191#0.8496#0.2202#-0.4705#0.4590
61.00:hum1:18.4262#-0.6769#0.8071#-0.0079#0.0013#1.4126
62.00:hum1:18.5988#0.4052#0.8215#-0.3121#0.0490#1.4203
63.00:hum1:18.7341#1.6772#0.8161#-0.3010#0.0116#1.5338
64.00:hum1:18.7857#3.0072#0.8069#0.0821#-0.0032#1.5322
65.00:hum1:18.8119#3.6839#0.8244#-0.3634#0.0139#1.5346
66.00:hum1:18.8205#3.9050#0.8067#-0.1559#0.0061#1.5325
67.00:hum1:18.3750#4.6735#0.4025#0.0000#0.0000#-1.5700
68.00:hum1:18.3750#4.6735#0.4025#0.0000#0.0000#-1.5700
69.00:hum1:18.3750#4.6735#0.4025#0.0000#0.0000#-1.5700
70.00:hum1:18.3750#4.6735#0.4025#0.0000#0.0000#-1.5700
71.00:hum1:18.3750#4.6735#0.4025#0.0000#0.0000#-1.5700
72.00:hum1:18.3750#4.6735#0.4025#0.0000#0.0000#-1.5700
73.00:hum1:18.3750#4.6735#0.4025#0.0000#0.0000#-1.5700
74.00:hum1:18.3750#4.6735#0.4025#0.0000#0.0000#-1.5700
75.00:hum1:18.3750#4.6735#0.4025#0.0000#0.0000#-1.5700
76.00:hum1:18.3750#4.6735#0.4025#0.0000#0.0000#-1.5700
77.00:hum1:18.3750#4.6735#0.4025#0.0000#0.0000#-1.5700
78.00:hum1:18.3750#4.6735#0.4025#0.0000#0.0000#-1.5700
79.00:hum1:18.3750#4.6735#0.4025#0.0000#0.0000#-1.5700
80.00:hum1:18.3750#4.6735#0.4025#0.0000#0.0000#-1.5700
81.00:hum1:18.3750#4.6735#0.4025#0.0000#0.0000#-1.5700
82.00:hum1:18.3750#4.6735#0.4025#0.0000#0.0000#-1.5700
83.00:hum1:18.3750#4.6735#0.4025#0.0000#0.0000#-1.5700
84.00:hum1:18.3750#4.6735#0.4025#0.0000#0.0000#-1.5700
85.00:hum1:18.3750#4.6735#0.4025#0.0000#0.0000#-1.5700
86.00:hum1:18.3750#4.6735#0.4025#0.0000#0.0000#-1.5700
87.00:hum1:18.3053#3.5927#0.8102#-0.1099#0.0106#-1.6661
88.00:hum1:18.1965#2.5363#0.8171#0.2703#-0.0200#-1.6425
89.00:hum1:18.0961#1.3392#0.8204#0.3313#-0.0277#-1.6509
90.00:hum1:17.7368#-0.0223#0.8044#-0.0063#-0.0034#-1.0746
91.00:hum1:16.9825#-0.7819#0.8618#-0.5117#0.3190#-2.0798
92.00:hum1:16.2307#-1.8654#0.9598#-1.0016#0.5301#-1.8833
93.00:hum1:16.0339#-3.1341#0.8721#-0.6571#0.0201#-1.5965
94.00:hum1:15.7480#-3.7806#0.8102#-0.0665#0.0882#-2.4936
95.00:hum1:15.0298#-4.3215#0.8025#0.0000#-0.0000#-2.4955
96.00:hum1:15.0298#-4.3215#0.8025#0.0000#-0.0000#-2.4955