
2.00:hum1:-0.2750#-0.5250#0.8025#-0.0000#0.0000#-0.0000
3.00:hum1:-0.2750#-0.5250#0.8025#-0.0000#0.0000#-0.0000
4.00:hum1:-0.2750#-0.5250#0.8025#-0.0000#0.0000#-0.0000
5.00:hum1:-0.2750#-0.5250#0.8025#-0.0000#0.0000#-0.0000
6.00:hum1:-0.2750#-0.5250#0.8025#-0.0000#0.0000#-0.0000
7.00:hum1:-0.2750#-0.5250#0.8025#-0.0000#0.0000#-0.0000
8.00:hum1:-0.2750#-0.5250#0.8025#-0.0000#0.0000#-0.0000
9.00:hum1:-0.2750#-0.5250#0.8025#-0.0000#0.0000#-0.0000
10.00:hum1:0.4526#-0.8040#0.9191#-0.4063#-0.8293#-0.5278
11.00:hum1:1.4812#-1.0582#0.8168#-0.0459#-0.2209#-0.2061
12.00:hum1:2.4656#-1.2687#0.8153#0.0412#0.2436#-0.1688
13.00:hum1:3.5368#-1.4499#0.8168#-0.0538#-0.2192#-0.2423
14.00:hum1:3.6932#-1.4627#0.8244#0.0228#0.3629#-0.0640
15.00:hum1:4.7231#-1.4918#0.8267#-0.0130#0.3726#0.0360
16.00:hum1:6.0414#-1.4683#0.8067#-0.0084#0.1558#0.0546
17.00:hum1:7.1552#-1.4278#0.8048#-0.0041#0.0581#0.0709
18.00:hum1:8.2500#-1.3500#0.8044#0.0005#-0.0072#0.0717
19.00:hum1:9.4465#-1.2828#0.8273#0.0253#-0.3405#0.0760
20.00:hum1:10.5501#-1.2679#0.8466#0.0440#-0.4928#0.0932
21.00:hum1:11.8559#-1.1990#0.9377#0.1458#-0.9817#0.1752
22.00:hum1:12.5342#-1.1329#0.8115#0.0158#-0.1612#0.0984
23.00:hum1:12.5342#-1.1329#0.8115#0.0158#-0.1612#0.0984
24.00:hum1:12.5342#-1.1329#0.8115#0.0158#-0.1612#0.0984
25.00:hum1:12.5177#-1.1345#0.8025#-0.0000#0.0000#0.0971
26.00:hum1:12.5177#-1.1345#0.8025#-0.0000#0.0000#0.0971
27.00:hum1:12.5177#-1.1345#0.8025#-0.0000#0.0000#0.0971
28.00:hum1:12.5177#-1.1345#0.8025#-0.0000#0.0000#0.0971
29.00:hum1:12.5177#-1.1345#0.8025#-0.0000#0.0000#0.0971
30.00:hum1:12.5177#-1.1345#0.8025#-0.0000#0.0000#0.0971
31.00:hum1:12.5177#-1.1345#0.8025#-0.0000#0.0000#0.0971
32.00:hum1:12.5177#-1.1345#0.8025#-0.0000#0.0000#0.0971
33.00:hum1:13.0394#-1.1550#0.8496#-0.0201#-0.5156#-0.0403
34.00:hum1:13.5185#-1.1718#0.8025#0.0000#0.0000#-0.0351
35.00:hum1:13.5185#-1.1718#0.8025#0.0000#0.0000#-0.0351
36.00:hum1:13.5185#-1.1718#0.8025#0.0000#0.0000#-0.0351
37.00:hum1:13.5185#-1.1718#0.8025#0.0000#0.0000#-0.0351
38.00:hum1:13.5185#-1.1718#0.8025#0.0000#0.0000#-0.0351
39.00:hum1:13.5185#-1.1718#0.8025#0.0000#0.0000#-0.0351
40.00:hum1:13.5185#-1.1718#0.8025#0.0000#0.0000#-0.0351
41.00:hum1:14.1914#-1.1954#0.8244#0.0135#0.3634#-0.0376
42.00:hum1:15.5249#-1.2422#0.8048#0.0021#0.0582#-0.0351
43.00:hum1:16.8212#-1.2878#0.8466#-0.0191#-0.4942#-0.0399
44.00:hum1:18.1692#-0.8921#0.9377#0.8581#-0.5723#1.1334
45.00:hum1:18.5091#0.4134#0.9191#0.8902#-0.1685#1.4361
46.00:hum1:18.6791#1.4609#0.8168#0.2253#-0.0120#1.5189
47.00:hum1:18.7323#2.4580#0.8153#-0.2467#0.0131#1.5191
48.00:hum1:18.7971#3.6736#0.8244#-0.3631#0.0191#1.5210
49.00:hum1:18.8090#3.8946#0.8067#-0.1558#0.0083#1.5181
50.00:hum1:18.3750#4.6735#0.4025#0.0000#0.0000#-1.5700
51.00:hum1:18.3750#4.6735#0.4025#0.0000#0.0000#-1.5700
52.00:hum1:18.3750#4.6735#0.4025#0.0000#0.0000#-1.5700
53.00:hum1:18.3750#4.6735#0.4025#0.0000#0.0000#-1.5700
54.00:hum1:18.3750#4.6735#0.4025#0.0000#0.0000#-1.5700
55.00:hum1:18.3750#4.6735#0.4025#0.0000#0.0000#-1.5700
56.00:hum1:18.3750#4.6735#0.4025#0.0000#0.0000#-1.5700
57.00:hum1:18.3750#4.6735#0.4025#0.0000#0.0000#-1.5700
58.00:hum1:18.3750#4.6735#0.4025#0.0000#0.0000#-1.5700
59.00:hum1:18.3750#4.6735#0.4025#0.0000#0.0000#-1.5700
60.00:hum1:18.3750#4.6735#0.4025#0.0000#0.0000#-1.5700
61.00:hum1:18.3750#4.6735#0.4025#0.0000#0.0000#-1.5700
62.00:hum1:18.3750#4.6735#0.4025#0.0000#0.0000#-1.5700
63.00:hum1:18.3750#4.6735#0.4025#0.0000#0.0000#-1.5700
64.00:hum1:18.3750#4.6735#0.4025#0.0000#0.0000#-1.5700
65.00:hum1:18.3750#4.6735#0.4025#0.0000#0.0000#-1.5700
66.00:hum1:18.3750#4.6735#0.4025#0.0000#0.0000#-1.5700
67.00:hum1:18.3431#3.9849#0.8466#-0.4926#0.0458#-1.6555
68.00:hum1:18.2169#2.6810#0.9377#-0.9875#0.0630#-1.6119
69.00:hum1:18.1109#1.4539#0.9191#-0.8999#0.0656#-1.6224
70.00:hum1:17.9651#0.4882#0.8168#-0.2210#0.0453#-1.7695
71.00:hum1:17.3425#-0.1770#0.8153#0.2064#-0.1367#-2.1476
72.00:hum1:16.6535#-1.1853#0.8244#0.3090#-0.1948#-2.1155
73.00:hum1:15.9085#-2.2847#0.8048#0.0481#-0.0329#-2.1696
74.00:hum1:15.3274#-3.4017#0.8466#-0.4137#0.2792#-2.1309
75.00:hum1:14.7813#-4.1691#0.8025#0.0000#-0.0000#-2.1888
76.00:hum1:14.7813#-4.1691#0.8025#0.0000#-0.0000#-2.1888