
1.00:hum1:-0.2750#-0.5250#0.8025#-0.0000#0.0000#-0.0000
2.00:hum1:-0.2750#-0.5250#0.8025#-0.0000#0.0000#-0.0000
3.00:hum1:-0.2750#-0.5250#0.8025#-0.0000#0.0000#-0.0000
4.00:hum1:-0.2750#-0.5250#0.8025#-0.0000#0.0000#-0.0000
5.00:hum1:-0.2750#-0.5250#0.8025#-0.0000#0.0000#-0.0000
6.00:hum1:-0.2750#-0.5250#0.8025#-0.0000#0.0000#-0.0000
7.00:hum1:-0.2750#-0.5250#0.8025#-0.0000#0.0000#-0.0000
8.00:hum1:-0.2750#-0.5250#0.8025#-0.0000#0.0000#-0.0000
9.00:hum1:-0.2750#-0.5250#0.8025#-0.0000#0.0000#-0.0000
10.00:hum1:-0.2750#-0.5250#0.8025#-0.0000#0.0000#-0.0000
11.00:hum1:-0.2750#-0.5250#0.8025#-0.0000#0.0000#-0.0000
12.00:hum1:-0.2750#-0.5250#0.8025#-0.0000#0.0000#-0.0000
13.00:hum1:-0.2750#-0.5250#0.8025#-0.0000#0.0000#-0.0000
14.00:hum1:-0.2750#-0.5250#0.8025#-0.0000#0.0000#-0.0000
15.00:hum1:-0.2750#-0.5250#0.8025#-0.0000#0.0000#-0.0000
16.00:hum1:-0.2750#-0.5250#0.8025#-0.0000#0.0000#-0.0000
17.00:hum1:-0.2750#-0.5250#0.8025#-0.0000#0.0000#-0.0000
18.00:hum1:-0.2750#-0.5250#0.8025#-0.0000#0.0000#-0.0000
19.00:hum1:0.4125#-0.7558#0.8081#0.0284#0.1248#-0.2244
20.00:hum1:1.5285#-1.0022#0.8281#0.0763#0.3634#-0.2115
21.00:hum1:2.8011#-1.2489#0.8120#0.0479#0.2658#-0.1803
22.00:hum1:4.0972#-1.4655#0.8115#-0.0238#-0.1602#-0.1478
23.00:hum1:4.8845#-1.5811#0.8120#0.0401#0.2671#-0.1505
24.00:hum1:4.8845#-1.5811#0.8120#0.0401#0.2671#-0.1505
25.00:hum1:5.7045#-1.6126#0.8171#-0.0152#0.2706#0.0570
26.00:hum1:6.9126#-1.5418#0.8204#-0.0255#0.3315#0.0785
27.00:hum1:8.2632#-1.4484#0.8044#0.0007#-0.0071#0.0978
28.00:hum1:9.5551#-1.3339#0.8618#0.0745#-0.5913#0.1335
29.00:hum1:10.8728#-1.2053#0.9598#0.2248#-1.0736#0.2549
30.00:hum1:10.9127#-1.2004#0.8081#-0.0155#0.1271#0.1217
31.00:hum1:10.9127#-1.2004#0.8081#-0.0155#0.1271#0.1217
32.00:hum1:11.9520#-1.3472#0.8168#-0.0223#-0.2245#-0.0998
33.00:hum1:12.9454#-1.4643#0.8153#0.0222#0.2460#-0.0905
34.00:hum1:13.2490#-1.4911#0.8025#0.0000#0.0000#-0.0877
35.00:hum1:13.2490#-1.4911#0.8025#0.0000#0.0000#-0.0877
36.00:hum1:13.2945#-1.4915#0.8120#-0.0073#0.2699#0.0276
37.00:hum1:13.4767#-1.4866#0.8025#-0.0000#0.0000#0.0266
38.00:hum1:13.4767#-1.4866#0.8025#-0.0000#0.0000#0.0266
39.00:hum1:13.4767#-1.4866#0.8025#-0.0000#0.0000#0.0266
40.00:hum1:13.4767#-1.4866#0.8025#-0.0000#0.0000#0.0266
41.00:hum1:13.4767#-1.4866#0.8025#-0.0000#0.0000#0.0266
42.00:hum1:14.0879#-1.4704#0.8374#0.0119#-0.4258#0.0293
43.00:hum1:15.0721#-1.4441#0.8081#-0.0034#0.1280#0.0269
44.00:hum1:16.2089#-1.4138#0.8281#-0.0102#0.3709#0.0285
45.00:hum1:17.4994#-1.3794#0.8120#-0.0073#0.2699#0.0276
46.00:hum1:18.3835#-0.1871#0.8115#0.1584#-0.0341#1.3609
47.00:hum1:18.6603#1.0947#0.8908#0.7506#-0.1464#1.4160
48.00:hum1:18.7353#2.4278#0.9484#1.0364#-0.0444#1.5449
49.00:hum1:18.7909#3.5123#0.8374#0.4255#-0.0213#1.5241
50.00:hum1:18.8130#3.9420#0.8044#0.0072#-0.0004#1.5195
51.00:hum1:18.3750#4.6735#0.4025#0.0000#0.0000#-1.5700
52.00:hum1:18.3750#4.6735#0.4025#0.0000#0.0000#-1.5700
53.00:hum1:18.3750#4.6735#0.4025#0.0000#0.0000#-1.5700
54.00:hum1:18.3750#4.6735#0.4025#0.0000#0.0000#-1.5700
55.00:hum1:18.3750#4.6735#0.4025#0.0000#0.0000#-1.5700
56.00:hum1:18.3750#4.6735#0.4025#0.0000#0.0000#-1.5700
57.00:hum1:18.3750#4.6735#0.4025#0.0000#0.0000#-1.5700
58.00:hum1:18.3750#4.6735#0.4025#0.0000#0.0000#-1.5700
59.00:hum1:18.3750#4.6735#0.4025#0.0000#0.0000#-1.5700
60.00:hum1:18.3750#4.6735#0.4025#0.0000#0.0000#-1.5700
61.00:hum1:18.3750#4.6735#0.4025#0.0000#0.0000#-1.5700
62.00:hum1:18.3750#4.6735#0.4025#0.0000#0.0000#-1.5700
63.00:hum1:18.3750#4.6735#0.4025#0.0000#0.0000#-1.5700
64.00:hum1:18.3750#4.6735#0.4025#0.0000#0.0000#-1.5700
65.00:hum1:18.3750#4.6735#0.4025#0.0000#0.0000#-1.5700
66.00:hum1:18.3750#4.6735#0.4025#0.0000#0.0000#-1.5700
67.00:hum1:18.3750#4.6735#0.4025#0.0000#0.0000#-1.5700
68.00:hum1:18.2518#3.0316#0.8273#-0.3399#0.0321#-1.6609
69.00:hum1:18.1795#1.7234#0.9141#-0.8780#0.0288#-1.5944
70.00:hum1:17.7518#0.6836#0.9413#-0.9237#0.4739#-1.9025
71.00:hum1:17.3341#-0.1964#0.8262#-0.2524#0.2129#-2.2568
72.00:hum1:16.7693#-1.0396#0.8116#0.1648#-0.1040#-2.1286
73.00:hum1:16.1277#-2.0309#0.8267#0.3164#-0.2006#-2.1171
74.00:hum1:15.4484#-3.1596#0.8067#0.1335#-0.0810#-2.1131
75.00:hum1:14.8402#-4.1578#0.8025#0.0000#-0.0000#-2.1173