
1.00:hum1:-0.2750#-0.5250#0.8025#-0.0000#0.0000#-0.0000
2.00:hum1:-0.2750#-0.5250#0.8025#-0.0000#0.0000#-0.0000
3.00:hum1:-0.2750#-0.5250#0.8025#-0.0000#0.0000#-0.0000
4.00:hum1:-0.2750#-0.5250#0.8025#-0.0000#0.0000#-0.0000
5.00:hum1:-0.2750#-0.5250#0.8025#-0.0000#0.0000#-0.0000
6.00:hum1:-0.2750#-0.5250#0.8025#-0.0000#0.0000#-0.0000
7.00:hum1:-0.2750#-0.5250#0.8025#-0.0000#0.0000#-0.0000
8.00:hum1:-0.2750#-0.5250#0.8025#-0.0000#0.0000#-0.0000
9.00:hum1:-0.2750#-0.5250#0.8025#-0.0000#0.0000#-0.0000
10.00:hum1:-0.2750#-0.5250#0.8025#-0.0000#0.0000#-0.0000
11.00:hum1:-0.2750#-0.5250#0.8025#-0.0000#0.0000#-0.0000
12.00:hum1:0.4044#-0.7677#0.8081#0.0304#0.1244#-0.2403
13.00:hum1:1.5166#-1.0315#0.8281#0.0821#0.3622#-0.2280
14.00:hum1:2.7901#-1.2948#0.8120#0.0474#0.2659#-0.1784
15.00:hum1:3.5810#-1.4323#0.8721#-0.1316#-0.6460#-0.2161
16.00:hum1:3.7014#-1.4284#0.8244#0.0255#0.3628#-0.0714
17.00:hum1:4.7432#-1.4516#0.8025#-0.0000#0.0000#0.0108
18.00:hum1:4.7432#-1.4516#0.8025#-0.0000#0.0000#0.0108
19.00:hum1:4.7432#-1.4516#0.8025#-0.0000#0.0000#0.0108
20.00:hum1:4.7432#-1.4516#0.8025#-0.0000#0.0000#0.0108
21.00:hum1:4.7432#-1.4516#0.8025#-0.0000#0.0000#0.0108
22.00:hum1:4.7432#-1.4516#0.8025#-0.0000#0.0000#0.0108
23.00:hum1:4.7432#-1.4516#0.8025#-0.0000#0.0000#0.0108
24.00:hum1:4.7432#-1.4516#0.8025#-0.0000#0.0000#0.0108
25.00:hum1:4.7432#-1.4516#0.8025#-0.0000#0.0000#0.0108
26.00:hum1:4.7432#-1.4516#0.8025#-0.0000#0.0000#0.0108
27.00:hum1:4.7432#-1.4516#0.8025#-0.0000#0.0000#0.0108
28.00:hum1:4.7432#-1.4516#0.8025#-0.0000#0.0000#0.0108
29.00:hum1:4.7432#-1.4516#0.8025#-0.0000#0.0000#0.0108
30.00:hum1:4.7432#-1.4516#0.8025#-0.0000#0.0000#0.0108
31.00:hum1:4.7432#-1.4516#0.8025#-0.0000#0.0000#0.0108
32.00:hum1:4.7432#-1.4516#0.8025#-0.0000#0.0000#0.0108
33.00:hum1:4.7432#-1.4516#0.8025#-0.0000#0.0000#0.0108
34.00:hum1:4.7432#-1.4516#0.8025#-0.0000#0.0000#0.0108
35.00:hum1:4.7432#-1.4516#0.8025#-0.0000#0.0000#0.0108
36.00:hum1:5.0344#-1.4713#0.8048#0.0038#0.0581#-0.0651
37.00:hum1:6.3560#-1.4644#0.8466#0.0235#-0.4941#0.0498
38.00:hum1:7.6693#-1.3859#0.9377#0.1286#-0.9833#0.1545
39.00:hum1:8.9090#-1.3066#0.9191#0.1450#-0.8932#0.1856
40.00:hum1:9.8203#-1.2003#0.8025#-0.0000#0.0000#0.1161
41.00:hum1:9.8203#-1.2003#0.8025#-0.0000#0.0000#0.1161
42.00:hum1:9.8203#-1.2003#0.8025#-0.0000#0.0000#0.1161
43.00:hum1:9.8203#-1.2003#0.8025#-0.0000#0.0000#0.1161
44.00:hum1:9.8203#-1.2003#0.8025#-0.0000#0.0000#0.1161
45.00:hum1:9.9618#-1.3153#0.8161#0.1371#0.2691#-0.4785
46.00:hum1:10.5867#-1.6842#0.8102#-0.0816#-0.0744#-0.8326
47.00:hum1:11.4132#-2.4211#0.9413#-0.8018#-0.6898#-1.0185
48.00:hum1:11.8753#-2.9774#0.8025#0.0000#0.0000#-0.8269
49.00:hum1:11.8753#-2.9774#0.8025#0.0000#0.0000#-0.8269
50.00:hum1:13.0898#-2.4074#0.8908#0.4982#-0.6031#0.7649
51.00:hum1:12.8792#-3.0430#0.9484#-1.0365#0.0415#-1.5950
52.00:hum1:13.2066#-4.1355#0.8374#-0.3248#-0.2807#-0.8821
53.00:hum1:13.7097#-4.6920#0.8025#0.0000#0.0000#-0.8358
54.00:hum1:13.7097#-4.6920#0.8025#0.0000#0.0000#-0.8358