
1.00:hum1:-0.2750#-0.5250#0.8025#-0.0000#0.0000#-0.0000
2.00:hum1:-0.2750#-0.5250#0.8025#-0.0000#0.0000#-0.0000
3.00:hum1:-0.2750#-0.5250#0.8025#-0.0000#0.0000#-0.0000
4.00:hum1:-0.2750#-0.5250#0.8025#-0.0000#0.0000#-0.0000
5.00:hum1:-0.2750#-0.5250#0.8025#-0.0000#0.0000#-0.0000
6.00:hum1:-0.2750#-0.5250#0.8025#-0.0000#0.0000#-0.0000
7.00:hum1:-0.2750#-0.5250#0.8025#-0.0000#0.0000#-0.0000
8.00:hum1:-0.2750#-0.5250#0.8025#-0.0000#0.0000#-0.0000
9.00:hum1:-0.2750#-0.5250#0.8025#-0.0000#0.0000#-0.0000
10.00:hum1:-0.2750#-0.5250#0.8025#-0.0000#0.0000#-0.0000
11.00:hum1:-0.2750#-0.5250#0.8025#-0.0000#0.0000#-0.0000
12.00:hum1:0.2140#-0.7384#0.8025#0.0000#0.0000#-0.3784
13.00:hum1:0.2140#-0.7384#0.8025#0.0000#0.0000#-0.3784
14.00:hum1:0.2140#-0.7384#0.8025#0.0000#0.0000#-0.3784
15.00:hum1:0.2140#-0.7384#0.8025#0.0000#0.0000#-0.3784
16.00:hum1:1.1221#-0.9802#0.8618#-0.1308#-0.5825#-0.2343
17.00:hum1:2.3058#-1.2133#0.9141#-0.2066#-0.8602#-0.2694
18.00:hum1:3.5690#-1.4363#0.9413#-0.2496#-0.9841#-0.2967
19.00:hum1:3.5774#-1.4377#0.8721#-0.1245#-0.6472#-0.2042
20.00:hum1:4.0256#-1.4515#0.8044#-0.0004#-0.0072#-0.0573
21.00:hum1:5.3471#-1.4301#0.8618#0.0380#-0.5943#0.0681
22.00:hum1:6.5507#-1.3618#0.9141#0.0878#-0.8752#0.1145
23.00:hum1:7.8305#-1.2803#0.9413#0.1349#-0.9987#0.1604
24.00:hum1:8.8806#-1.2213#0.8262#0.0349#-0.3270#0.1085
25.00:hum1:9.4592#-1.1616#0.8273#0.0363#-0.3395#0.1089
26.00:hum1:9.4592#-1.1616#0.8273#0.0363#-0.3395#0.1089
27.00:hum1:9.9828#-1.2688#0.8244#0.0270#0.3627#-0.0756
28.00:hum1:10.9027#-1.3340#0.8102#-0.0079#-0.1101#-0.0711
29.00:hum1:10.9135#-1.3347#0.8025#0.0000#0.0000#-0.0707
30.00:hum1:10.9135#-1.3347#0.8025#0.0000#0.0000#-0.0707
31.00:hum1:10.9135#-1.3347#0.8025#0.0000#0.0000#-0.0707
32.00:hum1:10.9135#-1.3347#0.8025#0.0000#0.0000#-0.0707
33.00:hum1:10.9135#-1.3347#0.8025#0.0000#0.0000#-0.0707
34.00:hum1:10.9135#-1.3347#0.8025#0.0000#0.0000#-0.0707
35.00:hum1:11.8808#-1.5283#0.9597#-0.2563#-1.0689#-0.2902
36.00:hum1:12.3788#-1.7568#0.8025#0.0000#0.0000#-0.3693
37.00:hum1:12.3788#-1.7568#0.8025#0.0000#0.0000#-0.3693
38.00:hum1:12.3788#-1.7568#0.8025#0.0000#0.0000#-0.3693
39.00:hum1:12.3788#-1.7568#0.8025#0.0000#0.0000#-0.3693
40.00:hum1:12.3788#-1.7568#0.8025#0.0000#0.0000#-0.3693
41.00:hum1:12.3788#-1.7568#0.8025#0.0000#0.0000#-0.3693
42.00:hum1:12.3788#-1.7568#0.8025#0.0000#0.0000#-0.3693
43.00:hum1:12.3788#-1.7568#0.8025#0.0000#0.0000#-0.3693
44.00:hum1:12.3788#-1.7568#0.8025#0.0000#0.0000#-0.3693
45.00:hum1:12.3788#-1.7568#0.8025#0.0000#0.0000#-0.3693
46.00:hum1:12.3788#-1.7568#0.8025#0.0000#0.0000#-0.3693
47.00:hum1:13.0803#-2.4459#0.8069#0.0159#-0.0806#0.1958
48.00:hum1:14.3500#-2.1950#0.8763#0.1560#-0.6669#0.2493
49.00:hum1:14.5305#-2.1593#0.8025#-0.0000#0.0000#0.1952
50.00:hum1:14.5305#-2.1593#0.8025#-0.0000#0.0000#0.1952
51.00:hum1:14.5305#-2.1593#0.8025#-0.0000#0.0000#0.1952
52.00:hum1:14.5305#-2.1593#0.8025#-0.0000#0.0000#0.1952
53.00:hum1:14.5305#-2.1593#0.8025#-0.0000#0.0000#0.1952
54.00:hum1:14.5305#-2.1593#0.8025#-0.0000#0.0000#0.1952
55.00:hum1:14.6493#-2.1358#0.8102#0.0215#-0.1083#0.1963
56.00:hum1:15.6867#-1.9307#0.8171#-0.0537#0.2658#0.2023
57.00:hum1:16.8697#-1.6968#0.8204#-0.0667#0.3259#0.2061
58.00:hum1:18.1613#-1.0454#0.8044#0.0058#-0.0042#0.9511
59.00:hum1:18.5160#0.2949#0.8618#0.5864#-0.1097#1.4078
60.00:hum1:18.7010#1.6379#0.9598#1.0867#-0.0438#1.5481
61.00:hum1:18.7585#2.8044#0.8721#0.6568#-0.0302#1.5319
62.00:hum1:18.7641#2.9198#0.8025#-0.0000#0.0000#1.5216
63.00:hum1:18.7641#2.9198#0.8025#-0.0000#0.0000#1.5216
64.00:hum1:18.7641#2.9198#0.8025#-0.0000#0.0000#1.5216
65.00:hum1:18.7641#2.9198#0.8025#-0.0000#0.0000#1.5216
66.00:hum1:18.7641#2.9198#0.8025#-0.0000#0.0000#1.5216
67.00:hum1:18.7641#2.9198#0.8025#-0.0000#0.0000#1.5216
68.00:hum1:18.7641#2.9198#0.8025#-0.0000#0.0000#1.5216
69.00:hum1:18.3750#4.6735#0.4025#0.0000#0.0000#-1.5700
70.00:hum1:18.3750#4.6735#0.4025#0.0000#0.0000#-1.5700
71.00:hum1:18.3750#4.6735#0.4025#0.0000#0.0000#-1.5700
72.00:hum1:18.3750#4.6735#0.4025#0.0000#0.0000#-1.5700
73.00:hum1:18.3750#4.6735#0.4025#0.0000#0.0000#-1.5700
74.00:hum1:18.3750#4.6735#0.4025#0.0000#0.0000#-1.5700
75.00:hum1:18.3750#4.6735#0.4025#0.0000#0.0000#-1.5700
76.00:hum1:18.3750#4.6735#0.4025#0.0000#0.0000#-1.5700
77.00:hum1:18.3750#4.6735#0.4025#0.0000#0.0000#-1.5700
78.00:hum1:18.3750#4.6735#0.4025#0.0000#0.0000#-1.5700
79.00:hum1:18.3173#3.9757#0.9484#-1.0234#0.2119#-1.6979
80.00:hum1:18.2257#2.8526#0.8374#-0.4246#0.0358#-1.6495
81.00:hum1:18.1202#1.8717#0.8081#0.1277#-0.0094#-1.6435
82.00:hum1:17.7778#0.9244#0.8281#0.3258#-0.1807#-2.0594
83.00:hum1:17.1828#-0.1864#0.8120#0.2297#-0.1432#-2.1184
84.00:hum1:16.4845#-1.2921#0.8115#-0.1372#0.0863#-2.1287
85.00:hum1:15.7713#-2.3842#0.8908#-0.6699#0.3952#-2.0229
86.00:hum1:15.1751#-3.4961#0.9484#-0.9470#0.5134#-1.9102
87.00:hum1:14.6590#-4.2407#0.8025#0.0000#-0.0000#-2.1764