
2.00:-4.1099#-1.2873#0.2401#-0.0001#-0.0024#-0.0002
3.00:-4.1101#-1.2873#0.2401#-0.0001#-0.0025#-0.0002
4.00:-4.1102#-1.2874#0.2401#-0.0001#-0.0025#-0.0002
5.00:-4.1103#-1.2874#0.2401#-0.0001#-0.0025#-0.0003
6.00:-4.1104#-1.2874#0.2401#-0.0001#-0.0026#-0.0003
7.00:-4.1105#-1.2874#0.2401#-0.0001#-0.0026#-0.0003
8.00:-4.1106#-1.2874#0.2401#-0.0001#-0.0024#-0.0004
9.00:-4.1108#-1.2874#0.2401#-0.0001#-0.0024#-0.0006
10.00:-4.1108#-1.2874#0.2401#-0.0001#-0.0021#-0.0007
11.00:-4.0418#-1.2877#0.2402#-0.0001#-0.0032#-0.0022
12.00:-3.3007#-0.9476#0.2400#0.0004#-0.0007#0.8002
13.00:-3.2082#-0.8262#0.2401#0.0015#-0.0014#0.8734
14.00:-3.1976#-0.8371#0.2401#0.0011#-0.0019#0.5649
15.00:-3.1901#-0.8506#0.2401#0.0005#-0.0022#0.2592
16.00:-3.1873#-0.8655#0.2401#-0.0002#-0.0022#-0.0441
17.00:-2.8951#-0.9398#0.2401#-0.0005#-0.0018#-0.2160
18.00:-1.7675#-1.1792#0.2401#-0.0004#-0.0015#-0.2091
19.00:-0.6233#-1.4219#0.2401#-0.0004#-0.0016#-0.2090
20.00:-0.0679#-1.5388#0.2401#-0.0004#-0.0014#-0.1968
21.00:-0.0680#-1.5388#0.2401#-0.0004#-0.0014#-0.1969
22.00:-0.0680#-1.5388#0.2401#-0.0004#-0.0014#-0.1969
23.00:-0.0681#-1.5388#0.2401#-0.0003#-0.0014#-0.1970
24.00:-0.0682#-1.5388#0.2401#-0.0004#-0.0014#-0.1970
25.00:-0.0683#-1.5387#0.2401#-0.0004#-0.0015#-0.1970
26.00:-0.0683#-1.5387#0.2401#-0.0004#-0.0015#-0.1970
27.00:-0.0684#-1.5387#0.2401#-0.0003#-0.0014#-0.1970
28.00:-0.0685#-1.5387#0.2401#-0.0004#-0.0014#-0.1970
29.00:0.1964#-1.5942#0.2401#-0.0005#-0.0020#-0.2115
30.00:0.9501#-1.7634#0.2400#-0.0003#-0.0011#-0.2156
31.00:1.0430#-1.7585#0.2401#0.0001#-0.0026#0.0438
32.00:1.8148#-1.6793#0.2401#0.0001#-0.0016#0.0977
33.00:2.9751#-1.5652#0.2401#0.0000#-0.0016#0.0980
34.00:4.1353#-1.4511#0.2401#0.0000#-0.0015#0.0983
35.00:5.2955#-1.3365#0.2401#0.0000#-0.0016#0.0987
36.00:6.4594#-1.2212#0.2400#0.0001#-0.0017#0.0987
37.00:7.0416#-1.1574#0.2401#0.0001#-0.0017#0.1261
38.00:7.0642#-1.1737#0.2401#-0.0004#-0.0024#-0.1517
39.00:7.9461#-1.3614#0.2401#-0.0004#-0.0014#-0.2160
40.00:8.4719#-1.4628#0.2401#-0.0002#-0.0018#-0.0970
41.00:8.7844#-1.4386#0.2401#0.0001#-0.0018#0.0563
42.00:9.9211#-1.3977#0.2401#-0.0000#-0.0016#0.0351
43.00:11.0880#-1.3567#0.2400#-0.0000#-0.0011#0.0351
44.00:12.2550#-1.3157#0.2401#-0.0000#-0.0016#0.0351
45.00:13.4202#-1.2747#0.2401#-0.0000#-0.0017#0.0352
46.00:14.1089#-1.2479#0.2401#-0.0000#-0.0017#0.0407
47.00:14.1092#-1.2620#0.2401#-0.0006#-0.0021#-0.2462
48.00:14.1042#-1.2753#0.2401#-0.0012#-0.0019#-0.5369
49.00:14.0959#-1.2869#0.2401#-0.0017#-0.0014#-0.8260
50.00:14.0902#-1.3055#0.2401#-0.0022#-0.0010#-1.1067
51.00:14.4051#-2.0313#0.2400#-0.0009#-0.0004#-1.1548
52.00:14.4747#-2.1984#0.2401#-0.0021#-0.0005#-1.2689
53.00:14.4609#-2.2027#0.2401#-0.0026#0.0000#-1.5525
54.00:14.4299#-2.9594#0.2400#-0.0014#0.0001#-1.6067
55.00:14.3881#-4.1243#0.2400#-0.0014#0.0002#-1.6066
56.00:14.3465#-5.2895#0.2400#-0.0015#0.0002#-1.6065
57.00:14.3186#-6.0899#0.2400#-0.0011#0.0001#-1.6006
58.00:14.3185#-6.0945#0.2401#-0.0015#0.0001#-1.5997
59.00:14.3185#-6.0945#0.2401#-0.0015#0.0001#-1.5997
60.00:14.3185#-6.0944#0.2401#-0.0015#0.0001#-1.5996
61.00:14.3185#-6.0944#0.2401#-0.0014#0.0001#-1.5997
62.00:14.3185#-6.0943#0.2401#-0.0015#0.0001#-1.5997
63.00:14.3185#-6.0943#0.2401#-0.0014#0.0001#-1.5997
64.00:14.3185#-6.0942#0.2401#-0.0014#0.0001#-1.5997
65.00:14.3185#-6.0941#0.2401#-0.0014#0.0001#-1.5997
66.00:14.3185#-6.0940#0.2401#-0.0015#0.0001#-1.5998
67.00:14.3185#-6.0940#0.2401#-0.0015#0.0001#-1.5998
68.00:14.3185#-6.0939#0.2401#-0.0015#0.0001#-1.5998
69.00:14.3186#-6.0938#0.2401#-0.0015#0.0001#-1.5999
70.00:14.3186#-6.0938#0.2401#-0.0015#0.0001#-1.5999
71.00:14.3186#-6.0937#0.2401#-0.0015#0.0001#-1.5999
72.00:14.3186#-6.0937#0.2401#-0.0014#0.0001#-1.5999
73.00:14.3186#-6.0936#0.2401#-0.0014#0.0001#-1.5999
74.00:14.3186#-6.0936#0.2401#-0.0015#0.0001#-1.6000
75.00:14.3186#-6.0935#0.2401#-0.0015#0.0001#-1.6000
76.00:14.3186#-6.0934#0.2401#-0.0014#0.0001#-1.6000
77.00:14.3186#-6.0934#0.2401#-0.0014#0.0001#-1.6001
78.00:14.3186#-6.0933#0.2401#-0.0015#0.0001#-1.6001
79.00:14.3186#-6.0932#0.2401#-0.0015#0.0001#-1.6001
80.00:14.3186#-6.0932#0.2401#-0.0014#0.0001#-1.6001
81.00:14.3186#-6.0931#0.2401#-0.0015#0.0001#-1.6001
82.00:14.3186#-6.0931#0.2401#-0.0015#0.0001#-1.6000
83.00:14.3186#-6.0930#0.2401#-0.0015#0.0001#-1.6000
84.00:14.3186#-6.0930#0.2401#-0.0015#0.0001#-1.6000
85.00:14.3186#-6.0929#0.2401#-0.0014#0.0001#-1.6000
86.00:14.3186#-6.0929#0.2401#-0.0014#0.0001#-1.6001
87.00:14.3186#-6.0928#0.2401#-0.0015#0.0001#-1.6001
88.00:14.3348#-6.1610#0.2401#-0.0021#-0.0004#-1.3863
89.00:14.4681#-6.6783#0.2400#-0.0011#-0.0001#-1.3720
90.00:14.5118#-6.9741#0.2401#-0.0016#-0.0001#-1.4595