
1.00:hum1:-0.2750#-0.5250#0.8025#-0.0000#0.0000#-0.0000
2.00:hum1:-0.2750#-0.5250#0.8025#-0.0000#0.0000#-0.0000
3.00:hum1:-0.2750#-0.5250#0.8025#-0.0000#0.0000#-0.0000
4.00:hum1:-0.2750#-0.5250#0.8025#-0.0000#0.0000#-0.0000
5.00:hum1:-0.2750#-0.5250#0.8025#-0.0000#0.0000#-0.0000
6.00:hum1:-0.2750#-0.5250#0.8025#-0.0000#0.0000#-0.0000
7.00:hum1:-0.2750#-0.5250#0.8025#-0.0000#0.0000#-0.0000
8.00:hum1:-0.2750#-0.5250#0.8025#-0.0000#0.0000#-0.0000
9.00:hum1:-0.2750#-0.5250#0.8025#-0.0000#0.0000#-0.0000
10.00:hum1:-0.2750#-0.5250#0.8025#-0.0000#0.0000#-0.0000
11.00:hum1:-0.2750#-0.5250#0.8025#-0.0000#0.0000#-0.0000
12.00:hum1:-0.2750#-0.5250#0.8025#-0.0000#0.0000#-0.0000
13.00:hum1:-0.2750#-0.5250#0.8025#-0.0000#0.0000#-0.0000
14.00:hum1:0.5054#-0.6696#0.8102#-0.0112#-0.1098#-0.1018
15.00:hum1:3.2565#-0.9760#0.8273#-0.0174#-0.3410#-0.0517
16.00:hum1:5.9293#-1.2238#0.8244#0.0117#0.3634#-0.0327
17.00:hum1:9.9092#-1.4089#0.9377#-0.0160#-0.9887#-0.0188
18.00:hum1:13.0100#-0.8810#0.8153#0.0276#-0.2455#-3.0284
19.00:hum1:13.9337#-1.5015#0.8025#0.0000#0.0000#-1.2850
20.00:hum1:17.1934#-1.4559#0.8025#-0.0000#0.0000#0.0747
21.00:hum1:18.7412#1.2018#0.8025#-0.0000#0.0000#1.4323
22.00:hum1:18.8293#3.9968#0.8025#-0.0000#0.0000#1.5398
23.00:hum1:18.8367#4.2367#0.8025#-0.0000#0.0000#1.5398
24.00:hum1:18.3750#4.6735#0.4025#0.0000#0.0000#-1.5700
25.00:hum1:18.3750#4.6735#0.4025#0.0000#0.0000#-1.5700
26.00:hum1:18.3750#4.6735#0.4025#0.0000#0.0000#-1.5700
27.00:hum1:18.3750#4.6735#0.4025#0.0000#0.0000#-1.5700
28.00:hum1:18.3750#4.6735#0.4025#0.0000#0.0000#-1.5700
29.00:hum1:18.3750#4.6735#0.4025#0.0000#0.0000#-1.5700
30.00:hum1:18.3750#4.6735#0.4025#0.0000#0.0000#-1.5700
31.00:hum1:18.3750#4.6735#0.4025#0.0000#0.0000#-1.5700
32.00:hum1:18.3750#4.6735#0.4025#0.0000#0.0000#-1.5700
33.00:hum1:18.3750#4.6735#0.4025#0.0000#0.0000#-1.5700
34.00:hum1:18.3750#4.6735#0.4025#0.0000#0.0000#-1.5700
35.00:hum1:18.3750#4.6735#0.4025#0.0000#0.0000#-1.5700
36.00:hum1:18.3750#4.6735#0.4025#0.0000#0.0000#-1.5700
37.00:hum1:18.3750#4.6735#0.4025#0.0000#0.0000#-1.5700
38.00:hum1:18.3750#4.6735#0.4025#0.0000#0.0000#-1.5700
39.00:hum1:18.3750#4.6735#0.4025#0.0000#0.0000#-1.5700
40.00:hum1:18.3750#4.6735#0.4025#0.0000#0.0000#-1.5700
41.00:hum1:18.3751#4.1599#0.8153#0.2470#0.0001#-1.5700
42.00:hum1:18.1467#1.0223#0.9377#-0.9887#0.0153#-1.5805
43.00:hum1:17.1689#-0.4456#0.8025#0.0000#-0.0000#-2.3541
44.00:hum1:16.9900#-0.6463#0.8244#0.2493#-0.2675#-2.3746
45.00:hum1:15.2993#-3.2092#0.8215#0.2728#-0.1612#-2.0912
46.00:hum1:14.3451#-4.9314#0.8267#0.2891#-0.2388#-2.2424
47.00:hum1:13.9724#-5.3696#0.8618#-0.4766#0.3716#-2.1834
48.00:hum1:14.0457#-5.2833#0.8025#0.0000#-0.0000#-2.2747
49.00:hum1:14.0457#-5.2833#0.8025#0.0000#-0.0000#-2.2747
50.00:hum1:14.0457#-5.2833#0.8025#0.0000#-0.0000#-2.2747
51.00:hum1:14.0457#-5.2833#0.8025#0.0000#-0.0000#-2.2747
52.00:hum1:14.0457#-5.2833#0.8025#0.0000#-0.0000#-2.2747
53.00:hum1:14.0457#-5.2833#0.8025#0.0000#-0.0000#-2.2747
54.00:hum1:14.0457#-5.2833#0.8025#0.0000#-0.0000#-2.2747
55.00:hum1:14.0457#-5.2833#0.8025#0.0000#-0.0000#-2.2747
56.00:hum1:14.0457#-5.2833#0.8025#0.0000#-0.0000#-2.2747
57.00:hum1:14.0457#-5.2833#0.8025#0.0000#-0.0000#-2.2747
58.00:hum1:14.0457#-5.2833#0.8025#0.0000#-0.0000#-2.2747
59.00:hum1:14.0457#-5.2833#0.8025#0.0000#-0.0000#-2.2747
60.00:hum1:14.0457#-5.2833#0.8025#0.0000#-0.0000#-2.2747
61.00:hum1:14.0457#-5.2833#0.8025#0.0000#-0.0000#-2.2747