
2.00:hum1:-6.4000#-1.4250#0.8025#-0.0000#0.0000#-0.0000
3.00:hum1:-6.4000#-1.4250#0.8025#-0.0000#0.0000#-0.0000
4.00:hum1:-6.4000#-1.4250#0.8025#-0.0000#0.0000#-0.0000
5.00:hum1:-6.4000#-1.4250#0.8025#-0.0000#0.0000#-0.0000
6.00:hum1:-6.4000#-1.4250#0.8025#-0.0000#0.0000#-0.0000
7.00:hum1:-6.4000#-1.4250#0.8025#-0.0000#0.0000#-0.0000
8.00:hum1:-6.4000#-1.4250#0.8025#-0.0000#0.0000#-0.0000
9.00:hum1:-6.4000#-1.4250#0.8025#-0.0000#0.0000#-0.0000
10.00:hum1:-6.4000#-1.4250#0.8025#-0.0000#0.0000#-0.0000
11.00:hum1:-6.4000#-1.4250#0.8025#-0.0000#0.0000#-0.0000
12.00:hum1:-6.4000#-1.4250#0.8025#-0.0000#0.0000#-0.0000
13.00:hum1:-6.4000#-1.4250#0.8025#-0.0000#0.0000#-0.0000
14.00:hum1:-6.4000#-1.4250#0.8025#-0.0000#0.0000#-0.0000
15.00:hum1:-6.4000#-1.4250#0.8025#-0.0000#0.0000#-0.0000
16.00:hum1:-6.4000#-1.4250#0.8025#-0.0000#0.0000#-0.0000
17.00:hum1:-5.9470#-1.3708#0.8466#0.0660#-0.4905#0.1398
18.00:hum1:-4.6392#-1.1814#0.9377#0.2781#-0.9622#0.3353
19.00:hum1:-4.4657#-1.1481#0.8721#0.1440#-0.6437#0.2375
20.00:hum1:-4.4746#-1.1498#0.8374#0.0851#-0.4179#0.2074
21.00:hum1:-3.4250#-0.9487#0.9191#0.2332#-0.8794#0.2995
22.00:hum1:-2.4195#-0.7560#0.8168#0.0431#-0.2215#0.1941
23.00:hum1:-1.4389#-0.5680#0.8153#-0.0473#0.2425#0.1951
24.00:hum1:-0.2433#-0.3389#0.8244#-0.0714#0.3569#0.2022
25.00:hum1:1.0671#-0.0879#0.8048#-0.0110#0.0572#0.1896
26.00:hum1:2.3411#0.1562#0.8466#0.1010#-0.4850#0.2143
27.00:hum1:3.6233#0.4019#0.9377#0.2781#-0.9622#0.3353
28.00:hum1:4.8375#0.6345#0.9191#0.2332#-0.8794#0.2995
29.00:hum1:4.9509#0.6564#0.8204#-0.0648#0.3263#0.2000
30.00:hum1:4.9509#0.6564#0.8204#-0.0648#0.3263#0.2000
31.00:hum1:4.9509#0.6564#0.8204#-0.0648#0.3263#0.2000
32.00:hum1:4.8167#0.9862#0.8120#0.2695#-0.0174#-1.6335
33.00:hum1:4.8167#0.9862#0.8120#0.2695#-0.0174#-1.6335
34.00:hum1:4.8167#0.9862#0.8120#0.2695#-0.0174#-1.6335
35.00:hum1:4.8167#0.9862#0.8120#0.2695#-0.0174#-1.6335
36.00:hum1:4.8167#0.9862#0.8120#0.2695#-0.0174#-1.6335
37.00:hum1:4.8167#0.9862#0.8120#0.2695#-0.0174#-1.6335
38.00:hum1:4.8167#0.9862#0.8120#0.2695#-0.0174#-1.6335
39.00:hum1:4.8167#0.9862#0.8120#0.2695#-0.0174#-1.6335
40.00:hum1:4.8167#0.9862#0.8120#0.2695#-0.0174#-1.6335
41.00:hum1:4.8167#0.9862#0.8120#0.2695#-0.0174#-1.6335
42.00:hum1:4.8167#0.9862#0.8120#0.2695#-0.0174#-1.6335
43.00:hum1:5.6892#0.4986#0.8721#-0.1082#-0.6497#-0.1773
44.00:hum1:6.3958#0.1713#0.8102#-0.0833#-0.0725#-0.8559
45.00:hum1:7.1248#-0.6061#0.8171#0.1273#0.2399#-0.4936
46.00:hum1:7.6352#-0.8485#0.8204#0.2006#0.2669#-0.6566
47.00:hum1:8.3852#-1.3949#0.8721#-0.4267#-0.5164#-0.7438
48.00:hum1:9.2286#-2.0093#0.8496#-0.3225#-0.4101#-0.6971
49.00:hum1:10.0852#-2.6332#0.8721#-0.4267#-0.5164#-0.7438
50.00:hum1:10.7437#-3.1129#0.9141#-0.6175#-0.6713#-0.8511
51.00:hum1:11.1076#-2.9600#0.9598#0.5420#-0.9971#0.6223
52.00:hum1:11.1076#-2.9600#0.9598#0.5420#-0.9971#0.6223
53.00:hum1:11.1076#-2.9600#0.9598#0.5420#-0.9971#0.6223
54.00:hum1:11.1076#-2.9600#0.9598#0.5420#-0.9971#0.6223
55.00:hum1:11.1076#-2.9600#0.9598#0.5420#-0.9971#0.6223
56.00:hum1:11.1076#-2.9600#0.9598#0.5420#-0.9971#0.6223
57.00:hum1:11.1076#-2.9600#0.9598#0.5420#-0.9971#0.6223
58.00:hum1:11.1076#-2.9600#0.9598#0.5420#-0.9971#0.6223
59.00:hum1:11.1076#-2.9600#0.9598#0.5420#-0.9971#0.6223
60.00:hum1:11.1076#-2.9600#0.9598#0.5420#-0.9971#0.6223
61.00:hum1:11.1076#-2.9600#0.9598#0.5420#-0.9971#0.6223
62.00:hum1:11.1870#-2.9262#0.8102#0.0376#-0.1038#0.3489
63.00:hum1:12.1403#-2.5878#0.8171#-0.0458#0.2672#0.1722
64.00:hum1:12.6509#-2.5194#0.8204#-0.1280#0.3076#0.4022
65.00:hum1:13.5656#-1.6127#0.8044#-0.0026#0.0067#-2.7638
66.00:hum1:12.4348#-2.0507#0.8618#-0.2397#0.5504#-2.7042
67.00:hum1:13.4690#-2.1240#0.9598#0.6609#-0.9410#0.7664
68.00:hum1:14.5443#-1.9793#0.8721#0.0827#-0.6529#0.1359
69.00:hum1:15.5537#-1.8691#0.8102#0.0120#-0.1097#0.1099
70.00:hum1:15.6655#-1.3515#0.8171#0.0284#-0.2696#-3.0349
71.00:hum1:14.8188#-1.9384#0.8204#-0.0421#0.3298#0.1295
72.00:hum1:16.0260#-1.2719#0.8044#0.0019#0.0069#2.8671
73.00:hum1:14.7787#-0.9220#0.8618#0.1803#0.5706#2.8165
74.00:hum1:16.1331#-1.4123#0.9598#0.0187#-1.0871#0.0215
75.00:hum1:17.2112#-1.6619#0.8721#-0.1758#-0.6368#-0.2899
76.00:hum1:18.1991#-1.8951#0.8102#-0.0255#-0.1074#-0.2333
77.00:hum1:18.9788#-2.0793#0.8908#-0.2162#-0.7367#-0.3156
78.00:hum1:19.1872#-2.1285#0.9597#-0.4126#-1.0380#-0.4698