
2.00:-4.8099#-1.1623#0.2401#-0.0001#-0.0025#-0.0001
3.00:-4.8100#-1.1623#0.2401#-0.0001#-0.0024#-0.0001
4.00:-4.8100#-1.1623#0.2401#-0.0001#-0.0022#-0.0001
5.00:-4.8102#-1.1623#0.2401#-0.0001#-0.0025#-0.0002
6.00:-4.8103#-1.1623#0.2401#-0.0001#-0.0023#-0.0002
7.00:-4.8104#-1.1623#0.2401#-0.0001#-0.0025#-0.0002
8.00:-4.8105#-1.1623#0.2401#-0.0001#-0.0025#-0.0001
9.00:-4.8106#-1.1623#0.2401#-0.0001#-0.0023#-0.0002
10.00:-4.8106#-1.1624#0.2401#-0.0001#-0.0021#-0.0002
11.00:-4.8108#-1.1624#0.2401#-0.0001#-0.0022#-0.0003
12.00:-4.8109#-1.1624#0.2401#-0.0001#-0.0024#-0.0002
13.00:-4.6170#-1.1606#0.2401#0.0000#-0.0027#0.0482
14.00:-3.9413#-0.7421#0.2401#0.0011#-0.0010#0.9184
15.00:-3.9014#-0.6925#0.2401#0.0014#-0.0014#0.8188
16.00:-3.8922#-0.7050#0.2401#0.0010#-0.0020#0.5064
17.00:-3.8859#-0.7189#0.2401#0.0003#-0.0022#0.1990
18.00:-3.8839#-0.7339#0.2401#-0.0003#-0.0022#-0.1048
19.00:-3.4339#-0.8448#0.2401#-0.0005#-0.0020#-0.2238
20.00:-2.2969#-1.1034#0.2401#-0.0004#-0.0015#-0.2237
21.00:-1.1584#-1.3621#0.2401#-0.0003#-0.0012#-0.2234
22.00:-0.7443#-1.4486#0.2401#-0.0003#-0.0019#-0.1291
23.00:-0.5014#-1.4265#0.2401#0.0001#-0.0021#0.0820
24.00:0.6013#-1.3393#0.2401#0.0000#-0.0017#0.0789
25.00:1.7674#-1.2473#0.2401#0.0001#-0.0015#0.0786
26.00:2.9295#-1.1556#0.2401#0.0001#-0.0017#0.0789
27.00:3.7773#-1.0858#0.2400#-0.0000#-0.0011#0.0969
28.00:3.7966#-1.0962#0.2401#-0.0003#-0.0019#-0.1424
29.00:4.5363#-1.2542#0.2401#-0.0004#-0.0013#-0.2039
30.00:5.6777#-1.4904#0.2400#-0.0004#-0.0016#-0.2042
31.00:6.6743#-1.6942#0.2400#-0.0003#-0.0009#-0.1963
32.00:6.8203#-1.7064#0.2401#-0.0000#-0.0021#0.0059
33.00:7.2143#-1.6523#0.2401#0.0002#-0.0021#0.0998
34.00:8.3682#-1.5578#0.2401#0.0000#-0.0013#0.0814
35.00:9.5298#-1.4630#0.2401#0.0001#-0.0016#0.0816
36.00:10.6957#-1.3676#0.2401#0.0000#-0.0015#0.0818
37.00:11.8574#-1.2725#0.2401#0.0001#-0.0016#0.0816
38.00:12.7946#-1.1937#0.2400#-0.0000#-0.0010#0.0963
39.00:12.8388#-1.2000#0.2401#-0.0003#-0.0021#-0.1125
40.00:13.4490#-1.3552#0.2401#-0.0004#-0.0014#-0.2611
41.00:14.2260#-1.5562#0.2400#-0.0003#-0.0011#-0.2172
42.00:14.3532#-1.5501#0.2401#0.0000#-0.0022#0.0446
43.00:15.3094#-1.5122#0.2401#-0.0000#-0.0014#0.0334
44.00:16.4747#-1.4731#0.2401#-0.0001#-0.0015#0.0338
45.00:17.1042#-1.4479#0.2401#0.0000#-0.0016#0.0567
46.00:17.1041#-1.4480#0.2401#0.0000#-0.0015#0.0568
47.00:17.1040#-1.4480#0.2401#0.0000#-0.0016#0.0568
48.00:17.1039#-1.4480#0.2401#0.0000#-0.0015#0.0568
49.00:17.1039#-1.4480#0.2401#0.0000#-0.0015#0.0567
50.00:17.1038#-1.4480#0.2401#0.0000#-0.0016#0.0568
51.00:17.1037#-1.4480#0.2401#0.0000#-0.0015#0.0568
52.00:17.5814#-1.4282#0.2401#-0.0000#-0.0018#0.0286
53.00:18.7470#-1.3945#0.2401#-0.0000#-0.0018#0.0289
54.00:19.6898#-1.3654#0.2400#0.0001#-0.0009#0.0464
55.00:19.7355#-1.3738#0.2401#-0.0004#-0.0021#-0.1614
56.00:19.7352#-1.3744#0.2401#-0.0005#-0.0021#-0.1786
57.00:19.7350#-1.3743#0.2401#-0.0005#-0.0021#-0.1785