
1.00:hum1:-0.2750#-0.5250#0.8025#-0.0000#0.0000#-0.0000
2.00:hum1:-0.2750#-0.5250#0.8025#-0.0000#0.0000#-0.0000
3.00:hum1:-0.2750#-0.5250#0.8025#-0.0000#0.0000#-0.0000
4.00:hum1:-0.2750#-0.5250#0.8025#-0.0000#0.0000#-0.0000
5.00:hum1:-0.2750#-0.5250#0.8025#-0.0000#0.0000#-0.0000
6.00:hum1:-0.2750#-0.5250#0.8025#-0.0000#0.0000#-0.0000
7.00:hum1:-0.2750#-0.5250#0.8025#-0.0000#0.0000#-0.0000
8.00:hum1:-0.2750#-0.5250#0.8025#-0.0000#0.0000#-0.0000
9.00:hum1:-0.2750#-0.5250#0.8025#-0.0000#0.0000#-0.0000
10.00:hum1:-0.2750#-0.5250#0.8025#-0.0000#0.0000#-0.0000
11.00:hum1:-0.2750#-0.5250#0.8025#-0.0000#0.0000#-0.0000
12.00:hum1:-0.2750#-0.5250#0.8025#-0.0000#0.0000#-0.0000
13.00:hum1:-0.2750#-0.5250#0.8025#-0.0000#0.0000#-0.0000
14.00:hum1:-0.2750#-0.5250#0.8025#-0.0000#0.0000#-0.0000
15.00:hum1:-0.2750#-0.5250#0.8025#-0.0000#0.0000#-0.0000
16.00:hum1:-0.2750#-0.5250#0.8025#-0.0000#0.0000#-0.0000
17.00:hum1:0.4705#-0.6840#0.9484#-0.3297#-1.0030#-0.3852
18.00:hum1:1.5082#-0.7876#0.9597#-0.2268#-1.0729#-0.2565
19.00:hum1:2.3162#-0.8861#0.8025#0.0000#0.0000#-0.1213
20.00:hum1:3.6754#-1.0323#0.8721#-0.0746#-0.6538#-0.1220
21.00:hum1:4.7317#-1.1701#0.9191#-0.0873#-0.8985#-0.1111
22.00:hum1:7.1989#-1.3689#0.8120#0.0033#0.2700#-0.0120
23.00:hum1:10.7633#-1.4503#0.9484#-0.0177#-1.0369#-0.0202
24.00:hum1:12.4496#-1.9900#0.8281#0.3467#-0.1348#-1.9265
25.00:hum1:13.9400#-4.8747#0.8153#-0.1492#0.1976#0.6539
26.00:hum1:16.5777#-2.9144#0.8025#-0.0000#0.0000#0.6391
27.00:hum1:16.7703#-2.7713#0.8025#-0.0000#0.0000#0.6391
28.00:hum1:16.9399#-2.6453#0.8025#-0.0000#0.0000#0.6391
29.00:hum1:17.0362#-2.5737#0.8025#-0.0000#0.0000#0.6391
30.00:hum1:17.7543#-2.0399#0.8048#-0.0347#0.0467#0.6399
31.00:hum1:18.7275#0.6706#0.8161#-0.3000#0.0276#1.4823
32.00:hum1:18.8365#3.8923#0.8267#-0.3728#0.0064#1.5547
33.00:hum1:18.8415#4.1779#0.8048#-0.0582#0.0010#1.5535
34.00:hum1:18.3750#4.6735#0.4025#0.0000#0.0000#-1.5700
35.00:hum1:18.3750#4.6735#0.4025#0.0000#0.0000#-1.5700
36.00:hum1:18.3750#4.6735#0.4025#0.0000#0.0000#-1.5700
37.00:hum1:18.3750#4.6735#0.4025#0.0000#0.0000#-1.5700
38.00:hum1:18.3750#4.6735#0.4025#0.0000#0.0000#-1.5700
39.00:hum1:18.3750#4.6735#0.4025#0.0000#0.0000#-1.5700
40.00:hum1:18.3750#4.6735#0.4025#0.0000#0.0000#-1.5700
41.00:hum1:18.3750#4.6735#0.4025#0.0000#0.0000#-1.5700
42.00:hum1:18.3750#4.6735#0.4025#0.0000#0.0000#-1.5700
43.00:hum1:18.3750#4.6735#0.4025#0.0000#0.0000#-1.5700
44.00:hum1:18.3750#4.6735#0.4025#0.0000#0.0000#-1.5700
45.00:hum1:18.3750#4.6735#0.4025#0.0000#0.0000#-1.5700
46.00:hum1:18.3750#4.6735#0.4025#0.0000#0.0000#-1.5700
47.00:hum1:18.3750#4.6735#0.4025#0.0000#0.0000#-1.5700
48.00:hum1:18.3750#4.6735#0.4025#0.0000#0.0000#-1.5700
49.00:hum1:18.3750#4.6735#0.4025#0.0000#0.0000#-1.5700
50.00:hum1:18.3750#4.6735#0.4025#0.0000#0.0000#-1.5700
51.00:hum1:18.3750#4.6735#0.4025#0.0000#0.0000#-1.5700
52.00:hum1:18.3750#4.6735#0.4025#0.0000#0.0000#-1.5700
53.00:hum1:18.3750#4.6735#0.4025#0.0000#0.0000#-1.5700
54.00:hum1:18.3752#3.9402#0.8618#-0.5954#-0.0003#-1.5701
55.00:hum1:18.2152#2.6963#0.8153#0.2467#-0.0130#-1.6222
56.00:hum1:17.6642#0.1614#0.8466#-0.3834#0.3205#-2.2336
57.00:hum1:16.8685#-1.6883#0.8168#0.1970#-0.1106#1.0657
58.00:hum1:14.9243#-3.8616#0.8025#0.0000#-0.0000#-2.1222
59.00:hum1:16.3301#-1.5673#0.8161#0.2587#-0.1561#-2.1017
60.00:hum1:14.3369#-4.7875#0.8618#-0.5310#0.2834#-2.0148
61.00:hum1:14.1614#-5.0934#0.8374#-0.3749#0.2072#-2.0523
62.00:hum1:14.1998#-5.0266#0.8025#0.0000#-0.0000#-2.0917
63.00:hum1:14.1998#-5.0266#0.8025#0.0000#-0.0000#-2.0917
64.00:hum1:14.1998#-5.0266#0.8025#0.0000#-0.0000#-2.0917
65.00:hum1:14.1998#-5.0266#0.8025#0.0000#-0.0000#-2.0917
66.00:hum1:14.1998#-5.0266#0.8025#0.0000#-0.0000#-2.0917
67.00:hum1:14.1998#-5.0266#0.8025#0.0000#-0.0000#-2.0917
68.00:hum1:14.1998#-5.0266#0.8025#0.0000#-0.0000#-2.0917
69.00:hum1:14.1998#-5.0266#0.8025#0.0000#-0.0000#-2.0917
70.00:hum1:14.1998#-5.0266#0.8025#0.0000#-0.0000#-2.0917
71.00:hum1:14.1998#-5.0266#0.8025#0.0000#-0.0000#-2.0917
72.00:hum1:14.1998#-5.0266#0.8025#0.0000#-0.0000#-2.0917