
1.00:hum1:-0.2750#-0.5250#0.8025#-0.0000#0.0000#-0.0000
2.00:hum1:-0.2750#-0.5250#0.8025#-0.0000#0.0000#-0.0000
3.00:hum1:-0.2750#-0.5250#0.8025#-0.0000#0.0000#-0.0000
4.00:hum1:-0.2750#-0.5250#0.8025#-0.0000#0.0000#-0.0000
5.00:hum1:-0.2750#-0.5250#0.8025#-0.0000#0.0000#-0.0000
6.00:hum1:-0.2750#-0.5250#0.8025#-0.0000#0.0000#-0.0000
7.00:hum1:-0.2750#-0.5250#0.8025#-0.0000#0.0000#-0.0000
8.00:hum1:-0.2750#-0.5250#0.8025#-0.0000#0.0000#-0.0000
9.00:hum1:-0.2750#-0.5250#0.8025#-0.0000#0.0000#-0.0000
10.00:hum1:-0.2750#-0.5250#0.8025#-0.0000#0.0000#-0.0000
11.00:hum1:-0.2750#-0.5250#0.8025#-0.0000#0.0000#-0.0000
12.00:hum1:-0.2750#-0.5250#0.8025#-0.0000#0.0000#-0.0000
13.00:hum1:-0.2750#-0.5250#0.8025#-0.0000#0.0000#-0.0000
14.00:hum1:-0.2750#-0.5250#0.8025#-0.0000#0.0000#-0.0000
15.00:hum1:-0.2750#-0.5250#0.8025#-0.0000#0.0000#-0.0000
16.00:hum1:0.2286#-0.7134#0.9141#-0.3752#-0.8146#-0.4959
17.00:hum1:1.5060#-1.0225#0.9413#-0.2864#-0.9773#-0.3410
18.00:hum1:2.1569#-1.1799#0.8025#0.0000#0.0000#-0.1391
19.00:hum1:2.1569#-1.1799#0.8025#0.0000#0.0000#-0.1391
20.00:hum1:2.1569#-1.1799#0.8025#0.0000#0.0000#-0.1391
21.00:hum1:2.1569#-1.1799#0.8025#0.0000#0.0000#-0.1391
22.00:hum1:2.1569#-1.1799#0.8025#0.0000#0.0000#-0.1391
23.00:hum1:2.1569#-1.1799#0.8025#0.0000#0.0000#-0.1391
24.00:hum1:2.1569#-1.1799#0.8025#0.0000#0.0000#-0.1391
25.00:hum1:3.4384#-1.3434#0.9377#-0.1126#-0.9846#-0.1345
26.00:hum1:4.6770#-1.4276#0.9191#-0.0653#-0.8999#-0.0829
27.00:hum1:5.7085#-1.4811#0.8168#-0.0027#-0.2256#-0.0116
28.00:hum1:6.5428#-1.4906#0.9141#-0.0140#-0.8783#-0.0178
29.00:hum1:6.5428#-1.4906#0.9141#-0.0140#-0.8783#-0.0178
30.00:hum1:7.1862#-1.4646#0.8048#-0.0066#0.0578#0.1138
31.00:hum1:8.4818#-1.3304#0.8466#0.0750#-0.4893#0.1588
32.00:hum1:8.8359#-1.2804#0.8153#-0.0351#0.2446#0.1443
33.00:hum1:8.8359#-1.2804#0.8153#-0.0351#0.2446#0.1443
34.00:hum1:9.8939#-1.3722#0.9413#-0.0885#-1.0021#-0.1046
35.00:hum1:9.7766#-1.3655#0.8025#0.0000#0.0000#-0.0561
36.00:hum1:9.7766#-1.3655#0.8025#0.0000#0.0000#-0.0561
37.00:hum1:9.7766#-1.3655#0.8025#0.0000#0.0000#-0.0561
38.00:hum1:9.7766#-1.3655#0.8025#0.0000#0.0000#-0.0561
39.00:hum1:9.7766#-1.3655#0.8025#0.0000#0.0000#-0.0561
40.00:hum1:10.9177#-1.4630#0.8102#-0.0037#-0.1103#-0.0337
41.00:hum1:11.9815#-1.4880#0.8171#0.0016#0.2710#-0.0058
42.00:hum1:13.3538#-1.4932#0.8025#-0.0000#0.0000#0.0108
43.00:hum1:13.4458#-1.4922#0.8025#-0.0000#0.0000#0.0108
44.00:hum1:13.4458#-1.4922#0.8025#-0.0000#0.0000#0.0108
45.00:hum1:13.4458#-1.4922#0.8025#-0.0000#0.0000#0.0108
46.00:hum1:13.4458#-1.4922#0.8025#-0.0000#0.0000#0.0108
47.00:hum1:13.4458#-1.4922#0.8025#-0.0000#0.0000#0.0108
48.00:hum1:13.4458#-1.4922#0.8025#-0.0000#0.0000#0.0108
49.00:hum1:13.4458#-1.4922#0.8025#-0.0000#0.0000#0.0108
50.00:hum1:13.4458#-1.4922#0.8025#-0.0000#0.0000#0.0108
51.00:hum1:14.3109#-1.4683#0.8161#-0.0085#0.3011#0.0288
52.00:hum1:15.6414#-1.4317#0.8069#0.0022#-0.0821#0.0277
53.00:hum1:16.9352#-1.3960#0.8763#0.0221#-0.6819#0.0355
54.00:hum1:18.2380#-0.8532#0.9597#0.9782#-0.5859#1.2148
55.00:hum1:18.5101#0.3470#0.8496#0.5068#-0.1012#1.3911
56.00:hum1:18.6876#1.3724#0.8071#-0.0080#0.0004#1.5215
57.00:hum1:18.7415#2.4669#0.8215#-0.3155#0.0154#1.5239
58.00:hum1:18.8032#3.7170#0.8161#-0.3009#0.0147#1.5237
59.00:hum1:18.3750#4.6735#0.4025#0.0000#0.0000#-1.5700
60.00:hum1:18.3750#4.6735#0.4025#0.0000#0.0000#-1.5700
61.00:hum1:18.3750#4.6735#0.4025#0.0000#0.0000#-1.5700
62.00:hum1:18.3750#4.6735#0.4025#0.0000#0.0000#-1.5700
63.00:hum1:18.3750#4.6735#0.4025#0.0000#0.0000#-1.5700
64.00:hum1:18.3750#4.6735#0.4025#0.0000#0.0000#-1.5700
65.00:hum1:18.3750#4.6735#0.4025#0.0000#0.0000#-1.5700
66.00:hum1:18.3750#4.6735#0.4025#0.0000#0.0000#-1.5700
67.00:hum1:18.3750#4.6735#0.4025#0.0000#0.0000#-1.5700
68.00:hum1:18.3750#4.6735#0.4025#0.0000#0.0000#-1.5700
69.00:hum1:18.3750#4.6735#0.4025#0.0000#0.0000#-1.5700
70.00:hum1:18.3688#4.1799#0.8115#-0.1572#0.0394#-1.8142
71.00:hum1:18.2356#2.8328#0.8908#-0.7606#0.0504#-1.6234
72.00:hum1:18.1058#1.5456#0.9484#-1.0358#0.0625#-1.6074
73.00:hum1:18.1103#1.6078#0.8025#0.0000#-0.0000#-1.6429
74.00:hum1:18.1103#1.6078#0.8025#0.0000#-0.0000#-1.6429
75.00:hum1:18.1103#1.6078#0.8025#0.0000#-0.0000#-1.6429
76.00:hum1:18.1103#1.6078#0.8025#0.0000#-0.0000#-1.6429
77.00:hum1:18.0748#1.4055#0.8204#0.3281#-0.0547#-1.7297
78.00:hum1:17.5692#0.3077#0.8044#-0.0059#0.0041#-2.1759
79.00:hum1:16.8461#-0.7809#0.8618#-0.5225#0.2998#-2.0443
80.00:hum1:16.1328#-1.8861#0.9598#-1.0095#0.5084#-1.8675
81.00:hum1:15.9684#-3.1651#0.8721#-0.6567#0.0317#-1.6116
82.00:hum1:15.6815#-3.8274#0.8102#-0.0683#0.0868#-2.4728
83.00:hum1:14.9747#-4.3832#0.8025#0.0000#-0.0000#-2.4748