
2.00:-4.1099#-1.2873#0.2401#-0.0001#-0.0024#-0.0002
3.00:-4.1101#-1.2873#0.2401#-0.0001#-0.0025#-0.0002
4.00:-4.1102#-1.2874#0.2401#-0.0001#-0.0025#-0.0002
5.00:-4.1103#-1.2874#0.2401#-0.0001#-0.0025#-0.0003
6.00:-4.1104#-1.2874#0.2401#-0.0001#-0.0026#-0.0003
7.00:-4.1105#-1.2874#0.2401#-0.0001#-0.0026#-0.0003
8.00:-4.1106#-1.2874#0.2401#-0.0001#-0.0024#-0.0004
9.00:-4.1108#-1.2874#0.2401#-0.0001#-0.0024#-0.0006
10.00:-4.1108#-1.2874#0.2401#-0.0001#-0.0021#-0.0007
11.00:-4.1109#-1.2874#0.2401#-0.0001#-0.0022#-0.0007
12.00:-4.1111#-1.2874#0.2401#-0.0001#-0.0025#-0.0008
13.00:-4.1112#-1.2874#0.2401#-0.0001#-0.0023#-0.0008
14.00:-3.7886#-1.2907#0.2402#-0.0001#-0.0030#0.0143
15.00:-3.1745#-1.0696#0.2401#0.0011#-0.0013#0.7539
16.00:-3.1658#-1.0804#0.2401#0.0009#-0.0019#0.4729
17.00:-3.1608#-1.0946#0.2401#0.0002#-0.0022#0.1626
18.00:-3.1370#-1.1101#0.2401#-0.0003#-0.0024#-0.1207
19.00:-2.2356#-1.2318#0.2401#-0.0003#-0.0016#-0.1286
20.00:-1.0793#-1.3815#0.2401#-0.0003#-0.0015#-0.1286
21.00:0.0767#-1.5309#0.2401#-0.0003#-0.0017#-0.1286
22.00:1.2062#-1.6771#0.2400#-0.0002#-0.0011#-0.1290
23.00:1.4962#-1.7041#0.2401#-0.0000#-0.0021#0.0012
24.00:1.7672#-1.6476#0.2401#0.0004#-0.0021#0.1983
25.00:2.8710#-1.4302#0.2401#0.0002#-0.0016#0.1942
26.00:4.0187#-1.2046#0.2401#0.0002#-0.0016#0.1940
27.00:4.4664#-1.1201#0.2401#0.0001#-0.0017#0.1393
28.00:4.5219#-1.1403#0.2401#-0.0004#-0.0021#-0.1344
29.00:5.5036#-1.2886#0.2400#-0.0003#-0.0015#-0.1493
30.00:6.6565#-1.4619#0.2400#-0.0003#-0.0015#-0.1489
31.00:7.4486#-1.5735#0.2400#-0.0001#-0.0011#-0.0987
32.00:7.5731#-1.5534#0.2401#0.0003#-0.0021#0.1576
33.00:8.5158#-1.4273#0.2401#0.0002#-0.0015#0.1241
34.00:9.6725#-1.2828#0.2401#0.0002#-0.0015#0.1242
35.00:10.8292#-1.1382#0.2401#0.0001#-0.0015#0.1245
36.00:11.8688#-1.0079#0.2400#0.0000#-0.0011#0.1301
37.00:11.9805#-1.0005#0.2401#-0.0002#-0.0022#-0.0326
38.00:12.3703#-1.0864#0.2401#-0.0005#-0.0018#-0.2214
39.00:13.3589#-1.3144#0.2400#-0.0003#-0.0010#-0.2117
40.00:13.5058#-1.3260#0.2401#-0.0000#-0.0026#0.0062
41.00:13.7502#-1.3143#0.2401#-0.0001#-0.0019#-0.0209
42.00:13.7492#-1.3286#0.2401#-0.0008#-0.0021#-0.3094
43.00:13.7436#-1.3420#0.2401#-0.0013#-0.0018#-0.5987
44.00:13.7345#-1.3531#0.2401#-0.0018#-0.0013#-0.8888
45.00:13.8498#-1.5827#0.2401#-0.0016#-0.0008#-1.0738
46.00:14.2208#-2.2664#0.2400#-0.0010#-0.0005#-1.0491
47.00:14.2148#-2.2816#0.2401#-0.0021#-0.0005#-1.3067
48.00:14.2250#-2.5391#0.2401#-0.0019#-0.0001#-1.5002
49.00:14.2992#-3.6779#0.2400#-0.0013#-0.0000#-1.5054
50.00:14.3754#-4.8412#0.2400#-0.0013#-0.0000#-1.5053
51.00:14.4519#-6.0084#0.2400#-0.0012#-0.0001#-1.5053
52.00:14.5031#-6.7004#0.2401#-0.0014#-0.0001#-1.4662
53.00:14.5031#-6.7003#0.2401#-0.0016#-0.0001#-1.4659
54.00:14.5031#-6.7001#0.2401#-0.0017#-0.0001#-1.4659
55.00:14.5030#-6.7001#0.2401#-0.0016#-0.0001#-1.4658
56.00:14.5030#-6.7000#0.2401#-0.0016#-0.0001#-1.4658
57.00:14.5030#-6.7000#0.2401#-0.0016#-0.0001#-1.4658
58.00:14.5030#-6.6999#0.2401#-0.0015#-0.0001#-1.4658
59.00:14.5030#-6.6998#0.2401#-0.0015#-0.0001#-1.4658
60.00:14.5030#-6.6998#0.2401#-0.0015#-0.0001#-1.4659
61.00:14.5030#-6.6997#0.2401#-0.0015#-0.0001#-1.4659
62.00:14.5029#-6.6996#0.2401#-0.0015#-0.0001#-1.4659
63.00:14.5029#-6.6996#0.2401#-0.0015#-0.0001#-1.4658
64.00:14.5029#-6.6995#0.2401#-0.0015#-0.0001#-1.4658
65.00:14.5029#-6.6994#0.2401#-0.0016#-0.0001#-1.4658
66.00:14.5029#-6.6994#0.2401#-0.0014#-0.0001#-1.4658
67.00:14.5029#-6.6993#0.2401#-0.0015#-0.0001#-1.4658
68.00:14.5029#-6.6992#0.2401#-0.0015#-0.0001#-1.4659
69.00:14.5028#-6.6991#0.2401#-0.0016#-0.0001#-1.4658
70.00:14.5028#-6.6991#0.2401#-0.0016#-0.0001#-1.4658
71.00:14.5028#-6.6990#0.2401#-0.0015#-0.0001#-1.4658
72.00:14.5028#-6.6989#0.2401#-0.0015#-0.0001#-1.4659
73.00:14.5028#-6.6989#0.2401#-0.0016#-0.0001#-1.4659
74.00:14.5028#-6.6988#0.2401#-0.0016#-0.0001#-1.4659
75.00:14.5027#-6.6987#0.2401#-0.0016#-0.0001#-1.4659
76.00:14.5027#-6.6987#0.2401#-0.0015#-0.0001#-1.4659
77.00:14.5027#-6.6986#0.2401#-0.0016#-0.0001#-1.4658
78.00:14.5027#-6.6985#0.2401#-0.0015#-0.0001#-1.4659
79.00:14.5027#-6.6984#0.2401#-0.0017#-0.0001#-1.4659
80.00:14.5027#-6.6984#0.2401#-0.0015#-0.0001#-1.4659
81.00:14.5027#-6.6983#0.2401#-0.0015#-0.0001#-1.4659
82.00:14.5027#-6.6982#0.2401#-0.0015#-0.0001#-1.4659
83.00:14.5027#-6.6982#0.2401#-0.0015#-0.0001#-1.4659
84.00:14.5027#-6.6981#0.2401#-0.0015#-0.0001#-1.4659
85.00:14.5027#-6.6980#0.2401#-0.0015#-0.0001#-1.4658
86.00:14.5026#-6.6979#0.2401#-0.0016#-0.0001#-1.4659
87.00:14.5026#-6.6978#0.2401#-0.0016#-0.0001#-1.4659
88.00:14.5026#-6.6978#0.2401#-0.0016#-0.0001#-1.4659
89.00:14.5026#-6.6977#0.2401#-0.0015#-0.0001#-1.4659
90.00:14.5026#-6.6977#0.2401#-0.0015#-0.0001#-1.4659
91.00:14.5026#-6.6976#0.2401#-0.0015#-0.0001#-1.4659
92.00:14.5026#-6.6975#0.2401#-0.0015#-0.0001#-1.4660
93.00:14.5025#-6.6974#0.2401#-0.0016#-0.0001#-1.4660
94.00:14.5025#-6.6974#0.2401#-0.0015#-0.0001#-1.4660
95.00:14.5025#-6.6973#0.2401#-0.0017#-0.0001#-1.4660
96.00:14.5025#-6.6972#0.2401#-0.0015#-0.0001#-1.4660
97.00:14.5025#-6.6971#0.2401#-0.0016#-0.0001#-1.4661
98.00:14.5025#-6.6971#0.2401#-0.0016#-0.0001#-1.4661
99.00:14.5025#-6.6970#0.2401#-0.0015#-0.0001#-1.4661
100.00:14.5024#-6.6969#0.2401#-0.0015#-0.0001#-1.4661
101.00:14.5024#-6.6968#0.2401#-0.0016#-0.0001#-1.4661
102.00:14.5024#-6.6968#0.2401#-0.0015#-0.0001#-1.4661
103.00:14.5024#-6.6967#0.2401#-0.0015#-0.0001#-1.4661
104.00:14.5024#-6.6966#0.2401#-0.0016#-0.0001#-1.4661