
2.00:hum1:-0.2750#-0.5250#0.8025#-0.0000#0.0000#-0.0000
3.00:hum1:-0.2750#-0.5250#0.8025#-0.0000#0.0000#-0.0000
4.00:hum1:-0.2750#-0.5250#0.8025#-0.0000#0.0000#-0.0000
5.00:hum1:-0.2750#-0.5250#0.8025#-0.0000#0.0000#-0.0000
6.00:hum1:-0.2750#-0.5250#0.8025#-0.0000#0.0000#-0.0000
7.00:hum1:-0.2750#-0.5250#0.8025#-0.0000#0.0000#-0.0000
8.00:hum1:-0.2750#-0.5250#0.8025#-0.0000#0.0000#-0.0000
9.00:hum1:-0.2750#-0.5250#0.8025#-0.0000#0.0000#-0.0000
10.00:hum1:0.4584#-0.7959#0.9191#-0.3951#-0.8337#-0.5127
11.00:hum1:0.4584#-0.7959#0.9191#-0.3951#-0.8337#-0.5127
12.00:hum1:0.4585#-0.7852#0.8262#-0.0909#-0.3164#-0.2848
13.00:hum1:1.4308#-1.0263#0.8116#0.0350#0.1915#-0.1815
14.00:hum1:2.5012#-1.1261#0.8267#0.2498#0.2797#-0.7458
15.00:hum1:3.8934#-1.4657#0.8067#0.0199#0.1548#-0.1282
16.00:hum1:5.0003#-1.6164#0.8048#0.0063#0.0579#-0.1083
17.00:hum1:5.0003#-1.6164#0.8048#0.0063#0.0579#-0.1083
18.00:hum1:5.8102#-1.6289#0.8244#-0.0228#0.3629#0.0646
19.00:hum1:7.1447#-1.5502#0.8048#-0.0043#0.0581#0.0737
20.00:hum1:7.6932#-1.5097#0.8025#-0.0000#0.0000#0.0736
21.00:hum1:7.6932#-1.5097#0.8025#-0.0000#0.0000#0.0736
22.00:hum1:7.6932#-1.5097#0.8025#-0.0000#0.0000#0.0736
23.00:hum1:7.6932#-1.5097#0.8025#-0.0000#0.0000#0.0736
24.00:hum1:7.6932#-1.5097#0.8025#-0.0000#0.0000#0.0736
25.00:hum1:7.6932#-1.5097#0.8025#-0.0000#0.0000#0.0736
26.00:hum1:7.6932#-1.5097#0.8025#-0.0000#0.0000#0.0736
27.00:hum1:7.6932#-1.5097#0.8025#-0.0000#0.0000#0.0736
28.00:hum1:7.6932#-1.5097#0.8025#-0.0000#0.0000#0.0736
29.00:hum1:8.8797#-1.4665#0.9191#0.1073#-0.8970#0.1374
30.00:hum1:9.9100#-1.3890#0.8168#0.0294#-0.2237#0.1320
31.00:hum1:11.0367#-1.2432#0.8025#-0.0000#0.0000#0.1287
32.00:hum1:11.0367#-1.2432#0.8025#-0.0000#0.0000#0.1287
33.00:hum1:11.0367#-1.2432#0.8025#-0.0000#0.0000#0.1287
34.00:hum1:11.0367#-1.2432#0.8025#-0.0000#0.0000#0.1287
35.00:hum1:11.0367#-1.2432#0.8025#-0.0000#0.0000#0.1287
36.00:hum1:11.0367#-1.2432#0.8025#-0.0000#0.0000#0.1287
37.00:hum1:11.0367#-1.2432#0.8025#-0.0000#0.0000#0.1287
38.00:hum1:10.7639#-1.5053#0.8273#-0.3413#-0.0060#-1.5535
39.00:hum1:11.6214#-2.5717#0.9141#-0.6770#-0.6111#-0.9504
40.00:hum1:12.4331#-3.4592#0.9413#-0.9227#-0.4763#-1.2363
41.00:hum1:13.5259#-4.0332#0.8262#0.3162#-0.0916#1.2984
42.00:hum1:13.8033#-3.0934#0.8116#-0.1868#0.0548#1.2889
43.00:hum1:13.4776#-3.7241#0.8267#0.3605#0.0971#-1.3189
44.00:hum1:13.7111#-4.5689#0.8025#0.0000#0.0000#-1.3011
45.00:hum1:13.7111#-4.5689#0.8025#0.0000#0.0000#-1.3011