
1.00:hum1:-0.2750#-0.5250#0.8025#-0.0000#0.0000#-0.0000
2.00:hum1:-0.2750#-0.5250#0.8025#-0.0000#0.0000#-0.0000
3.00:hum1:-0.2750#-0.5250#0.8025#-0.0000#0.0000#-0.0000
4.00:hum1:-0.2750#-0.5250#0.8025#-0.0000#0.0000#-0.0000
5.00:hum1:-0.2750#-0.5250#0.8025#-0.0000#0.0000#-0.0000
6.00:hum1:-0.2750#-0.5250#0.8025#-0.0000#0.0000#-0.0000
7.00:hum1:-0.2750#-0.5250#0.8025#-0.0000#0.0000#-0.0000
8.00:hum1:-0.2750#-0.5250#0.8025#-0.0000#0.0000#-0.0000
9.00:hum1:-0.2750#-0.5250#0.8025#-0.0000#0.0000#-0.0000
10.00:hum1:-0.2750#-0.5250#0.8025#-0.0000#0.0000#-0.0000
11.00:hum1:-0.2750#-0.5250#0.8025#-0.0000#0.0000#-0.0000
12.00:hum1:-0.2750#-0.5250#0.8025#-0.0000#0.0000#-0.0000
13.00:hum1:-0.2750#-0.5250#0.8025#-0.0000#0.0000#-0.0000
14.00:hum1:-0.2750#-0.5250#0.8025#-0.0000#0.0000#-0.0000
15.00:hum1:0.4512#-0.8059#0.9191#-0.4090#-0.8283#-0.5314
16.00:hum1:1.4836#-1.0564#0.8168#-0.0440#-0.2213#-0.1974
17.00:hum1:2.4705#-1.2533#0.8153#0.0398#0.2439#-0.1631
18.00:hum1:3.6746#-1.4476#0.8244#0.0556#0.3595#-0.1566
19.00:hum1:5.0015#-1.6397#0.8048#0.0069#0.0578#-0.1178
20.00:hum1:5.0927#-1.6504#0.8069#-0.0097#-0.0816#-0.1180
21.00:hum1:5.8136#-1.6515#0.8244#-0.0222#0.3630#0.0629
22.00:hum1:6.7427#-1.5995#0.8102#0.0104#-0.1099#0.0947
23.00:hum1:7.7981#-1.5027#0.8171#-0.0292#0.2695#0.1096
24.00:hum1:8.9995#-1.3857#0.8204#-0.0390#0.3302#0.1201
25.00:hum1:10.1103#-1.2749#0.8161#-0.0376#0.2989#0.1273
26.00:hum1:10.9313#-1.1745#0.8102#0.0134#-0.1096#0.1224
27.00:hum1:10.9313#-1.1745#0.8102#0.0134#-0.1096#0.1224
28.00:hum1:11.8856#-1.3128#0.9597#-0.1517#-1.0807#-0.1712
29.00:hum1:12.9895#-1.4590#0.8496#-0.0503#-0.5137#-0.1017
30.00:hum1:13.2829#-1.4850#0.8025#0.0000#0.0000#-0.0885
31.00:hum1:13.2829#-1.4850#0.8025#0.0000#0.0000#-0.0885
32.00:hum1:13.2829#-1.4850#0.8025#0.0000#0.0000#-0.0885
33.00:hum1:13.2829#-1.4850#0.8025#0.0000#0.0000#-0.0885
34.00:hum1:13.2829#-1.4850#0.8025#0.0000#0.0000#-0.0885
35.00:hum1:13.2829#-1.4850#0.8025#0.0000#0.0000#-0.0885
36.00:hum1:13.2829#-1.4850#0.8025#0.0000#0.0000#-0.0885
37.00:hum1:13.2829#-1.4850#0.8025#0.0000#0.0000#-0.0885
38.00:hum1:13.0467#-1.8211#0.9377#-0.9887#0.0119#-1.5782
39.00:hum1:13.4328#-3.0636#0.9191#-0.7550#-0.5513#-1.0625
40.00:hum1:13.5101#-3.1494#0.8204#0.2515#0.2197#-0.8670
41.00:hum1:13.5101#-3.1494#0.8204#0.2515#0.2197#-0.8670
42.00:hum1:13.5267#-3.9375#0.8071#0.0064#0.0048#-0.9250
43.00:hum1:13.8785#-4.4043#0.8025#0.0000#0.0000#-0.9250