
1.00:-4.1098#-1.2873#0.2401#-0.0001#-0.0023#-0.0001
2.00:-4.1099#-1.2873#0.2401#-0.0001#-0.0024#-0.0002
3.00:-4.1101#-1.2873#0.2401#-0.0001#-0.0025#-0.0002
4.00:-4.1102#-1.2874#0.2401#-0.0001#-0.0025#-0.0002
5.00:-4.1103#-1.2874#0.2401#-0.0001#-0.0025#-0.0003
6.00:-4.1104#-1.2874#0.2401#-0.0001#-0.0026#-0.0003
7.00:-4.1105#-1.2874#0.2401#-0.0001#-0.0026#-0.0003
8.00:-4.1106#-1.2874#0.2401#-0.0001#-0.0024#-0.0004
9.00:-4.1108#-1.2874#0.2401#-0.0001#-0.0024#-0.0006
10.00:-4.1108#-1.2874#0.2401#-0.0001#-0.0021#-0.0007
11.00:-4.1109#-1.2874#0.2401#-0.0001#-0.0022#-0.0007
12.00:-3.5633#-1.1404#0.2401#0.0017#-0.0026#0.5797
13.00:-3.2156#-0.7499#0.2401#0.0015#-0.0011#0.9937
14.00:-3.2039#-0.7588#0.2401#0.0013#-0.0017#0.6870
15.00:-3.1954#-0.7717#0.2401#0.0007#-0.0020#0.3787
16.00:-3.1920#-0.7866#0.2401#0.0000#-0.0023#0.0673
17.00:-3.1706#-0.8053#0.2401#-0.0006#-0.0024#-0.2184
18.00:-2.2859#-1.0179#0.2401#-0.0005#-0.0017#-0.2305
19.00:-1.1511#-1.2842#0.2401#-0.0005#-0.0018#-0.2306
20.00:-0.1629#-1.5156#0.2400#-0.0003#-0.0010#-0.2274
21.00:-0.0191#-1.5316#0.2401#-0.0001#-0.0021#-0.0251
22.00:0.4847#-1.4784#0.2401#0.0001#-0.0017#0.1004
23.00:1.6449#-1.3611#0.2401#0.0001#-0.0016#0.1009
24.00:2.8048#-1.2437#0.2401#0.0001#-0.0015#0.1008
25.00:3.9686#-1.1256#0.2401#0.0001#-0.0015#0.1012
26.00:4.4817#-1.0755#0.2401#0.0000#-0.0020#0.0684
27.00:4.5867#-1.1055#0.2401#-0.0005#-0.0020#-0.1852
28.00:5.6173#-1.3113#0.2400#-0.0003#-0.0009#-0.1977
29.00:5.9890#-1.3780#0.2401#-0.0002#-0.0018#-0.0961
30.00:6.3465#-1.3509#0.2401#0.0000#-0.0020#0.0570
31.00:7.4972#-1.2965#0.2401#0.0000#-0.0015#0.0472
32.00:8.6614#-1.2415#0.2401#0.0000#-0.0019#0.0472
33.00:9.8298#-1.1863#0.2401#0.0000#-0.0014#0.0472
34.00:10.9943#-1.1312#0.2401#0.0000#-0.0016#0.0471
35.00:12.1588#-1.0762#0.2401#-0.0001#-0.0014#0.0474
36.00:12.7280#-1.0465#0.2401#0.0000#-0.0016#0.0700
37.00:12.7279#-1.0465#0.2401#0.0000#-0.0016#0.0700
38.00:12.7279#-1.0465#0.2401#0.0000#-0.0015#0.0700
39.00:12.7280#-1.0583#0.2401#-0.0005#-0.0021#-0.1703
40.00:12.7241#-1.0722#0.2401#-0.0011#-0.0019#-0.4619
41.00:12.7166#-1.0844#0.2401#-0.0016#-0.0015#-0.7505
42.00:12.7056#-1.0938#0.2401#-0.0020#-0.0010#-1.0434
43.00:12.7028#-1.1340#0.2401#-0.0021#-0.0004#-1.3199
44.00:12.9159#-2.0626#0.2400#-0.0013#-0.0002#-1.3443
45.00:13.1787#-3.2023#0.2400#-0.0015#-0.0002#-1.3442
46.00:13.4415#-4.3421#0.2400#-0.0012#-0.0002#-1.3442
47.00:13.6793#-5.3651#0.2400#-0.0009#-0.0002#-1.3315
48.00:13.7113#-5.4808#0.2401#-0.0014#-0.0003#-1.2837
49.00:13.7113#-5.4808#0.2401#-0.0015#-0.0004#-1.2837
50.00:13.7112#-5.4807#0.2401#-0.0014#-0.0003#-1.2837
51.00:13.7112#-5.4807#0.2401#-0.0014#-0.0003#-1.2837
52.00:13.7112#-5.4806#0.2401#-0.0014#-0.0003#-1.2837
53.00:13.7112#-5.4805#0.2401#-0.0014#-0.0004#-1.2838
54.00:13.7112#-5.4805#0.2401#-0.0014#-0.0003#-1.2838
55.00:13.7111#-5.4804#0.2401#-0.0014#-0.0004#-1.2838
56.00:13.7111#-5.4803#0.2401#-0.0015#-0.0004#-1.2838
57.00:13.7111#-5.4803#0.2401#-0.0014#-0.0003#-1.2838
58.00:13.7110#-5.4802#0.2401#-0.0015#-0.0004#-1.2839
59.00:13.7110#-5.4801#0.2401#-0.0016#-0.0004#-1.2839
60.00:13.7110#-5.4800#0.2401#-0.0014#-0.0004#-1.2839
61.00:13.7109#-5.4799#0.2401#-0.0015#-0.0004#-1.2839
62.00:13.7109#-5.4798#0.2401#-0.0015#-0.0004#-1.2840
63.00:13.7109#-5.4797#0.2401#-0.0015#-0.0004#-1.2840
64.00:13.7108#-5.4797#0.2401#-0.0015#-0.0004#-1.2840
65.00:13.7108#-5.4796#0.2401#-0.0016#-0.0004#-1.2840
66.00:13.7107#-5.4795#0.2401#-0.0016#-0.0004#-1.2840
67.00:13.7107#-5.4794#0.2401#-0.0015#-0.0004#-1.2840
68.00:13.7107#-5.4794#0.2401#-0.0015#-0.0004#-1.2840
69.00:13.7106#-5.4793#0.2401#-0.0016#-0.0004#-1.2840
70.00:13.7106#-5.4792#0.2401#-0.0016#-0.0004#-1.2840
71.00:13.7106#-5.4791#0.2401#-0.0016#-0.0004#-1.2841
72.00:13.7106#-5.4790#0.2401#-0.0015#-0.0004#-1.2842
73.00:13.7105#-5.4790#0.2401#-0.0015#-0.0004#-1.2842
74.00:13.7105#-5.4789#0.2401#-0.0015#-0.0004#-1.2842
75.00:13.7105#-5.4788#0.2401#-0.0014#-0.0003#-1.2842
76.00:13.7104#-5.4787#0.2401#-0.0015#-0.0004#-1.2843
77.00:13.7104#-5.4787#0.2401#-0.0014#-0.0004#-1.2843
78.00:13.7024#-5.4811#0.2401#-0.0021#-0.0001#-1.4527
79.00:13.6973#-5.4815#0.2401#-0.0022#0.0000#-1.5552