
2.00:hum1:-0.2750#-0.5250#0.8025#-0.0000#0.0000#-0.0000
3.00:hum1:-0.2750#-0.5250#0.8025#-0.0000#0.0000#-0.0000
4.00:hum1:-0.2750#-0.5250#0.8025#-0.0000#0.0000#-0.0000
5.00:hum1:-0.2750#-0.5250#0.8025#-0.0000#0.0000#-0.0000
6.00:hum1:-0.2750#-0.5250#0.8025#-0.0000#0.0000#-0.0000
7.00:hum1:-0.2750#-0.5250#0.8025#-0.0000#0.0000#-0.0000
8.00:hum1:-0.2750#-0.5250#0.8025#-0.0000#0.0000#-0.0000
9.00:hum1:-0.2750#-0.5250#0.8025#-0.0000#0.0000#-0.0000
10.00:hum1:-0.2750#-0.5250#0.8025#-0.0000#0.0000#-0.0000
11.00:hum1:-0.2750#-0.5250#0.8025#-0.0000#0.0000#-0.0000
12.00:hum1:-0.2750#-0.5250#0.8025#-0.0000#0.0000#-0.0000
13.00:hum1:-0.2750#-0.5250#0.8025#-0.0000#0.0000#-0.0000
14.00:hum1:-0.2750#-0.5250#0.8025#-0.0000#0.0000#-0.0000
15.00:hum1:-0.2750#-0.5250#0.8025#-0.0000#0.0000#-0.0000
16.00:hum1:-0.2750#-0.5250#0.8025#-0.0000#0.0000#-0.0000
17.00:hum1:-0.2750#-0.5250#0.8025#-0.0000#0.0000#-0.0000
18.00:hum1:0.5218#-0.8010#0.8267#0.0967#0.3606#-0.2679
19.00:hum1:1.8139#-1.1124#0.8067#0.0306#0.1530#-0.1978
20.00:hum1:3.1037#-1.3663#0.8273#-0.0580#-0.3366#-0.1735
21.00:hum1:3.5786#-1.4447#0.8721#-0.1254#-0.6471#-0.2058
22.00:hum1:3.5786#-1.4447#0.8721#-0.1254#-0.6471#-0.2058
23.00:hum1:3.5449#-1.4322#0.8071#0.0006#0.0080#-0.0789
24.00:hum1:4.6623#-1.4739#0.8215#-0.0060#0.3158#0.0196
25.00:hum1:5.9173#-1.4544#0.8161#-0.0115#0.3010#0.0390
26.00:hum1:6.8030#-1.4186#0.8025#-0.0000#0.0000#0.0712
27.00:hum1:6.8030#-1.4186#0.8025#-0.0000#0.0000#0.0712
28.00:hum1:6.8030#-1.4186#0.8025#-0.0000#0.0000#0.0712
29.00:hum1:6.8030#-1.4186#0.8025#-0.0000#0.0000#0.0712
30.00:hum1:6.8030#-1.4186#0.8025#-0.0000#0.0000#0.0712
31.00:hum1:6.8030#-1.4186#0.8025#-0.0000#0.0000#0.0712
32.00:hum1:6.8030#-1.4186#0.8025#-0.0000#0.0000#0.0712
33.00:hum1:6.8030#-1.4186#0.8025#-0.0000#0.0000#0.0712
34.00:hum1:6.8030#-1.4186#0.8025#-0.0000#0.0000#0.0712
35.00:hum1:6.8030#-1.4186#0.8025#-0.0000#0.0000#0.0712
36.00:hum1:7.5218#-1.4571#0.8908#-0.0488#-0.7607#-0.0704
37.00:hum1:7.8680#-1.4251#0.8025#-0.0000#0.0000#0.0518
38.00:hum1:7.8680#-1.4251#0.8025#-0.0000#0.0000#0.0518
39.00:hum1:7.8680#-1.4251#0.8025#-0.0000#0.0000#0.0518
40.00:hum1:7.8680#-1.4251#0.8025#-0.0000#0.0000#0.0518
41.00:hum1:7.8680#-1.4251#0.8025#-0.0000#0.0000#0.0518
42.00:hum1:7.8680#-1.4251#0.8025#-0.0000#0.0000#0.0518
43.00:hum1:7.8680#-1.4251#0.8025#-0.0000#0.0000#0.0518
44.00:hum1:7.8680#-1.4251#0.8025#-0.0000#0.0000#0.0518
45.00:hum1:7.8680#-1.4251#0.8025#-0.0000#0.0000#0.0518
46.00:hum1:7.8680#-1.4251#0.8025#-0.0000#0.0000#0.0518
47.00:hum1:7.8680#-1.4251#0.8025#-0.0000#0.0000#0.0518
48.00:hum1:7.8680#-1.4251#0.8025#-0.0000#0.0000#0.0518
49.00:hum1:7.8680#-1.4251#0.8025#-0.0000#0.0000#0.0518
50.00:hum1:7.8680#-1.4251#0.8025#-0.0000#0.0000#0.0518
51.00:hum1:7.8680#-1.4251#0.8025#-0.0000#0.0000#0.0518
52.00:hum1:7.8680#-1.4251#0.8025#-0.0000#0.0000#0.0518
53.00:hum1:7.8680#-1.4251#0.8025#-0.0000#0.0000#0.0518
54.00:hum1:8.8811#-1.4023#0.8262#0.0290#-0.3275#0.0904
55.00:hum1:9.8659#-1.3298#0.8116#-0.0235#0.1932#0.1222
56.00:hum1:10.9273#-1.2019#0.8025#-0.0000#0.0000#0.1200
57.00:hum1:10.9273#-1.2019#0.8025#-0.0000#0.0000#0.1200
58.00:hum1:10.9273#-1.2019#0.8025#-0.0000#0.0000#0.1200
59.00:hum1:10.9273#-1.2019#0.8025#-0.0000#0.0000#0.1200
60.00:hum1:10.9273#-1.2019#0.8025#-0.0000#0.0000#0.1200
61.00:hum1:10.9273#-1.2019#0.8025#-0.0000#0.0000#0.1200
62.00:hum1:10.9273#-1.2019#0.8025#-0.0000#0.0000#0.1200
63.00:hum1:10.9273#-1.2019#0.8025#-0.0000#0.0000#0.1200
64.00:hum1:10.9273#-1.2019#0.8025#-0.0000#0.0000#0.1200
65.00:hum1:10.9273#-1.2019#0.8025#-0.0000#0.0000#0.1200
66.00:hum1:10.9273#-1.2019#0.8025#-0.0000#0.0000#0.1200
67.00:hum1:10.9273#-1.2019#0.8025#-0.0000#0.0000#0.1200
68.00:hum1:10.9273#-1.2019#0.8025#-0.0000#0.0000#0.1200
69.00:hum1:10.9273#-1.2019#0.8025#-0.0000#0.0000#0.1200
70.00:hum1:10.9273#-1.2019#0.8025#-0.0000#0.0000#0.1200
71.00:hum1:11.0136#-1.5308#0.8069#-0.0661#-0.0488#-0.9351
72.00:hum1:11.7560#-2.5791#0.8763#-0.5909#-0.3634#-1.0832
73.00:hum1:12.5551#-3.6403#0.9597#-0.9930#-0.5511#-1.2414
74.00:hum1:13.0733#-3.0493#0.8496#0.4997#0.1343#1.8116
75.00:hum1:12.8285#-3.2649#0.8071#0.0080#-0.0000#-1.5764
76.00:hum1:13.7465#-3.8645#0.8215#-0.1477#0.2802#0.4938
77.00:hum1:14.8607#-3.2943#0.8161#-0.1405#0.2673#0.4919
78.00:hum1:16.0455#-2.6881#0.8069#0.0375#-0.0732#0.4744
79.00:hum1:16.5603#-2.4246#0.8025#-0.0000#0.0000#0.4730
80.00:hum1:16.6685#-2.3692#0.8025#-0.0000#0.0000#0.4730
81.00:hum1:16.8053#-2.2993#0.8025#-0.0000#0.0000#0.4730
82.00:hum1:17.4945#-1.9466#0.8496#0.2527#-0.4548#0.5318
83.00:hum1:18.2608#-1.1475#0.8071#-0.0070#0.0038#1.0729
84.00:hum1:18.5387#-0.0116#0.8215#-0.3123#0.0481#1.4233
85.00:hum1:18.7125#1.2557#0.8161#-0.3010#0.0120#1.5323
86.00:hum1:18.7662#2.5855#0.8069#0.0821#-0.0033#1.5307
87.00:hum1:18.8184#3.8788#0.8763#0.6818#-0.0256#1.5396
88.00:hum1:18.8304#4.1768#0.9484#1.0366#-0.0349#1.5505
89.00:hum1:18.3750#4.6735#0.4025#0.0000#0.0000#-1.5700
90.00:hum1:18.3750#4.6735#0.4025#0.0000#0.0000#-1.5700
91.00:hum1:18.3750#4.6735#0.4025#0.0000#0.0000#-1.5700
92.00:hum1:18.3750#4.6735#0.4025#0.0000#0.0000#-1.5700
93.00:hum1:18.3750#4.6735#0.4025#0.0000#0.0000#-1.5700
94.00:hum1:18.3750#4.6735#0.4025#0.0000#0.0000#-1.5700
95.00:hum1:18.3750#4.6735#0.4025#0.0000#0.0000#-1.5700
96.00:hum1:18.3750#4.6735#0.4025#0.0000#0.0000#-1.5700
97.00:hum1:18.3750#4.6735#0.4025#0.0000#0.0000#-1.5700
98.00:hum1:18.3750#4.6735#0.4025#0.0000#0.0000#-1.5700
99.00:hum1:18.3750#4.6735#0.4025#0.0000#0.0000#-1.5700
100.00:hum1:18.3750#4.6735#0.4025#0.0000#0.0000#-1.5700
101.00:hum1:18.3750#4.6735#0.4025#0.0000#0.0000#-1.5700
102.00:hum1:18.3750#4.6735#0.4025#0.0000#0.0000#-1.5700
103.00:hum1:18.3750#4.6735#0.4025#0.0000#0.0000#-1.5700
104.00:hum1:18.3750#4.6735#0.4025#0.0000#0.0000#-1.5700
105.00:hum1:18.3750#4.6735#0.4025#0.0000#0.0000#-1.5700
106.00:hum1:18.2826#3.4030#0.8273#-0.3400#0.0313#-1.6586
107.00:hum1:18.1525#2.1096#0.9141#-0.8771#0.0559#-1.6169
108.00:hum1:18.0178#0.8376#0.9413#-1.0035#0.0583#-1.6075
109.00:hum1:17.6758#0.0847#0.8262#-0.2397#0.2273#-2.3154
110.00:hum1:17.0344#-0.7004#0.8116#0.1583#-0.1137#-2.1883
111.00:hum1:16.3434#-1.6641#0.8267#0.3085#-0.2128#-2.1559
112.00:hum1:15.5961#-2.7582#0.8067#0.1304#-0.0859#-2.1498
113.00:hum1:14.9186#-3.8689#0.8273#-0.2917#0.1799#-2.1079
114.00:hum1:14.5571#-4.4415#0.8025#0.0000#-0.0000#-2.1337