
1.00:hum1:-0.2750#-0.5250#0.8025#-0.0000#0.0000#-0.0000
2.00:hum1:-0.2750#-0.5250#0.8025#-0.0000#0.0000#-0.0000
3.00:hum1:-0.2750#-0.5250#0.8025#-0.0000#0.0000#-0.0000
4.00:hum1:-0.2750#-0.5250#0.8025#-0.0000#0.0000#-0.0000
5.00:hum1:-0.2750#-0.5250#0.8025#-0.0000#0.0000#-0.0000
6.00:hum1:-0.2750#-0.5250#0.8025#-0.0000#0.0000#-0.0000
7.00:hum1:-0.2750#-0.5250#0.8025#-0.0000#0.0000#-0.0000
8.00:hum1:-0.2750#-0.5250#0.8025#-0.0000#0.0000#-0.0000
9.00:hum1:-0.2750#-0.5250#0.8025#-0.0000#0.0000#-0.0000
10.00:hum1:-0.2750#-0.5250#0.8025#-0.0000#0.0000#-0.0000
11.00:hum1:-0.2750#-0.5250#0.8025#-0.0000#0.0000#-0.0000
12.00:hum1:0.4769#-0.7670#0.8215#0.0709#0.3080#-0.2296
13.00:hum1:1.7076#-1.0298#0.8161#0.0582#0.2957#-0.1972
14.00:hum1:3.0225#-1.2750#0.8069#-0.0130#-0.0812#-0.1582
15.00:hum1:4.3052#-1.4743#0.8763#-0.1134#-0.6742#-0.1801
16.00:hum1:4.7659#-1.5393#0.8204#0.0484#0.3290#-0.1484
17.00:hum1:4.7659#-1.5393#0.8204#0.0484#0.3290#-0.1484
18.00:hum1:5.4284#-1.5862#0.8908#-0.0437#-0.7610#-0.0630
19.00:hum1:6.7492#-1.5205#0.9484#0.1127#-1.0332#0.1314
20.00:hum1:7.8387#-1.4402#0.8374#0.0422#-0.4240#0.1027
21.00:hum1:8.8254#-1.3914#0.8081#-0.0144#0.1272#0.1131
22.00:hum1:9.9582#-1.2727#0.8281#-0.0475#0.3681#0.1316
23.00:hum1:10.9781#-1.1502#0.8215#-0.0362#0.3138#0.1171
24.00:hum1:10.9781#-1.1502#0.8215#-0.0362#0.3138#0.1171
25.00:hum1:11.3636#-1.1988#0.8069#-0.0188#-0.0800#-0.2302
26.00:hum1:12.6713#-1.3826#0.8763#-0.0924#-0.6769#-0.1466
27.00:hum1:13.2951#-1.4541#0.8025#0.0000#0.0000#-0.1141
28.00:hum1:13.2951#-1.4541#0.8025#0.0000#0.0000#-0.1141
29.00:hum1:13.2951#-1.4541#0.8025#0.0000#0.0000#-0.1141
30.00:hum1:13.2951#-1.4541#0.8025#0.0000#0.0000#-0.1141
31.00:hum1:13.2951#-1.4541#0.8025#0.0000#0.0000#-0.1141
32.00:hum1:13.2951#-1.4541#0.8025#0.0000#0.0000#-0.1141
33.00:hum1:13.2951#-1.4541#0.8025#0.0000#0.0000#-0.1141
34.00:hum1:13.2951#-1.4541#0.8025#0.0000#0.0000#-0.1141
35.00:hum1:13.8068#-1.4461#0.8908#0.0188#-0.7618#0.0276
36.00:hum1:15.1018#-1.4202#0.9484#0.0334#-1.0366#0.0391
37.00:hum1:16.1874#-1.3984#0.8374#0.0089#-0.4259#0.0220
38.00:hum1:17.1717#-1.3786#0.8081#-0.0025#0.1280#0.0202
39.00:hum1:18.2792#-0.6664#0.8281#-0.3633#0.0768#1.3720
40.00:hum1:18.5521#0.5954#0.8120#-0.2642#0.0565#1.3654
41.00:hum1:18.7101#1.9300#0.8115#0.1618#-0.0083#1.5203
42.00:hum1:18.7772#3.2396#0.8908#0.7613#-0.0355#1.5339
43.00:hum1:18.8014#3.7140#0.8161#-0.3008#0.0153#1.5220
44.00:hum1:18.8133#3.9469#0.8044#0.0072#-0.0004#1.5197
45.00:hum1:18.3750#4.6735#0.4025#0.0000#0.0000#-1.5700
46.00:hum1:18.3750#4.6735#0.4025#0.0000#0.0000#-1.5700
47.00:hum1:18.3750#4.6735#0.4025#0.0000#0.0000#-1.5700
48.00:hum1:18.3750#4.6735#0.4025#0.0000#0.0000#-1.5700
49.00:hum1:18.3750#4.6735#0.4025#0.0000#0.0000#-1.5700
50.00:hum1:18.3750#4.6735#0.4025#0.0000#0.0000#-1.5700
51.00:hum1:18.3750#4.6735#0.4025#0.0000#0.0000#-1.5700
52.00:hum1:18.3750#4.6735#0.4025#0.0000#0.0000#-1.5700
53.00:hum1:18.3750#4.6735#0.4025#0.0000#0.0000#-1.5700
54.00:hum1:18.3750#4.6735#0.4025#0.0000#0.0000#-1.5700
55.00:hum1:18.3750#4.6735#0.4025#0.0000#0.0000#-1.5700
56.00:hum1:18.3750#4.6735#0.4025#0.0000#0.0000#-1.5700
57.00:hum1:18.3750#4.6735#0.4025#0.0000#0.0000#-1.5700
58.00:hum1:18.3750#4.6735#0.4025#0.0000#0.0000#-1.5700
59.00:hum1:18.3750#4.6735#0.4025#0.0000#0.0000#-1.5700
60.00:hum1:18.3750#4.6735#0.4025#0.0000#0.0000#-1.5700
61.00:hum1:18.3750#4.6735#0.4025#0.0000#0.0000#-1.5700
62.00:hum1:18.3750#4.6735#0.4025#0.0000#0.0000#-1.5700
63.00:hum1:18.3750#4.6735#0.4025#0.0000#0.0000#-1.5700
64.00:hum1:18.3750#4.6735#0.4025#0.0000#0.0000#-1.5700
65.00:hum1:18.2945#3.4762#0.8204#0.3310#-0.0313#-1.6614
66.00:hum1:18.1671#2.1288#0.8044#-0.0072#0.0005#-1.6469
67.00:hum1:18.0565#0.8412#0.8618#-0.5938#0.0470#-1.6399
68.00:hum1:17.6916#-0.1145#0.9598#-0.8655#0.7709#-2.1058
69.00:hum1:17.0962#-0.7715#0.8721#0.1699#0.6382#2.8616
70.00:hum1:16.7204#-1.1934#0.8025#0.0000#-0.0000#-2.1535
71.00:hum1:16.2946#-1.8346#0.8215#0.2658#-0.1727#-2.1336
72.00:hum1:15.9748#-3.1398#0.8161#0.3010#0.0121#-1.5316
73.00:hum1:15.6920#-4.0143#0.8069#-0.0437#0.0696#-2.5795
74.00:hum1:15.2138#-4.3147#0.8168#-0.1215#0.1905#-2.5687