
2.00:hum1:-0.2750#-0.5250#0.8025#-0.0000#0.0000#-0.0000
3.00:hum1:-0.2750#-0.5250#0.8025#-0.0000#0.0000#-0.0000
4.00:hum1:-0.2750#-0.5250#0.8025#-0.0000#0.0000#-0.0000
5.00:hum1:-0.2750#-0.5250#0.8025#-0.0000#0.0000#-0.0000
6.00:hum1:0.1783#-0.6238#0.8763#-0.1628#-0.6655#-0.2597
7.00:hum1:1.1975#-0.7639#0.8618#-0.0725#-0.5915#-0.1292
8.00:hum1:2.1978#-0.8994#0.8466#-0.0521#-0.4921#-0.1096
9.00:hum1:3.1914#-1.0237#0.8273#-0.0315#-0.3400#-0.0939
10.00:hum1:5.3327#-1.2334#0.8908#-0.0710#-0.7593#-0.1026
11.00:hum1:8.8894#-1.4176#0.8081#0.0008#0.1280#-0.0057
12.00:hum1:12.4265#-1.4485#0.8115#0.0045#-0.1619#0.0280
13.00:hum1:14.0971#-2.6164#0.8025#0.0000#0.0000#-1.4566
14.00:hum1:14.0098#-4.8567#0.8025#0.0000#0.0000#-1.5429
15.00:hum1:14.5430#-5.1676#0.8168#0.1540#-0.1655#0.7560
16.00:hum1:16.6531#-3.2286#0.8025#-0.0000#0.0000#0.7432
17.00:hum1:16.8563#-3.0418#0.8025#-0.0000#0.0000#0.7432
18.00:hum1:16.9712#-2.9363#0.8025#-0.0000#0.0000#0.7432
19.00:hum1:17.0596#-2.8551#0.8025#-0.0000#0.0000#0.7432
20.00:hum1:18.2808#-1.7329#0.8763#0.5024#-0.4829#0.8694
21.00:hum1:18.7867#1.4600#0.8273#0.3413#-0.0067#1.5522
22.00:hum1:18.8364#3.9834#0.8116#-0.1946#0.0039#1.5514
23.00:hum1:18.8396#4.1450#0.8244#-0.3636#0.0071#1.5523
24.00:hum1:18.3750#4.6735#0.4025#0.0000#0.0000#-1.5700
25.00:hum1:18.3750#4.6735#0.4025#0.0000#0.0000#-1.5700
26.00:hum1:18.3750#4.6735#0.4025#0.0000#0.0000#-1.5700
27.00:hum1:18.3750#4.6735#0.4025#0.0000#0.0000#-1.5700
28.00:hum1:18.3750#4.6735#0.4025#0.0000#0.0000#-1.5700
29.00:hum1:18.3750#4.6735#0.4025#0.0000#0.0000#-1.5700
30.00:hum1:18.3750#4.6735#0.4025#0.0000#0.0000#-1.5700
31.00:hum1:18.3750#4.6735#0.4025#0.0000#0.0000#-1.5700
32.00:hum1:18.3750#4.6735#0.4025#0.0000#0.0000#-1.5700
33.00:hum1:18.3750#4.6735#0.4025#0.0000#0.0000#-1.5700
34.00:hum1:18.3750#4.6735#0.4025#0.0000#0.0000#-1.5700
35.00:hum1:18.3750#4.6735#0.4025#0.0000#0.0000#-1.5700
36.00:hum1:18.3750#4.6735#0.4025#0.0000#0.0000#-1.5700
37.00:hum1:18.3750#4.6735#0.4025#0.0000#0.0000#-1.5700
38.00:hum1:18.3750#4.6735#0.4025#0.0000#0.0000#-1.5700
39.00:hum1:18.3750#4.6735#0.4025#0.0000#0.0000#-1.5700
40.00:hum1:18.3750#4.6735#0.4025#0.0000#0.0000#-1.5700
41.00:hum1:18.3750#4.6735#0.4025#0.0000#0.0000#-1.5700
42.00:hum1:18.3750#4.6735#0.4025#0.0000#0.0000#-1.5700
43.00:hum1:18.3751#4.0710#0.8044#-0.0072#-0.0000#-1.5700
44.00:hum1:18.2261#2.7853#0.8908#-0.7610#0.0423#-1.6149
45.00:hum1:18.0090#0.5338#0.8466#-0.4941#0.0221#-1.6115
46.00:hum1:16.2707#-1.7382#0.8025#0.0000#-0.0000#-2.1428
47.00:hum1:14.5148#-4.5561#0.8496#-0.4460#0.2687#-2.0774
48.00:hum1:14.3184#-4.8644#0.8048#0.0491#-0.0313#-2.1374
49.00:hum1:14.2885#-4.9112#0.8025#0.0000#-0.0000#-2.1382
50.00:hum1:14.2885#-4.9112#0.8025#0.0000#-0.0000#-2.1382
51.00:hum1:14.2885#-4.9112#0.8025#0.0000#-0.0000#-2.1382
52.00:hum1:14.2885#-4.9112#0.8025#0.0000#-0.0000#-2.1382
53.00:hum1:14.2885#-4.9112#0.8025#0.0000#-0.0000#-2.1382
54.00:hum1:14.2885#-4.9112#0.8025#0.0000#-0.0000#-2.1382
55.00:hum1:14.2885#-4.9112#0.8025#0.0000#-0.0000#-2.1382
56.00:hum1:14.2885#-4.9112#0.8025#0.0000#-0.0000#-2.1382
57.00:hum1:14.2885#-4.9112#0.8025#0.0000#-0.0000#-2.1382
58.00:hum1:14.2885#-4.9112#0.8025#0.0000#-0.0000#-2.1382
59.00:hum1:14.2885#-4.9112#0.8025#0.0000#-0.0000#-2.1382
60.00:hum1:14.2885#-4.9112#0.8025#0.0000#-0.0000#-2.1382
61.00:hum1:14.2885#-4.9112#0.8025#0.0000#-0.0000#-2.1382
62.00:hum1:14.2885#-4.9112#0.8025#0.0000#-0.0000#-2.1382
63.00:hum1:14.2885#-4.9112#0.8025#0.0000#-0.0000#-2.1382
64.00:hum1:14.2885#-4.9112#0.8025#0.0000#-0.0000#-2.1382
65.00:hum1:14.2885#-4.9112#0.8025#0.0000#-0.0000#-2.1382
66.00:hum1:14.2885#-4.9112#0.8025#0.0000#-0.0000#-2.1382
67.00:hum1:14.2885#-4.9112#0.8025#0.0000#-0.0000#-2.1382
68.00:hum1:14.2885#-4.9112#0.8025#0.0000#-0.0000#-2.1382