
1.00:hum1:-0.2750#-0.5250#0.8025#-0.0000#0.0000#-0.0000
2.00:hum1:-0.2750#-0.5250#0.8025#-0.0000#0.0000#-0.0000
3.00:hum1:-0.2750#-0.5250#0.8025#-0.0000#0.0000#-0.0000
4.00:hum1:-0.2750#-0.5250#0.8025#-0.0000#0.0000#-0.0000
5.00:hum1:-0.2750#-0.5250#0.8025#-0.0000#0.0000#-0.0000
6.00:hum1:-0.2750#-0.5250#0.8025#-0.0000#0.0000#-0.0000
7.00:hum1:-0.2750#-0.5250#0.8025#-0.0000#0.0000#-0.0000
8.00:hum1:-0.2750#-0.5250#0.8025#-0.0000#0.0000#-0.0000
9.00:hum1:-0.2750#-0.5250#0.8025#-0.0000#0.0000#-0.0000
10.00:hum1:-0.2750#-0.5250#0.8025#-0.0000#0.0000#-0.0000
11.00:hum1:-0.2750#-0.5250#0.8025#-0.0000#0.0000#-0.0000
12.00:hum1:-0.2750#-0.5250#0.8025#-0.0000#0.0000#-0.0000
13.00:hum1:-0.2750#-0.5250#0.8025#-0.0000#0.0000#-0.0000
14.00:hum1:-0.2750#-0.5250#0.8025#-0.0000#0.0000#-0.0000
15.00:hum1:0.4551#-0.8006#0.9191#-0.4017#-0.8312#-0.5215
16.00:hum1:1.4870#-1.0456#0.8168#-0.0441#-0.2213#-0.1983
17.00:hum1:2.5123#-1.2387#0.8102#-0.0174#-0.1090#-0.1585
18.00:hum1:3.5596#-1.4058#0.8171#0.0398#0.2681#-0.1490
19.00:hum1:4.7550#-1.5867#0.8204#0.0443#0.3296#-0.1358
20.00:hum1:5.0076#-1.6194#0.8025#0.0000#0.0000#-0.1284
21.00:hum1:5.0076#-1.6194#0.8025#0.0000#0.0000#-0.1284
22.00:hum1:5.7386#-1.6307#0.8281#-0.0263#0.3701#0.0728
23.00:hum1:7.0281#-1.5506#0.8120#-0.0210#0.2692#0.0791
24.00:hum1:8.3358#-1.4458#0.8115#0.0156#-0.1612#0.0969
25.00:hum1:9.6476#-1.3415#0.8908#0.1137#-0.7551#0.1655
26.00:hum1:10.9350#-1.1885#0.9484#0.2097#-1.0237#0.2446
27.00:hum1:10.9057#-1.1921#0.8153#-0.0317#0.2450#0.1303
28.00:hum1:11.8009#-1.2646#0.9377#-0.0887#-0.9862#-0.1059
29.00:hum1:13.0142#-1.4251#0.9191#-0.1301#-0.8948#-0.1659
30.00:hum1:13.2369#-1.4482#0.8025#0.0000#0.0000#-0.1034
31.00:hum1:13.2369#-1.4482#0.8025#0.0000#0.0000#-0.1034
32.00:hum1:13.2369#-1.4482#0.8025#0.0000#0.0000#-0.1034
33.00:hum1:13.2369#-1.4482#0.8025#0.0000#0.0000#-0.1034
34.00:hum1:13.4139#-1.4811#0.8025#0.0000#0.0000#-0.1800
35.00:hum1:13.4139#-1.4811#0.8025#0.0000#0.0000#-0.1800
36.00:hum1:13.4139#-1.4811#0.8025#0.0000#0.0000#-0.1800
37.00:hum1:13.4139#-1.4811#0.8025#0.0000#0.0000#-0.1800
38.00:hum1:13.4139#-1.4811#0.8025#0.0000#0.0000#-0.1800
39.00:hum1:13.1922#-1.8397#0.8374#-0.4258#0.0112#-1.5950
40.00:hum1:14.1017#-1.6699#0.8081#0.1035#-0.0755#-2.1990
41.00:hum1:13.6613#-2.8552#0.8281#0.3503#0.1249#-1.2420
42.00:hum1:13.9629#-4.0674#0.8120#0.2482#0.1074#-1.1705