
1.00:hum1:-0.2750#-0.5250#0.8025#-0.0000#0.0000#-0.0000
2.00:hum1:-0.2750#-0.5250#0.8025#-0.0000#0.0000#-0.0000
3.00:hum1:-0.2750#-0.5250#0.8025#-0.0000#0.0000#-0.0000
4.00:hum1:-0.2750#-0.5250#0.8025#-0.0000#0.0000#-0.0000
5.00:hum1:-0.2750#-0.5250#0.8025#-0.0000#0.0000#-0.0000
6.00:hum1:-0.2750#-0.5250#0.8025#-0.0000#0.0000#-0.0000
7.00:hum1:0.5054#-0.6696#0.8102#-0.0112#-0.1098#-0.1018
8.00:hum1:1.5621#-0.8116#0.8168#-0.0240#-0.2243#-0.1071
9.00:hum1:2.6149#-0.9348#0.8262#-0.0345#-0.3270#-0.1066
10.00:hum1:3.6642#-1.0470#0.8374#-0.0425#-0.4240#-0.1027
11.00:hum1:4.6453#-1.1498#0.8081#0.0106#0.1276#-0.0824
12.00:hum1:5.7782#-1.2535#0.8281#0.0281#0.3700#-0.0773
13.00:hum1:7.0784#-1.3303#0.8120#0.0070#0.2699#-0.0258
14.00:hum1:8.3581#-1.4147#0.8115#-0.0013#-0.1620#-0.0079
15.00:hum1:9.6634#-1.4876#0.8908#-0.0165#-0.7618#-0.0236
16.00:hum1:12.0727#-1.5154#0.8161#-0.0188#0.3007#0.0636
17.00:hum1:15.2651#-1.4036#0.8267#-0.0062#0.3728#0.0172
18.00:hum1:18.2753#-1.0483#0.8171#-0.2352#0.1359#1.0567
19.00:hum1:18.7751#2.2596#0.8081#-0.1280#0.0040#1.5399
20.00:hum1:18.8383#4.2897#0.8262#0.3286#-0.0101#1.5414
21.00:hum1:18.8366#4.2355#0.8025#-0.0000#0.0000#1.5397
22.00:hum1:18.8370#4.2491#0.8153#-0.2469#0.0077#1.5406
23.00:hum1:18.3750#4.6735#0.4025#0.0000#0.0000#-1.5700
24.00:hum1:18.3750#4.6735#0.4025#0.0000#0.0000#-1.5700
25.00:hum1:18.3750#4.6735#0.4025#0.0000#0.0000#-1.5700
26.00:hum1:18.3750#4.6735#0.4025#0.0000#0.0000#-1.5700
27.00:hum1:18.3750#4.6735#0.4025#0.0000#0.0000#-1.5700
28.00:hum1:18.3750#4.6735#0.4025#0.0000#0.0000#-1.5700
29.00:hum1:18.3750#4.6735#0.4025#0.0000#0.0000#-1.5700
30.00:hum1:18.3750#4.6735#0.4025#0.0000#0.0000#-1.5700
31.00:hum1:18.3750#4.6735#0.4025#0.0000#0.0000#-1.5700
32.00:hum1:18.3750#4.6735#0.4025#0.0000#0.0000#-1.5700
33.00:hum1:18.3750#4.6735#0.4025#0.0000#0.0000#-1.5700
34.00:hum1:18.3750#4.6735#0.4025#0.0000#0.0000#-1.5700
35.00:hum1:18.3750#4.6735#0.4025#0.0000#0.0000#-1.5700
36.00:hum1:18.3750#4.6735#0.4025#0.0000#0.0000#-1.5700
37.00:hum1:18.3750#4.6735#0.4025#0.0000#0.0000#-1.5700
38.00:hum1:18.3750#4.6735#0.4025#0.0000#0.0000#-1.5700
39.00:hum1:18.3750#4.6735#0.4025#0.0000#0.0000#-1.5700
40.00:hum1:18.3751#4.1730#0.8204#0.3324#0.0002#-1.5700
41.00:hum1:18.1441#1.0372#0.8721#-0.6573#0.0099#-1.5833
42.00:hum1:16.6085#-1.3233#0.9484#-0.9501#0.5056#-1.9038
43.00:hum1:14.8801#-3.9149#0.9377#-0.9147#0.4485#-1.8926
44.00:hum1:14.2427#-4.9677#0.8496#-0.4518#0.2584#-2.0551
45.00:hum1:14.2015#-5.0364#0.8267#0.3231#-0.1893#-2.0824
46.00:hum1:14.1071#-5.1930#0.8025#0.0000#-0.0000#-2.1133
47.00:hum1:14.1071#-5.1930#0.8025#0.0000#-0.0000#-2.1133
48.00:hum1:14.1071#-5.1930#0.8025#0.0000#-0.0000#-2.1133
49.00:hum1:14.1071#-5.1930#0.8025#0.0000#-0.0000#-2.1133
50.00:hum1:14.1071#-5.1930#0.8025#0.0000#-0.0000#-2.1133
51.00:hum1:14.1071#-5.1930#0.8025#0.0000#-0.0000#-2.1133
52.00:hum1:14.1071#-5.1930#0.8025#0.0000#-0.0000#-2.1133
53.00:hum1:14.1071#-5.1930#0.8025#0.0000#-0.0000#-2.1133
54.00:hum1:14.1071#-5.1930#0.8025#0.0000#-0.0000#-2.1133
55.00:hum1:14.1071#-5.1930#0.8025#0.0000#-0.0000#-2.1133
56.00:hum1:14.1071#-5.1930#0.8025#0.0000#-0.0000#-2.1133