
2.00:-4.8099#-1.1623#0.2401#-0.0001#-0.0025#-0.0001
3.00:-4.8100#-1.1623#0.2401#-0.0001#-0.0024#-0.0001
4.00:-4.8100#-1.1623#0.2401#-0.0001#-0.0022#-0.0001
5.00:-4.8102#-1.1623#0.2401#-0.0001#-0.0025#-0.0002
6.00:-4.8103#-1.1623#0.2401#-0.0001#-0.0023#-0.0002
7.00:-4.8104#-1.1623#0.2401#-0.0001#-0.0025#-0.0002
8.00:-4.8105#-1.1623#0.2401#-0.0001#-0.0025#-0.0001
9.00:-4.8106#-1.1623#0.2401#-0.0001#-0.0023#-0.0002
10.00:-4.8106#-1.1624#0.2401#-0.0001#-0.0021#-0.0002
11.00:-4.8108#-1.1624#0.2401#-0.0001#-0.0022#-0.0003
12.00:-4.8109#-1.1624#0.2401#-0.0001#-0.0024#-0.0002
13.00:-4.8110#-1.1624#0.2401#-0.0001#-0.0023#-0.0003
14.00:-4.6173#-1.1612#0.2401#-0.0000#-0.0026#0.0363
15.00:-3.9143#-0.7451#0.2400#0.0009#-0.0009#0.9116
16.00:-3.8729#-0.6928#0.2401#0.0016#-0.0016#0.8401
17.00:-3.8620#-0.7036#0.2401#0.0011#-0.0020#0.5344
18.00:-3.8557#-0.7175#0.2401#0.0004#-0.0022#0.2268
19.00:-3.8531#-0.7323#0.2401#-0.0003#-0.0022#-0.0768
20.00:-3.5114#-0.8223#0.2401#-0.0005#-0.0018#-0.2269
21.00:-2.3790#-1.0784#0.2401#-0.0004#-0.0016#-0.2218
22.00:-1.2380#-1.3358#0.2401#-0.0005#-0.0017#-0.2221
23.00:-0.7733#-1.4313#0.2401#-0.0003#-0.0016#-0.1409
24.00:-0.7541#-1.4307#0.2401#-0.0002#-0.0021#-0.0814
25.00:-0.7543#-1.4307#0.2401#-0.0002#-0.0021#-0.0814
26.00:-0.7545#-1.4307#0.2401#-0.0002#-0.0021#-0.0814
27.00:-0.7547#-1.4306#0.2401#-0.0002#-0.0022#-0.0815
28.00:-0.7549#-1.4306#0.2401#-0.0002#-0.0021#-0.0815
29.00:-0.7551#-1.4306#0.2401#-0.0002#-0.0021#-0.0815
30.00:-0.7553#-1.4306#0.2401#-0.0002#-0.0021#-0.0814
31.00:-0.4644#-1.4599#0.2401#-0.0003#-0.0021#-0.1347
32.00:0.6591#-1.6599#0.2401#-0.0003#-0.0013#-0.1778
33.00:1.6903#-1.8436#0.2400#-0.0002#-0.0011#-0.1736
34.00:1.8565#-1.8565#0.2401#-0.0000#-0.0022#0.0160
35.00:2.2536#-1.7848#0.2401#0.0002#-0.0019#0.1688
36.00:3.0367#-1.6504#0.2400#0.0002#-0.0011#0.1872
37.00:3.0412#-1.6491#0.2401#0.0002#-0.0015#0.1924
38.00:3.0410#-1.6491#0.2401#0.0002#-0.0016#0.1924
39.00:3.0410#-1.6491#0.2401#0.0002#-0.0016#0.1924
40.00:3.0409#-1.6491#0.2401#0.0002#-0.0015#0.1923
41.00:3.0408#-1.6492#0.2401#0.0003#-0.0017#0.1923
42.00:3.0408#-1.6492#0.2401#0.0002#-0.0014#0.1923
43.00:3.0407#-1.6492#0.2401#0.0002#-0.0015#0.1923
44.00:3.0406#-1.6492#0.2401#0.0002#-0.0015#0.1923
45.00:3.0405#-1.6493#0.2401#0.0003#-0.0017#0.1922
46.00:3.0404#-1.6493#0.2401#0.0002#-0.0016#0.1922
47.00:3.0404#-1.6493#0.2401#0.0002#-0.0015#0.1922
48.00:3.0403#-1.6494#0.2401#0.0002#-0.0015#0.1921
49.00:3.0402#-1.6494#0.2401#0.0002#-0.0016#0.1921
50.00:3.0401#-1.6494#0.2401#0.0002#-0.0016#0.1921
51.00:3.0400#-1.6495#0.2401#0.0002#-0.0016#0.1920
52.00:3.0400#-1.6495#0.2401#0.0002#-0.0015#0.1920
53.00:3.0399#-1.6495#0.2401#0.0002#-0.0016#0.1919
54.00:3.0410#-1.6575#0.2401#-0.0000#-0.0021#0.0326
55.00:3.2919#-1.7063#0.2401#-0.0004#-0.0021#-0.1622
56.00:4.4172#-1.8909#0.2400#-0.0003#-0.0016#-0.1625
57.00:5.4799#-2.0641#0.2400#-0.0002#-0.0010#-0.1614
58.00:5.6728#-2.0817#0.2401#-0.0000#-0.0021#0.0053
59.00:5.9433#-2.0265#0.2401#0.0002#-0.0017#0.1753
60.00:7.0521#-1.8801#0.2400#0.0001#-0.0015#0.1282
61.00:8.2101#-1.7309#0.2400#0.0001#-0.0011#0.1282
62.00:9.3684#-1.5816#0.2401#0.0001#-0.0015#0.1281
63.00:10.1599#-1.4765#0.2400#0.0001#-0.0011#0.1473
64.00:10.1641#-1.4757#0.2401#0.0002#-0.0015#0.1509
65.00:10.1641#-1.4757#0.2401#0.0002#-0.0015#0.1509
66.00:10.1640#-1.4757#0.2401#0.0002#-0.0015#0.1508
67.00:10.1640#-1.4758#0.2401#0.0001#-0.0014#0.1508
68.00:10.1639#-1.4758#0.2401#0.0002#-0.0014#0.1508
69.00:10.1639#-1.4758#0.2401#0.0001#-0.0014#0.1508
70.00:10.1638#-1.4758#0.2401#0.0002#-0.0015#0.1509
71.00:10.1638#-1.4758#0.2401#0.0001#-0.0014#0.1509
72.00:10.1637#-1.4758#0.2401#0.0001#-0.0014#0.1509
73.00:10.1637#-1.4759#0.2401#0.0002#-0.0015#0.1509
74.00:10.1636#-1.4759#0.2401#0.0001#-0.0014#0.1509
75.00:10.1636#-1.4759#0.2401#0.0001#-0.0014#0.1509
76.00:10.1635#-1.4759#0.2401#0.0001#-0.0014#0.1509
77.00:10.1634#-1.4759#0.2401#0.0002#-0.0015#0.1509
78.00:10.1634#-1.4760#0.2401#0.0001#-0.0014#0.1509
79.00:10.1632#-1.4760#0.2401#0.0002#-0.0015#0.1509
80.00:10.1644#-1.4830#0.2401#-0.0001#-0.0021#0.0100
81.00:10.4538#-1.5447#0.2401#-0.0004#-0.0016#-0.1971
82.00:11.2206#-1.7094#0.2400#-0.0003#-0.0011#-0.1821
83.00:11.3471#-1.7000#0.2401#0.0001#-0.0021#0.0729
84.00:12.2984#-1.6548#0.2401#0.0000#-0.0017#0.0369
85.00:13.4633#-1.6118#0.2401#-0.0000#-0.0014#0.0370
86.00:14.6284#-1.5684#0.2401#-0.0000#-0.0014#0.0373
87.00:15.7932#-1.5249#0.2401#-0.0001#-0.0015#0.0374
88.00:16.9581#-1.4812#0.2401#-0.0000#-0.0015#0.0376
89.00:18.1268#-1.4372#0.2401#-0.0000#-0.0017#0.0374
90.00:19.2919#-1.3932#0.2401#-0.0001#-0.0015#0.0378
91.00:19.8575#-1.3685#0.2401#0.0000#-0.0014#0.0620
92.00:19.8575#-1.3685#0.2401#0.0000#-0.0014#0.0620