
1.00:hum1:3.8000#2.2500#0.8025#-0.0000#-0.0000#-1.5708
2.00:hum1:3.8000#2.2500#0.8025#-0.0000#-0.0000#-1.5708
3.00:hum1:3.8000#2.2500#0.8025#-0.0000#-0.0000#-1.5708
4.00:hum1:3.8000#2.2500#0.8025#-0.0000#-0.0000#-1.5708
5.00:hum1:3.8000#2.2500#0.8025#-0.0000#-0.0000#-1.5708
6.00:hum1:3.8000#2.2500#0.8025#-0.0000#-0.0000#-1.5708
7.00:hum1:3.8000#2.2500#0.8025#-0.0000#-0.0000#-1.5708
8.00:hum1:3.8000#2.2500#0.8025#-0.0000#-0.0000#-1.5708
9.00:hum1:3.8000#2.2500#0.8025#-0.0000#-0.0000#-1.5708
10.00:hum1:3.8000#2.2500#0.8025#-0.0000#-0.0000#-1.5708
11.00:hum1:5.1255#1.5989#0.8048#0.0183#0.0553#-0.3192
12.00:hum1:5.5020#1.4385#0.8025#0.0000#0.0000#-0.4556
13.00:hum1:5.7232#1.3329#0.8025#0.0000#0.0000#-0.4349
14.00:hum1:7.4847#0.6464#0.8168#-0.0721#-0.2139#-0.3274
15.00:hum1:10.9130#-0.4534#0.8048#0.0149#0.0563#-0.2578
16.00:hum1:13.6453#-1.1735#0.8161#0.0668#0.2939#-0.2265
17.00:hum1:14.1834#1.5006#0.8267#-0.3689#-0.0555#1.7137
18.00:hum1:14.3603#2.8107#0.9484#0.6617#-0.8699#0.7952
19.00:hum1:14.3006#2.7798#0.8025#-0.0000#0.0000#0.4787
20.00:hum1:14.3006#2.7798#0.8025#-0.0000#0.0000#0.4787
21.00:hum1:14.3006#2.7798#0.8025#-0.0000#0.0000#0.4787
22.00:hum1:14.3006#2.7798#0.8025#-0.0000#0.0000#0.4787
23.00:hum1:14.3006#2.7798#0.8025#-0.0000#0.0000#0.4787
24.00:hum1:14.3006#2.7798#0.8025#-0.0000#0.0000#0.4787
25.00:hum1:14.3006#2.7798#0.8025#-0.0000#0.0000#0.4787
26.00:hum1:14.3006#2.7798#0.8025#-0.0000#0.0000#0.4787
27.00:hum1:14.3006#2.7798#0.8025#-0.0000#0.0000#0.4787
28.00:hum1:14.3006#2.7798#0.8025#-0.0000#0.0000#0.4787
29.00:hum1:13.9975#1.9365#0.8071#0.0080#0.0002#-1.5462
30.00:hum1:14.6440#0.9240#0.8215#0.1636#0.2714#-0.5516
31.00:hum1:15.7244#0.2921#0.8161#0.1557#0.2589#-0.5495
32.00:hum1:16.2709#-0.0275#0.8025#0.0000#0.0000#-0.5292
33.00:hum1:17.2252#-0.5857#0.9377#-0.6546#-0.8052#-0.8163
34.00:hum1:18.2871#-0.1101#0.9191#0.8842#-0.2069#1.4044
35.00:hum1:18.5549#0.8780#0.8168#0.2180#-0.0586#1.3125
36.00:hum1:18.6703#1.3036#0.8044#0.0069#-0.0019#1.3061
37.00:hum1:18.8675#2.0313#0.8204#-0.3216#0.0856#1.3200
38.00:hum1:19.2205#3.3336#0.8044#0.0069#-0.0019#1.3061
39.00:hum1:18.3750#4.6735#0.4025#0.0000#0.0000#-1.5700
40.00:hum1:18.3750#4.6735#0.4025#0.0000#0.0000#-1.5700
41.00:hum1:18.3750#4.6735#0.4025#0.0000#0.0000#-1.5700
42.00:hum1:18.3750#4.6735#0.4025#0.0000#0.0000#-1.5700
43.00:hum1:18.3750#4.6735#0.4025#0.0000#0.0000#-1.5700
44.00:hum1:18.3750#4.6735#0.4025#0.0000#0.0000#-1.5700
45.00:hum1:18.3750#4.6735#0.4025#0.0000#0.0000#-1.5700
46.00:hum1:18.3750#4.6735#0.4025#0.0000#0.0000#-1.5700
47.00:hum1:18.3750#4.6735#0.4025#0.0000#0.0000#-1.5700
48.00:hum1:18.3750#4.6735#0.4025#0.0000#0.0000#-1.5700
49.00:hum1:18.3116#3.6691#0.8048#0.0580#-0.0056#-1.6660
50.00:hum1:18.1716#2.3739#0.8466#-0.4936#0.0317#-1.6293
51.00:hum1:18.0356#1.0782#0.9377#-0.9877#0.0578#-1.6086
52.00:hum1:17.6121#0.1458#0.9191#-0.7671#0.5322#-2.0550
53.00:hum1:17.2851#-0.1808#0.8025#0.0000#-0.0000#-2.8050
54.00:hum1:16.9755#-0.3829#0.8171#0.0774#-0.2600#-2.8482
55.00:hum1:16.0716#-0.6724#0.8204#0.0391#-0.3302#-3.0212
56.00:hum1:14.7697#-0.7401#0.8044#0.0003#0.0072#3.0991
57.00:hum1:13.4613#-0.7136#0.8618#-0.0124#0.5953#-3.1192
58.00:hum1:12.1381#-0.7062#0.9598#-0.0545#1.0864#-3.0796
59.00:hum1:10.9693#-0.7190#0.8721#-0.0289#0.6568#-3.0940
60.00:hum1:9.9534#-0.7503#0.8102#-0.0050#0.1103#-3.0958
61.00:hum1:8.8912#-0.7710#0.8171#0.0195#-0.2703#-3.0683
62.00:hum1:7.6863#-0.8413#0.8204#0.0272#-0.3313#-3.0578
63.00:hum1:6.3365#-0.9467#0.8044#-0.0007#0.0071#-3.0392
64.00:hum1:5.0439#-1.0935#0.8618#-0.0862#0.5899#-2.9871
65.00:hum1:4.3609#-1.1579#0.8067#0.0106#-0.1557#-3.0727
66.00:hum1:3.6503#-1.2433#0.8102#-0.0141#0.1095#-3.0125
67.00:hum1:3.6503#-1.2433#0.8102#-0.0141#0.1095#-3.0125
68.00:hum1:3.6503#-1.2433#0.8102#-0.0141#0.1095#-3.0125
69.00:hum1:3.6503#-1.2433#0.8102#-0.0141#0.1095#-3.0125
70.00:hum1:3.6503#-1.2433#0.8102#-0.0141#0.1095#-3.0125
71.00:hum1:3.6503#-1.2433#0.8102#-0.0141#0.1095#-3.0125
72.00:hum1:3.6503#-1.2433#0.8102#-0.0141#0.1095#-3.0125
73.00:hum1:3.6503#-1.2433#0.8102#-0.0141#0.1095#-3.0125
74.00:hum1:3.6503#-1.2433#0.8102#-0.0141#0.1095#-3.0125
75.00:hum1:3.6503#-1.2433#0.8102#-0.0141#0.1095#-3.0125
76.00:hum1:3.6503#-1.2433#0.8102#-0.0141#0.1095#-3.0125
77.00:hum1:3.6503#-1.2433#0.8102#-0.0141#0.1095#-3.0125
78.00:hum1:3.6503#-1.2433#0.8102#-0.0141#0.1095#-3.0125
79.00:hum1:2.8002#-1.1539#0.9377#0.1507#0.9812#2.9613
80.00:hum1:2.4382#-1.1163#0.8161#-0.0317#-0.2996#3.0348
81.00:hum1:1.0909#-1.0271#0.8069#0.0015#0.0822#3.1234
82.00:hum1:-0.2032#-0.9809#0.8763#0.0084#0.6821#3.1286
83.00:hum1:-0.7806#-0.9707#0.8120#-0.0171#-0.2695#3.0778
84.00:hum1:-0.7806#-0.9707#0.8120#-0.0171#-0.2695#3.0778
85.00:hum1:-1.5733#-0.9218#0.9413#0.0968#1.0016#3.0272