
2.00:0.2653#-1.1874#0.2401#-0.0001#-0.0023#-0.0001
3.00:0.2652#-1.1874#0.2401#-0.0001#-0.0021#-0.0001
4.00:0.2651#-1.1874#0.2401#-0.0001#-0.0022#-0.0001
5.00:0.2650#-1.1874#0.2401#-0.0001#-0.0022#-0.0001
6.00:0.2650#-1.1874#0.2401#-0.0001#-0.0020#-0.0002
7.00:0.2649#-1.1874#0.2401#-0.0001#-0.0021#-0.0002
8.00:0.2649#-1.1874#0.2401#-0.0001#-0.0021#-0.0002
9.00:0.4543#-1.1866#0.2401#-0.0000#-0.0026#0.0299
10.00:0.9989#-0.8942#0.2400#0.0014#-0.0010#0.9424
11.00:1.0379#-0.8679#0.2401#0.0012#-0.0018#0.6599
12.00:1.0811#-0.8580#0.2401#0.0007#-0.0021#0.3573
13.00:1.1251#-0.8613#0.2401#0.0000#-0.0022#0.0517
14.00:1.4034#-0.9056#0.2401#-0.0004#-0.0019#-0.1339
15.00:2.2656#-1.2333#0.2401#-0.0014#-0.0007#-1.0582
16.00:2.0457#-1.4775#0.2400#0.0001#0.0019#3.1286
17.00:1.9561#-1.4718#0.2401#-0.0000#0.0021#-3.1134
18.00:1.9043#-1.4929#0.2401#-0.0007#0.0021#-2.8203
19.00:1.8610#-1.5281#0.2401#-0.0013#0.0018#-2.5251
20.00:1.8303#-1.5744#0.2401#-0.0017#0.0013#-2.2295
21.00:1.8145#-1.6278#0.2401#-0.0021#0.0008#-1.9293
22.00:1.8156#-1.6827#0.2401#-0.0022#0.0002#-1.6226
23.00:1.8322#-1.7345#0.2401#-0.0021#-0.0005#-1.3316
24.00:1.8626#-1.7795#0.2401#-0.0019#-0.0011#-1.0463
25.00:1.9050#-1.8141#0.2401#-0.0015#-0.0016#-0.7523
26.00:1.9546#-1.8345#0.2401#-0.0010#-0.0019#-0.4610
27.00:2.0097#-1.8405#0.2401#-0.0004#-0.0021#-0.1746
28.00:2.0692#-1.8318#0.2400#0.0001#-0.0016#0.0874
29.00:2.0697#-1.8316#0.2400#0.0001#-0.0015#0.0901
30.00:2.0696#-1.8316#0.2400#0.0001#-0.0016#0.0901
31.00:2.0695#-1.8316#0.2400#0.0001#-0.0016#0.0901
32.00:2.0694#-1.8316#0.2400#0.0001#-0.0016#0.0901
33.00:2.0693#-1.8317#0.2400#0.0001#-0.0015#0.0901
34.00:2.0693#-1.8317#0.2400#0.0001#-0.0015#0.0901
35.00:2.0692#-1.8317#0.2400#0.0001#-0.0016#0.0901
36.00:2.0691#-1.8317#0.2400#0.0001#-0.0015#0.0901
37.00:2.0690#-1.8317#0.2400#0.0001#-0.0017#0.0901
38.00:2.0689#-1.8317#0.2400#0.0001#-0.0016#0.0901
39.00:2.0688#-1.8317#0.2401#0.0001#-0.0018#0.0901
40.00:2.0688#-1.8317#0.2400#0.0001#-0.0015#0.0901
41.00:2.0688#-1.8318#0.2400#0.0001#-0.0015#0.0901
42.00:2.0687#-1.8318#0.2400#0.0001#-0.0017#0.0901
43.00:2.0686#-1.8318#0.2400#0.0001#-0.0016#0.0901
44.00:2.0686#-1.8318#0.2400#0.0001#-0.0015#0.0901
45.00:2.0685#-1.8318#0.2400#0.0001#-0.0014#0.0901
46.00:2.0684#-1.8318#0.2400#0.0001#-0.0015#0.0901
47.00:2.0683#-1.8318#0.2400#0.0001#-0.0017#0.0901
48.00:2.0682#-1.8319#0.2400#0.0001#-0.0015#0.0900
49.00:2.0682#-1.8319#0.2400#0.0001#-0.0015#0.0900
50.00:2.0681#-1.8319#0.2400#0.0001#-0.0015#0.0900
51.00:2.0680#-1.8319#0.2400#0.0001#-0.0015#0.0900
52.00:2.0679#-1.8319#0.2400#0.0001#-0.0015#0.0900
53.00:2.0678#-1.8319#0.2400#0.0001#-0.0015#0.0900
54.00:2.0678#-1.8320#0.2400#0.0001#-0.0015#0.0900
55.00:2.0677#-1.8320#0.2400#0.0001#-0.0015#0.0899
56.00:2.0676#-1.8320#0.2400#0.0001#-0.0016#0.0899
57.00:2.0675#-1.8320#0.2400#0.0001#-0.0016#0.0899
58.00:2.0675#-1.8320#0.2400#0.0001#-0.0016#0.0899
59.00:2.0674#-1.8320#0.2400#0.0001#-0.0015#0.0898
60.00:2.0673#-1.8320#0.2400#0.0001#-0.0016#0.0899
61.00:2.0672#-1.8320#0.2400#0.0001#-0.0015#0.0899
62.00:2.0671#-1.8321#0.2400#0.0001#-0.0015#0.0899
63.00:2.0671#-1.8321#0.2400#0.0001#-0.0015#0.0899
64.00:2.0670#-1.8321#0.2400#0.0001#-0.0015#0.0899
65.00:2.0669#-1.8321#0.2400#0.0001#-0.0015#0.0898
66.00:2.0668#-1.8321#0.2400#0.0001#-0.0016#0.0899
67.00:2.0964#-1.8200#0.2401#0.0005#-0.0021#0.2611
68.00:2.1389#-1.7894#0.2401#0.0011#-0.0019#0.5456
69.00:2.1705#-1.7484#0.2401#0.0016#-0.0015#0.8345
70.00:2.1887#-1.7003#0.2401#0.0019#-0.0010#1.1207
71.00:2.1932#-1.6481#0.2401#0.0021#-0.0004#1.4045
72.00:2.1826#-1.5965#0.2401#0.0021#0.0002#1.6911
73.00:2.1571#-1.5490#0.2401#0.0019#0.0009#1.9887
74.00:2.1193#-1.5120#0.2401#0.0017#0.0014#2.2862
75.00:2.0725#-1.4876#0.2401#0.0012#0.0018#2.5830
76.00:2.0204#-1.4779#0.2401#0.0006#0.0021#2.8781
77.00:1.8953#-1.4789#0.2400#0.0001#0.0017#3.1237
78.00:0.8724#-1.4256#0.2400#0.0002#0.0014#3.0834
79.00:-0.2914#-1.3577#0.2400#0.0002#0.0012#3.0834
80.00:-1.4591#-1.2899#0.2400#0.0001#0.0013#3.0837
81.00:-2.3047#-1.2418#0.2400#0.0001#0.0011#3.0963
82.00:-2.3172#-1.2415#0.2400#0.0001#0.0014#3.1015
83.00:-2.3171#-1.2415#0.2400#0.0001#0.0016#3.1015
84.00:-2.3170#-1.2415#0.2400#0.0001#0.0014#3.1014
85.00:-2.3170#-1.2415#0.2400#0.0001#0.0015#3.1014