
1.00:hum1:3.8000#2.2500#0.8025#-0.0000#-0.0000#-1.5708
2.00:hum1:3.8000#2.2500#0.8025#-0.0000#-0.0000#-1.5708
3.00:hum1:3.8000#2.2500#0.8025#-0.0000#-0.0000#-1.5708
4.00:hum1:3.8000#2.2500#0.8025#-0.0000#-0.0000#-1.5708
5.00:hum1:3.8000#2.2500#0.8025#-0.0000#-0.0000#-1.5708
6.00:hum1:3.8000#2.2500#0.8025#-0.0000#-0.0000#-1.5708
7.00:hum1:3.8000#2.2500#0.8025#-0.0000#-0.0000#-1.5708
8.00:hum1:3.8000#2.2500#0.8025#-0.0000#-0.0000#-1.5708
9.00:hum1:3.8000#2.2500#0.8025#-0.0000#-0.0000#-1.5708
10.00:hum1:3.8000#2.2500#0.8025#-0.0000#-0.0000#-1.5708
11.00:hum1:3.8000#2.2500#0.8025#-0.0000#-0.0000#-1.5708
12.00:hum1:5.5475#1.4597#0.8025#0.0000#0.0000#-0.3187
13.00:hum1:5.6283#1.4198#0.8025#0.0000#0.0000#-0.4387
14.00:hum1:6.1891#1.1570#0.8025#0.0000#0.0000#-0.4382
15.00:hum1:6.4100#1.0564#0.8025#0.0000#0.0000#-0.4272
16.00:hum1:6.5329#1.0012#0.8153#0.1032#0.2248#-0.4344
17.00:hum1:9.6228#-0.0564#0.8466#-0.1434#-0.4750#-0.3054
18.00:hum1:12.8377#-0.9757#0.8168#-0.0532#-0.2193#-0.2395
19.00:hum1:13.1117#2.3807#0.8496#0.5159#0.0092#1.5874
20.00:hum1:13.0535#5.3292#0.9413#1.0045#0.0165#1.5816
21.00:hum1:12.5732#5.5809#0.8025#0.0000#0.0000#-1.4413
22.00:hum1:12.3489#2.9046#0.8267#0.3728#-0.0058#-1.5854
23.00:hum1:13.3421#0.2389#0.8171#0.2287#0.1467#-1.0099
24.00:hum1:13.7059#1.8838#0.8025#-0.0000#-0.0000#1.6522
25.00:hum1:13.5663#3.1544#0.8069#-0.0655#-0.0497#-0.9216
26.00:hum1:15.5231#0.5850#0.8067#0.1245#0.0942#-0.9258
27.00:hum1:15.8181#0.1976#0.8025#0.0000#0.0000#-0.9200
28.00:hum1:15.8181#0.1976#0.8025#0.0000#0.0000#-0.9200
29.00:hum1:15.8181#0.1976#0.8025#0.0000#0.0000#-0.9200
30.00:hum1:15.8181#0.1976#0.8025#0.0000#0.0000#-0.9200
31.00:hum1:15.8181#0.1976#0.8025#0.0000#0.0000#-0.9200
32.00:hum1:15.8181#0.1976#0.8025#0.0000#0.0000#-0.9200
33.00:hum1:15.8181#0.1976#0.8025#0.0000#0.0000#-0.9200
34.00:hum1:14.7103#0.3402#0.9597#-0.3170#1.0590#-2.7814
35.00:hum1:15.6200#-0.4606#0.8496#-0.1628#-0.4918#-0.3344
36.00:hum1:16.3791#-0.6900#0.8025#0.0000#0.0000#-0.2935
37.00:hum1:16.5807#-0.7509#0.8071#0.0023#0.0077#-0.2935
38.00:hum1:17.8667#-1.0008#0.8215#-0.2158#0.2324#0.7609
39.00:hum1:18.4019#0.2444#0.8161#-0.2921#0.0748#1.3275
40.00:hum1:18.7368#1.5325#0.8069#0.0795#-0.0207#1.3173
41.00:hum1:19.0624#2.7852#0.8763#0.6662#-0.1595#1.3718
42.00:hum1:18.3750#4.6735#0.4025#0.0000#0.0000#-1.5700
43.00:hum1:18.3750#4.6735#0.4025#0.0000#0.0000#-1.5700
44.00:hum1:18.3750#4.6735#0.4025#0.0000#0.0000#-1.5700
45.00:hum1:18.3750#4.6735#0.4025#0.0000#0.0000#-1.5700
46.00:hum1:18.3750#4.6735#0.4025#0.0000#0.0000#-1.5700
47.00:hum1:18.3750#4.6735#0.4025#0.0000#0.0000#-1.5700
48.00:hum1:18.3750#4.6735#0.4025#0.0000#0.0000#-1.5700
49.00:hum1:18.2465#3.0588#0.8763#-0.6802#0.0569#-1.6406
50.00:hum1:18.1087#1.7420#0.9597#-1.0858#0.0611#-1.6026
51.00:hum1:17.7768#0.8243#0.8496#-0.4520#0.2580#-2.0543
52.00:hum1:17.3420#-0.0343#0.8071#0.0066#-0.0046#-2.1828
53.00:hum1:17.0862#-0.2501#0.8025#0.0000#-0.0000#-2.0602
54.00:hum1:16.6260#-0.3826#0.8153#0.0604#-0.2397#-2.8917
55.00:hum1:15.9284#-0.5546#0.8244#0.0092#-0.3635#-3.1155
56.00:hum1:14.8462#-0.4771#0.8025#-0.0000#-0.0000#3.0795
57.00:hum1:14.8462#-0.4771#0.8025#-0.0000#-0.0000#3.0795
58.00:hum1:14.8462#-0.4771#0.8025#-0.0000#-0.0000#3.0795
59.00:hum1:14.8462#-0.4771#0.8025#-0.0000#-0.0000#3.0795
60.00:hum1:14.8462#-0.4771#0.8025#-0.0000#-0.0000#3.0795
61.00:hum1:14.8462#-0.4771#0.8025#-0.0000#-0.0000#3.0795
62.00:hum1:14.8462#-0.4771#0.8025#-0.0000#-0.0000#3.0795
63.00:hum1:14.8462#-0.4771#0.8025#-0.0000#-0.0000#3.0795
64.00:hum1:14.9649#-0.4920#0.8267#-0.0505#-0.3695#3.0030
65.00:hum1:13.6275#-0.3770#0.8067#-0.0030#-0.1560#3.1225
66.00:hum1:12.3139#-0.3442#0.8273#-0.0046#0.3414#-3.1276
67.00:hum1:11.0297#-0.3125#0.9141#0.0389#0.8778#3.0913
68.00:hum1:10.7282#-0.3029#0.8025#-0.0000#-0.0000#3.1096
69.00:hum1:10.7282#-0.3029#0.8025#-0.0000#-0.0000#3.1096
70.00:hum1:10.7282#-0.3029#0.8025#-0.0000#-0.0000#3.1096
71.00:hum1:10.7282#-0.3029#0.8025#-0.0000#-0.0000#3.1096
72.00:hum1:10.7282#-0.3029#0.8025#-0.0000#-0.0000#3.1096
73.00:hum1:10.7282#-0.3029#0.8025#-0.0000#-0.0000#3.1096
74.00:hum1:10.7282#-0.3029#0.8025#-0.0000#-0.0000#3.1096
75.00:hum1:10.7282#-0.3029#0.8025#-0.0000#-0.0000#3.1096
76.00:hum1:10.6410#-0.3001#0.8025#-0.0000#-0.0000#3.1096
77.00:hum1:10.6410#-0.3001#0.8025#-0.0000#-0.0000#3.1096
78.00:hum1:10.6410#-0.3001#0.8025#-0.0000#-0.0000#3.1096
79.00:hum1:10.6410#-0.3001#0.8025#-0.0000#-0.0000#3.1096
80.00:hum1:10.6410#-0.3001#0.8025#-0.0000#-0.0000#3.1096
81.00:hum1:9.7679#-0.2208#0.9413#0.1405#0.9982#2.9752
82.00:hum1:8.7062#-0.1862#0.8262#0.0123#0.3286#3.1037
83.00:hum1:7.6905#-0.2210#0.8116#0.0238#-0.1932#-3.0179
84.00:hum1:6.5153#-0.3344#0.8267#0.0444#-0.3703#-3.0191
85.00:hum1:5.2085#-0.4733#0.8067#0.0167#-0.1551#-3.0333
86.00:hum1:3.9039#-0.5853#0.8273#-0.0426#0.3388#-3.0136
87.00:hum1:2.6419#-0.6334#0.9141#0.0040#0.8784#3.1368
88.00:hum1:1.3489#-0.7123#0.9413#-0.0906#1.0020#-3.0338
89.00:hum1:0.2955#-0.7968#0.8262#-0.0308#0.3274#-3.0457
90.00:hum1:-0.6812#-0.8901#0.8116#0.0188#-0.1937#-3.0440
91.00:hum1:-1.5813#-0.9766#0.8025#0.0000#-0.0000#-3.0458
92.00:hum1:-1.5813#-0.9766#0.8025#0.0000#-0.0000#-3.0458