
1.00:0.2653#-1.1873#0.2401#-0.0001#-0.0023#-0.0001
2.00:0.2653#-1.1874#0.2401#-0.0001#-0.0023#-0.0001
3.00:0.2652#-1.1874#0.2401#-0.0001#-0.0021#-0.0001
4.00:0.2651#-1.1874#0.2401#-0.0001#-0.0022#-0.0001
5.00:0.2650#-1.1874#0.2401#-0.0001#-0.0022#-0.0001
6.00:0.2650#-1.1874#0.2401#-0.0001#-0.0020#-0.0002
7.00:0.2649#-1.1874#0.2401#-0.0001#-0.0021#-0.0002
8.00:0.2649#-1.1874#0.2401#-0.0001#-0.0021#-0.0002
9.00:0.2648#-1.1874#0.2401#-0.0001#-0.0021#-0.0002
10.00:0.6564#-1.1628#0.2401#0.0004#-0.0022#0.2116
11.00:1.0207#-0.9053#0.2401#0.0017#-0.0013#0.9526
12.00:1.0583#-0.8836#0.2401#0.0012#-0.0018#0.6484
13.00:1.1011#-0.8745#0.2401#0.0006#-0.0021#0.3442
14.00:1.1451#-0.8781#0.2401#-0.0000#-0.0022#0.0432
15.00:1.5157#-0.9257#0.2401#-0.0003#-0.0020#-0.1081
16.00:2.6695#-1.0478#0.2401#-0.0002#-0.0016#-0.1054
17.00:3.8288#-1.1703#0.2400#-0.0002#-0.0013#-0.1055
18.00:4.7659#-1.4577#0.2400#-0.0012#-0.0006#-0.9145
19.00:4.5585#-1.7420#0.2400#0.0002#0.0018#3.0789
20.00:4.4663#-1.7016#0.2401#0.0010#0.0019#2.6795
21.00:4.4390#-1.6681#0.2401#0.0015#0.0015#2.3860
22.00:4.4218#-1.6274#0.2401#0.0019#0.0010#2.0959
23.00:4.4174#-1.5841#0.2401#0.0021#0.0004#1.7969
24.00:4.4263#-1.5417#0.2401#0.0022#-0.0003#1.4983
25.00:4.4473#-1.5038#0.2401#0.0020#-0.0009#1.1991
26.00:4.4785#-1.4740#0.2401#0.0017#-0.0015#0.8993
27.00:4.5169#-1.4542#0.2401#0.0012#-0.0019#0.6072
28.00:4.5591#-1.4460#0.2401#0.0006#-0.0020#0.3163
29.00:4.9291#-1.3953#0.2400#0.0002#-0.0017#0.1447
30.00:6.0781#-1.2319#0.2400#0.0001#-0.0014#0.1414
31.00:7.2323#-1.0672#0.2400#0.0002#-0.0015#0.1421
32.00:8.3863#-0.9022#0.2400#0.0002#-0.0015#0.1419
33.00:9.5443#-0.7368#0.2400#0.0001#-0.0014#0.1419
34.00:10.0484#-0.6659#0.2400#0.0001#-0.0015#0.1385
35.00:10.0483#-0.6660#0.2400#0.0002#-0.0016#0.1384
36.00:10.0482#-0.6660#0.2400#0.0001#-0.0015#0.1385
37.00:10.0481#-0.6660#0.2400#0.0001#-0.0015#0.1385
38.00:10.0481#-0.6660#0.2400#0.0001#-0.0015#0.1385
39.00:10.0480#-0.6660#0.2400#0.0001#-0.0014#0.1385
40.00:10.0479#-0.6660#0.2400#0.0001#-0.0015#0.1385
41.00:10.0479#-0.6660#0.2400#0.0001#-0.0015#0.1385
42.00:10.0478#-0.6660#0.2400#0.0001#-0.0015#0.1385
43.00:10.0477#-0.6661#0.2400#0.0001#-0.0015#0.1385
44.00:10.0477#-0.6661#0.2400#0.0001#-0.0014#0.1385
45.00:10.0476#-0.6661#0.2400#0.0001#-0.0015#0.1385
46.00:10.0475#-0.6661#0.2400#0.0001#-0.0014#0.1385
47.00:10.0474#-0.6661#0.2400#0.0001#-0.0015#0.1385
48.00:10.0473#-0.6661#0.2400#0.0001#-0.0015#0.1385
49.00:10.0473#-0.6661#0.2400#0.0001#-0.0015#0.1386
50.00:10.0472#-0.6662#0.2400#0.0001#-0.0014#0.1386
51.00:10.0471#-0.6662#0.2400#0.0001#-0.0015#0.1386
52.00:10.0470#-0.6662#0.2400#0.0001#-0.0014#0.1386
53.00:10.0469#-0.6662#0.2400#0.0001#-0.0015#0.1386
54.00:10.0469#-0.6662#0.2400#0.0001#-0.0015#0.1386
55.00:10.0468#-0.6662#0.2400#0.0001#-0.0014#0.1386
56.00:10.0467#-0.6662#0.2400#0.0001#-0.0015#0.1386
57.00:10.0467#-0.6663#0.2400#0.0001#-0.0014#0.1387
58.00:10.0466#-0.6663#0.2400#0.0001#-0.0015#0.1387
59.00:10.0465#-0.6663#0.2400#0.0001#-0.0015#0.1386
60.00:10.0464#-0.6663#0.2400#0.0001#-0.0015#0.1387
61.00:10.0464#-0.6663#0.2400#0.0001#-0.0014#0.1387
62.00:10.0463#-0.6663#0.2400#0.0001#-0.0014#0.1387
63.00:10.0462#-0.6663#0.2400#0.0001#-0.0014#0.1387
64.00:10.0462#-0.6663#0.2400#0.0001#-0.0014#0.1387
65.00:10.0461#-0.6664#0.2400#0.0001#-0.0015#0.1387
66.00:10.0460#-0.6664#0.2400#0.0001#-0.0014#0.1387
67.00:10.0460#-0.6664#0.2400#0.0001#-0.0015#0.1387
68.00:10.0790#-0.6503#0.2401#0.0007#-0.0020#0.3316
69.00:10.1202#-0.6161#0.2401#0.0012#-0.0018#0.6184
70.00:10.1494#-0.5717#0.2401#0.0017#-0.0014#0.9061
71.00:10.1650#-0.5206#0.2401#0.0020#-0.0008#1.2012
72.00:10.1647#-0.4672#0.2401#0.0022#-0.0002#1.4946
73.00:10.1494#-0.4154#0.2401#0.0021#0.0004#1.7872
74.00:10.1201#-0.3711#0.2401#0.0020#0.0010#2.0778
75.00:10.0788#-0.3361#0.2401#0.0015#0.0015#2.3656
76.00:10.0291#-0.3141#0.2401#0.0010#0.0019#2.6536
77.00:9.9759#-0.3076#0.2401#0.0005#0.0021#2.9441
78.00:9.9220#-0.3160#0.2401#-0.0002#0.0027#-3.0577
79.00:9.1663#-0.3973#0.2400#-0.0001#0.0015#-3.0488
80.00:8.0016#-0.5057#0.2400#-0.0001#0.0016#-3.0488
81.00:6.8409#-0.6139#0.2400#-0.0001#0.0015#-3.0484
82.00:5.6804#-0.7226#0.2400#-0.0000#0.0015#-3.0481
83.00:4.5200#-0.8310#0.2401#-0.0002#0.0014#-3.0490
84.00:3.3575#-0.9396#0.2400#0.0000#0.0011#-3.0484
85.00:2.1948#-1.0483#0.2400#-0.0001#0.0016#-3.0483
86.00:1.0344#-1.1571#0.2400#-0.0001#0.0013#-3.0480
87.00:-0.1262#-1.2664#0.2400#-0.0000#0.0016#-3.0473
88.00:-1.2870#-1.3762#0.2400#-0.0001#0.0013#-3.0469
89.00:-2.2634#-1.4728#0.2400#-0.0001#0.0010#-3.0176
90.00:-2.3220#-1.4822#0.2400#-0.0002#0.0017#-2.9725
91.00:-2.3219#-1.4821#0.2401#-0.0002#0.0017#-2.9725
92.00:-2.3218#-1.4821#0.2400#-0.0002#0.0016#-2.9725