
1.00:hum1:-0.2750#-0.5250#0.8025#-0.0000#0.0000#-0.0000
2.00:hum1:-0.2750#-0.5250#0.8025#-0.0000#0.0000#-0.0000
3.00:hum1:-0.2750#-0.5250#0.8025#-0.0000#0.0000#-0.0000
4.00:hum1:-0.2750#-0.5250#0.8025#-0.0000#0.0000#-0.0000
5.00:hum1:-0.2750#-0.5250#0.8025#-0.0000#0.0000#-0.0000
6.00:hum1:-0.2750#-0.5250#0.8025#-0.0000#0.0000#-0.0000
7.00:hum1:-0.2750#-0.5250#0.8025#-0.0000#0.0000#-0.0000
8.00:hum1:-0.2750#-0.5250#0.8025#-0.0000#0.0000#-0.0000
9.00:hum1:-0.2750#-0.5250#0.8025#-0.0000#0.0000#-0.0000
10.00:hum1:-0.2750#-0.5250#0.8025#-0.0000#0.0000#-0.0000
11.00:hum1:-0.2750#-0.5250#0.8025#-0.0000#0.0000#-0.0000
12.00:hum1:-0.2750#-0.5250#0.8025#-0.0000#0.0000#-0.0000
13.00:hum1:-0.2750#-0.5250#0.8025#-0.0000#0.0000#-0.0000
14.00:hum1:-0.2750#-0.5250#0.8025#-0.0000#0.0000#-0.0000
15.00:hum1:-0.2750#-0.5250#0.8025#-0.0000#0.0000#-0.0000
16.00:hum1:0.3425#-0.7528#0.9598#-0.5564#-0.9913#-0.6389
17.00:hum1:1.5149#-1.0261#0.8721#-0.1403#-0.6444#-0.2306
18.00:hum1:2.5211#-1.2127#0.8102#-0.0164#-0.1092#-0.1488
19.00:hum1:3.5698#-1.3680#0.8171#0.0377#0.2685#-0.1409
20.00:hum1:4.7704#-1.5259#0.8204#0.0394#0.3302#-0.1207
21.00:hum1:5.0207#-1.5546#0.8048#0.0067#0.0578#-0.1143
22.00:hum1:5.7077#-1.5724#0.8171#-0.0154#0.2706#0.0579
23.00:hum1:6.9180#-1.5126#0.8204#-0.0290#0.3312#0.0894
24.00:hum1:8.2647#-1.4002#0.8044#0.0007#-0.0071#0.0954
25.00:hum1:9.5562#-1.2911#0.8618#0.0707#-0.5917#0.1267
26.00:hum1:10.8779#-1.1800#0.9598#0.2324#-1.0726#0.2636
27.00:hum1:10.9178#-1.1749#0.8081#-0.0160#0.1270#0.1260
28.00:hum1:10.9178#-1.1749#0.8081#-0.0160#0.1270#0.1260
29.00:hum1:11.9058#-1.3096#0.9597#-0.1716#-1.0789#-0.1938
30.00:hum1:13.0164#-1.4426#0.8496#-0.0448#-0.5142#-0.0906
31.00:hum1:13.2558#-1.4615#0.8025#0.0000#0.0000#-0.0789
32.00:hum1:13.2558#-1.4615#0.8025#0.0000#0.0000#-0.0789
33.00:hum1:13.2558#-1.4615#0.8025#0.0000#0.0000#-0.0789
34.00:hum1:13.2558#-1.4615#0.8025#0.0000#0.0000#-0.0789
35.00:hum1:13.2558#-1.4615#0.8025#0.0000#0.0000#-0.0789
36.00:hum1:13.2558#-1.4615#0.8025#0.0000#0.0000#-0.0789
37.00:hum1:13.2558#-1.4615#0.8025#0.0000#0.0000#-0.0789
38.00:hum1:13.2558#-1.4615#0.8025#0.0000#0.0000#-0.0789
39.00:hum1:13.8133#-1.4510#0.8908#0.0198#-0.7618#0.0291
40.00:hum1:15.1083#-1.4237#0.9484#0.0351#-1.0366#0.0412
41.00:hum1:16.1939#-1.4008#0.8374#0.0094#-0.4259#0.0231
42.00:hum1:17.1782#-1.3800#0.8081#-0.0027#0.1280#0.0212
43.00:hum1:18.2838#-0.6656#0.8281#-0.3635#0.0762#1.3735
44.00:hum1:18.5546#0.5967#0.8120#-0.2643#0.0561#1.3669
45.00:hum1:18.7114#1.9312#0.8115#0.1618#-0.0082#1.5208
46.00:hum1:18.7779#3.2408#0.8908#0.7613#-0.0352#1.5342
47.00:hum1:18.8137#3.9482#0.8044#0.0072#-0.0004#1.5201
48.00:hum1:18.3750#4.6735#0.4025#0.0000#0.0000#-1.5700
49.00:hum1:18.3750#4.6735#0.4025#0.0000#0.0000#-1.5700
50.00:hum1:18.3750#4.6735#0.4025#0.0000#0.0000#-1.5700
51.00:hum1:18.3750#4.6735#0.4025#0.0000#0.0000#-1.5700
52.00:hum1:18.3750#4.6735#0.4025#0.0000#0.0000#-1.5700
53.00:hum1:18.3750#4.6735#0.4025#0.0000#0.0000#-1.5700
54.00:hum1:18.3750#4.6735#0.4025#0.0000#0.0000#-1.5700
55.00:hum1:18.3750#4.6735#0.4025#0.0000#0.0000#-1.5700
56.00:hum1:18.3750#4.6735#0.4025#0.0000#0.0000#-1.5700
57.00:hum1:18.3750#4.6735#0.4025#0.0000#0.0000#-1.5700
58.00:hum1:18.3750#4.6735#0.4025#0.0000#0.0000#-1.5700
59.00:hum1:18.3137#3.6751#0.8081#0.1274#-0.0123#-1.6661
60.00:hum1:18.1962#2.5392#0.8281#0.3701#-0.0265#-1.6386
61.00:hum1:18.0892#1.2570#0.8120#0.2691#-0.0228#-1.6528
62.00:hum1:17.6383#0.2406#0.8115#-0.1270#0.1008#-2.2376
63.00:hum1:16.8613#-0.8493#0.8908#-0.6823#0.3705#-1.9897
64.00:hum1:16.1704#-1.9399#0.9484#-0.9590#0.4824#-1.8851
65.00:hum1:16.0336#-3.1448#0.8374#-0.4252#0.0269#-1.6299
66.00:hum1:15.7704#-3.7955#0.8081#0.0795#-0.1004#-2.4697
67.00:hum1:15.1648#-4.2735#0.8025#0.0000#-0.0000#-2.4729
68.00:hum1:15.1648#-4.2735#0.8025#0.0000#-0.0000#-2.4729