
1.00:hum1:-5.5750#-1.5000#0.8025#-0.0000#0.0000#-0.0000
2.00:hum1:-5.5750#-1.5000#0.8025#-0.0000#0.0000#-0.0000
3.00:hum1:-5.5750#-1.5000#0.8025#-0.0000#0.0000#-0.0000
4.00:hum1:-5.5750#-1.5000#0.8025#-0.0000#0.0000#-0.0000
5.00:hum1:-5.5750#-1.5000#0.8025#-0.0000#0.0000#-0.0000
6.00:hum1:-5.5750#-1.5000#0.8025#-0.0000#0.0000#-0.0000
7.00:hum1:-5.5750#-1.5000#0.8025#-0.0000#0.0000#-0.0000
8.00:hum1:-5.5750#-1.5000#0.8025#-0.0000#0.0000#-0.0000
9.00:hum1:-5.5750#-1.5000#0.8025#-0.0000#0.0000#-0.0000
10.00:hum1:-5.5750#-1.5000#0.8025#-0.0000#0.0000#-0.0000
11.00:hum1:-5.5750#-1.5000#0.8025#-0.0000#0.0000#-0.0000
12.00:hum1:-5.5750#-1.5000#0.8025#-0.0000#0.0000#-0.0000
13.00:hum1:-5.5750#-1.5000#0.8025#-0.0000#0.0000#-0.0000
14.00:hum1:-4.7712#-1.4068#0.8081#-0.0150#0.1271#0.1184
15.00:hum1:-4.7712#-1.4068#0.8081#-0.0150#0.1271#0.1184
16.00:hum1:-4.7712#-1.4068#0.8081#-0.0150#0.1271#0.1184
17.00:hum1:-4.7712#-1.4068#0.8081#-0.0150#0.1271#0.1184
18.00:hum1:-4.7712#-1.4068#0.8081#-0.0150#0.1271#0.1184
19.00:hum1:-4.7712#-1.4068#0.8081#-0.0150#0.1271#0.1184
20.00:hum1:-4.7712#-1.4068#0.8081#-0.0150#0.1271#0.1184
21.00:hum1:-4.7712#-1.4068#0.8081#-0.0150#0.1271#0.1184
22.00:hum1:-4.7712#-1.4068#0.8081#-0.0150#0.1271#0.1184
23.00:hum1:-4.7712#-1.4068#0.8081#-0.0150#0.1271#0.1184
24.00:hum1:-4.7712#-1.4068#0.8081#-0.0150#0.1271#0.1184
25.00:hum1:-4.7278#-1.3997#0.8267#0.0800#0.3645#-0.2209
26.00:hum1:-3.3978#-1.5900#0.8067#0.0141#0.1554#-0.0908
27.00:hum1:-2.0872#-1.6941#0.8273#-0.0211#-0.3408#-0.0628
28.00:hum1:-0.8073#-1.8073#0.9141#-0.1234#-0.8720#-0.1603
29.00:hum1:-0.6147#-1.8272#0.9484#-0.1724#-1.0281#-0.2002
30.00:hum1:0.0894#-1.8998#0.8618#-0.0696#-0.5918#-0.1240
31.00:hum1:0.4020#-1.9320#0.9597#-0.1933#-1.0768#-0.2184
32.00:hum1:0.4655#-1.9386#0.8374#-0.0467#-0.4236#-0.1128
33.00:hum1:1.5123#-2.0465#0.8496#-0.0583#-0.5130#-0.1180
34.00:hum1:2.5106#-2.1495#0.8071#0.0008#0.0080#-0.1028
35.00:hum1:3.6006#-2.2619#0.8215#0.0336#0.3141#-0.1081
36.00:hum1:4.8457#-2.3903#0.8161#0.0320#0.2996#-0.1076
37.00:hum1:6.1696#-2.5269#0.8069#-0.0085#-0.0817#-0.1031
38.00:hum1:7.4570#-2.6597#0.8763#-0.0834#-0.6779#-0.1322
39.00:hum1:8.7704#-2.7952#0.9597#-0.1933#-1.0768#-0.2184
40.00:hum1:9.8808#-2.9097#0.8496#-0.0583#-0.5130#-0.1180
41.00:hum1:10.8790#-3.0126#0.8071#0.0008#0.0080#-0.1028
42.00:hum1:12.1301#-3.0572#0.8215#-0.1925#0.2519#0.6639
43.00:hum1:12.4673#-1.9965#0.8161#-0.0538#-0.2965#2.9596
44.00:hum1:11.1561#-1.7669#0.8069#0.0142#0.0809#2.9680
45.00:hum1:10.2985#-2.0588#0.8763#0.0687#-0.6793#0.1094
46.00:hum1:11.6343#-1.8913#0.9597#0.3549#-1.0515#0.4038
47.00:hum1:12.6971#-1.7640#0.8496#0.0161#-0.5157#0.0329
48.00:hum1:13.7480#-1.7339#0.9413#0.0445#-1.0039#0.0531
49.00:hum1:13.7681#-1.7238#0.8721#0.0591#-0.6551#0.0972
50.00:hum1:13.7591#-1.7245#0.8374#0.0348#-0.4246#0.0846
51.00:hum1:13.7484#-1.7253#0.8168#0.0176#-0.2249#0.0791
52.00:hum1:14.0814#-1.6996#0.8067#-0.0121#0.1556#0.0780
53.00:hum1:15.0647#-1.6236#0.8120#-0.0212#0.2692#0.0799
54.00:hum1:16.0525#-1.5474#0.8161#-0.0238#0.3003#0.0806
55.00:hum1:17.0368#-1.4714#0.8204#-0.0265#0.3314#0.0815
56.00:hum1:18.3239#-0.7045#0.8044#0.0070#-0.0014#1.3770
57.00:hum1:18.5734#0.5660#0.8618#0.5866#-0.1084#1.4098
58.00:hum1:18.8281#1.8636#0.9598#1.0793#-0.1716#1.4800
59.00:hum1:19.0530#3.0098#0.8721#0.6482#-0.1181#1.4168
60.00:hum1:19.2332#3.9275#0.9598#1.0793#-0.1716#1.4800
61.00:hum1:18.3750#4.6735#0.4025#0.0000#0.0000#-1.5700
62.00:hum1:18.3750#4.6735#0.4025#0.0000#0.0000#-1.5700
63.00:hum1:18.3750#4.6735#0.4025#0.0000#0.0000#-1.5700
64.00:hum1:18.3750#4.6735#0.4025#0.0000#0.0000#-1.5700
65.00:hum1:18.3750#4.6735#0.4025#0.0000#0.0000#-1.5700
66.00:hum1:18.3750#4.6735#0.4025#0.0000#0.0000#-1.5700
67.00:hum1:18.3750#4.6735#0.4025#0.0000#0.0000#-1.5700
68.00:hum1:18.3750#4.6735#0.4025#0.0000#0.0000#-1.5700
69.00:hum1:18.3750#4.6735#0.4025#0.0000#0.0000#-1.5700
70.00:hum1:18.3750#4.6735#0.4025#0.0000#0.0000#-1.5700
71.00:hum1:18.3750#4.6735#0.4025#0.0000#0.0000#-1.5700
72.00:hum1:18.3750#4.6735#0.4025#0.0000#0.0000#-1.5700
73.00:hum1:18.3750#4.6735#0.4025#0.0000#0.0000#-1.5700
74.00:hum1:18.3750#4.6735#0.4025#0.0000#0.0000#-1.5700
75.00:hum1:18.3752#3.9064#0.9484#-1.0370#-0.0004#-1.5702
76.00:hum1:18.3070#3.6565#0.8120#0.2672#-0.0394#-1.7135
77.00:hum1:18.1717#2.3378#0.8115#-0.1616#0.0113#-1.6400
78.00:hum1:18.0356#1.0350#0.8908#-0.7608#0.0480#-1.6208
79.00:hum1:17.6999#0.0525#0.9484#-0.8651#0.6688#-2.0565
80.00:hum1:16.9781#-0.8326#0.8374#-0.3722#0.2122#-2.0651
81.00:hum1:16.7603#-1.2003#0.8044#-0.0061#0.0037#-2.1170
82.00:hum1:16.7163#-1.2736#0.8115#-0.1393#0.0829#-2.1039
83.00:hum1:16.6566#-1.3737#0.8466#-0.4337#0.2456#-2.0539
84.00:hum1:16.6111#-1.4506#0.8763#-0.6096#0.3278#-2.0025
85.00:hum1:15.9380#-2.5873#0.9597#-1.0227#0.4668#-1.8386
86.00:hum1:15.6362#-3.7596#0.8496#-0.5158#-0.0138#-1.5461
87.00:hum1:15.5267#-4.6769#0.8071#0.0078#-0.0020#-1.8232
88.00:hum1:15.2531#-5.7380#0.8215#0.3064#-0.0777#-1.8112
89.00:hum1:14.9405#-6.9499#0.8161#0.2922#-0.0742#-1.8123
90.00:hum1:14.6081#-8.2387#0.8069#-0.0796#0.0205#-1.8224