
1.00:hum1:-0.2750#-0.5250#0.8025#-0.0000#0.0000#-0.0000
2.00:hum1:-0.2750#-0.5250#0.8025#-0.0000#0.0000#-0.0000
3.00:hum1:-0.2750#-0.5250#0.8025#-0.0000#0.0000#-0.0000
4.00:hum1:-0.2750#-0.5250#0.8025#-0.0000#0.0000#-0.0000
5.00:hum1:-0.2750#-0.5250#0.8025#-0.0000#0.0000#-0.0000
6.00:hum1:-0.2750#-0.5250#0.8025#-0.0000#0.0000#-0.0000
7.00:hum1:-0.2750#-0.5250#0.8025#-0.0000#0.0000#-0.0000
8.00:hum1:-0.2750#-0.5250#0.8025#-0.0000#0.0000#-0.0000
9.00:hum1:-0.2750#-0.5250#0.8025#-0.0000#0.0000#-0.0000
10.00:hum1:-0.2750#-0.5250#0.8025#-0.0000#0.0000#-0.0000
11.00:hum1:-0.2750#-0.5250#0.8025#-0.0000#0.0000#-0.0000
12.00:hum1:-0.2750#-0.5250#0.8025#-0.0000#0.0000#-0.0000
13.00:hum1:-0.2750#-0.5250#0.8025#-0.0000#0.0000#-0.0000
14.00:hum1:-0.2750#-0.5250#0.8025#-0.0000#0.0000#-0.0000
15.00:hum1:-0.2750#-0.5250#0.8025#-0.0000#0.0000#-0.0000
16.00:hum1:-0.2750#-0.5250#0.8025#-0.0000#0.0000#-0.0000
17.00:hum1:0.5498#-0.6742#0.9191#-0.1273#-0.8951#-0.1623
18.00:hum1:1.5736#-0.8019#0.9413#-0.1709#-0.9952#-0.2025
19.00:hum1:2.5365#-0.9478#0.9484#-0.4259#-0.9779#-0.5002
20.00:hum1:3.6647#-1.0331#0.8374#-0.0456#-0.4237#-0.1101
21.00:hum1:4.7147#-1.1693#0.8496#-0.0395#-0.5146#-0.0798
22.00:hum1:5.7128#-1.2676#0.8071#0.0005#0.0080#-0.0669
23.00:hum1:6.8063#-1.3525#0.8215#0.0192#0.3153#-0.0616
24.00:hum1:8.8290#-1.4649#0.9484#-0.0757#-1.0353#-0.0876
25.00:hum1:11.7512#-0.9549#0.8281#0.0440#-0.3685#-3.0197
26.00:hum1:13.9401#-1.3937#0.8908#0.0543#-0.7604#0.0791
27.00:hum1:13.8845#-4.6398#0.8081#0.1260#0.0225#-1.3945
28.00:hum1:16.1835#-3.5239#0.8908#0.5583#-0.5491#0.8750
29.00:hum1:16.7617#-3.0231#0.8025#-0.0000#0.0000#0.7138
30.00:hum1:16.9231#-2.8832#0.8025#-0.0000#0.0000#0.7138
31.00:hum1:17.0882#-2.7402#0.8025#-0.0000#0.0000#0.7138
32.00:hum1:17.0882#-2.7402#0.8025#-0.0000#0.0000#0.7138
33.00:hum1:18.6861#0.2043#0.8116#-0.1938#0.0178#1.4809
34.00:hum1:18.8205#3.2755#0.8102#0.1104#-0.0024#1.5497
35.00:hum1:18.8465#4.4993#0.8721#0.6573#-0.0131#1.5541
36.00:hum1:18.3750#4.6735#0.4025#0.0000#0.0000#-1.5700
37.00:hum1:18.3750#4.6735#0.4025#0.0000#0.0000#-1.5700
38.00:hum1:18.3750#4.6735#0.4025#0.0000#0.0000#-1.5700
39.00:hum1:18.3750#4.6735#0.4025#0.0000#0.0000#-1.5700
40.00:hum1:18.3750#4.6735#0.4025#0.0000#0.0000#-1.5700
41.00:hum1:18.3750#4.6735#0.4025#0.0000#0.0000#-1.5700
42.00:hum1:18.3750#4.6735#0.4025#0.0000#0.0000#-1.5700
43.00:hum1:18.3750#4.6735#0.4025#0.0000#0.0000#-1.5700
44.00:hum1:18.3750#4.6735#0.4025#0.0000#0.0000#-1.5700
45.00:hum1:18.3750#4.6735#0.4025#0.0000#0.0000#-1.5700
46.00:hum1:18.3750#4.6735#0.4025#0.0000#0.0000#-1.5700
47.00:hum1:18.3750#4.6735#0.4025#0.0000#0.0000#-1.5700
48.00:hum1:18.3750#4.6735#0.4025#0.0000#0.0000#-1.5700
49.00:hum1:18.3750#4.6735#0.4025#0.0000#0.0000#-1.5700
50.00:hum1:18.3750#4.6735#0.4025#0.0000#0.0000#-1.5700
51.00:hum1:18.3750#4.6735#0.4025#0.0000#0.0000#-1.5700
52.00:hum1:18.3750#4.6735#0.4025#0.0000#0.0000#-1.5700
53.00:hum1:18.3750#4.6735#0.4025#0.0000#0.0000#-1.5700
54.00:hum1:18.3750#4.6735#0.4025#0.0000#0.0000#-1.5700
55.00:hum1:18.3750#4.6735#0.4025#0.0000#0.0000#-1.5700
56.00:hum1:18.3751#4.1037#0.8071#0.0080#0.0000#-1.5700
57.00:hum1:18.2651#3.4423#0.8466#-0.4884#0.0813#-1.7222
58.00:hum1:18.6235#0.3619#0.8168#0.2251#0.0148#1.6355
59.00:hum1:16.9400#-0.5664#0.8025#0.0000#-0.0000#-2.1212
60.00:hum1:15.3672#-3.1349#0.8168#-0.1931#0.1173#-2.1100
61.00:hum1:14.2884#-4.9483#0.9377#-0.8909#0.5068#-1.9444
62.00:hum1:14.2423#-5.0134#0.8071#0.0065#-0.0047#-2.1895
63.00:hum1:14.2132#-5.0543#0.8025#0.0000#-0.0000#-2.1895
64.00:hum1:14.2132#-5.0543#0.8025#0.0000#-0.0000#-2.1895
65.00:hum1:14.2132#-5.0543#0.8025#0.0000#-0.0000#-2.1895
66.00:hum1:14.2132#-5.0543#0.8025#0.0000#-0.0000#-2.1895
67.00:hum1:14.2132#-5.0543#0.8025#0.0000#-0.0000#-2.1895
68.00:hum1:14.2132#-5.0543#0.8025#0.0000#-0.0000#-2.1895
69.00:hum1:14.2132#-5.0543#0.8025#0.0000#-0.0000#-2.1895
70.00:hum1:14.2132#-5.0543#0.8025#0.0000#-0.0000#-2.1895
71.00:hum1:14.2132#-5.0543#0.8025#0.0000#-0.0000#-2.1895
72.00:hum1:14.2132#-5.0543#0.8025#0.0000#-0.0000#-2.1895
73.00:hum1:14.2132#-5.0543#0.8025#0.0000#-0.0000#-2.1895
74.00:hum1:14.2132#-5.0543#0.8025#0.0000#-0.0000#-2.1895
75.00:hum1:14.2132#-5.0543#0.8025#0.0000#-0.0000#-2.1895
76.00:hum1:14.2132#-5.0543#0.8025#0.0000#-0.0000#-2.1895