
1.00:hum1:-0.2750#-0.5250#0.8025#-0.0000#0.0000#-0.0000
2.00:hum1:-0.2750#-0.5250#0.8025#-0.0000#0.0000#-0.0000
3.00:hum1:-0.2750#-0.5250#0.8025#-0.0000#0.0000#-0.0000
4.00:hum1:-0.2750#-0.5250#0.8025#-0.0000#0.0000#-0.0000
5.00:hum1:-0.2750#-0.5250#0.8025#-0.0000#0.0000#-0.0000
6.00:hum1:-0.2750#-0.5250#0.8025#-0.0000#0.0000#-0.0000
7.00:hum1:-0.2750#-0.5250#0.8025#-0.0000#0.0000#-0.0000
8.00:hum1:-0.2750#-0.5250#0.8025#-0.0000#0.0000#-0.0000
9.00:hum1:-0.2750#-0.5250#0.8025#-0.0000#0.0000#-0.0000
10.00:hum1:-0.2750#-0.5250#0.8025#-0.0000#0.0000#-0.0000
11.00:hum1:-0.2750#-0.5250#0.8025#-0.0000#0.0000#-0.0000
12.00:hum1:-0.2750#-0.5250#0.8025#-0.0000#0.0000#-0.0000
13.00:hum1:-0.2750#-0.5250#0.8025#-0.0000#0.0000#-0.0000
14.00:hum1:0.5498#-0.6742#0.9191#-0.1273#-0.8951#-0.1623
15.00:hum1:1.5090#-0.8198#0.9597#-0.1833#-1.0778#-0.2070
16.00:hum1:2.5081#-0.9540#0.9598#-0.1730#-1.0792#-0.1953
17.00:hum1:3.4928#-1.0698#0.9377#-0.1306#-0.9831#-0.1561
18.00:hum1:4.7238#-1.1888#0.9191#-0.1018#-0.8975#-0.1296
19.00:hum1:6.8310#-1.3710#0.8102#-0.0055#-0.1102#-0.0495
20.00:hum1:10.0267#-1.5018#0.8044#0.0002#-0.0072#0.0256
21.00:hum1:13.8238#-1.4114#0.8721#0.0558#-0.6554#0.0917
22.00:hum1:16.3623#-1.7526#0.9484#0.2880#-1.0114#0.3366
23.00:hum1:18.5868#0.1998#0.9377#0.9838#-0.1227#1.4899
24.00:hum1:18.8059#3.1277#0.8763#0.6820#-0.0183#1.5487
25.00:hum1:18.8423#4.3950#0.9413#1.0044#-0.0244#1.5556
26.00:hum1:18.3750#4.6735#0.4025#0.0000#0.0000#-1.5700
27.00:hum1:18.3750#4.6735#0.4025#0.0000#0.0000#-1.5700
28.00:hum1:18.3750#4.6735#0.4025#0.0000#0.0000#-1.5700
29.00:hum1:18.3750#4.6735#0.4025#0.0000#0.0000#-1.5700
30.00:hum1:18.3750#4.6735#0.4025#0.0000#0.0000#-1.5700
31.00:hum1:18.3750#4.6735#0.4025#0.0000#0.0000#-1.5700
32.00:hum1:18.3750#4.6735#0.4025#0.0000#0.0000#-1.5700
33.00:hum1:18.3750#4.6735#0.4025#0.0000#0.0000#-1.5700
34.00:hum1:18.3750#4.6735#0.4025#0.0000#0.0000#-1.5700
35.00:hum1:18.3750#4.6735#0.4025#0.0000#0.0000#-1.5700
36.00:hum1:18.3750#4.6735#0.4025#0.0000#0.0000#-1.5700
37.00:hum1:18.3750#4.6735#0.4025#0.0000#0.0000#-1.5700
38.00:hum1:18.3750#4.6735#0.4025#0.0000#0.0000#-1.5700
39.00:hum1:18.3750#4.6735#0.4025#0.0000#0.0000#-1.5700
40.00:hum1:18.3750#4.6735#0.4025#0.0000#0.0000#-1.5700
41.00:hum1:18.3751#4.0272#0.8168#-0.2256#-0.0001#-1.5700
42.00:hum1:18.1353#1.3880#0.8048#0.0582#-0.0004#-1.5780
43.00:hum1:17.0111#-0.8263#0.8025#0.0000#-0.0000#-2.1859
44.00:hum1:16.9424#-0.9213#0.8025#0.0000#-0.0000#-2.1972
45.00:hum1:15.0981#-3.5872#0.8048#0.0495#-0.0306#-2.1239
46.00:hum1:14.3603#-4.8971#0.8262#-0.2586#0.2054#-2.2274
47.00:hum1:14.1228#-5.1898#0.8069#-0.0639#0.0517#-2.2502
48.00:hum1:14.1204#-5.1928#0.8025#0.0000#-0.0000#-2.2518
49.00:hum1:14.1204#-5.1928#0.8025#0.0000#-0.0000#-2.2518
50.00:hum1:14.1204#-5.1928#0.8025#0.0000#-0.0000#-2.2518
51.00:hum1:14.1204#-5.1928#0.8025#0.0000#-0.0000#-2.2518
52.00:hum1:14.1204#-5.1928#0.8025#0.0000#-0.0000#-2.2518
53.00:hum1:14.1204#-5.1928#0.8025#0.0000#-0.0000#-2.2518
54.00:hum1:14.1204#-5.1928#0.8025#0.0000#-0.0000#-2.2518
55.00:hum1:14.1204#-5.1928#0.8025#0.0000#-0.0000#-2.2518
56.00:hum1:14.1204#-5.1928#0.8025#0.0000#-0.0000#-2.2518
57.00:hum1:14.1204#-5.1928#0.8025#0.0000#-0.0000#-2.2518
58.00:hum1:14.1204#-5.1928#0.8025#0.0000#-0.0000#-2.2518