
1.00:hum1:3.8000#2.2500#0.8025#-0.0000#-0.0000#-1.5708
2.00:hum1:3.8000#2.2500#0.8025#-0.0000#-0.0000#-1.5708
3.00:hum1:3.8000#2.2500#0.8025#-0.0000#-0.0000#-1.5708
4.00:hum1:3.8000#2.2500#0.8025#-0.0000#-0.0000#-1.5708
5.00:hum1:3.8000#2.2500#0.8025#-0.0000#-0.0000#-1.5708
6.00:hum1:3.8000#2.2500#0.8025#-0.0000#-0.0000#-1.5708
7.00:hum1:3.8000#2.2500#0.8025#-0.0000#-0.0000#-1.5708
8.00:hum1:3.8000#2.2500#0.8025#-0.0000#-0.0000#-1.5708
9.00:hum1:3.8000#2.2500#0.8025#-0.0000#-0.0000#-1.5708
10.00:hum1:3.8000#2.2500#0.8025#-0.0000#-0.0000#-1.5708
11.00:hum1:3.8000#2.2500#0.8025#-0.0000#-0.0000#-1.5708
12.00:hum1:3.8000#2.2500#0.8025#-0.0000#-0.0000#-1.5708
13.00:hum1:3.8000#2.2500#0.8025#-0.0000#-0.0000#-1.5708
14.00:hum1:4.7119#1.7339#0.9598#-0.5909#-0.9765#-0.6802
15.00:hum1:5.4794#1.4307#0.8025#0.0000#0.0000#-0.5206
16.00:hum1:5.6074#1.3703#0.8025#0.0000#0.0000#-0.4345
17.00:hum1:5.7167#1.3198#0.8025#0.0000#0.0000#-0.4327
18.00:hum1:6.1708#1.1112#0.8025#0.0000#0.0000#-0.4307
19.00:hum1:6.3918#1.0120#0.8025#0.0000#0.0000#-0.4218
20.00:hum1:6.5025#0.9629#0.8025#0.0000#0.0000#-0.4173
21.00:hum1:8.5868#0.2106#0.8215#0.0969#0.3011#-0.3166
22.00:hum1:12.2013#-0.8408#0.8763#-0.1831#-0.6610#-0.2926
23.00:hum1:13.8705#1.3780#0.8071#-0.0080#0.0007#1.4888
24.00:hum1:13.8170#1.8028#0.8069#-0.0808#-0.0150#-1.3868
25.00:hum1:14.4335#1.2871#0.8067#-0.1536#-0.0272#1.7450
26.00:hum1:14.5447#2.2954#0.9413#-0.8596#-0.6062#-1.1141
27.00:hum1:16.4568#0.2074#0.8025#0.0000#0.0000#-0.8294
28.00:hum1:16.6695#0.7475#0.8025#-0.0000#-0.0000#2.2307
29.00:hum1:16.3145#-0.0542#0.8048#0.0576#0.0084#-1.4254
30.00:hum1:15.8008#1.5076#0.8161#-0.2590#-0.1556#2.1005
31.00:hum1:14.0753#3.8672#0.9597#-0.8156#-0.8245#-0.9657
32.00:hum1:16.5627#2.1936#0.8025#0.0000#0.0000#-0.5923
33.00:hum1:16.5627#2.1936#0.8025#0.0000#0.0000#-0.5923
34.00:hum1:16.5627#2.1936#0.8025#0.0000#0.0000#-0.5923
35.00:hum1:16.5627#2.1936#0.8025#0.0000#0.0000#-0.5923
36.00:hum1:16.5627#2.1936#0.8025#0.0000#0.0000#-0.5923
37.00:hum1:16.5627#2.1936#0.8025#0.0000#0.0000#-0.5923
38.00:hum1:16.5627#2.1936#0.8025#0.0000#0.0000#-0.5923
39.00:hum1:16.5627#2.1936#0.8025#0.0000#0.0000#-0.5923
40.00:hum1:16.5627#2.1936#0.8025#0.0000#0.0000#-0.5923
41.00:hum1:16.4498#2.3820#0.8025#0.0000#-0.0000#-1.6539
42.00:hum1:16.4440#2.3534#0.8025#0.0000#-0.0000#-1.7392
43.00:hum1:16.4293#2.2676#0.8025#0.0000#-0.0000#-1.7398
44.00:hum1:16.4159#2.1888#0.8025#0.0000#-0.0000#-1.7399
45.00:hum1:16.4067#2.1351#0.8025#0.0000#-0.0000#-1.7398
46.00:hum1:16.3913#2.0445#0.8025#0.0000#-0.0000#-1.7399
47.00:hum1:16.2918#1.4096#0.8071#0.0080#-0.0005#-1.6361
48.00:hum1:16.2544#0.6313#0.8025#0.0000#0.0000#-1.2974
49.00:hum1:16.4209#0.8533#0.8025#0.0000#-0.0000#-3.0644
50.00:hum1:16.1733#0.8675#0.8267#-0.0193#-0.3723#3.0890
51.00:hum1:15.1766#0.8724#0.8171#0.0153#-0.2706#-3.0840
52.00:hum1:14.1736#0.8438#0.8081#0.0063#-0.1279#-3.0917
53.00:hum1:13.0359#0.8075#0.8281#0.0226#-0.3704#-3.0790
54.00:hum1:11.7461#0.7488#0.8120#0.0174#-0.2695#-3.0760
55.00:hum1:10.4316#0.6412#0.8115#-0.0179#0.1610#-3.0302
56.00:hum1:9.1288#0.5554#0.8908#-0.1098#0.7556#-2.9818
57.00:hum1:7.8391#0.4463#0.9484#-0.2139#1.0231#-2.8921
58.00:hum1:6.7571#0.3644#0.8374#-0.0621#0.4217#-2.9905
59.00:hum1:5.7755#0.2732#0.8025#0.0000#-0.0000#-3.0370
60.00:hum1:4.7093#0.1647#0.8025#0.0000#-0.0000#-3.0313
61.00:hum1:3.6454#0.0695#0.8102#-0.0158#0.1092#-2.9969
62.00:hum1:2.6452#-0.0361#0.8025#0.0000#-0.0000#-2.9782
63.00:hum1:1.6169#-0.1672#0.8025#0.0000#-0.0000#-2.9547
64.00:hum1:0.4781#-0.3527#0.8374#-0.0965#0.4156#-2.9059
65.00:hum1:-0.5642#-0.5554#0.8496#-0.1434#0.4974#-2.8474
66.00:hum1:-1.5903#-0.7787#0.8721#-0.1656#0.6392#-2.8681
67.00:hum1:-2.6248#-1.0085#0.9191#-0.2672#0.8721#-2.7979
68.00:hum1:-3.2955#-1.1575#0.8025#0.0000#-0.0000#-2.9231
69.00:hum1:-3.2955#-1.1575#0.8025#0.0000#-0.0000#-2.9231
70.00:hum1:-3.2955#-1.1575#0.8025#0.0000#-0.0000#-2.9231
71.00:hum1:-3.2955#-1.1575#0.8025#0.0000#-0.0000#-2.9231
72.00:hum1:-3.2955#-1.1575#0.8025#0.0000#-0.0000#-2.9231
73.00:hum1:-3.2955#-1.1575#0.8025#0.0000#-0.0000#-2.9231
74.00:hum1:-3.2955#-1.1575#0.8025#0.0000#-0.0000#-2.9231