
1.00:0.2653#-1.1873#0.2401#-0.0001#-0.0023#-0.0001
2.00:0.2653#-1.1874#0.2401#-0.0001#-0.0023#-0.0001
3.00:0.2652#-1.1874#0.2401#-0.0001#-0.0021#-0.0001
4.00:0.2651#-1.1874#0.2401#-0.0001#-0.0022#-0.0001
5.00:0.2650#-1.1874#0.2401#-0.0001#-0.0022#-0.0001
6.00:0.2650#-1.1874#0.2401#-0.0001#-0.0020#-0.0002
7.00:0.2649#-1.1874#0.2401#-0.0001#-0.0021#-0.0002
8.00:0.2649#-1.1874#0.2401#-0.0001#-0.0021#-0.0002
9.00:0.2648#-1.1874#0.2401#-0.0001#-0.0021#-0.0002
10.00:0.2647#-1.1874#0.2401#-0.0001#-0.0022#-0.0003
11.00:0.2646#-1.1874#0.2401#-0.0001#-0.0022#-0.0003
12.00:0.4186#-1.1867#0.2401#-0.0001#-0.0029#0.0258
13.00:0.9796#-0.8734#0.2400#0.0013#-0.0011#0.9048
14.00:1.0158#-0.8397#0.2401#0.0015#-0.0018#0.7686
15.00:1.0572#-0.8256#0.2401#0.0009#-0.0020#0.4624
16.00:1.1010#-0.8250#0.2401#0.0002#-0.0022#0.1556
17.00:1.1628#-0.8381#0.2401#-0.0004#-0.0025#-0.1289
18.00:2.0649#-0.9698#0.2401#-0.0003#-0.0016#-0.1394
19.00:3.2196#-1.1317#0.2400#-0.0003#-0.0016#-0.1393
20.00:4.3738#-1.2938#0.2401#-0.0001#-0.0016#-0.1398
21.00:5.5243#-1.4553#0.2400#-0.0002#-0.0010#-0.1394
22.00:5.8859#-1.4980#0.2400#-0.0001#-0.0018#-0.0338
23.00:6.3403#-1.4205#0.2400#0.0003#-0.0021#0.1729
24.00:7.4887#-1.2194#0.2400#0.0002#-0.0016#0.1736
25.00:8.4899#-0.9093#0.2400#0.0009#-0.0010#0.7680
26.00:8.2270#-0.5866#0.2400#-0.0009#0.0013#-2.5620
27.00:8.5073#-0.8821#0.2400#0.0008#-0.0013#0.5810
28.00:8.5292#-0.5874#0.2400#0.0017#0.0005#1.9069
29.00:8.5314#-0.5413#0.2401#0.0022#0.0000#1.6217
30.00:8.5473#-0.5014#0.2401#0.0021#-0.0006#1.3243
31.00:8.5745#-0.4682#0.2401#0.0019#-0.0013#1.0242
32.00:8.6103#-0.4443#0.2401#0.0014#-0.0017#0.7227
33.00:8.6521#-0.4321#0.2401#0.0008#-0.0021#0.4215
34.00:8.6956#-0.4327#0.2401#0.0002#-0.0022#0.1190
35.00:8.7877#-0.4523#0.2401#-0.0004#-0.0019#-0.1548
36.00:9.7657#-0.5886#0.2400#-0.0003#-0.0014#-0.1321
37.00:10.9214#-0.7423#0.2400#-0.0003#-0.0015#-0.1326
38.00:12.0808#-0.8972#0.2400#-0.0002#-0.0014#-0.1329
39.00:13.2365#-1.0510#0.2400#-0.0003#-0.0016#-0.1323
40.00:14.0780#-1.1612#0.2400#-0.0002#-0.0010#-0.1194
41.00:14.1205#-1.1567#0.2401#0.0000#-0.0022#0.0385
42.00:14.1555#-1.1438#0.2401#0.0005#-0.0021#0.2352
43.00:14.2001#-1.1134#0.2401#0.0010#-0.0019#0.5250
44.00:14.2348#-1.0714#0.2401#0.0016#-0.0015#0.8139
45.00:14.3246#-0.9172#0.2400#0.0015#-0.0010#1.0109
46.00:14.9532#-0.0351#0.2400#0.0012#-0.0010#0.9446
47.00:15.6363#0.9098#0.2400#0.0011#-0.0009#0.9451
48.00:16.1028#1.5579#0.2400#0.0009#-0.0007#0.9553
49.00:16.1053#1.5612#0.2400#0.0012#-0.0009#0.9559
50.00:16.1053#1.5612#0.2400#0.0012#-0.0009#0.9559
51.00:16.1052#1.5611#0.2400#0.0012#-0.0009#0.9559
52.00:16.1052#1.5611#0.2400#0.0011#-0.0009#0.9559
53.00:16.1169#1.6020#0.2401#0.0020#-0.0008#1.1823
54.00:16.1181#1.6563#0.2401#0.0021#-0.0002#1.4760
55.00:16.1032#1.7095#0.2401#0.0021#0.0004#1.7712
56.00:16.0734#1.7564#0.2401#0.0020#0.0010#2.0672
57.00:16.0318#1.7926#0.2401#0.0016#0.0015#2.3606
58.00:15.9810#1.8148#0.2401#0.0010#0.0019#2.6588
59.00:15.9257#1.8215#0.2401#0.0004#0.0021#2.9524
60.00:15.8702#1.8122#0.2401#-0.0002#0.0021#-3.0395
61.00:15.8207#1.7879#0.2401#-0.0008#0.0020#-2.7496
62.00:15.7807#1.7506#0.2401#-0.0013#0.0017#-2.4608
63.00:15.7522#1.7031#0.2401#-0.0018#0.0013#-2.1773
64.00:15.7386#1.6499#0.2401#-0.0021#0.0007#-1.8881
65.00:15.7408#1.5950#0.2401#-0.0022#0.0001#-1.5975
66.00:15.7536#1.0029#0.2400#-0.0011#0.0001#-1.5848
67.00:15.7514#0.5938#0.2400#-0.0017#0.0002#-1.6197
68.00:15.7317#0.5555#0.2401#-0.0021#0.0008#-1.9119
69.00:15.7015#0.5239#0.2401#-0.0017#0.0014#-2.2037
70.00:15.6634#0.5024#0.2401#-0.0012#0.0018#-2.4986
71.00:15.6207#0.4932#0.2401#-0.0007#0.0021#-2.7943
72.00:15.5574#0.4936#0.2401#-0.0001#0.0023#-3.0714
73.00:14.6493#0.4578#0.2400#0.0000#0.0014#-3.1011
74.00:13.4846#0.4108#0.2400#-0.0001#0.0014#-3.1014