
1.00:hum1:-0.2750#-0.5250#0.8025#-0.0000#0.0000#-0.0000
2.00:hum1:-0.2750#-0.5250#0.8025#-0.0000#0.0000#-0.0000
3.00:hum1:-0.2750#-0.5250#0.8025#-0.0000#0.0000#-0.0000
4.00:hum1:-0.2750#-0.5250#0.8025#-0.0000#0.0000#-0.0000
5.00:hum1:-0.2750#-0.5250#0.8025#-0.0000#0.0000#-0.0000
6.00:hum1:-0.2750#-0.5250#0.8025#-0.0000#0.0000#-0.0000
7.00:hum1:-0.2750#-0.5250#0.8025#-0.0000#0.0000#-0.0000
8.00:hum1:-0.2750#-0.5250#0.8025#-0.0000#0.0000#-0.0000
9.00:hum1:-0.2750#-0.5250#0.8025#-0.0000#0.0000#-0.0000
10.00:hum1:-0.2750#-0.5250#0.8025#-0.0000#0.0000#-0.0000
11.00:hum1:-0.1484#-0.5871#0.8044#-0.0025#-0.0067#-0.3491
12.00:hum1:1.1270#-0.9670#0.8618#-0.1320#-0.5823#-0.2366
13.00:hum1:2.4357#-1.2226#0.9598#-0.2736#-1.0668#-0.3098
14.00:hum1:3.5350#-1.4159#0.8721#-0.2544#-0.6130#-0.4242
15.00:hum1:4.6068#-1.5187#0.8102#-0.0120#-0.1097#-0.1091
16.00:hum1:4.6068#-1.5187#0.8102#-0.0120#-0.1097#-0.1091
17.00:hum1:5.7099#-1.5352#0.8168#0.0082#-0.2254#0.0369
18.00:hum1:6.7168#-1.4996#0.8153#-0.0190#0.2463#0.0781
19.00:hum1:7.9346#-1.4139#0.8244#-0.0355#0.3620#0.1004
20.00:hum1:9.1387#-1.3097#0.8120#-0.0283#0.2686#0.1065
21.00:hum1:9.9006#-1.2074#0.8281#0.0316#0.3697#-0.0870
22.00:hum1:10.9482#-1.1327#0.8102#0.0120#-0.1097#0.1097
23.00:hum1:10.9482#-1.1327#0.8102#0.0120#-0.1097#0.1097
24.00:hum1:11.9558#-1.2825#0.8168#-0.0199#-0.2247#-0.0886
25.00:hum1:12.9432#-1.3976#0.8153#0.0257#0.2457#-0.1050
26.00:hum1:13.2464#-1.4286#0.8025#0.0000#0.0000#-0.1018
27.00:hum1:13.2464#-1.4286#0.8025#0.0000#0.0000#-0.1018
28.00:hum1:13.2464#-1.4286#0.8025#0.0000#0.0000#-0.1018
29.00:hum1:13.2464#-1.4286#0.8025#0.0000#0.0000#-0.1018
30.00:hum1:13.2464#-1.4286#0.8025#0.0000#0.0000#-0.1018
31.00:hum1:13.1558#-1.4019#0.8120#0.1435#0.2295#-0.5657
32.00:hum1:13.5957#-1.6712#0.8908#-0.4623#-0.6295#-0.7021
33.00:hum1:13.5957#-1.6712#0.8908#-0.4623#-0.6295#-0.7021
34.00:hum1:14.8618#-1.5597#0.9141#0.0669#-0.8765#0.0873
35.00:hum1:16.1398#-1.4881#0.9413#0.0872#-1.0022#0.1038
36.00:hum1:17.1869#-1.4295#0.8262#0.0190#-0.3283#0.0591
37.00:hum1:18.2296#-0.8299#0.8116#-0.1901#0.0419#1.3569
38.00:hum1:18.4854#0.3259#0.8267#-0.3648#0.0789#1.3675
39.00:hum1:18.6931#1.6637#0.8067#-0.1558#0.0082#1.5192
40.00:hum1:18.7614#2.9696#0.8273#0.3409#-0.0176#1.5216
41.00:hum1:18.8029#3.7641#0.8067#-0.1558#0.0082#1.5192
42.00:hum1:18.8129#3.9545#0.8115#0.1618#-0.0085#1.5192
43.00:hum1:18.3750#4.6735#0.4025#0.0000#0.0000#-1.5700
44.00:hum1:18.3750#4.6735#0.4025#0.0000#0.0000#-1.5700
45.00:hum1:18.3750#4.6735#0.4025#0.0000#0.0000#-1.5700
46.00:hum1:18.3750#4.6735#0.4025#0.0000#0.0000#-1.5700
47.00:hum1:18.3750#4.6735#0.4025#0.0000#0.0000#-1.5700
48.00:hum1:18.3750#4.6735#0.4025#0.0000#0.0000#-1.5700
49.00:hum1:18.3750#4.6735#0.4025#0.0000#0.0000#-1.5700
50.00:hum1:18.3750#4.6735#0.4025#0.0000#0.0000#-1.5700
51.00:hum1:18.3750#4.6735#0.4025#0.0000#0.0000#-1.5700
52.00:hum1:18.3750#4.6735#0.4025#0.0000#0.0000#-1.5700
53.00:hum1:18.3750#4.6735#0.4025#0.0000#0.0000#-1.5700
54.00:hum1:18.3750#4.6735#0.4025#0.0000#0.0000#-1.5700
55.00:hum1:18.3750#4.6735#0.4025#0.0000#0.0000#-1.5700
56.00:hum1:18.3750#4.6735#0.4025#0.0000#0.0000#-1.5700
57.00:hum1:18.3750#4.6735#0.4025#0.0000#0.0000#-1.5700
58.00:hum1:18.3750#4.6735#0.4025#0.0000#0.0000#-1.5700
59.00:hum1:18.3750#4.6735#0.4025#0.0000#0.0000#-1.5700
60.00:hum1:18.3750#4.6735#0.4025#0.0000#0.0000#-1.5700
61.00:hum1:18.3750#4.6735#0.4025#0.0000#0.0000#-1.5700
62.00:hum1:18.3750#4.6735#0.4025#0.0000#0.0000#-1.5700
63.00:hum1:18.2973#3.5161#0.8204#0.3310#-0.0312#-1.6609
64.00:hum1:18.1701#2.1688#0.8044#-0.0072#0.0005#-1.6470
65.00:hum1:18.0595#0.8812#0.8618#-0.5938#0.0469#-1.6399
66.00:hum1:17.6964#-0.0844#0.9598#-0.8767#0.7570#-2.0896
67.00:hum1:16.9111#-1.0273#0.8721#-0.5633#0.3589#-2.0780
68.00:hum1:16.7988#-1.1874#0.8025#0.0000#-0.0000#-2.1827
69.00:hum1:16.7186#-1.3030#0.8025#0.0000#-0.0000#-2.1769
70.00:hum1:16.2861#-1.9375#0.8267#0.3126#-0.2067#-2.1363
71.00:hum1:15.9876#-3.3147#0.8067#0.1560#0.0046#-1.5413
72.00:hum1:15.5722#-4.0990#0.8273#-0.1848#0.2887#-2.5602
73.00:hum1:15.1706#-4.3479#0.8374#-0.2346#0.3589#-2.5438