
2.00:hum1:-6.4000#-1.4250#0.8025#-0.0000#0.0000#-0.0000
3.00:hum1:-6.4000#-1.4250#0.8025#-0.0000#0.0000#-0.0000
4.00:hum1:-6.4000#-1.4250#0.8025#-0.0000#0.0000#-0.0000
5.00:hum1:-6.4000#-1.4250#0.8025#-0.0000#0.0000#-0.0000
6.00:hum1:-6.4000#-1.4250#0.8025#-0.0000#0.0000#-0.0000
7.00:hum1:-6.4000#-1.4250#0.8025#-0.0000#0.0000#-0.0000
8.00:hum1:-6.4000#-1.4250#0.8025#-0.0000#0.0000#-0.0000
9.00:hum1:-6.4000#-1.4250#0.8025#-0.0000#0.0000#-0.0000
10.00:hum1:-6.4000#-1.4250#0.8025#-0.0000#0.0000#-0.0000
11.00:hum1:-6.4000#-1.4250#0.8025#-0.0000#0.0000#-0.0000
12.00:hum1:-6.4000#-1.4250#0.8025#-0.0000#0.0000#-0.0000
13.00:hum1:-6.4000#-1.4250#0.8025#-0.0000#0.0000#-0.0000
14.00:hum1:-6.4000#-1.4250#0.8025#-0.0000#0.0000#-0.0000
15.00:hum1:-6.4000#-1.4250#0.8025#-0.0000#0.0000#-0.0000
16.00:hum1:-6.4000#-1.4250#0.8025#-0.0000#0.0000#-0.0000
17.00:hum1:-6.0625#-1.3853#0.8115#0.0199#-0.1608#0.1241
18.00:hum1:-4.7609#-1.2252#0.8908#0.1158#-0.7549#0.1684
19.00:hum1:-4.6674#-1.2088#0.9484#0.2418#-1.0192#0.2822
20.00:hum1:-5.0227#-0.7525#0.8374#-0.0501#0.4232#-3.0198
21.00:hum1:-4.9416#-1.2428#0.8081#-0.0066#0.1279#0.0521
22.00:hum1:-5.0598#-1.2409#0.8281#-0.0011#0.3710#0.0034
23.00:hum1:-4.9794#-1.2430#0.8120#-0.0086#0.2699#0.0325
24.00:hum1:-4.9499#-0.7405#0.8115#-0.0003#0.1620#-3.1397
25.00:hum1:-4.7315#-1.2492#0.8908#-0.0482#-0.7608#-0.0695
26.00:hum1:-5.0845#-0.7236#0.9484#0.1430#1.0309#2.9756
27.00:hum1:-4.6894#-1.2530#0.9377#-0.0875#-0.9863#-0.1044
28.00:hum1:-3.4339#-1.2157#0.9191#0.0239#-0.9013#0.0309
29.00:hum1:-3.3101#-1.5457#0.8168#-0.1463#-0.1723#-0.7097
30.00:hum1:-2.4106#-1.6486#0.8153#0.0341#0.2447#-0.1396
31.00:hum1:-1.6390#-1.2529#0.8244#-0.0618#-0.3586#2.9673
32.00:hum1:-1.7157#-1.2414#0.8048#-0.0107#-0.0572#2.9564
33.00:hum1:-1.7660#-1.7453#0.8466#-0.1227#-0.4804#-0.2604
34.00:hum1:-1.6566#-1.7766#0.9377#-0.3667#-0.9411#-0.4433
35.00:hum1:-1.9586#-1.1775#0.9191#0.3257#0.8569#2.7217
36.00:hum1:-1.8391#-1.7318#0.8168#-0.0719#-0.2140#-0.3265
37.00:hum1:-1.6901#-1.7316#0.8153#-0.1968#0.1502#0.9273
38.00:hum1:-1.7019#-1.7394#0.8244#-0.2850#0.2290#0.9120
39.00:hum1:-1.6559#-1.6809#0.8048#-0.0435#0.0387#0.8448
40.00:hum1:-1.6726#-1.7858#0.8067#0.0141#0.1554#-0.0905
41.00:hum1:-0.4307#-1.9218#0.8273#-0.1087#-0.3243#-0.3297
42.00:hum1:-0.0500#-2.0479#0.9141#-0.3695#-0.8167#-0.4880
43.00:hum1:-0.3006#-1.4342#0.9413#0.4712#0.9247#2.5741
44.00:hum1:-0.1832#-2.0084#0.8262#-0.1296#-0.3030#-0.4115
45.00:hum1:-0.3648#-1.9249#0.8116#0.0893#0.1732#-0.4789
46.00:hum1:-0.4441#-1.8836#0.8267#0.1774#0.3296#-0.5055
47.00:hum1:-0.3306#-1.9399#0.8067#0.0780#0.1353#-0.5247
48.00:hum1:-0.2522#-1.9890#0.8273#-0.1923#-0.2838#-0.6073
49.00:hum1:-0.1874#-1.4254#0.9141#0.6087#0.6791#2.3046
50.00:hum1:-0.1452#-2.0715#0.9413#-0.7471#-0.7508#-0.9356
51.00:hum1:-0.2504#-1.9970#0.8262#-0.2032#-0.2602#-0.6749
52.00:hum1:0.1053#-2.0328#0.8374#-0.0223#-0.4254#-0.0538
53.00:hum1:1.0982#-2.0817#0.8081#0.0014#0.1280#-0.0104
54.00:hum1:1.4326#-2.0820#0.8281#0.0112#0.3709#-0.0305
55.00:hum1:2.4824#-2.1119#0.9191#-0.0362#-0.9011#-0.0458
56.00:hum1:3.5169#-2.1412#0.9413#-0.0450#-1.0039#-0.0530
57.00:hum1:4.5334#-2.1700#0.9484#-0.0484#-1.0363#-0.0559
58.00:hum1:4.6257#-2.1725#0.8267#0.0112#0.3727#-0.0305
59.00:hum1:4.6257#-2.1725#0.8267#0.0112#0.3727#-0.0305
60.00:hum1:4.6257#-2.1725#0.8267#0.0112#0.3727#-0.0305
61.00:hum1:4.6257#-2.1725#0.8267#0.0112#0.3727#-0.0305
62.00:hum1:4.6257#-2.1725#0.8267#0.0112#0.3727#-0.0305
63.00:hum1:4.6257#-2.1725#0.8267#0.0112#0.3727#-0.0305
64.00:hum1:4.6257#-2.1725#0.8267#0.0112#0.3727#-0.0305
65.00:hum1:4.6257#-2.1725#0.8267#0.0112#0.3727#-0.0305
66.00:hum1:4.6257#-2.1725#0.8267#0.0112#0.3727#-0.0305
67.00:hum1:5.9377#-2.2260#0.8067#0.0068#0.1559#-0.0432
68.00:hum1:6.1810#-2.2382#0.8273#-0.0244#-0.3405#-0.0727
69.00:hum1:5.9659#-1.7125#0.9141#0.1441#0.8697#2.9543
70.00:hum1:6.3012#-2.2667#0.9413#-0.2547#-0.9832#-0.3028
71.00:hum1:6.0829#-1.7206#0.8262#0.0657#0.3224#2.9371
72.00:hum1:6.2670#-1.7598#0.8116#-0.0443#-0.1896#2.9108
73.00:hum1:6.3593#-1.7868#0.8267#-0.0996#-0.3599#2.8654
74.00:hum1:6.2367#-1.7566#0.8067#-0.0470#-0.1488#2.8346
75.00:hum1:6.1284#-1.7242#0.8273#0.0985#0.3274#2.8437
76.00:hum1:6.2362#-2.2805#0.9141#-0.3464#-0.8248#-0.4565
77.00:hum1:6.2592#-2.3003#0.9597#-0.5863#-0.9780#-0.6749
78.00:hum1:7.4420#-2.2366#0.9484#0.0151#-1.0369#0.0179
79.00:hum1:8.5464#-2.1129#0.8374#0.0499#-0.4232#0.1214
80.00:hum1:9.6086#-1.9949#0.9191#0.1383#-0.8939#0.1770
81.00:hum1:9.5923#-1.9967#0.8496#0.0624#-0.5125#0.1270
82.00:hum1:10.1672#-1.9328#0.8273#0.0391#-0.3392#0.1173
83.00:hum1:10.6457#-1.8797#0.8721#0.0848#-0.6527#0.1394
84.00:hum1:10.6551#-1.8786#0.8281#-0.0428#0.3687#0.1186
85.00:hum1:11.6789#-1.7649#0.8215#-0.0359#0.3138#0.1163
86.00:hum1:12.9228#-1.6267#0.8161#-0.0342#0.2993#0.1158
87.00:hum1:14.2456#-1.4798#0.8069#0.0091#-0.0817#0.1110
88.00:hum1:15.5320#-1.3370#0.8763#0.0892#-0.6773#0.1421
89.00:hum1:16.8443#-1.1913#0.9597#0.2064#-1.0753#0.2341
90.00:hum1:17.9537#-1.0680#0.8496#0.0624#-0.5125#0.1270
91.00:hum1:18.9512#-0.9572#0.8071#-0.0009#0.0080#0.1106
92.00:hum1:20.0403#-0.8362#0.8215#-0.0359#0.3138#0.1163