
1.00:hum1:-5.5750#-1.5000#0.8025#-0.0000#0.0000#-0.0000
2.00:hum1:-5.5750#-1.5000#0.8025#-0.0000#0.0000#-0.0000
3.00:hum1:-5.5750#-1.5000#0.8025#-0.0000#0.0000#-0.0000
4.00:hum1:-5.5750#-1.5000#0.8025#-0.0000#0.0000#-0.0000
5.00:hum1:-5.5750#-1.5000#0.8025#-0.0000#0.0000#-0.0000
6.00:hum1:-5.5750#-1.5000#0.8025#-0.0000#0.0000#-0.0000
7.00:hum1:-5.5750#-1.5000#0.8025#-0.0000#0.0000#-0.0000
8.00:hum1:-5.5750#-1.5000#0.8025#-0.0000#0.0000#-0.0000
9.00:hum1:-5.5750#-1.5000#0.8025#-0.0000#0.0000#-0.0000
10.00:hum1:-5.5750#-1.5000#0.8025#-0.0000#0.0000#-0.0000
11.00:hum1:-5.5750#-1.5000#0.8025#-0.0000#0.0000#-0.0000
12.00:hum1:-5.5750#-1.5000#0.8025#-0.0000#0.0000#-0.0000
13.00:hum1:-4.4371#-1.4165#0.8120#-0.0406#0.2670#0.1532
14.00:hum1:-3.8177#-1.3244#0.9377#0.2196#-0.9725#0.2642
15.00:hum1:-3.7151#-1.3091#0.9597#0.2725#-1.0665#0.3093
16.00:hum1:-3.6515#-1.2996#0.9413#0.2271#-0.9877#0.2704
17.00:hum1:-2.5949#-1.1424#0.9191#0.1836#-0.8880#0.2353
18.00:hum1:-1.5823#-0.9917#0.8168#0.0337#-0.2231#0.1515
19.00:hum1:-0.5947#-0.8447#0.8153#-0.0370#0.2443#0.1523
20.00:hum1:0.6094#-0.6655#0.8244#-0.0558#0.3595#0.1579
21.00:hum1:1.4823#-0.5356#0.8081#-0.0189#0.1266#0.1489
22.00:hum1:2.5422#-0.3779#0.8071#-0.0012#0.0079#0.1477
23.00:hum1:3.6018#-0.2202#0.8102#0.0163#-0.1092#0.1486
24.00:hum1:4.6585#-0.0630#0.8168#0.0337#-0.2231#0.1515
25.00:hum1:5.6462#0.0840#0.8153#-0.0370#0.2443#0.1523
26.00:hum1:6.8502#0.2632#0.8244#-0.0558#0.3595#0.1579
27.00:hum1:7.3922#0.4397#0.8048#0.0523#-0.0257#-2.0268
28.00:hum1:7.1325#-0.9179#0.8466#-0.4937#-0.0305#-1.5139
29.00:hum1:7.2166#-2.2207#0.9377#-0.9878#-0.0536#-1.5351
30.00:hum1:7.2483#-2.7105#0.8067#0.1557#0.0100#-1.5071
31.00:hum1:7.2605#-2.9007#0.8115#-0.1617#-0.0103#-1.5071
32.00:hum1:7.7772#-2.9587#0.8466#0.3547#-0.3523#0.8210
33.00:hum1:8.0837#-3.0021#0.8215#-0.0542#0.3113#0.1755
34.00:hum1:9.3252#-2.7675#0.8161#-0.0673#0.2938#0.2289
35.00:hum1:10.6462#-2.2540#0.8069#0.0530#-0.0629#0.7012
36.00:hum1:11.4795#-1.5528#0.8115#0.1048#-0.1237#0.7060
37.00:hum1:11.5685#-1.4779#0.8466#0.3341#-0.3718#0.7629
38.00:hum1:11.6365#-1.4207#0.8763#0.4817#-0.5036#0.8258
39.00:hum1:11.8088#-1.2757#0.9598#0.8864#-0.7445#1.0661
40.00:hum1:11.8648#-1.2287#0.9484#0.8279#-0.7193#1.0270
41.00:hum1:11.9924#-1.1211#0.8204#-0.2186#0.2524#0.7274
42.00:hum1:12.7735#-0.4638#0.8244#-0.2402#0.2757#0.7330
43.00:hum1:12.5774#-1.0063#0.8048#0.0581#-0.0034#-1.6289
44.00:hum1:14.0642#-1.3314#0.8466#-0.0024#-0.4946#-0.0047
45.00:hum1:15.3697#-1.3368#0.9377#-0.0067#-0.9888#-0.0076
46.00:hum1:16.6060#-1.3419#0.9191#-0.0056#-0.9016#-0.0067
47.00:hum1:17.6297#-1.3460#0.8168#-0.0010#-0.2256#-0.0042
48.00:hum1:18.3235#-0.3020#0.8153#-0.2409#0.0553#1.3499
49.00:hum1:18.5981#0.8839#0.8244#-0.3550#0.0804#1.3577
50.00:hum1:18.8991#2.1838#0.8048#-0.0567#0.0131#1.3436
51.00:hum1:19.1918#3.4475#0.8466#0.4837#-0.1074#1.3698
52.00:hum1:19.2871#3.8589#0.8496#0.5048#-0.1117#1.3721
53.00:hum1:18.3750#4.6735#0.4025#0.0000#0.0000#-1.5700
54.00:hum1:18.3750#4.6735#0.4025#0.0000#0.0000#-1.5700
55.00:hum1:18.3750#4.6735#0.4025#0.0000#0.0000#-1.5700
56.00:hum1:18.3750#4.6735#0.4025#0.0000#0.0000#-1.5700
57.00:hum1:18.3750#4.6735#0.4025#0.0000#0.0000#-1.5700
58.00:hum1:18.3750#4.6735#0.4025#0.0000#0.0000#-1.5700
59.00:hum1:18.3750#4.6735#0.4025#0.0000#0.0000#-1.5700
60.00:hum1:18.3750#4.6735#0.4025#0.0000#0.0000#-1.5700
61.00:hum1:18.3750#4.6735#0.4025#0.0000#0.0000#-1.5700
62.00:hum1:18.3750#4.6735#0.4025#0.0000#0.0000#-1.5700
63.00:hum1:18.3750#4.6735#0.4025#0.0000#0.0000#-1.5700
64.00:hum1:18.3750#4.6735#0.4025#0.0000#0.0000#-1.5700
65.00:hum1:18.3750#4.6735#0.4025#0.0000#0.0000#-1.5700
66.00:hum1:18.3750#4.6735#0.4025#0.0000#0.0000#-1.5700
67.00:hum1:18.3751#4.0793#0.8262#-0.3288#-0.0002#-1.5700
68.00:hum1:18.2497#3.1139#0.9597#-1.0859#0.0562#-1.6000
69.00:hum1:18.1142#2.0070#0.8496#-0.5151#0.0309#-1.6250
70.00:hum1:18.0303#1.0141#0.8071#0.0080#-0.0007#-1.6554
71.00:hum1:17.7590#0.1834#0.8215#0.2313#-0.2170#-2.3109
72.00:hum1:16.9408#-0.8009#0.8161#0.2437#-0.1788#-2.1912
73.00:hum1:16.1460#-1.8699#0.8069#-0.0661#0.0489#-2.2071
74.00:hum1:15.3999#-2.9349#0.8763#-0.5868#0.3706#-2.0692
75.00:hum1:15.0042#-4.2865#0.9597#-1.0852#-0.0772#-1.5298
76.00:hum1:14.8610#-5.3008#0.8496#-0.5042#0.1144#-1.7745
77.00:hum1:14.6291#-6.2772#0.8071#0.0078#-0.0019#-1.8040
78.00:hum1:14.3814#-7.3195#0.8102#-0.1074#0.0255#-1.8027