
1.00:-4.1098#-1.2873#0.2401#-0.0001#-0.0023#-0.0001
2.00:-4.1099#-1.2873#0.2401#-0.0001#-0.0024#-0.0002
3.00:-4.1101#-1.2873#0.2401#-0.0001#-0.0025#-0.0002
4.00:-4.1102#-1.2874#0.2401#-0.0001#-0.0025#-0.0002
5.00:-4.1103#-1.2874#0.2401#-0.0001#-0.0025#-0.0003
6.00:-4.1104#-1.2874#0.2401#-0.0001#-0.0026#-0.0003
7.00:-4.1105#-1.2874#0.2401#-0.0001#-0.0026#-0.0003
8.00:-4.1106#-1.2874#0.2401#-0.0001#-0.0024#-0.0004
9.00:-4.1108#-1.2874#0.2401#-0.0001#-0.0024#-0.0006
10.00:-4.1108#-1.2874#0.2401#-0.0001#-0.0021#-0.0007
11.00:-4.0803#-1.2880#0.2402#-0.0001#-0.0035#-0.0027
12.00:-3.3404#-1.0054#0.2400#0.0007#-0.0008#0.7308
13.00:-3.1895#-0.8235#0.2401#0.0016#-0.0014#0.9049
14.00:-3.1787#-0.8339#0.2401#0.0012#-0.0019#0.5963
15.00:-3.1716#-0.8473#0.2401#0.0005#-0.0022#0.2872
16.00:-3.1688#-0.8623#0.2401#-0.0002#-0.0022#-0.0198
17.00:-2.9217#-0.9224#0.2401#-0.0005#-0.0019#-0.1999
18.00:-1.8019#-1.1384#0.2401#-0.0004#-0.0016#-0.1902
19.00:-0.6535#-1.3600#0.2401#-0.0004#-0.0017#-0.1905
20.00:-0.0800#-1.4631#0.2401#-0.0003#-0.0016#-0.1402
21.00:0.1332#-1.4425#0.2401#0.0001#-0.0020#0.0862
22.00:1.2133#-1.3492#0.2401#0.0001#-0.0016#0.0861
23.00:2.3787#-1.2487#0.2401#0.0001#-0.0016#0.0859
24.00:3.5401#-1.1484#0.2401#0.0001#-0.0016#0.0861
25.00:4.4772#-1.0666#0.2400#0.0001#-0.0009#0.0923
26.00:4.5225#-1.0730#0.2401#-0.0003#-0.0019#-0.1156
27.00:5.2628#-1.2228#0.2401#-0.0005#-0.0016#-0.2009
28.00:5.9433#-1.3582#0.2401#-0.0003#-0.0016#-0.1793
29.00:6.1306#-1.3447#0.2401#0.0000#-0.0022#0.0660
30.00:7.1860#-1.2868#0.2401#0.0000#-0.0018#0.0535
31.00:8.3539#-1.2244#0.2401#-0.0000#-0.0014#0.0534
32.00:9.5181#-1.1619#0.2401#0.0000#-0.0014#0.0536
33.00:10.6822#-1.0994#0.2401#0.0000#-0.0016#0.0535
34.00:11.8462#-1.0371#0.2401#0.0000#-0.0015#0.0536
35.00:13.0143#-0.9746#0.2401#0.0000#-0.0015#0.0535
36.00:13.5303#-0.9464#0.2401#-0.0000#-0.0018#0.0290
37.00:13.5519#-0.9647#0.2401#-0.0006#-0.0022#-0.2426
38.00:13.7447#-1.0265#0.2401#-0.0008#-0.0018#-0.3831
39.00:13.7386#-1.0392#0.2401#-0.0015#-0.0017#-0.6713
40.00:13.7290#-1.0499#0.2401#-0.0019#-0.0012#-0.9612
41.00:13.7707#-1.1823#0.2401#-0.0017#-0.0006#-1.1961
42.00:14.1413#-2.1305#0.2400#-0.0010#-0.0003#-1.1935
43.00:14.2028#-2.2997#0.2401#-0.0020#-0.0004#-1.3155
44.00:14.2127#-2.5561#0.2400#-0.0018#-0.0001#-1.5027
45.00:14.2843#-3.6944#0.2400#-0.0013#-0.0000#-1.5081
46.00:14.3572#-4.8580#0.2400#-0.0017#-0.0001#-1.5079
47.00:14.4094#-5.6069#0.2400#-0.0012#-0.0001#-1.4786
48.00:14.4095#-5.6078#0.2401#-0.0015#-0.0001#-1.4768
49.00:14.4095#-5.6078#0.2401#-0.0014#-0.0001#-1.4769
50.00:14.4095#-5.6077#0.2401#-0.0015#-0.0001#-1.4769
51.00:14.4095#-5.6076#0.2401#-0.0015#-0.0001#-1.4769
52.00:14.4095#-5.6075#0.2401#-0.0016#-0.0001#-1.4769
53.00:14.4094#-5.6075#0.2401#-0.0015#-0.0001#-1.4768
54.00:14.4094#-5.6074#0.2401#-0.0016#-0.0001#-1.4768
55.00:14.4094#-5.6073#0.2401#-0.0016#-0.0001#-1.4768
56.00:14.4094#-5.6072#0.2401#-0.0016#-0.0001#-1.4769
57.00:14.4094#-5.6071#0.2401#-0.0016#-0.0001#-1.4769
58.00:14.4094#-5.6070#0.2401#-0.0016#-0.0001#-1.4769
59.00:14.4094#-5.6069#0.2401#-0.0016#-0.0001#-1.4769
60.00:14.4094#-5.6069#0.2401#-0.0016#-0.0001#-1.4769
61.00:14.4094#-5.6068#0.2401#-0.0015#-0.0001#-1.4769
62.00:14.4094#-5.6067#0.2401#-0.0015#-0.0001#-1.4769
63.00:14.4093#-5.6067#0.2401#-0.0015#-0.0001#-1.4769
64.00:14.4093#-5.6066#0.2401#-0.0016#-0.0001#-1.4769
65.00:14.4093#-5.6065#0.2401#-0.0015#-0.0001#-1.4769
66.00:14.4093#-5.6064#0.2401#-0.0016#-0.0001#-1.4769
67.00:14.4093#-5.6063#0.2401#-0.0016#-0.0001#-1.4770
68.00:14.4093#-5.6062#0.2401#-0.0016#-0.0001#-1.4770
69.00:14.4093#-5.6062#0.2401#-0.0015#-0.0001#-1.4770
70.00:14.4093#-5.6061#0.2401#-0.0016#-0.0001#-1.4770
71.00:14.4093#-5.6060#0.2401#-0.0016#-0.0001#-1.4770
72.00:14.4093#-5.6060#0.2401#-0.0015#-0.0001#-1.4770
73.00:14.4093#-5.6059#0.2401#-0.0015#-0.0001#-1.4770
74.00:14.4092#-5.6058#0.2401#-0.0015#-0.0001#-1.4770
75.00:14.4092#-5.6057#0.2401#-0.0015#-0.0001#-1.4770
76.00:14.4092#-5.6056#0.2401#-0.0015#-0.0001#-1.4770
77.00:14.4092#-5.6056#0.2401#-0.0015#-0.0001#-1.4771
78.00:14.4092#-5.6054#0.2401#-0.0017#-0.0001#-1.4771
79.00:14.4092#-5.6054#0.2401#-0.0015#-0.0001#-1.4771
80.00:14.4092#-5.6053#0.2401#-0.0016#-0.0001#-1.4771
81.00:14.4092#-5.6053#0.2401#-0.0015#-0.0001#-1.4771
82.00:14.4092#-5.6052#0.2401#-0.0015#-0.0001#-1.4771
83.00:14.4092#-5.6051#0.2401#-0.0016#-0.0001#-1.4771
84.00:14.4091#-5.6050#0.2401#-0.0015#-0.0001#-1.4771
85.00:14.4091#-5.6049#0.2401#-0.0015#-0.0001#-1.4771
86.00:14.3990#-5.6051#0.2401#-0.0019#0.0003#-1.6752
87.00:14.3762#-5.7206#0.2401#-0.0014#0.0003#-1.7449