
2.00:-4.1099#-1.2873#0.2401#-0.0001#-0.0024#-0.0002
3.00:-4.1101#-1.2873#0.2401#-0.0001#-0.0025#-0.0002
4.00:-4.1102#-1.2874#0.2401#-0.0001#-0.0025#-0.0002
5.00:-4.1103#-1.2874#0.2401#-0.0001#-0.0025#-0.0003
6.00:-4.1104#-1.2874#0.2401#-0.0001#-0.0026#-0.0003
7.00:-4.1105#-1.2874#0.2401#-0.0001#-0.0026#-0.0003
8.00:-4.1106#-1.2874#0.2401#-0.0001#-0.0024#-0.0004
9.00:-4.1108#-1.2874#0.2401#-0.0001#-0.0024#-0.0006
10.00:-4.1108#-1.2874#0.2401#-0.0001#-0.0021#-0.0007
11.00:-4.1109#-1.2874#0.2401#-0.0001#-0.0022#-0.0007
12.00:-3.5773#-1.1808#0.2401#0.0013#-0.0027#0.4730
13.00:-3.2151#-0.8176#0.2401#0.0017#-0.0011#1.0090
14.00:-3.2028#-0.8254#0.2401#0.0013#-0.0017#0.7044
15.00:-3.1943#-0.8381#0.2401#0.0007#-0.0021#0.3947
16.00:-3.1890#-0.8521#0.2401#0.0001#-0.0022#0.0898
17.00:-3.1676#-0.8698#0.2401#-0.0005#-0.0022#-0.1986
18.00:-2.2800#-1.0653#0.2401#-0.0004#-0.0015#-0.2123
19.00:-1.1405#-1.3108#0.2401#-0.0004#-0.0017#-0.2123
20.00:-0.1474#-1.5226#0.2400#-0.0003#-0.0010#-0.2066
21.00:-0.0037#-1.5352#0.2401#-0.0000#-0.0021#0.0006
22.00:0.5518#-1.4764#0.2401#0.0000#-0.0015#0.0952
23.00:1.7123#-1.3655#0.2401#0.0001#-0.0016#0.0953
24.00:2.8728#-1.2547#0.2401#0.0001#-0.0015#0.0952
25.00:4.0369#-1.1436#0.2401#0.0001#-0.0017#0.0951
26.00:5.1971#-1.0328#0.2401#0.0000#-0.0014#0.0948
27.00:6.0427#-0.9537#0.2400#0.0000#-0.0011#0.0992
28.00:6.0580#-0.9648#0.2401#-0.0004#-0.0017#-0.1564
29.00:6.7355#-1.1318#0.2400#-0.0005#-0.0015#-0.2343
30.00:7.4144#-1.2854#0.2401#-0.0003#-0.0015#-0.1695
31.00:7.6951#-1.2757#0.2401#0.0000#-0.0018#0.0209
32.00:8.8184#-1.2715#0.2401#-0.0001#-0.0015#0.0028
33.00:9.0486#-1.5031#0.2461#0.0098#0.0609#-0.6178
34.00:9.6315#-2.2395#0.2401#-0.0013#-0.0009#-0.9481
35.00:10.3137#-3.1897#0.2400#-0.0013#-0.0009#-0.9483
36.00:10.9958#-4.1400#0.2400#-0.0010#-0.0007#-0.9484
37.00:11.6778#-5.0903#0.2401#-0.0013#-0.0007#-0.9483
38.00:12.3601#-6.0404#0.2400#-0.0012#-0.0007#-0.9481
39.00:12.6718#-6.4656#0.2401#-0.0016#-0.0010#-0.9331
40.00:12.6690#-6.4668#0.2401#-0.0018#-0.0011#-0.9948
41.00:12.6688#-6.4666#0.2401#-0.0018#-0.0011#-0.9949
42.00:12.6687#-6.4664#0.2401#-0.0018#-0.0011#-0.9951
43.00:12.6686#-6.4662#0.2401#-0.0018#-0.0011#-0.9952
44.00:12.6684#-6.4661#0.2401#-0.0018#-0.0011#-0.9953
45.00:12.6683#-6.4659#0.2401#-0.0018#-0.0011#-0.9953
46.00:12.6682#-6.4657#0.2401#-0.0018#-0.0011#-0.9954
47.00:12.6680#-6.4656#0.2401#-0.0018#-0.0011#-0.9956
48.00:12.6679#-6.4654#0.2401#-0.0018#-0.0011#-0.9958
49.00:12.6678#-6.4652#0.2401#-0.0018#-0.0011#-0.9958
50.00:12.6676#-6.4651#0.2401#-0.0018#-0.0011#-0.9959
51.00:12.6675#-6.4649#0.2401#-0.0018#-0.0011#-0.9960
52.00:12.6674#-6.4647#0.2401#-0.0018#-0.0011#-0.9961
53.00:12.6672#-6.4645#0.2401#-0.0018#-0.0011#-0.9961
54.00:12.6671#-6.4644#0.2401#-0.0018#-0.0011#-0.9962
55.00:12.6670#-6.4642#0.2401#-0.0018#-0.0011#-0.9963
56.00:12.6669#-6.4640#0.2401#-0.0018#-0.0011#-0.9964
57.00:12.6667#-6.4638#0.2401#-0.0018#-0.0011#-0.9965
58.00:12.6666#-6.4637#0.2401#-0.0018#-0.0011#-0.9966
59.00:12.6665#-6.4635#0.2401#-0.0018#-0.0011#-0.9967
60.00:12.6664#-6.4633#0.2401#-0.0018#-0.0011#-0.9968
61.00:12.6663#-6.4631#0.2401#-0.0018#-0.0011#-0.9969
62.00:12.6661#-6.4630#0.2401#-0.0018#-0.0011#-0.9970
63.00:12.6660#-6.4628#0.2401#-0.0018#-0.0011#-0.9971
64.00:12.6659#-6.4626#0.2401#-0.0018#-0.0011#-0.9972
65.00:12.6657#-6.4624#0.2401#-0.0018#-0.0011#-0.9973
66.00:12.6656#-6.4622#0.2401#-0.0018#-0.0011#-0.9974
67.00:12.6655#-6.4621#0.2401#-0.0018#-0.0011#-0.9975
68.00:12.6654#-6.4619#0.2401#-0.0019#-0.0011#-0.9975
69.00:12.6652#-6.4617#0.2401#-0.0019#-0.0011#-0.9976
70.00:12.6651#-6.4616#0.2401#-0.0018#-0.0011#-0.9977
71.00:12.6650#-6.4614#0.2401#-0.0019#-0.0011#-0.9978
72.00:12.6648#-6.4612#0.2401#-0.0018#-0.0011#-0.9979
73.00:12.6647#-6.4610#0.2401#-0.0018#-0.0011#-0.9980
74.00:12.6646#-6.4609#0.2401#-0.0018#-0.0011#-0.9981
75.00:12.6645#-6.4607#0.2401#-0.0018#-0.0011#-0.9982
76.00:12.6644#-6.4605#0.2401#-0.0019#-0.0011#-0.9983
77.00:12.6642#-6.4603#0.2401#-0.0018#-0.0011#-0.9985
78.00:12.6641#-6.4601#0.2401#-0.0018#-0.0011#-0.9986
79.00:12.6639#-6.4599#0.2401#-0.0018#-0.0011#-0.9987
80.00:12.6638#-6.4597#0.2401#-0.0018#-0.0011#-0.9988
81.00:12.6637#-6.4595#0.2401#-0.0018#-0.0011#-0.9989
82.00:12.6635#-6.4593#0.2401#-0.0018#-0.0011#-0.9991
83.00:12.6634#-6.4592#0.2401#-0.0019#-0.0011#-0.9992
84.00:12.6633#-6.4590#0.2401#-0.0019#-0.0011#-0.9993
85.00:12.6632#-6.4588#0.2401#-0.0018#-0.0011#-0.9994
86.00:12.6630#-6.4586#0.2401#-0.0019#-0.0011#-0.9995
87.00:12.6629#-6.4584#0.2401#-0.0019#-0.0011#-0.9995
88.00:12.6628#-6.4583#0.2401#-0.0018#-0.0011#-0.9997
89.00:12.6626#-6.4581#0.2401#-0.0019#-0.0011#-0.9997
90.00:12.6625#-6.4579#0.2401#-0.0019#-0.0011#-0.9998
91.00:12.7219#-6.5104#0.2401#-0.0015#-0.0015#-0.7583
92.00:12.7646#-6.5357#0.2401#-0.0013#-0.0017#-0.6077