
1.00:hum1:-5.5750#-1.5000#0.8025#-0.0000#0.0000#-0.0000
2.00:hum1:-5.5750#-1.5000#0.8025#-0.0000#0.0000#-0.0000
3.00:hum1:-5.5750#-1.5000#0.8025#-0.0000#0.0000#-0.0000
4.00:hum1:-5.5750#-1.5000#0.8025#-0.0000#0.0000#-0.0000
5.00:hum1:-5.5750#-1.5000#0.8025#-0.0000#0.0000#-0.0000
6.00:hum1:-5.5750#-1.5000#0.8025#-0.0000#0.0000#-0.0000
7.00:hum1:-5.5750#-1.5000#0.8025#-0.0000#0.0000#-0.0000
8.00:hum1:-5.5750#-1.5000#0.8025#-0.0000#0.0000#-0.0000
9.00:hum1:-5.5750#-1.5000#0.8025#-0.0000#0.0000#-0.0000
10.00:hum1:-5.5750#-1.5000#0.8025#-0.0000#0.0000#-0.0000
11.00:hum1:-5.5750#-1.5000#0.8025#-0.0000#0.0000#-0.0000
12.00:hum1:-5.5750#-1.5000#0.8025#-0.0000#0.0000#-0.0000
13.00:hum1:-5.5750#-1.5000#0.8025#-0.0000#0.0000#-0.0000
14.00:hum1:-5.0135#-1.6112#0.9141#-0.2217#-0.8574#-0.2894
15.00:hum1:-4.0295#-1.7982#0.8908#-0.1766#-0.7453#-0.2569
16.00:hum1:-3.9211#-1.8188#0.9377#-0.2768#-0.9625#-0.3330
17.00:hum1:-3.8191#-1.8382#0.9597#-0.3417#-1.0542#-0.3879
18.00:hum1:-3.1374#-1.9677#0.8466#-0.1005#-0.4851#-0.2127
19.00:hum1:-1.8548#-2.2115#0.9377#-0.2768#-0.9625#-0.3330
20.00:hum1:-0.6403#-2.4423#0.9191#-0.2321#-0.8796#-0.2974
21.00:hum1:0.3655#-2.6334#0.8168#-0.0429#-0.2215#-0.1926
22.00:hum1:1.3464#-2.8197#0.8153#0.0471#0.2426#-0.1936
23.00:hum1:2.2564#-2.2966#0.8244#-0.3119#-0.1900#2.1009
24.00:hum1:1.5472#-1.1664#0.8048#-0.0493#-0.0309#2.1305
25.00:hum1:2.1125#-1.3770#0.8466#-0.0552#-0.4917#-0.1161
26.00:hum1:3.3792#-1.6028#0.9377#-0.2625#-0.9653#-0.3155
27.00:hum1:4.5961#-1.8210#0.9191#-0.2199#-0.8819#-0.2815
28.00:hum1:5.6037#-2.0016#0.8168#-0.0406#-0.2220#-0.1819
29.00:hum1:6.5866#-2.1778#0.8153#0.0446#0.2430#-0.1829
30.00:hum1:7.7848#-2.3927#0.8244#0.0672#0.3576#-0.1896
31.00:hum1:9.0981#-2.6282#0.8048#0.0103#0.0573#-0.1777
32.00:hum1:10.3749#-2.8572#0.8466#-0.0951#-0.4861#-0.2010
33.00:hum1:10.8003#-1.7951#0.9377#0.9604#0.2871#1.7667
34.00:hum1:10.3808#-0.6321#0.9191#0.8717#0.2691#1.7911
35.00:hum1:10.1301#-0.4291#0.8168#-0.0864#-0.2087#-0.3955
36.00:hum1:11.1115#-0.7555#0.8153#0.0581#0.2402#-0.2396
37.00:hum1:12.3023#-1.0313#0.8244#0.0794#0.3552#-0.2246
38.00:hum1:13.1654#-1.2156#0.8081#0.0269#0.1252#-0.2120
39.00:hum1:13.2138#-1.2381#0.8153#0.0053#0.2470#-0.0215
40.00:hum1:13.2746#-1.2393#0.8215#0.0069#0.3157#-0.0219
41.00:hum1:13.4102#-1.2422#0.8204#0.0073#0.3323#-0.0220
42.00:hum1:13.5354#-1.2448#0.8120#0.0058#0.2700#-0.0216
43.00:hum1:13.6621#-1.2474#0.8048#0.0012#0.0582#-0.0208
44.00:hum1:14.3073#-1.2608#0.8171#0.0059#0.2710#-0.0216
45.00:hum1:15.3132#-1.2817#0.8081#0.0027#0.1280#-0.0210
46.00:hum1:16.4502#-1.3053#0.8281#0.0082#0.3709#-0.0223
47.00:hum1:17.9345#-1.2255#0.8120#-0.2123#0.1681#0.9110
48.00:hum1:18.4707#0.0573#0.8115#0.1590#-0.0313#1.3781
49.00:hum1:18.7251#1.3437#0.8908#0.7524#-0.1345#1.4288
50.00:hum1:18.9764#2.6144#0.9484#1.0285#-0.1680#1.4707
51.00:hum1:19.1870#3.6797#0.8374#0.4188#-0.0804#1.3927
52.00:hum1:19.1725#3.6070#0.8116#-0.1910#0.0376#1.3792
53.00:hum1:18.7404#3.9211#0.8171#0.2534#-0.0972#-1.9291
54.00:hum1:18.5942#2.8491#0.8153#0.2467#-0.0136#-1.6246
55.00:hum1:18.5085#1.6463#0.8244#0.3622#-0.0332#-1.6579
56.00:hum1:18.3750#4.6735#0.4025#0.0000#0.0000#-1.5700
57.00:hum1:18.3750#4.6735#0.4025#0.0000#0.0000#-1.5700
58.00:hum1:18.3750#4.6735#0.4025#0.0000#0.0000#-1.5700
59.00:hum1:18.3750#4.6735#0.4025#0.0000#0.0000#-1.5700
60.00:hum1:18.3750#4.6735#0.4025#0.0000#0.0000#-1.5700
61.00:hum1:18.3750#4.6735#0.4025#0.0000#0.0000#-1.5700
62.00:hum1:18.3750#4.6735#0.4025#0.0000#0.0000#-1.5700
63.00:hum1:18.3750#4.6735#0.4025#0.0000#0.0000#-1.5700
64.00:hum1:18.3750#4.6735#0.4025#0.0000#0.0000#-1.5700
65.00:hum1:18.3750#4.6735#0.4025#0.0000#0.0000#-1.5700
66.00:hum1:18.3750#4.6735#0.4025#0.0000#0.0000#-1.5700
67.00:hum1:18.3750#4.6735#0.4025#0.0000#0.0000#-1.5700
68.00:hum1:18.3327#3.8114#0.8262#-0.3273#0.0320#-1.6645
69.00:hum1:18.2362#2.8314#0.8116#0.1940#-0.0151#-1.6470
70.00:hum1:18.1200#1.6539#0.8267#0.3719#-0.0275#-1.6408
71.00:hum1:17.8500#0.5579#0.8067#0.1240#-0.0949#-2.2202
72.00:hum1:17.2398#-0.3549#0.8048#0.0490#-0.0315#-2.1421
73.00:hum1:17.2398#-0.3549#0.8048#0.0490#-0.0315#-2.1421
74.00:hum1:17.2398#-0.3549#0.8048#0.0490#-0.0315#-2.1421
75.00:hum1:17.2398#-0.3549#0.8048#0.0490#-0.0315#-2.1421
76.00:hum1:17.2398#-0.3549#0.8048#0.0490#-0.0315#-2.1421
77.00:hum1:17.2398#-0.3549#0.8048#0.0490#-0.0315#-2.1421
78.00:hum1:17.2398#-0.3549#0.8048#0.0490#-0.0315#-2.1421
79.00:hum1:16.9076#-0.8457#0.8116#0.1647#-0.1042#-2.1295
80.00:hum1:16.2562#-1.8277#0.8267#0.3144#-0.2038#-2.1272
81.00:hum1:15.5356#-2.9386#0.8067#0.1326#-0.0825#-2.1239
82.00:hum1:15.3338#-4.3368#0.8273#-0.3412#0.0108#-1.6008
83.00:hum1:15.1611#-5.5430#0.9141#-0.8561#0.2280#-1.7641
84.00:hum1:14.7856#-6.7667#0.9413#-0.9840#0.2504#-1.7338
85.00:hum1:14.4873#-7.7388#0.9484#-1.0170#0.2556#-1.7255