
2.00:-4.1099#-1.2873#0.2401#-0.0001#-0.0024#-0.0002
3.00:-4.1101#-1.2873#0.2401#-0.0001#-0.0025#-0.0002
4.00:-4.1102#-1.2874#0.2401#-0.0001#-0.0025#-0.0002
5.00:-4.1103#-1.2874#0.2401#-0.0001#-0.0025#-0.0003
6.00:-4.1104#-1.2874#0.2401#-0.0001#-0.0026#-0.0003
7.00:-4.1105#-1.2874#0.2401#-0.0001#-0.0026#-0.0003
8.00:-4.1106#-1.2874#0.2401#-0.0001#-0.0024#-0.0004
9.00:-4.1108#-1.2874#0.2401#-0.0001#-0.0024#-0.0006
10.00:-4.1108#-1.2874#0.2401#-0.0001#-0.0021#-0.0007
11.00:-4.1109#-1.2874#0.2401#-0.0001#-0.0022#-0.0007
12.00:-3.7711#-1.3229#0.2401#-0.0007#-0.0022#-0.2650
13.00:-3.4864#-1.5488#0.2401#-0.0015#-0.0012#-0.8839
14.00:-3.4065#-1.6025#0.2401#-0.0013#-0.0018#-0.5938
15.00:-3.3162#-1.6306#0.2401#-0.0007#-0.0021#-0.3069
16.00:-3.2220#-1.6321#0.2401#-0.0001#-0.0021#-0.0228
17.00:-2.6643#-1.5808#0.2401#0.0001#-0.0017#0.0856
18.00:-1.5029#-1.4808#0.2401#0.0001#-0.0016#0.0858
19.00:-0.3414#-1.3809#0.2401#0.0001#-0.0020#0.0854
20.00:0.8240#-1.2812#0.2401#0.0001#-0.0017#0.0854
21.00:1.9856#-1.1816#0.2401#0.0001#-0.0017#0.0857
22.00:2.9617#-1.0953#0.2400#0.0000#-0.0010#0.0926
23.00:3.0225#-1.0993#0.2401#-0.0003#-0.0018#-0.1122
24.00:3.7042#-1.2458#0.2401#-0.0004#-0.0017#-0.2100
25.00:4.4326#-1.3980#0.2401#-0.0004#-0.0015#-0.1916
26.00:4.5724#-1.3878#0.2401#0.0001#-0.0020#0.0681
27.00:5.5561#-1.3554#0.2400#-0.0000#-0.0011#0.0230
28.00:6.7237#-1.3285#0.2400#0.0000#-0.0013#0.0228
29.00:7.8890#-1.3016#0.2401#-0.0000#-0.0015#0.0232
30.00:9.0546#-1.2744#0.2401#-0.0001#-0.0013#0.0235
31.00:10.2201#-1.2470#0.2401#-0.0000#-0.0016#0.0234
32.00:11.3894#-1.2196#0.2401#-0.0001#-0.0014#0.0234
33.00:12.5549#-1.1924#0.2401#0.0000#-0.0016#0.0235
34.00:13.7182#-1.1651#0.2401#-0.0000#-0.0012#0.0238
35.00:14.1183#-1.1572#0.2401#-0.0002#-0.0019#-0.0366
36.00:14.1181#-1.1628#0.2401#-0.0004#-0.0022#-0.1517
37.00:14.1179#-1.1628#0.2401#-0.0004#-0.0022#-0.1519
38.00:14.1155#-1.1740#0.2401#-0.0009#-0.0020#-0.3839
39.00:14.1088#-1.1866#0.2401#-0.0014#-0.0017#-0.6730
40.00:14.0984#-1.1965#0.2401#-0.0019#-0.0012#-0.9656
41.00:14.0855#-1.2031#0.2401#-0.0021#-0.0006#-1.2596
42.00:14.0718#-1.2073#0.2401#-0.0026#0.0000#-1.5451
43.00:14.0517#-1.9595#0.2400#-0.0012#0.0001#-1.5908
44.00:14.0284#-3.1289#0.2400#-0.0013#0.0001#-1.5907
45.00:14.0055#-4.2945#0.2400#-0.0013#0.0000#-1.5905
46.00:13.9826#-5.4602#0.2400#-0.0011#0.0001#-1.5904
47.00:13.9711#-6.1493#0.2401#-0.0014#0.0001#-1.5763
48.00:13.9710#-6.1492#0.2401#-0.0015#0.0001#-1.5763
49.00:13.9710#-6.1492#0.2401#-0.0014#0.0001#-1.5763
50.00:13.9710#-6.1492#0.2401#-0.0014#0.0001#-1.5763
51.00:13.9710#-6.1491#0.2401#-0.0014#0.0001#-1.5763
52.00:13.9710#-6.1491#0.2400#-0.0013#0.0001#-1.5763
53.00:13.9710#-6.1490#0.2401#-0.0015#0.0001#-1.5763
54.00:13.9710#-6.1489#0.2400#-0.0013#0.0001#-1.5763
55.00:13.9710#-6.1489#0.2401#-0.0014#0.0001#-1.5763
56.00:13.9710#-6.1488#0.2401#-0.0014#0.0001#-1.5763
57.00:13.9710#-6.1487#0.2401#-0.0014#0.0001#-1.5763
58.00:13.9710#-6.1487#0.2401#-0.0015#0.0001#-1.5763
59.00:13.9710#-6.1486#0.2401#-0.0014#0.0001#-1.5763
60.00:13.9710#-6.1486#0.2401#-0.0015#0.0001#-1.5763
61.00:13.9710#-6.1485#0.2401#-0.0014#0.0001#-1.5763
62.00:13.9710#-6.1485#0.2401#-0.0014#0.0001#-1.5763
63.00:13.9710#-6.1484#0.2401#-0.0015#0.0001#-1.5763
64.00:13.9710#-6.1483#0.2401#-0.0015#0.0001#-1.5763
65.00:13.9710#-6.1483#0.2401#-0.0014#0.0001#-1.5763
66.00:13.9710#-6.1482#0.2401#-0.0016#0.0001#-1.5763
67.00:13.9710#-6.1482#0.2401#-0.0014#0.0001#-1.5763
68.00:13.9710#-6.1482#0.2401#-0.0014#0.0001#-1.5763
69.00:13.9710#-6.1481#0.2401#-0.0014#0.0001#-1.5763
70.00:13.9710#-6.1480#0.2401#-0.0014#0.0001#-1.5763
71.00:13.9710#-6.1480#0.2401#-0.0014#0.0001#-1.5763
72.00:13.9709#-6.1479#0.2401#-0.0014#0.0001#-1.5764
73.00:13.9709#-6.1479#0.2401#-0.0014#0.0001#-1.5764
74.00:13.9709#-6.1478#0.2401#-0.0014#0.0001#-1.5764
75.00:13.9709#-6.1477#0.2401#-0.0015#0.0001#-1.5764
76.00:13.9709#-6.1477#0.2401#-0.0014#0.0001#-1.5764
77.00:13.9709#-6.1476#0.2401#-0.0015#0.0001#-1.5764
78.00:13.9709#-6.1476#0.2401#-0.0015#0.0001#-1.5765
79.00:13.9709#-6.1475#0.2401#-0.0014#0.0001#-1.5765
80.00:13.9709#-6.1474#0.2401#-0.0015#0.0001#-1.5765
81.00:13.9709#-6.1474#0.2401#-0.0014#0.0001#-1.5765
82.00:13.9709#-6.1473#0.2401#-0.0014#0.0001#-1.5765
83.00:13.9709#-6.1473#0.2401#-0.0014#0.0001#-1.5765
84.00:13.9835#-6.2013#0.2401#-0.0021#-0.0003#-1.4092
85.00:13.9957#-6.2333#0.2401#-0.0021#-0.0005#-1.3037