
2.00:hum1:-0.2750#-0.5250#0.8025#-0.0000#0.0000#-0.0000
3.00:hum1:-0.2750#-0.5250#0.8025#-0.0000#0.0000#-0.0000
4.00:hum1:-0.2750#-0.5250#0.8025#-0.0000#0.0000#-0.0000
5.00:hum1:-0.2750#-0.5250#0.8025#-0.0000#0.0000#-0.0000
6.00:hum1:-0.2750#-0.5250#0.8025#-0.0000#0.0000#-0.0000
7.00:hum1:-0.2750#-0.5250#0.8025#-0.0000#0.0000#-0.0000
8.00:hum1:-0.2750#-0.5250#0.8025#-0.0000#0.0000#-0.0000
9.00:hum1:-0.2750#-0.5250#0.8025#-0.0000#0.0000#-0.0000
10.00:hum1:-0.2750#-0.5250#0.8025#-0.0000#0.0000#-0.0000
11.00:hum1:0.4556#-0.7942#0.8496#-0.1569#-0.4936#-0.3220
12.00:hum1:1.4843#-1.0503#0.8168#-0.0453#-0.2211#-0.2036
13.00:hum1:2.4699#-1.2419#0.8081#0.0207#0.1263#-0.1629
14.00:hum1:3.5550#-1.4283#0.8171#0.0393#0.2682#-0.1471
15.00:hum1:4.6152#-1.5864#0.8215#0.0433#0.3129#-0.1394
16.00:hum1:4.8738#-1.6209#0.8120#0.0367#0.2676#-0.1375
17.00:hum1:5.1167#-1.6428#0.8069#-0.0025#-0.0821#-0.0299
18.00:hum1:5.9032#-1.6438#0.8161#-0.0088#0.3011#0.0298
19.00:hum1:7.1510#-1.5676#0.8048#-0.0044#0.0581#0.0761
20.00:hum1:7.9264#-1.5420#0.8244#-0.0404#0.3615#0.1142
21.00:hum1:9.2518#-1.4200#0.8048#-0.0057#0.0579#0.0976
22.00:hum1:10.5472#-1.2824#0.8466#0.0646#-0.4907#0.1369
23.00:hum1:10.9023#-1.2393#0.8153#-0.0303#0.2452#0.1244
24.00:hum1:11.3700#-1.2812#0.8069#-0.0122#-0.0813#-0.1486
25.00:hum1:12.6684#-1.3948#0.8763#-0.0817#-0.6781#-0.1294
26.00:hum1:13.2391#-1.4524#0.8025#0.0000#0.0000#-0.1006
27.00:hum1:13.2391#-1.4524#0.8025#0.0000#0.0000#-0.1006
28.00:hum1:13.2391#-1.4524#0.8025#0.0000#0.0000#-0.1006
29.00:hum1:13.2391#-1.4524#0.8025#0.0000#0.0000#-0.1006
30.00:hum1:13.2391#-1.4524#0.8025#0.0000#0.0000#-0.1006
31.00:hum1:13.2391#-1.4524#0.8025#0.0000#0.0000#-0.1006
32.00:hum1:13.2391#-1.4524#0.8025#0.0000#0.0000#-0.1006
33.00:hum1:13.2391#-1.4524#0.8025#0.0000#0.0000#-0.1006
34.00:hum1:14.0795#-1.4379#0.8374#0.0087#-0.4259#0.0213
35.00:hum1:15.0638#-1.4187#0.8081#-0.0025#0.1280#0.0196
36.00:hum1:16.2008#-1.3966#0.8281#-0.0074#0.3710#0.0208
37.00:hum1:17.4916#-1.3715#0.8120#-0.0053#0.2700#0.0201
38.00:hum1:18.3809#-0.1832#0.8115#0.1583#-0.0343#1.3593
39.00:hum1:18.5973#0.8115#0.8025#-0.0000#0.0000#1.3566
40.00:hum1:18.5973#0.8115#0.8025#-0.0000#0.0000#1.3566
41.00:hum1:18.5973#0.8115#0.8025#-0.0000#0.0000#1.3566
42.00:hum1:18.5973#0.8115#0.8025#-0.0000#0.0000#1.3566
43.00:hum1:18.5973#0.8115#0.8025#-0.0000#0.0000#1.3566
44.00:hum1:18.5973#0.8115#0.8025#-0.0000#0.0000#1.3566
45.00:hum1:18.5973#0.8115#0.8025#-0.0000#0.0000#1.3566
46.00:hum1:18.5973#0.8115#0.8025#-0.0000#0.0000#1.3566
47.00:hum1:18.5973#0.8115#0.8025#-0.0000#0.0000#1.3566
48.00:hum1:18.5973#0.8115#0.8025#-0.0000#0.0000#1.3566
49.00:hum1:18.5973#0.8115#0.8025#-0.0000#0.0000#1.3566
50.00:hum1:18.5973#0.8115#0.8025#-0.0000#0.0000#1.3566
51.00:hum1:18.7090#1.9289#0.8115#0.1618#-0.0084#1.5200
52.00:hum1:18.7766#3.2385#0.8908#0.7613#-0.0358#1.5336
53.00:hum1:18.8130#3.9458#0.8044#0.0072#-0.0004#1.5193
54.00:hum1:18.3750#4.6735#0.4025#0.0000#0.0000#-1.5700
55.00:hum1:18.3750#4.6735#0.4025#0.0000#0.0000#-1.5700
56.00:hum1:18.3750#4.6735#0.4025#0.0000#0.0000#-1.5700
57.00:hum1:18.3750#4.6735#0.4025#0.0000#0.0000#-1.5700
58.00:hum1:18.3750#4.6735#0.4025#0.0000#0.0000#-1.5700
59.00:hum1:18.3750#4.6735#0.4025#0.0000#0.0000#-1.5700
60.00:hum1:18.3750#4.6735#0.4025#0.0000#0.0000#-1.5700
61.00:hum1:18.3750#4.6735#0.4025#0.0000#0.0000#-1.5700
62.00:hum1:18.3750#4.6735#0.4025#0.0000#0.0000#-1.5700
63.00:hum1:18.3750#4.6735#0.4025#0.0000#0.0000#-1.5700
64.00:hum1:18.3750#4.6735#0.4025#0.0000#0.0000#-1.5700
65.00:hum1:18.3750#4.6735#0.4025#0.0000#0.0000#-1.5700
66.00:hum1:18.3750#4.6735#0.4025#0.0000#0.0000#-1.5700
67.00:hum1:18.3750#4.6735#0.4025#0.0000#0.0000#-1.5700
68.00:hum1:18.2945#3.4762#0.8204#0.3310#-0.0313#-1.6614
69.00:hum1:18.2789#3.3142#0.8025#0.0000#-0.0000#-1.6666
70.00:hum1:18.2789#3.3142#0.8025#0.0000#-0.0000#-1.6666
71.00:hum1:18.2789#3.3142#0.8025#0.0000#-0.0000#-1.6666
72.00:hum1:18.2789#3.3142#0.8025#0.0000#-0.0000#-1.6666
73.00:hum1:18.2789#3.3142#0.8025#0.0000#-0.0000#-1.6666
74.00:hum1:18.2789#3.3142#0.8025#0.0000#-0.0000#-1.6666
75.00:hum1:18.2789#3.3142#0.8025#0.0000#-0.0000#-1.6666
76.00:hum1:18.2789#3.3142#0.8025#0.0000#-0.0000#-1.6666
77.00:hum1:18.2789#3.3142#0.8025#0.0000#-0.0000#-1.6666
78.00:hum1:18.2337#3.0523#0.8273#-0.3369#0.0562#-1.7296
79.00:hum1:18.1018#1.7405#0.9141#-0.8771#0.0557#-1.6167
80.00:hum1:17.7152#0.6797#0.9413#-0.9285#0.4612#-1.8918
81.00:hum1:17.2645#-0.2052#0.8262#-0.2642#0.1980#-2.1990
82.00:hum1:16.7252#-1.0537#0.8116#0.1665#-0.1012#-2.1116
83.00:hum1:16.1096#-2.0591#0.8267#0.3183#-0.1976#-2.1077
84.00:hum1:15.4465#-3.1799#0.8067#0.1342#-0.0798#-2.1039
85.00:hum1:14.8747#-4.1383#0.8025#0.0000#-0.0000#-2.1082
86.00:hum1:14.8747#-4.1383#0.8025#0.0000#-0.0000#-2.1082