
1.00:hum1:-0.2750#-0.5250#0.8025#-0.0000#0.0000#-0.0000
2.00:hum1:-0.2750#-0.5250#0.8025#-0.0000#0.0000#-0.0000
3.00:hum1:-0.2750#-0.5250#0.8025#-0.0000#0.0000#-0.0000
4.00:hum1:-0.2750#-0.5250#0.8025#-0.0000#0.0000#-0.0000
5.00:hum1:-0.2750#-0.5250#0.8025#-0.0000#0.0000#-0.0000
6.00:hum1:-0.2750#-0.5250#0.8025#-0.0000#0.0000#-0.0000
7.00:hum1:-0.2750#-0.5250#0.8025#-0.0000#0.0000#-0.0000
8.00:hum1:-0.2750#-0.5250#0.8025#-0.0000#0.0000#-0.0000
9.00:hum1:-0.2750#-0.5250#0.8025#-0.0000#0.0000#-0.0000
10.00:hum1:-0.2750#-0.5250#0.8025#-0.0000#0.0000#-0.0000
11.00:hum1:-0.2750#-0.5250#0.8025#-0.0000#0.0000#-0.0000
12.00:hum1:-0.2750#-0.5250#0.8025#-0.0000#0.0000#-0.0000
13.00:hum1:-0.2750#-0.5250#0.8025#-0.0000#0.0000#-0.0000
14.00:hum1:-0.2750#-0.5250#0.8025#-0.0000#0.0000#-0.0000
15.00:hum1:-0.2750#-0.5250#0.8025#-0.0000#0.0000#-0.0000
16.00:hum1:-0.2750#-0.5250#0.8025#-0.0000#0.0000#-0.0000
17.00:hum1:-0.2750#-0.5250#0.8025#-0.0000#0.0000#-0.0000
18.00:hum1:-0.2750#-0.5250#0.8025#-0.0000#0.0000#-0.0000
19.00:hum1:0.5366#-0.7812#0.8267#0.0843#0.3636#-0.2329
20.00:hum1:1.8230#-1.0787#0.8067#0.0308#0.1530#-0.1994
21.00:hum1:3.1094#-1.3397#0.8273#-0.0609#-0.3361#-0.1825
22.00:hum1:4.3967#-1.5512#0.9141#-0.1605#-0.8675#-0.2088
23.00:hum1:5.0037#-1.6332#0.8048#0.0078#0.0577#-0.1346
24.00:hum1:5.6667#-1.6520#0.8071#-0.0003#0.0080#0.0418
25.00:hum1:6.7097#-1.5957#0.8153#-0.0204#0.2462#0.0839
26.00:hum1:7.8450#-1.5085#0.8281#-0.0400#0.3690#0.1108
27.00:hum1:9.0063#-1.3953#0.8204#-0.0381#0.3303#0.1172
28.00:hum1:10.1159#-1.2777#0.8161#-0.0347#0.2993#0.1175
29.00:hum1:10.9628#-1.1823#0.8262#0.0381#-0.3266#0.1186
30.00:hum1:10.9628#-1.1823#0.8262#0.0381#-0.3266#0.1186
31.00:hum1:11.9021#-1.3088#0.9597#-0.1187#-1.0831#-0.1338
32.00:hum1:13.0040#-1.4385#0.8496#-0.0491#-0.5139#-0.0992
33.00:hum1:13.2432#-1.4592#0.8025#0.0000#0.0000#-0.0864
34.00:hum1:13.2432#-1.4592#0.8025#0.0000#0.0000#-0.0864
35.00:hum1:13.2432#-1.4592#0.8025#0.0000#0.0000#-0.0864
36.00:hum1:13.2432#-1.4592#0.8025#0.0000#0.0000#-0.0864
37.00:hum1:13.2432#-1.4592#0.8025#0.0000#0.0000#-0.0864
38.00:hum1:13.2432#-1.4592#0.8025#0.0000#0.0000#-0.0864
39.00:hum1:13.2432#-1.4592#0.8025#0.0000#0.0000#-0.0864
40.00:hum1:13.2432#-1.4592#0.8025#0.0000#0.0000#-0.0864
41.00:hum1:13.5053#-1.4552#0.8069#0.0017#-0.0822#0.0207
42.00:hum1:14.7993#-1.4285#0.8763#0.0165#-0.6820#0.0265
43.00:hum1:16.1194#-1.4013#0.9597#0.0387#-1.0864#0.0441
44.00:hum1:17.2354#-1.3783#0.8496#0.0115#-0.5159#0.0237
45.00:hum1:18.2617#-0.7323#0.8071#-0.0078#0.0017#1.3567
46.00:hum1:18.4945#0.3385#0.8215#-0.3090#0.0661#1.3670
47.00:hum1:18.6448#1.0295#0.8025#-0.0000#0.0000#1.3567
48.00:hum1:18.6448#1.0295#0.8025#-0.0000#0.0000#1.3567
49.00:hum1:18.6448#1.0295#0.8025#-0.0000#0.0000#1.3567
50.00:hum1:18.6448#1.0295#0.8025#-0.0000#0.0000#1.3567
51.00:hum1:18.6448#1.0295#0.8025#-0.0000#0.0000#1.3567
52.00:hum1:18.6448#1.0295#0.8025#-0.0000#0.0000#1.3567
53.00:hum1:18.6448#1.0295#0.8025#-0.0000#0.0000#1.3567
54.00:hum1:18.6448#1.0295#0.8025#-0.0000#0.0000#1.3567
55.00:hum1:18.6448#1.0295#0.8025#-0.0000#0.0000#1.3567
56.00:hum1:18.6448#1.0295#0.8025#-0.0000#0.0000#1.3567
57.00:hum1:18.6448#1.0295#0.8025#-0.0000#0.0000#1.3567
58.00:hum1:18.6801#1.3677#0.8071#-0.0080#0.0004#1.5193
59.00:hum1:18.7365#2.4620#0.8215#-0.3154#0.0161#1.5218
60.00:hum1:18.8009#3.7120#0.8161#-0.3008#0.0154#1.5216
61.00:hum1:18.8130#3.9450#0.8044#0.0072#-0.0004#1.5193
62.00:hum1:18.3750#4.6735#0.4025#0.0000#0.0000#-1.5700
63.00:hum1:18.3750#4.6735#0.4025#0.0000#0.0000#-1.5700
64.00:hum1:18.3750#4.6735#0.4025#0.0000#0.0000#-1.5700
65.00:hum1:18.3750#4.6735#0.4025#0.0000#0.0000#-1.5700
66.00:hum1:18.3750#4.6735#0.4025#0.0000#0.0000#-1.5700
67.00:hum1:18.3750#4.6735#0.4025#0.0000#0.0000#-1.5700
68.00:hum1:18.3750#4.6735#0.4025#0.0000#0.0000#-1.5700
69.00:hum1:18.3750#4.6735#0.4025#0.0000#0.0000#-1.5700
70.00:hum1:18.3750#4.6735#0.4025#0.0000#0.0000#-1.5700
71.00:hum1:18.3750#4.6735#0.4025#0.0000#0.0000#-1.5700
72.00:hum1:18.3750#4.6735#0.4025#0.0000#0.0000#-1.5700
73.00:hum1:18.3750#4.6735#0.4025#0.0000#0.0000#-1.5700
74.00:hum1:18.3750#4.6735#0.4025#0.0000#0.0000#-1.5700
75.00:hum1:18.3750#4.6735#0.4025#0.0000#0.0000#-1.5700
76.00:hum1:18.3750#4.6735#0.4025#0.0000#0.0000#-1.5700
77.00:hum1:18.3750#4.6735#0.4025#0.0000#0.0000#-1.5700
78.00:hum1:18.2616#3.1340#0.8069#-0.0818#0.0079#-1.6661
79.00:hum1:18.1917#2.0495#0.8025#0.0000#-0.0000#-1.6080
80.00:hum1:18.1917#2.0495#0.8025#0.0000#-0.0000#-1.6080
81.00:hum1:18.1917#2.0495#0.8025#0.0000#-0.0000#-1.6080
82.00:hum1:18.1917#2.0495#0.8025#0.0000#-0.0000#-1.6080
83.00:hum1:18.1917#2.0495#0.8025#0.0000#-0.0000#-1.6080
84.00:hum1:18.1917#2.0495#0.8025#0.0000#-0.0000#-1.6080
85.00:hum1:18.1917#2.0495#0.8025#0.0000#-0.0000#-1.6080
86.00:hum1:18.1917#2.0495#0.8025#0.0000#-0.0000#-1.6080
87.00:hum1:18.1917#2.0495#0.8025#0.0000#-0.0000#-1.6080
88.00:hum1:18.1917#2.0495#0.8025#0.0000#-0.0000#-1.6080
89.00:hum1:18.1917#2.0495#0.8025#0.0000#-0.0000#-1.6080
90.00:hum1:18.1917#2.0495#0.8025#0.0000#-0.0000#-1.6080
91.00:hum1:18.1917#2.0495#0.8025#0.0000#-0.0000#-1.6080
92.00:hum1:18.0688#1.0709#0.8025#0.0000#-0.0000#-1.6355
93.00:hum1:18.0688#1.0709#0.8025#0.0000#-0.0000#-1.6355
94.00:hum1:18.0688#1.0709#0.8025#0.0000#-0.0000#-1.6355
95.00:hum1:18.0688#1.0709#0.8025#0.0000#-0.0000#-1.6355
96.00:hum1:18.0688#1.0709#0.8025#0.0000#-0.0000#-1.6355
97.00:hum1:18.0688#1.0709#0.8025#0.0000#-0.0000#-1.6355
98.00:hum1:18.0688#1.0709#0.8025#0.0000#-0.0000#-1.6355
99.00:hum1:18.0688#1.0709#0.8025#0.0000#-0.0000#-1.6355
100.00:hum1:18.0688#1.0709#0.8025#0.0000#-0.0000#-1.6355
101.00:hum1:18.0688#1.0709#0.8025#0.0000#-0.0000#-1.6355
102.00:hum1:17.9976#0.6589#0.9377#-0.9822#0.1404#-1.6636
103.00:hum1:17.3577#-0.2503#0.9191#-0.7975#0.4774#-1.9921
104.00:hum1:16.7721#-1.1026#0.8168#-0.1903#0.1219#-2.1338
105.00:hum1:16.2252#-1.9363#0.8153#0.2078#-0.1345#-2.1370
106.00:hum1:15.6100#-3.1244#0.8244#0.3572#0.0693#-1.3870
107.00:hum1:15.5368#-4.0225#0.8048#0.0346#-0.0468#-2.5050
108.00:hum1:15.1451#-4.3117#0.8025#0.0000#-0.0000#-2.5053