
2.00:-4.8099#-1.1623#0.2401#-0.0001#-0.0025#-0.0001
3.00:-4.8100#-1.1623#0.2401#-0.0001#-0.0024#-0.0001
4.00:-4.8100#-1.1623#0.2401#-0.0001#-0.0022#-0.0001
5.00:-4.8102#-1.1623#0.2401#-0.0001#-0.0025#-0.0002
6.00:-4.8103#-1.1623#0.2401#-0.0001#-0.0023#-0.0002
7.00:-4.8104#-1.1623#0.2401#-0.0001#-0.0025#-0.0002
8.00:-4.8105#-1.1623#0.2401#-0.0001#-0.0025#-0.0001
9.00:-4.8106#-1.1623#0.2401#-0.0001#-0.0023#-0.0002
10.00:-4.8106#-1.1624#0.2401#-0.0001#-0.0021#-0.0002
11.00:-4.8108#-1.1624#0.2401#-0.0001#-0.0022#-0.0003
12.00:-4.8109#-1.1624#0.2401#-0.0001#-0.0024#-0.0002
13.00:-4.7631#-1.1627#0.2402#-0.0001#-0.0033#-0.0012
14.00:-4.0220#-0.8429#0.2400#0.0008#-0.0009#0.7802
15.00:-3.9045#-0.6919#0.2401#0.0015#-0.0013#0.9037
16.00:-3.8932#-0.7024#0.2401#0.0011#-0.0019#0.5944
17.00:-3.8857#-0.7155#0.2401#0.0005#-0.0022#0.2866
18.00:-3.8825#-0.7303#0.2401#-0.0001#-0.0022#-0.0190
19.00:-3.7170#-0.7828#0.2401#-0.0006#-0.0019#-0.2434
20.00:-2.6391#-1.0373#0.2400#-0.0003#-0.0011#-0.2311
21.00:-1.5022#-1.3048#0.2401#-0.0004#-0.0015#-0.2310
22.00:-0.7777#-1.4732#0.2401#-0.0004#-0.0014#-0.2201
23.00:-0.6758#-1.4679#0.2401#0.0000#-0.0024#0.0450
24.00:0.1985#-1.3850#0.2401#0.0000#-0.0016#0.0925
25.00:1.0376#-1.3087#0.2400#-0.0000#-0.0011#0.0820
26.00:1.0482#-1.3079#0.2401#0.0001#-0.0017#0.0787
27.00:1.0481#-1.3079#0.2401#0.0001#-0.0015#0.0787
28.00:1.0480#-1.3079#0.2401#0.0001#-0.0016#0.0786
29.00:1.0479#-1.3079#0.2401#0.0001#-0.0017#0.0786
30.00:1.0478#-1.3079#0.2401#0.0001#-0.0017#0.0787
31.00:1.4176#-1.2795#0.2401#0.0001#-0.0019#0.0760
32.00:2.5757#-1.1916#0.2401#0.0000#-0.0017#0.0758
33.00:3.5890#-1.1144#0.2400#0.0000#-0.0011#0.0823
34.00:3.6741#-1.1165#0.2401#-0.0003#-0.0017#-0.1032
35.00:4.1183#-1.2363#0.2401#-0.0005#-0.0016#-0.2524
36.00:5.0290#-1.4693#0.2400#-0.0003#-0.0010#-0.2433
37.00:5.0751#-1.4797#0.2401#-0.0005#-0.0019#-0.2171
38.00:5.0749#-1.4797#0.2401#-0.0005#-0.0020#-0.2171
39.00:5.0749#-1.4797#0.2401#-0.0004#-0.0015#-0.2170
40.00:5.0749#-1.4797#0.2401#-0.0004#-0.0014#-0.2170
41.00:5.0748#-1.4797#0.2401#-0.0004#-0.0014#-0.2170
42.00:5.0748#-1.4796#0.2401#-0.0004#-0.0013#-0.2170
43.00:5.5945#-1.6068#0.2400#-0.0004#-0.0015#-0.2575
44.00:6.1134#-1.7366#0.2401#-0.0003#-0.0016#-0.1871
45.00:6.2554#-1.7255#0.2401#0.0001#-0.0021#0.0732
46.00:7.2461#-1.6747#0.2401#-0.0000#-0.0013#0.0442
47.00:8.4127#-1.6234#0.2401#0.0000#-0.0016#0.0439
48.00:8.9794#-1.5965#0.2401#0.0000#-0.0014#0.0594
49.00:8.9794#-1.5965#0.2401#0.0000#-0.0014#0.0594
50.00:8.9793#-1.5965#0.2401#0.0000#-0.0014#0.0594
51.00:8.9792#-1.5966#0.2401#0.0000#-0.0015#0.0595
52.00:8.9792#-1.5966#0.2401#0.0000#-0.0015#0.0595
53.00:9.2054#-1.5858#0.2401#-0.0000#-0.0019#0.0397
54.00:10.3292#-1.5627#0.2401#-0.0000#-0.0015#0.0190
55.00:11.4949#-1.5402#0.2401#-0.0001#-0.0014#0.0194
56.00:12.6622#-1.5179#0.2401#-0.0001#-0.0011#0.0191
57.00:13.8298#-1.4953#0.2401#-0.0000#-0.0014#0.0195
58.00:14.9954#-1.4723#0.2401#-0.0000#-0.0017#0.0197
59.00:16.1611#-1.4490#0.2401#-0.0000#-0.0017#0.0203
60.00:17.3267#-1.4254#0.2401#-0.0000#-0.0015#0.0198
61.00:18.4959#-1.4024#0.2401#-0.0000#-0.0016#0.0197
62.00:19.6308#-1.3795#0.2400#-0.0000#-0.0009#0.0224
63.00:19.8804#-1.3706#0.2400#-0.0000#-0.0013#0.0376
64.00:19.8803#-1.3706#0.2401#-0.0000#-0.0014#0.0376
65.00:19.8803#-1.3706#0.2401#-0.0000#-0.0014#0.0375
66.00:19.8802#-1.3706#0.2401#-0.0000#-0.0014#0.0375
67.00:19.8802#-1.3706#0.2401#-0.0000#-0.0015#0.0375
68.00:19.8801#-1.3706#0.2401#-0.0000#-0.0014#0.0374
69.00:19.8800#-1.3706#0.2401#-0.0000#-0.0016#0.0374
70.00:19.8800#-1.3706#0.2401#-0.0000#-0.0015#0.0374
71.00:19.8800#-1.3706#0.2401#-0.0000#-0.0014#0.0374
72.00:19.8799#-1.3706#0.2401#-0.0000#-0.0013#0.0374
73.00:19.8799#-1.3707#0.2401#-0.0000#-0.0014#0.0374
74.00:19.8798#-1.3707#0.2401#-0.0000#-0.0014#0.0374
75.00:19.8798#-1.3707#0.2401#-0.0000#-0.0014#0.0374
76.00:19.8797#-1.3707#0.2401#-0.0000#-0.0015#0.0373
77.00:19.8797#-1.3707#0.2401#-0.0000#-0.0014#0.0373
78.00:19.8796#-1.3707#0.2401#-0.0000#-0.0014#0.0373
79.00:19.8796#-1.3707#0.2401#-0.0000#-0.0014#0.0374
80.00:19.8795#-1.3707#0.2401#-0.0000#-0.0014#0.0374
81.00:19.8795#-1.3708#0.2401#-0.0000#-0.0014#0.0374
82.00:19.8794#-1.3708#0.2401#-0.0000#-0.0014#0.0373
83.00:19.8794#-1.3708#0.2401#-0.0000#-0.0013#0.0373
84.00:19.8793#-1.3708#0.2400#-0.0000#-0.0013#0.0373
85.00:19.8793#-1.3708#0.2401#-0.0000#-0.0014#0.0374
86.00:19.8792#-1.3708#0.2401#-0.0000#-0.0013#0.0373
87.00:19.8791#-1.3708#0.2401#-0.0000#-0.0014#0.0374
88.00:19.8791#-1.3708#0.2401#-0.0000#-0.0014#0.0373
89.00:19.8790#-1.3708#0.2401#-0.0000#-0.0014#0.0373
90.00:19.8789#-1.3708#0.2401#-0.0000#-0.0014#0.0372
91.00:19.8789#-1.3708#0.2400#-0.0000#-0.0013#0.0372
92.00:19.8789#-1.3709#0.2401#-0.0000#-0.0014#0.0372