
1.00:hum1:-0.2750#-0.5250#0.8025#-0.0000#0.0000#-0.0000
2.00:hum1:-0.2750#-0.5250#0.8025#-0.0000#0.0000#-0.0000
3.00:hum1:-0.2750#-0.5250#0.8025#-0.0000#0.0000#-0.0000
4.00:hum1:-0.2750#-0.5250#0.8025#-0.0000#0.0000#-0.0000
5.00:hum1:-0.2750#-0.5250#0.8025#-0.0000#0.0000#-0.0000
6.00:hum1:-0.2750#-0.5250#0.8025#-0.0000#0.0000#-0.0000
7.00:hum1:-0.2750#-0.5250#0.8025#-0.0000#0.0000#-0.0000
8.00:hum1:-0.2750#-0.5250#0.8025#-0.0000#0.0000#-0.0000
9.00:hum1:-0.2750#-0.5250#0.8025#-0.0000#0.0000#-0.0000
10.00:hum1:-0.2750#-0.5250#0.8025#-0.0000#0.0000#-0.0000
11.00:hum1:2.5108#-0.8535#0.8262#-0.0200#-0.3282#-0.0615
12.00:hum1:5.7411#-1.1442#0.8721#-0.0341#-0.6566#-0.0554
13.00:hum1:8.6596#-1.3165#0.8204#0.0133#0.3322#-0.0403
14.00:hum1:12.8514#-1.4098#0.9598#0.0560#-1.0864#0.0637
15.00:hum1:12.9890#-2.6258#0.8171#0.2648#-0.0582#-1.7818
16.00:hum1:13.7965#-5.1643#0.8025#0.0000#0.0000#-0.9455
17.00:hum1:14.0283#-5.4853#0.8025#0.0000#0.0000#-0.9455
18.00:hum1:14.0283#-5.4853#0.8025#0.0000#0.0000#-0.9455
19.00:hum1:14.0283#-5.4853#0.8025#0.0000#0.0000#-0.9455
20.00:hum1:14.0283#-5.4853#0.8025#0.0000#0.0000#-0.9455
21.00:hum1:14.0283#-5.4853#0.8025#0.0000#0.0000#-0.9455
22.00:hum1:14.0283#-5.4853#0.8025#0.0000#0.0000#-0.9455
23.00:hum1:14.0283#-5.4853#0.8025#0.0000#0.0000#-0.9455
24.00:hum1:14.0283#-5.4853#0.8025#0.0000#0.0000#-0.9455
25.00:hum1:14.0283#-5.4853#0.8025#0.0000#0.0000#-0.9455
26.00:hum1:14.0283#-5.4853#0.8025#0.0000#0.0000#-0.9455
27.00:hum1:14.0283#-5.4853#0.8025#0.0000#0.0000#-0.9455