
1.00:hum1:-0.2750#-0.5250#0.8025#-0.0000#0.0000#-0.0000
2.00:hum1:-0.2750#-0.5250#0.8025#-0.0000#0.0000#-0.0000
3.00:hum1:-0.2750#-0.5250#0.8025#-0.0000#0.0000#-0.0000
4.00:hum1:-0.2750#-0.5250#0.8025#-0.0000#0.0000#-0.0000
5.00:hum1:-0.2750#-0.5250#0.8025#-0.0000#0.0000#-0.0000
6.00:hum1:-0.2750#-0.5250#0.8025#-0.0000#0.0000#-0.0000
7.00:hum1:-0.2750#-0.5250#0.8025#-0.0000#0.0000#-0.0000
8.00:hum1:-0.2750#-0.5250#0.8025#-0.0000#0.0000#-0.0000
9.00:hum1:-0.2750#-0.5250#0.8025#-0.0000#0.0000#-0.0000
10.00:hum1:-0.2750#-0.5250#0.8025#-0.0000#0.0000#-0.0000
11.00:hum1:-0.2750#-0.5250#0.8025#-0.0000#0.0000#-0.0000
12.00:hum1:-0.2750#-0.5250#0.8025#-0.0000#0.0000#-0.0000
13.00:hum1:-0.2750#-0.5250#0.8025#-0.0000#0.0000#-0.0000
14.00:hum1:-0.2750#-0.5250#0.8025#-0.0000#0.0000#-0.0000
15.00:hum1:-0.2750#-0.5250#0.8025#-0.0000#0.0000#-0.0000
16.00:hum1:-0.2750#-0.5250#0.8025#-0.0000#0.0000#-0.0000
17.00:hum1:-0.2750#-0.5250#0.8025#-0.0000#0.0000#-0.0000
18.00:hum1:0.4010#-0.7700#0.8153#0.0654#0.2384#-0.2701
19.00:hum1:1.6020#-1.0505#0.8244#0.0734#0.3565#-0.2073
20.00:hum1:2.9221#-1.3004#0.8048#0.0088#0.0575#-0.1522
21.00:hum1:4.2077#-1.5086#0.8466#-0.0681#-0.4903#-0.1434
22.00:hum1:4.5985#-1.5582#0.8102#-0.0140#-0.1095#-0.1272
23.00:hum1:4.5985#-1.5582#0.8102#-0.0140#-0.1095#-0.1272
24.00:hum1:4.7729#-1.5710#0.8204#0.0233#0.3316#-0.0712
25.00:hum1:6.1498#-1.5795#0.8044#0.0004#-0.0072#0.0524
26.00:hum1:7.4488#-1.5053#0.8618#0.0545#-0.5932#0.0976
27.00:hum1:8.7705#-1.3961#0.9598#0.1843#-1.0781#0.2088
28.00:hum1:9.9353#-1.2802#0.8721#0.0844#-0.6527#0.1387
29.00:hum1:10.9427#-1.1715#0.8102#0.0113#-0.1098#0.1034
30.00:hum1:10.9066#-1.1752#0.8153#-0.0258#0.2457#0.1059
31.00:hum1:11.5607#-1.2693#0.8618#-0.1251#-0.5836#-0.2241
32.00:hum1:12.8902#-1.4151#0.9598#-0.2316#-1.0727#-0.2619
33.00:hum1:13.2358#-1.4581#0.8025#0.0000#0.0000#-0.1239
34.00:hum1:13.2358#-1.4581#0.8025#0.0000#0.0000#-0.1239
35.00:hum1:13.2358#-1.4581#0.8025#0.0000#0.0000#-0.1239
36.00:hum1:13.2358#-1.4581#0.8025#0.0000#0.0000#-0.1239
37.00:hum1:13.2358#-1.4581#0.8025#0.0000#0.0000#-0.1239
38.00:hum1:14.0351#-1.4442#0.8071#-0.0002#0.0080#0.0206
39.00:hum1:15.2074#-1.4200#0.8025#-0.0000#0.0000#0.0206
40.00:hum1:15.2074#-1.4200#0.8025#-0.0000#0.0000#0.0206
41.00:hum1:15.2074#-1.4200#0.8025#-0.0000#0.0000#0.0206
42.00:hum1:15.8070#-1.4077#0.8618#0.0138#-0.5952#0.0249
43.00:hum1:17.1291#-1.3804#0.9598#0.0387#-1.0868#0.0440
44.00:hum1:18.2600#-0.8013#0.8721#0.5359#-0.4010#0.9897
45.00:hum1:18.4904#0.3152#0.8102#0.1079#-0.0234#1.3585
46.00:hum1:18.6819#1.3939#0.8171#-0.2707#0.0138#1.5213
47.00:hum1:18.7438#2.5982#0.8204#-0.3320#0.0169#1.5222
48.00:hum1:18.8011#3.7126#0.8161#-0.3008#0.0153#1.5217
49.00:hum1:18.8131#3.9456#0.8044#0.0072#-0.0004#1.5194
50.00:hum1:18.3750#4.6735#0.4025#0.0000#0.0000#-1.5700
51.00:hum1:18.3750#4.6735#0.4025#0.0000#0.0000#-1.5700
52.00:hum1:18.3750#4.6735#0.4025#0.0000#0.0000#-1.5700
53.00:hum1:18.3750#4.6735#0.4025#0.0000#0.0000#-1.5700
54.00:hum1:18.3750#4.6735#0.4025#0.0000#0.0000#-1.5700
55.00:hum1:18.3750#4.6735#0.4025#0.0000#0.0000#-1.5700
56.00:hum1:18.3750#4.6735#0.4025#0.0000#0.0000#-1.5700
57.00:hum1:18.3750#4.6735#0.4025#0.0000#0.0000#-1.5700
58.00:hum1:18.3750#4.6735#0.4025#0.0000#0.0000#-1.5700
59.00:hum1:18.3750#4.6735#0.4025#0.0000#0.0000#-1.5700
60.00:hum1:18.3750#4.6735#0.4025#0.0000#0.0000#-1.5700
61.00:hum1:18.3750#4.6735#0.4025#0.0000#0.0000#-1.5700
62.00:hum1:18.3750#4.6735#0.4025#0.0000#0.0000#-1.5700
63.00:hum1:18.3750#4.6735#0.4025#0.0000#0.0000#-1.5700
64.00:hum1:18.3750#4.6735#0.4025#0.0000#0.0000#-1.5700
65.00:hum1:18.3750#4.6735#0.4025#0.0000#0.0000#-1.5700
66.00:hum1:18.2945#3.4762#0.8204#0.3310#-0.0313#-1.6614
67.00:hum1:18.1563#2.1289#0.8044#-0.0072#0.0005#-1.6403
68.00:hum1:18.0259#0.8429#0.8618#-0.5942#0.0404#-1.6302
69.00:hum1:17.5216#-0.1095#0.9598#-0.9263#0.6857#-2.0146
70.00:hum1:16.8140#-1.0938#0.8721#-0.5614#0.3622#-2.0835
71.00:hum1:16.7468#-1.1953#0.8025#0.0000#-0.0000#-2.1643
72.00:hum1:16.2319#-1.9636#0.8215#0.2650#-0.1738#-2.1377
73.00:hum1:15.5293#-3.0137#0.8161#0.2600#-0.1539#-2.0932
74.00:hum1:15.6525#-4.0464#0.8069#-0.0437#0.0696#-2.5803
75.00:hum1:15.1702#-4.3552#0.8374#-0.2340#0.3593#-2.5454