
1.00:hum1:-0.2750#-0.5250#0.8025#-0.0000#0.0000#-0.0000
2.00:hum1:-0.2750#-0.5250#0.8025#-0.0000#0.0000#-0.0000
3.00:hum1:-0.2750#-0.5250#0.8025#-0.0000#0.0000#-0.0000
4.00:hum1:-0.2750#-0.5250#0.8025#-0.0000#0.0000#-0.0000
5.00:hum1:-0.2750#-0.5250#0.8025#-0.0000#0.0000#-0.0000
6.00:hum1:-0.2750#-0.5250#0.8025#-0.0000#0.0000#-0.0000
7.00:hum1:-0.2750#-0.5250#0.8025#-0.0000#0.0000#-0.0000
8.00:hum1:-0.2750#-0.5250#0.8025#-0.0000#0.0000#-0.0000
9.00:hum1:-0.2750#-0.5250#0.8025#-0.0000#0.0000#-0.0000
10.00:hum1:-0.2750#-0.5250#0.8025#-0.0000#0.0000#-0.0000
11.00:hum1:-0.2750#-0.5250#0.8025#-0.0000#0.0000#-0.0000
12.00:hum1:0.2217#-0.7212#0.9141#-0.3904#-0.8088#-0.5168
13.00:hum1:1.4949#-1.0457#0.9413#-0.3145#-0.9714#-0.3749
14.00:hum1:2.4806#-1.2633#0.8262#-0.1202#-0.3068#-0.3800
15.00:hum1:3.5007#-1.4255#0.8116#0.0300#0.1923#-0.1552
16.00:hum1:4.6164#-1.5961#0.8215#0.0411#0.3132#-0.1324
17.00:hum1:5.0009#-1.6447#0.8048#0.0073#0.0578#-0.1261
18.00:hum1:5.6638#-1.6647#0.8071#-0.0004#0.0080#0.0495
19.00:hum1:6.7663#-1.6120#0.8215#-0.0275#0.3147#0.0889
20.00:hum1:7.7468#-1.5376#0.8116#-0.0194#0.1937#0.1007
21.00:hum1:8.8396#-1.4293#0.8102#0.0109#-0.1098#0.0994
22.00:hum1:9.8417#-1.3392#0.8116#-0.0217#0.1934#0.1125
23.00:hum1:10.9351#-1.2412#0.8102#0.0122#-0.1097#0.1113
24.00:hum1:11.0357#-1.2300#0.8025#-0.0000#0.0000#0.1106
25.00:hum1:11.0357#-1.2300#0.8025#-0.0000#0.0000#0.1106
26.00:hum1:11.0357#-1.2300#0.8025#-0.0000#0.0000#0.1106
27.00:hum1:11.0357#-1.2300#0.8025#-0.0000#0.0000#0.1106
28.00:hum1:11.0357#-1.2300#0.8025#-0.0000#0.0000#0.1106
29.00:hum1:11.0357#-1.2300#0.8025#-0.0000#0.0000#0.1106
30.00:hum1:11.0357#-1.2300#0.8025#-0.0000#0.0000#0.1106
31.00:hum1:11.0357#-1.2300#0.8025#-0.0000#0.0000#0.1106
32.00:hum1:11.0357#-1.2300#0.8025#-0.0000#0.0000#0.1106
33.00:hum1:11.0357#-1.2300#0.8025#-0.0000#0.0000#0.1106
34.00:hum1:11.0357#-1.2300#0.8025#-0.0000#0.0000#0.1106
35.00:hum1:11.0357#-1.2300#0.8025#-0.0000#0.0000#0.1106
36.00:hum1:11.0357#-1.2300#0.8025#-0.0000#0.0000#0.1106
37.00:hum1:11.0357#-1.2300#0.8025#-0.0000#0.0000#0.1106
38.00:hum1:11.0357#-1.2300#0.8025#-0.0000#0.0000#0.1106
39.00:hum1:11.0357#-1.2300#0.8025#-0.0000#0.0000#0.1106
40.00:hum1:11.0357#-1.2300#0.8025#-0.0000#0.0000#0.1106
41.00:hum1:10.7921#-1.1287#0.8215#0.2014#0.2449#-0.6996
42.00:hum1:11.7885#-1.9123#0.8161#0.1761#0.2456#-0.6314
43.00:hum1:12.8678#-2.7000#0.8069#-0.0453#-0.0686#-0.5844
44.00:hum1:13.9491#-3.4117#0.8763#-0.4200#-0.5546#-0.7030
45.00:hum1:14.0420#-3.4728#0.8025#0.0000#0.0000#-0.5819
46.00:hum1:14.0420#-3.4728#0.8025#0.0000#0.0000#-0.5819
47.00:hum1:14.0420#-3.4728#0.8025#0.0000#0.0000#-0.5819
48.00:hum1:14.0420#-3.4728#0.8025#0.0000#0.0000#-0.5819
49.00:hum1:14.0420#-3.4728#0.8025#0.0000#0.0000#-0.5819
50.00:hum1:14.0420#-3.4728#0.8025#0.0000#0.0000#-0.5819
51.00:hum1:14.0420#-3.4728#0.8025#0.0000#0.0000#-0.5819
52.00:hum1:14.0420#-3.4728#0.8025#0.0000#0.0000#-0.5819
53.00:hum1:14.0420#-3.4728#0.8025#0.0000#0.0000#-0.5819
54.00:hum1:14.0420#-3.4728#0.8025#0.0000#0.0000#-0.5819
55.00:hum1:14.0420#-3.4728#0.8025#0.0000#0.0000#-0.5819
56.00:hum1:14.4860#-3.3922#0.8262#0.1488#-0.2943#0.4773
57.00:hum1:15.3661#-2.9613#0.8116#-0.0864#0.1746#0.4628
58.00:hum1:16.5218#-2.3957#0.8025#-0.0000#0.0000#0.4552
59.00:hum1:16.5218#-2.3957#0.8025#-0.0000#0.0000#0.4552
60.00:hum1:16.6425#-2.3366#0.8025#-0.0000#0.0000#0.4552
61.00:hum1:16.7725#-2.2729#0.8025#-0.0000#0.0000#0.4552
62.00:hum1:16.8444#-2.2377#0.8025#-0.0000#0.0000#0.4552
63.00:hum1:17.2793#-2.0248#0.8071#-0.0035#0.0072#0.4552
64.00:hum1:18.2075#-1.2638#0.8215#-0.2805#0.1471#1.1004
65.00:hum1:18.5607#0.0085#0.8161#-0.2982#0.0431#1.4317
66.00:hum1:18.7306#1.3549#0.8069#0.0821#-0.0030#1.5349
67.00:hum1:18.7773#2.6484#0.8763#0.6819#-0.0229#1.5429
68.00:hum1:18.8249#3.9679#0.9597#1.0865#-0.0322#1.5542
69.00:hum1:18.8272#4.0316#0.8374#0.4257#-0.0150#1.5380
70.00:hum1:18.3750#4.6735#0.4025#0.0000#0.0000#-1.5700
71.00:hum1:18.3750#4.6735#0.4025#0.0000#0.0000#-1.5700
72.00:hum1:18.3750#4.6735#0.4025#0.0000#0.0000#-1.5700
73.00:hum1:18.3750#4.6735#0.4025#0.0000#0.0000#-1.5700
74.00:hum1:18.3750#4.6735#0.4025#0.0000#0.0000#-1.5700
75.00:hum1:18.3750#4.6735#0.4025#0.0000#0.0000#-1.5700
76.00:hum1:18.3750#4.6735#0.4025#0.0000#0.0000#-1.5700
77.00:hum1:18.3750#4.6735#0.4025#0.0000#0.0000#-1.5700
78.00:hum1:18.3750#4.6735#0.4025#0.0000#0.0000#-1.5700
79.00:hum1:18.3750#4.6735#0.4025#0.0000#0.0000#-1.5700
80.00:hum1:18.3750#4.6735#0.4025#0.0000#0.0000#-1.5700
81.00:hum1:18.3750#4.6735#0.4025#0.0000#0.0000#-1.5700
82.00:hum1:18.3750#4.6735#0.4025#0.0000#0.0000#-1.5700
83.00:hum1:18.3750#4.6735#0.4025#0.0000#0.0000#-1.5700
84.00:hum1:18.3750#4.6735#0.4025#0.0000#0.0000#-1.5700
85.00:hum1:18.3750#4.6735#0.4025#0.0000#0.0000#-1.5700
86.00:hum1:18.3750#4.6735#0.4025#0.0000#0.0000#-1.5700
87.00:hum1:18.3750#4.6735#0.4025#0.0000#0.0000#-1.5700
88.00:hum1:18.3750#4.6735#0.4025#0.0000#0.0000#-1.5700
89.00:hum1:18.3750#4.6735#0.4025#0.0000#0.0000#-1.5700
90.00:hum1:18.3259#3.8014#0.8067#0.1553#-0.0150#-1.6658
91.00:hum1:18.1944#2.4956#0.8273#-0.3406#0.0242#-1.6385
92.00:hum1:18.0932#1.2095#0.9141#-0.8764#0.0687#-1.6276
93.00:hum1:17.7336#0.2162#0.9413#-0.8614#0.6031#-2.0236
94.00:hum1:17.1128#-0.6580#0.8262#-0.2831#0.1694#-2.0958
95.00:hum1:16.7826#-1.1878#0.8025#0.0000#-0.0000#-2.1292
96.00:hum1:16.6563#-1.2201#0.8025#0.0000#-0.0000#-2.0859
97.00:hum1:16.4480#-1.5559#0.8115#-0.1418#0.0786#-2.0737
98.00:hum1:16.1080#-2.1664#0.8025#0.0000#-0.0000#-2.0788
99.00:hum1:16.1080#-2.1664#0.8025#0.0000#-0.0000#-2.0788
100.00:hum1:16.1080#-2.1664#0.8025#0.0000#-0.0000#-2.0788
101.00:hum1:16.1080#-2.1664#0.8025#0.0000#-0.0000#-2.0788
102.00:hum1:16.1080#-2.1664#0.8025#0.0000#-0.0000#-2.0788
103.00:hum1:16.1080#-2.1664#0.8025#0.0000#-0.0000#-2.0788
104.00:hum1:16.1080#-2.1664#0.8025#0.0000#-0.0000#-2.0788
105.00:hum1:16.1080#-2.1664#0.8025#0.0000#-0.0000#-2.0788
106.00:hum1:16.1080#-2.1664#0.8025#0.0000#-0.0000#-2.0788
107.00:hum1:16.1080#-2.1664#0.8025#0.0000#-0.0000#-2.0788
108.00:hum1:16.1080#-2.1664#0.8025#0.0000#-0.0000#-2.0788
109.00:hum1:16.1080#-2.1664#0.8025#0.0000#-0.0000#-2.0788
110.00:hum1:16.1080#-2.1664#0.8025#0.0000#-0.0000#-2.0788
111.00:hum1:16.1080#-2.1664#0.8025#0.0000#-0.0000#-2.0788
112.00:hum1:16.1080#-2.1664#0.8025#0.0000#-0.0000#-2.0788
113.00:hum1:16.1080#-2.1664#0.8025#0.0000#-0.0000#-2.0788
114.00:hum1:16.1080#-2.1664#0.8025#0.0000#-0.0000#-2.0788
115.00:hum1:16.1080#-2.1664#0.8025#0.0000#-0.0000#-2.0788
116.00:hum1:15.9986#-2.7547#0.8618#-0.5895#0.0887#-1.7021
117.00:hum1:15.3357#-3.7661#0.9598#-1.0088#0.5102#-1.8688
118.00:hum1:15.2359#-3.9174#0.8025#0.0000#-0.0000#-2.1543