
1.00:0.2653#-1.1873#0.2401#-0.0001#-0.0023#-0.0001
2.00:0.2653#-1.1874#0.2401#-0.0001#-0.0023#-0.0001
3.00:0.2652#-1.1874#0.2401#-0.0001#-0.0021#-0.0001
4.00:0.2651#-1.1874#0.2401#-0.0001#-0.0022#-0.0001
5.00:0.3344#-1.1877#0.2401#-0.0001#-0.0033#-0.0050
6.00:0.9759#-0.9331#0.2399#-0.0006#0.0000#0.8194
7.00:1.0311#-0.8760#0.2401#0.0013#-0.0018#0.7005
8.00:1.0735#-0.8643#0.2401#0.0007#-0.0020#0.3968
9.00:1.1176#-0.8661#0.2401#0.0001#-0.0022#0.0926
10.00:1.2843#-0.8962#0.2401#-0.0004#-0.0021#-0.1458
11.00:2.3591#-1.0416#0.2401#-0.0003#-0.0017#-0.1340
12.00:3.5145#-1.1968#0.2400#-0.0002#-0.0016#-0.1333
13.00:4.6700#-1.3521#0.2400#-0.0003#-0.0016#-0.1336
14.00:5.7371#-1.4951#0.2400#-0.0002#-0.0010#-0.1313
15.00:5.9070#-1.5074#0.2401#0.0000#-0.0020#0.0419
16.00:6.2375#-1.4480#0.2400#0.0002#-0.0021#0.1384
17.00:7.3828#-1.3292#0.2401#0.0001#-0.0016#0.1021
18.00:8.5428#-1.2106#0.2400#0.0001#-0.0015#0.1017
19.00:9.7065#-1.0921#0.2401#0.0001#-0.0016#0.1016
20.00:10.8663#-0.9741#0.2400#0.0001#-0.0015#0.1013
21.00:11.8004#-0.8799#0.2400#0.0000#-0.0010#0.0986
22.00:11.8773#-0.8850#0.2401#-0.0004#-0.0025#-0.1149
23.00:12.6830#-1.0319#0.2401#-0.0003#-0.0016#-0.1808
24.00:13.8125#-1.2376#0.2400#-0.0002#-0.0011#-0.1794
25.00:14.1236#-1.2866#0.2401#-0.0002#-0.0020#-0.0571
26.00:14.1669#-1.2809#0.2401#-0.0000#-0.0018#0.0375
27.00:14.2064#-1.2972#0.2401#-0.0007#-0.0021#-0.2597
28.00:14.2394#-1.3245#0.2401#-0.0013#-0.0018#-0.5560
29.00:14.2630#-1.3602#0.2401#-0.0017#-0.0014#-0.8500
30.00:14.2752#-1.4011#0.2401#-0.0021#-0.0008#-1.1432
31.00:14.3374#-1.6757#0.2401#-0.0019#-0.0004#-1.3329
32.00:14.5991#-2.7643#0.2400#-0.0015#-0.0003#-1.3355
33.00:14.8102#-3.6348#0.2400#-0.0010#-0.0002#-1.3177
34.00:14.8152#-3.6837#0.2401#-0.0022#-0.0002#-1.4626
35.00:14.8152#-3.6835#0.2401#-0.0022#-0.0002#-1.4626
36.00:14.8152#-3.6834#0.2401#-0.0022#-0.0002#-1.4627
37.00:14.8152#-3.6832#0.2401#-0.0022#-0.0002#-1.4628
38.00:14.8152#-3.6830#0.2401#-0.0021#-0.0002#-1.4628
39.00:14.8151#-3.6828#0.2401#-0.0022#-0.0002#-1.4628
40.00:14.8151#-3.6826#0.2401#-0.0022#-0.0002#-1.4629
41.00:14.8151#-3.6825#0.2401#-0.0022#-0.0002#-1.4629
42.00:14.8151#-3.6823#0.2401#-0.0022#-0.0002#-1.4629
43.00:14.8150#-3.6821#0.2401#-0.0022#-0.0002#-1.4630
44.00:14.8150#-3.6819#0.2401#-0.0022#-0.0002#-1.4631
45.00:14.8157#-3.6880#0.2401#-0.0026#-0.0002#-1.4669
46.00:14.9202#-4.4642#0.2400#-0.0011#-0.0001#-1.4163
47.00:14.9672#-4.7746#0.2401#-0.0020#-0.0001#-1.4882
48.00:14.9575#-4.8054#0.2401#-0.0022#0.0004#-1.7086
49.00:14.9575#-4.8052#0.2401#-0.0022#0.0004#-1.7086
50.00:14.9575#-4.8050#0.2401#-0.0022#0.0004#-1.7087
51.00:14.9575#-4.8048#0.2401#-0.0022#0.0004#-1.7089
52.00:14.9576#-4.8047#0.2401#-0.0022#0.0004#-1.7090
53.00:14.9576#-4.8045#0.2401#-0.0022#0.0004#-1.7090
54.00:14.9576#-4.8043#0.2401#-0.0022#0.0004#-1.7090
55.00:14.9576#-4.8041#0.2401#-0.0022#0.0004#-1.7091
56.00:14.9577#-4.8040#0.2401#-0.0022#0.0004#-1.7091
57.00:14.9577#-4.8038#0.2401#-0.0022#0.0004#-1.7092
58.00:14.9577#-4.8036#0.2401#-0.0022#0.0004#-1.7092
59.00:14.9577#-4.8034#0.2401#-0.0022#0.0004#-1.7092
60.00:14.9578#-4.8032#0.2401#-0.0022#0.0004#-1.7093
61.00:14.9578#-4.8031#0.2401#-0.0022#0.0004#-1.7094
62.00:14.9578#-4.8029#0.2401#-0.0022#0.0004#-1.7094
63.00:14.9579#-4.8027#0.2401#-0.0022#0.0004#-1.7094
64.00:14.9579#-4.8025#0.2401#-0.0022#0.0004#-1.7095
65.00:14.9579#-4.8024#0.2401#-0.0022#0.0004#-1.7095
66.00:14.9580#-4.8022#0.2401#-0.0022#0.0004#-1.7095
67.00:14.9580#-4.8020#0.2401#-0.0022#0.0004#-1.7095
68.00:14.9580#-4.8018#0.2401#-0.0022#0.0004#-1.7095
69.00:14.9580#-4.8017#0.2401#-0.0022#0.0004#-1.7095
70.00:14.9581#-4.8015#0.2401#-0.0022#0.0004#-1.7095
71.00:14.9581#-4.8013#0.2401#-0.0022#0.0004#-1.7096
72.00:14.9581#-4.8011#0.2401#-0.0022#0.0004#-1.7097
73.00:14.9582#-4.8009#0.2401#-0.0022#0.0004#-1.7097
74.00:14.9582#-4.8008#0.2401#-0.0022#0.0004#-1.7098
75.00:14.9582#-4.8006#0.2401#-0.0022#0.0004#-1.7099
76.00:14.9582#-4.8004#0.2401#-0.0022#0.0004#-1.7099
77.00:14.9583#-4.8002#0.2401#-0.0023#0.0004#-1.7099
78.00:14.9583#-4.8000#0.2401#-0.0023#0.0004#-1.7100
79.00:14.9583#-4.7999#0.2401#-0.0023#0.0004#-1.7101
80.00:14.9583#-4.7997#0.2401#-0.0023#0.0004#-1.7102
81.00:14.9584#-4.7995#0.2401#-0.0022#0.0004#-1.7101
82.00:14.9584#-4.7993#0.2401#-0.0022#0.0004#-1.7102
83.00:14.9584#-4.7991#0.2401#-0.0023#0.0004#-1.7101
84.00:14.9584#-4.7989#0.2401#-0.0022#0.0004#-1.7101
85.00:14.9585#-4.7987#0.2401#-0.0022#0.0004#-1.7102
86.00:14.9585#-4.7985#0.2401#-0.0023#0.0004#-1.7103
87.00:14.9585#-4.7984#0.2401#-0.0023#0.0004#-1.7102
88.00:14.9586#-4.7982#0.2401#-0.0023#0.0004#-1.7103
89.00:14.9586#-4.7980#0.2401#-0.0022#0.0004#-1.7104
90.00:14.9586#-4.7979#0.2401#-0.0022#0.0004#-1.7105
91.00:14.9587#-4.7977#0.2401#-0.0023#0.0004#-1.7105
92.00:14.9587#-4.7975#0.2401#-0.0022#0.0004#-1.7107
93.00:14.9587#-4.7972#0.2401#-0.0023#0.0004#-1.7108
94.00:14.9588#-4.7971#0.2401#-0.0023#0.0004#-1.7108
95.00:14.9588#-4.7969#0.2401#-0.0023#0.0004#-1.7108
96.00:14.9588#-4.7967#0.2401#-0.0023#0.0004#-1.7109
97.00:14.9588#-4.7966#0.2401#-0.0023#0.0004#-1.7110
98.00:14.9588#-4.7964#0.2401#-0.0023#0.0004#-1.7111
99.00:14.9589#-4.7962#0.2401#-0.0023#0.0004#-1.7111
100.00:14.9589#-4.7960#0.2401#-0.0023#0.0004#-1.7111
101.00:14.9589#-4.7958#0.2401#-0.0023#0.0004#-1.7113
102.00:14.9590#-4.7956#0.2401#-0.0023#0.0004#-1.7113
103.00:14.9590#-4.7955#0.2401#-0.0023#0.0004#-1.7113
104.00:14.9590#-4.7953#0.2401#-0.0023#0.0004#-1.7114
105.00:14.9591#-4.7951#0.2401#-0.0023#0.0004#-1.7114
106.00:14.9591#-4.7949#0.2401#-0.0023#0.0004#-1.7114
107.00:14.9591#-4.7947#0.2401#-0.0023#0.0004#-1.7114
108.00:14.9592#-4.7945#0.2401#-0.0023#0.0004#-1.7115
109.00:14.9592#-4.7943#0.2401#-0.0023#0.0004#-1.7115
110.00:14.9592#-4.7941#0.2401#-0.0023#0.0004#-1.7116
111.00:14.9592#-4.7939#0.2401#-0.0023#0.0004#-1.7116
112.00:14.9592#-4.7938#0.2401#-0.0023#0.0004#-1.7116
113.00:14.9593#-4.7936#0.2401#-0.0023#0.0004#-1.7116
114.00:14.9593#-4.7934#0.2401#-0.0023#0.0004#-1.7116
115.00:14.9593#-4.7933#0.2401#-0.0023#0.0004#-1.7117
116.00:14.9593#-4.7931#0.2401#-0.0023#0.0004#-1.7118
117.00:14.9594#-4.7929#0.2401#-0.0023#0.0004#-1.7119
118.00:14.9594#-4.7927#0.2401#-0.0023#0.0004#-1.7119