
1.00:0.2653#-1.1873#0.2401#-0.0001#-0.0023#-0.0001
2.00:0.2653#-1.1874#0.2401#-0.0001#-0.0023#-0.0001
3.00:0.2652#-1.1874#0.2401#-0.0001#-0.0021#-0.0001
4.00:0.2651#-1.1874#0.2401#-0.0001#-0.0022#-0.0001
5.00:0.2650#-1.1874#0.2401#-0.0001#-0.0022#-0.0001
6.00:0.2650#-1.1874#0.2401#-0.0001#-0.0020#-0.0002
7.00:0.3339#-1.1875#0.2401#-0.0001#-0.0031#-0.0026
8.00:0.9777#-0.9111#0.2400#0.0002#-0.0004#0.8030
9.00:1.0362#-0.8464#0.2401#0.0015#-0.0017#0.7759
10.00:1.0776#-0.8319#0.2401#0.0009#-0.0020#0.4716
11.00:1.1220#-0.8303#0.2401#0.0002#-0.0022#0.1689
12.00:1.1745#-0.8421#0.2401#-0.0003#-0.0024#-0.1174
13.00:2.0309#-0.9692#0.2400#-0.0003#-0.0015#-0.1401
14.00:2.8688#-1.3365#0.2401#-0.0015#-0.0005#-1.1915
15.00:2.5847#-1.5098#0.2400#0.0007#0.0013#2.7431
16.00:2.5197#-1.4462#0.2401#0.0017#0.0014#2.3171
17.00:2.5065#-1.4055#0.2401#0.0020#0.0008#2.0176
18.00:2.5061#-1.3630#0.2401#0.0022#0.0002#1.7204
19.00:2.5182#-1.3221#0.2401#0.0022#-0.0005#1.4207
20.00:2.5424#-1.2848#0.2401#0.0019#-0.0010#1.1230
21.00:2.5763#-1.2559#0.2401#0.0016#-0.0016#0.8281
22.00:2.6171#-1.2387#0.2401#0.0010#-0.0019#0.5312
23.00:2.6619#-1.2336#0.2401#0.0004#-0.0021#0.2354
24.00:2.7385#-1.2410#0.2401#-0.0002#-0.0025#-0.0388
25.00:3.6877#-1.2856#0.2400#-0.0002#-0.0016#-0.0450
26.00:4.8517#-1.3379#0.2400#-0.0001#-0.0015#-0.0446
27.00:6.0166#-1.3901#0.2400#-0.0001#-0.0015#-0.0447
28.00:7.1816#-1.4417#0.2401#-0.0002#-0.0018#-0.0444
29.00:8.3464#-1.4934#0.2401#-0.0001#-0.0015#-0.0442
30.00:9.5149#-1.5452#0.2400#-0.0001#-0.0014#-0.0443
31.00:10.1461#-1.5707#0.2400#-0.0001#-0.0016#-0.0129
32.00:10.1972#-1.5524#0.2401#0.0005#-0.0021#0.2740
33.00:10.2401#-1.5206#0.2401#0.0011#-0.0019#0.5572
34.00:10.3594#-1.2987#0.2401#0.0019#-0.0003#1.4494
35.00:9.9667#-1.2741#0.2400#-0.0017#0.0006#-1.8930
36.00:10.3682#-1.3174#0.2400#0.0016#-0.0004#1.3161
37.00:9.9753#-1.3093#0.2400#-0.0018#0.0003#-1.7537
38.00:10.3770#-1.2995#0.2400#0.0015#-0.0002#1.4429
39.00:9.9867#-1.3455#0.2400#-0.0018#0.0001#-1.6181
40.00:10.3975#-1.2776#0.2400#0.0016#-0.0002#1.4798
41.00:9.9143#-1.0672#0.2400#-0.0015#0.0009#-2.1410
42.00:10.2928#-1.2136#0.2400#0.0015#-0.0009#1.0487
43.00:9.9166#-1.1042#0.2400#-0.0014#0.0006#-2.0250
44.00:10.3080#-1.2036#0.2400#0.0013#-0.0005#1.1711
45.00:9.9921#-0.9890#0.2400#-0.0004#0.0015#-2.8427
46.00:9.9098#-1.0203#0.2401#-0.0004#0.0021#-2.8787
47.00:9.8681#-1.0130#0.2401#0.0002#0.0022#3.1050
48.00:9.8294#-0.9934#0.2401#0.0008#0.0020#2.8042
49.00:9.7985#-0.9631#0.2401#0.0014#0.0017#2.5026
50.00:9.7778#-0.9251#0.2401#0.0018#0.0012#2.2028
51.00:9.7692#-0.8826#0.2401#0.0021#0.0006#1.9031
52.00:9.7735#-0.8395#0.2401#0.0022#-0.0000#1.6038
53.00:9.7900#-0.7997#0.2401#0.0021#-0.0007#1.3080
54.00:9.8174#-0.7669#0.2401#0.0017#-0.0012#1.0159
55.00:9.8296#-0.7573#0.2401#0.0017#-0.0015#0.9091
56.00:9.8683#-0.7374#0.2401#0.0012#-0.0019#0.6079
57.00:10.0589#-0.6635#0.2401#0.0007#-0.0018#0.4038
58.00:11.0607#-0.1975#0.2400#0.0006#-0.0013#0.4385
59.00:12.1181#0.2980#0.2400#0.0004#-0.0011#0.4381
60.00:12.5813#0.5145#0.2400#0.0006#-0.0015#0.4270
61.00:12.5813#0.5145#0.2400#0.0005#-0.0013#0.4269
62.00:12.5813#0.5145#0.2400#0.0005#-0.0013#0.4269
63.00:12.5408#0.4964#0.2401#0.0006#-0.0021#0.3384
64.00:12.5350#0.5027#0.2401#0.0007#-0.0021#0.3406
65.00:12.5143#0.5187#0.2401#0.0007#-0.0023#0.3262
66.00:12.3094#0.4889#0.2401#-0.0007#-0.0025#-0.2634
67.00:12.3092#0.4890#0.2401#-0.0007#-0.0023#-0.2641
68.00:12.3092#0.4891#0.2401#-0.0006#-0.0021#-0.2641
69.00:12.0402#0.5695#0.2401#-0.0026#-0.0012#-1.1017
70.00:12.0401#0.5696#0.2401#-0.0026#-0.0012#-1.1017
71.00:12.0400#0.5698#0.2401#-0.0026#-0.0012#-1.1018
72.00:12.0399#0.5700#0.2401#-0.0026#-0.0012#-1.1018
73.00:12.0398#0.5701#0.2401#-0.0026#-0.0012#-1.1019
74.00:11.6826#0.6271#0.2399#0.0029#0.0001#-1.5637
75.00:11.6828#0.6287#0.2401#-0.0027#0.0000#-1.5537
76.00:11.6828#0.6289#0.2401#-0.0027#0.0000#-1.5537
77.00:11.6828#0.6291#0.2401#-0.0027#0.0000#-1.5537
78.00:11.6828#0.6293#0.2401#-0.0027#0.0000#-1.5537
79.00:11.6828#0.6295#0.2401#-0.0027#0.0000#-1.5537
80.00:11.6828#0.6296#0.2401#-0.0027#0.0000#-1.5538
81.00:11.6828#0.6298#0.2401#-0.0027#0.0000#-1.5539
82.00:11.6741#0.6060#0.2401#-0.0020#0.0004#-1.7262
83.00:11.6508#0.5706#0.2401#-0.0019#0.0011#-2.0206
84.00:11.6180#0.5434#0.2401#-0.0015#0.0016#-2.3151
85.00:11.5782#0.5271#0.2401#-0.0010#0.0019#-2.6123
86.00:11.5355#0.5228#0.2401#-0.0004#0.0021#-2.9091
87.00:11.4202#0.5317#0.2401#0.0002#0.0020#3.1025
88.00:10.3970#0.5767#0.2401#0.0001#0.0017#3.0974
89.00:9.2305#0.6281#0.2400#0.0001#0.0011#3.0977
90.00:8.8192#0.6390#0.2401#-0.0001#0.0020#-3.0820
91.00:8.5356#0.5713#0.2401#-0.0003#0.0018#-2.9330
92.00:7.4145#0.3590#0.2400#-0.0002#0.0014#-2.9552
93.00:6.2691#0.1429#0.2400#-0.0002#0.0015#-2.9548
94.00:5.1200#-0.0743#0.2400#-0.0003#0.0016#-2.9548
95.00:3.9745#-0.2909#0.2400#-0.0002#0.0015#-2.9545
96.00:2.8290#-0.5080#0.2400#-0.0002#0.0015#-2.9535
97.00:1.6799#-0.7265#0.2400#-0.0002#0.0014#-2.9539
98.00:0.9999#-0.8628#0.2400#-0.0003#0.0015#-2.9001
99.00:0.9560#-0.8564#0.2401#0.0002#0.0022#3.1026
100.00:0.3651#-0.7760#0.2400#0.0003#0.0014#3.0119
101.00:-0.7908#-0.6255#0.2400#0.0002#0.0015#3.0121
102.00:-1.8585#-0.4885#0.2400#0.0002#0.0010#3.0193
103.00:-1.9956#-0.4734#0.2400#0.0002#0.0016#3.0429