
1.00:hum1:-5.5750#-1.5000#0.8025#-0.0000#0.0000#-0.0000
2.00:hum1:-5.5750#-1.5000#0.8025#-0.0000#0.0000#-0.0000
3.00:hum1:-5.5750#-1.5000#0.8025#-0.0000#0.0000#-0.0000
4.00:hum1:-5.5750#-1.5000#0.8025#-0.0000#0.0000#-0.0000
5.00:hum1:-5.5750#-1.5000#0.8025#-0.0000#0.0000#-0.0000
6.00:hum1:-5.5750#-1.5000#0.8025#-0.0000#0.0000#-0.0000
7.00:hum1:-5.5750#-1.5000#0.8025#-0.0000#0.0000#-0.0000
8.00:hum1:-5.5750#-1.5000#0.8025#-0.0000#0.0000#-0.0000
9.00:hum1:-5.5750#-1.5000#0.8025#-0.0000#0.0000#-0.0000
10.00:hum1:-5.5750#-1.5000#0.8025#-0.0000#0.0000#-0.0000
11.00:hum1:-5.5750#-1.5000#0.8025#-0.0000#0.0000#-0.0000
12.00:hum1:-5.5750#-1.5000#0.8025#-0.0000#0.0000#-0.0000
13.00:hum1:-5.5750#-1.5000#0.8025#-0.0000#0.0000#-0.0000
14.00:hum1:-5.4995#-1.5162#0.8067#0.0261#0.1538#-0.1687
15.00:hum1:-4.2348#-1.7602#0.8273#-0.0851#-0.3310#-0.2563
16.00:hum1:-3.8382#-1.8582#0.9597#-0.4282#-1.0338#-0.4880
17.00:hum1:-3.7758#-1.8736#0.9413#-0.3610#-0.9601#-0.4315
18.00:hum1:-3.7675#-1.8756#0.8721#-0.1832#-0.6350#-0.3024
19.00:hum1:-3.3585#-1.9766#0.8044#-0.0017#-0.0070#-0.2421
20.00:hum1:-2.1015#-2.2870#0.8618#-0.1612#-0.5757#-0.2898
21.00:hum1:-0.8177#-2.6040#0.9598#-0.4286#-1.0342#-0.4883
22.00:hum1:0.3163#-2.8839#0.8721#-0.1832#-0.6350#-0.3024
23.00:hum1:0.5637#-1.5244#0.8102#0.1104#-0.0021#1.5518
24.00:hum1:0.3133#-0.8246#0.8171#0.1166#0.2452#-0.4491
25.00:hum1:1.5282#-1.2422#0.8204#0.0139#0.3321#-0.0424
26.00:hum1:2.8746#-1.3077#0.8044#-0.0003#-0.0072#-0.0414
27.00:hum1:4.1533#-1.4040#0.8618#-0.0610#-0.5926#-0.1086
28.00:hum1:4.5389#-1.4388#0.8721#-0.0695#-0.6542#-0.1136
29.00:hum1:4.4561#-1.4312#0.8116#0.0178#0.1938#-0.0918
30.00:hum1:5.5943#-1.5341#0.9191#-0.1136#-0.8964#-0.1446
31.00:hum1:5.5780#-1.5326#0.8496#-0.0511#-0.5137#-0.1034
32.00:hum1:6.0516#-1.5753#0.8069#-0.0074#-0.0818#-0.0903
33.00:hum1:7.3406#-1.6917#0.8763#-0.0731#-0.6789#-0.1158
34.00:hum1:8.6557#-1.8104#0.9597#-0.1699#-1.0791#-0.1919
35.00:hum1:9.7674#-1.9108#0.8496#-0.0511#-0.5137#-0.1034
36.00:hum1:10.7669#-2.0010#0.8071#0.0007#0.0080#-0.0900
37.00:hum1:11.8583#-2.0994#0.8215#0.0295#0.3145#-0.0947
38.00:hum1:13.1048#-2.2120#0.8161#0.0280#0.3000#-0.0943
39.00:hum1:14.4304#-2.3317#0.8069#-0.0074#-0.0818#-0.0903
40.00:hum1:15.7707#-2.0374#0.8763#0.1874#-0.6599#0.3004
41.00:hum1:17.0545#-1.7288#0.9597#0.4180#-1.0366#0.4767
42.00:hum1:18.1271#-1.1329#0.8496#0.4376#-0.2827#1.0335
43.00:hum1:18.4630#-0.0974#0.8071#-0.0079#0.0015#1.3864
44.00:hum1:18.6639#0.9798#0.8215#-0.3108#0.0571#1.3953
45.00:hum1:18.8935#2.2102#0.8161#-0.2964#0.0545#1.3945
46.00:hum1:19.1376#3.5185#0.8069#0.0808#-0.0151#1.3870
47.00:hum1:19.2314#4.0213#0.9597#1.0797#-0.1633#1.4844
48.00:hum1:18.3750#4.6735#0.4025#0.0000#0.0000#-1.5700
49.00:hum1:18.3750#4.6735#0.4025#0.0000#0.0000#-1.5700
50.00:hum1:18.3750#4.6735#0.4025#0.0000#0.0000#-1.5700
51.00:hum1:18.3750#4.6735#0.4025#0.0000#0.0000#-1.5700
52.00:hum1:18.3750#4.6735#0.4025#0.0000#0.0000#-1.5700
53.00:hum1:18.3750#4.6735#0.4025#0.0000#0.0000#-1.5700
54.00:hum1:18.3750#4.6735#0.4025#0.0000#0.0000#-1.5700
55.00:hum1:18.3750#4.6735#0.4025#0.0000#0.0000#-1.5700
56.00:hum1:18.3750#4.6735#0.4025#0.0000#0.0000#-1.5700
57.00:hum1:18.3750#4.6735#0.4025#0.0000#0.0000#-1.5700
58.00:hum1:18.3750#4.6735#0.4025#0.0000#0.0000#-1.5700
59.00:hum1:18.3750#4.6735#0.4025#0.0000#0.0000#-1.5700
60.00:hum1:18.3750#4.6735#0.4025#0.0000#0.0000#-1.5700
61.00:hum1:18.3750#4.6735#0.4025#0.0000#0.0000#-1.5700
62.00:hum1:18.3750#4.6735#0.4025#0.0000#0.0000#-1.5700
63.00:hum1:18.3480#3.9437#0.8374#-0.4241#0.0414#-1.6620
64.00:hum1:18.2443#2.9589#0.8081#0.1277#-0.0095#-1.6445
65.00:hum1:18.1438#1.8291#0.8281#0.3699#-0.0297#-1.6469
66.00:hum1:17.7731#0.7538#0.8120#0.2303#-0.1423#-2.1146
67.00:hum1:17.2968#-0.1376#0.8044#-0.0021#0.0069#-2.8406
68.00:hum1:17.0416#-0.4019#0.8466#-0.4316#0.2495#-2.0626
69.00:hum1:16.0782#-0.5374#0.9377#-0.1045#0.9852#-3.0160
70.00:hum1:14.8686#-0.5576#0.9191#0.0387#0.9010#3.0925
71.00:hum1:14.7531#-0.5542#0.8204#-0.0106#-0.3323#3.1094
72.00:hum1:14.6280#-0.5504#0.8120#-0.0085#-0.2699#3.1101
73.00:hum1:14.4096#-0.5438#0.8069#0.0025#0.0821#3.1111
74.00:hum1:13.4045#-0.5132#0.8044#0.0002#0.0072#3.1112
75.00:hum1:12.6724#-1.3067#0.8618#-0.5225#-0.2998#-1.0966
76.00:hum1:12.6145#-2.2715#0.9598#-1.0563#0.3335#-1.7534
77.00:hum1:12.4029#-3.4763#0.8721#-0.6524#0.0875#-1.6843
78.00:hum1:13.4926#-2.7662#0.8102#0.0885#-0.0660#0.9318
79.00:hum1:13.6358#-1.9213#0.8171#0.2673#-0.0452#-1.7339
80.00:hum1:13.4587#-3.1445#0.8204#0.3321#-0.0140#-1.6110
81.00:hum1:13.3560#-4.4761#0.8044#-0.0072#0.0006#-1.6611
82.00:hum1:13.1455#-5.7297#0.8618#-0.5877#0.1018#-1.7218
83.00:hum1:13.1074#-5.9368#0.9377#-0.9811#0.1519#-1.6714
84.00:hum1:13.0886#-6.0388#0.9597#-1.0799#0.1611#-1.6560
85.00:hum1:13.0770#-6.1021#0.9413#-0.9970#0.1535#-1.6690
86.00:hum1:13.0187#-6.4195#0.8067#0.1535#-0.0282#-1.7505
87.00:hum1:12.8403#-7.3894#0.8120#0.2658#-0.0484#-1.7462
88.00:hum1:12.6951#-8.1790#0.8721#-0.6493#0.1109#-1.7153
89.00:hum1:12.6987#-8.1595#0.8168#-0.2220#0.0405#-1.7482
90.00:hum1:12.7053#-8.1237#0.8071#0.0079#-0.0015#-1.7527
91.00:hum1:12.7102#-8.0972#0.8116#0.1915#-0.0351#-1.7493
92.00:hum1:12.7102#-8.0972#0.8116#0.1915#-0.0351#-1.7493
93.00:hum1:12.7102#-8.0972#0.8116#0.1915#-0.0351#-1.7493
94.00:hum1:12.7102#-8.0972#0.8116#0.1915#-0.0351#-1.7493
95.00:hum1:12.7102#-8.0972#0.8116#0.1915#-0.0351#-1.7493
96.00:hum1:12.7102#-8.0972#0.8116#0.1915#-0.0351#-1.7493
97.00:hum1:12.7102#-8.0972#0.8116#0.1915#-0.0351#-1.7493
98.00:hum1:12.7007#-8.1488#0.8171#0.2667#-0.0485#-1.7462
99.00:hum1:12.6934#-8.1883#0.8281#0.3654#-0.0657#-1.7405
100.00:hum1:12.6784#-8.2703#0.8244#0.3581#-0.0645#-1.7410
101.00:hum1:12.6611#-8.3638#0.8161#0.2965#-0.0538#-1.7447
102.00:hum1:12.6383#-8.4880#0.8067#0.1535#-0.0282#-1.7505
103.00:hum1:12.6189#-8.5933#0.8044#-0.0071#0.0013#-1.7527
104.00:hum1:12.5827#-8.7898#0.8466#-0.4876#0.0861#-1.7312
105.00:hum1:13.0595#-8.5210#0.8763#0.6745#0.1111#1.7090
106.00:hum1:12.9906#-8.1364#0.8267#-0.3675#-0.0641#1.7360
107.00:hum1:12.7975#-7.0581#0.8244#-0.3584#-0.0626#1.7366
108.00:hum1:12.7586#-6.8403#0.8067#-0.1536#-0.0273#1.7458
109.00:hum1:12.7397#-6.7349#0.8044#0.0071#0.0013#1.7479
110.00:hum1:12.7250#-6.6526#0.8115#0.1595#0.0284#1.7457
111.00:hum1:12.7045#-6.5382#0.8466#0.4880#0.0836#1.7271
112.00:hum1:12.6889#-6.4507#0.8763#0.6745#0.1111#1.7090
113.00:hum1:12.6704#-6.3476#0.9141#0.8706#0.1358#1.6847
114.00:hum1:12.6363#-6.1570#0.9484#1.0301#0.1520#1.6618
115.00:hum1:12.6272#-6.1064#0.9191#0.8939#0.1384#1.6816
116.00:hum1:12.6301#-6.1225#0.8496#0.5093#0.0869#1.7253
117.00:hum1:12.6307#-6.1257#0.8262#0.3240#0.0568#1.7387
118.00:hum1:12.6351#-6.1504#0.8102#0.1087#0.0194#1.7469
119.00:hum1:12.6414#-6.1861#0.8153#-0.2433#-0.0430#1.7427
120.00:hum1:12.6307#-6.1263#0.8215#-0.3112#-0.0547#1.7394
121.00:hum1:12.6199#-6.0661#0.8267#-0.3675#-0.0641#1.7360
122.00:hum1:12.6068#-5.9927#0.8204#-0.3276#-0.0574#1.7384
123.00:hum1:12.5847#-5.8695#0.8120#-0.2660#-0.0469#1.7417
124.00:hum1:12.5624#-5.7448#0.8048#-0.0573#-0.0102#1.7477
125.00:hum1:12.5632#-5.6418#0.8273#0.3363#-0.0599#1.4016
126.00:hum1:12.5788#-5.5460#0.8618#0.5888#-0.0940#1.4315
127.00:hum1:12.1064#-5.8714#0.8908#-0.7536#-0.1261#-1.4372