
1.00:hum1:-0.2750#-0.5250#0.8025#-0.0000#0.0000#-0.0000
2.00:hum1:-0.2750#-0.5250#0.8025#-0.0000#0.0000#-0.0000
3.00:hum1:-0.2750#-0.5250#0.8025#-0.0000#0.0000#-0.0000
4.00:hum1:-0.2750#-0.5250#0.8025#-0.0000#0.0000#-0.0000
5.00:hum1:-0.2750#-0.5250#0.8025#-0.0000#0.0000#-0.0000
6.00:hum1:-0.2093#-0.5438#0.8067#0.0318#0.1528#-0.2058
7.00:hum1:0.9181#-0.7115#0.8025#0.0000#0.0000#-0.1011
8.00:hum1:4.0878#-0.9508#0.8025#0.0000#0.0000#-0.0434
9.00:hum1:5.8801#-1.1014#0.9377#-0.0532#-0.9878#-0.0634
10.00:hum1:8.7827#-1.3237#0.8763#-0.0166#-0.6820#-0.0260
11.00:hum1:12.2640#-1.4208#0.8071#-0.0001#0.0080#0.0144
12.00:hum1:13.3196#-3.3740#0.8262#-0.3236#-0.0594#-1.3954
13.00:hum1:16.0079#-3.0123#0.8721#0.3878#-0.5451#0.6676
14.00:hum1:16.8539#-2.4844#0.8025#-0.0000#0.0000#0.5579
15.00:hum1:16.9557#-2.4208#0.8025#-0.0000#0.0000#0.5579
16.00:hum1:17.1593#-2.2938#0.8025#-0.0000#0.0000#0.5579
17.00:hum1:17.7277#-1.9390#0.8116#-0.1039#0.1648#0.5665
18.00:hum1:18.7442#1.0122#0.8102#0.1097#-0.0119#1.4633
19.00:hum1:18.8431#4.3538#0.9597#1.0867#-0.0200#1.5606
20.00:hum1:18.8431#4.3568#0.8374#0.4259#-0.0093#1.5505
21.00:hum1:18.3750#4.6735#0.4025#0.0000#0.0000#-1.5700
22.00:hum1:18.3750#4.6735#0.4025#0.0000#0.0000#-1.5700
23.00:hum1:18.3750#4.6735#0.4025#0.0000#0.0000#-1.5700
24.00:hum1:18.3750#4.6735#0.4025#0.0000#0.0000#-1.5700
25.00:hum1:18.3750#4.6735#0.4025#0.0000#0.0000#-1.5700
26.00:hum1:18.3750#4.6735#0.4025#0.0000#0.0000#-1.5700
27.00:hum1:18.3750#4.6735#0.4025#0.0000#0.0000#-1.5700
28.00:hum1:18.3750#4.6735#0.4025#0.0000#0.0000#-1.5700
29.00:hum1:18.3750#4.6735#0.4025#0.0000#0.0000#-1.5700
30.00:hum1:18.3750#4.6735#0.4025#0.0000#0.0000#-1.5700
31.00:hum1:18.3750#4.6735#0.4025#0.0000#0.0000#-1.5700
32.00:hum1:18.3750#4.6735#0.4025#0.0000#0.0000#-1.5700
33.00:hum1:18.3750#4.6735#0.4025#0.0000#0.0000#-1.5700
34.00:hum1:18.3750#4.6735#0.4025#0.0000#0.0000#-1.5700
35.00:hum1:18.3750#4.6735#0.4025#0.0000#0.0000#-1.5700
36.00:hum1:18.3750#4.6735#0.4025#0.0000#0.0000#-1.5700
37.00:hum1:18.3750#4.6735#0.4025#0.0000#0.0000#-1.5700
38.00:hum1:18.3750#4.6735#0.4025#0.0000#0.0000#-1.5700
39.00:hum1:18.3750#4.6735#0.4025#0.0000#0.0000#-1.5700
40.00:hum1:18.3750#4.6735#0.4025#0.0000#0.0000#-1.5700
41.00:hum1:18.3750#4.1706#0.8116#0.1946#0.0001#-1.5700
42.00:hum1:18.1454#1.0745#0.9191#-0.9015#0.0132#-1.5809
43.00:hum1:16.4978#-1.4492#0.9597#-1.0072#0.5134#-1.8714
44.00:hum1:14.9313#-3.8136#0.9141#-0.8020#0.4074#-1.9365
45.00:hum1:14.3063#-4.9603#0.8721#-0.5411#0.3935#-2.1384
46.00:hum1:14.2763#-4.9980#0.8281#0.2944#-0.2291#-2.2134
47.00:hum1:14.1597#-5.1431#0.8025#0.0000#-0.0000#-2.2475
48.00:hum1:14.1597#-5.1431#0.8025#0.0000#-0.0000#-2.2475
49.00:hum1:14.1597#-5.1431#0.8025#0.0000#-0.0000#-2.2475
50.00:hum1:14.1597#-5.1431#0.8025#0.0000#-0.0000#-2.2475
51.00:hum1:14.1597#-5.1431#0.8025#0.0000#-0.0000#-2.2475
52.00:hum1:14.1597#-5.1431#0.8025#0.0000#-0.0000#-2.2475
53.00:hum1:14.1597#-5.1431#0.8025#0.0000#-0.0000#-2.2475
54.00:hum1:14.1597#-5.1431#0.8025#0.0000#-0.0000#-2.2475
55.00:hum1:14.1597#-5.1431#0.8025#0.0000#-0.0000#-2.2475
56.00:hum1:14.1597#-5.1431#0.8025#0.0000#-0.0000#-2.2475
57.00:hum1:14.1597#-5.1431#0.8025#0.0000#-0.0000#-2.2475
58.00:hum1:14.1597#-5.1431#0.8025#0.0000#-0.0000#-2.2475