
1.00:hum1:-0.2750#-0.5250#0.8025#-0.0000#0.0000#-0.0000
2.00:hum1:-0.2750#-0.5250#0.8025#-0.0000#0.0000#-0.0000
3.00:hum1:-0.2750#-0.5250#0.8025#-0.0000#0.0000#-0.0000
4.00:hum1:-0.2750#-0.5250#0.8025#-0.0000#0.0000#-0.0000
5.00:hum1:-0.2750#-0.5250#0.8025#-0.0000#0.0000#-0.0000
6.00:hum1:-0.2750#-0.5250#0.8025#-0.0000#0.0000#-0.0000
7.00:hum1:0.4705#-0.6840#0.9484#-0.3297#-1.0030#-0.3852
8.00:hum1:1.5082#-0.7876#0.9597#-0.2268#-1.0729#-0.2565
9.00:hum1:2.3162#-0.8861#0.8025#0.0000#0.0000#-0.1213
10.00:hum1:5.5659#-1.1241#0.8171#0.0090#0.2709#-0.0333
11.00:hum1:8.8102#-1.3432#0.8081#0.0025#0.1280#-0.0191
12.00:hum1:12.3338#-1.4323#0.8115#0.0038#-0.1619#0.0237
13.00:hum1:14.1672#-2.1592#0.8048#0.0581#0.0030#-1.5184
14.00:hum1:14.0219#-4.5931#0.8161#0.3012#0.0011#-1.5671
15.00:hum1:14.0243#-5.2390#0.9141#-0.8784#-0.0028#-1.5682
16.00:hum1:14.0252#-5.4577#0.9191#-0.9016#-0.0028#-1.5682
17.00:hum1:14.0246#-5.2919#0.8025#0.0000#-0.0000#-1.5669
18.00:hum1:14.0246#-5.2919#0.8025#0.0000#-0.0000#-1.5669
19.00:hum1:14.0246#-5.2919#0.8025#0.0000#-0.0000#-1.5669
20.00:hum1:14.0246#-5.2919#0.8025#0.0000#-0.0000#-1.5669
21.00:hum1:14.0246#-5.2919#0.8025#0.0000#-0.0000#-1.5669
22.00:hum1:14.0246#-5.2919#0.8025#0.0000#-0.0000#-1.5669
23.00:hum1:14.0246#-5.2919#0.8025#0.0000#-0.0000#-1.5669
24.00:hum1:14.0246#-5.2919#0.8025#0.0000#-0.0000#-1.5669
25.00:hum1:14.0246#-5.2919#0.8025#0.0000#-0.0000#-1.5669
26.00:hum1:14.0246#-5.2919#0.8025#0.0000#-0.0000#-1.5669
27.00:hum1:14.0246#-5.2919#0.8025#0.0000#-0.0000#-1.5669
28.00:hum1:14.0246#-5.2919#0.8025#0.0000#-0.0000#-1.5669
29.00:hum1:14.0246#-5.2919#0.8025#0.0000#-0.0000#-1.5669
30.00:hum1:14.0246#-5.2919#0.8025#0.0000#-0.0000#-1.5669
31.00:hum1:14.0246#-5.2919#0.8025#0.0000#-0.0000#-1.5669
32.00:hum1:14.0246#-5.2919#0.8025#0.0000#-0.0000#-1.5669
33.00:hum1:14.0246#-5.2919#0.8025#0.0000#-0.0000#-1.5669