
1.00:-4.8097#-1.1623#0.2401#-0.0001#-0.0023#-0.0000
2.00:-4.8099#-1.1623#0.2401#-0.0001#-0.0025#-0.0001
3.00:-4.8100#-1.1623#0.2401#-0.0001#-0.0024#-0.0001
4.00:-4.8100#-1.1623#0.2401#-0.0001#-0.0022#-0.0001
5.00:-4.8102#-1.1623#0.2401#-0.0001#-0.0025#-0.0002
6.00:-4.8103#-1.1623#0.2401#-0.0001#-0.0023#-0.0002
7.00:-4.8104#-1.1623#0.2401#-0.0001#-0.0025#-0.0002
8.00:-4.8105#-1.1623#0.2401#-0.0001#-0.0025#-0.0001
9.00:-4.8106#-1.1623#0.2401#-0.0001#-0.0023#-0.0002
10.00:-4.8106#-1.1624#0.2401#-0.0001#-0.0021#-0.0002
11.00:-4.7933#-1.1624#0.2402#-0.0001#-0.0033#-0.0005
12.00:-4.0789#-0.9062#0.2401#0.0018#-0.0021#0.7127
13.00:-3.8967#-0.6901#0.2401#0.0016#-0.0013#0.9307
14.00:-3.8854#-0.7005#0.2401#0.0012#-0.0019#0.6205
15.00:-3.8776#-0.7136#0.2401#0.0006#-0.0021#0.3125
16.00:-3.8737#-0.7285#0.2401#-0.0001#-0.0022#0.0061
17.00:-3.7717#-0.7659#0.2401#-0.0006#-0.0019#-0.2405
18.00:-2.7343#-0.9908#0.2401#-0.0005#-0.0017#-0.2093
19.00:-1.5938#-1.2326#0.2401#-0.0005#-0.0018#-0.2089
20.00:-0.7624#-1.4074#0.2400#-0.0003#-0.0011#-0.2048
21.00:-0.6480#-1.4051#0.2401#0.0000#-0.0024#0.0311
22.00:0.2705#-1.3528#0.2401#-0.0000#-0.0014#0.0514
23.00:1.0098#-1.3128#0.2400#0.0000#-0.0012#0.0653
24.00:1.0103#-1.3128#0.2401#0.0000#-0.0016#0.0664
25.00:1.0102#-1.3128#0.2401#0.0000#-0.0017#0.0664
26.00:1.0101#-1.3129#0.2401#0.0000#-0.0017#0.0664
27.00:1.0100#-1.3129#0.2401#0.0000#-0.0017#0.0664
28.00:1.0100#-1.3129#0.2401#0.0000#-0.0017#0.0664
29.00:1.0099#-1.3129#0.2401#0.0000#-0.0016#0.0664
30.00:1.0098#-1.3129#0.2401#0.0000#-0.0017#0.0664
31.00:1.0097#-1.3129#0.2401#0.0000#-0.0017#0.0664
32.00:1.0095#-1.3129#0.2401#0.0000#-0.0017#0.0664
33.00:1.0095#-1.3130#0.2401#0.0000#-0.0016#0.0664
34.00:1.0093#-1.3130#0.2401#0.0000#-0.0017#0.0664
35.00:1.0093#-1.3130#0.2401#0.0000#-0.0016#0.0664
36.00:1.0091#-1.3130#0.2401#0.0000#-0.0017#0.0663
37.00:1.0090#-1.3130#0.2401#0.0000#-0.0018#0.0663
38.00:1.0090#-1.3130#0.2401#0.0000#-0.0016#0.0663
39.00:1.0089#-1.3131#0.2401#0.0000#-0.0016#0.0662
40.00:1.0087#-1.3131#0.2401#0.0001#-0.0018#0.0662
41.00:1.0086#-1.3131#0.2401#0.0000#-0.0017#0.0662
42.00:1.0085#-1.3131#0.2401#0.0000#-0.0016#0.0661
43.00:1.0084#-1.3131#0.2401#0.0000#-0.0017#0.0661
44.00:1.0083#-1.3131#0.2401#0.0000#-0.0016#0.0660
45.00:1.4868#-1.2904#0.2401#0.0000#-0.0017#0.0343
46.00:2.6521#-1.2503#0.2401#-0.0000#-0.0015#0.0344
47.00:3.8172#-1.2102#0.2401#0.0000#-0.0015#0.0347
48.00:4.9819#-1.1694#0.2401#0.0000#-0.0016#0.0358
49.00:6.1508#-1.1277#0.2400#0.0001#-0.0013#0.0358
50.00:6.6624#-1.1084#0.2401#0.0000#-0.0020#0.0457
51.00:6.6624#-1.1084#0.2401#-0.0000#-0.0014#0.0458
52.00:6.6623#-1.1084#0.2401#-0.0000#-0.0015#0.0457
53.00:6.6622#-1.1084#0.2401#-0.0000#-0.0014#0.0457
54.00:6.6621#-1.1084#0.2401#-0.0000#-0.0014#0.0456
55.00:6.6621#-1.1084#0.2401#-0.0000#-0.0015#0.0456
56.00:6.6620#-1.1084#0.2401#0.0000#-0.0015#0.0456
57.00:6.6619#-1.1084#0.2401#-0.0000#-0.0015#0.0456
58.00:6.6618#-1.1084#0.2401#0.0000#-0.0015#0.0456
59.00:6.6618#-1.1084#0.2401#-0.0000#-0.0015#0.0456
60.00:6.6617#-1.1084#0.2401#-0.0000#-0.0015#0.0456
61.00:6.6617#-1.1084#0.2401#-0.0000#-0.0014#0.0456
62.00:6.6616#-1.1084#0.2401#-0.0000#-0.0014#0.0456
63.00:6.6616#-1.1084#0.2401#-0.0000#-0.0014#0.0456
64.00:6.6615#-1.1084#0.2401#-0.0000#-0.0014#0.0456
65.00:7.0860#-1.0944#0.2401#-0.0000#-0.0022#0.0234
66.00:8.2508#-1.0686#0.2401#-0.0001#-0.0015#0.0224
67.00:9.4165#-1.0422#0.2401#-0.0000#-0.0016#0.0228
68.00:10.5547#-1.0158#0.2400#-0.0000#-0.0011#0.0235
69.00:10.8030#-1.0083#0.2401#-0.0000#-0.0015#0.0399
70.00:10.8029#-1.0083#0.2401#-0.0000#-0.0015#0.0399
71.00:10.8028#-1.0083#0.2401#-0.0000#-0.0015#0.0398
72.00:10.8027#-1.0083#0.2401#-0.0000#-0.0016#0.0398
73.00:10.8026#-1.0083#0.2401#-0.0000#-0.0016#0.0398
74.00:10.8024#-1.0084#0.2401#-0.0000#-0.0017#0.0397
75.00:10.8023#-1.0084#0.2401#-0.0000#-0.0016#0.0397
76.00:10.8022#-1.0084#0.2401#-0.0000#-0.0016#0.0397
77.00:10.8021#-1.0084#0.2401#-0.0000#-0.0016#0.0396
78.00:10.8020#-1.0084#0.2401#-0.0000#-0.0017#0.0396
79.00:10.8019#-1.0084#0.2401#-0.0000#-0.0017#0.0396
80.00:10.8018#-1.0084#0.2401#-0.0000#-0.0015#0.0396
81.00:10.8017#-1.0084#0.2401#-0.0000#-0.0016#0.0395
82.00:10.8016#-1.0084#0.2401#-0.0000#-0.0018#0.0395
83.00:10.8015#-1.0085#0.2401#-0.0000#-0.0015#0.0395
84.00:10.8014#-1.0085#0.2401#-0.0000#-0.0016#0.0395
85.00:10.8013#-1.0085#0.2401#-0.0000#-0.0016#0.0395
86.00:10.8012#-1.0085#0.2401#-0.0000#-0.0016#0.0395
87.00:10.8011#-1.0085#0.2401#-0.0000#-0.0016#0.0396
88.00:10.8010#-1.0085#0.2401#-0.0000#-0.0017#0.0395
89.00:10.8010#-1.0085#0.2401#-0.0000#-0.0015#0.0395
90.00:10.8008#-1.0085#0.2401#-0.0000#-0.0017#0.0394
91.00:10.8008#-1.0085#0.2401#-0.0000#-0.0017#0.0395
92.00:10.8007#-1.0085#0.2401#-0.0000#-0.0017#0.0396
93.00:10.9878#-1.0030#0.2401#-0.0001#-0.0017#0.0235
94.00:12.0911#-1.0074#0.2401#-0.0001#-0.0014#-0.0066
95.00:13.2567#-1.0153#0.2401#-0.0001#-0.0015#-0.0065
96.00:14.4264#-1.0228#0.2401#-0.0001#-0.0015#-0.0065
97.00:15.1673#-1.0250#0.2400#-0.0001#-0.0012#0.0098
98.00:15.1677#-1.0249#0.2401#-0.0001#-0.0015#0.0106
99.00:15.1677#-1.0249#0.2401#-0.0001#-0.0014#0.0106
100.00:15.1676#-1.0249#0.2401#-0.0001#-0.0014#0.0106
101.00:15.1675#-1.0249#0.2401#-0.0001#-0.0015#0.0105
102.00:15.1675#-1.0249#0.2401#-0.0001#-0.0015#0.0105
103.00:15.1674#-1.0249#0.2401#-0.0001#-0.0015#0.0105
104.00:15.1673#-1.0250#0.2401#-0.0001#-0.0015#0.0105
105.00:15.1672#-1.0250#0.2401#-0.0001#-0.0015#0.0105
106.00:15.1671#-1.0250#0.2401#-0.0001#-0.0015#0.0105
107.00:15.1671#-1.0250#0.2401#-0.0001#-0.0015#0.0104
108.00:15.1670#-1.0250#0.2401#-0.0001#-0.0015#0.0104
109.00:15.1669#-1.0250#0.2401#-0.0001#-0.0015#0.0104
110.00:15.1668#-1.0250#0.2401#-0.0001#-0.0014#0.0103
111.00:15.1668#-1.0250#0.2401#-0.0000#-0.0014#0.0102
112.00:15.1667#-1.0250#0.2401#-0.0001#-0.0014#0.0102
113.00:15.1666#-1.0250#0.2401#-0.0001#-0.0014#0.0102
114.00:15.1665#-1.0250#0.2401#-0.0001#-0.0015#0.0102
115.00:15.1665#-1.0251#0.2401#-0.0001#-0.0015#0.0101
116.00:15.1664#-1.0251#0.2401#-0.0000#-0.0015#0.0101
117.00:15.1663#-1.0251#0.2401#-0.0001#-0.0015#0.0102
118.00:15.1663#-1.0251#0.2401#-0.0001#-0.0015#0.0101
119.00:15.1662#-1.0251#0.2401#-0.0001#-0.0015#0.0101
120.00:15.1661#-1.0251#0.2401#-0.0001#-0.0015#0.0101
121.00:15.5850#-1.0309#0.2401#-0.0001#-0.0020#-0.0319
122.00:16.7479#-1.0761#0.2401#-0.0001#-0.0015#-0.0388
123.00:17.9129#-1.1213#0.2401#-0.0001#-0.0015#-0.0388
124.00:19.0510#-1.1657#0.2400#-0.0002#-0.0010#-0.0391
125.00:19.3052#-1.1804#0.2401#-0.0004#-0.0020#-0.1488
126.00:19.3041#-1.1859#0.2401#-0.0007#-0.0021#-0.2676