
1.00:0.2653#-1.1873#0.2401#-0.0001#-0.0023#-0.0001
2.00:0.2653#-1.1874#0.2401#-0.0001#-0.0023#-0.0001
3.00:0.2652#-1.1874#0.2401#-0.0001#-0.0021#-0.0001
4.00:0.2651#-1.1874#0.2401#-0.0001#-0.0022#-0.0001
5.00:0.2650#-1.1874#0.2401#-0.0001#-0.0022#-0.0001
6.00:0.2650#-1.1874#0.2401#-0.0001#-0.0020#-0.0002
7.00:0.2649#-1.1874#0.2401#-0.0001#-0.0021#-0.0002
8.00:0.2649#-1.1874#0.2401#-0.0001#-0.0021#-0.0002
9.00:0.2957#-1.1875#0.2401#-0.0001#-0.0033#-0.0026
10.00:0.9358#-0.9616#0.2400#0.0008#-0.0010#0.7558
11.00:1.0140#-0.8724#0.2401#0.0014#-0.0017#0.7453
12.00:1.0560#-0.8593#0.2401#0.0008#-0.0021#0.4391
13.00:1.1008#-0.8585#0.2401#0.0002#-0.0023#0.1355
14.00:1.1930#-0.8762#0.2401#-0.0004#-0.0021#-0.1396
15.00:2.1761#-1.0078#0.2400#-0.0003#-0.0016#-0.1281
16.00:3.3324#-1.1562#0.2401#-0.0003#-0.0017#-0.1277
17.00:4.3891#-1.3773#0.2400#-0.0008#-0.0011#-0.5460
18.00:4.2824#-1.7535#0.2400#0.0006#0.0017#2.8925
19.00:4.3415#-1.4731#0.2401#0.0003#-0.0020#0.2101
20.00:4.8247#-1.6987#0.2400#-0.0009#-0.0011#-0.5645
21.00:5.2417#-1.9822#0.2400#-0.0009#-0.0014#-0.5854
22.00:5.2936#-1.9947#0.2401#-0.0007#-0.0021#-0.3057
23.00:5.3463#-1.9916#0.2401#-0.0001#-0.0021#-0.0217
24.00:5.4094#-1.9715#0.2401#0.0005#-0.0023#0.2523
25.00:6.2532#-1.7770#0.2400#0.0003#-0.0016#0.2066
26.00:7.3981#-1.5371#0.2400#0.0002#-0.0016#0.2063
27.00:8.5392#-1.2983#0.2401#0.0003#-0.0016#0.2065
28.00:9.6804#-1.0593#0.2400#0.0002#-0.0014#0.2065
29.00:10.8215#-0.8202#0.2400#0.0002#-0.0013#0.2064
30.00:11.9664#-0.5806#0.2400#0.0002#-0.0014#0.2065
31.00:13.1074#-0.3416#0.2400#0.0002#-0.0013#0.2063
32.00:14.2485#-0.1027#0.2400#0.0003#-0.0014#0.2066
33.00:15.3257#0.1232#0.2400#0.0001#-0.0011#0.2078
34.00:15.5092#0.1687#0.2401#0.0006#-0.0019#0.3243
35.00:15.5505#0.2026#0.2401#0.0012#-0.0018#0.6126
36.00:15.5802#0.2475#0.2401#0.0017#-0.0014#0.9077
37.00:15.5961#0.2991#0.2401#0.0020#-0.0008#1.1990
38.00:15.5962#0.3527#0.2401#0.0022#-0.0002#1.4912
39.00:15.5807#0.4057#0.2401#0.0022#0.0004#1.7854
40.00:15.5505#0.4521#0.2401#0.0019#0.0010#2.0798
41.00:15.5088#0.4878#0.2401#0.0016#0.0015#2.3673
42.00:15.4584#0.5095#0.2401#0.0010#0.0019#2.6618
43.00:15.4035#0.5161#0.2401#0.0004#0.0021#2.9513
44.00:15.3485#0.5069#0.2401#-0.0002#0.0021#-3.0435
45.00:14.6999#0.4208#0.2400#-0.0000#0.0012#-3.0380
46.00:13.5406#0.2996#0.2400#-0.0001#0.0016#-3.0372
47.00:12.3814#0.1780#0.2401#-0.0001#0.0016#-3.0369
48.00:11.2219#0.0558#0.2400#-0.0001#0.0014#-3.0364
49.00:10.3768#-0.0335#0.2400#-0.0000#0.0011#-3.0324
50.00:10.3653#-0.0349#0.2400#-0.0001#0.0016#-3.0311
51.00:10.3653#-0.0349#0.2400#-0.0001#0.0015#-3.0310
52.00:10.3654#-0.0349#0.2400#-0.0001#0.0015#-3.0310
53.00:10.3654#-0.0349#0.2400#-0.0001#0.0014#-3.0310
54.00:10.3656#-0.0349#0.2400#-0.0001#0.0016#-3.0310
55.00:10.3657#-0.0349#0.2400#-0.0001#0.0016#-3.0310
56.00:10.3657#-0.0348#0.2400#-0.0001#0.0015#-3.0311
57.00:10.3658#-0.0348#0.2400#-0.0001#0.0015#-3.0311
58.00:10.3659#-0.0348#0.2400#-0.0001#0.0015#-3.0311
59.00:10.3659#-0.0348#0.2400#-0.0001#0.0015#-3.0311
60.00:10.3661#-0.0348#0.2400#-0.0001#0.0015#-3.0312
61.00:10.3661#-0.0348#0.2400#-0.0001#0.0015#-3.0312
62.00:10.3662#-0.0347#0.2400#-0.0001#0.0016#-3.0312
63.00:10.3663#-0.0347#0.2400#-0.0001#0.0015#-3.0312
64.00:10.3664#-0.0347#0.2400#-0.0001#0.0016#-3.0312
65.00:10.3665#-0.0347#0.2400#-0.0001#0.0015#-3.0312
66.00:10.3666#-0.0347#0.2400#-0.0001#0.0015#-3.0313
67.00:10.3667#-0.0347#0.2400#-0.0001#0.0015#-3.0313
68.00:10.3667#-0.0347#0.2400#-0.0001#0.0015#-3.0313
69.00:10.3668#-0.0347#0.2400#-0.0001#0.0015#-3.0314
70.00:10.3669#-0.0346#0.2400#-0.0001#0.0015#-3.0313
71.00:10.3670#-0.0346#0.2400#-0.0001#0.0016#-3.0314
72.00:10.3671#-0.0346#0.2400#-0.0001#0.0015#-3.0314
73.00:10.3672#-0.0346#0.2400#-0.0001#0.0016#-3.0314
74.00:10.3672#-0.0346#0.2400#-0.0001#0.0015#-3.0313
75.00:10.3673#-0.0346#0.2400#-0.0001#0.0015#-3.0313
76.00:10.3674#-0.0346#0.2400#-0.0001#0.0015#-3.0314
77.00:10.3675#-0.0346#0.2400#-0.0001#0.0015#-3.0314
78.00:10.3675#-0.0346#0.2400#-0.0001#0.0015#-3.0314
79.00:10.3676#-0.0345#0.2400#-0.0001#0.0015#-3.0314
80.00:10.3677#-0.0345#0.2400#-0.0001#0.0014#-3.0314
81.00:10.3677#-0.0345#0.2400#-0.0001#0.0014#-3.0314
82.00:10.3678#-0.0345#0.2400#-0.0001#0.0015#-3.0314
83.00:10.3679#-0.0345#0.2400#-0.0001#0.0015#-3.0314
84.00:9.8861#-0.0845#0.2400#-0.0001#0.0016#-3.0409
85.00:8.7260#-0.2021#0.2400#-0.0001#0.0015#-3.0407
86.00:7.5660#-0.3195#0.2400#-0.0000#0.0014#-3.0406
87.00:6.4062#-0.4370#0.2400#-0.0001#0.0017#-3.0406
88.00:5.2424#-0.5550#0.2400#-0.0001#0.0014#-3.0407
89.00:4.0826#-0.6722#0.2400#-0.0001#0.0015#-3.0411
90.00:2.9227#-0.7892#0.2400#-0.0001#0.0016#-3.0413
91.00:1.7627#-0.9061#0.2400#-0.0001#0.0014#-3.0411
92.00:0.6029#-1.0230#0.2400#-0.0001#0.0015#-3.0407
93.00:-0.5608#-1.1407#0.2400#-0.0001#0.0014#-3.0409
94.00:-1.7208#-1.2586#0.2400#-0.0001#0.0011#-3.0402
95.00:-2.2902#-1.3251#0.2400#-0.0002#0.0016#-2.9609
96.00:-2.2901#-1.3251#0.2400#-0.0002#0.0016#-2.9609
97.00:-2.2900#-1.3250#0.2400#-0.0002#0.0017#-2.9609
98.00:-2.2899#-1.3250#0.2400#-0.0002#0.0016#-2.9610