
1.00:hum1:-5.5750#-1.5000#0.8025#-0.0000#0.0000#-0.0000
2.00:hum1:-5.5750#-1.5000#0.8025#-0.0000#0.0000#-0.0000
3.00:hum1:-5.5750#-1.5000#0.8025#-0.0000#0.0000#-0.0000
4.00:hum1:-5.5750#-1.5000#0.8025#-0.0000#0.0000#-0.0000
5.00:hum1:-5.5750#-1.5000#0.8025#-0.0000#0.0000#-0.0000
6.00:hum1:-5.5750#-1.5000#0.8025#-0.0000#0.0000#-0.0000
7.00:hum1:-5.5750#-1.5000#0.8025#-0.0000#0.0000#-0.0000
8.00:hum1:-5.5750#-1.5000#0.8025#-0.0000#0.0000#-0.0000
9.00:hum1:-5.5750#-1.5000#0.8025#-0.0000#0.0000#-0.0000
10.00:hum1:-5.5750#-1.5000#0.8025#-0.0000#0.0000#-0.0000
11.00:hum1:-5.5750#-1.5000#0.8025#-0.0000#0.0000#-0.0000
12.00:hum1:-5.5750#-1.5000#0.8025#-0.0000#0.0000#-0.0000
13.00:hum1:-5.5750#-1.5000#0.8025#-0.0000#0.0000#-0.0000
14.00:hum1:-4.6832#-1.3680#0.9191#0.1865#-0.8875#0.2390
15.00:hum1:-3.8260#-1.2384#0.9377#0.2230#-0.9720#0.2683
16.00:hum1:-3.7234#-1.2228#0.9597#0.2766#-1.0659#0.3140
17.00:hum1:-3.6599#-1.2132#0.9413#0.2306#-0.9872#0.2746
18.00:hum1:-3.6604#-1.2133#0.8374#0.0676#-0.4209#0.1646
19.00:hum1:-2.6198#-1.0559#0.8496#0.0845#-0.5096#0.1721
20.00:hum1:-1.6275#-0.9058#0.8071#-0.0012#0.0079#0.1501
21.00:hum1:-0.5440#-0.7418#0.8215#-0.0487#0.3122#0.1578
22.00:hum1:0.6935#-0.5547#0.8161#-0.0463#0.2977#0.1570
23.00:hum1:1.5355#-0.4273#0.8215#-0.0487#0.3122#0.1578
24.00:hum1:2.5050#-0.2807#0.8116#-0.0294#0.1924#0.1529
25.00:hum1:3.5517#-0.1224#0.8081#-0.0192#0.1266#0.1513
26.00:hum1:4.6761#0.0477#0.8281#-0.0580#0.3667#0.1608
27.00:hum1:5.9526#0.2407#0.8120#-0.0413#0.2669#0.1556
28.00:hum1:7.2455#0.4363#0.8115#0.0244#-0.1602#0.1521
29.00:hum1:7.2121#-0.0464#0.8908#-0.7501#0.1496#-1.7291
30.00:hum1:6.9333#-1.3114#0.9484#-1.0265#0.1867#-1.6823
31.00:hum1:6.6994#-2.3723#0.9413#-0.9938#0.1830#-1.6883
32.00:hum1:6.6069#-2.7920#0.8044#-0.0070#0.0015#-1.7878
33.00:hum1:7.0592#-3.0134#0.8115#0.1127#-0.1166#0.7720
34.00:hum1:7.4723#-3.0207#0.9191#0.1575#-0.8916#0.2017
35.00:hum1:8.4987#-2.8535#0.8168#0.0445#-0.2212#0.2006
36.00:hum1:9.5017#-2.5468#0.8153#-0.1010#0.2258#0.4253
37.00:hum1:10.6312#-2.1349#0.8244#-0.1350#0.3387#0.3885
38.00:hum1:11.8829#-1.7036#0.8048#-0.0186#0.0552#0.3251
39.00:hum1:12.3563#-1.5443#0.9377#0.4510#-0.9138#0.5492
40.00:hum1:12.4546#-1.5112#0.9597#0.5449#-0.9954#0.6260
41.00:hum1:12.4583#-1.5765#0.9413#0.0574#-1.0035#0.0684
42.00:hum1:12.4668#-1.5762#0.8721#0.0282#-0.6569#0.0465
43.00:hum1:12.4578#-1.5765#0.8374#0.0166#-0.4257#0.0404
44.00:hum1:12.4471#-1.5769#0.8168#0.0084#-0.2254#0.0378
45.00:hum1:13.5258#-1.5372#0.9191#0.0461#-0.9007#0.0592
46.00:hum1:14.5686#-1.4987#0.8721#0.0282#-0.6569#0.0465
47.00:hum1:15.5830#-1.4613#0.8102#0.0040#-0.1103#0.0371
48.00:hum1:16.6397#-1.4223#0.8171#-0.0101#0.2708#0.0382
49.00:hum1:17.9596#-1.1510#0.8204#-0.2584#0.2116#0.8997
50.00:hum1:18.4540#0.1990#0.8044#0.0070#-0.0016#1.3511
51.00:hum1:18.7362#1.4627#0.8618#0.5841#-0.1227#1.3881
52.00:hum1:19.0244#2.7533#0.9598#1.0771#-0.1944#1.4676
53.00:hum1:19.2771#3.8849#0.9413#0.9935#-0.1852#1.4518
54.00:hum1:18.3750#4.6735#0.4025#0.0000#0.0000#-1.5700
55.00:hum1:18.3750#4.6735#0.4025#0.0000#0.0000#-1.5700
56.00:hum1:18.3750#4.6735#0.4025#0.0000#0.0000#-1.5700
57.00:hum1:18.3750#4.6735#0.4025#0.0000#0.0000#-1.5700
58.00:hum1:18.3750#4.6735#0.4025#0.0000#0.0000#-1.5700
59.00:hum1:18.3750#4.6735#0.4025#0.0000#0.0000#-1.5700
60.00:hum1:18.3750#4.6735#0.4025#0.0000#0.0000#-1.5700
61.00:hum1:18.3750#4.6735#0.4025#0.0000#0.0000#-1.5700
62.00:hum1:18.3750#4.6735#0.4025#0.0000#0.0000#-1.5700
63.00:hum1:18.3750#4.6735#0.4025#0.0000#0.0000#-1.5700
64.00:hum1:18.3750#4.6735#0.4025#0.0000#0.0000#-1.5700
65.00:hum1:18.3750#4.6735#0.4025#0.0000#0.0000#-1.5700
66.00:hum1:18.3750#4.6735#0.4025#0.0000#0.0000#-1.5700
67.00:hum1:18.3750#4.6735#0.4025#0.0000#0.0000#-1.5700
68.00:hum1:18.3751#3.9842#0.8721#-0.6574#-0.0003#-1.5701
69.00:hum1:18.3573#4.0149#0.8281#0.3670#-0.0557#-1.7143
70.00:hum1:18.2116#2.7111#0.8120#0.2695#-0.0169#-1.6317
71.00:hum1:18.1021#1.4143#0.8115#-0.1614#0.0137#-1.6542
72.00:hum1:17.6339#0.3711#0.8908#-0.6613#0.4110#-2.0447
73.00:hum1:16.8815#-0.6800#0.9484#-0.9402#0.5298#-1.9239
74.00:hum1:16.2324#-1.5292#0.8374#-0.3358#0.2672#-2.2180
75.00:hum1:15.6104#-2.3058#0.8081#0.1021#-0.0774#-2.2168
76.00:hum1:15.2265#-3.4821#0.8281#0.3701#0.0263#-1.5028
77.00:hum1:15.0594#-4.6539#0.8120#0.2599#-0.0741#-1.8420
78.00:hum1:14.6969#-5.9103#0.8115#-0.1557#0.0448#-1.8482
79.00:hum1:14.3333#-7.1703#0.8908#-0.7420#0.1928#-1.7765