
1.00:hum1:-0.2750#-0.5250#0.8025#-0.0000#0.0000#-0.0000
2.00:hum1:-0.2750#-0.5250#0.8025#-0.0000#0.0000#-0.0000
3.00:hum1:-0.2750#-0.5250#0.8025#-0.0000#0.0000#-0.0000
4.00:hum1:-0.2750#-0.5250#0.8025#-0.0000#0.0000#-0.0000
5.00:hum1:-0.2750#-0.5250#0.8025#-0.0000#0.0000#-0.0000
6.00:hum1:-0.2750#-0.5250#0.8025#-0.0000#0.0000#-0.0000
7.00:hum1:-0.2750#-0.5250#0.8025#-0.0000#0.0000#-0.0000
8.00:hum1:-0.2750#-0.5250#0.8025#-0.0000#0.0000#-0.0000
9.00:hum1:-0.2750#-0.5250#0.8025#-0.0000#0.0000#-0.0000
10.00:hum1:-0.2750#-0.5250#0.8025#-0.0000#0.0000#-0.0000
11.00:hum1:0.0913#-0.6058#0.8466#-0.1086#-0.4835#-0.2301
12.00:hum1:1.1045#-0.7565#0.8273#-0.0366#-0.3395#-0.1093
13.00:hum1:2.0816#-0.8998#0.8115#-0.0151#-0.1613#-0.0933
14.00:hum1:2.8529#-1.0210#0.8025#0.0000#0.0000#-0.0807
15.00:hum1:3.6352#-1.0916#0.8171#0.0254#0.2699#-0.0949
16.00:hum1:4.8379#-1.2091#0.8204#0.0266#0.3314#-0.0813
17.00:hum1:6.1842#-1.3152#0.8044#-0.0005#-0.0072#-0.0687
18.00:hum1:7.4796#-1.3997#0.8618#-0.0367#-0.5944#-0.0652
19.00:hum1:8.8044#-1.4739#0.9598#-0.0602#-1.0862#-0.0677
20.00:hum1:9.9769#-1.5293#0.8721#-0.0018#-0.6574#-0.0025
21.00:hum1:10.9977#-1.5582#0.8102#0.0031#-0.1103#0.0283
22.00:hum1:11.3693#-2.2202#0.8025#0.0000#0.0000#-0.9306
23.00:hum1:12.0377#-3.1100#0.8496#-0.4351#-0.2868#-1.0237
24.00:hum1:13.8670#-3.7104#0.8161#-0.3010#-0.0124#1.6110
25.00:hum1:16.0837#-1.7517#0.9597#0.2887#-1.0639#0.3278
26.00:hum1:18.4895#-0.3857#0.9141#0.8727#-0.1164#1.4740
27.00:hum1:18.7655#2.1280#0.8025#-0.0000#0.0000#1.5375
28.00:hum1:18.8333#4.1649#0.8204#-0.3322#0.0110#1.5394
29.00:hum1:18.8426#4.4436#0.8069#0.0821#-0.0028#1.5376
30.00:hum1:18.3750#4.6735#0.4025#0.0000#0.0000#-1.5700
31.00:hum1:18.3750#4.6735#0.4025#0.0000#0.0000#-1.5700
32.00:hum1:18.3750#4.6735#0.4025#0.0000#0.0000#-1.5700
33.00:hum1:18.3750#4.6735#0.4025#0.0000#0.0000#-1.5700
34.00:hum1:18.3750#4.6735#0.4025#0.0000#0.0000#-1.5700
35.00:hum1:18.3750#4.6735#0.4025#0.0000#0.0000#-1.5700
36.00:hum1:18.3750#4.6735#0.4025#0.0000#0.0000#-1.5700
37.00:hum1:18.3750#4.6735#0.4025#0.0000#0.0000#-1.5700
38.00:hum1:18.3750#4.6735#0.4025#0.0000#0.0000#-1.5700
39.00:hum1:18.3750#4.6735#0.4025#0.0000#0.0000#-1.5700
40.00:hum1:18.3750#4.6735#0.4025#0.0000#0.0000#-1.5700
41.00:hum1:18.3750#4.6735#0.4025#0.0000#0.0000#-1.5700
42.00:hum1:18.3750#4.6735#0.4025#0.0000#0.0000#-1.5700
43.00:hum1:18.2635#3.6612#0.9413#-0.9834#0.2538#-1.7361
44.00:hum1:18.0662#0.6316#0.8267#0.3726#-0.0138#-1.6058
45.00:hum1:16.1199#-2.1682#0.9141#-0.7813#0.4529#-1.9859
46.00:hum1:15.2167#-4.6798#0.8618#-0.2799#0.5327#-2.6262
47.00:hum1:14.2872#-5.1169#0.8763#-0.3331#0.6070#-2.5960
48.00:hum1:14.0808#-5.2148#0.8025#0.0000#-0.0000#-2.6996
49.00:hum1:14.0808#-5.2148#0.8025#0.0000#-0.0000#-2.6996
50.00:hum1:14.0808#-5.2148#0.8025#0.0000#-0.0000#-2.6996
51.00:hum1:14.0808#-5.2148#0.8025#0.0000#-0.0000#-2.6996
52.00:hum1:14.0808#-5.2148#0.8025#0.0000#-0.0000#-2.6996
53.00:hum1:14.0808#-5.2148#0.8025#0.0000#-0.0000#-2.6996
54.00:hum1:14.0808#-5.2148#0.8025#0.0000#-0.0000#-2.6996