
1.00:hum1:-0.2750#-0.5250#0.8025#-0.0000#0.0000#-0.0000
2.00:hum1:-0.2750#-0.5250#0.8025#-0.0000#0.0000#-0.0000
3.00:hum1:-0.2750#-0.5250#0.8025#-0.0000#0.0000#-0.0000
4.00:hum1:-0.2750#-0.5250#0.8025#-0.0000#0.0000#-0.0000
5.00:hum1:-0.2750#-0.5250#0.8025#-0.0000#0.0000#-0.0000
6.00:hum1:-0.2750#-0.5250#0.8025#-0.0000#0.0000#-0.0000
7.00:hum1:-0.2750#-0.5250#0.8025#-0.0000#0.0000#-0.0000
8.00:hum1:-0.2750#-0.5250#0.8025#-0.0000#0.0000#-0.0000
9.00:hum1:-0.2750#-0.5250#0.8025#-0.0000#0.0000#-0.0000
10.00:hum1:-0.2750#-0.5250#0.8025#-0.0000#0.0000#-0.0000
11.00:hum1:0.0440#-0.6516#0.8466#-0.1765#-0.4645#-0.3785
12.00:hum1:1.3341#-0.9938#0.9377#-0.3110#-0.9552#-0.3747
13.00:hum1:2.5525#-1.2431#0.9191#-0.2251#-0.8809#-0.2883
14.00:hum1:3.5657#-1.4254#0.8168#-0.0359#-0.2228#-0.1609
15.00:hum1:4.5582#-1.5851#0.8153#0.0323#0.2449#-0.1323
16.00:hum1:5.0029#-1.6425#0.8048#0.0075#0.0577#-0.1285
17.00:hum1:5.3156#-1.6587#0.8618#-0.0209#-0.5951#-0.0369
18.00:hum1:6.6578#-1.6070#0.9598#0.1058#-1.0842#0.1199
19.00:hum1:7.8304#-1.5216#0.8721#0.0773#-0.6535#0.1271
20.00:hum1:8.8716#-1.4538#0.8262#0.0404#-0.3264#0.1256
21.00:hum1:9.8480#-1.3539#0.8116#-0.0254#0.1930#0.1318
22.00:hum1:10.8996#-1.2270#0.8153#-0.0303#0.2452#0.1244
23.00:hum1:10.8996#-1.2270#0.8153#-0.0303#0.2452#0.1244
24.00:hum1:11.0138#-1.2189#0.8204#0.0690#0.3254#-0.2126
25.00:hum1:12.2216#-1.3282#0.8044#-0.0050#-0.0051#-0.7739
26.00:hum1:13.2813#-1.4946#0.8025#0.0000#0.0000#-0.0826
27.00:hum1:13.2813#-1.4946#0.8025#0.0000#0.0000#-0.0826
28.00:hum1:13.2813#-1.4946#0.8025#0.0000#0.0000#-0.0826
29.00:hum1:13.2813#-1.4946#0.8025#0.0000#0.0000#-0.0826
30.00:hum1:13.2813#-1.4946#0.8025#0.0000#0.0000#-0.0826
31.00:hum1:13.2813#-1.4946#0.8025#0.0000#0.0000#-0.0826
32.00:hum1:13.9907#-1.4766#0.8116#-0.0053#0.1945#0.0280
33.00:hum1:14.4788#-1.4633#0.8025#-0.0000#0.0000#0.0275
34.00:hum1:14.4788#-1.4633#0.8025#-0.0000#0.0000#0.0275
35.00:hum1:14.4788#-1.4633#0.8025#-0.0000#0.0000#0.0275
36.00:hum1:14.4788#-1.4633#0.8025#-0.0000#0.0000#0.0275
37.00:hum1:14.4788#-1.4633#0.8025#-0.0000#0.0000#0.0275
38.00:hum1:14.4788#-1.4633#0.8025#-0.0000#0.0000#0.0275
39.00:hum1:14.4788#-1.4633#0.8025#-0.0000#0.0000#0.0275
40.00:hum1:14.4788#-1.4633#0.8025#-0.0000#0.0000#0.0275
41.00:hum1:14.4788#-1.4633#0.8025#-0.0000#0.0000#0.0275
42.00:hum1:14.4788#-1.4633#0.8025#-0.0000#0.0000#0.0275
43.00:hum1:14.4788#-1.4633#0.8025#-0.0000#0.0000#0.0275
44.00:hum1:14.4788#-1.4633#0.8025#-0.0000#0.0000#0.0275
45.00:hum1:15.1136#-1.4458#0.8262#0.0093#-0.3287#0.0290
46.00:hum1:16.0931#-1.4189#0.8116#-0.0053#0.1945#0.0280
47.00:hum1:17.2764#-1.3864#0.8267#-0.0106#0.3727#0.0294
48.00:hum1:18.3317#-0.4026#0.8067#-0.1525#0.0332#1.3585
49.00:hum1:18.6105#0.8750#0.8273#0.3341#-0.0715#1.3681
50.00:hum1:18.7191#2.2046#0.9141#0.8777#-0.0412#1.5370
51.00:hum1:18.7872#3.4828#0.9413#1.0039#-0.0451#1.5424
52.00:hum1:18.8100#3.9120#0.8044#0.0072#-0.0004#1.5176
53.00:hum1:18.3750#4.6735#0.4025#0.0000#0.0000#-1.5700
54.00:hum1:18.3750#4.6735#0.4025#0.0000#0.0000#-1.5700
55.00:hum1:18.3750#4.6735#0.4025#0.0000#0.0000#-1.5700
56.00:hum1:18.3750#4.6735#0.4025#0.0000#0.0000#-1.5700
57.00:hum1:18.3750#4.6735#0.4025#0.0000#0.0000#-1.5700
58.00:hum1:18.3750#4.6735#0.4025#0.0000#0.0000#-1.5700
59.00:hum1:18.3750#4.6735#0.4025#0.0000#0.0000#-1.5700
60.00:hum1:18.3750#4.6735#0.4025#0.0000#0.0000#-1.5700
61.00:hum1:18.3750#4.6735#0.4025#0.0000#0.0000#-1.5700
62.00:hum1:18.3750#4.6735#0.4025#0.0000#0.0000#-1.5700
63.00:hum1:18.3750#4.6735#0.4025#0.0000#0.0000#-1.5700
64.00:hum1:18.3750#4.6735#0.4025#0.0000#0.0000#-1.5700
65.00:hum1:18.3750#4.6735#0.4025#0.0000#0.0000#-1.5700
66.00:hum1:18.3750#4.6735#0.4025#0.0000#0.0000#-1.5700
67.00:hum1:18.3750#4.6735#0.4025#0.0000#0.0000#-1.5700
68.00:hum1:18.3750#4.6735#0.4025#0.0000#0.0000#-1.5700
69.00:hum1:18.3750#4.6735#0.4025#0.0000#0.0000#-1.5700
70.00:hum1:18.3750#4.6735#0.4025#0.0000#0.0000#-1.5700
71.00:hum1:18.3075#3.6112#0.8215#0.3145#-0.0299#-1.6621
72.00:hum1:18.1909#2.3611#0.8161#0.3004#-0.0232#-1.6453
73.00:hum1:18.0740#1.0369#0.8069#-0.0819#0.0067#-1.6519
74.00:hum1:18.0336#0.5402#0.8025#0.0000#-0.0000#-1.6516
75.00:hum1:18.0336#0.5402#0.8025#0.0000#-0.0000#-1.6516
76.00:hum1:18.0336#0.5402#0.8025#0.0000#-0.0000#-1.6516
77.00:hum1:18.0336#0.5402#0.8025#0.0000#-0.0000#-1.6516
78.00:hum1:18.0336#0.5402#0.8025#0.0000#-0.0000#-1.6516
79.00:hum1:18.0336#0.5402#0.8025#0.0000#-0.0000#-1.6516
80.00:hum1:18.0336#0.5402#0.8025#0.0000#-0.0000#-1.6516
81.00:hum1:18.0336#0.5402#0.8025#0.0000#-0.0000#-1.6516
82.00:hum1:18.0336#0.5402#0.8025#0.0000#-0.0000#-1.6516
83.00:hum1:18.0336#0.5402#0.8025#0.0000#-0.0000#-1.6516
84.00:hum1:18.0336#0.5402#0.8025#0.0000#-0.0000#-1.6516
85.00:hum1:18.0336#0.5402#0.8025#0.0000#-0.0000#-1.6516
86.00:hum1:18.0271#0.5073#0.8171#0.2674#-0.0449#-1.7331
87.00:hum1:17.4766#-0.3106#0.8204#0.2743#-0.1902#-2.1619
88.00:hum1:16.7464#-1.3340#0.8025#0.0000#-0.0000#-2.2103
89.00:hum1:16.6922#-1.4120#0.8044#-0.0059#0.0041#-2.1763
90.00:hum1:15.9556#-2.4781#0.8618#-0.5093#0.3230#-2.0873
91.00:hum1:15.5552#-3.8590#0.9598#-0.9912#-0.5568#-1.2373
92.00:hum1:14.9438#-4.1203#0.8025#0.0000#-0.0000#-2.1758
93.00:hum1:14.9438#-4.1203#0.8025#0.0000#-0.0000#-2.1758